[2023-08-02T21:17:15.568+0000] {taskinstance.py:1165} INFO - Dependencies all met for <TaskInstance: xcom_dag.branch manual__2023-08-02T21:17:13.139114+00:00 [queued]>
[2023-08-02T21:17:15.574+0000] {taskinstance.py:1165} INFO - Dependencies all met for <TaskInstance: xcom_dag.branch manual__2023-08-02T21:17:13.139114+00:00 [queued]>
[2023-08-02T21:17:15.575+0000] {taskinstance.py:1362} INFO - 
--------------------------------------------------------------------------------
[2023-08-02T21:17:15.575+0000] {taskinstance.py:1363} INFO - Starting attempt 1 of 1
[2023-08-02T21:17:15.576+0000] {taskinstance.py:1364} INFO - 
--------------------------------------------------------------------------------
[2023-08-02T21:17:15.584+0000] {taskinstance.py:1383} INFO - Executing <Task(BranchPythonOperator): branch> on 2023-08-02 21:17:13.139114+00:00
[2023-08-02T21:17:15.588+0000] {standard_task_runner.py:55} INFO - Started process 203 to run task
[2023-08-02T21:17:15.592+0000] {standard_task_runner.py:82} INFO - Running: ['***', 'tasks', 'run', 'xcom_dag', 'branch', 'manual__2023-08-02T21:17:13.139114+00:00', '--job-id', '351', '--raw', '--subdir', 'DAGS_FOLDER/xcom_dag.py', '--cfg-path', '/tmp/tmpbl6p1n02']
[2023-08-02T21:17:15.593+0000] {standard_task_runner.py:83} INFO - Job 351: Subtask branch
[2023-08-02T21:17:15.645+0000] {task_command.py:376} INFO - Running <TaskInstance: xcom_dag.branch manual__2023-08-02T21:17:13.139114+00:00 [running]> on host 317a5743ecab
[2023-08-02T21:17:15.694+0000] {taskinstance.py:1592} INFO - Exporting the following env vars:
AIRFLOW_CTX_DAG_OWNER=***
AIRFLOW_CTX_DAG_ID=xcom_dag
AIRFLOW_CTX_TASK_ID=branch
AIRFLOW_CTX_EXECUTION_DATE=2023-08-02T21:17:13.139114+00:00
AIRFLOW_CTX_TRY_NUMBER=1
AIRFLOW_CTX_DAG_RUN_ID=manual__2023-08-02T21:17:13.139114+00:00
[2023-08-02T21:17:15.705+0000] {python.py:177} INFO - Done. Returned value was: t2
[2023-08-02T21:17:15.706+0000] {skipmixin.py:155} INFO - Following branch t2
[2023-08-02T21:17:15.706+0000] {skipmixin.py:190} INFO - Skipping tasks ['t3']
[2023-08-02T21:17:15.743+0000] {taskinstance.py:1406} INFO - Marking task as SUCCESS. dag_id=xcom_dag, task_id=branch, execution_date=20230802T211713, start_date=20230802T211715, end_date=20230802T211715
[2023-08-02T21:17:15.764+0000] {local_task_job.py:164} INFO - Task exited with return code 0
[2023-08-02T21:17:15.788+0000] {local_task_job.py:273} INFO - 1 downstream tasks scheduled from follow-on schedule check
