[2023-08-02T21:15:59.890+0000] {taskinstance.py:1165} INFO - Dependencies all met for <TaskInstance: xcom_dag.t1 manual__2023-08-02T21:15:58.913248+00:00 [queued]>
[2023-08-02T21:15:59.902+0000] {taskinstance.py:1165} INFO - Dependencies all met for <TaskInstance: xcom_dag.t1 manual__2023-08-02T21:15:58.913248+00:00 [queued]>
[2023-08-02T21:15:59.902+0000] {taskinstance.py:1362} INFO - 
--------------------------------------------------------------------------------
[2023-08-02T21:15:59.903+0000] {taskinstance.py:1363} INFO - Starting attempt 1 of 1
[2023-08-02T21:15:59.904+0000] {taskinstance.py:1364} INFO - 
--------------------------------------------------------------------------------
[2023-08-02T21:15:59.929+0000] {taskinstance.py:1383} INFO - Executing <Task(PythonOperator): t1> on 2023-08-02 21:15:58.913248+00:00
[2023-08-02T21:15:59.938+0000] {standard_task_runner.py:55} INFO - Started process 132 to run task
[2023-08-02T21:15:59.941+0000] {standard_task_runner.py:82} INFO - Running: ['***', 'tasks', 'run', 'xcom_dag', 't1', 'manual__2023-08-02T21:15:58.913248+00:00', '--job-id', '347', '--raw', '--subdir', 'DAGS_FOLDER/xcom_dag.py', '--cfg-path', '/tmp/tmpl2kzek0x']
[2023-08-02T21:15:59.943+0000] {standard_task_runner.py:83} INFO - Job 347: Subtask t1
[2023-08-02T21:16:00.006+0000] {task_command.py:376} INFO - Running <TaskInstance: xcom_dag.t1 manual__2023-08-02T21:15:58.913248+00:00 [running]> on host 317a5743ecab
[2023-08-02T21:16:00.061+0000] {taskinstance.py:1592} INFO - Exporting the following env vars:
AIRFLOW_CTX_DAG_OWNER=***
AIRFLOW_CTX_DAG_ID=xcom_dag
AIRFLOW_CTX_TASK_ID=t1
AIRFLOW_CTX_EXECUTION_DATE=2023-08-02T21:15:58.913248+00:00
AIRFLOW_CTX_TRY_NUMBER=1
AIRFLOW_CTX_DAG_RUN_ID=manual__2023-08-02T21:15:58.913248+00:00
[2023-08-02T21:16:00.074+0000] {python.py:177} INFO - Done. Returned value was: None
[2023-08-02T21:16:00.086+0000] {taskinstance.py:1406} INFO - Marking task as SUCCESS. dag_id=xcom_dag, task_id=t1, execution_date=20230802T211558, start_date=20230802T211559, end_date=20230802T211600
[2023-08-02T21:16:00.115+0000] {local_task_job.py:164} INFO - Task exited with return code 0
[2023-08-02T21:16:00.138+0000] {local_task_job.py:273} INFO - 1 downstream tasks scheduled from follow-on schedule check
