[2023-08-02T21:17:16.693+0000] {taskinstance.py:1165} INFO - Dependencies all met for <TaskInstance: xcom_dag.t2 manual__2023-08-02T21:17:13.139114+00:00 [queued]>
[2023-08-02T21:17:16.701+0000] {taskinstance.py:1165} INFO - Dependencies all met for <TaskInstance: xcom_dag.t2 manual__2023-08-02T21:17:13.139114+00:00 [queued]>
[2023-08-02T21:17:16.702+0000] {taskinstance.py:1362} INFO - 
--------------------------------------------------------------------------------
[2023-08-02T21:17:16.703+0000] {taskinstance.py:1363} INFO - Starting attempt 1 of 1
[2023-08-02T21:17:16.703+0000] {taskinstance.py:1364} INFO - 
--------------------------------------------------------------------------------
[2023-08-02T21:17:16.713+0000] {taskinstance.py:1383} INFO - Executing <Task(PythonOperator): t2> on 2023-08-02 21:17:13.139114+00:00
[2023-08-02T21:17:16.718+0000] {standard_task_runner.py:55} INFO - Started process 205 to run task
[2023-08-02T21:17:16.722+0000] {standard_task_runner.py:82} INFO - Running: ['***', 'tasks', 'run', 'xcom_dag', 't2', 'manual__2023-08-02T21:17:13.139114+00:00', '--job-id', '352', '--raw', '--subdir', 'DAGS_FOLDER/xcom_dag.py', '--cfg-path', '/tmp/tmpseu1d3fi']
[2023-08-02T21:17:16.723+0000] {standard_task_runner.py:83} INFO - Job 352: Subtask t2
[2023-08-02T21:17:16.782+0000] {task_command.py:376} INFO - Running <TaskInstance: xcom_dag.t2 manual__2023-08-02T21:17:13.139114+00:00 [running]> on host 317a5743ecab
[2023-08-02T21:17:16.832+0000] {taskinstance.py:1592} INFO - Exporting the following env vars:
AIRFLOW_CTX_DAG_OWNER=***
AIRFLOW_CTX_DAG_ID=xcom_dag
AIRFLOW_CTX_TASK_ID=t2
AIRFLOW_CTX_EXECUTION_DATE=2023-08-02T21:17:13.139114+00:00
AIRFLOW_CTX_TRY_NUMBER=1
AIRFLOW_CTX_DAG_RUN_ID=manual__2023-08-02T21:17:13.139114+00:00
[2023-08-02T21:17:16.841+0000] {python.py:177} INFO - Done. Returned value was: None
[2023-08-02T21:17:16.850+0000] {taskinstance.py:1406} INFO - Marking task as SUCCESS. dag_id=xcom_dag, task_id=t2, execution_date=20230802T211713, start_date=20230802T211716, end_date=20230802T211716
[2023-08-02T21:17:16.894+0000] {local_task_job.py:164} INFO - Task exited with return code 0
[2023-08-02T21:17:16.912+0000] {local_task_job.py:273} INFO - 1 downstream tasks scheduled from follow-on schedule check
