[2023-08-02T08:58:17.224+0000] {taskinstance.py:1165} INFO - Dependencies all met for <TaskInstance: xcom_dag.t1 manual__2023-08-02T08:58:16.299992+00:00 [queued]>
[2023-08-02T08:58:17.231+0000] {taskinstance.py:1165} INFO - Dependencies all met for <TaskInstance: xcom_dag.t1 manual__2023-08-02T08:58:16.299992+00:00 [queued]>
[2023-08-02T08:58:17.232+0000] {taskinstance.py:1362} INFO - 
--------------------------------------------------------------------------------
[2023-08-02T08:58:17.232+0000] {taskinstance.py:1363} INFO - Starting attempt 1 of 1
[2023-08-02T08:58:17.233+0000] {taskinstance.py:1364} INFO - 
--------------------------------------------------------------------------------
[2023-08-02T08:58:17.241+0000] {taskinstance.py:1383} INFO - Executing <Task(PythonOperator): t1> on 2023-08-02 08:58:16.299992+00:00
[2023-08-02T08:58:17.247+0000] {standard_task_runner.py:55} INFO - Started process 1321 to run task
[2023-08-02T08:58:17.251+0000] {standard_task_runner.py:82} INFO - Running: ['***', 'tasks', 'run', 'xcom_dag', 't1', 'manual__2023-08-02T08:58:16.299992+00:00', '--job-id', '337', '--raw', '--subdir', 'DAGS_FOLDER/xcom_dag.py', '--cfg-path', '/tmp/tmpqx2lgcq9']
[2023-08-02T08:58:17.252+0000] {standard_task_runner.py:83} INFO - Job 337: Subtask t1
[2023-08-02T08:58:17.315+0000] {task_command.py:376} INFO - Running <TaskInstance: xcom_dag.t1 manual__2023-08-02T08:58:16.299992+00:00 [running]> on host c84be6b275ee
[2023-08-02T08:58:17.374+0000] {taskinstance.py:1592} INFO - Exporting the following env vars:
AIRFLOW_CTX_DAG_OWNER=***
AIRFLOW_CTX_DAG_ID=xcom_dag
AIRFLOW_CTX_TASK_ID=t1
AIRFLOW_CTX_EXECUTION_DATE=2023-08-02T08:58:16.299992+00:00
AIRFLOW_CTX_TRY_NUMBER=1
AIRFLOW_CTX_DAG_RUN_ID=manual__2023-08-02T08:58:16.299992+00:00
[2023-08-02T08:58:17.389+0000] {python.py:177} INFO - Done. Returned value was: None
[2023-08-02T08:58:17.399+0000] {taskinstance.py:1406} INFO - Marking task as SUCCESS. dag_id=xcom_dag, task_id=t1, execution_date=20230802T085816, start_date=20230802T085817, end_date=20230802T085817
[2023-08-02T08:58:17.425+0000] {local_task_job.py:164} INFO - Task exited with return code 0
[2023-08-02T08:58:17.449+0000] {local_task_job.py:273} INFO - 0 downstream tasks scheduled from follow-on schedule check
