[2023-08-01T11:08:53.858+0000] {taskinstance.py:1165} INFO - Dependencies all met for <TaskInstance: group_dag.downloads.download_a scheduled__2023-08-01T11:08:51.509329+00:00 [queued]>
[2023-08-01T11:08:53.864+0000] {taskinstance.py:1165} INFO - Dependencies all met for <TaskInstance: group_dag.downloads.download_a scheduled__2023-08-01T11:08:51.509329+00:00 [queued]>
[2023-08-01T11:08:53.865+0000] {taskinstance.py:1362} INFO - 
--------------------------------------------------------------------------------
[2023-08-01T11:08:53.865+0000] {taskinstance.py:1363} INFO - Starting attempt 1 of 1
[2023-08-01T11:08:53.866+0000] {taskinstance.py:1364} INFO - 
--------------------------------------------------------------------------------
[2023-08-01T11:08:53.875+0000] {taskinstance.py:1383} INFO - Executing <Task(BashOperator): download_a> on 2023-08-01 11:08:51.509329+00:00
[2023-08-01T11:08:53.880+0000] {standard_task_runner.py:55} INFO - Started process 328 to run task
[2023-08-01T11:08:53.885+0000] {standard_task_runner.py:82} INFO - Running: ['***', 'tasks', 'run', 'group_dag.downloads', 'download_a', 'scheduled__2023-08-01T11:08:51.509329+00:00', '--job-id', '284', '--raw', '--subdir', 'DAGS_FOLDER/group_dag.py', '--cfg-path', '/tmp/tmp2vdg51j1']
[2023-08-01T11:08:53.886+0000] {standard_task_runner.py:83} INFO - Job 284: Subtask download_a
[2023-08-01T11:08:53.947+0000] {task_command.py:376} INFO - Running <TaskInstance: group_dag.downloads.download_a scheduled__2023-08-01T11:08:51.509329+00:00 [running]> on host 45dcf9d0cab9
[2023-08-01T11:08:54.003+0000] {taskinstance.py:1592} INFO - Exporting the following env vars:
AIRFLOW_CTX_DAG_OWNER=***
AIRFLOW_CTX_DAG_ID=group_dag.downloads
AIRFLOW_CTX_TASK_ID=download_a
AIRFLOW_CTX_EXECUTION_DATE=2023-08-01T11:08:51.509329+00:00
AIRFLOW_CTX_TRY_NUMBER=1
AIRFLOW_CTX_DAG_RUN_ID=scheduled__2023-08-01T11:08:51.509329+00:00
[2023-08-01T11:08:54.004+0000] {subprocess.py:63} INFO - Tmp dir root location: 
 /tmp
[2023-08-01T11:08:54.005+0000] {subprocess.py:75} INFO - Running command: ['/bin/bash', '-c', 'sleep 10']
[2023-08-01T11:08:54.020+0000] {subprocess.py:86} INFO - Output:
[2023-08-01T11:09:04.030+0000] {subprocess.py:97} INFO - Command exited with return code 0
[2023-08-01T11:09:04.083+0000] {taskinstance.py:1406} INFO - Marking task as SUCCESS. dag_id=group_dag.downloads, task_id=download_a, execution_date=20230801T110851, start_date=20230801T110853, end_date=20230801T110904
[2023-08-01T11:09:04.196+0000] {local_task_job.py:164} INFO - Task exited with return code 0
[2023-08-01T11:09:04.217+0000] {local_task_job.py:273} INFO - 0 downstream tasks scheduled from follow-on schedule check
