[2023-08-02T21:17:14.491+0000] {taskinstance.py:1165} INFO - Dependencies all met for <TaskInstance: xcom_dag.t1 manual__2023-08-02T21:17:13.139114+00:00 [queued]>
[2023-08-02T21:17:14.499+0000] {taskinstance.py:1165} INFO - Dependencies all met for <TaskInstance: xcom_dag.t1 manual__2023-08-02T21:17:13.139114+00:00 [queued]>
[2023-08-02T21:17:14.500+0000] {taskinstance.py:1362} INFO - 
--------------------------------------------------------------------------------
[2023-08-02T21:17:14.501+0000] {taskinstance.py:1363} INFO - Starting attempt 1 of 1
[2023-08-02T21:17:14.501+0000] {taskinstance.py:1364} INFO - 
--------------------------------------------------------------------------------
[2023-08-02T21:17:14.510+0000] {taskinstance.py:1383} INFO - Executing <Task(PythonOperator): t1> on 2023-08-02 21:17:13.139114+00:00
[2023-08-02T21:17:14.514+0000] {standard_task_runner.py:55} INFO - Started process 201 to run task
[2023-08-02T21:17:14.519+0000] {standard_task_runner.py:82} INFO - Running: ['***', 'tasks', 'run', 'xcom_dag', 't1', 'manual__2023-08-02T21:17:13.139114+00:00', '--job-id', '350', '--raw', '--subdir', 'DAGS_FOLDER/xcom_dag.py', '--cfg-path', '/tmp/tmp030cm1ob']
[2023-08-02T21:17:14.521+0000] {standard_task_runner.py:83} INFO - Job 350: Subtask t1
[2023-08-02T21:17:14.577+0000] {task_command.py:376} INFO - Running <TaskInstance: xcom_dag.t1 manual__2023-08-02T21:17:13.139114+00:00 [running]> on host 317a5743ecab
[2023-08-02T21:17:14.626+0000] {taskinstance.py:1592} INFO - Exporting the following env vars:
AIRFLOW_CTX_DAG_OWNER=***
AIRFLOW_CTX_DAG_ID=xcom_dag
AIRFLOW_CTX_TASK_ID=t1
AIRFLOW_CTX_EXECUTION_DATE=2023-08-02T21:17:13.139114+00:00
AIRFLOW_CTX_TRY_NUMBER=1
AIRFLOW_CTX_DAG_RUN_ID=manual__2023-08-02T21:17:13.139114+00:00
[2023-08-02T21:17:14.638+0000] {python.py:177} INFO - Done. Returned value was: None
[2023-08-02T21:17:14.648+0000] {taskinstance.py:1406} INFO - Marking task as SUCCESS. dag_id=xcom_dag, task_id=t1, execution_date=20230802T211713, start_date=20230802T211714, end_date=20230802T211714
[2023-08-02T21:17:14.691+0000] {local_task_job.py:164} INFO - Task exited with return code 0
[2023-08-02T21:17:14.713+0000] {local_task_job.py:273} INFO - 1 downstream tasks scheduled from follow-on schedule check
