[2023-08-01T11:09:50.457+0000] {taskinstance.py:1165} INFO - Dependencies all met for <TaskInstance: group_dag.check_files scheduled__2023-07-31T00:00:00+00:00 [queued]>
[2023-08-01T11:09:50.463+0000] {taskinstance.py:1165} INFO - Dependencies all met for <TaskInstance: group_dag.check_files scheduled__2023-07-31T00:00:00+00:00 [queued]>
[2023-08-01T11:09:50.464+0000] {taskinstance.py:1362} INFO - 
--------------------------------------------------------------------------------
[2023-08-01T11:09:50.464+0000] {taskinstance.py:1363} INFO - Starting attempt 1 of 1
[2023-08-01T11:09:50.465+0000] {taskinstance.py:1364} INFO - 
--------------------------------------------------------------------------------
[2023-08-01T11:09:50.473+0000] {taskinstance.py:1383} INFO - Executing <Task(BashOperator): check_files> on 2023-07-31 00:00:00+00:00
[2023-08-01T11:09:50.477+0000] {standard_task_runner.py:55} INFO - Started process 380 to run task
[2023-08-01T11:09:50.481+0000] {standard_task_runner.py:82} INFO - Running: ['***', 'tasks', 'run', 'group_dag', 'check_files', 'scheduled__2023-07-31T00:00:00+00:00', '--job-id', '287', '--raw', '--subdir', 'DAGS_FOLDER/group_dag.py', '--cfg-path', '/tmp/tmpd77u2rbz']
[2023-08-01T11:09:50.482+0000] {standard_task_runner.py:83} INFO - Job 287: Subtask check_files
[2023-08-01T11:09:50.541+0000] {task_command.py:376} INFO - Running <TaskInstance: group_dag.check_files scheduled__2023-07-31T00:00:00+00:00 [running]> on host 45dcf9d0cab9
[2023-08-01T11:09:50.595+0000] {taskinstance.py:1592} INFO - Exporting the following env vars:
AIRFLOW_CTX_DAG_OWNER=***
AIRFLOW_CTX_DAG_ID=group_dag
AIRFLOW_CTX_TASK_ID=check_files
AIRFLOW_CTX_EXECUTION_DATE=2023-07-31T00:00:00+00:00
AIRFLOW_CTX_TRY_NUMBER=1
AIRFLOW_CTX_DAG_RUN_ID=scheduled__2023-07-31T00:00:00+00:00
[2023-08-01T11:09:50.596+0000] {subprocess.py:63} INFO - Tmp dir root location: 
 /tmp
[2023-08-01T11:09:50.597+0000] {subprocess.py:75} INFO - Running command: ['/bin/bash', '-c', 'sleep 10']
[2023-08-01T11:09:50.611+0000] {subprocess.py:86} INFO - Output:
[2023-08-01T11:10:00.616+0000] {subprocess.py:97} INFO - Command exited with return code 0
[2023-08-01T11:10:00.637+0000] {taskinstance.py:1406} INFO - Marking task as SUCCESS. dag_id=group_dag, task_id=check_files, execution_date=20230731T000000, start_date=20230801T110950, end_date=20230801T111000
[2023-08-01T11:10:00.686+0000] {local_task_job.py:164} INFO - Task exited with return code 0
[2023-08-01T11:10:00.703+0000] {local_task_job.py:273} INFO - 3 downstream tasks scheduled from follow-on schedule check
