[2023-07-31T20:18:33.752+0000] {taskinstance.py:1165} INFO - Dependencies all met for <TaskInstance: parallel_dag.transform manual__2023-07-31T20:18:11.041994+00:00 [queued]>
[2023-07-31T20:18:33.758+0000] {taskinstance.py:1165} INFO - Dependencies all met for <TaskInstance: parallel_dag.transform manual__2023-07-31T20:18:11.041994+00:00 [queued]>
[2023-07-31T20:18:33.759+0000] {taskinstance.py:1362} INFO - 
--------------------------------------------------------------------------------
[2023-07-31T20:18:33.759+0000] {taskinstance.py:1363} INFO - Starting attempt 1 of 1
[2023-07-31T20:18:33.760+0000] {taskinstance.py:1364} INFO - 
--------------------------------------------------------------------------------
[2023-07-31T20:18:33.767+0000] {taskinstance.py:1383} INFO - Executing <Task(BashOperator): transform> on 2023-07-31 20:18:11.041994+00:00
[2023-07-31T20:18:33.773+0000] {standard_task_runner.py:55} INFO - Started process 340 to run task
[2023-07-31T20:18:33.776+0000] {standard_task_runner.py:82} INFO - Running: ['***', 'tasks', 'run', 'parallel_dag', 'transform', 'manual__2023-07-31T20:18:11.041994+00:00', '--job-id', '261', '--raw', '--subdir', 'DAGS_FOLDER/parallel_dag.py', '--cfg-path', '/tmp/tmp_1kmidnv']
[2023-07-31T20:18:33.777+0000] {standard_task_runner.py:83} INFO - Job 261: Subtask transform
[2023-07-31T20:18:33.828+0000] {task_command.py:376} INFO - Running <TaskInstance: parallel_dag.transform manual__2023-07-31T20:18:11.041994+00:00 [running]> on host a7a520755023
[2023-07-31T20:18:33.878+0000] {taskinstance.py:1592} INFO - Exporting the following env vars:
AIRFLOW_CTX_DAG_OWNER=***
AIRFLOW_CTX_DAG_ID=parallel_dag
AIRFLOW_CTX_TASK_ID=transform
AIRFLOW_CTX_EXECUTION_DATE=2023-07-31T20:18:11.041994+00:00
AIRFLOW_CTX_TRY_NUMBER=1
AIRFLOW_CTX_DAG_RUN_ID=manual__2023-07-31T20:18:11.041994+00:00
[2023-07-31T20:18:33.880+0000] {subprocess.py:63} INFO - Tmp dir root location: 
 /tmp
[2023-07-31T20:18:33.881+0000] {subprocess.py:75} INFO - Running command: ['/bin/bash', '-c', 'sleep 10']
[2023-07-31T20:18:33.892+0000] {subprocess.py:86} INFO - Output:
[2023-07-31T20:18:43.897+0000] {subprocess.py:97} INFO - Command exited with return code 0
[2023-07-31T20:18:43.941+0000] {taskinstance.py:1406} INFO - Marking task as SUCCESS. dag_id=parallel_dag, task_id=transform, execution_date=20230731T201811, start_date=20230731T201833, end_date=20230731T201843
[2023-07-31T20:18:43.972+0000] {local_task_job.py:164} INFO - Task exited with return code 0
[2023-07-31T20:18:43.987+0000] {local_task_job.py:273} INFO - 0 downstream tasks scheduled from follow-on schedule check
