[2023-08-02T07:49:05.315+0000] {taskinstance.py:1165} INFO - Dependencies all met for <TaskInstance: group_dag.downloads.download_c manual__2023-08-02T07:49:04.591103+00:00 [queued]>
[2023-08-02T07:49:05.324+0000] {taskinstance.py:1165} INFO - Dependencies all met for <TaskInstance: group_dag.downloads.download_c manual__2023-08-02T07:49:04.591103+00:00 [queued]>
[2023-08-02T07:49:05.325+0000] {taskinstance.py:1362} INFO - 
--------------------------------------------------------------------------------
[2023-08-02T07:49:05.326+0000] {taskinstance.py:1363} INFO - Starting attempt 1 of 1
[2023-08-02T07:49:05.327+0000] {taskinstance.py:1364} INFO - 
--------------------------------------------------------------------------------
[2023-08-02T07:49:05.338+0000] {taskinstance.py:1383} INFO - Executing <Task(BashOperator): downloads.download_c> on 2023-08-02 07:49:04.591103+00:00
[2023-08-02T07:49:05.344+0000] {standard_task_runner.py:55} INFO - Started process 12459 to run task
[2023-08-02T07:49:05.350+0000] {standard_task_runner.py:82} INFO - Running: ['***', 'tasks', 'run', 'group_dag', 'downloads.download_c', 'manual__2023-08-02T07:49:04.591103+00:00', '--job-id', '315', '--raw', '--subdir', 'DAGS_FOLDER/group_dag.py', '--cfg-path', '/tmp/tmpjzrpjnye']
[2023-08-02T07:49:05.351+0000] {standard_task_runner.py:83} INFO - Job 315: Subtask downloads.download_c
[2023-08-02T07:49:05.426+0000] {task_command.py:376} INFO - Running <TaskInstance: group_dag.downloads.download_c manual__2023-08-02T07:49:04.591103+00:00 [running]> on host 45dcf9d0cab9
[2023-08-02T07:49:05.486+0000] {taskinstance.py:1592} INFO - Exporting the following env vars:
AIRFLOW_CTX_DAG_OWNER=***
AIRFLOW_CTX_DAG_ID=group_dag
AIRFLOW_CTX_TASK_ID=downloads.download_c
AIRFLOW_CTX_EXECUTION_DATE=2023-08-02T07:49:04.591103+00:00
AIRFLOW_CTX_TRY_NUMBER=1
AIRFLOW_CTX_DAG_RUN_ID=manual__2023-08-02T07:49:04.591103+00:00
[2023-08-02T07:49:05.488+0000] {subprocess.py:63} INFO - Tmp dir root location: 
 /tmp
[2023-08-02T07:49:05.489+0000] {subprocess.py:75} INFO - Running command: ['/bin/bash', '-c', 'sleep 10']
[2023-08-02T07:49:05.503+0000] {subprocess.py:86} INFO - Output:
[2023-08-02T07:49:15.508+0000] {subprocess.py:97} INFO - Command exited with return code 0
[2023-08-02T07:49:15.566+0000] {taskinstance.py:1406} INFO - Marking task as SUCCESS. dag_id=group_dag, task_id=downloads.download_c, execution_date=20230802T074904, start_date=20230802T074905, end_date=20230802T074915
[2023-08-02T07:49:15.644+0000] {local_task_job.py:164} INFO - Task exited with return code 0
[2023-08-02T07:49:15.688+0000] {local_task_job.py:273} INFO - 0 downstream tasks scheduled from follow-on schedule check
