[2023-08-01T10:56:59.836+0000] {processor.py:154} INFO - Started process (PID=1604) to work on /opt/airflow/dags/group_dag1.py
[2023-08-01T10:56:59.837+0000] {processor.py:756} INFO - Processing file /opt/airflow/dags/group_dag1.py for tasks to queue
[2023-08-01T10:56:59.838+0000] {logging_mixin.py:120} INFO - [2023-08-01T10:56:59.838+0000] {dagbag.py:537} INFO - Filling up the DagBag from /opt/airflow/dags/group_dag1.py
[2023-08-01T10:56:59.862+0000] {logging_mixin.py:120} INFO - [2023-08-01T10:56:59.860+0000] {dagbag.py:342} ERROR - Failed to import: /opt/airflow/dags/group_dag1.py
Traceback (most recent call last):
  File "/home/airflow/.local/lib/python3.7/site-packages/airflow/models/dagbag.py", line 338, in parse
    loader.exec_module(new_module)
  File "<frozen importlib._bootstrap_external>", line 728, in exec_module
  File "<frozen importlib._bootstrap>", line 219, in _call_with_frames_removed
  File "/opt/airflow/dags/group_dag1.py", line 15, in <module>
    subdag=subdag_downloads(dag.dag_id, 'downloads', args)
  File "/opt/airflow/dags/subdags/subdag_downloads.py", line 9, in subdag_downloads
    chatchup=args['catchup']) as dag:
TypeError: __init__() got an unexpected keyword argument 'chatchup'
[2023-08-01T10:56:59.863+0000] {processor.py:768} WARNING - No viable dags retrieved from /opt/airflow/dags/group_dag1.py
[2023-08-01T10:56:59.877+0000] {processor.py:176} INFO - Processing /opt/airflow/dags/group_dag1.py took 0.044 seconds
[2023-08-01T10:57:30.541+0000] {processor.py:154} INFO - Started process (PID=1639) to work on /opt/airflow/dags/group_dag1.py
[2023-08-01T10:57:30.545+0000] {processor.py:756} INFO - Processing file /opt/airflow/dags/group_dag1.py for tasks to queue
[2023-08-01T10:57:30.547+0000] {logging_mixin.py:120} INFO - [2023-08-01T10:57:30.547+0000] {dagbag.py:537} INFO - Filling up the DagBag from /opt/airflow/dags/group_dag1.py
[2023-08-01T10:57:30.572+0000] {logging_mixin.py:120} INFO - [2023-08-01T10:57:30.570+0000] {dagbag.py:342} ERROR - Failed to import: /opt/airflow/dags/group_dag1.py
Traceback (most recent call last):
  File "/home/airflow/.local/lib/python3.7/site-packages/airflow/models/dagbag.py", line 338, in parse
    loader.exec_module(new_module)
  File "<frozen importlib._bootstrap_external>", line 728, in exec_module
  File "<frozen importlib._bootstrap>", line 219, in _call_with_frames_removed
  File "/opt/airflow/dags/group_dag1.py", line 15, in <module>
    subdag=subdag_downloads(dag.dag_id, 'downloads', args)
  File "/opt/airflow/dags/subdags/subdag_downloads.py", line 9, in subdag_downloads
    chatchup=args['catchup']) as dag:
TypeError: __init__() got an unexpected keyword argument 'chatchup'
[2023-08-01T10:57:30.572+0000] {processor.py:768} WARNING - No viable dags retrieved from /opt/airflow/dags/group_dag1.py
[2023-08-01T10:57:30.589+0000] {processor.py:176} INFO - Processing /opt/airflow/dags/group_dag1.py took 0.055 seconds
[2023-08-01T10:57:42.872+0000] {processor.py:154} INFO - Started process (PID=1653) to work on /opt/airflow/dags/group_dag1.py
[2023-08-01T10:57:42.875+0000] {processor.py:756} INFO - Processing file /opt/airflow/dags/group_dag1.py for tasks to queue
[2023-08-01T10:57:42.876+0000] {logging_mixin.py:120} INFO - [2023-08-01T10:57:42.876+0000] {dagbag.py:537} INFO - Filling up the DagBag from /opt/airflow/dags/group_dag1.py
[2023-08-01T10:57:42.909+0000] {processor.py:766} INFO - DAG(s) dict_keys(['group_dag']) retrieved from /opt/airflow/dags/group_dag1.py
[2023-08-01T10:57:42.965+0000] {logging_mixin.py:120} INFO - [2023-08-01T10:57:42.965+0000] {dag.py:2585} INFO - Sync 1 DAGs
[2023-08-01T10:57:42.979+0000] {logging_mixin.py:120} INFO - [2023-08-01T10:57:42.979+0000] {dag.py:3340} INFO - Setting next_dagrun for group_dag to 2023-07-31T00:00:00+00:00, run_after=2023-08-01T00:00:00+00:00
[2023-08-01T10:57:42.994+0000] {processor.py:176} INFO - Processing /opt/airflow/dags/group_dag1.py took 0.129 seconds
[2023-08-01T10:58:13.522+0000] {processor.py:154} INFO - Started process (PID=1688) to work on /opt/airflow/dags/group_dag1.py
[2023-08-01T10:58:13.525+0000] {processor.py:756} INFO - Processing file /opt/airflow/dags/group_dag1.py for tasks to queue
[2023-08-01T10:58:13.528+0000] {logging_mixin.py:120} INFO - [2023-08-01T10:58:13.528+0000] {dagbag.py:537} INFO - Filling up the DagBag from /opt/airflow/dags/group_dag1.py
[2023-08-01T10:58:13.556+0000] {processor.py:766} INFO - DAG(s) dict_keys(['group_dag']) retrieved from /opt/airflow/dags/group_dag1.py
[2023-08-01T10:58:13.586+0000] {logging_mixin.py:120} INFO - [2023-08-01T10:58:13.586+0000] {dag.py:2585} INFO - Sync 1 DAGs
[2023-08-01T10:58:13.602+0000] {logging_mixin.py:120} INFO - [2023-08-01T10:58:13.601+0000] {dag.py:3340} INFO - Setting next_dagrun for group_dag to 2023-07-31T00:00:00+00:00, run_after=2023-08-01T00:00:00+00:00
[2023-08-01T10:58:13.612+0000] {processor.py:176} INFO - Processing /opt/airflow/dags/group_dag1.py took 0.095 seconds
[2023-08-01T10:58:44.146+0000] {processor.py:154} INFO - Started process (PID=1722) to work on /opt/airflow/dags/group_dag1.py
[2023-08-01T10:58:44.148+0000] {processor.py:756} INFO - Processing file /opt/airflow/dags/group_dag1.py for tasks to queue
[2023-08-01T10:58:44.149+0000] {logging_mixin.py:120} INFO - [2023-08-01T10:58:44.149+0000] {dagbag.py:537} INFO - Filling up the DagBag from /opt/airflow/dags/group_dag1.py
[2023-08-01T10:58:44.163+0000] {processor.py:766} INFO - DAG(s) dict_keys(['group_dag']) retrieved from /opt/airflow/dags/group_dag1.py
[2023-08-01T10:58:44.191+0000] {logging_mixin.py:120} INFO - [2023-08-01T10:58:44.191+0000] {dag.py:2585} INFO - Sync 1 DAGs
[2023-08-01T10:58:44.206+0000] {logging_mixin.py:120} INFO - [2023-08-01T10:58:44.206+0000] {dag.py:3340} INFO - Setting next_dagrun for group_dag to 2023-07-31T00:00:00+00:00, run_after=2023-08-01T00:00:00+00:00
[2023-08-01T10:58:44.217+0000] {processor.py:176} INFO - Processing /opt/airflow/dags/group_dag1.py took 0.073 seconds
[2023-08-01T10:59:14.725+0000] {processor.py:154} INFO - Started process (PID=1747) to work on /opt/airflow/dags/group_dag1.py
[2023-08-01T10:59:14.728+0000] {processor.py:756} INFO - Processing file /opt/airflow/dags/group_dag1.py for tasks to queue
[2023-08-01T10:59:14.729+0000] {logging_mixin.py:120} INFO - [2023-08-01T10:59:14.729+0000] {dagbag.py:537} INFO - Filling up the DagBag from /opt/airflow/dags/group_dag1.py
[2023-08-01T10:59:14.748+0000] {processor.py:766} INFO - DAG(s) dict_keys(['group_dag']) retrieved from /opt/airflow/dags/group_dag1.py
[2023-08-01T10:59:14.777+0000] {logging_mixin.py:120} INFO - [2023-08-01T10:59:14.777+0000] {dag.py:2585} INFO - Sync 1 DAGs
[2023-08-01T10:59:14.792+0000] {logging_mixin.py:120} INFO - [2023-08-01T10:59:14.792+0000] {dag.py:3340} INFO - Setting next_dagrun for group_dag to 2023-07-31T00:00:00+00:00, run_after=2023-08-01T00:00:00+00:00
[2023-08-01T10:59:14.802+0000] {processor.py:176} INFO - Processing /opt/airflow/dags/group_dag1.py took 0.084 seconds
[2023-08-01T10:59:45.315+0000] {processor.py:154} INFO - Started process (PID=1781) to work on /opt/airflow/dags/group_dag1.py
[2023-08-01T10:59:45.318+0000] {processor.py:756} INFO - Processing file /opt/airflow/dags/group_dag1.py for tasks to queue
[2023-08-01T10:59:45.319+0000] {logging_mixin.py:120} INFO - [2023-08-01T10:59:45.319+0000] {dagbag.py:537} INFO - Filling up the DagBag from /opt/airflow/dags/group_dag1.py
[2023-08-01T10:59:45.344+0000] {processor.py:766} INFO - DAG(s) dict_keys(['group_dag']) retrieved from /opt/airflow/dags/group_dag1.py
[2023-08-01T10:59:45.379+0000] {logging_mixin.py:120} INFO - [2023-08-01T10:59:45.379+0000] {dag.py:2585} INFO - Sync 1 DAGs
[2023-08-01T10:59:45.395+0000] {logging_mixin.py:120} INFO - [2023-08-01T10:59:45.395+0000] {dag.py:3340} INFO - Setting next_dagrun for group_dag to 2023-07-31T00:00:00+00:00, run_after=2023-08-01T00:00:00+00:00
[2023-08-01T10:59:45.405+0000] {processor.py:176} INFO - Processing /opt/airflow/dags/group_dag1.py took 0.095 seconds
[2023-08-01T11:00:15.943+0000] {processor.py:154} INFO - Started process (PID=1815) to work on /opt/airflow/dags/group_dag1.py
[2023-08-01T11:00:15.946+0000] {processor.py:756} INFO - Processing file /opt/airflow/dags/group_dag1.py for tasks to queue
[2023-08-01T11:00:15.949+0000] {logging_mixin.py:120} INFO - [2023-08-01T11:00:15.949+0000] {dagbag.py:537} INFO - Filling up the DagBag from /opt/airflow/dags/group_dag1.py
[2023-08-01T11:00:15.972+0000] {processor.py:766} INFO - DAG(s) dict_keys(['group_dag']) retrieved from /opt/airflow/dags/group_dag1.py
[2023-08-01T11:00:16.010+0000] {logging_mixin.py:120} INFO - [2023-08-01T11:00:16.010+0000] {dag.py:2585} INFO - Sync 1 DAGs
[2023-08-01T11:00:16.030+0000] {logging_mixin.py:120} INFO - [2023-08-01T11:00:16.029+0000] {dag.py:3340} INFO - Setting next_dagrun for group_dag to 2023-07-31T00:00:00+00:00, run_after=2023-08-01T00:00:00+00:00
[2023-08-01T11:00:16.043+0000] {processor.py:176} INFO - Processing /opt/airflow/dags/group_dag1.py took 0.106 seconds
[2023-08-01T11:00:46.539+0000] {processor.py:154} INFO - Started process (PID=1850) to work on /opt/airflow/dags/group_dag1.py
[2023-08-01T11:00:46.541+0000] {processor.py:756} INFO - Processing file /opt/airflow/dags/group_dag1.py for tasks to queue
[2023-08-01T11:00:46.542+0000] {logging_mixin.py:120} INFO - [2023-08-01T11:00:46.542+0000] {dagbag.py:537} INFO - Filling up the DagBag from /opt/airflow/dags/group_dag1.py
[2023-08-01T11:00:46.568+0000] {processor.py:766} INFO - DAG(s) dict_keys(['group_dag']) retrieved from /opt/airflow/dags/group_dag1.py
[2023-08-01T11:00:46.606+0000] {logging_mixin.py:120} INFO - [2023-08-01T11:00:46.605+0000] {dag.py:2585} INFO - Sync 1 DAGs
[2023-08-01T11:00:46.622+0000] {logging_mixin.py:120} INFO - [2023-08-01T11:00:46.622+0000] {dag.py:3340} INFO - Setting next_dagrun for group_dag to 2023-07-31T00:00:00+00:00, run_after=2023-08-01T00:00:00+00:00
[2023-08-01T11:00:46.636+0000] {processor.py:176} INFO - Processing /opt/airflow/dags/group_dag1.py took 0.101 seconds
[2023-08-01T11:01:17.126+0000] {processor.py:154} INFO - Started process (PID=1885) to work on /opt/airflow/dags/group_dag1.py
[2023-08-01T11:01:17.130+0000] {processor.py:756} INFO - Processing file /opt/airflow/dags/group_dag1.py for tasks to queue
[2023-08-01T11:01:17.131+0000] {logging_mixin.py:120} INFO - [2023-08-01T11:01:17.131+0000] {dagbag.py:537} INFO - Filling up the DagBag from /opt/airflow/dags/group_dag1.py
[2023-08-01T11:01:17.150+0000] {processor.py:766} INFO - DAG(s) dict_keys(['group_dag']) retrieved from /opt/airflow/dags/group_dag1.py
[2023-08-01T11:01:17.179+0000] {logging_mixin.py:120} INFO - [2023-08-01T11:01:17.179+0000] {dag.py:2585} INFO - Sync 1 DAGs
[2023-08-01T11:01:17.195+0000] {logging_mixin.py:120} INFO - [2023-08-01T11:01:17.195+0000] {dag.py:3340} INFO - Setting next_dagrun for group_dag to 2023-07-31T00:00:00+00:00, run_after=2023-08-01T00:00:00+00:00
[2023-08-01T11:01:17.205+0000] {processor.py:176} INFO - Processing /opt/airflow/dags/group_dag1.py took 0.085 seconds
[2023-08-01T11:01:47.727+0000] {processor.py:154} INFO - Started process (PID=1919) to work on /opt/airflow/dags/group_dag1.py
[2023-08-01T11:01:47.729+0000] {processor.py:756} INFO - Processing file /opt/airflow/dags/group_dag1.py for tasks to queue
[2023-08-01T11:01:47.730+0000] {logging_mixin.py:120} INFO - [2023-08-01T11:01:47.730+0000] {dagbag.py:537} INFO - Filling up the DagBag from /opt/airflow/dags/group_dag1.py
[2023-08-01T11:01:47.743+0000] {processor.py:766} INFO - DAG(s) dict_keys(['group_dag']) retrieved from /opt/airflow/dags/group_dag1.py
[2023-08-01T11:01:47.775+0000] {logging_mixin.py:120} INFO - [2023-08-01T11:01:47.775+0000] {dag.py:2585} INFO - Sync 1 DAGs
[2023-08-01T11:01:47.792+0000] {logging_mixin.py:120} INFO - [2023-08-01T11:01:47.792+0000] {dag.py:3340} INFO - Setting next_dagrun for group_dag to 2023-07-31T00:00:00+00:00, run_after=2023-08-01T00:00:00+00:00
[2023-08-01T11:01:47.803+0000] {processor.py:176} INFO - Processing /opt/airflow/dags/group_dag1.py took 0.080 seconds
[2023-08-01T11:02:17.897+0000] {processor.py:154} INFO - Started process (PID=1945) to work on /opt/airflow/dags/group_dag1.py
[2023-08-01T11:02:17.900+0000] {processor.py:756} INFO - Processing file /opt/airflow/dags/group_dag1.py for tasks to queue
[2023-08-01T11:02:17.902+0000] {logging_mixin.py:120} INFO - [2023-08-01T11:02:17.902+0000] {dagbag.py:537} INFO - Filling up the DagBag from /opt/airflow/dags/group_dag1.py
[2023-08-01T11:02:17.933+0000] {processor.py:766} INFO - DAG(s) dict_keys(['group_dag']) retrieved from /opt/airflow/dags/group_dag1.py
[2023-08-01T11:02:17.965+0000] {logging_mixin.py:120} INFO - [2023-08-01T11:02:17.965+0000] {dag.py:2585} INFO - Sync 1 DAGs
[2023-08-01T11:02:17.982+0000] {logging_mixin.py:120} INFO - [2023-08-01T11:02:17.982+0000] {dag.py:3340} INFO - Setting next_dagrun for group_dag to 2023-07-31T00:00:00+00:00, run_after=2023-08-01T00:00:00+00:00
[2023-08-01T11:02:17.994+0000] {processor.py:176} INFO - Processing /opt/airflow/dags/group_dag1.py took 0.103 seconds
[2023-08-01T11:02:48.108+0000] {processor.py:154} INFO - Started process (PID=1981) to work on /opt/airflow/dags/group_dag1.py
[2023-08-01T11:02:48.110+0000] {processor.py:756} INFO - Processing file /opt/airflow/dags/group_dag1.py for tasks to queue
[2023-08-01T11:02:48.110+0000] {logging_mixin.py:120} INFO - [2023-08-01T11:02:48.110+0000] {dagbag.py:537} INFO - Filling up the DagBag from /opt/airflow/dags/group_dag1.py
[2023-08-01T11:02:48.124+0000] {processor.py:766} INFO - DAG(s) dict_keys(['group_dag']) retrieved from /opt/airflow/dags/group_dag1.py
[2023-08-01T11:02:48.144+0000] {logging_mixin.py:120} INFO - [2023-08-01T11:02:48.144+0000] {dag.py:2585} INFO - Sync 1 DAGs
[2023-08-01T11:02:48.159+0000] {logging_mixin.py:120} INFO - [2023-08-01T11:02:48.159+0000] {dag.py:3340} INFO - Setting next_dagrun for group_dag to 2023-07-31T00:00:00+00:00, run_after=2023-08-01T00:00:00+00:00
[2023-08-01T11:02:48.169+0000] {processor.py:176} INFO - Processing /opt/airflow/dags/group_dag1.py took 0.064 seconds
[2023-08-01T11:03:36.434+0000] {processor.py:154} INFO - Started process (PID=35) to work on /opt/airflow/dags/group_dag1.py
[2023-08-01T11:03:36.435+0000] {processor.py:756} INFO - Processing file /opt/airflow/dags/group_dag1.py for tasks to queue
[2023-08-01T11:03:36.436+0000] {logging_mixin.py:120} INFO - [2023-08-01T11:03:36.436+0000] {dagbag.py:537} INFO - Filling up the DagBag from /opt/airflow/dags/group_dag1.py
[2023-08-01T11:03:36.454+0000] {processor.py:766} INFO - DAG(s) dict_keys(['group_dag']) retrieved from /opt/airflow/dags/group_dag1.py
[2023-08-01T11:03:36.541+0000] {logging_mixin.py:120} INFO - [2023-08-01T11:03:36.541+0000] {dag.py:2585} INFO - Sync 1 DAGs
[2023-08-01T11:03:36.583+0000] {logging_mixin.py:120} INFO - [2023-08-01T11:03:36.583+0000] {dag.py:3340} INFO - Setting next_dagrun for group_dag to 2023-07-31T00:00:00+00:00, run_after=2023-08-01T00:00:00+00:00
[2023-08-01T11:03:36.601+0000] {processor.py:176} INFO - Processing /opt/airflow/dags/group_dag1.py took 0.170 seconds
[2023-08-01T11:04:07.521+0000] {processor.py:154} INFO - Started process (PID=69) to work on /opt/airflow/dags/group_dag1.py
[2023-08-01T11:04:07.522+0000] {processor.py:756} INFO - Processing file /opt/airflow/dags/group_dag1.py for tasks to queue
[2023-08-01T11:04:07.524+0000] {logging_mixin.py:120} INFO - [2023-08-01T11:04:07.524+0000] {dagbag.py:537} INFO - Filling up the DagBag from /opt/airflow/dags/group_dag1.py
[2023-08-01T11:04:07.545+0000] {processor.py:766} INFO - DAG(s) dict_keys(['group_dag']) retrieved from /opt/airflow/dags/group_dag1.py
[2023-08-01T11:04:07.603+0000] {logging_mixin.py:120} INFO - [2023-08-01T11:04:07.603+0000] {dag.py:2585} INFO - Sync 1 DAGs
[2023-08-01T11:04:07.619+0000] {logging_mixin.py:120} INFO - [2023-08-01T11:04:07.619+0000] {dag.py:3340} INFO - Setting next_dagrun for group_dag to 2023-07-31T00:00:00+00:00, run_after=2023-08-01T00:00:00+00:00
[2023-08-01T11:04:07.630+0000] {processor.py:176} INFO - Processing /opt/airflow/dags/group_dag1.py took 0.115 seconds
[2023-08-01T11:04:37.741+0000] {processor.py:154} INFO - Started process (PID=102) to work on /opt/airflow/dags/group_dag1.py
[2023-08-01T11:04:37.744+0000] {processor.py:756} INFO - Processing file /opt/airflow/dags/group_dag1.py for tasks to queue
[2023-08-01T11:04:37.746+0000] {logging_mixin.py:120} INFO - [2023-08-01T11:04:37.746+0000] {dagbag.py:537} INFO - Filling up the DagBag from /opt/airflow/dags/group_dag1.py
[2023-08-01T11:04:37.772+0000] {processor.py:766} INFO - DAG(s) dict_keys(['group_dag']) retrieved from /opt/airflow/dags/group_dag1.py
[2023-08-01T11:04:37.819+0000] {logging_mixin.py:120} INFO - [2023-08-01T11:04:37.819+0000] {dag.py:2585} INFO - Sync 1 DAGs
[2023-08-01T11:04:37.832+0000] {logging_mixin.py:120} INFO - [2023-08-01T11:04:37.832+0000] {dag.py:3340} INFO - Setting next_dagrun for group_dag to 2023-07-31T00:00:00+00:00, run_after=2023-08-01T00:00:00+00:00
[2023-08-01T11:04:37.843+0000] {processor.py:176} INFO - Processing /opt/airflow/dags/group_dag1.py took 0.108 seconds
[2023-08-01T11:05:08.849+0000] {processor.py:154} INFO - Started process (PID=140) to work on /opt/airflow/dags/group_dag1.py
[2023-08-01T11:05:08.851+0000] {processor.py:756} INFO - Processing file /opt/airflow/dags/group_dag1.py for tasks to queue
[2023-08-01T11:05:08.852+0000] {logging_mixin.py:120} INFO - [2023-08-01T11:05:08.852+0000] {dagbag.py:537} INFO - Filling up the DagBag from /opt/airflow/dags/group_dag1.py
[2023-08-01T11:05:08.871+0000] {processor.py:766} INFO - DAG(s) dict_keys(['group_dag']) retrieved from /opt/airflow/dags/group_dag1.py
[2023-08-01T11:05:08.903+0000] {logging_mixin.py:120} INFO - [2023-08-01T11:05:08.903+0000] {dag.py:2585} INFO - Sync 1 DAGs
[2023-08-01T11:05:08.920+0000] {logging_mixin.py:120} INFO - [2023-08-01T11:05:08.920+0000] {dag.py:3340} INFO - Setting next_dagrun for group_dag to 2023-07-31T00:00:00+00:00, run_after=2023-08-01T00:00:00+00:00
[2023-08-01T11:05:08.933+0000] {processor.py:176} INFO - Processing /opt/airflow/dags/group_dag1.py took 0.089 seconds
[2023-08-01T11:05:39.917+0000] {processor.py:154} INFO - Started process (PID=174) to work on /opt/airflow/dags/group_dag1.py
[2023-08-01T11:05:39.919+0000] {processor.py:756} INFO - Processing file /opt/airflow/dags/group_dag1.py for tasks to queue
[2023-08-01T11:05:39.920+0000] {logging_mixin.py:120} INFO - [2023-08-01T11:05:39.920+0000] {dagbag.py:537} INFO - Filling up the DagBag from /opt/airflow/dags/group_dag1.py
[2023-08-01T11:05:39.938+0000] {processor.py:766} INFO - DAG(s) dict_keys(['group_dag']) retrieved from /opt/airflow/dags/group_dag1.py
[2023-08-01T11:05:39.999+0000] {logging_mixin.py:120} INFO - [2023-08-01T11:05:39.999+0000] {dag.py:2585} INFO - Sync 1 DAGs
[2023-08-01T11:05:40.019+0000] {logging_mixin.py:120} INFO - [2023-08-01T11:05:40.019+0000] {dag.py:3340} INFO - Setting next_dagrun for group_dag to 2023-07-31T00:00:00+00:00, run_after=2023-08-01T00:00:00+00:00
[2023-08-01T11:05:40.032+0000] {processor.py:176} INFO - Processing /opt/airflow/dags/group_dag1.py took 0.117 seconds
[2023-08-01T11:05:46.350+0000] {processor.py:154} INFO - Started process (PID=180) to work on /opt/airflow/dags/group_dag1.py
[2023-08-01T11:05:46.352+0000] {processor.py:756} INFO - Processing file /opt/airflow/dags/group_dag1.py for tasks to queue
[2023-08-01T11:05:46.353+0000] {logging_mixin.py:120} INFO - [2023-08-01T11:05:46.353+0000] {dagbag.py:537} INFO - Filling up the DagBag from /opt/airflow/dags/group_dag1.py
[2023-08-01T11:05:46.376+0000] {processor.py:766} INFO - DAG(s) dict_keys(['group_dag']) retrieved from /opt/airflow/dags/group_dag1.py
[2023-08-01T11:05:46.396+0000] {logging_mixin.py:120} INFO - [2023-08-01T11:05:46.396+0000] {dag.py:2585} INFO - Sync 1 DAGs
[2023-08-01T11:05:46.412+0000] {logging_mixin.py:120} INFO - [2023-08-01T11:05:46.412+0000] {dag.py:3340} INFO - Setting next_dagrun for group_dag to 2023-07-31T00:00:00+00:00, run_after=2023-08-01T00:00:00+00:00
[2023-08-01T11:05:46.423+0000] {processor.py:176} INFO - Processing /opt/airflow/dags/group_dag1.py took 0.076 seconds
