[2023-08-02T00:29:37.362+0000] {taskinstance.py:1165} INFO - Dependencies all met for <TaskInstance: parallel_dag.extract_b scheduled__2023-08-01T00:00:00+00:00 [queued]>
[2023-08-02T00:29:37.381+0000] {taskinstance.py:1165} INFO - Dependencies all met for <TaskInstance: parallel_dag.extract_b scheduled__2023-08-01T00:00:00+00:00 [queued]>
[2023-08-02T00:29:37.383+0000] {taskinstance.py:1362} INFO - 
--------------------------------------------------------------------------------
[2023-08-02T00:29:37.384+0000] {taskinstance.py:1363} INFO - Starting attempt 1 of 1
[2023-08-02T00:29:37.384+0000] {taskinstance.py:1364} INFO - 
--------------------------------------------------------------------------------
[2023-08-02T00:29:37.426+0000] {taskinstance.py:1383} INFO - Executing <Task(BashOperator): extract_b> on 2023-08-01 00:00:00+00:00
[2023-08-02T00:29:37.438+0000] {standard_task_runner.py:55} INFO - Started process 9597 to run task
[2023-08-02T00:29:37.459+0000] {standard_task_runner.py:82} INFO - Running: ['***', 'tasks', 'run', 'parallel_dag', 'extract_b', 'scheduled__2023-08-01T00:00:00+00:00', '--job-id', '296', '--raw', '--subdir', 'DAGS_FOLDER/parallel_dag.py', '--cfg-path', '/tmp/tmp0jodkvgn']
[2023-08-02T00:29:37.464+0000] {standard_task_runner.py:83} INFO - Job 296: Subtask extract_b
[2023-08-02T00:29:37.610+0000] {task_command.py:376} INFO - Running <TaskInstance: parallel_dag.extract_b scheduled__2023-08-01T00:00:00+00:00 [running]> on host 45dcf9d0cab9
[2023-08-02T00:29:38.131+0000] {taskinstance.py:1592} INFO - Exporting the following env vars:
AIRFLOW_CTX_DAG_OWNER=***
AIRFLOW_CTX_DAG_ID=parallel_dag
AIRFLOW_CTX_TASK_ID=extract_b
AIRFLOW_CTX_EXECUTION_DATE=2023-08-01T00:00:00+00:00
AIRFLOW_CTX_TRY_NUMBER=1
AIRFLOW_CTX_DAG_RUN_ID=scheduled__2023-08-01T00:00:00+00:00
[2023-08-02T00:29:38.133+0000] {subprocess.py:63} INFO - Tmp dir root location: 
 /tmp
[2023-08-02T00:29:38.153+0000] {subprocess.py:75} INFO - Running command: ['/bin/bash', '-c', 'sleep 10']
[2023-08-02T00:29:38.319+0000] {subprocess.py:86} INFO - Output:
[2023-08-02T00:29:48.391+0000] {subprocess.py:97} INFO - Command exited with return code 0
[2023-08-02T00:29:48.424+0000] {taskinstance.py:1406} INFO - Marking task as SUCCESS. dag_id=parallel_dag, task_id=extract_b, execution_date=20230801T000000, start_date=20230802T002937, end_date=20230802T002948
[2023-08-02T00:29:48.473+0000] {local_task_job.py:164} INFO - Task exited with return code 0
[2023-08-02T00:29:48.497+0000] {local_task_job.py:273} INFO - 1 downstream tasks scheduled from follow-on schedule check
