[2023-08-01T11:08:53.912+0000] {taskinstance.py:1165} INFO - Dependencies all met for <TaskInstance: group_dag.downloads.download_b scheduled__2023-08-01T11:08:51.509329+00:00 [queued]>
[2023-08-01T11:08:53.918+0000] {taskinstance.py:1165} INFO - Dependencies all met for <TaskInstance: group_dag.downloads.download_b scheduled__2023-08-01T11:08:51.509329+00:00 [queued]>
[2023-08-01T11:08:53.918+0000] {taskinstance.py:1362} INFO - 
--------------------------------------------------------------------------------
[2023-08-01T11:08:53.919+0000] {taskinstance.py:1363} INFO - Starting attempt 1 of 1
[2023-08-01T11:08:53.919+0000] {taskinstance.py:1364} INFO - 
--------------------------------------------------------------------------------
[2023-08-01T11:08:53.929+0000] {taskinstance.py:1383} INFO - Executing <Task(BashOperator): download_b> on 2023-08-01 11:08:51.509329+00:00
[2023-08-01T11:08:53.935+0000] {standard_task_runner.py:55} INFO - Started process 330 to run task
[2023-08-01T11:08:53.939+0000] {standard_task_runner.py:82} INFO - Running: ['***', 'tasks', 'run', 'group_dag.downloads', 'download_b', 'scheduled__2023-08-01T11:08:51.509329+00:00', '--job-id', '286', '--raw', '--subdir', 'DAGS_FOLDER/group_dag.py', '--cfg-path', '/tmp/tmpsfm4hh05']
[2023-08-01T11:08:53.942+0000] {standard_task_runner.py:83} INFO - Job 286: Subtask download_b
[2023-08-01T11:08:54.004+0000] {task_command.py:376} INFO - Running <TaskInstance: group_dag.downloads.download_b scheduled__2023-08-01T11:08:51.509329+00:00 [running]> on host 45dcf9d0cab9
[2023-08-01T11:08:54.055+0000] {taskinstance.py:1592} INFO - Exporting the following env vars:
AIRFLOW_CTX_DAG_OWNER=***
AIRFLOW_CTX_DAG_ID=group_dag.downloads
AIRFLOW_CTX_TASK_ID=download_b
AIRFLOW_CTX_EXECUTION_DATE=2023-08-01T11:08:51.509329+00:00
AIRFLOW_CTX_TRY_NUMBER=1
AIRFLOW_CTX_DAG_RUN_ID=scheduled__2023-08-01T11:08:51.509329+00:00
[2023-08-01T11:08:54.057+0000] {subprocess.py:63} INFO - Tmp dir root location: 
 /tmp
[2023-08-01T11:08:54.057+0000] {subprocess.py:75} INFO - Running command: ['/bin/bash', '-c', 'sleep 10']
[2023-08-01T11:08:54.070+0000] {subprocess.py:86} INFO - Output:
[2023-08-01T11:09:04.074+0000] {subprocess.py:97} INFO - Command exited with return code 0
[2023-08-01T11:09:04.125+0000] {taskinstance.py:1406} INFO - Marking task as SUCCESS. dag_id=group_dag.downloads, task_id=download_b, execution_date=20230801T110851, start_date=20230801T110853, end_date=20230801T110904
[2023-08-01T11:09:04.207+0000] {local_task_job.py:164} INFO - Task exited with return code 0
[2023-08-01T11:09:04.228+0000] {local_task_job.py:273} INFO - 0 downstream tasks scheduled from follow-on schedule check
