[2023-06-29T07:55:51.626+0000] {processor.py:154} INFO - Started process (PID=33) to work on /opt/airflow/dags/user_processing.py
[2023-06-29T07:55:51.627+0000] {processor.py:756} INFO - Processing file /opt/airflow/dags/user_processing.py for tasks to queue
[2023-06-29T07:55:51.630+0000] {logging_mixin.py:120} INFO - [2023-06-29T07:55:51.630+0000] {dagbag.py:537} INFO - Filling up the DagBag from /opt/airflow/dags/user_processing.py
[2023-06-29T07:55:51.841+0000] {logging_mixin.py:120} INFO - [2023-06-29T07:55:51.834+0000] {dagbag.py:342} ERROR - Failed to import: /opt/airflow/dags/user_processing.py
Traceback (most recent call last):
  File "/home/airflow/.local/lib/python3.7/site-packages/airflow/models/dagbag.py", line 338, in parse
    loader.exec_module(new_module)
  File "<frozen importlib._bootstrap_external>", line 728, in exec_module
  File "<frozen importlib._bootstrap>", line 219, in _call_with_frames_removed
  File "/opt/airflow/dags/user_processing.py", line 10, in <module>
    task_id='create_table'
  File "/home/airflow/.local/lib/python3.7/site-packages/airflow/models/baseoperator.py", line 391, in apply_defaults
    raise AirflowException(f"missing keyword argument {missing_args.pop()!r}")
airflow.exceptions.AirflowException: missing keyword argument 'sql'
[2023-06-29T07:55:51.843+0000] {processor.py:768} WARNING - No viable dags retrieved from /opt/airflow/dags/user_processing.py
[2023-06-29T07:55:51.887+0000] {processor.py:176} INFO - Processing /opt/airflow/dags/user_processing.py took 0.315 seconds
[2023-06-29T07:56:22.215+0000] {processor.py:154} INFO - Started process (PID=107) to work on /opt/airflow/dags/user_processing.py
[2023-06-29T07:56:22.216+0000] {processor.py:756} INFO - Processing file /opt/airflow/dags/user_processing.py for tasks to queue
[2023-06-29T07:56:22.218+0000] {logging_mixin.py:120} INFO - [2023-06-29T07:56:22.218+0000] {dagbag.py:537} INFO - Filling up the DagBag from /opt/airflow/dags/user_processing.py
[2023-06-29T07:56:22.257+0000] {logging_mixin.py:120} INFO - [2023-06-29T07:56:22.256+0000] {dagbag.py:342} ERROR - Failed to import: /opt/airflow/dags/user_processing.py
Traceback (most recent call last):
  File "/home/airflow/.local/lib/python3.7/site-packages/airflow/models/dagbag.py", line 338, in parse
    loader.exec_module(new_module)
  File "<frozen importlib._bootstrap_external>", line 728, in exec_module
  File "<frozen importlib._bootstrap>", line 219, in _call_with_frames_removed
  File "/opt/airflow/dags/user_processing.py", line 10, in <module>
    task_id='create_table'
  File "/home/airflow/.local/lib/python3.7/site-packages/airflow/models/baseoperator.py", line 391, in apply_defaults
    raise AirflowException(f"missing keyword argument {missing_args.pop()!r}")
airflow.exceptions.AirflowException: missing keyword argument 'sql'
[2023-06-29T07:56:22.258+0000] {processor.py:768} WARNING - No viable dags retrieved from /opt/airflow/dags/user_processing.py
[2023-06-29T07:56:22.276+0000] {processor.py:176} INFO - Processing /opt/airflow/dags/user_processing.py took 0.066 seconds
