[2023-08-01T11:23:38.584+0000] {processor.py:154} INFO - Started process (PID=1342) to work on /opt/airflow/dags/subdags/subdag_transforms.py
[2023-08-01T11:23:38.589+0000] {processor.py:756} INFO - Processing file /opt/airflow/dags/subdags/subdag_transforms.py for tasks to queue
[2023-08-01T11:23:38.590+0000] {logging_mixin.py:120} INFO - [2023-08-01T11:23:38.590+0000] {dagbag.py:537} INFO - Filling up the DagBag from /opt/airflow/dags/subdags/subdag_transforms.py
[2023-08-01T11:23:38.596+0000] {processor.py:768} WARNING - No viable dags retrieved from /opt/airflow/dags/subdags/subdag_transforms.py
[2023-08-01T11:23:38.608+0000] {processor.py:176} INFO - Processing /opt/airflow/dags/subdags/subdag_transforms.py took 0.028 seconds
[2023-08-01T11:24:09.122+0000] {processor.py:154} INFO - Started process (PID=1379) to work on /opt/airflow/dags/subdags/subdag_transforms.py
[2023-08-01T11:24:09.123+0000] {processor.py:756} INFO - Processing file /opt/airflow/dags/subdags/subdag_transforms.py for tasks to queue
[2023-08-01T11:24:09.124+0000] {logging_mixin.py:120} INFO - [2023-08-01T11:24:09.124+0000] {dagbag.py:537} INFO - Filling up the DagBag from /opt/airflow/dags/subdags/subdag_transforms.py
[2023-08-01T11:24:09.130+0000] {processor.py:768} WARNING - No viable dags retrieved from /opt/airflow/dags/subdags/subdag_transforms.py
[2023-08-01T11:24:09.144+0000] {processor.py:176} INFO - Processing /opt/airflow/dags/subdags/subdag_transforms.py took 0.025 seconds
[2023-08-01T11:24:39.767+0000] {processor.py:154} INFO - Started process (PID=1415) to work on /opt/airflow/dags/subdags/subdag_transforms.py
[2023-08-01T11:24:39.770+0000] {processor.py:756} INFO - Processing file /opt/airflow/dags/subdags/subdag_transforms.py for tasks to queue
[2023-08-01T11:24:39.771+0000] {logging_mixin.py:120} INFO - [2023-08-01T11:24:39.771+0000] {dagbag.py:537} INFO - Filling up the DagBag from /opt/airflow/dags/subdags/subdag_transforms.py
[2023-08-01T11:24:39.782+0000] {processor.py:768} WARNING - No viable dags retrieved from /opt/airflow/dags/subdags/subdag_transforms.py
[2023-08-01T11:24:39.803+0000] {processor.py:176} INFO - Processing /opt/airflow/dags/subdags/subdag_transforms.py took 0.042 seconds
[2023-08-01T11:25:10.428+0000] {processor.py:154} INFO - Started process (PID=1441) to work on /opt/airflow/dags/subdags/subdag_transforms.py
[2023-08-01T11:25:10.429+0000] {processor.py:756} INFO - Processing file /opt/airflow/dags/subdags/subdag_transforms.py for tasks to queue
[2023-08-01T11:25:10.430+0000] {logging_mixin.py:120} INFO - [2023-08-01T11:25:10.430+0000] {dagbag.py:537} INFO - Filling up the DagBag from /opt/airflow/dags/subdags/subdag_transforms.py
[2023-08-01T11:25:10.436+0000] {processor.py:768} WARNING - No viable dags retrieved from /opt/airflow/dags/subdags/subdag_transforms.py
[2023-08-01T11:25:10.450+0000] {processor.py:176} INFO - Processing /opt/airflow/dags/subdags/subdag_transforms.py took 0.025 seconds
[2023-08-01T11:25:41.049+0000] {processor.py:154} INFO - Started process (PID=1476) to work on /opt/airflow/dags/subdags/subdag_transforms.py
[2023-08-01T11:25:41.052+0000] {processor.py:756} INFO - Processing file /opt/airflow/dags/subdags/subdag_transforms.py for tasks to queue
[2023-08-01T11:25:41.053+0000] {logging_mixin.py:120} INFO - [2023-08-01T11:25:41.053+0000] {dagbag.py:537} INFO - Filling up the DagBag from /opt/airflow/dags/subdags/subdag_transforms.py
[2023-08-01T11:25:41.064+0000] {processor.py:768} WARNING - No viable dags retrieved from /opt/airflow/dags/subdags/subdag_transforms.py
[2023-08-01T11:25:41.079+0000] {processor.py:176} INFO - Processing /opt/airflow/dags/subdags/subdag_transforms.py took 0.037 seconds
[2023-08-01T11:26:11.611+0000] {processor.py:154} INFO - Started process (PID=1511) to work on /opt/airflow/dags/subdags/subdag_transforms.py
[2023-08-01T11:26:11.615+0000] {processor.py:756} INFO - Processing file /opt/airflow/dags/subdags/subdag_transforms.py for tasks to queue
[2023-08-01T11:26:11.617+0000] {logging_mixin.py:120} INFO - [2023-08-01T11:26:11.617+0000] {dagbag.py:537} INFO - Filling up the DagBag from /opt/airflow/dags/subdags/subdag_transforms.py
[2023-08-01T11:26:11.628+0000] {processor.py:768} WARNING - No viable dags retrieved from /opt/airflow/dags/subdags/subdag_transforms.py
[2023-08-01T11:26:11.646+0000] {processor.py:176} INFO - Processing /opt/airflow/dags/subdags/subdag_transforms.py took 0.043 seconds
[2023-08-01T11:26:42.252+0000] {processor.py:154} INFO - Started process (PID=1546) to work on /opt/airflow/dags/subdags/subdag_transforms.py
[2023-08-01T11:26:42.256+0000] {processor.py:756} INFO - Processing file /opt/airflow/dags/subdags/subdag_transforms.py for tasks to queue
[2023-08-01T11:26:42.257+0000] {logging_mixin.py:120} INFO - [2023-08-01T11:26:42.257+0000] {dagbag.py:537} INFO - Filling up the DagBag from /opt/airflow/dags/subdags/subdag_transforms.py
[2023-08-01T11:26:42.269+0000] {processor.py:768} WARNING - No viable dags retrieved from /opt/airflow/dags/subdags/subdag_transforms.py
[2023-08-01T11:26:42.289+0000] {processor.py:176} INFO - Processing /opt/airflow/dags/subdags/subdag_transforms.py took 0.044 seconds
[2023-08-01T11:27:12.857+0000] {processor.py:154} INFO - Started process (PID=1581) to work on /opt/airflow/dags/subdags/subdag_transforms.py
[2023-08-01T11:27:12.859+0000] {processor.py:756} INFO - Processing file /opt/airflow/dags/subdags/subdag_transforms.py for tasks to queue
[2023-08-01T11:27:12.860+0000] {logging_mixin.py:120} INFO - [2023-08-01T11:27:12.859+0000] {dagbag.py:537} INFO - Filling up the DagBag from /opt/airflow/dags/subdags/subdag_transforms.py
[2023-08-01T11:27:12.865+0000] {processor.py:768} WARNING - No viable dags retrieved from /opt/airflow/dags/subdags/subdag_transforms.py
[2023-08-01T11:27:12.877+0000] {processor.py:176} INFO - Processing /opt/airflow/dags/subdags/subdag_transforms.py took 0.023 seconds
[2023-08-01T11:27:43.489+0000] {processor.py:154} INFO - Started process (PID=1616) to work on /opt/airflow/dags/subdags/subdag_transforms.py
[2023-08-01T11:27:43.493+0000] {processor.py:756} INFO - Processing file /opt/airflow/dags/subdags/subdag_transforms.py for tasks to queue
[2023-08-01T11:27:43.494+0000] {logging_mixin.py:120} INFO - [2023-08-01T11:27:43.494+0000] {dagbag.py:537} INFO - Filling up the DagBag from /opt/airflow/dags/subdags/subdag_transforms.py
[2023-08-01T11:27:43.505+0000] {processor.py:768} WARNING - No viable dags retrieved from /opt/airflow/dags/subdags/subdag_transforms.py
[2023-08-01T11:27:43.524+0000] {processor.py:176} INFO - Processing /opt/airflow/dags/subdags/subdag_transforms.py took 0.042 seconds
[2023-08-01T11:28:14.141+0000] {processor.py:154} INFO - Started process (PID=1649) to work on /opt/airflow/dags/subdags/subdag_transforms.py
[2023-08-01T11:28:14.143+0000] {processor.py:756} INFO - Processing file /opt/airflow/dags/subdags/subdag_transforms.py for tasks to queue
[2023-08-01T11:28:14.144+0000] {logging_mixin.py:120} INFO - [2023-08-01T11:28:14.144+0000] {dagbag.py:537} INFO - Filling up the DagBag from /opt/airflow/dags/subdags/subdag_transforms.py
[2023-08-01T11:28:14.149+0000] {processor.py:768} WARNING - No viable dags retrieved from /opt/airflow/dags/subdags/subdag_transforms.py
[2023-08-01T11:28:14.175+0000] {processor.py:176} INFO - Processing /opt/airflow/dags/subdags/subdag_transforms.py took 0.038 seconds
[2023-08-01T11:28:44.292+0000] {processor.py:154} INFO - Started process (PID=1676) to work on /opt/airflow/dags/subdags/subdag_transforms.py
[2023-08-01T11:28:44.295+0000] {processor.py:756} INFO - Processing file /opt/airflow/dags/subdags/subdag_transforms.py for tasks to queue
[2023-08-01T11:28:44.296+0000] {logging_mixin.py:120} INFO - [2023-08-01T11:28:44.296+0000] {dagbag.py:537} INFO - Filling up the DagBag from /opt/airflow/dags/subdags/subdag_transforms.py
[2023-08-01T11:28:44.304+0000] {processor.py:768} WARNING - No viable dags retrieved from /opt/airflow/dags/subdags/subdag_transforms.py
[2023-08-01T11:28:44.321+0000] {processor.py:176} INFO - Processing /opt/airflow/dags/subdags/subdag_transforms.py took 0.034 seconds
[2023-08-01T11:29:14.420+0000] {processor.py:154} INFO - Started process (PID=1711) to work on /opt/airflow/dags/subdags/subdag_transforms.py
[2023-08-01T11:29:14.422+0000] {processor.py:756} INFO - Processing file /opt/airflow/dags/subdags/subdag_transforms.py for tasks to queue
[2023-08-01T11:29:14.423+0000] {logging_mixin.py:120} INFO - [2023-08-01T11:29:14.423+0000] {dagbag.py:537} INFO - Filling up the DagBag from /opt/airflow/dags/subdags/subdag_transforms.py
[2023-08-01T11:29:14.428+0000] {processor.py:768} WARNING - No viable dags retrieved from /opt/airflow/dags/subdags/subdag_transforms.py
[2023-08-01T11:29:14.441+0000] {processor.py:176} INFO - Processing /opt/airflow/dags/subdags/subdag_transforms.py took 0.023 seconds
[2023-08-01T11:29:44.923+0000] {processor.py:154} INFO - Started process (PID=1743) to work on /opt/airflow/dags/subdags/subdag_transforms.py
[2023-08-01T11:29:44.925+0000] {processor.py:756} INFO - Processing file /opt/airflow/dags/subdags/subdag_transforms.py for tasks to queue
[2023-08-01T11:29:44.925+0000] {logging_mixin.py:120} INFO - [2023-08-01T11:29:44.925+0000] {dagbag.py:537} INFO - Filling up the DagBag from /opt/airflow/dags/subdags/subdag_transforms.py
[2023-08-01T11:29:44.932+0000] {processor.py:768} WARNING - No viable dags retrieved from /opt/airflow/dags/subdags/subdag_transforms.py
[2023-08-01T11:29:44.948+0000] {processor.py:176} INFO - Processing /opt/airflow/dags/subdags/subdag_transforms.py took 0.028 seconds
