[2023-08-01T10:51:59.259+0000] {processor.py:154} INFO - Started process (PID=1280) to work on /opt/airflow/dags/subdags/subdag_downloads.py
[2023-08-01T10:51:59.261+0000] {processor.py:756} INFO - Processing file /opt/airflow/dags/subdags/subdag_downloads.py for tasks to queue
[2023-08-01T10:51:59.262+0000] {logging_mixin.py:120} INFO - [2023-08-01T10:51:59.262+0000] {dagbag.py:537} INFO - Filling up the DagBag from /opt/airflow/dags/subdags/subdag_downloads.py
[2023-08-01T10:51:59.267+0000] {processor.py:768} WARNING - No viable dags retrieved from /opt/airflow/dags/subdags/subdag_downloads.py
[2023-08-01T10:51:59.281+0000] {processor.py:176} INFO - Processing /opt/airflow/dags/subdags/subdag_downloads.py took 0.024 seconds
[2023-08-01T10:52:29.893+0000] {processor.py:154} INFO - Started process (PID=1317) to work on /opt/airflow/dags/subdags/subdag_downloads.py
[2023-08-01T10:52:29.895+0000] {processor.py:756} INFO - Processing file /opt/airflow/dags/subdags/subdag_downloads.py for tasks to queue
[2023-08-01T10:52:29.897+0000] {logging_mixin.py:120} INFO - [2023-08-01T10:52:29.896+0000] {dagbag.py:537} INFO - Filling up the DagBag from /opt/airflow/dags/subdags/subdag_downloads.py
[2023-08-01T10:52:29.905+0000] {processor.py:768} WARNING - No viable dags retrieved from /opt/airflow/dags/subdags/subdag_downloads.py
[2023-08-01T10:52:29.922+0000] {processor.py:176} INFO - Processing /opt/airflow/dags/subdags/subdag_downloads.py took 0.033 seconds
[2023-08-01T10:53:00.469+0000] {processor.py:154} INFO - Started process (PID=1352) to work on /opt/airflow/dags/subdags/subdag_downloads.py
[2023-08-01T10:53:00.471+0000] {processor.py:756} INFO - Processing file /opt/airflow/dags/subdags/subdag_downloads.py for tasks to queue
[2023-08-01T10:53:00.472+0000] {logging_mixin.py:120} INFO - [2023-08-01T10:53:00.472+0000] {dagbag.py:537} INFO - Filling up the DagBag from /opt/airflow/dags/subdags/subdag_downloads.py
[2023-08-01T10:53:00.479+0000] {processor.py:768} WARNING - No viable dags retrieved from /opt/airflow/dags/subdags/subdag_downloads.py
[2023-08-01T10:53:00.494+0000] {processor.py:176} INFO - Processing /opt/airflow/dags/subdags/subdag_downloads.py took 0.028 seconds
[2023-08-01T10:53:31.032+0000] {processor.py:154} INFO - Started process (PID=1385) to work on /opt/airflow/dags/subdags/subdag_downloads.py
[2023-08-01T10:53:31.034+0000] {processor.py:756} INFO - Processing file /opt/airflow/dags/subdags/subdag_downloads.py for tasks to queue
[2023-08-01T10:53:31.035+0000] {logging_mixin.py:120} INFO - [2023-08-01T10:53:31.035+0000] {dagbag.py:537} INFO - Filling up the DagBag from /opt/airflow/dags/subdags/subdag_downloads.py
[2023-08-01T10:53:31.041+0000] {processor.py:768} WARNING - No viable dags retrieved from /opt/airflow/dags/subdags/subdag_downloads.py
[2023-08-01T10:53:31.054+0000] {processor.py:176} INFO - Processing /opt/airflow/dags/subdags/subdag_downloads.py took 0.024 seconds
[2023-08-01T10:54:01.675+0000] {processor.py:154} INFO - Started process (PID=1410) to work on /opt/airflow/dags/subdags/subdag_downloads.py
[2023-08-01T10:54:01.679+0000] {processor.py:756} INFO - Processing file /opt/airflow/dags/subdags/subdag_downloads.py for tasks to queue
[2023-08-01T10:54:01.680+0000] {logging_mixin.py:120} INFO - [2023-08-01T10:54:01.680+0000] {dagbag.py:537} INFO - Filling up the DagBag from /opt/airflow/dags/subdags/subdag_downloads.py
[2023-08-01T10:54:01.688+0000] {processor.py:768} WARNING - No viable dags retrieved from /opt/airflow/dags/subdags/subdag_downloads.py
[2023-08-01T10:54:01.702+0000] {processor.py:176} INFO - Processing /opt/airflow/dags/subdags/subdag_downloads.py took 0.032 seconds
[2023-08-01T10:54:31.835+0000] {processor.py:154} INFO - Started process (PID=1445) to work on /opt/airflow/dags/subdags/subdag_downloads.py
[2023-08-01T10:54:31.838+0000] {processor.py:756} INFO - Processing file /opt/airflow/dags/subdags/subdag_downloads.py for tasks to queue
[2023-08-01T10:54:31.839+0000] {logging_mixin.py:120} INFO - [2023-08-01T10:54:31.839+0000] {dagbag.py:537} INFO - Filling up the DagBag from /opt/airflow/dags/subdags/subdag_downloads.py
[2023-08-01T10:54:31.845+0000] {processor.py:768} WARNING - No viable dags retrieved from /opt/airflow/dags/subdags/subdag_downloads.py
[2023-08-01T10:54:31.861+0000] {processor.py:176} INFO - Processing /opt/airflow/dags/subdags/subdag_downloads.py took 0.029 seconds
[2023-08-01T10:55:02.484+0000] {processor.py:154} INFO - Started process (PID=1479) to work on /opt/airflow/dags/subdags/subdag_downloads.py
[2023-08-01T10:55:02.488+0000] {processor.py:756} INFO - Processing file /opt/airflow/dags/subdags/subdag_downloads.py for tasks to queue
[2023-08-01T10:55:02.489+0000] {logging_mixin.py:120} INFO - [2023-08-01T10:55:02.489+0000] {dagbag.py:537} INFO - Filling up the DagBag from /opt/airflow/dags/subdags/subdag_downloads.py
[2023-08-01T10:55:02.498+0000] {processor.py:768} WARNING - No viable dags retrieved from /opt/airflow/dags/subdags/subdag_downloads.py
[2023-08-01T10:55:02.517+0000] {processor.py:176} INFO - Processing /opt/airflow/dags/subdags/subdag_downloads.py took 0.037 seconds
[2023-08-01T10:55:33.134+0000] {processor.py:154} INFO - Started process (PID=1513) to work on /opt/airflow/dags/subdags/subdag_downloads.py
[2023-08-01T10:55:33.136+0000] {processor.py:756} INFO - Processing file /opt/airflow/dags/subdags/subdag_downloads.py for tasks to queue
[2023-08-01T10:55:33.137+0000] {logging_mixin.py:120} INFO - [2023-08-01T10:55:33.137+0000] {dagbag.py:537} INFO - Filling up the DagBag from /opt/airflow/dags/subdags/subdag_downloads.py
[2023-08-01T10:55:33.145+0000] {processor.py:768} WARNING - No viable dags retrieved from /opt/airflow/dags/subdags/subdag_downloads.py
[2023-08-01T10:55:33.163+0000] {processor.py:176} INFO - Processing /opt/airflow/dags/subdags/subdag_downloads.py took 0.034 seconds
[2023-08-01T10:56:03.718+0000] {processor.py:154} INFO - Started process (PID=1547) to work on /opt/airflow/dags/subdags/subdag_downloads.py
[2023-08-01T10:56:03.722+0000] {processor.py:756} INFO - Processing file /opt/airflow/dags/subdags/subdag_downloads.py for tasks to queue
[2023-08-01T10:56:03.724+0000] {logging_mixin.py:120} INFO - [2023-08-01T10:56:03.724+0000] {dagbag.py:537} INFO - Filling up the DagBag from /opt/airflow/dags/subdags/subdag_downloads.py
[2023-08-01T10:56:03.735+0000] {processor.py:768} WARNING - No viable dags retrieved from /opt/airflow/dags/subdags/subdag_downloads.py
[2023-08-01T10:56:03.755+0000] {processor.py:176} INFO - Processing /opt/airflow/dags/subdags/subdag_downloads.py took 0.043 seconds
[2023-08-01T10:56:34.337+0000] {processor.py:154} INFO - Started process (PID=1581) to work on /opt/airflow/dags/subdags/subdag_downloads.py
[2023-08-01T10:56:34.339+0000] {processor.py:756} INFO - Processing file /opt/airflow/dags/subdags/subdag_downloads.py for tasks to queue
[2023-08-01T10:56:34.345+0000] {logging_mixin.py:120} INFO - [2023-08-01T10:56:34.345+0000] {dagbag.py:537} INFO - Filling up the DagBag from /opt/airflow/dags/subdags/subdag_downloads.py
[2023-08-01T10:56:34.363+0000] {processor.py:768} WARNING - No viable dags retrieved from /opt/airflow/dags/subdags/subdag_downloads.py
[2023-08-01T10:56:34.418+0000] {processor.py:176} INFO - Processing /opt/airflow/dags/subdags/subdag_downloads.py took 0.084 seconds
[2023-08-01T10:57:05.025+0000] {processor.py:154} INFO - Started process (PID=1608) to work on /opt/airflow/dags/subdags/subdag_downloads.py
[2023-08-01T10:57:05.029+0000] {processor.py:756} INFO - Processing file /opt/airflow/dags/subdags/subdag_downloads.py for tasks to queue
[2023-08-01T10:57:05.031+0000] {logging_mixin.py:120} INFO - [2023-08-01T10:57:05.031+0000] {dagbag.py:537} INFO - Filling up the DagBag from /opt/airflow/dags/subdags/subdag_downloads.py
[2023-08-01T10:57:05.047+0000] {processor.py:768} WARNING - No viable dags retrieved from /opt/airflow/dags/subdags/subdag_downloads.py
[2023-08-01T10:57:05.063+0000] {processor.py:176} INFO - Processing /opt/airflow/dags/subdags/subdag_downloads.py took 0.044 seconds
[2023-08-01T10:57:35.714+0000] {processor.py:154} INFO - Started process (PID=1643) to work on /opt/airflow/dags/subdags/subdag_downloads.py
[2023-08-01T10:57:35.719+0000] {processor.py:756} INFO - Processing file /opt/airflow/dags/subdags/subdag_downloads.py for tasks to queue
[2023-08-01T10:57:35.720+0000] {logging_mixin.py:120} INFO - [2023-08-01T10:57:35.720+0000] {dagbag.py:537} INFO - Filling up the DagBag from /opt/airflow/dags/subdags/subdag_downloads.py
[2023-08-01T10:57:35.733+0000] {processor.py:768} WARNING - No viable dags retrieved from /opt/airflow/dags/subdags/subdag_downloads.py
[2023-08-01T10:57:35.756+0000] {processor.py:176} INFO - Processing /opt/airflow/dags/subdags/subdag_downloads.py took 0.048 seconds
[2023-08-01T10:58:06.377+0000] {processor.py:154} INFO - Started process (PID=1678) to work on /opt/airflow/dags/subdags/subdag_downloads.py
[2023-08-01T10:58:06.381+0000] {processor.py:756} INFO - Processing file /opt/airflow/dags/subdags/subdag_downloads.py for tasks to queue
[2023-08-01T10:58:06.382+0000] {logging_mixin.py:120} INFO - [2023-08-01T10:58:06.382+0000] {dagbag.py:537} INFO - Filling up the DagBag from /opt/airflow/dags/subdags/subdag_downloads.py
[2023-08-01T10:58:06.394+0000] {processor.py:768} WARNING - No viable dags retrieved from /opt/airflow/dags/subdags/subdag_downloads.py
[2023-08-01T10:58:06.416+0000] {processor.py:176} INFO - Processing /opt/airflow/dags/subdags/subdag_downloads.py took 0.046 seconds
[2023-08-01T10:58:37.020+0000] {processor.py:154} INFO - Started process (PID=1712) to work on /opt/airflow/dags/subdags/subdag_downloads.py
[2023-08-01T10:58:37.023+0000] {processor.py:756} INFO - Processing file /opt/airflow/dags/subdags/subdag_downloads.py for tasks to queue
[2023-08-01T10:58:37.025+0000] {logging_mixin.py:120} INFO - [2023-08-01T10:58:37.025+0000] {dagbag.py:537} INFO - Filling up the DagBag from /opt/airflow/dags/subdags/subdag_downloads.py
[2023-08-01T10:58:37.044+0000] {processor.py:768} WARNING - No viable dags retrieved from /opt/airflow/dags/subdags/subdag_downloads.py
[2023-08-01T10:58:37.064+0000] {processor.py:176} INFO - Processing /opt/airflow/dags/subdags/subdag_downloads.py took 0.050 seconds
[2023-08-01T10:58:55.273+0000] {processor.py:154} INFO - Started process (PID=1731) to work on /opt/airflow/dags/subdags/subdag_downloads.py
[2023-08-01T10:58:55.274+0000] {processor.py:756} INFO - Processing file /opt/airflow/dags/subdags/subdag_downloads.py for tasks to queue
[2023-08-01T10:58:55.275+0000] {logging_mixin.py:120} INFO - [2023-08-01T10:58:55.275+0000] {dagbag.py:537} INFO - Filling up the DagBag from /opt/airflow/dags/subdags/subdag_downloads.py
[2023-08-01T10:58:55.286+0000] {processor.py:768} WARNING - No viable dags retrieved from /opt/airflow/dags/subdags/subdag_downloads.py
[2023-08-01T10:58:55.299+0000] {processor.py:176} INFO - Processing /opt/airflow/dags/subdags/subdag_downloads.py took 0.028 seconds
[2023-08-01T10:59:25.882+0000] {processor.py:154} INFO - Started process (PID=1764) to work on /opt/airflow/dags/subdags/subdag_downloads.py
[2023-08-01T10:59:25.884+0000] {processor.py:756} INFO - Processing file /opt/airflow/dags/subdags/subdag_downloads.py for tasks to queue
[2023-08-01T10:59:25.884+0000] {logging_mixin.py:120} INFO - [2023-08-01T10:59:25.884+0000] {dagbag.py:537} INFO - Filling up the DagBag from /opt/airflow/dags/subdags/subdag_downloads.py
[2023-08-01T10:59:25.890+0000] {processor.py:768} WARNING - No viable dags retrieved from /opt/airflow/dags/subdags/subdag_downloads.py
[2023-08-01T10:59:25.904+0000] {processor.py:176} INFO - Processing /opt/airflow/dags/subdags/subdag_downloads.py took 0.023 seconds
[2023-08-01T10:59:56.502+0000] {processor.py:154} INFO - Started process (PID=1791) to work on /opt/airflow/dags/subdags/subdag_downloads.py
[2023-08-01T10:59:56.504+0000] {processor.py:756} INFO - Processing file /opt/airflow/dags/subdags/subdag_downloads.py for tasks to queue
[2023-08-01T10:59:56.506+0000] {logging_mixin.py:120} INFO - [2023-08-01T10:59:56.506+0000] {dagbag.py:537} INFO - Filling up the DagBag from /opt/airflow/dags/subdags/subdag_downloads.py
[2023-08-01T10:59:56.520+0000] {processor.py:768} WARNING - No viable dags retrieved from /opt/airflow/dags/subdags/subdag_downloads.py
[2023-08-01T10:59:56.545+0000] {processor.py:176} INFO - Processing /opt/airflow/dags/subdags/subdag_downloads.py took 0.051 seconds
[2023-08-01T11:00:27.091+0000] {processor.py:154} INFO - Started process (PID=1826) to work on /opt/airflow/dags/subdags/subdag_downloads.py
[2023-08-01T11:00:27.093+0000] {processor.py:756} INFO - Processing file /opt/airflow/dags/subdags/subdag_downloads.py for tasks to queue
[2023-08-01T11:00:27.095+0000] {logging_mixin.py:120} INFO - [2023-08-01T11:00:27.094+0000] {dagbag.py:537} INFO - Filling up the DagBag from /opt/airflow/dags/subdags/subdag_downloads.py
[2023-08-01T11:00:27.105+0000] {processor.py:768} WARNING - No viable dags retrieved from /opt/airflow/dags/subdags/subdag_downloads.py
[2023-08-01T11:00:27.124+0000] {processor.py:176} INFO - Processing /opt/airflow/dags/subdags/subdag_downloads.py took 0.039 seconds
[2023-08-01T11:00:57.638+0000] {processor.py:154} INFO - Started process (PID=1861) to work on /opt/airflow/dags/subdags/subdag_downloads.py
[2023-08-01T11:00:57.639+0000] {processor.py:756} INFO - Processing file /opt/airflow/dags/subdags/subdag_downloads.py for tasks to queue
[2023-08-01T11:00:57.640+0000] {logging_mixin.py:120} INFO - [2023-08-01T11:00:57.640+0000] {dagbag.py:537} INFO - Filling up the DagBag from /opt/airflow/dags/subdags/subdag_downloads.py
[2023-08-01T11:00:57.649+0000] {processor.py:768} WARNING - No viable dags retrieved from /opt/airflow/dags/subdags/subdag_downloads.py
[2023-08-01T11:00:57.670+0000] {processor.py:176} INFO - Processing /opt/airflow/dags/subdags/subdag_downloads.py took 0.037 seconds
[2023-08-01T11:01:28.285+0000] {processor.py:154} INFO - Started process (PID=1895) to work on /opt/airflow/dags/subdags/subdag_downloads.py
[2023-08-01T11:01:28.287+0000] {processor.py:756} INFO - Processing file /opt/airflow/dags/subdags/subdag_downloads.py for tasks to queue
[2023-08-01T11:01:28.287+0000] {logging_mixin.py:120} INFO - [2023-08-01T11:01:28.287+0000] {dagbag.py:537} INFO - Filling up the DagBag from /opt/airflow/dags/subdags/subdag_downloads.py
[2023-08-01T11:01:28.294+0000] {processor.py:768} WARNING - No viable dags retrieved from /opt/airflow/dags/subdags/subdag_downloads.py
[2023-08-01T11:01:28.310+0000] {processor.py:176} INFO - Processing /opt/airflow/dags/subdags/subdag_downloads.py took 0.029 seconds
[2023-08-01T11:01:58.860+0000] {processor.py:154} INFO - Started process (PID=1930) to work on /opt/airflow/dags/subdags/subdag_downloads.py
[2023-08-01T11:01:58.861+0000] {processor.py:756} INFO - Processing file /opt/airflow/dags/subdags/subdag_downloads.py for tasks to queue
[2023-08-01T11:01:58.862+0000] {logging_mixin.py:120} INFO - [2023-08-01T11:01:58.862+0000] {dagbag.py:537} INFO - Filling up the DagBag from /opt/airflow/dags/subdags/subdag_downloads.py
[2023-08-01T11:01:58.868+0000] {processor.py:768} WARNING - No viable dags retrieved from /opt/airflow/dags/subdags/subdag_downloads.py
[2023-08-01T11:01:58.884+0000] {processor.py:176} INFO - Processing /opt/airflow/dags/subdags/subdag_downloads.py took 0.027 seconds
[2023-08-01T11:02:29.043+0000] {processor.py:154} INFO - Started process (PID=1965) to work on /opt/airflow/dags/subdags/subdag_downloads.py
[2023-08-01T11:02:29.044+0000] {processor.py:756} INFO - Processing file /opt/airflow/dags/subdags/subdag_downloads.py for tasks to queue
[2023-08-01T11:02:29.046+0000] {logging_mixin.py:120} INFO - [2023-08-01T11:02:29.045+0000] {dagbag.py:537} INFO - Filling up the DagBag from /opt/airflow/dags/subdags/subdag_downloads.py
[2023-08-01T11:02:29.057+0000] {processor.py:768} WARNING - No viable dags retrieved from /opt/airflow/dags/subdags/subdag_downloads.py
[2023-08-01T11:02:29.082+0000] {processor.py:176} INFO - Processing /opt/airflow/dags/subdags/subdag_downloads.py took 0.045 seconds
[2023-08-01T11:02:44.842+0000] {processor.py:154} INFO - Started process (PID=1979) to work on /opt/airflow/dags/subdags/subdag_downloads.py
[2023-08-01T11:02:44.845+0000] {processor.py:756} INFO - Processing file /opt/airflow/dags/subdags/subdag_downloads.py for tasks to queue
[2023-08-01T11:02:44.847+0000] {logging_mixin.py:120} INFO - [2023-08-01T11:02:44.847+0000] {dagbag.py:537} INFO - Filling up the DagBag from /opt/airflow/dags/subdags/subdag_downloads.py
[2023-08-01T11:02:44.866+0000] {processor.py:768} WARNING - No viable dags retrieved from /opt/airflow/dags/subdags/subdag_downloads.py
[2023-08-01T11:02:44.888+0000] {processor.py:176} INFO - Processing /opt/airflow/dags/subdags/subdag_downloads.py took 0.052 seconds
[2023-08-01T11:03:36.373+0000] {processor.py:154} INFO - Started process (PID=34) to work on /opt/airflow/dags/subdags/subdag_downloads.py
[2023-08-01T11:03:36.378+0000] {processor.py:756} INFO - Processing file /opt/airflow/dags/subdags/subdag_downloads.py for tasks to queue
[2023-08-01T11:03:36.379+0000] {logging_mixin.py:120} INFO - [2023-08-01T11:03:36.378+0000] {dagbag.py:537} INFO - Filling up the DagBag from /opt/airflow/dags/subdags/subdag_downloads.py
[2023-08-01T11:03:36.388+0000] {processor.py:768} WARNING - No viable dags retrieved from /opt/airflow/dags/subdags/subdag_downloads.py
[2023-08-01T11:03:36.403+0000] {processor.py:176} INFO - Processing /opt/airflow/dags/subdags/subdag_downloads.py took 0.036 seconds
[2023-08-01T11:04:06.469+0000] {processor.py:154} INFO - Started process (PID=67) to work on /opt/airflow/dags/subdags/subdag_downloads.py
[2023-08-01T11:04:06.471+0000] {processor.py:756} INFO - Processing file /opt/airflow/dags/subdags/subdag_downloads.py for tasks to queue
[2023-08-01T11:04:06.473+0000] {logging_mixin.py:120} INFO - [2023-08-01T11:04:06.473+0000] {dagbag.py:537} INFO - Filling up the DagBag from /opt/airflow/dags/subdags/subdag_downloads.py
[2023-08-01T11:04:06.483+0000] {processor.py:768} WARNING - No viable dags retrieved from /opt/airflow/dags/subdags/subdag_downloads.py
[2023-08-01T11:04:06.510+0000] {processor.py:176} INFO - Processing /opt/airflow/dags/subdags/subdag_downloads.py took 0.048 seconds
[2023-08-01T11:04:36.689+0000] {processor.py:154} INFO - Started process (PID=101) to work on /opt/airflow/dags/subdags/subdag_downloads.py
[2023-08-01T11:04:36.690+0000] {processor.py:756} INFO - Processing file /opt/airflow/dags/subdags/subdag_downloads.py for tasks to queue
[2023-08-01T11:04:36.691+0000] {logging_mixin.py:120} INFO - [2023-08-01T11:04:36.691+0000] {dagbag.py:537} INFO - Filling up the DagBag from /opt/airflow/dags/subdags/subdag_downloads.py
[2023-08-01T11:04:36.696+0000] {processor.py:768} WARNING - No viable dags retrieved from /opt/airflow/dags/subdags/subdag_downloads.py
[2023-08-01T11:04:36.710+0000] {processor.py:176} INFO - Processing /opt/airflow/dags/subdags/subdag_downloads.py took 0.024 seconds
[2023-08-01T11:05:06.782+0000] {processor.py:154} INFO - Started process (PID=136) to work on /opt/airflow/dags/subdags/subdag_downloads.py
[2023-08-01T11:05:06.783+0000] {processor.py:756} INFO - Processing file /opt/airflow/dags/subdags/subdag_downloads.py for tasks to queue
[2023-08-01T11:05:06.784+0000] {logging_mixin.py:120} INFO - [2023-08-01T11:05:06.784+0000] {dagbag.py:537} INFO - Filling up the DagBag from /opt/airflow/dags/subdags/subdag_downloads.py
[2023-08-01T11:05:06.790+0000] {processor.py:768} WARNING - No viable dags retrieved from /opt/airflow/dags/subdags/subdag_downloads.py
[2023-08-01T11:05:06.804+0000] {processor.py:176} INFO - Processing /opt/airflow/dags/subdags/subdag_downloads.py took 0.025 seconds
[2023-08-01T11:05:36.868+0000] {processor.py:154} INFO - Started process (PID=164) to work on /opt/airflow/dags/subdags/subdag_downloads.py
[2023-08-01T11:05:36.871+0000] {processor.py:756} INFO - Processing file /opt/airflow/dags/subdags/subdag_downloads.py for tasks to queue
[2023-08-01T11:05:36.873+0000] {logging_mixin.py:120} INFO - [2023-08-01T11:05:36.873+0000] {dagbag.py:537} INFO - Filling up the DagBag from /opt/airflow/dags/subdags/subdag_downloads.py
[2023-08-01T11:05:36.887+0000] {processor.py:768} WARNING - No viable dags retrieved from /opt/airflow/dags/subdags/subdag_downloads.py
[2023-08-01T11:05:36.906+0000] {processor.py:176} INFO - Processing /opt/airflow/dags/subdags/subdag_downloads.py took 0.045 seconds
[2023-08-01T11:06:07.602+0000] {processor.py:154} INFO - Started process (PID=199) to work on /opt/airflow/dags/subdags/subdag_downloads.py
[2023-08-01T11:06:07.606+0000] {processor.py:756} INFO - Processing file /opt/airflow/dags/subdags/subdag_downloads.py for tasks to queue
[2023-08-01T11:06:07.608+0000] {logging_mixin.py:120} INFO - [2023-08-01T11:06:07.608+0000] {dagbag.py:537} INFO - Filling up the DagBag from /opt/airflow/dags/subdags/subdag_downloads.py
[2023-08-01T11:06:07.619+0000] {processor.py:768} WARNING - No viable dags retrieved from /opt/airflow/dags/subdags/subdag_downloads.py
[2023-08-01T11:06:07.635+0000] {processor.py:176} INFO - Processing /opt/airflow/dags/subdags/subdag_downloads.py took 0.040 seconds
[2023-08-01T11:06:37.916+0000] {processor.py:154} INFO - Started process (PID=231) to work on /opt/airflow/dags/subdags/subdag_downloads.py
[2023-08-01T11:06:37.918+0000] {processor.py:756} INFO - Processing file /opt/airflow/dags/subdags/subdag_downloads.py for tasks to queue
[2023-08-01T11:06:37.920+0000] {logging_mixin.py:120} INFO - [2023-08-01T11:06:37.919+0000] {dagbag.py:537} INFO - Filling up the DagBag from /opt/airflow/dags/subdags/subdag_downloads.py
[2023-08-01T11:06:37.931+0000] {processor.py:768} WARNING - No viable dags retrieved from /opt/airflow/dags/subdags/subdag_downloads.py
[2023-08-01T11:06:37.950+0000] {processor.py:176} INFO - Processing /opt/airflow/dags/subdags/subdag_downloads.py took 0.041 seconds
[2023-08-01T11:07:08.648+0000] {processor.py:154} INFO - Started process (PID=266) to work on /opt/airflow/dags/subdags/subdag_downloads.py
[2023-08-01T11:07:08.650+0000] {processor.py:756} INFO - Processing file /opt/airflow/dags/subdags/subdag_downloads.py for tasks to queue
[2023-08-01T11:07:08.650+0000] {logging_mixin.py:120} INFO - [2023-08-01T11:07:08.650+0000] {dagbag.py:537} INFO - Filling up the DagBag from /opt/airflow/dags/subdags/subdag_downloads.py
[2023-08-01T11:07:08.656+0000] {processor.py:768} WARNING - No viable dags retrieved from /opt/airflow/dags/subdags/subdag_downloads.py
[2023-08-01T11:07:08.670+0000] {processor.py:176} INFO - Processing /opt/airflow/dags/subdags/subdag_downloads.py took 0.025 seconds
[2023-08-01T11:07:38.907+0000] {processor.py:154} INFO - Started process (PID=298) to work on /opt/airflow/dags/subdags/subdag_downloads.py
[2023-08-01T11:07:38.909+0000] {processor.py:756} INFO - Processing file /opt/airflow/dags/subdags/subdag_downloads.py for tasks to queue
[2023-08-01T11:07:38.910+0000] {logging_mixin.py:120} INFO - [2023-08-01T11:07:38.910+0000] {dagbag.py:537} INFO - Filling up the DagBag from /opt/airflow/dags/subdags/subdag_downloads.py
[2023-08-01T11:07:38.916+0000] {processor.py:768} WARNING - No viable dags retrieved from /opt/airflow/dags/subdags/subdag_downloads.py
[2023-08-01T11:07:38.928+0000] {processor.py:176} INFO - Processing /opt/airflow/dags/subdags/subdag_downloads.py took 0.023 seconds
[2023-08-01T11:08:09.147+0000] {processor.py:154} INFO - Started process (PID=322) to work on /opt/airflow/dags/subdags/subdag_downloads.py
[2023-08-01T11:08:09.149+0000] {processor.py:756} INFO - Processing file /opt/airflow/dags/subdags/subdag_downloads.py for tasks to queue
[2023-08-01T11:08:09.151+0000] {logging_mixin.py:120} INFO - [2023-08-01T11:08:09.151+0000] {dagbag.py:537} INFO - Filling up the DagBag from /opt/airflow/dags/subdags/subdag_downloads.py
[2023-08-01T11:08:09.160+0000] {processor.py:768} WARNING - No viable dags retrieved from /opt/airflow/dags/subdags/subdag_downloads.py
[2023-08-01T11:08:09.175+0000] {processor.py:176} INFO - Processing /opt/airflow/dags/subdags/subdag_downloads.py took 0.032 seconds
[2023-08-01T11:08:39.317+0000] {processor.py:154} INFO - Started process (PID=355) to work on /opt/airflow/dags/subdags/subdag_downloads.py
[2023-08-01T11:08:39.318+0000] {processor.py:756} INFO - Processing file /opt/airflow/dags/subdags/subdag_downloads.py for tasks to queue
[2023-08-01T11:08:39.319+0000] {logging_mixin.py:120} INFO - [2023-08-01T11:08:39.319+0000] {dagbag.py:537} INFO - Filling up the DagBag from /opt/airflow/dags/subdags/subdag_downloads.py
[2023-08-01T11:08:39.327+0000] {processor.py:768} WARNING - No viable dags retrieved from /opt/airflow/dags/subdags/subdag_downloads.py
[2023-08-01T11:08:39.342+0000] {processor.py:176} INFO - Processing /opt/airflow/dags/subdags/subdag_downloads.py took 0.028 seconds
[2023-08-01T11:09:10.200+0000] {processor.py:154} INFO - Started process (PID=399) to work on /opt/airflow/dags/subdags/subdag_downloads.py
[2023-08-01T11:09:10.203+0000] {processor.py:756} INFO - Processing file /opt/airflow/dags/subdags/subdag_downloads.py for tasks to queue
[2023-08-01T11:09:10.205+0000] {logging_mixin.py:120} INFO - [2023-08-01T11:09:10.205+0000] {dagbag.py:537} INFO - Filling up the DagBag from /opt/airflow/dags/subdags/subdag_downloads.py
[2023-08-01T11:09:10.216+0000] {processor.py:768} WARNING - No viable dags retrieved from /opt/airflow/dags/subdags/subdag_downloads.py
[2023-08-01T11:09:10.232+0000] {processor.py:176} INFO - Processing /opt/airflow/dags/subdags/subdag_downloads.py took 0.038 seconds
[2023-08-01T11:09:40.809+0000] {processor.py:154} INFO - Started process (PID=433) to work on /opt/airflow/dags/subdags/subdag_downloads.py
[2023-08-01T11:09:40.812+0000] {processor.py:756} INFO - Processing file /opt/airflow/dags/subdags/subdag_downloads.py for tasks to queue
[2023-08-01T11:09:40.813+0000] {logging_mixin.py:120} INFO - [2023-08-01T11:09:40.813+0000] {dagbag.py:537} INFO - Filling up the DagBag from /opt/airflow/dags/subdags/subdag_downloads.py
[2023-08-01T11:09:40.820+0000] {processor.py:768} WARNING - No viable dags retrieved from /opt/airflow/dags/subdags/subdag_downloads.py
[2023-08-01T11:09:40.834+0000] {processor.py:176} INFO - Processing /opt/airflow/dags/subdags/subdag_downloads.py took 0.031 seconds
[2023-08-01T11:10:11.448+0000] {processor.py:154} INFO - Started process (PID=477) to work on /opt/airflow/dags/subdags/subdag_downloads.py
[2023-08-01T11:10:11.450+0000] {processor.py:756} INFO - Processing file /opt/airflow/dags/subdags/subdag_downloads.py for tasks to queue
[2023-08-01T11:10:11.451+0000] {logging_mixin.py:120} INFO - [2023-08-01T11:10:11.451+0000] {dagbag.py:537} INFO - Filling up the DagBag from /opt/airflow/dags/subdags/subdag_downloads.py
[2023-08-01T11:10:11.459+0000] {processor.py:768} WARNING - No viable dags retrieved from /opt/airflow/dags/subdags/subdag_downloads.py
[2023-08-01T11:10:11.474+0000] {processor.py:176} INFO - Processing /opt/airflow/dags/subdags/subdag_downloads.py took 0.030 seconds
[2023-08-01T11:10:42.033+0000] {processor.py:154} INFO - Started process (PID=513) to work on /opt/airflow/dags/subdags/subdag_downloads.py
[2023-08-01T11:10:42.034+0000] {processor.py:756} INFO - Processing file /opt/airflow/dags/subdags/subdag_downloads.py for tasks to queue
[2023-08-01T11:10:42.035+0000] {logging_mixin.py:120} INFO - [2023-08-01T11:10:42.035+0000] {dagbag.py:537} INFO - Filling up the DagBag from /opt/airflow/dags/subdags/subdag_downloads.py
[2023-08-01T11:10:42.042+0000] {processor.py:768} WARNING - No viable dags retrieved from /opt/airflow/dags/subdags/subdag_downloads.py
[2023-08-01T11:10:42.058+0000] {processor.py:176} INFO - Processing /opt/airflow/dags/subdags/subdag_downloads.py took 0.028 seconds
[2023-08-01T11:11:12.642+0000] {processor.py:154} INFO - Started process (PID=538) to work on /opt/airflow/dags/subdags/subdag_downloads.py
[2023-08-01T11:11:12.644+0000] {processor.py:756} INFO - Processing file /opt/airflow/dags/subdags/subdag_downloads.py for tasks to queue
[2023-08-01T11:11:12.645+0000] {logging_mixin.py:120} INFO - [2023-08-01T11:11:12.645+0000] {dagbag.py:537} INFO - Filling up the DagBag from /opt/airflow/dags/subdags/subdag_downloads.py
[2023-08-01T11:11:12.651+0000] {processor.py:768} WARNING - No viable dags retrieved from /opt/airflow/dags/subdags/subdag_downloads.py
[2023-08-01T11:11:12.663+0000] {processor.py:176} INFO - Processing /opt/airflow/dags/subdags/subdag_downloads.py took 0.023 seconds
[2023-08-01T11:11:43.338+0000] {processor.py:154} INFO - Started process (PID=572) to work on /opt/airflow/dags/subdags/subdag_downloads.py
[2023-08-01T11:11:43.341+0000] {processor.py:756} INFO - Processing file /opt/airflow/dags/subdags/subdag_downloads.py for tasks to queue
[2023-08-01T11:11:43.342+0000] {logging_mixin.py:120} INFO - [2023-08-01T11:11:43.342+0000] {dagbag.py:537} INFO - Filling up the DagBag from /opt/airflow/dags/subdags/subdag_downloads.py
[2023-08-01T11:11:43.353+0000] {processor.py:768} WARNING - No viable dags retrieved from /opt/airflow/dags/subdags/subdag_downloads.py
[2023-08-01T11:11:43.378+0000] {processor.py:176} INFO - Processing /opt/airflow/dags/subdags/subdag_downloads.py took 0.046 seconds
[2023-08-01T11:12:13.937+0000] {processor.py:154} INFO - Started process (PID=606) to work on /opt/airflow/dags/subdags/subdag_downloads.py
[2023-08-01T11:12:13.941+0000] {processor.py:756} INFO - Processing file /opt/airflow/dags/subdags/subdag_downloads.py for tasks to queue
[2023-08-01T11:12:13.943+0000] {logging_mixin.py:120} INFO - [2023-08-01T11:12:13.943+0000] {dagbag.py:537} INFO - Filling up the DagBag from /opt/airflow/dags/subdags/subdag_downloads.py
[2023-08-01T11:12:13.955+0000] {processor.py:768} WARNING - No viable dags retrieved from /opt/airflow/dags/subdags/subdag_downloads.py
[2023-08-01T11:12:13.978+0000] {processor.py:176} INFO - Processing /opt/airflow/dags/subdags/subdag_downloads.py took 0.047 seconds
[2023-08-01T11:12:44.436+0000] {processor.py:154} INFO - Started process (PID=641) to work on /opt/airflow/dags/subdags/subdag_downloads.py
[2023-08-01T11:12:44.437+0000] {processor.py:756} INFO - Processing file /opt/airflow/dags/subdags/subdag_downloads.py for tasks to queue
[2023-08-01T11:12:44.438+0000] {logging_mixin.py:120} INFO - [2023-08-01T11:12:44.438+0000] {dagbag.py:537} INFO - Filling up the DagBag from /opt/airflow/dags/subdags/subdag_downloads.py
[2023-08-01T11:12:44.443+0000] {processor.py:768} WARNING - No viable dags retrieved from /opt/airflow/dags/subdags/subdag_downloads.py
[2023-08-01T11:12:44.456+0000] {processor.py:176} INFO - Processing /opt/airflow/dags/subdags/subdag_downloads.py took 0.023 seconds
[2023-08-01T11:13:14.998+0000] {processor.py:154} INFO - Started process (PID=674) to work on /opt/airflow/dags/subdags/subdag_downloads.py
[2023-08-01T11:13:15.002+0000] {processor.py:756} INFO - Processing file /opt/airflow/dags/subdags/subdag_downloads.py for tasks to queue
[2023-08-01T11:13:15.003+0000] {logging_mixin.py:120} INFO - [2023-08-01T11:13:15.003+0000] {dagbag.py:537} INFO - Filling up the DagBag from /opt/airflow/dags/subdags/subdag_downloads.py
[2023-08-01T11:13:15.014+0000] {processor.py:768} WARNING - No viable dags retrieved from /opt/airflow/dags/subdags/subdag_downloads.py
[2023-08-01T11:13:15.031+0000] {processor.py:176} INFO - Processing /opt/airflow/dags/subdags/subdag_downloads.py took 0.041 seconds
[2023-08-01T11:13:45.605+0000] {processor.py:154} INFO - Started process (PID=707) to work on /opt/airflow/dags/subdags/subdag_downloads.py
[2023-08-01T11:13:45.609+0000] {processor.py:756} INFO - Processing file /opt/airflow/dags/subdags/subdag_downloads.py for tasks to queue
[2023-08-01T11:13:45.611+0000] {logging_mixin.py:120} INFO - [2023-08-01T11:13:45.610+0000] {dagbag.py:537} INFO - Filling up the DagBag from /opt/airflow/dags/subdags/subdag_downloads.py
[2023-08-01T11:13:45.622+0000] {processor.py:768} WARNING - No viable dags retrieved from /opt/airflow/dags/subdags/subdag_downloads.py
[2023-08-01T11:13:45.642+0000] {processor.py:176} INFO - Processing /opt/airflow/dags/subdags/subdag_downloads.py took 0.043 seconds
[2023-08-01T11:14:16.116+0000] {processor.py:154} INFO - Started process (PID=742) to work on /opt/airflow/dags/subdags/subdag_downloads.py
[2023-08-01T11:14:16.118+0000] {processor.py:756} INFO - Processing file /opt/airflow/dags/subdags/subdag_downloads.py for tasks to queue
[2023-08-01T11:14:16.118+0000] {logging_mixin.py:120} INFO - [2023-08-01T11:14:16.118+0000] {dagbag.py:537} INFO - Filling up the DagBag from /opt/airflow/dags/subdags/subdag_downloads.py
[2023-08-01T11:14:16.125+0000] {processor.py:768} WARNING - No viable dags retrieved from /opt/airflow/dags/subdags/subdag_downloads.py
[2023-08-01T11:14:16.137+0000] {processor.py:176} INFO - Processing /opt/airflow/dags/subdags/subdag_downloads.py took 0.025 seconds
[2023-08-01T11:14:46.646+0000] {processor.py:154} INFO - Started process (PID=767) to work on /opt/airflow/dags/subdags/subdag_downloads.py
[2023-08-01T11:14:46.648+0000] {processor.py:756} INFO - Processing file /opt/airflow/dags/subdags/subdag_downloads.py for tasks to queue
[2023-08-01T11:14:46.650+0000] {logging_mixin.py:120} INFO - [2023-08-01T11:14:46.650+0000] {dagbag.py:537} INFO - Filling up the DagBag from /opt/airflow/dags/subdags/subdag_downloads.py
[2023-08-01T11:14:46.661+0000] {processor.py:768} WARNING - No viable dags retrieved from /opt/airflow/dags/subdags/subdag_downloads.py
[2023-08-01T11:14:46.680+0000] {processor.py:176} INFO - Processing /opt/airflow/dags/subdags/subdag_downloads.py took 0.040 seconds
[2023-08-01T11:15:17.241+0000] {processor.py:154} INFO - Started process (PID=801) to work on /opt/airflow/dags/subdags/subdag_downloads.py
[2023-08-01T11:15:17.245+0000] {processor.py:756} INFO - Processing file /opt/airflow/dags/subdags/subdag_downloads.py for tasks to queue
[2023-08-01T11:15:17.246+0000] {logging_mixin.py:120} INFO - [2023-08-01T11:15:17.246+0000] {dagbag.py:537} INFO - Filling up the DagBag from /opt/airflow/dags/subdags/subdag_downloads.py
[2023-08-01T11:15:17.256+0000] {processor.py:768} WARNING - No viable dags retrieved from /opt/airflow/dags/subdags/subdag_downloads.py
[2023-08-01T11:15:17.274+0000] {processor.py:176} INFO - Processing /opt/airflow/dags/subdags/subdag_downloads.py took 0.039 seconds
[2023-08-01T11:15:47.718+0000] {processor.py:154} INFO - Started process (PID=833) to work on /opt/airflow/dags/subdags/subdag_downloads.py
[2023-08-01T11:15:47.720+0000] {processor.py:756} INFO - Processing file /opt/airflow/dags/subdags/subdag_downloads.py for tasks to queue
[2023-08-01T11:15:47.720+0000] {logging_mixin.py:120} INFO - [2023-08-01T11:15:47.720+0000] {dagbag.py:537} INFO - Filling up the DagBag from /opt/airflow/dags/subdags/subdag_downloads.py
[2023-08-01T11:15:47.726+0000] {processor.py:768} WARNING - No viable dags retrieved from /opt/airflow/dags/subdags/subdag_downloads.py
[2023-08-01T11:15:47.738+0000] {processor.py:176} INFO - Processing /opt/airflow/dags/subdags/subdag_downloads.py took 0.023 seconds
[2023-08-01T11:16:18.319+0000] {processor.py:154} INFO - Started process (PID=868) to work on /opt/airflow/dags/subdags/subdag_downloads.py
[2023-08-01T11:16:18.323+0000] {processor.py:756} INFO - Processing file /opt/airflow/dags/subdags/subdag_downloads.py for tasks to queue
[2023-08-01T11:16:18.325+0000] {logging_mixin.py:120} INFO - [2023-08-01T11:16:18.324+0000] {dagbag.py:537} INFO - Filling up the DagBag from /opt/airflow/dags/subdags/subdag_downloads.py
[2023-08-01T11:16:18.337+0000] {processor.py:768} WARNING - No viable dags retrieved from /opt/airflow/dags/subdags/subdag_downloads.py
[2023-08-01T11:16:18.356+0000] {processor.py:176} INFO - Processing /opt/airflow/dags/subdags/subdag_downloads.py took 0.044 seconds
[2023-08-01T11:16:48.895+0000] {processor.py:154} INFO - Started process (PID=901) to work on /opt/airflow/dags/subdags/subdag_downloads.py
[2023-08-01T11:16:48.898+0000] {processor.py:756} INFO - Processing file /opt/airflow/dags/subdags/subdag_downloads.py for tasks to queue
[2023-08-01T11:16:48.899+0000] {logging_mixin.py:120} INFO - [2023-08-01T11:16:48.899+0000] {dagbag.py:537} INFO - Filling up the DagBag from /opt/airflow/dags/subdags/subdag_downloads.py
[2023-08-01T11:16:48.909+0000] {processor.py:768} WARNING - No viable dags retrieved from /opt/airflow/dags/subdags/subdag_downloads.py
[2023-08-01T11:16:48.924+0000] {processor.py:176} INFO - Processing /opt/airflow/dags/subdags/subdag_downloads.py took 0.034 seconds
[2023-08-01T11:17:19.466+0000] {processor.py:154} INFO - Started process (PID=936) to work on /opt/airflow/dags/subdags/subdag_downloads.py
[2023-08-01T11:17:19.469+0000] {processor.py:756} INFO - Processing file /opt/airflow/dags/subdags/subdag_downloads.py for tasks to queue
[2023-08-01T11:17:19.470+0000] {logging_mixin.py:120} INFO - [2023-08-01T11:17:19.469+0000] {dagbag.py:537} INFO - Filling up the DagBag from /opt/airflow/dags/subdags/subdag_downloads.py
[2023-08-01T11:17:19.475+0000] {processor.py:768} WARNING - No viable dags retrieved from /opt/airflow/dags/subdags/subdag_downloads.py
[2023-08-01T11:17:19.488+0000] {processor.py:176} INFO - Processing /opt/airflow/dags/subdags/subdag_downloads.py took 0.025 seconds
[2023-08-01T11:17:50.073+0000] {processor.py:154} INFO - Started process (PID=961) to work on /opt/airflow/dags/subdags/subdag_downloads.py
[2023-08-01T11:17:50.076+0000] {processor.py:756} INFO - Processing file /opt/airflow/dags/subdags/subdag_downloads.py for tasks to queue
[2023-08-01T11:17:50.078+0000] {logging_mixin.py:120} INFO - [2023-08-01T11:17:50.078+0000] {dagbag.py:537} INFO - Filling up the DagBag from /opt/airflow/dags/subdags/subdag_downloads.py
[2023-08-01T11:17:50.088+0000] {processor.py:768} WARNING - No viable dags retrieved from /opt/airflow/dags/subdags/subdag_downloads.py
[2023-08-01T11:17:50.111+0000] {processor.py:176} INFO - Processing /opt/airflow/dags/subdags/subdag_downloads.py took 0.044 seconds
[2023-08-01T11:18:20.569+0000] {processor.py:154} INFO - Started process (PID=995) to work on /opt/airflow/dags/subdags/subdag_downloads.py
[2023-08-01T11:18:20.570+0000] {processor.py:756} INFO - Processing file /opt/airflow/dags/subdags/subdag_downloads.py for tasks to queue
[2023-08-01T11:18:20.571+0000] {logging_mixin.py:120} INFO - [2023-08-01T11:18:20.571+0000] {dagbag.py:537} INFO - Filling up the DagBag from /opt/airflow/dags/subdags/subdag_downloads.py
[2023-08-01T11:18:20.577+0000] {processor.py:768} WARNING - No viable dags retrieved from /opt/airflow/dags/subdags/subdag_downloads.py
[2023-08-01T11:18:20.591+0000] {processor.py:176} INFO - Processing /opt/airflow/dags/subdags/subdag_downloads.py took 0.025 seconds
[2023-08-01T11:18:51.120+0000] {processor.py:154} INFO - Started process (PID=1030) to work on /opt/airflow/dags/subdags/subdag_downloads.py
[2023-08-01T11:18:51.123+0000] {processor.py:756} INFO - Processing file /opt/airflow/dags/subdags/subdag_downloads.py for tasks to queue
[2023-08-01T11:18:51.125+0000] {logging_mixin.py:120} INFO - [2023-08-01T11:18:51.125+0000] {dagbag.py:537} INFO - Filling up the DagBag from /opt/airflow/dags/subdags/subdag_downloads.py
[2023-08-01T11:18:51.134+0000] {processor.py:768} WARNING - No viable dags retrieved from /opt/airflow/dags/subdags/subdag_downloads.py
[2023-08-01T11:18:51.154+0000] {processor.py:176} INFO - Processing /opt/airflow/dags/subdags/subdag_downloads.py took 0.039 seconds
[2023-08-01T11:19:21.652+0000] {processor.py:154} INFO - Started process (PID=1064) to work on /opt/airflow/dags/subdags/subdag_downloads.py
[2023-08-01T11:19:21.655+0000] {processor.py:756} INFO - Processing file /opt/airflow/dags/subdags/subdag_downloads.py for tasks to queue
[2023-08-01T11:19:21.657+0000] {logging_mixin.py:120} INFO - [2023-08-01T11:19:21.657+0000] {dagbag.py:537} INFO - Filling up the DagBag from /opt/airflow/dags/subdags/subdag_downloads.py
[2023-08-01T11:19:21.665+0000] {processor.py:768} WARNING - No viable dags retrieved from /opt/airflow/dags/subdags/subdag_downloads.py
[2023-08-01T11:19:21.682+0000] {processor.py:176} INFO - Processing /opt/airflow/dags/subdags/subdag_downloads.py took 0.035 seconds
[2023-08-01T11:19:52.192+0000] {processor.py:154} INFO - Started process (PID=1098) to work on /opt/airflow/dags/subdags/subdag_downloads.py
[2023-08-01T11:19:52.195+0000] {processor.py:756} INFO - Processing file /opt/airflow/dags/subdags/subdag_downloads.py for tasks to queue
[2023-08-01T11:19:52.197+0000] {logging_mixin.py:120} INFO - [2023-08-01T11:19:52.197+0000] {dagbag.py:537} INFO - Filling up the DagBag from /opt/airflow/dags/subdags/subdag_downloads.py
[2023-08-01T11:19:52.209+0000] {processor.py:768} WARNING - No viable dags retrieved from /opt/airflow/dags/subdags/subdag_downloads.py
[2023-08-01T11:19:52.230+0000] {processor.py:176} INFO - Processing /opt/airflow/dags/subdags/subdag_downloads.py took 0.045 seconds
[2023-08-01T11:20:22.381+0000] {processor.py:154} INFO - Started process (PID=1132) to work on /opt/airflow/dags/subdags/subdag_downloads.py
[2023-08-01T11:20:22.385+0000] {processor.py:756} INFO - Processing file /opt/airflow/dags/subdags/subdag_downloads.py for tasks to queue
[2023-08-01T11:20:22.387+0000] {logging_mixin.py:120} INFO - [2023-08-01T11:20:22.387+0000] {dagbag.py:537} INFO - Filling up the DagBag from /opt/airflow/dags/subdags/subdag_downloads.py
[2023-08-01T11:20:22.401+0000] {processor.py:768} WARNING - No viable dags retrieved from /opt/airflow/dags/subdags/subdag_downloads.py
[2023-08-01T11:20:22.427+0000] {processor.py:176} INFO - Processing /opt/airflow/dags/subdags/subdag_downloads.py took 0.054 seconds
[2023-08-01T11:20:53.021+0000] {processor.py:154} INFO - Started process (PID=1157) to work on /opt/airflow/dags/subdags/subdag_downloads.py
[2023-08-01T11:20:53.022+0000] {processor.py:756} INFO - Processing file /opt/airflow/dags/subdags/subdag_downloads.py for tasks to queue
[2023-08-01T11:20:53.023+0000] {logging_mixin.py:120} INFO - [2023-08-01T11:20:53.023+0000] {dagbag.py:537} INFO - Filling up the DagBag from /opt/airflow/dags/subdags/subdag_downloads.py
[2023-08-01T11:20:53.029+0000] {processor.py:768} WARNING - No viable dags retrieved from /opt/airflow/dags/subdags/subdag_downloads.py
[2023-08-01T11:20:53.041+0000] {processor.py:176} INFO - Processing /opt/airflow/dags/subdags/subdag_downloads.py took 0.023 seconds
[2023-08-01T11:21:23.537+0000] {processor.py:154} INFO - Started process (PID=1191) to work on /opt/airflow/dags/subdags/subdag_downloads.py
[2023-08-01T11:21:23.538+0000] {processor.py:756} INFO - Processing file /opt/airflow/dags/subdags/subdag_downloads.py for tasks to queue
[2023-08-01T11:21:23.539+0000] {logging_mixin.py:120} INFO - [2023-08-01T11:21:23.539+0000] {dagbag.py:537} INFO - Filling up the DagBag from /opt/airflow/dags/subdags/subdag_downloads.py
[2023-08-01T11:21:23.544+0000] {processor.py:768} WARNING - No viable dags retrieved from /opt/airflow/dags/subdags/subdag_downloads.py
[2023-08-01T11:21:23.557+0000] {processor.py:176} INFO - Processing /opt/airflow/dags/subdags/subdag_downloads.py took 0.023 seconds
[2023-08-01T11:21:54.174+0000] {processor.py:154} INFO - Started process (PID=1225) to work on /opt/airflow/dags/subdags/subdag_downloads.py
[2023-08-01T11:21:54.177+0000] {processor.py:756} INFO - Processing file /opt/airflow/dags/subdags/subdag_downloads.py for tasks to queue
[2023-08-01T11:21:54.179+0000] {logging_mixin.py:120} INFO - [2023-08-01T11:21:54.179+0000] {dagbag.py:537} INFO - Filling up the DagBag from /opt/airflow/dags/subdags/subdag_downloads.py
[2023-08-01T11:21:54.190+0000] {processor.py:768} WARNING - No viable dags retrieved from /opt/airflow/dags/subdags/subdag_downloads.py
[2023-08-01T11:21:54.210+0000] {processor.py:176} INFO - Processing /opt/airflow/dags/subdags/subdag_downloads.py took 0.043 seconds
[2023-08-01T11:22:24.780+0000] {processor.py:154} INFO - Started process (PID=1260) to work on /opt/airflow/dags/subdags/subdag_downloads.py
[2023-08-01T11:22:24.784+0000] {processor.py:756} INFO - Processing file /opt/airflow/dags/subdags/subdag_downloads.py for tasks to queue
[2023-08-01T11:22:24.786+0000] {logging_mixin.py:120} INFO - [2023-08-01T11:22:24.785+0000] {dagbag.py:537} INFO - Filling up the DagBag from /opt/airflow/dags/subdags/subdag_downloads.py
[2023-08-01T11:22:24.798+0000] {processor.py:768} WARNING - No viable dags retrieved from /opt/airflow/dags/subdags/subdag_downloads.py
[2023-08-01T11:22:24.818+0000] {processor.py:176} INFO - Processing /opt/airflow/dags/subdags/subdag_downloads.py took 0.046 seconds
[2023-08-01T11:22:55.431+0000] {processor.py:154} INFO - Started process (PID=1293) to work on /opt/airflow/dags/subdags/subdag_downloads.py
[2023-08-01T11:22:55.435+0000] {processor.py:756} INFO - Processing file /opt/airflow/dags/subdags/subdag_downloads.py for tasks to queue
[2023-08-01T11:22:55.437+0000] {logging_mixin.py:120} INFO - [2023-08-01T11:22:55.437+0000] {dagbag.py:537} INFO - Filling up the DagBag from /opt/airflow/dags/subdags/subdag_downloads.py
[2023-08-01T11:22:55.448+0000] {processor.py:768} WARNING - No viable dags retrieved from /opt/airflow/dags/subdags/subdag_downloads.py
[2023-08-01T11:22:55.468+0000] {processor.py:176} INFO - Processing /opt/airflow/dags/subdags/subdag_downloads.py took 0.044 seconds
[2023-08-01T11:23:26.128+0000] {processor.py:154} INFO - Started process (PID=1326) to work on /opt/airflow/dags/subdags/subdag_downloads.py
[2023-08-01T11:23:26.130+0000] {processor.py:756} INFO - Processing file /opt/airflow/dags/subdags/subdag_downloads.py for tasks to queue
[2023-08-01T11:23:26.131+0000] {logging_mixin.py:120} INFO - [2023-08-01T11:23:26.131+0000] {dagbag.py:537} INFO - Filling up the DagBag from /opt/airflow/dags/subdags/subdag_downloads.py
[2023-08-01T11:23:26.139+0000] {processor.py:768} WARNING - No viable dags retrieved from /opt/airflow/dags/subdags/subdag_downloads.py
[2023-08-01T11:23:26.154+0000] {processor.py:176} INFO - Processing /opt/airflow/dags/subdags/subdag_downloads.py took 0.031 seconds
[2023-08-01T11:23:56.754+0000] {processor.py:154} INFO - Started process (PID=1363) to work on /opt/airflow/dags/subdags/subdag_downloads.py
[2023-08-01T11:23:56.756+0000] {processor.py:756} INFO - Processing file /opt/airflow/dags/subdags/subdag_downloads.py for tasks to queue
[2023-08-01T11:23:56.757+0000] {logging_mixin.py:120} INFO - [2023-08-01T11:23:56.757+0000] {dagbag.py:537} INFO - Filling up the DagBag from /opt/airflow/dags/subdags/subdag_downloads.py
[2023-08-01T11:23:56.763+0000] {processor.py:768} WARNING - No viable dags retrieved from /opt/airflow/dags/subdags/subdag_downloads.py
[2023-08-01T11:23:56.779+0000] {processor.py:176} INFO - Processing /opt/airflow/dags/subdags/subdag_downloads.py took 0.030 seconds
[2023-08-01T11:24:27.300+0000] {processor.py:154} INFO - Started process (PID=1388) to work on /opt/airflow/dags/subdags/subdag_downloads.py
[2023-08-01T11:24:27.302+0000] {processor.py:756} INFO - Processing file /opt/airflow/dags/subdags/subdag_downloads.py for tasks to queue
[2023-08-01T11:24:27.303+0000] {logging_mixin.py:120} INFO - [2023-08-01T11:24:27.303+0000] {dagbag.py:537} INFO - Filling up the DagBag from /opt/airflow/dags/subdags/subdag_downloads.py
[2023-08-01T11:24:27.308+0000] {processor.py:768} WARNING - No viable dags retrieved from /opt/airflow/dags/subdags/subdag_downloads.py
[2023-08-01T11:24:27.320+0000] {processor.py:176} INFO - Processing /opt/airflow/dags/subdags/subdag_downloads.py took 0.022 seconds
[2023-08-01T11:24:58.001+0000] {processor.py:154} INFO - Started process (PID=1425) to work on /opt/airflow/dags/subdags/subdag_downloads.py
[2023-08-01T11:24:58.005+0000] {processor.py:756} INFO - Processing file /opt/airflow/dags/subdags/subdag_downloads.py for tasks to queue
[2023-08-01T11:24:58.006+0000] {logging_mixin.py:120} INFO - [2023-08-01T11:24:58.006+0000] {dagbag.py:537} INFO - Filling up the DagBag from /opt/airflow/dags/subdags/subdag_downloads.py
[2023-08-01T11:24:58.016+0000] {processor.py:768} WARNING - No viable dags retrieved from /opt/airflow/dags/subdags/subdag_downloads.py
[2023-08-01T11:24:58.031+0000] {processor.py:176} INFO - Processing /opt/airflow/dags/subdags/subdag_downloads.py took 0.036 seconds
[2023-08-01T11:25:28.622+0000] {processor.py:154} INFO - Started process (PID=1460) to work on /opt/airflow/dags/subdags/subdag_downloads.py
[2023-08-01T11:25:28.626+0000] {processor.py:756} INFO - Processing file /opt/airflow/dags/subdags/subdag_downloads.py for tasks to queue
[2023-08-01T11:25:28.627+0000] {logging_mixin.py:120} INFO - [2023-08-01T11:25:28.627+0000] {dagbag.py:537} INFO - Filling up the DagBag from /opt/airflow/dags/subdags/subdag_downloads.py
[2023-08-01T11:25:28.639+0000] {processor.py:768} WARNING - No viable dags retrieved from /opt/airflow/dags/subdags/subdag_downloads.py
[2023-08-01T11:25:28.659+0000] {processor.py:176} INFO - Processing /opt/airflow/dags/subdags/subdag_downloads.py took 0.043 seconds
[2023-08-01T11:25:59.191+0000] {processor.py:154} INFO - Started process (PID=1495) to work on /opt/airflow/dags/subdags/subdag_downloads.py
[2023-08-01T11:25:59.193+0000] {processor.py:756} INFO - Processing file /opt/airflow/dags/subdags/subdag_downloads.py for tasks to queue
[2023-08-01T11:25:59.194+0000] {logging_mixin.py:120} INFO - [2023-08-01T11:25:59.194+0000] {dagbag.py:537} INFO - Filling up the DagBag from /opt/airflow/dags/subdags/subdag_downloads.py
[2023-08-01T11:25:59.203+0000] {processor.py:768} WARNING - No viable dags retrieved from /opt/airflow/dags/subdags/subdag_downloads.py
[2023-08-01T11:25:59.220+0000] {processor.py:176} INFO - Processing /opt/airflow/dags/subdags/subdag_downloads.py took 0.034 seconds
[2023-08-01T11:26:29.832+0000] {processor.py:154} INFO - Started process (PID=1529) to work on /opt/airflow/dags/subdags/subdag_downloads.py
[2023-08-01T11:26:29.835+0000] {processor.py:756} INFO - Processing file /opt/airflow/dags/subdags/subdag_downloads.py for tasks to queue
[2023-08-01T11:26:29.837+0000] {logging_mixin.py:120} INFO - [2023-08-01T11:26:29.837+0000] {dagbag.py:537} INFO - Filling up the DagBag from /opt/airflow/dags/subdags/subdag_downloads.py
[2023-08-01T11:26:29.848+0000] {processor.py:768} WARNING - No viable dags retrieved from /opt/airflow/dags/subdags/subdag_downloads.py
[2023-08-01T11:26:29.865+0000] {processor.py:176} INFO - Processing /opt/airflow/dags/subdags/subdag_downloads.py took 0.039 seconds
[2023-08-01T11:27:00.472+0000] {processor.py:154} INFO - Started process (PID=1564) to work on /opt/airflow/dags/subdags/subdag_downloads.py
[2023-08-01T11:27:00.476+0000] {processor.py:756} INFO - Processing file /opt/airflow/dags/subdags/subdag_downloads.py for tasks to queue
[2023-08-01T11:27:00.478+0000] {logging_mixin.py:120} INFO - [2023-08-01T11:27:00.478+0000] {dagbag.py:537} INFO - Filling up the DagBag from /opt/airflow/dags/subdags/subdag_downloads.py
[2023-08-01T11:27:00.488+0000] {processor.py:768} WARNING - No viable dags retrieved from /opt/airflow/dags/subdags/subdag_downloads.py
[2023-08-01T11:27:00.504+0000] {processor.py:176} INFO - Processing /opt/airflow/dags/subdags/subdag_downloads.py took 0.038 seconds
[2023-08-01T11:27:31.038+0000] {processor.py:154} INFO - Started process (PID=1590) to work on /opt/airflow/dags/subdags/subdag_downloads.py
[2023-08-01T11:27:31.040+0000] {processor.py:756} INFO - Processing file /opt/airflow/dags/subdags/subdag_downloads.py for tasks to queue
[2023-08-01T11:27:31.041+0000] {logging_mixin.py:120} INFO - [2023-08-01T11:27:31.041+0000] {dagbag.py:537} INFO - Filling up the DagBag from /opt/airflow/dags/subdags/subdag_downloads.py
[2023-08-01T11:27:31.048+0000] {processor.py:768} WARNING - No viable dags retrieved from /opt/airflow/dags/subdags/subdag_downloads.py
[2023-08-01T11:27:31.064+0000] {processor.py:176} INFO - Processing /opt/airflow/dags/subdags/subdag_downloads.py took 0.029 seconds
[2023-08-01T11:28:01.711+0000] {processor.py:154} INFO - Started process (PID=1626) to work on /opt/airflow/dags/subdags/subdag_downloads.py
[2023-08-01T11:28:01.713+0000] {processor.py:756} INFO - Processing file /opt/airflow/dags/subdags/subdag_downloads.py for tasks to queue
[2023-08-01T11:28:01.714+0000] {logging_mixin.py:120} INFO - [2023-08-01T11:28:01.714+0000] {dagbag.py:537} INFO - Filling up the DagBag from /opt/airflow/dags/subdags/subdag_downloads.py
[2023-08-01T11:28:01.722+0000] {processor.py:768} WARNING - No viable dags retrieved from /opt/airflow/dags/subdags/subdag_downloads.py
[2023-08-01T11:28:01.737+0000] {processor.py:176} INFO - Processing /opt/airflow/dags/subdags/subdag_downloads.py took 0.031 seconds
[2023-08-01T11:28:32.426+0000] {processor.py:154} INFO - Started process (PID=1660) to work on /opt/airflow/dags/subdags/subdag_downloads.py
[2023-08-01T11:28:32.428+0000] {processor.py:756} INFO - Processing file /opt/airflow/dags/subdags/subdag_downloads.py for tasks to queue
[2023-08-01T11:28:32.429+0000] {logging_mixin.py:120} INFO - [2023-08-01T11:28:32.429+0000] {dagbag.py:537} INFO - Filling up the DagBag from /opt/airflow/dags/subdags/subdag_downloads.py
[2023-08-01T11:28:32.440+0000] {processor.py:768} WARNING - No viable dags retrieved from /opt/airflow/dags/subdags/subdag_downloads.py
[2023-08-01T11:28:32.459+0000] {processor.py:176} INFO - Processing /opt/airflow/dags/subdags/subdag_downloads.py took 0.039 seconds
[2023-08-01T11:29:02.538+0000] {processor.py:154} INFO - Started process (PID=1695) to work on /opt/airflow/dags/subdags/subdag_downloads.py
[2023-08-01T11:29:02.542+0000] {processor.py:756} INFO - Processing file /opt/airflow/dags/subdags/subdag_downloads.py for tasks to queue
[2023-08-01T11:29:02.543+0000] {logging_mixin.py:120} INFO - [2023-08-01T11:29:02.543+0000] {dagbag.py:537} INFO - Filling up the DagBag from /opt/airflow/dags/subdags/subdag_downloads.py
[2023-08-01T11:29:02.554+0000] {processor.py:768} WARNING - No viable dags retrieved from /opt/airflow/dags/subdags/subdag_downloads.py
[2023-08-01T11:29:02.571+0000] {processor.py:176} INFO - Processing /opt/airflow/dags/subdags/subdag_downloads.py took 0.039 seconds
[2023-08-01T11:29:32.653+0000] {processor.py:154} INFO - Started process (PID=1729) to work on /opt/airflow/dags/subdags/subdag_downloads.py
[2023-08-01T11:29:32.655+0000] {processor.py:756} INFO - Processing file /opt/airflow/dags/subdags/subdag_downloads.py for tasks to queue
[2023-08-01T11:29:32.657+0000] {logging_mixin.py:120} INFO - [2023-08-01T11:29:32.657+0000] {dagbag.py:537} INFO - Filling up the DagBag from /opt/airflow/dags/subdags/subdag_downloads.py
[2023-08-01T11:29:32.668+0000] {processor.py:768} WARNING - No viable dags retrieved from /opt/airflow/dags/subdags/subdag_downloads.py
[2023-08-01T11:29:32.689+0000] {processor.py:176} INFO - Processing /opt/airflow/dags/subdags/subdag_downloads.py took 0.041 seconds
[2023-08-01T11:30:03.172+0000] {processor.py:154} INFO - Started process (PID=1764) to work on /opt/airflow/dags/subdags/subdag_downloads.py
[2023-08-01T11:30:03.175+0000] {processor.py:756} INFO - Processing file /opt/airflow/dags/subdags/subdag_downloads.py for tasks to queue
[2023-08-01T11:30:03.177+0000] {logging_mixin.py:120} INFO - [2023-08-01T11:30:03.177+0000] {dagbag.py:537} INFO - Filling up the DagBag from /opt/airflow/dags/subdags/subdag_downloads.py
[2023-08-01T11:30:03.188+0000] {processor.py:768} WARNING - No viable dags retrieved from /opt/airflow/dags/subdags/subdag_downloads.py
[2023-08-01T11:30:03.204+0000] {processor.py:176} INFO - Processing /opt/airflow/dags/subdags/subdag_downloads.py took 0.038 seconds
