[2023-08-02T15:02:24.584+0000] {taskinstance.py:1165} INFO - Dependencies all met for <TaskInstance: xcom_dag.t1 manual__2023-08-02T15:02:23.503383+00:00 [queued]>
[2023-08-02T15:02:24.594+0000] {taskinstance.py:1165} INFO - Dependencies all met for <TaskInstance: xcom_dag.t1 manual__2023-08-02T15:02:23.503383+00:00 [queued]>
[2023-08-02T15:02:24.594+0000] {taskinstance.py:1362} INFO - 
--------------------------------------------------------------------------------
[2023-08-02T15:02:24.595+0000] {taskinstance.py:1363} INFO - Starting attempt 1 of 1
[2023-08-02T15:02:24.595+0000] {taskinstance.py:1364} INFO - 
--------------------------------------------------------------------------------
[2023-08-02T15:02:24.603+0000] {taskinstance.py:1383} INFO - Executing <Task(PythonOperator): t1> on 2023-08-02 15:02:23.503383+00:00
[2023-08-02T15:02:24.608+0000] {standard_task_runner.py:55} INFO - Started process 19372 to run task
[2023-08-02T15:02:24.611+0000] {standard_task_runner.py:82} INFO - Running: ['***', 'tasks', 'run', 'xcom_dag', 't1', 'manual__2023-08-02T15:02:23.503383+00:00', '--job-id', '340', '--raw', '--subdir', 'DAGS_FOLDER/xcom_dag.py', '--cfg-path', '/tmp/tmpkjexq_vt']
[2023-08-02T15:02:24.612+0000] {standard_task_runner.py:83} INFO - Job 340: Subtask t1
[2023-08-02T15:02:24.664+0000] {task_command.py:376} INFO - Running <TaskInstance: xcom_dag.t1 manual__2023-08-02T15:02:23.503383+00:00 [running]> on host c84be6b275ee
[2023-08-02T15:02:24.713+0000] {taskinstance.py:1592} INFO - Exporting the following env vars:
AIRFLOW_CTX_DAG_OWNER=***
AIRFLOW_CTX_DAG_ID=xcom_dag
AIRFLOW_CTX_TASK_ID=t1
AIRFLOW_CTX_EXECUTION_DATE=2023-08-02T15:02:23.503383+00:00
AIRFLOW_CTX_TRY_NUMBER=1
AIRFLOW_CTX_DAG_RUN_ID=manual__2023-08-02T15:02:23.503383+00:00
[2023-08-02T15:02:24.725+0000] {python.py:177} INFO - Done. Returned value was: None
[2023-08-02T15:02:24.739+0000] {taskinstance.py:1406} INFO - Marking task as SUCCESS. dag_id=xcom_dag, task_id=t1, execution_date=20230802T150223, start_date=20230802T150224, end_date=20230802T150224
[2023-08-02T15:02:24.785+0000] {local_task_job.py:164} INFO - Task exited with return code 0
[2023-08-02T15:02:24.805+0000] {local_task_job.py:273} INFO - 1 downstream tasks scheduled from follow-on schedule check
