[2023-07-31T20:18:22.366+0000] {taskinstance.py:1165} INFO - Dependencies all met for <TaskInstance: parallel_dag.load_a manual__2023-07-31T20:18:11.041994+00:00 [queued]>
[2023-07-31T20:18:22.373+0000] {taskinstance.py:1165} INFO - Dependencies all met for <TaskInstance: parallel_dag.load_a manual__2023-07-31T20:18:11.041994+00:00 [queued]>
[2023-07-31T20:18:22.373+0000] {taskinstance.py:1362} INFO - 
--------------------------------------------------------------------------------
[2023-07-31T20:18:22.374+0000] {taskinstance.py:1363} INFO - Starting attempt 1 of 1
[2023-07-31T20:18:22.374+0000] {taskinstance.py:1364} INFO - 
--------------------------------------------------------------------------------
[2023-07-31T20:18:22.385+0000] {taskinstance.py:1383} INFO - Executing <Task(BashOperator): load_a> on 2023-07-31 20:18:11.041994+00:00
[2023-07-31T20:18:22.389+0000] {standard_task_runner.py:55} INFO - Started process 365 to run task
[2023-07-31T20:18:22.393+0000] {standard_task_runner.py:82} INFO - Running: ['***', 'tasks', 'run', 'parallel_dag', 'load_a', 'manual__2023-07-31T20:18:11.041994+00:00', '--job-id', '260', '--raw', '--subdir', 'DAGS_FOLDER/parallel_dag.py', '--cfg-path', '/tmp/tmpnzxio_j3']
[2023-07-31T20:18:22.394+0000] {standard_task_runner.py:83} INFO - Job 260: Subtask load_a
[2023-07-31T20:18:22.444+0000] {task_command.py:376} INFO - Running <TaskInstance: parallel_dag.load_a manual__2023-07-31T20:18:11.041994+00:00 [running]> on host 10b0062b951b
[2023-07-31T20:18:22.492+0000] {taskinstance.py:1592} INFO - Exporting the following env vars:
AIRFLOW_CTX_DAG_OWNER=***
AIRFLOW_CTX_DAG_ID=parallel_dag
AIRFLOW_CTX_TASK_ID=load_a
AIRFLOW_CTX_EXECUTION_DATE=2023-07-31T20:18:11.041994+00:00
AIRFLOW_CTX_TRY_NUMBER=1
AIRFLOW_CTX_DAG_RUN_ID=manual__2023-07-31T20:18:11.041994+00:00
[2023-07-31T20:18:22.494+0000] {subprocess.py:63} INFO - Tmp dir root location: 
 /tmp
[2023-07-31T20:18:22.495+0000] {subprocess.py:75} INFO - Running command: ['/bin/bash', '-c', 'sleep 10']
[2023-07-31T20:18:22.506+0000] {subprocess.py:86} INFO - Output:
[2023-07-31T20:18:32.510+0000] {subprocess.py:97} INFO - Command exited with return code 0
[2023-07-31T20:18:32.533+0000] {taskinstance.py:1406} INFO - Marking task as SUCCESS. dag_id=parallel_dag, task_id=load_a, execution_date=20230731T201811, start_date=20230731T201822, end_date=20230731T201832
[2023-07-31T20:18:32.575+0000] {local_task_job.py:164} INFO - Task exited with return code 0
[2023-07-31T20:18:32.595+0000] {local_task_job.py:273} INFO - 0 downstream tasks scheduled from follow-on schedule check
