[2023-08-01T11:10:01.983+0000] {taskinstance.py:1165} INFO - Dependencies all met for <TaskInstance: group_dag.transform_c scheduled__2023-07-31T00:00:00+00:00 [queued]>
[2023-08-01T11:10:01.992+0000] {taskinstance.py:1165} INFO - Dependencies all met for <TaskInstance: group_dag.transform_c scheduled__2023-07-31T00:00:00+00:00 [queued]>
[2023-08-01T11:10:01.993+0000] {taskinstance.py:1362} INFO - 
--------------------------------------------------------------------------------
[2023-08-01T11:10:01.994+0000] {taskinstance.py:1363} INFO - Starting attempt 1 of 1
[2023-08-01T11:10:01.995+0000] {taskinstance.py:1364} INFO - 
--------------------------------------------------------------------------------
[2023-08-01T11:10:02.007+0000] {taskinstance.py:1383} INFO - Executing <Task(BashOperator): transform_c> on 2023-07-31 00:00:00+00:00
[2023-08-01T11:10:02.012+0000] {standard_task_runner.py:55} INFO - Started process 407 to run task
[2023-08-01T11:10:02.017+0000] {standard_task_runner.py:82} INFO - Running: ['***', 'tasks', 'run', 'group_dag', 'transform_c', 'scheduled__2023-07-31T00:00:00+00:00', '--job-id', '290', '--raw', '--subdir', 'DAGS_FOLDER/group_dag.py', '--cfg-path', '/tmp/tmpl280mt9w']
[2023-08-01T11:10:02.019+0000] {standard_task_runner.py:83} INFO - Job 290: Subtask transform_c
[2023-08-01T11:10:02.106+0000] {task_command.py:376} INFO - Running <TaskInstance: group_dag.transform_c scheduled__2023-07-31T00:00:00+00:00 [running]> on host 45dcf9d0cab9
[2023-08-01T11:10:02.188+0000] {taskinstance.py:1592} INFO - Exporting the following env vars:
AIRFLOW_CTX_DAG_OWNER=***
AIRFLOW_CTX_DAG_ID=group_dag
AIRFLOW_CTX_TASK_ID=transform_c
AIRFLOW_CTX_EXECUTION_DATE=2023-07-31T00:00:00+00:00
AIRFLOW_CTX_TRY_NUMBER=1
AIRFLOW_CTX_DAG_RUN_ID=scheduled__2023-07-31T00:00:00+00:00
[2023-08-01T11:10:02.190+0000] {subprocess.py:63} INFO - Tmp dir root location: 
 /tmp
[2023-08-01T11:10:02.195+0000] {subprocess.py:75} INFO - Running command: ['/bin/bash', '-c', 'sleep 10']
[2023-08-01T11:10:02.208+0000] {subprocess.py:86} INFO - Output:
[2023-08-01T11:10:12.211+0000] {subprocess.py:97} INFO - Command exited with return code 0
[2023-08-01T11:10:12.243+0000] {taskinstance.py:1406} INFO - Marking task as SUCCESS. dag_id=group_dag, task_id=transform_c, execution_date=20230731T000000, start_date=20230801T111001, end_date=20230801T111012
[2023-08-01T11:10:12.266+0000] {local_task_job.py:164} INFO - Task exited with return code 0
[2023-08-01T11:10:12.280+0000] {local_task_job.py:273} INFO - 0 downstream tasks scheduled from follow-on schedule check
