[2023-08-02T00:29:39.901+0000] {taskinstance.py:1165} INFO - Dependencies all met for <TaskInstance: user_processing.create_table scheduled__2023-08-01T00:00:00+00:00 [queued]>
[2023-08-02T00:29:39.917+0000] {taskinstance.py:1165} INFO - Dependencies all met for <TaskInstance: user_processing.create_table scheduled__2023-08-01T00:00:00+00:00 [queued]>
[2023-08-02T00:29:39.918+0000] {taskinstance.py:1362} INFO - 
--------------------------------------------------------------------------------
[2023-08-02T00:29:39.918+0000] {taskinstance.py:1363} INFO - Starting attempt 1 of 1
[2023-08-02T00:29:39.919+0000] {taskinstance.py:1364} INFO - 
--------------------------------------------------------------------------------
[2023-08-02T00:29:39.946+0000] {taskinstance.py:1383} INFO - Executing <Task(PostgresOperator): create_table> on 2023-08-01 00:00:00+00:00
[2023-08-02T00:29:39.952+0000] {standard_task_runner.py:55} INFO - Started process 9609 to run task
[2023-08-02T00:29:39.968+0000] {standard_task_runner.py:82} INFO - Running: ['***', 'tasks', 'run', 'user_processing', 'create_table', 'scheduled__2023-08-01T00:00:00+00:00', '--job-id', '301', '--raw', '--subdir', 'DAGS_FOLDER/user_processing.py', '--cfg-path', '/tmp/tmpzixk2_h_']
[2023-08-02T00:29:39.979+0000] {standard_task_runner.py:83} INFO - Job 301: Subtask create_table
[2023-08-02T00:29:40.167+0000] {task_command.py:376} INFO - Running <TaskInstance: user_processing.create_table scheduled__2023-08-01T00:00:00+00:00 [running]> on host 45dcf9d0cab9
[2023-08-02T00:29:40.256+0000] {taskinstance.py:1592} INFO - Exporting the following env vars:
AIRFLOW_CTX_DAG_OWNER=***
AIRFLOW_CTX_DAG_ID=user_processing
AIRFLOW_CTX_TASK_ID=create_table
AIRFLOW_CTX_EXECUTION_DATE=2023-08-01T00:00:00+00:00
AIRFLOW_CTX_TRY_NUMBER=1
AIRFLOW_CTX_DAG_RUN_ID=scheduled__2023-08-01T00:00:00+00:00
[2023-08-02T00:29:40.273+0000] {base.py:71} INFO - Using connection ID 'postgres' for task execution.
[2023-08-02T00:29:40.283+0000] {sql.py:315} INFO - Running statement: 
            CREATE TABLE IF NOT EXISTS users (
                firstname TEXT NOT NULL,
                lastname TEXT NOT NULL,
                country TEXT NOT NULL,
                username TEXT NOT NULL,
                password TEXT NOT NULL,
                email TEXT NOT NULL
            );
        , parameters: None
[2023-08-02T00:29:40.289+0000] {postgres.py:96} INFO - NOTICE:  relation "users" already exists, skipping

[2023-08-02T00:29:40.306+0000] {taskinstance.py:1406} INFO - Marking task as SUCCESS. dag_id=user_processing, task_id=create_table, execution_date=20230801T000000, start_date=20230802T002939, end_date=20230802T002940
[2023-08-02T00:29:40.390+0000] {local_task_job.py:164} INFO - Task exited with return code 0
[2023-08-02T00:29:40.420+0000] {local_task_job.py:273} INFO - 1 downstream tasks scheduled from follow-on schedule check
