[2023-07-31T20:18:11.725+0000] {taskinstance.py:1165} INFO - Dependencies all met for <TaskInstance: parallel_dag.extract_a manual__2023-07-31T20:18:11.041994+00:00 [queued]>
[2023-07-31T20:18:11.732+0000] {taskinstance.py:1165} INFO - Dependencies all met for <TaskInstance: parallel_dag.extract_a manual__2023-07-31T20:18:11.041994+00:00 [queued]>
[2023-07-31T20:18:11.733+0000] {taskinstance.py:1362} INFO - 
--------------------------------------------------------------------------------
[2023-07-31T20:18:11.733+0000] {taskinstance.py:1363} INFO - Starting attempt 1 of 1
[2023-07-31T20:18:11.734+0000] {taskinstance.py:1364} INFO - 
--------------------------------------------------------------------------------
[2023-07-31T20:18:11.742+0000] {taskinstance.py:1383} INFO - Executing <Task(BashOperator): extract_a> on 2023-07-31 20:18:11.041994+00:00
[2023-07-31T20:18:11.747+0000] {standard_task_runner.py:55} INFO - Started process 349 to run task
[2023-07-31T20:18:11.751+0000] {standard_task_runner.py:82} INFO - Running: ['***', 'tasks', 'run', 'parallel_dag', 'extract_a', 'manual__2023-07-31T20:18:11.041994+00:00', '--job-id', '257', '--raw', '--subdir', 'DAGS_FOLDER/parallel_dag.py', '--cfg-path', '/tmp/tmpvprvvvfg']
[2023-07-31T20:18:11.752+0000] {standard_task_runner.py:83} INFO - Job 257: Subtask extract_a
[2023-07-31T20:18:11.807+0000] {task_command.py:376} INFO - Running <TaskInstance: parallel_dag.extract_a manual__2023-07-31T20:18:11.041994+00:00 [running]> on host 10b0062b951b
[2023-07-31T20:18:11.859+0000] {taskinstance.py:1592} INFO - Exporting the following env vars:
AIRFLOW_CTX_DAG_OWNER=***
AIRFLOW_CTX_DAG_ID=parallel_dag
AIRFLOW_CTX_TASK_ID=extract_a
AIRFLOW_CTX_EXECUTION_DATE=2023-07-31T20:18:11.041994+00:00
AIRFLOW_CTX_TRY_NUMBER=1
AIRFLOW_CTX_DAG_RUN_ID=manual__2023-07-31T20:18:11.041994+00:00
[2023-07-31T20:18:11.861+0000] {subprocess.py:63} INFO - Tmp dir root location: 
 /tmp
[2023-07-31T20:18:11.862+0000] {subprocess.py:75} INFO - Running command: ['/bin/bash', '-c', 'sleep 10']
[2023-07-31T20:18:11.873+0000] {subprocess.py:86} INFO - Output:
[2023-07-31T20:18:21.883+0000] {subprocess.py:97} INFO - Command exited with return code 0
[2023-07-31T20:18:21.913+0000] {taskinstance.py:1406} INFO - Marking task as SUCCESS. dag_id=parallel_dag, task_id=extract_a, execution_date=20230731T201811, start_date=20230731T201811, end_date=20230731T201821
[2023-07-31T20:18:21.976+0000] {local_task_job.py:164} INFO - Task exited with return code 0
[2023-07-31T20:18:21.996+0000] {local_task_job.py:273} INFO - 1 downstream tasks scheduled from follow-on schedule check
