[2023-08-02T08:55:30.285+0000] {taskinstance.py:1165} INFO - Dependencies all met for <TaskInstance: xcom_dag.t1 manual__2023-08-02T08:55:29.083445+00:00 [queued]>
[2023-08-02T08:55:30.292+0000] {taskinstance.py:1165} INFO - Dependencies all met for <TaskInstance: xcom_dag.t1 manual__2023-08-02T08:55:29.083445+00:00 [queued]>
[2023-08-02T08:55:30.292+0000] {taskinstance.py:1362} INFO - 
--------------------------------------------------------------------------------
[2023-08-02T08:55:30.293+0000] {taskinstance.py:1363} INFO - Starting attempt 1 of 1
[2023-08-02T08:55:30.293+0000] {taskinstance.py:1364} INFO - 
--------------------------------------------------------------------------------
[2023-08-02T08:55:30.301+0000] {taskinstance.py:1383} INFO - Executing <Task(PythonOperator): t1> on 2023-08-02 08:55:29.083445+00:00
[2023-08-02T08:55:30.306+0000] {standard_task_runner.py:55} INFO - Started process 1172 to run task
[2023-08-02T08:55:30.310+0000] {standard_task_runner.py:82} INFO - Running: ['***', 'tasks', 'run', 'xcom_dag', 't1', 'manual__2023-08-02T08:55:29.083445+00:00', '--job-id', '331', '--raw', '--subdir', 'DAGS_FOLDER/xcom_dag.py', '--cfg-path', '/tmp/tmp0cs8zc0n']
[2023-08-02T08:55:30.311+0000] {standard_task_runner.py:83} INFO - Job 331: Subtask t1
[2023-08-02T08:55:30.369+0000] {task_command.py:376} INFO - Running <TaskInstance: xcom_dag.t1 manual__2023-08-02T08:55:29.083445+00:00 [running]> on host c84be6b275ee
[2023-08-02T08:55:30.427+0000] {taskinstance.py:1592} INFO - Exporting the following env vars:
AIRFLOW_CTX_DAG_OWNER=***
AIRFLOW_CTX_DAG_ID=xcom_dag
AIRFLOW_CTX_TASK_ID=t1
AIRFLOW_CTX_EXECUTION_DATE=2023-08-02T08:55:29.083445+00:00
AIRFLOW_CTX_TRY_NUMBER=1
AIRFLOW_CTX_DAG_RUN_ID=manual__2023-08-02T08:55:29.083445+00:00
[2023-08-02T08:55:30.430+0000] {python.py:177} INFO - Done. Returned value was: None
[2023-08-02T08:55:30.441+0000] {taskinstance.py:1406} INFO - Marking task as SUCCESS. dag_id=xcom_dag, task_id=t1, execution_date=20230802T085529, start_date=20230802T085530, end_date=20230802T085530
[2023-08-02T08:55:30.483+0000] {local_task_job.py:164} INFO - Task exited with return code 0
[2023-08-02T08:55:30.505+0000] {local_task_job.py:273} INFO - 1 downstream tasks scheduled from follow-on schedule check
