[2023-08-02T07:49:27.416+0000] {taskinstance.py:1165} INFO - Dependencies all met for <TaskInstance: group_dag.transforms.transform_a manual__2023-08-02T07:49:04.591103+00:00 [queued]>
[2023-08-02T07:49:27.422+0000] {taskinstance.py:1165} INFO - Dependencies all met for <TaskInstance: group_dag.transforms.transform_a manual__2023-08-02T07:49:04.591103+00:00 [queued]>
[2023-08-02T07:49:27.423+0000] {taskinstance.py:1362} INFO - 
--------------------------------------------------------------------------------
[2023-08-02T07:49:27.423+0000] {taskinstance.py:1363} INFO - Starting attempt 1 of 1
[2023-08-02T07:49:27.424+0000] {taskinstance.py:1364} INFO - 
--------------------------------------------------------------------------------
[2023-08-02T07:49:27.435+0000] {taskinstance.py:1383} INFO - Executing <Task(BashOperator): transforms.transform_a> on 2023-08-02 07:49:04.591103+00:00
[2023-08-02T07:49:27.440+0000] {standard_task_runner.py:55} INFO - Started process 12490 to run task
[2023-08-02T07:49:27.444+0000] {standard_task_runner.py:82} INFO - Running: ['***', 'tasks', 'run', 'group_dag', 'transforms.transform_a', 'manual__2023-08-02T07:49:04.591103+00:00', '--job-id', '321', '--raw', '--subdir', 'DAGS_FOLDER/group_dag.py', '--cfg-path', '/tmp/tmpmfjt3hb3']
[2023-08-02T07:49:27.445+0000] {standard_task_runner.py:83} INFO - Job 321: Subtask transforms.transform_a
[2023-08-02T07:49:27.504+0000] {task_command.py:376} INFO - Running <TaskInstance: group_dag.transforms.transform_a manual__2023-08-02T07:49:04.591103+00:00 [running]> on host 45dcf9d0cab9
[2023-08-02T07:49:27.565+0000] {taskinstance.py:1592} INFO - Exporting the following env vars:
AIRFLOW_CTX_DAG_OWNER=***
AIRFLOW_CTX_DAG_ID=group_dag
AIRFLOW_CTX_TASK_ID=transforms.transform_a
AIRFLOW_CTX_EXECUTION_DATE=2023-08-02T07:49:04.591103+00:00
AIRFLOW_CTX_TRY_NUMBER=1
AIRFLOW_CTX_DAG_RUN_ID=manual__2023-08-02T07:49:04.591103+00:00
[2023-08-02T07:49:27.566+0000] {subprocess.py:63} INFO - Tmp dir root location: 
 /tmp
[2023-08-02T07:49:27.567+0000] {subprocess.py:75} INFO - Running command: ['/bin/bash', '-c', 'sleep 10']
[2023-08-02T07:49:27.585+0000] {subprocess.py:86} INFO - Output:
[2023-08-02T07:49:37.588+0000] {subprocess.py:97} INFO - Command exited with return code 0
[2023-08-02T07:49:37.619+0000] {taskinstance.py:1406} INFO - Marking task as SUCCESS. dag_id=group_dag, task_id=transforms.transform_a, execution_date=20230802T074904, start_date=20230802T074927, end_date=20230802T074937
[2023-08-02T07:49:37.659+0000] {local_task_job.py:164} INFO - Task exited with return code 0
[2023-08-02T07:49:37.673+0000] {local_task_job.py:273} INFO - 0 downstream tasks scheduled from follow-on schedule check
