[2023-08-02T07:49:27.411+0000] {taskinstance.py:1165} INFO - Dependencies all met for <TaskInstance: group_dag.transforms.transform_b manual__2023-08-02T07:49:04.591103+00:00 [queued]>
[2023-08-02T07:49:27.420+0000] {taskinstance.py:1165} INFO - Dependencies all met for <TaskInstance: group_dag.transforms.transform_b manual__2023-08-02T07:49:04.591103+00:00 [queued]>
[2023-08-02T07:49:27.420+0000] {taskinstance.py:1362} INFO - 
--------------------------------------------------------------------------------
[2023-08-02T07:49:27.421+0000] {taskinstance.py:1363} INFO - Starting attempt 1 of 1
[2023-08-02T07:49:27.421+0000] {taskinstance.py:1364} INFO - 
--------------------------------------------------------------------------------
[2023-08-02T07:49:27.431+0000] {taskinstance.py:1383} INFO - Executing <Task(BashOperator): transforms.transform_b> on 2023-08-02 07:49:04.591103+00:00
[2023-08-02T07:49:27.436+0000] {standard_task_runner.py:55} INFO - Started process 12489 to run task
[2023-08-02T07:49:27.440+0000] {standard_task_runner.py:82} INFO - Running: ['***', 'tasks', 'run', 'group_dag', 'transforms.transform_b', 'manual__2023-08-02T07:49:04.591103+00:00', '--job-id', '320', '--raw', '--subdir', 'DAGS_FOLDER/group_dag.py', '--cfg-path', '/tmp/tmp2k56jgbj']
[2023-08-02T07:49:27.441+0000] {standard_task_runner.py:83} INFO - Job 320: Subtask transforms.transform_b
[2023-08-02T07:49:27.501+0000] {task_command.py:376} INFO - Running <TaskInstance: group_dag.transforms.transform_b manual__2023-08-02T07:49:04.591103+00:00 [running]> on host 45dcf9d0cab9
[2023-08-02T07:49:27.577+0000] {taskinstance.py:1592} INFO - Exporting the following env vars:
AIRFLOW_CTX_DAG_OWNER=***
AIRFLOW_CTX_DAG_ID=group_dag
AIRFLOW_CTX_TASK_ID=transforms.transform_b
AIRFLOW_CTX_EXECUTION_DATE=2023-08-02T07:49:04.591103+00:00
AIRFLOW_CTX_TRY_NUMBER=1
AIRFLOW_CTX_DAG_RUN_ID=manual__2023-08-02T07:49:04.591103+00:00
[2023-08-02T07:49:27.578+0000] {subprocess.py:63} INFO - Tmp dir root location: 
 /tmp
[2023-08-02T07:49:27.579+0000] {subprocess.py:75} INFO - Running command: ['/bin/bash', '-c', 'sleep 10']
[2023-08-02T07:49:27.590+0000] {subprocess.py:86} INFO - Output:
[2023-08-02T07:49:37.595+0000] {subprocess.py:97} INFO - Command exited with return code 0
[2023-08-02T07:49:37.632+0000] {taskinstance.py:1406} INFO - Marking task as SUCCESS. dag_id=group_dag, task_id=transforms.transform_b, execution_date=20230802T074904, start_date=20230802T074927, end_date=20230802T074937
[2023-08-02T07:49:37.692+0000] {local_task_job.py:164} INFO - Task exited with return code 0
[2023-08-02T07:49:37.715+0000] {local_task_job.py:273} INFO - 0 downstream tasks scheduled from follow-on schedule check
