[2023-08-02T00:29:37.277+0000] {taskinstance.py:1165} INFO - Dependencies all met for <TaskInstance: producer.update_dateset scheduled__2023-08-01T00:00:00+00:00 [queued]>
[2023-08-02T00:29:37.307+0000] {taskinstance.py:1165} INFO - Dependencies all met for <TaskInstance: producer.update_dateset scheduled__2023-08-01T00:00:00+00:00 [queued]>
[2023-08-02T00:29:37.308+0000] {taskinstance.py:1362} INFO - 
--------------------------------------------------------------------------------
[2023-08-02T00:29:37.309+0000] {taskinstance.py:1363} INFO - Starting attempt 1 of 1
[2023-08-02T00:29:37.309+0000] {taskinstance.py:1364} INFO - 
--------------------------------------------------------------------------------
[2023-08-02T00:29:37.346+0000] {taskinstance.py:1383} INFO - Executing <Task(_PythonDecoratedOperator): update_dateset> on 2023-08-01 00:00:00+00:00
[2023-08-02T00:29:37.367+0000] {standard_task_runner.py:55} INFO - Started process 9596 to run task
[2023-08-02T00:29:37.397+0000] {standard_task_runner.py:82} INFO - Running: ['***', 'tasks', 'run', 'producer', 'update_dateset', 'scheduled__2023-08-01T00:00:00+00:00', '--job-id', '295', '--raw', '--subdir', 'DAGS_FOLDER/producer.py', '--cfg-path', '/tmp/tmpv8udpfa1']
[2023-08-02T00:29:37.401+0000] {standard_task_runner.py:83} INFO - Job 295: Subtask update_dateset
[2023-08-02T00:29:37.610+0000] {task_command.py:376} INFO - Running <TaskInstance: producer.update_dateset scheduled__2023-08-01T00:00:00+00:00 [running]> on host 45dcf9d0cab9
[2023-08-02T00:29:38.318+0000] {taskinstance.py:1592} INFO - Exporting the following env vars:
AIRFLOW_CTX_DAG_OWNER=***
AIRFLOW_CTX_DAG_ID=producer
AIRFLOW_CTX_TASK_ID=update_dateset
AIRFLOW_CTX_EXECUTION_DATE=2023-08-01T00:00:00+00:00
AIRFLOW_CTX_TRY_NUMBER=1
AIRFLOW_CTX_DAG_RUN_ID=scheduled__2023-08-01T00:00:00+00:00
[2023-08-02T00:29:38.325+0000] {python.py:177} INFO - Done. Returned value was: None
[2023-08-02T00:29:38.394+0000] {warnings.py:110} WARNING - /home/***/.local/lib/python3.7/site-packages/***/models/baseoperator.py:1390: RemovedInAirflow3Warning: Passing 'execution_date' to 'TaskInstance.xcom_push()' is deprecated.
  context['ti'].xcom_push(key=key, value=value, execution_date=execution_date)

[2023-08-02T00:29:38.541+0000] {taskinstance.py:1406} INFO - Marking task as SUCCESS. dag_id=producer, task_id=update_dateset, execution_date=20230801T000000, start_date=20230802T002937, end_date=20230802T002938
[2023-08-02T00:29:38.675+0000] {local_task_job.py:164} INFO - Task exited with return code 0
[2023-08-02T00:29:38.771+0000] {local_task_job.py:273} INFO - 1 downstream tasks scheduled from follow-on schedule check
