[2023-08-02T21:47:02.768+0000] {taskinstance.py:1165} INFO - Dependencies all met for <TaskInstance: elastic_dag.print_es_info scheduled__2023-08-01T00:00:00+00:00 [queued]>
[2023-08-02T21:47:02.776+0000] {taskinstance.py:1165} INFO - Dependencies all met for <TaskInstance: elastic_dag.print_es_info scheduled__2023-08-01T00:00:00+00:00 [queued]>
[2023-08-02T21:47:02.777+0000] {taskinstance.py:1362} INFO - 
--------------------------------------------------------------------------------
[2023-08-02T21:47:02.778+0000] {taskinstance.py:1363} INFO - Starting attempt 1 of 1
[2023-08-02T21:47:02.778+0000] {taskinstance.py:1364} INFO - 
--------------------------------------------------------------------------------
[2023-08-02T21:47:02.786+0000] {taskinstance.py:1383} INFO - Executing <Task(PythonOperator): print_es_info> on 2023-08-01 00:00:00+00:00
[2023-08-02T21:47:02.791+0000] {standard_task_runner.py:55} INFO - Started process 134 to run task
[2023-08-02T21:47:02.795+0000] {standard_task_runner.py:82} INFO - Running: ['***', 'tasks', 'run', 'elastic_dag', 'print_es_info', 'scheduled__2023-08-01T00:00:00+00:00', '--job-id', '356', '--raw', '--subdir', 'DAGS_FOLDER/elastic_dag.py', '--cfg-path', '/tmp/tmpiepw6y_p']
[2023-08-02T21:47:02.798+0000] {standard_task_runner.py:83} INFO - Job 356: Subtask print_es_info
[2023-08-02T21:47:02.851+0000] {task_command.py:376} INFO - Running <TaskInstance: elastic_dag.print_es_info scheduled__2023-08-01T00:00:00+00:00 [running]> on host 4868acbc166e
[2023-08-02T21:47:02.913+0000] {taskinstance.py:1592} INFO - Exporting the following env vars:
AIRFLOW_CTX_DAG_OWNER=***
AIRFLOW_CTX_DAG_ID=elastic_dag
AIRFLOW_CTX_TASK_ID=print_es_info
AIRFLOW_CTX_EXECUTION_DATE=2023-08-01T00:00:00+00:00
AIRFLOW_CTX_TRY_NUMBER=1
AIRFLOW_CTX_DAG_RUN_ID=scheduled__2023-08-01T00:00:00+00:00
[2023-08-02T21:47:02.914+0000] {python.py:177} INFO - Done. Returned value was: None
[2023-08-02T21:47:02.922+0000] {taskinstance.py:1406} INFO - Marking task as SUCCESS. dag_id=elastic_dag, task_id=print_es_info, execution_date=20230801T000000, start_date=20230802T214702, end_date=20230802T214702
[2023-08-02T21:47:02.969+0000] {local_task_job.py:164} INFO - Task exited with return code 0
[2023-08-02T21:47:02.985+0000] {local_task_job.py:273} INFO - 0 downstream tasks scheduled from follow-on schedule check
