[2023-08-02T08:58:18.792+0000] {taskinstance.py:1165} INFO - Dependencies all met for <TaskInstance: xcom_dag.t3 manual__2023-08-02T08:58:16.299992+00:00 [queued]>
[2023-08-02T08:58:18.799+0000] {taskinstance.py:1165} INFO - Dependencies all met for <TaskInstance: xcom_dag.t3 manual__2023-08-02T08:58:16.299992+00:00 [queued]>
[2023-08-02T08:58:18.800+0000] {taskinstance.py:1362} INFO - 
--------------------------------------------------------------------------------
[2023-08-02T08:58:18.800+0000] {taskinstance.py:1363} INFO - Starting attempt 1 of 1
[2023-08-02T08:58:18.801+0000] {taskinstance.py:1364} INFO - 
--------------------------------------------------------------------------------
[2023-08-02T08:58:18.809+0000] {taskinstance.py:1383} INFO - Executing <Task(BashOperator): t3> on 2023-08-02 08:58:16.299992+00:00
[2023-08-02T08:58:18.814+0000] {standard_task_runner.py:55} INFO - Started process 1332 to run task
[2023-08-02T08:58:18.819+0000] {standard_task_runner.py:82} INFO - Running: ['***', 'tasks', 'run', 'xcom_dag', 't3', 'manual__2023-08-02T08:58:16.299992+00:00', '--job-id', '339', '--raw', '--subdir', 'DAGS_FOLDER/xcom_dag.py', '--cfg-path', '/tmp/tmp2pym7ith']
[2023-08-02T08:58:18.820+0000] {standard_task_runner.py:83} INFO - Job 339: Subtask t3
[2023-08-02T08:58:18.889+0000] {task_command.py:376} INFO - Running <TaskInstance: xcom_dag.t3 manual__2023-08-02T08:58:16.299992+00:00 [running]> on host c84be6b275ee
[2023-08-02T08:58:18.954+0000] {taskinstance.py:1592} INFO - Exporting the following env vars:
AIRFLOW_CTX_DAG_OWNER=***
AIRFLOW_CTX_DAG_ID=xcom_dag
AIRFLOW_CTX_TASK_ID=t3
AIRFLOW_CTX_EXECUTION_DATE=2023-08-02T08:58:16.299992+00:00
AIRFLOW_CTX_TRY_NUMBER=1
AIRFLOW_CTX_DAG_RUN_ID=manual__2023-08-02T08:58:16.299992+00:00
[2023-08-02T08:58:18.956+0000] {subprocess.py:63} INFO - Tmp dir root location: 
 /tmp
[2023-08-02T08:58:18.957+0000] {subprocess.py:75} INFO - Running command: ['/bin/bash', '-c', "echo ''"]
[2023-08-02T08:58:18.974+0000] {subprocess.py:86} INFO - Output:
[2023-08-02T08:58:18.977+0000] {subprocess.py:93} INFO - 
[2023-08-02T08:58:18.978+0000] {subprocess.py:97} INFO - Command exited with return code 0
[2023-08-02T08:58:19.004+0000] {taskinstance.py:1406} INFO - Marking task as SUCCESS. dag_id=xcom_dag, task_id=t3, execution_date=20230802T085816, start_date=20230802T085818, end_date=20230802T085819
[2023-08-02T08:58:19.034+0000] {local_task_job.py:164} INFO - Task exited with return code 0
[2023-08-02T08:58:19.053+0000] {local_task_job.py:273} INFO - 0 downstream tasks scheduled from follow-on schedule check
