[2023-08-02T07:49:05.321+0000] {taskinstance.py:1165} INFO - Dependencies all met for <TaskInstance: group_dag.downloads.download_a manual__2023-08-02T07:49:04.591103+00:00 [queued]>
[2023-08-02T07:49:05.330+0000] {taskinstance.py:1165} INFO - Dependencies all met for <TaskInstance: group_dag.downloads.download_a manual__2023-08-02T07:49:04.591103+00:00 [queued]>
[2023-08-02T07:49:05.331+0000] {taskinstance.py:1362} INFO - 
--------------------------------------------------------------------------------
[2023-08-02T07:49:05.331+0000] {taskinstance.py:1363} INFO - Starting attempt 1 of 1
[2023-08-02T07:49:05.332+0000] {taskinstance.py:1364} INFO - 
--------------------------------------------------------------------------------
[2023-08-02T07:49:05.345+0000] {taskinstance.py:1383} INFO - Executing <Task(BashOperator): downloads.download_a> on 2023-08-02 07:49:04.591103+00:00
[2023-08-02T07:49:05.351+0000] {standard_task_runner.py:55} INFO - Started process 12460 to run task
[2023-08-02T07:49:05.356+0000] {standard_task_runner.py:82} INFO - Running: ['***', 'tasks', 'run', 'group_dag', 'downloads.download_a', 'manual__2023-08-02T07:49:04.591103+00:00', '--job-id', '317', '--raw', '--subdir', 'DAGS_FOLDER/group_dag.py', '--cfg-path', '/tmp/tmpjmavokie']
[2023-08-02T07:49:05.357+0000] {standard_task_runner.py:83} INFO - Job 317: Subtask downloads.download_a
[2023-08-02T07:49:05.426+0000] {task_command.py:376} INFO - Running <TaskInstance: group_dag.downloads.download_a manual__2023-08-02T07:49:04.591103+00:00 [running]> on host 45dcf9d0cab9
[2023-08-02T07:49:05.492+0000] {taskinstance.py:1592} INFO - Exporting the following env vars:
AIRFLOW_CTX_DAG_OWNER=***
AIRFLOW_CTX_DAG_ID=group_dag
AIRFLOW_CTX_TASK_ID=downloads.download_a
AIRFLOW_CTX_EXECUTION_DATE=2023-08-02T07:49:04.591103+00:00
AIRFLOW_CTX_TRY_NUMBER=1
AIRFLOW_CTX_DAG_RUN_ID=manual__2023-08-02T07:49:04.591103+00:00
[2023-08-02T07:49:05.493+0000] {subprocess.py:63} INFO - Tmp dir root location: 
 /tmp
[2023-08-02T07:49:05.494+0000] {subprocess.py:75} INFO - Running command: ['/bin/bash', '-c', 'sleep 10']
[2023-08-02T07:49:05.506+0000] {subprocess.py:86} INFO - Output:
[2023-08-02T07:49:15.509+0000] {subprocess.py:97} INFO - Command exited with return code 0
[2023-08-02T07:49:15.554+0000] {taskinstance.py:1406} INFO - Marking task as SUCCESS. dag_id=group_dag, task_id=downloads.download_a, execution_date=20230802T074904, start_date=20230802T074905, end_date=20230802T074915
[2023-08-02T07:49:15.632+0000] {local_task_job.py:164} INFO - Task exited with return code 0
[2023-08-02T07:49:15.668+0000] {local_task_job.py:273} INFO - 0 downstream tasks scheduled from follow-on schedule check
