[2023-08-01T11:09:53.678+0000] {taskinstance.py:1165} INFO - Dependencies all met for <TaskInstance: group_dag.check_files manual__2023-08-01T11:08:51.509329+00:00 [queued]>
[2023-08-01T11:09:53.685+0000] {taskinstance.py:1165} INFO - Dependencies all met for <TaskInstance: group_dag.check_files manual__2023-08-01T11:08:51.509329+00:00 [queued]>
[2023-08-01T11:09:53.686+0000] {taskinstance.py:1362} INFO - 
--------------------------------------------------------------------------------
[2023-08-01T11:09:53.686+0000] {taskinstance.py:1363} INFO - Starting attempt 1 of 1
[2023-08-01T11:09:53.687+0000] {taskinstance.py:1364} INFO - 
--------------------------------------------------------------------------------
[2023-08-01T11:09:53.695+0000] {taskinstance.py:1383} INFO - Executing <Task(BashOperator): check_files> on 2023-08-01 11:08:51.509329+00:00
[2023-08-01T11:09:53.700+0000] {standard_task_runner.py:55} INFO - Started process 392 to run task
[2023-08-01T11:09:53.704+0000] {standard_task_runner.py:82} INFO - Running: ['***', 'tasks', 'run', 'group_dag', 'check_files', 'manual__2023-08-01T11:08:51.509329+00:00', '--job-id', '288', '--raw', '--subdir', 'DAGS_FOLDER/group_dag.py', '--cfg-path', '/tmp/tmplotrk5xu']
[2023-08-01T11:09:53.705+0000] {standard_task_runner.py:83} INFO - Job 288: Subtask check_files
[2023-08-01T11:09:53.754+0000] {task_command.py:376} INFO - Running <TaskInstance: group_dag.check_files manual__2023-08-01T11:08:51.509329+00:00 [running]> on host 45dcf9d0cab9
[2023-08-01T11:09:53.799+0000] {taskinstance.py:1592} INFO - Exporting the following env vars:
AIRFLOW_CTX_DAG_OWNER=***
AIRFLOW_CTX_DAG_ID=group_dag
AIRFLOW_CTX_TASK_ID=check_files
AIRFLOW_CTX_EXECUTION_DATE=2023-08-01T11:08:51.509329+00:00
AIRFLOW_CTX_TRY_NUMBER=1
AIRFLOW_CTX_DAG_RUN_ID=manual__2023-08-01T11:08:51.509329+00:00
[2023-08-01T11:09:53.800+0000] {subprocess.py:63} INFO - Tmp dir root location: 
 /tmp
[2023-08-01T11:09:53.801+0000] {subprocess.py:75} INFO - Running command: ['/bin/bash', '-c', 'sleep 10']
[2023-08-01T11:09:53.813+0000] {subprocess.py:86} INFO - Output:
[2023-08-01T11:10:03.817+0000] {subprocess.py:97} INFO - Command exited with return code 0
[2023-08-01T11:10:03.864+0000] {taskinstance.py:1406} INFO - Marking task as SUCCESS. dag_id=group_dag, task_id=check_files, execution_date=20230801T110851, start_date=20230801T110953, end_date=20230801T111003
[2023-08-01T11:10:03.932+0000] {local_task_job.py:164} INFO - Task exited with return code 0
[2023-08-01T11:10:03.954+0000] {local_task_job.py:273} INFO - 0 downstream tasks scheduled from follow-on schedule check
