[2023-08-02T00:29:44.117+0000] {taskinstance.py:1165} INFO - Dependencies all met for <TaskInstance: user_processing.extract_user scheduled__2023-08-01T00:00:00+00:00 [queued]>
[2023-08-02T00:29:44.127+0000] {taskinstance.py:1165} INFO - Dependencies all met for <TaskInstance: user_processing.extract_user scheduled__2023-08-01T00:00:00+00:00 [queued]>
[2023-08-02T00:29:44.128+0000] {taskinstance.py:1362} INFO - 
--------------------------------------------------------------------------------
[2023-08-02T00:29:44.128+0000] {taskinstance.py:1363} INFO - Starting attempt 1 of 1
[2023-08-02T00:29:44.132+0000] {taskinstance.py:1364} INFO - 
--------------------------------------------------------------------------------
[2023-08-02T00:29:44.142+0000] {taskinstance.py:1383} INFO - Executing <Task(SimpleHttpOperator): extract_user> on 2023-08-01 00:00:00+00:00
[2023-08-02T00:29:44.149+0000] {standard_task_runner.py:55} INFO - Started process 9627 to run task
[2023-08-02T00:29:44.153+0000] {standard_task_runner.py:82} INFO - Running: ['***', 'tasks', 'run', 'user_processing', 'extract_user', 'scheduled__2023-08-01T00:00:00+00:00', '--job-id', '305', '--raw', '--subdir', 'DAGS_FOLDER/user_processing.py', '--cfg-path', '/tmp/tmpybuey9si']
[2023-08-02T00:29:44.155+0000] {standard_task_runner.py:83} INFO - Job 305: Subtask extract_user
[2023-08-02T00:29:44.214+0000] {task_command.py:376} INFO - Running <TaskInstance: user_processing.extract_user scheduled__2023-08-01T00:00:00+00:00 [running]> on host 45dcf9d0cab9
[2023-08-02T00:29:44.273+0000] {taskinstance.py:1592} INFO - Exporting the following env vars:
AIRFLOW_CTX_DAG_OWNER=***
AIRFLOW_CTX_DAG_ID=user_processing
AIRFLOW_CTX_TASK_ID=extract_user
AIRFLOW_CTX_EXECUTION_DATE=2023-08-01T00:00:00+00:00
AIRFLOW_CTX_TRY_NUMBER=1
AIRFLOW_CTX_DAG_RUN_ID=scheduled__2023-08-01T00:00:00+00:00
[2023-08-02T00:29:44.274+0000] {http.py:121} INFO - Calling HTTP method
[2023-08-02T00:29:44.283+0000] {base.py:71} INFO - Using connection ID 'user_api' for task execution.
[2023-08-02T00:29:44.284+0000] {http.py:148} INFO - Sending 'GET' to url: https://randomuser.me/api/
[2023-08-02T00:29:44.683+0000] {http.py:125} INFO - {"results":[{"gender":"male","name":{"title":"Mr","first":"Charlie","last":"Fuller"},"location":{"street":{"number":3170,"name":"The Avenue"},"city":"Gloucester","state":"Highlands and Islands","country":"United Kingdom","postcode":"PR85 8PG","coordinates":{"latitude":"-11.0422","longitude":"-33.9009"},"timezone":{"offset":"-7:00","description":"Mountain Time (US & Canada)"}},"email":"charlie.fuller@example.com","login":{"uuid":"2425d586-3683-48ba-a864-9adbbd69e976","username":"greenfish638","password":"knights","salt":"oBFnHSQ4","md5":"9f339ed8778f50e88635fe14417c3cc6","sha1":"20c5adcbef00180432979db04085db8f24456916","sha256":"c6cd79a8fb0ac5fbbdada435f87423291dc519a994be1ec47d58ea78c43ded82"},"dob":{"date":"1980-02-22T04:08:22.692Z","age":43},"registered":{"date":"2018-12-24T06:52:04.701Z","age":4},"phone":"015395 66860","cell":"07299 099330","id":{"name":"NINO","value":"TX 23 24 18 I"},"picture":{"large":"https://randomuser.me/api/portraits/men/71.jpg","medium":"https://randomuser.me/api/portraits/med/men/71.jpg","thumbnail":"https://randomuser.me/api/portraits/thumb/men/71.jpg"},"nat":"GB"}],"info":{"seed":"1271eb431547773b","results":1,"page":1,"version":"1.4"}}
[2023-08-02T00:29:44.708+0000] {taskinstance.py:1406} INFO - Marking task as SUCCESS. dag_id=user_processing, task_id=extract_user, execution_date=20230801T000000, start_date=20230802T002944, end_date=20230802T002944
[2023-08-02T00:29:44.754+0000] {local_task_job.py:164} INFO - Task exited with return code 0
[2023-08-02T00:29:44.778+0000] {local_task_job.py:273} INFO - 1 downstream tasks scheduled from follow-on schedule check
