[2023-08-02T00:29:50.192+0000] {taskinstance.py:1165} INFO - Dependencies all met for <TaskInstance: group_dag.check_files scheduled__2023-08-01T00:00:00+00:00 [queued]>
[2023-08-02T00:29:50.202+0000] {taskinstance.py:1165} INFO - Dependencies all met for <TaskInstance: group_dag.check_files scheduled__2023-08-01T00:00:00+00:00 [queued]>
[2023-08-02T00:29:50.202+0000] {taskinstance.py:1362} INFO - 
--------------------------------------------------------------------------------
[2023-08-02T00:29:50.203+0000] {taskinstance.py:1363} INFO - Starting attempt 1 of 1
[2023-08-02T00:29:50.204+0000] {taskinstance.py:1364} INFO - 
--------------------------------------------------------------------------------
[2023-08-02T00:29:50.215+0000] {taskinstance.py:1383} INFO - Executing <Task(BashOperator): check_files> on 2023-08-01 00:00:00+00:00
[2023-08-02T00:29:50.223+0000] {standard_task_runner.py:55} INFO - Started process 9638 to run task
[2023-08-02T00:29:50.230+0000] {standard_task_runner.py:82} INFO - Running: ['***', 'tasks', 'run', 'group_dag', 'check_files', 'scheduled__2023-08-01T00:00:00+00:00', '--job-id', '309', '--raw', '--subdir', 'DAGS_FOLDER/group_dag.py', '--cfg-path', '/tmp/tmp84gkd3bl']
[2023-08-02T00:29:50.232+0000] {standard_task_runner.py:83} INFO - Job 309: Subtask check_files
[2023-08-02T00:29:50.300+0000] {task_command.py:376} INFO - Running <TaskInstance: group_dag.check_files scheduled__2023-08-01T00:00:00+00:00 [running]> on host 45dcf9d0cab9
[2023-08-02T00:29:50.363+0000] {taskinstance.py:1592} INFO - Exporting the following env vars:
AIRFLOW_CTX_DAG_OWNER=***
AIRFLOW_CTX_DAG_ID=group_dag
AIRFLOW_CTX_TASK_ID=check_files
AIRFLOW_CTX_EXECUTION_DATE=2023-08-01T00:00:00+00:00
AIRFLOW_CTX_TRY_NUMBER=1
AIRFLOW_CTX_DAG_RUN_ID=scheduled__2023-08-01T00:00:00+00:00
[2023-08-02T00:29:50.364+0000] {subprocess.py:63} INFO - Tmp dir root location: 
 /tmp
[2023-08-02T00:29:50.365+0000] {subprocess.py:75} INFO - Running command: ['/bin/bash', '-c', 'sleep 10']
[2023-08-02T00:29:50.377+0000] {subprocess.py:86} INFO - Output:
[2023-08-02T00:30:00.382+0000] {subprocess.py:97} INFO - Command exited with return code 0
[2023-08-02T00:30:00.416+0000] {taskinstance.py:1406} INFO - Marking task as SUCCESS. dag_id=group_dag, task_id=check_files, execution_date=20230801T000000, start_date=20230802T002950, end_date=20230802T003000
[2023-08-02T00:30:00.446+0000] {local_task_job.py:164} INFO - Task exited with return code 0
[2023-08-02T00:30:00.476+0000] {local_task_job.py:273} INFO - 3 downstream tasks scheduled from follow-on schedule check
