[2023-08-01T00:12:31.329+0000] {taskinstance.py:1165} INFO - Dependencies all met for <TaskInstance: user_processing.extract_user scheduled__2023-07-31T00:00:00+00:00 [queued]>
[2023-08-01T00:12:31.337+0000] {taskinstance.py:1165} INFO - Dependencies all met for <TaskInstance: user_processing.extract_user scheduled__2023-07-31T00:00:00+00:00 [queued]>
[2023-08-01T00:12:31.337+0000] {taskinstance.py:1362} INFO - 
--------------------------------------------------------------------------------
[2023-08-01T00:12:31.338+0000] {taskinstance.py:1363} INFO - Starting attempt 1 of 1
[2023-08-01T00:12:31.338+0000] {taskinstance.py:1364} INFO - 
--------------------------------------------------------------------------------
[2023-08-01T00:12:31.345+0000] {taskinstance.py:1383} INFO - Executing <Task(SimpleHttpOperator): extract_user> on 2023-07-31 00:00:00+00:00
[2023-08-01T00:12:31.351+0000] {standard_task_runner.py:55} INFO - Started process 1468 to run task
[2023-08-01T00:12:31.354+0000] {standard_task_runner.py:82} INFO - Running: ['***', 'tasks', 'run', 'user_processing', 'extract_user', 'scheduled__2023-07-31T00:00:00+00:00', '--job-id', '269', '--raw', '--subdir', 'DAGS_FOLDER/user_processing.py', '--cfg-path', '/tmp/tmp21b9zc9m']
[2023-08-01T00:12:31.356+0000] {standard_task_runner.py:83} INFO - Job 269: Subtask extract_user
[2023-08-01T00:12:31.406+0000] {task_command.py:376} INFO - Running <TaskInstance: user_processing.extract_user scheduled__2023-07-31T00:00:00+00:00 [running]> on host 10b0062b951b
[2023-08-01T00:12:31.449+0000] {taskinstance.py:1592} INFO - Exporting the following env vars:
AIRFLOW_CTX_DAG_OWNER=***
AIRFLOW_CTX_DAG_ID=user_processing
AIRFLOW_CTX_TASK_ID=extract_user
AIRFLOW_CTX_EXECUTION_DATE=2023-07-31T00:00:00+00:00
AIRFLOW_CTX_TRY_NUMBER=1
AIRFLOW_CTX_DAG_RUN_ID=scheduled__2023-07-31T00:00:00+00:00
[2023-08-01T00:12:31.450+0000] {http.py:121} INFO - Calling HTTP method
[2023-08-01T00:12:31.457+0000] {base.py:71} INFO - Using connection ID 'user_api' for task execution.
[2023-08-01T00:12:31.459+0000] {http.py:148} INFO - Sending 'GET' to url: https://randomuser.me/api/
[2023-08-01T00:12:31.988+0000] {http.py:125} INFO - {"results":[{"gender":"female","name":{"title":"Mrs","first":"Amanda","last":"Sippola"},"location":{"street":{"number":8046,"name":"Hermiankatu"},"city":"Karjalohja","state":"Satakunta","country":"Finland","postcode":73372,"coordinates":{"latitude":"-27.2342","longitude":"163.5765"},"timezone":{"offset":"-8:00","description":"Pacific Time (US & Canada)"}},"email":"amanda.sippola@example.com","login":{"uuid":"1d52c33a-b60d-4841-828d-866e0fe2efa9","username":"tinyleopard486","password":"leeds","salt":"xd2GqhGl","md5":"9bbd67b21f247ed582d6bb96e482ca6a","sha1":"0decbe8017a7bd8d795c50367c4dbf653f7ddf7c","sha256":"c0e4e82ef0ae0b44ad0b098213fdc0ccf97cd12278081fe7e34ffaa1a36400fd"},"dob":{"date":"1967-06-11T09:23:21.168Z","age":56},"registered":{"date":"2020-01-03T12:14:30.151Z","age":3},"phone":"09-819-965","cell":"043-759-64-30","id":{"name":"HETU","value":"NaNNA788undefined"},"picture":{"large":"https://randomuser.me/api/portraits/women/1.jpg","medium":"https://randomuser.me/api/portraits/med/women/1.jpg","thumbnail":"https://randomuser.me/api/portraits/thumb/women/1.jpg"},"nat":"FI"}],"info":{"seed":"e39d691894d2c555","results":1,"page":1,"version":"1.4"}}
[2023-08-01T00:12:32.043+0000] {taskinstance.py:1406} INFO - Marking task as SUCCESS. dag_id=user_processing, task_id=extract_user, execution_date=20230731T000000, start_date=20230801T001231, end_date=20230801T001232
[2023-08-01T00:12:32.086+0000] {local_task_job.py:164} INFO - Task exited with return code 0
[2023-08-01T00:12:32.106+0000] {local_task_job.py:273} INFO - 0 downstream tasks scheduled from follow-on schedule check
