[2023-08-02T08:55:31.397+0000] {taskinstance.py:1165} INFO - Dependencies all met for <TaskInstance: xcom_dag.t2 manual__2023-08-02T08:55:29.083445+00:00 [queued]>
[2023-08-02T08:55:31.404+0000] {taskinstance.py:1165} INFO - Dependencies all met for <TaskInstance: xcom_dag.t2 manual__2023-08-02T08:55:29.083445+00:00 [queued]>
[2023-08-02T08:55:31.405+0000] {taskinstance.py:1362} INFO - 
--------------------------------------------------------------------------------
[2023-08-02T08:55:31.405+0000] {taskinstance.py:1363} INFO - Starting attempt 1 of 1
[2023-08-02T08:55:31.406+0000] {taskinstance.py:1364} INFO - 
--------------------------------------------------------------------------------
[2023-08-02T08:55:31.415+0000] {taskinstance.py:1383} INFO - Executing <Task(PythonOperator): t2> on 2023-08-02 08:55:29.083445+00:00
[2023-08-02T08:55:31.420+0000] {standard_task_runner.py:55} INFO - Started process 1174 to run task
[2023-08-02T08:55:31.424+0000] {standard_task_runner.py:82} INFO - Running: ['***', 'tasks', 'run', 'xcom_dag', 't2', 'manual__2023-08-02T08:55:29.083445+00:00', '--job-id', '332', '--raw', '--subdir', 'DAGS_FOLDER/xcom_dag.py', '--cfg-path', '/tmp/tmpgk9vh4zm']
[2023-08-02T08:55:31.425+0000] {standard_task_runner.py:83} INFO - Job 332: Subtask t2
[2023-08-02T08:55:31.478+0000] {task_command.py:376} INFO - Running <TaskInstance: xcom_dag.t2 manual__2023-08-02T08:55:29.083445+00:00 [running]> on host c84be6b275ee
[2023-08-02T08:55:31.530+0000] {taskinstance.py:1592} INFO - Exporting the following env vars:
AIRFLOW_CTX_DAG_OWNER=***
AIRFLOW_CTX_DAG_ID=xcom_dag
AIRFLOW_CTX_TASK_ID=t2
AIRFLOW_CTX_EXECUTION_DATE=2023-08-02T08:55:29.083445+00:00
AIRFLOW_CTX_TRY_NUMBER=1
AIRFLOW_CTX_DAG_RUN_ID=manual__2023-08-02T08:55:29.083445+00:00
[2023-08-02T08:55:31.532+0000] {python.py:177} INFO - Done. Returned value was: None
[2023-08-02T08:55:31.542+0000] {taskinstance.py:1406} INFO - Marking task as SUCCESS. dag_id=xcom_dag, task_id=t2, execution_date=20230802T085529, start_date=20230802T085531, end_date=20230802T085531
[2023-08-02T08:55:31.595+0000] {local_task_job.py:164} INFO - Task exited with return code 0
[2023-08-02T08:55:31.614+0000] {local_task_job.py:273} INFO - 1 downstream tasks scheduled from follow-on schedule check
