[2023-08-02T08:18:32.980+0000] {taskinstance.py:1165} INFO - Dependencies all met for <TaskInstance: xcom_dag.t1 scheduled__2023-08-01T00:00:00+00:00 [queued]>
[2023-08-02T08:18:32.986+0000] {taskinstance.py:1165} INFO - Dependencies all met for <TaskInstance: xcom_dag.t1 scheduled__2023-08-01T00:00:00+00:00 [queued]>
[2023-08-02T08:18:32.987+0000] {taskinstance.py:1362} INFO - 
--------------------------------------------------------------------------------
[2023-08-02T08:18:32.987+0000] {taskinstance.py:1363} INFO - Starting attempt 1 of 1
[2023-08-02T08:18:32.987+0000] {taskinstance.py:1364} INFO - 
--------------------------------------------------------------------------------
[2023-08-02T08:18:32.995+0000] {taskinstance.py:1383} INFO - Executing <Task(PythonOperator): t1> on 2023-08-01 00:00:00+00:00
[2023-08-02T08:18:33.000+0000] {standard_task_runner.py:55} INFO - Started process 13948 to run task
[2023-08-02T08:18:33.003+0000] {standard_task_runner.py:82} INFO - Running: ['***', 'tasks', 'run', 'xcom_dag', 't1', 'scheduled__2023-08-01T00:00:00+00:00', '--job-id', '322', '--raw', '--subdir', 'DAGS_FOLDER/xcom_dag.py', '--cfg-path', '/tmp/tmpuh9do4z9']
[2023-08-02T08:18:33.004+0000] {standard_task_runner.py:83} INFO - Job 322: Subtask t1
[2023-08-02T08:18:33.060+0000] {task_command.py:376} INFO - Running <TaskInstance: xcom_dag.t1 scheduled__2023-08-01T00:00:00+00:00 [running]> on host 45dcf9d0cab9
[2023-08-02T08:18:33.112+0000] {taskinstance.py:1592} INFO - Exporting the following env vars:
AIRFLOW_CTX_DAG_OWNER=***
AIRFLOW_CTX_DAG_ID=xcom_dag
AIRFLOW_CTX_TASK_ID=t1
AIRFLOW_CTX_EXECUTION_DATE=2023-08-01T00:00:00+00:00
AIRFLOW_CTX_TRY_NUMBER=1
AIRFLOW_CTX_DAG_RUN_ID=scheduled__2023-08-01T00:00:00+00:00
[2023-08-02T08:18:33.113+0000] {python.py:177} INFO - Done. Returned value was: 42
[2023-08-02T08:18:33.133+0000] {taskinstance.py:1406} INFO - Marking task as SUCCESS. dag_id=xcom_dag, task_id=t1, execution_date=20230801T000000, start_date=20230802T081832, end_date=20230802T081833
[2023-08-02T08:18:33.175+0000] {local_task_job.py:164} INFO - Task exited with return code 0
[2023-08-02T08:18:33.197+0000] {local_task_job.py:273} INFO - 1 downstream tasks scheduled from follow-on schedule check
