[2023-05-22T19:32:33.212+0000] {processor.py:154} INFO - Started process (PID=60) to work on /home/airflow/.local/lib/python3.7/site-packages/airflow/example_dags/example_sla_dag.py
[2023-05-22T19:32:33.213+0000] {processor.py:756} INFO - Processing file /home/airflow/.local/lib/python3.7/site-packages/airflow/example_dags/example_sla_dag.py for tasks to queue
[2023-05-22T19:32:33.214+0000] {logging_mixin.py:120} INFO - [2023-05-22T19:32:33.214+0000] {dagbag.py:537} INFO - Filling up the DagBag from /home/airflow/.local/lib/python3.7/site-packages/airflow/example_dags/example_sla_dag.py
[2023-05-22T19:32:33.247+0000] {processor.py:766} INFO - DAG(s) dict_keys(['example_sla_dag']) retrieved from /home/airflow/.local/lib/python3.7/site-packages/airflow/example_dags/example_sla_dag.py
[2023-05-22T19:32:33.356+0000] {logging_mixin.py:120} INFO - [2023-05-22T19:32:33.356+0000] {manager.py:507} INFO - Created Permission View: can read on DAG:example_sla_dag
[2023-05-22T19:32:33.368+0000] {logging_mixin.py:120} INFO - [2023-05-22T19:32:33.367+0000] {manager.py:507} INFO - Created Permission View: can delete on DAG:example_sla_dag
[2023-05-22T19:32:33.376+0000] {logging_mixin.py:120} INFO - [2023-05-22T19:32:33.375+0000] {manager.py:507} INFO - Created Permission View: can edit on DAG:example_sla_dag
[2023-05-22T19:32:33.377+0000] {logging_mixin.py:120} INFO - [2023-05-22T19:32:33.377+0000] {dag.py:2585} INFO - Sync 1 DAGs
[2023-05-22T19:32:33.394+0000] {logging_mixin.py:120} INFO - [2023-05-22T19:32:33.394+0000] {dag.py:2606} INFO - Creating ORM DAG for example_sla_dag
[2023-05-22T19:32:33.424+0000] {logging_mixin.py:120} INFO - [2023-05-22T19:32:33.424+0000] {dag.py:3340} INFO - Setting next_dagrun for example_sla_dag to 2023-05-22T19:30:00+00:00, run_after=2023-05-22T19:32:00+00:00
[2023-05-22T19:32:33.465+0000] {processor.py:176} INFO - Processing /home/airflow/.local/lib/python3.7/site-packages/airflow/example_dags/example_sla_dag.py took 0.257 seconds
[2023-05-22T19:33:03.624+0000] {processor.py:154} INFO - Started process (PID=115) to work on /home/airflow/.local/lib/python3.7/site-packages/airflow/example_dags/example_sla_dag.py
[2023-05-22T19:33:03.625+0000] {processor.py:756} INFO - Processing file /home/airflow/.local/lib/python3.7/site-packages/airflow/example_dags/example_sla_dag.py for tasks to queue
[2023-05-22T19:33:03.626+0000] {logging_mixin.py:120} INFO - [2023-05-22T19:33:03.626+0000] {dagbag.py:537} INFO - Filling up the DagBag from /home/airflow/.local/lib/python3.7/site-packages/airflow/example_dags/example_sla_dag.py
[2023-05-22T19:33:03.643+0000] {processor.py:766} INFO - DAG(s) dict_keys(['example_sla_dag']) retrieved from /home/airflow/.local/lib/python3.7/site-packages/airflow/example_dags/example_sla_dag.py
[2023-05-22T19:33:03.671+0000] {logging_mixin.py:120} INFO - [2023-05-22T19:33:03.671+0000] {dag.py:2585} INFO - Sync 1 DAGs
[2023-05-22T19:33:03.689+0000] {logging_mixin.py:120} INFO - [2023-05-22T19:33:03.689+0000] {dag.py:3340} INFO - Setting next_dagrun for example_sla_dag to 2023-05-22T19:30:00+00:00, run_after=2023-05-22T19:32:00+00:00
[2023-05-22T19:33:03.700+0000] {processor.py:176} INFO - Processing /home/airflow/.local/lib/python3.7/site-packages/airflow/example_dags/example_sla_dag.py took 0.078 seconds
[2023-05-22T19:33:34.087+0000] {processor.py:154} INFO - Started process (PID=179) to work on /home/airflow/.local/lib/python3.7/site-packages/airflow/example_dags/example_sla_dag.py
[2023-05-22T19:33:34.088+0000] {processor.py:756} INFO - Processing file /home/airflow/.local/lib/python3.7/site-packages/airflow/example_dags/example_sla_dag.py for tasks to queue
[2023-05-22T19:33:34.089+0000] {logging_mixin.py:120} INFO - [2023-05-22T19:33:34.089+0000] {dagbag.py:537} INFO - Filling up the DagBag from /home/airflow/.local/lib/python3.7/site-packages/airflow/example_dags/example_sla_dag.py
[2023-05-22T19:33:34.134+0000] {processor.py:766} INFO - DAG(s) dict_keys(['example_sla_dag']) retrieved from /home/airflow/.local/lib/python3.7/site-packages/airflow/example_dags/example_sla_dag.py
[2023-05-22T19:33:34.168+0000] {logging_mixin.py:120} INFO - [2023-05-22T19:33:34.168+0000] {dag.py:2585} INFO - Sync 1 DAGs
[2023-05-22T19:33:34.188+0000] {logging_mixin.py:120} INFO - [2023-05-22T19:33:34.188+0000] {dag.py:3340} INFO - Setting next_dagrun for example_sla_dag to 2023-05-22T19:30:00+00:00, run_after=2023-05-22T19:32:00+00:00
[2023-05-22T19:33:34.201+0000] {processor.py:176} INFO - Processing /home/airflow/.local/lib/python3.7/site-packages/airflow/example_dags/example_sla_dag.py took 0.120 seconds
[2023-05-22T19:34:04.962+0000] {processor.py:154} INFO - Started process (PID=241) to work on /home/airflow/.local/lib/python3.7/site-packages/airflow/example_dags/example_sla_dag.py
[2023-05-22T19:34:04.963+0000] {processor.py:756} INFO - Processing file /home/airflow/.local/lib/python3.7/site-packages/airflow/example_dags/example_sla_dag.py for tasks to queue
[2023-05-22T19:34:04.964+0000] {logging_mixin.py:120} INFO - [2023-05-22T19:34:04.964+0000] {dagbag.py:537} INFO - Filling up the DagBag from /home/airflow/.local/lib/python3.7/site-packages/airflow/example_dags/example_sla_dag.py
[2023-05-22T19:34:04.981+0000] {processor.py:766} INFO - DAG(s) dict_keys(['example_sla_dag']) retrieved from /home/airflow/.local/lib/python3.7/site-packages/airflow/example_dags/example_sla_dag.py
[2023-05-22T19:34:05.010+0000] {logging_mixin.py:120} INFO - [2023-05-22T19:34:05.010+0000] {dag.py:2585} INFO - Sync 1 DAGs
[2023-05-22T19:34:05.027+0000] {logging_mixin.py:120} INFO - [2023-05-22T19:34:05.027+0000] {dag.py:3340} INFO - Setting next_dagrun for example_sla_dag to 2023-05-22T19:32:00+00:00, run_after=2023-05-22T19:34:00+00:00
[2023-05-22T19:34:05.040+0000] {processor.py:176} INFO - Processing /home/airflow/.local/lib/python3.7/site-packages/airflow/example_dags/example_sla_dag.py took 0.081 seconds
[2023-05-22T19:34:35.584+0000] {processor.py:154} INFO - Started process (PID=304) to work on /home/airflow/.local/lib/python3.7/site-packages/airflow/example_dags/example_sla_dag.py
[2023-05-22T19:34:35.585+0000] {processor.py:756} INFO - Processing file /home/airflow/.local/lib/python3.7/site-packages/airflow/example_dags/example_sla_dag.py for tasks to queue
[2023-05-22T19:34:35.586+0000] {logging_mixin.py:120} INFO - [2023-05-22T19:34:35.586+0000] {dagbag.py:537} INFO - Filling up the DagBag from /home/airflow/.local/lib/python3.7/site-packages/airflow/example_dags/example_sla_dag.py
[2023-05-22T19:34:35.603+0000] {processor.py:766} INFO - DAG(s) dict_keys(['example_sla_dag']) retrieved from /home/airflow/.local/lib/python3.7/site-packages/airflow/example_dags/example_sla_dag.py
[2023-05-22T19:34:35.633+0000] {logging_mixin.py:120} INFO - [2023-05-22T19:34:35.633+0000] {dag.py:2585} INFO - Sync 1 DAGs
[2023-05-22T19:34:35.651+0000] {logging_mixin.py:120} INFO - [2023-05-22T19:34:35.651+0000] {dag.py:3340} INFO - Setting next_dagrun for example_sla_dag to 2023-05-22T19:32:00+00:00, run_after=2023-05-22T19:34:00+00:00
[2023-05-22T19:34:35.663+0000] {processor.py:176} INFO - Processing /home/airflow/.local/lib/python3.7/site-packages/airflow/example_dags/example_sla_dag.py took 0.082 seconds
[2023-05-22T19:35:05.975+0000] {processor.py:154} INFO - Started process (PID=366) to work on /home/airflow/.local/lib/python3.7/site-packages/airflow/example_dags/example_sla_dag.py
[2023-05-22T19:35:05.976+0000] {processor.py:756} INFO - Processing file /home/airflow/.local/lib/python3.7/site-packages/airflow/example_dags/example_sla_dag.py for tasks to queue
[2023-05-22T19:35:05.977+0000] {logging_mixin.py:120} INFO - [2023-05-22T19:35:05.976+0000] {dagbag.py:537} INFO - Filling up the DagBag from /home/airflow/.local/lib/python3.7/site-packages/airflow/example_dags/example_sla_dag.py
[2023-05-22T19:35:05.993+0000] {processor.py:766} INFO - DAG(s) dict_keys(['example_sla_dag']) retrieved from /home/airflow/.local/lib/python3.7/site-packages/airflow/example_dags/example_sla_dag.py
[2023-05-22T19:35:06.021+0000] {logging_mixin.py:120} INFO - [2023-05-22T19:35:06.021+0000] {dag.py:2585} INFO - Sync 1 DAGs
[2023-05-22T19:35:06.039+0000] {logging_mixin.py:120} INFO - [2023-05-22T19:35:06.039+0000] {dag.py:3340} INFO - Setting next_dagrun for example_sla_dag to 2023-05-22T19:32:00+00:00, run_after=2023-05-22T19:34:00+00:00
[2023-05-22T19:35:06.051+0000] {processor.py:176} INFO - Processing /home/airflow/.local/lib/python3.7/site-packages/airflow/example_dags/example_sla_dag.py took 0.079 seconds
[2023-05-22T19:35:36.392+0000] {processor.py:154} INFO - Started process (PID=429) to work on /home/airflow/.local/lib/python3.7/site-packages/airflow/example_dags/example_sla_dag.py
[2023-05-22T19:35:36.393+0000] {processor.py:756} INFO - Processing file /home/airflow/.local/lib/python3.7/site-packages/airflow/example_dags/example_sla_dag.py for tasks to queue
[2023-05-22T19:35:36.394+0000] {logging_mixin.py:120} INFO - [2023-05-22T19:35:36.394+0000] {dagbag.py:537} INFO - Filling up the DagBag from /home/airflow/.local/lib/python3.7/site-packages/airflow/example_dags/example_sla_dag.py
[2023-05-22T19:35:36.411+0000] {processor.py:766} INFO - DAG(s) dict_keys(['example_sla_dag']) retrieved from /home/airflow/.local/lib/python3.7/site-packages/airflow/example_dags/example_sla_dag.py
[2023-05-22T19:35:36.444+0000] {logging_mixin.py:120} INFO - [2023-05-22T19:35:36.443+0000] {dag.py:2585} INFO - Sync 1 DAGs
[2023-05-22T19:35:36.471+0000] {logging_mixin.py:120} INFO - [2023-05-22T19:35:36.471+0000] {dag.py:3340} INFO - Setting next_dagrun for example_sla_dag to 2023-05-22T19:32:00+00:00, run_after=2023-05-22T19:34:00+00:00
[2023-05-22T19:35:36.484+0000] {processor.py:176} INFO - Processing /home/airflow/.local/lib/python3.7/site-packages/airflow/example_dags/example_sla_dag.py took 0.095 seconds
[2023-05-22T19:36:07.048+0000] {processor.py:154} INFO - Started process (PID=483) to work on /home/airflow/.local/lib/python3.7/site-packages/airflow/example_dags/example_sla_dag.py
[2023-05-22T19:36:07.050+0000] {processor.py:756} INFO - Processing file /home/airflow/.local/lib/python3.7/site-packages/airflow/example_dags/example_sla_dag.py for tasks to queue
[2023-05-22T19:36:07.051+0000] {logging_mixin.py:120} INFO - [2023-05-22T19:36:07.050+0000] {dagbag.py:537} INFO - Filling up the DagBag from /home/airflow/.local/lib/python3.7/site-packages/airflow/example_dags/example_sla_dag.py
[2023-05-22T19:36:07.067+0000] {processor.py:766} INFO - DAG(s) dict_keys(['example_sla_dag']) retrieved from /home/airflow/.local/lib/python3.7/site-packages/airflow/example_dags/example_sla_dag.py
[2023-05-22T19:36:07.096+0000] {logging_mixin.py:120} INFO - [2023-05-22T19:36:07.096+0000] {dag.py:2585} INFO - Sync 1 DAGs
[2023-05-22T19:36:07.115+0000] {logging_mixin.py:120} INFO - [2023-05-22T19:36:07.115+0000] {dag.py:3340} INFO - Setting next_dagrun for example_sla_dag to 2023-05-22T19:34:00+00:00, run_after=2023-05-22T19:36:00+00:00
[2023-05-22T19:36:07.127+0000] {processor.py:176} INFO - Processing /home/airflow/.local/lib/python3.7/site-packages/airflow/example_dags/example_sla_dag.py took 0.081 seconds
[2023-05-22T19:36:37.719+0000] {processor.py:154} INFO - Started process (PID=546) to work on /home/airflow/.local/lib/python3.7/site-packages/airflow/example_dags/example_sla_dag.py
[2023-05-22T19:36:37.721+0000] {processor.py:756} INFO - Processing file /home/airflow/.local/lib/python3.7/site-packages/airflow/example_dags/example_sla_dag.py for tasks to queue
[2023-05-22T19:36:37.722+0000] {logging_mixin.py:120} INFO - [2023-05-22T19:36:37.722+0000] {dagbag.py:537} INFO - Filling up the DagBag from /home/airflow/.local/lib/python3.7/site-packages/airflow/example_dags/example_sla_dag.py
[2023-05-22T19:36:37.739+0000] {processor.py:766} INFO - DAG(s) dict_keys(['example_sla_dag']) retrieved from /home/airflow/.local/lib/python3.7/site-packages/airflow/example_dags/example_sla_dag.py
[2023-05-22T19:36:37.773+0000] {logging_mixin.py:120} INFO - [2023-05-22T19:36:37.773+0000] {dag.py:2585} INFO - Sync 1 DAGs
[2023-05-22T19:36:37.793+0000] {logging_mixin.py:120} INFO - [2023-05-22T19:36:37.793+0000] {dag.py:3340} INFO - Setting next_dagrun for example_sla_dag to 2023-05-22T19:34:00+00:00, run_after=2023-05-22T19:36:00+00:00
[2023-05-22T19:36:37.806+0000] {processor.py:176} INFO - Processing /home/airflow/.local/lib/python3.7/site-packages/airflow/example_dags/example_sla_dag.py took 0.089 seconds
[2023-05-22T19:37:08.405+0000] {processor.py:154} INFO - Started process (PID=609) to work on /home/airflow/.local/lib/python3.7/site-packages/airflow/example_dags/example_sla_dag.py
[2023-05-22T19:37:08.407+0000] {processor.py:756} INFO - Processing file /home/airflow/.local/lib/python3.7/site-packages/airflow/example_dags/example_sla_dag.py for tasks to queue
[2023-05-22T19:37:08.408+0000] {logging_mixin.py:120} INFO - [2023-05-22T19:37:08.407+0000] {dagbag.py:537} INFO - Filling up the DagBag from /home/airflow/.local/lib/python3.7/site-packages/airflow/example_dags/example_sla_dag.py
[2023-05-22T19:37:08.427+0000] {processor.py:766} INFO - DAG(s) dict_keys(['example_sla_dag']) retrieved from /home/airflow/.local/lib/python3.7/site-packages/airflow/example_dags/example_sla_dag.py
[2023-05-22T19:37:08.460+0000] {logging_mixin.py:120} INFO - [2023-05-22T19:37:08.460+0000] {dag.py:2585} INFO - Sync 1 DAGs
[2023-05-22T19:37:08.478+0000] {logging_mixin.py:120} INFO - [2023-05-22T19:37:08.478+0000] {dag.py:3340} INFO - Setting next_dagrun for example_sla_dag to 2023-05-22T19:34:00+00:00, run_after=2023-05-22T19:36:00+00:00
[2023-05-22T19:37:08.490+0000] {processor.py:176} INFO - Processing /home/airflow/.local/lib/python3.7/site-packages/airflow/example_dags/example_sla_dag.py took 0.088 seconds
[2023-05-22T19:37:39.122+0000] {processor.py:154} INFO - Started process (PID=671) to work on /home/airflow/.local/lib/python3.7/site-packages/airflow/example_dags/example_sla_dag.py
[2023-05-22T19:37:39.123+0000] {processor.py:756} INFO - Processing file /home/airflow/.local/lib/python3.7/site-packages/airflow/example_dags/example_sla_dag.py for tasks to queue
[2023-05-22T19:37:39.124+0000] {logging_mixin.py:120} INFO - [2023-05-22T19:37:39.124+0000] {dagbag.py:537} INFO - Filling up the DagBag from /home/airflow/.local/lib/python3.7/site-packages/airflow/example_dags/example_sla_dag.py
[2023-05-22T19:37:39.141+0000] {processor.py:766} INFO - DAG(s) dict_keys(['example_sla_dag']) retrieved from /home/airflow/.local/lib/python3.7/site-packages/airflow/example_dags/example_sla_dag.py
[2023-05-22T19:37:39.172+0000] {logging_mixin.py:120} INFO - [2023-05-22T19:37:39.172+0000] {dag.py:2585} INFO - Sync 1 DAGs
[2023-05-22T19:37:39.191+0000] {logging_mixin.py:120} INFO - [2023-05-22T19:37:39.191+0000] {dag.py:3340} INFO - Setting next_dagrun for example_sla_dag to 2023-05-22T19:34:00+00:00, run_after=2023-05-22T19:36:00+00:00
[2023-05-22T19:37:39.203+0000] {processor.py:176} INFO - Processing /home/airflow/.local/lib/python3.7/site-packages/airflow/example_dags/example_sla_dag.py took 0.085 seconds
[2023-05-22T19:38:09.719+0000] {processor.py:154} INFO - Started process (PID=734) to work on /home/airflow/.local/lib/python3.7/site-packages/airflow/example_dags/example_sla_dag.py
[2023-05-22T19:38:09.720+0000] {processor.py:756} INFO - Processing file /home/airflow/.local/lib/python3.7/site-packages/airflow/example_dags/example_sla_dag.py for tasks to queue
[2023-05-22T19:38:09.721+0000] {logging_mixin.py:120} INFO - [2023-05-22T19:38:09.721+0000] {dagbag.py:537} INFO - Filling up the DagBag from /home/airflow/.local/lib/python3.7/site-packages/airflow/example_dags/example_sla_dag.py
[2023-05-22T19:38:09.736+0000] {processor.py:766} INFO - DAG(s) dict_keys(['example_sla_dag']) retrieved from /home/airflow/.local/lib/python3.7/site-packages/airflow/example_dags/example_sla_dag.py
[2023-05-22T19:38:09.767+0000] {logging_mixin.py:120} INFO - [2023-05-22T19:38:09.767+0000] {dag.py:2585} INFO - Sync 1 DAGs
[2023-05-22T19:38:09.785+0000] {logging_mixin.py:120} INFO - [2023-05-22T19:38:09.785+0000] {dag.py:3340} INFO - Setting next_dagrun for example_sla_dag to 2023-05-22T19:36:00+00:00, run_after=2023-05-22T19:38:00+00:00
[2023-05-22T19:38:09.797+0000] {processor.py:176} INFO - Processing /home/airflow/.local/lib/python3.7/site-packages/airflow/example_dags/example_sla_dag.py took 0.080 seconds
[2023-05-22T19:38:40.319+0000] {processor.py:154} INFO - Started process (PID=796) to work on /home/airflow/.local/lib/python3.7/site-packages/airflow/example_dags/example_sla_dag.py
[2023-05-22T19:38:40.321+0000] {processor.py:756} INFO - Processing file /home/airflow/.local/lib/python3.7/site-packages/airflow/example_dags/example_sla_dag.py for tasks to queue
[2023-05-22T19:38:40.322+0000] {logging_mixin.py:120} INFO - [2023-05-22T19:38:40.322+0000] {dagbag.py:537} INFO - Filling up the DagBag from /home/airflow/.local/lib/python3.7/site-packages/airflow/example_dags/example_sla_dag.py
[2023-05-22T19:38:40.338+0000] {processor.py:766} INFO - DAG(s) dict_keys(['example_sla_dag']) retrieved from /home/airflow/.local/lib/python3.7/site-packages/airflow/example_dags/example_sla_dag.py
[2023-05-22T19:38:40.372+0000] {logging_mixin.py:120} INFO - [2023-05-22T19:38:40.372+0000] {dag.py:2585} INFO - Sync 1 DAGs
[2023-05-22T19:38:40.399+0000] {logging_mixin.py:120} INFO - [2023-05-22T19:38:40.399+0000] {dag.py:3340} INFO - Setting next_dagrun for example_sla_dag to 2023-05-22T19:36:00+00:00, run_after=2023-05-22T19:38:00+00:00
[2023-05-22T19:38:40.413+0000] {processor.py:176} INFO - Processing /home/airflow/.local/lib/python3.7/site-packages/airflow/example_dags/example_sla_dag.py took 0.097 seconds
[2023-05-22T19:39:10.984+0000] {processor.py:154} INFO - Started process (PID=852) to work on /home/airflow/.local/lib/python3.7/site-packages/airflow/example_dags/example_sla_dag.py
[2023-05-22T19:39:10.988+0000] {processor.py:756} INFO - Processing file /home/airflow/.local/lib/python3.7/site-packages/airflow/example_dags/example_sla_dag.py for tasks to queue
[2023-05-22T19:39:10.988+0000] {logging_mixin.py:120} INFO - [2023-05-22T19:39:10.988+0000] {dagbag.py:537} INFO - Filling up the DagBag from /home/airflow/.local/lib/python3.7/site-packages/airflow/example_dags/example_sla_dag.py
[2023-05-22T19:39:11.005+0000] {processor.py:766} INFO - DAG(s) dict_keys(['example_sla_dag']) retrieved from /home/airflow/.local/lib/python3.7/site-packages/airflow/example_dags/example_sla_dag.py
[2023-05-22T19:39:11.034+0000] {logging_mixin.py:120} INFO - [2023-05-22T19:39:11.034+0000] {dag.py:2585} INFO - Sync 1 DAGs
[2023-05-22T19:39:11.052+0000] {logging_mixin.py:120} INFO - [2023-05-22T19:39:11.052+0000] {dag.py:3340} INFO - Setting next_dagrun for example_sla_dag to 2023-05-22T19:36:00+00:00, run_after=2023-05-22T19:38:00+00:00
[2023-05-22T19:39:11.064+0000] {processor.py:176} INFO - Processing /home/airflow/.local/lib/python3.7/site-packages/airflow/example_dags/example_sla_dag.py took 0.082 seconds
[2023-05-22T19:39:41.263+0000] {processor.py:154} INFO - Started process (PID=914) to work on /home/airflow/.local/lib/python3.7/site-packages/airflow/example_dags/example_sla_dag.py
[2023-05-22T19:39:41.264+0000] {processor.py:756} INFO - Processing file /home/airflow/.local/lib/python3.7/site-packages/airflow/example_dags/example_sla_dag.py for tasks to queue
[2023-05-22T19:39:41.265+0000] {logging_mixin.py:120} INFO - [2023-05-22T19:39:41.265+0000] {dagbag.py:537} INFO - Filling up the DagBag from /home/airflow/.local/lib/python3.7/site-packages/airflow/example_dags/example_sla_dag.py
[2023-05-22T19:39:41.282+0000] {processor.py:766} INFO - DAG(s) dict_keys(['example_sla_dag']) retrieved from /home/airflow/.local/lib/python3.7/site-packages/airflow/example_dags/example_sla_dag.py
[2023-05-22T19:39:41.309+0000] {logging_mixin.py:120} INFO - [2023-05-22T19:39:41.309+0000] {dag.py:2585} INFO - Sync 1 DAGs
[2023-05-22T19:39:41.328+0000] {logging_mixin.py:120} INFO - [2023-05-22T19:39:41.328+0000] {dag.py:3340} INFO - Setting next_dagrun for example_sla_dag to 2023-05-22T19:36:00+00:00, run_after=2023-05-22T19:38:00+00:00
[2023-05-22T19:39:41.340+0000] {processor.py:176} INFO - Processing /home/airflow/.local/lib/python3.7/site-packages/airflow/example_dags/example_sla_dag.py took 0.079 seconds
[2023-05-22T19:40:12.067+0000] {processor.py:154} INFO - Started process (PID=977) to work on /home/airflow/.local/lib/python3.7/site-packages/airflow/example_dags/example_sla_dag.py
[2023-05-22T19:40:12.069+0000] {processor.py:756} INFO - Processing file /home/airflow/.local/lib/python3.7/site-packages/airflow/example_dags/example_sla_dag.py for tasks to queue
[2023-05-22T19:40:12.070+0000] {logging_mixin.py:120} INFO - [2023-05-22T19:40:12.070+0000] {dagbag.py:537} INFO - Filling up the DagBag from /home/airflow/.local/lib/python3.7/site-packages/airflow/example_dags/example_sla_dag.py
[2023-05-22T19:40:12.085+0000] {processor.py:766} INFO - DAG(s) dict_keys(['example_sla_dag']) retrieved from /home/airflow/.local/lib/python3.7/site-packages/airflow/example_dags/example_sla_dag.py
[2023-05-22T19:40:12.116+0000] {logging_mixin.py:120} INFO - [2023-05-22T19:40:12.116+0000] {dag.py:2585} INFO - Sync 1 DAGs
[2023-05-22T19:40:12.133+0000] {logging_mixin.py:120} INFO - [2023-05-22T19:40:12.133+0000] {dag.py:3340} INFO - Setting next_dagrun for example_sla_dag to 2023-05-22T19:38:00+00:00, run_after=2023-05-22T19:40:00+00:00
[2023-05-22T19:40:12.145+0000] {processor.py:176} INFO - Processing /home/airflow/.local/lib/python3.7/site-packages/airflow/example_dags/example_sla_dag.py took 0.081 seconds
[2023-05-22T19:40:42.419+0000] {processor.py:154} INFO - Started process (PID=1040) to work on /home/airflow/.local/lib/python3.7/site-packages/airflow/example_dags/example_sla_dag.py
[2023-05-22T19:40:42.420+0000] {processor.py:756} INFO - Processing file /home/airflow/.local/lib/python3.7/site-packages/airflow/example_dags/example_sla_dag.py for tasks to queue
[2023-05-22T19:40:42.420+0000] {logging_mixin.py:120} INFO - [2023-05-22T19:40:42.420+0000] {dagbag.py:537} INFO - Filling up the DagBag from /home/airflow/.local/lib/python3.7/site-packages/airflow/example_dags/example_sla_dag.py
[2023-05-22T19:40:42.437+0000] {processor.py:766} INFO - DAG(s) dict_keys(['example_sla_dag']) retrieved from /home/airflow/.local/lib/python3.7/site-packages/airflow/example_dags/example_sla_dag.py
[2023-05-22T19:40:42.470+0000] {logging_mixin.py:120} INFO - [2023-05-22T19:40:42.469+0000] {dag.py:2585} INFO - Sync 1 DAGs
[2023-05-22T19:40:42.490+0000] {logging_mixin.py:120} INFO - [2023-05-22T19:40:42.490+0000] {dag.py:3340} INFO - Setting next_dagrun for example_sla_dag to 2023-05-22T19:38:00+00:00, run_after=2023-05-22T19:40:00+00:00
[2023-05-22T19:40:42.502+0000] {processor.py:176} INFO - Processing /home/airflow/.local/lib/python3.7/site-packages/airflow/example_dags/example_sla_dag.py took 0.087 seconds
[2023-05-22T19:41:12.950+0000] {processor.py:154} INFO - Started process (PID=1103) to work on /home/airflow/.local/lib/python3.7/site-packages/airflow/example_dags/example_sla_dag.py
[2023-05-22T19:41:12.952+0000] {processor.py:756} INFO - Processing file /home/airflow/.local/lib/python3.7/site-packages/airflow/example_dags/example_sla_dag.py for tasks to queue
[2023-05-22T19:41:12.952+0000] {logging_mixin.py:120} INFO - [2023-05-22T19:41:12.952+0000] {dagbag.py:537} INFO - Filling up the DagBag from /home/airflow/.local/lib/python3.7/site-packages/airflow/example_dags/example_sla_dag.py
[2023-05-22T19:41:12.969+0000] {processor.py:766} INFO - DAG(s) dict_keys(['example_sla_dag']) retrieved from /home/airflow/.local/lib/python3.7/site-packages/airflow/example_dags/example_sla_dag.py
[2023-05-22T19:41:12.999+0000] {logging_mixin.py:120} INFO - [2023-05-22T19:41:12.998+0000] {dag.py:2585} INFO - Sync 1 DAGs
[2023-05-22T19:41:13.016+0000] {logging_mixin.py:120} INFO - [2023-05-22T19:41:13.016+0000] {dag.py:3340} INFO - Setting next_dagrun for example_sla_dag to 2023-05-22T19:38:00+00:00, run_after=2023-05-22T19:40:00+00:00
[2023-05-22T19:41:13.028+0000] {processor.py:176} INFO - Processing /home/airflow/.local/lib/python3.7/site-packages/airflow/example_dags/example_sla_dag.py took 0.080 seconds
[2023-05-22T19:41:43.668+0000] {processor.py:154} INFO - Started process (PID=1167) to work on /home/airflow/.local/lib/python3.7/site-packages/airflow/example_dags/example_sla_dag.py
[2023-05-22T19:41:43.669+0000] {processor.py:756} INFO - Processing file /home/airflow/.local/lib/python3.7/site-packages/airflow/example_dags/example_sla_dag.py for tasks to queue
[2023-05-22T19:41:43.670+0000] {logging_mixin.py:120} INFO - [2023-05-22T19:41:43.670+0000] {dagbag.py:537} INFO - Filling up the DagBag from /home/airflow/.local/lib/python3.7/site-packages/airflow/example_dags/example_sla_dag.py
[2023-05-22T19:41:43.689+0000] {processor.py:766} INFO - DAG(s) dict_keys(['example_sla_dag']) retrieved from /home/airflow/.local/lib/python3.7/site-packages/airflow/example_dags/example_sla_dag.py
[2023-05-22T19:41:43.733+0000] {logging_mixin.py:120} INFO - [2023-05-22T19:41:43.733+0000] {dag.py:2585} INFO - Sync 1 DAGs
[2023-05-22T19:41:43.760+0000] {logging_mixin.py:120} INFO - [2023-05-22T19:41:43.760+0000] {dag.py:3340} INFO - Setting next_dagrun for example_sla_dag to 2023-05-22T19:38:00+00:00, run_after=2023-05-22T19:40:00+00:00
[2023-05-22T19:41:43.782+0000] {processor.py:176} INFO - Processing /home/airflow/.local/lib/python3.7/site-packages/airflow/example_dags/example_sla_dag.py took 0.117 seconds
[2023-05-22T19:42:14.000+0000] {processor.py:154} INFO - Started process (PID=1221) to work on /home/airflow/.local/lib/python3.7/site-packages/airflow/example_dags/example_sla_dag.py
[2023-05-22T19:42:14.002+0000] {processor.py:756} INFO - Processing file /home/airflow/.local/lib/python3.7/site-packages/airflow/example_dags/example_sla_dag.py for tasks to queue
[2023-05-22T19:42:14.002+0000] {logging_mixin.py:120} INFO - [2023-05-22T19:42:14.002+0000] {dagbag.py:537} INFO - Filling up the DagBag from /home/airflow/.local/lib/python3.7/site-packages/airflow/example_dags/example_sla_dag.py
[2023-05-22T19:42:14.020+0000] {processor.py:766} INFO - DAG(s) dict_keys(['example_sla_dag']) retrieved from /home/airflow/.local/lib/python3.7/site-packages/airflow/example_dags/example_sla_dag.py
[2023-05-22T19:42:14.058+0000] {logging_mixin.py:120} INFO - [2023-05-22T19:42:14.058+0000] {dag.py:2585} INFO - Sync 1 DAGs
[2023-05-22T19:42:14.081+0000] {logging_mixin.py:120} INFO - [2023-05-22T19:42:14.081+0000] {dag.py:3340} INFO - Setting next_dagrun for example_sla_dag to 2023-05-22T19:40:00+00:00, run_after=2023-05-22T19:42:00+00:00
[2023-05-22T19:42:14.100+0000] {processor.py:176} INFO - Processing /home/airflow/.local/lib/python3.7/site-packages/airflow/example_dags/example_sla_dag.py took 0.102 seconds
[2023-05-22T19:42:44.457+0000] {processor.py:154} INFO - Started process (PID=1291) to work on /home/airflow/.local/lib/python3.7/site-packages/airflow/example_dags/example_sla_dag.py
[2023-05-22T19:42:44.459+0000] {processor.py:756} INFO - Processing file /home/airflow/.local/lib/python3.7/site-packages/airflow/example_dags/example_sla_dag.py for tasks to queue
[2023-05-22T19:42:44.461+0000] {logging_mixin.py:120} INFO - [2023-05-22T19:42:44.460+0000] {dagbag.py:537} INFO - Filling up the DagBag from /home/airflow/.local/lib/python3.7/site-packages/airflow/example_dags/example_sla_dag.py
[2023-05-22T19:42:44.478+0000] {processor.py:766} INFO - DAG(s) dict_keys(['example_sla_dag']) retrieved from /home/airflow/.local/lib/python3.7/site-packages/airflow/example_dags/example_sla_dag.py
[2023-05-22T19:42:44.512+0000] {logging_mixin.py:120} INFO - [2023-05-22T19:42:44.512+0000] {dag.py:2585} INFO - Sync 1 DAGs
[2023-05-22T19:42:44.530+0000] {logging_mixin.py:120} INFO - [2023-05-22T19:42:44.530+0000] {dag.py:3340} INFO - Setting next_dagrun for example_sla_dag to 2023-05-22T19:40:00+00:00, run_after=2023-05-22T19:42:00+00:00
[2023-05-22T19:42:44.542+0000] {processor.py:176} INFO - Processing /home/airflow/.local/lib/python3.7/site-packages/airflow/example_dags/example_sla_dag.py took 0.087 seconds
[2023-05-22T19:43:15.071+0000] {processor.py:154} INFO - Started process (PID=1353) to work on /home/airflow/.local/lib/python3.7/site-packages/airflow/example_dags/example_sla_dag.py
[2023-05-22T19:43:15.073+0000] {processor.py:756} INFO - Processing file /home/airflow/.local/lib/python3.7/site-packages/airflow/example_dags/example_sla_dag.py for tasks to queue
[2023-05-22T19:43:15.073+0000] {logging_mixin.py:120} INFO - [2023-05-22T19:43:15.073+0000] {dagbag.py:537} INFO - Filling up the DagBag from /home/airflow/.local/lib/python3.7/site-packages/airflow/example_dags/example_sla_dag.py
[2023-05-22T19:43:15.090+0000] {processor.py:766} INFO - DAG(s) dict_keys(['example_sla_dag']) retrieved from /home/airflow/.local/lib/python3.7/site-packages/airflow/example_dags/example_sla_dag.py
[2023-05-22T19:43:15.119+0000] {logging_mixin.py:120} INFO - [2023-05-22T19:43:15.119+0000] {dag.py:2585} INFO - Sync 1 DAGs
[2023-05-22T19:43:15.138+0000] {logging_mixin.py:120} INFO - [2023-05-22T19:43:15.137+0000] {dag.py:3340} INFO - Setting next_dagrun for example_sla_dag to 2023-05-22T19:40:00+00:00, run_after=2023-05-22T19:42:00+00:00
[2023-05-22T19:43:15.151+0000] {processor.py:176} INFO - Processing /home/airflow/.local/lib/python3.7/site-packages/airflow/example_dags/example_sla_dag.py took 0.082 seconds
[2023-05-22T19:43:46.147+0000] {processor.py:154} INFO - Started process (PID=1416) to work on /home/airflow/.local/lib/python3.7/site-packages/airflow/example_dags/example_sla_dag.py
[2023-05-22T19:43:46.149+0000] {processor.py:756} INFO - Processing file /home/airflow/.local/lib/python3.7/site-packages/airflow/example_dags/example_sla_dag.py for tasks to queue
[2023-05-22T19:43:46.150+0000] {logging_mixin.py:120} INFO - [2023-05-22T19:43:46.150+0000] {dagbag.py:537} INFO - Filling up the DagBag from /home/airflow/.local/lib/python3.7/site-packages/airflow/example_dags/example_sla_dag.py
[2023-05-22T19:43:46.167+0000] {processor.py:766} INFO - DAG(s) dict_keys(['example_sla_dag']) retrieved from /home/airflow/.local/lib/python3.7/site-packages/airflow/example_dags/example_sla_dag.py
[2023-05-22T19:43:46.202+0000] {logging_mixin.py:120} INFO - [2023-05-22T19:43:46.202+0000] {dag.py:2585} INFO - Sync 1 DAGs
[2023-05-22T19:43:46.222+0000] {logging_mixin.py:120} INFO - [2023-05-22T19:43:46.222+0000] {dag.py:3340} INFO - Setting next_dagrun for example_sla_dag to 2023-05-22T19:40:00+00:00, run_after=2023-05-22T19:42:00+00:00
[2023-05-22T19:43:46.234+0000] {processor.py:176} INFO - Processing /home/airflow/.local/lib/python3.7/site-packages/airflow/example_dags/example_sla_dag.py took 0.089 seconds
[2023-05-22T19:44:17.084+0000] {processor.py:154} INFO - Started process (PID=1479) to work on /home/airflow/.local/lib/python3.7/site-packages/airflow/example_dags/example_sla_dag.py
[2023-05-22T19:44:17.085+0000] {processor.py:756} INFO - Processing file /home/airflow/.local/lib/python3.7/site-packages/airflow/example_dags/example_sla_dag.py for tasks to queue
[2023-05-22T19:44:17.086+0000] {logging_mixin.py:120} INFO - [2023-05-22T19:44:17.086+0000] {dagbag.py:537} INFO - Filling up the DagBag from /home/airflow/.local/lib/python3.7/site-packages/airflow/example_dags/example_sla_dag.py
[2023-05-22T19:44:17.102+0000] {processor.py:766} INFO - DAG(s) dict_keys(['example_sla_dag']) retrieved from /home/airflow/.local/lib/python3.7/site-packages/airflow/example_dags/example_sla_dag.py
[2023-05-22T19:44:17.132+0000] {logging_mixin.py:120} INFO - [2023-05-22T19:44:17.132+0000] {dag.py:2585} INFO - Sync 1 DAGs
[2023-05-22T19:44:17.151+0000] {logging_mixin.py:120} INFO - [2023-05-22T19:44:17.151+0000] {dag.py:3340} INFO - Setting next_dagrun for example_sla_dag to 2023-05-22T19:42:00+00:00, run_after=2023-05-22T19:44:00+00:00
[2023-05-22T19:44:17.164+0000] {processor.py:176} INFO - Processing /home/airflow/.local/lib/python3.7/site-packages/airflow/example_dags/example_sla_dag.py took 0.083 seconds
[2023-05-22T19:44:47.764+0000] {processor.py:154} INFO - Started process (PID=1542) to work on /home/airflow/.local/lib/python3.7/site-packages/airflow/example_dags/example_sla_dag.py
[2023-05-22T19:44:47.765+0000] {processor.py:756} INFO - Processing file /home/airflow/.local/lib/python3.7/site-packages/airflow/example_dags/example_sla_dag.py for tasks to queue
[2023-05-22T19:44:47.766+0000] {logging_mixin.py:120} INFO - [2023-05-22T19:44:47.766+0000] {dagbag.py:537} INFO - Filling up the DagBag from /home/airflow/.local/lib/python3.7/site-packages/airflow/example_dags/example_sla_dag.py
[2023-05-22T19:44:47.783+0000] {processor.py:766} INFO - DAG(s) dict_keys(['example_sla_dag']) retrieved from /home/airflow/.local/lib/python3.7/site-packages/airflow/example_dags/example_sla_dag.py
[2023-05-22T19:44:47.820+0000] {logging_mixin.py:120} INFO - [2023-05-22T19:44:47.820+0000] {dag.py:2585} INFO - Sync 1 DAGs
[2023-05-22T19:44:47.839+0000] {logging_mixin.py:120} INFO - [2023-05-22T19:44:47.839+0000] {dag.py:3340} INFO - Setting next_dagrun for example_sla_dag to 2023-05-22T19:42:00+00:00, run_after=2023-05-22T19:44:00+00:00
[2023-05-22T19:44:47.851+0000] {processor.py:176} INFO - Processing /home/airflow/.local/lib/python3.7/site-packages/airflow/example_dags/example_sla_dag.py took 0.091 seconds
[2023-05-22T19:45:18.338+0000] {processor.py:154} INFO - Started process (PID=1596) to work on /home/airflow/.local/lib/python3.7/site-packages/airflow/example_dags/example_sla_dag.py
[2023-05-22T19:45:18.339+0000] {processor.py:756} INFO - Processing file /home/airflow/.local/lib/python3.7/site-packages/airflow/example_dags/example_sla_dag.py for tasks to queue
[2023-05-22T19:45:18.340+0000] {logging_mixin.py:120} INFO - [2023-05-22T19:45:18.340+0000] {dagbag.py:537} INFO - Filling up the DagBag from /home/airflow/.local/lib/python3.7/site-packages/airflow/example_dags/example_sla_dag.py
[2023-05-22T19:45:18.356+0000] {processor.py:766} INFO - DAG(s) dict_keys(['example_sla_dag']) retrieved from /home/airflow/.local/lib/python3.7/site-packages/airflow/example_dags/example_sla_dag.py
[2023-05-22T19:45:18.386+0000] {logging_mixin.py:120} INFO - [2023-05-22T19:45:18.386+0000] {dag.py:2585} INFO - Sync 1 DAGs
[2023-05-22T19:45:18.403+0000] {logging_mixin.py:120} INFO - [2023-05-22T19:45:18.403+0000] {dag.py:3340} INFO - Setting next_dagrun for example_sla_dag to 2023-05-22T19:42:00+00:00, run_after=2023-05-22T19:44:00+00:00
[2023-05-22T19:45:18.415+0000] {processor.py:176} INFO - Processing /home/airflow/.local/lib/python3.7/site-packages/airflow/example_dags/example_sla_dag.py took 0.079 seconds
[2023-05-22T19:45:49.031+0000] {processor.py:154} INFO - Started process (PID=1659) to work on /home/airflow/.local/lib/python3.7/site-packages/airflow/example_dags/example_sla_dag.py
[2023-05-22T19:45:49.032+0000] {processor.py:756} INFO - Processing file /home/airflow/.local/lib/python3.7/site-packages/airflow/example_dags/example_sla_dag.py for tasks to queue
[2023-05-22T19:45:49.033+0000] {logging_mixin.py:120} INFO - [2023-05-22T19:45:49.033+0000] {dagbag.py:537} INFO - Filling up the DagBag from /home/airflow/.local/lib/python3.7/site-packages/airflow/example_dags/example_sla_dag.py
[2023-05-22T19:45:49.050+0000] {processor.py:766} INFO - DAG(s) dict_keys(['example_sla_dag']) retrieved from /home/airflow/.local/lib/python3.7/site-packages/airflow/example_dags/example_sla_dag.py
[2023-05-22T19:45:49.079+0000] {logging_mixin.py:120} INFO - [2023-05-22T19:45:49.079+0000] {dag.py:2585} INFO - Sync 1 DAGs
[2023-05-22T19:45:49.099+0000] {logging_mixin.py:120} INFO - [2023-05-22T19:45:49.099+0000] {dag.py:3340} INFO - Setting next_dagrun for example_sla_dag to 2023-05-22T19:42:00+00:00, run_after=2023-05-22T19:44:00+00:00
[2023-05-22T19:45:49.119+0000] {processor.py:176} INFO - Processing /home/airflow/.local/lib/python3.7/site-packages/airflow/example_dags/example_sla_dag.py took 0.091 seconds
[2023-05-22T19:46:19.394+0000] {processor.py:154} INFO - Started process (PID=1721) to work on /home/airflow/.local/lib/python3.7/site-packages/airflow/example_dags/example_sla_dag.py
[2023-05-22T19:46:19.395+0000] {processor.py:756} INFO - Processing file /home/airflow/.local/lib/python3.7/site-packages/airflow/example_dags/example_sla_dag.py for tasks to queue
[2023-05-22T19:46:19.396+0000] {logging_mixin.py:120} INFO - [2023-05-22T19:46:19.396+0000] {dagbag.py:537} INFO - Filling up the DagBag from /home/airflow/.local/lib/python3.7/site-packages/airflow/example_dags/example_sla_dag.py
[2023-05-22T19:46:19.414+0000] {processor.py:766} INFO - DAG(s) dict_keys(['example_sla_dag']) retrieved from /home/airflow/.local/lib/python3.7/site-packages/airflow/example_dags/example_sla_dag.py
[2023-05-22T19:46:19.444+0000] {logging_mixin.py:120} INFO - [2023-05-22T19:46:19.444+0000] {dag.py:2585} INFO - Sync 1 DAGs
[2023-05-22T19:46:19.464+0000] {logging_mixin.py:120} INFO - [2023-05-22T19:46:19.464+0000] {dag.py:3340} INFO - Setting next_dagrun for example_sla_dag to 2023-05-22T19:44:00+00:00, run_after=2023-05-22T19:46:00+00:00
[2023-05-22T19:46:19.482+0000] {processor.py:176} INFO - Processing /home/airflow/.local/lib/python3.7/site-packages/airflow/example_dags/example_sla_dag.py took 0.091 seconds
[2023-05-22T19:46:50.186+0000] {processor.py:154} INFO - Started process (PID=1785) to work on /home/airflow/.local/lib/python3.7/site-packages/airflow/example_dags/example_sla_dag.py
[2023-05-22T19:46:50.187+0000] {processor.py:756} INFO - Processing file /home/airflow/.local/lib/python3.7/site-packages/airflow/example_dags/example_sla_dag.py for tasks to queue
[2023-05-22T19:46:50.188+0000] {logging_mixin.py:120} INFO - [2023-05-22T19:46:50.188+0000] {dagbag.py:537} INFO - Filling up the DagBag from /home/airflow/.local/lib/python3.7/site-packages/airflow/example_dags/example_sla_dag.py
[2023-05-22T19:46:50.205+0000] {processor.py:766} INFO - DAG(s) dict_keys(['example_sla_dag']) retrieved from /home/airflow/.local/lib/python3.7/site-packages/airflow/example_dags/example_sla_dag.py
[2023-05-22T19:46:50.240+0000] {logging_mixin.py:120} INFO - [2023-05-22T19:46:50.240+0000] {dag.py:2585} INFO - Sync 1 DAGs
[2023-05-22T19:46:50.261+0000] {logging_mixin.py:120} INFO - [2023-05-22T19:46:50.261+0000] {dag.py:3340} INFO - Setting next_dagrun for example_sla_dag to 2023-05-22T19:44:00+00:00, run_after=2023-05-22T19:46:00+00:00
[2023-05-22T19:46:50.282+0000] {processor.py:176} INFO - Processing /home/airflow/.local/lib/python3.7/site-packages/airflow/example_dags/example_sla_dag.py took 0.099 seconds
[2023-05-22T19:47:20.762+0000] {processor.py:154} INFO - Started process (PID=1849) to work on /home/airflow/.local/lib/python3.7/site-packages/airflow/example_dags/example_sla_dag.py
[2023-05-22T19:47:20.764+0000] {processor.py:756} INFO - Processing file /home/airflow/.local/lib/python3.7/site-packages/airflow/example_dags/example_sla_dag.py for tasks to queue
[2023-05-22T19:47:20.764+0000] {logging_mixin.py:120} INFO - [2023-05-22T19:47:20.764+0000] {dagbag.py:537} INFO - Filling up the DagBag from /home/airflow/.local/lib/python3.7/site-packages/airflow/example_dags/example_sla_dag.py
[2023-05-22T19:47:20.781+0000] {processor.py:766} INFO - DAG(s) dict_keys(['example_sla_dag']) retrieved from /home/airflow/.local/lib/python3.7/site-packages/airflow/example_dags/example_sla_dag.py
[2023-05-22T19:47:20.811+0000] {logging_mixin.py:120} INFO - [2023-05-22T19:47:20.811+0000] {dag.py:2585} INFO - Sync 1 DAGs
[2023-05-22T19:47:20.829+0000] {logging_mixin.py:120} INFO - [2023-05-22T19:47:20.828+0000] {dag.py:3340} INFO - Setting next_dagrun for example_sla_dag to 2023-05-22T19:44:00+00:00, run_after=2023-05-22T19:46:00+00:00
[2023-05-22T19:47:20.840+0000] {processor.py:176} INFO - Processing /home/airflow/.local/lib/python3.7/site-packages/airflow/example_dags/example_sla_dag.py took 0.081 seconds
[2023-05-22T19:47:51.340+0000] {processor.py:154} INFO - Started process (PID=1912) to work on /home/airflow/.local/lib/python3.7/site-packages/airflow/example_dags/example_sla_dag.py
[2023-05-22T19:47:51.341+0000] {processor.py:756} INFO - Processing file /home/airflow/.local/lib/python3.7/site-packages/airflow/example_dags/example_sla_dag.py for tasks to queue
[2023-05-22T19:47:51.342+0000] {logging_mixin.py:120} INFO - [2023-05-22T19:47:51.342+0000] {dagbag.py:537} INFO - Filling up the DagBag from /home/airflow/.local/lib/python3.7/site-packages/airflow/example_dags/example_sla_dag.py
[2023-05-22T19:47:51.358+0000] {processor.py:766} INFO - DAG(s) dict_keys(['example_sla_dag']) retrieved from /home/airflow/.local/lib/python3.7/site-packages/airflow/example_dags/example_sla_dag.py
[2023-05-22T19:47:51.388+0000] {logging_mixin.py:120} INFO - [2023-05-22T19:47:51.388+0000] {dag.py:2585} INFO - Sync 1 DAGs
[2023-05-22T19:47:51.407+0000] {logging_mixin.py:120} INFO - [2023-05-22T19:47:51.406+0000] {dag.py:3340} INFO - Setting next_dagrun for example_sla_dag to 2023-05-22T19:44:00+00:00, run_after=2023-05-22T19:46:00+00:00
[2023-05-22T19:47:51.423+0000] {processor.py:176} INFO - Processing /home/airflow/.local/lib/python3.7/site-packages/airflow/example_dags/example_sla_dag.py took 0.086 seconds
[2023-05-22T19:48:22.029+0000] {processor.py:154} INFO - Started process (PID=1966) to work on /home/airflow/.local/lib/python3.7/site-packages/airflow/example_dags/example_sla_dag.py
[2023-05-22T19:48:22.031+0000] {processor.py:756} INFO - Processing file /home/airflow/.local/lib/python3.7/site-packages/airflow/example_dags/example_sla_dag.py for tasks to queue
[2023-05-22T19:48:22.032+0000] {logging_mixin.py:120} INFO - [2023-05-22T19:48:22.032+0000] {dagbag.py:537} INFO - Filling up the DagBag from /home/airflow/.local/lib/python3.7/site-packages/airflow/example_dags/example_sla_dag.py
[2023-05-22T19:48:22.047+0000] {processor.py:766} INFO - DAG(s) dict_keys(['example_sla_dag']) retrieved from /home/airflow/.local/lib/python3.7/site-packages/airflow/example_dags/example_sla_dag.py
[2023-05-22T19:48:22.077+0000] {logging_mixin.py:120} INFO - [2023-05-22T19:48:22.077+0000] {dag.py:2585} INFO - Sync 1 DAGs
[2023-05-22T19:48:22.095+0000] {logging_mixin.py:120} INFO - [2023-05-22T19:48:22.095+0000] {dag.py:3340} INFO - Setting next_dagrun for example_sla_dag to 2023-05-22T19:46:00+00:00, run_after=2023-05-22T19:48:00+00:00
[2023-05-22T19:48:22.107+0000] {processor.py:176} INFO - Processing /home/airflow/.local/lib/python3.7/site-packages/airflow/example_dags/example_sla_dag.py took 0.081 seconds
[2023-05-22T19:48:52.664+0000] {processor.py:154} INFO - Started process (PID=2028) to work on /home/airflow/.local/lib/python3.7/site-packages/airflow/example_dags/example_sla_dag.py
[2023-05-22T19:48:52.665+0000] {processor.py:756} INFO - Processing file /home/airflow/.local/lib/python3.7/site-packages/airflow/example_dags/example_sla_dag.py for tasks to queue
[2023-05-22T19:48:52.666+0000] {logging_mixin.py:120} INFO - [2023-05-22T19:48:52.666+0000] {dagbag.py:537} INFO - Filling up the DagBag from /home/airflow/.local/lib/python3.7/site-packages/airflow/example_dags/example_sla_dag.py
[2023-05-22T19:48:52.683+0000] {processor.py:766} INFO - DAG(s) dict_keys(['example_sla_dag']) retrieved from /home/airflow/.local/lib/python3.7/site-packages/airflow/example_dags/example_sla_dag.py
[2023-05-22T19:48:52.714+0000] {logging_mixin.py:120} INFO - [2023-05-22T19:48:52.714+0000] {dag.py:2585} INFO - Sync 1 DAGs
[2023-05-22T19:48:52.731+0000] {logging_mixin.py:120} INFO - [2023-05-22T19:48:52.731+0000] {dag.py:3340} INFO - Setting next_dagrun for example_sla_dag to 2023-05-22T19:46:00+00:00, run_after=2023-05-22T19:48:00+00:00
[2023-05-22T19:48:52.743+0000] {processor.py:176} INFO - Processing /home/airflow/.local/lib/python3.7/site-packages/airflow/example_dags/example_sla_dag.py took 0.083 seconds
[2023-05-22T19:49:23.089+0000] {processor.py:154} INFO - Started process (PID=2091) to work on /home/airflow/.local/lib/python3.7/site-packages/airflow/example_dags/example_sla_dag.py
[2023-05-22T19:49:23.090+0000] {processor.py:756} INFO - Processing file /home/airflow/.local/lib/python3.7/site-packages/airflow/example_dags/example_sla_dag.py for tasks to queue
[2023-05-22T19:49:23.092+0000] {logging_mixin.py:120} INFO - [2023-05-22T19:49:23.092+0000] {dagbag.py:537} INFO - Filling up the DagBag from /home/airflow/.local/lib/python3.7/site-packages/airflow/example_dags/example_sla_dag.py
[2023-05-22T19:49:23.109+0000] {processor.py:766} INFO - DAG(s) dict_keys(['example_sla_dag']) retrieved from /home/airflow/.local/lib/python3.7/site-packages/airflow/example_dags/example_sla_dag.py
[2023-05-22T19:49:23.139+0000] {logging_mixin.py:120} INFO - [2023-05-22T19:49:23.139+0000] {dag.py:2585} INFO - Sync 1 DAGs
[2023-05-22T19:49:23.157+0000] {logging_mixin.py:120} INFO - [2023-05-22T19:49:23.157+0000] {dag.py:3340} INFO - Setting next_dagrun for example_sla_dag to 2023-05-22T19:46:00+00:00, run_after=2023-05-22T19:48:00+00:00
[2023-05-22T19:49:23.170+0000] {processor.py:176} INFO - Processing /home/airflow/.local/lib/python3.7/site-packages/airflow/example_dags/example_sla_dag.py took 0.084 seconds
[2023-05-22T19:49:53.939+0000] {processor.py:154} INFO - Started process (PID=2154) to work on /home/airflow/.local/lib/python3.7/site-packages/airflow/example_dags/example_sla_dag.py
[2023-05-22T19:49:53.940+0000] {processor.py:756} INFO - Processing file /home/airflow/.local/lib/python3.7/site-packages/airflow/example_dags/example_sla_dag.py for tasks to queue
[2023-05-22T19:49:53.941+0000] {logging_mixin.py:120} INFO - [2023-05-22T19:49:53.941+0000] {dagbag.py:537} INFO - Filling up the DagBag from /home/airflow/.local/lib/python3.7/site-packages/airflow/example_dags/example_sla_dag.py
[2023-05-22T19:49:53.958+0000] {processor.py:766} INFO - DAG(s) dict_keys(['example_sla_dag']) retrieved from /home/airflow/.local/lib/python3.7/site-packages/airflow/example_dags/example_sla_dag.py
[2023-05-22T19:49:53.988+0000] {logging_mixin.py:120} INFO - [2023-05-22T19:49:53.988+0000] {dag.py:2585} INFO - Sync 1 DAGs
[2023-05-22T19:49:54.007+0000] {logging_mixin.py:120} INFO - [2023-05-22T19:49:54.006+0000] {dag.py:3340} INFO - Setting next_dagrun for example_sla_dag to 2023-05-22T19:46:00+00:00, run_after=2023-05-22T19:48:00+00:00
[2023-05-22T19:49:54.020+0000] {processor.py:176} INFO - Processing /home/airflow/.local/lib/python3.7/site-packages/airflow/example_dags/example_sla_dag.py took 0.085 seconds
[2023-05-22T19:50:24.599+0000] {processor.py:154} INFO - Started process (PID=2218) to work on /home/airflow/.local/lib/python3.7/site-packages/airflow/example_dags/example_sla_dag.py
[2023-05-22T19:50:24.601+0000] {processor.py:756} INFO - Processing file /home/airflow/.local/lib/python3.7/site-packages/airflow/example_dags/example_sla_dag.py for tasks to queue
[2023-05-22T19:50:24.601+0000] {logging_mixin.py:120} INFO - [2023-05-22T19:50:24.601+0000] {dagbag.py:537} INFO - Filling up the DagBag from /home/airflow/.local/lib/python3.7/site-packages/airflow/example_dags/example_sla_dag.py
[2023-05-22T19:50:24.618+0000] {processor.py:766} INFO - DAG(s) dict_keys(['example_sla_dag']) retrieved from /home/airflow/.local/lib/python3.7/site-packages/airflow/example_dags/example_sla_dag.py
[2023-05-22T19:50:24.649+0000] {logging_mixin.py:120} INFO - [2023-05-22T19:50:24.649+0000] {dag.py:2585} INFO - Sync 1 DAGs
[2023-05-22T19:50:24.670+0000] {logging_mixin.py:120} INFO - [2023-05-22T19:50:24.670+0000] {dag.py:3340} INFO - Setting next_dagrun for example_sla_dag to 2023-05-22T19:48:00+00:00, run_after=2023-05-22T19:50:00+00:00
[2023-05-22T19:50:24.682+0000] {processor.py:176} INFO - Processing /home/airflow/.local/lib/python3.7/site-packages/airflow/example_dags/example_sla_dag.py took 0.087 seconds
[2023-05-22T19:50:55.262+0000] {processor.py:154} INFO - Started process (PID=2280) to work on /home/airflow/.local/lib/python3.7/site-packages/airflow/example_dags/example_sla_dag.py
[2023-05-22T19:50:55.263+0000] {processor.py:756} INFO - Processing file /home/airflow/.local/lib/python3.7/site-packages/airflow/example_dags/example_sla_dag.py for tasks to queue
[2023-05-22T19:50:55.264+0000] {logging_mixin.py:120} INFO - [2023-05-22T19:50:55.264+0000] {dagbag.py:537} INFO - Filling up the DagBag from /home/airflow/.local/lib/python3.7/site-packages/airflow/example_dags/example_sla_dag.py
[2023-05-22T19:50:55.284+0000] {processor.py:766} INFO - DAG(s) dict_keys(['example_sla_dag']) retrieved from /home/airflow/.local/lib/python3.7/site-packages/airflow/example_dags/example_sla_dag.py
[2023-05-22T19:50:55.317+0000] {logging_mixin.py:120} INFO - [2023-05-22T19:50:55.317+0000] {dag.py:2585} INFO - Sync 1 DAGs
[2023-05-22T19:50:55.335+0000] {logging_mixin.py:120} INFO - [2023-05-22T19:50:55.335+0000] {dag.py:3340} INFO - Setting next_dagrun for example_sla_dag to 2023-05-22T19:48:00+00:00, run_after=2023-05-22T19:50:00+00:00
[2023-05-22T19:50:55.347+0000] {processor.py:176} INFO - Processing /home/airflow/.local/lib/python3.7/site-packages/airflow/example_dags/example_sla_dag.py took 0.088 seconds
[2023-05-22T19:51:25.934+0000] {processor.py:154} INFO - Started process (PID=2334) to work on /home/airflow/.local/lib/python3.7/site-packages/airflow/example_dags/example_sla_dag.py
[2023-05-22T19:51:25.935+0000] {processor.py:756} INFO - Processing file /home/airflow/.local/lib/python3.7/site-packages/airflow/example_dags/example_sla_dag.py for tasks to queue
[2023-05-22T19:51:25.936+0000] {logging_mixin.py:120} INFO - [2023-05-22T19:51:25.936+0000] {dagbag.py:537} INFO - Filling up the DagBag from /home/airflow/.local/lib/python3.7/site-packages/airflow/example_dags/example_sla_dag.py
[2023-05-22T19:51:25.953+0000] {processor.py:766} INFO - DAG(s) dict_keys(['example_sla_dag']) retrieved from /home/airflow/.local/lib/python3.7/site-packages/airflow/example_dags/example_sla_dag.py
[2023-05-22T19:51:25.982+0000] {logging_mixin.py:120} INFO - [2023-05-22T19:51:25.982+0000] {dag.py:2585} INFO - Sync 1 DAGs
[2023-05-22T19:51:26.000+0000] {logging_mixin.py:120} INFO - [2023-05-22T19:51:26.000+0000] {dag.py:3340} INFO - Setting next_dagrun for example_sla_dag to 2023-05-22T19:48:00+00:00, run_after=2023-05-22T19:50:00+00:00
[2023-05-22T19:51:26.014+0000] {processor.py:176} INFO - Processing /home/airflow/.local/lib/python3.7/site-packages/airflow/example_dags/example_sla_dag.py took 0.082 seconds
[2023-05-22T19:51:56.330+0000] {processor.py:154} INFO - Started process (PID=2397) to work on /home/airflow/.local/lib/python3.7/site-packages/airflow/example_dags/example_sla_dag.py
[2023-05-22T19:51:56.331+0000] {processor.py:756} INFO - Processing file /home/airflow/.local/lib/python3.7/site-packages/airflow/example_dags/example_sla_dag.py for tasks to queue
[2023-05-22T19:51:56.332+0000] {logging_mixin.py:120} INFO - [2023-05-22T19:51:56.332+0000] {dagbag.py:537} INFO - Filling up the DagBag from /home/airflow/.local/lib/python3.7/site-packages/airflow/example_dags/example_sla_dag.py
[2023-05-22T19:51:56.348+0000] {processor.py:766} INFO - DAG(s) dict_keys(['example_sla_dag']) retrieved from /home/airflow/.local/lib/python3.7/site-packages/airflow/example_dags/example_sla_dag.py
[2023-05-22T19:51:56.377+0000] {logging_mixin.py:120} INFO - [2023-05-22T19:51:56.377+0000] {dag.py:2585} INFO - Sync 1 DAGs
[2023-05-22T19:51:56.399+0000] {logging_mixin.py:120} INFO - [2023-05-22T19:51:56.399+0000] {dag.py:3340} INFO - Setting next_dagrun for example_sla_dag to 2023-05-22T19:48:00+00:00, run_after=2023-05-22T19:50:00+00:00
[2023-05-22T19:51:56.414+0000] {processor.py:176} INFO - Processing /home/airflow/.local/lib/python3.7/site-packages/airflow/example_dags/example_sla_dag.py took 0.087 seconds
[2023-05-22T19:52:26.913+0000] {processor.py:154} INFO - Started process (PID=2460) to work on /home/airflow/.local/lib/python3.7/site-packages/airflow/example_dags/example_sla_dag.py
[2023-05-22T19:52:26.914+0000] {processor.py:756} INFO - Processing file /home/airflow/.local/lib/python3.7/site-packages/airflow/example_dags/example_sla_dag.py for tasks to queue
[2023-05-22T19:52:26.915+0000] {logging_mixin.py:120} INFO - [2023-05-22T19:52:26.915+0000] {dagbag.py:537} INFO - Filling up the DagBag from /home/airflow/.local/lib/python3.7/site-packages/airflow/example_dags/example_sla_dag.py
[2023-05-22T19:52:26.933+0000] {processor.py:766} INFO - DAG(s) dict_keys(['example_sla_dag']) retrieved from /home/airflow/.local/lib/python3.7/site-packages/airflow/example_dags/example_sla_dag.py
[2023-05-22T19:52:26.962+0000] {logging_mixin.py:120} INFO - [2023-05-22T19:52:26.962+0000] {dag.py:2585} INFO - Sync 1 DAGs
[2023-05-22T19:52:26.980+0000] {logging_mixin.py:120} INFO - [2023-05-22T19:52:26.980+0000] {dag.py:3340} INFO - Setting next_dagrun for example_sla_dag to 2023-05-22T19:50:00+00:00, run_after=2023-05-22T19:52:00+00:00
[2023-05-22T19:52:26.991+0000] {processor.py:176} INFO - Processing /home/airflow/.local/lib/python3.7/site-packages/airflow/example_dags/example_sla_dag.py took 0.080 seconds
[2023-05-22T19:52:57.367+0000] {processor.py:154} INFO - Started process (PID=2525) to work on /home/airflow/.local/lib/python3.7/site-packages/airflow/example_dags/example_sla_dag.py
[2023-05-22T19:52:57.369+0000] {processor.py:756} INFO - Processing file /home/airflow/.local/lib/python3.7/site-packages/airflow/example_dags/example_sla_dag.py for tasks to queue
[2023-05-22T19:52:57.370+0000] {logging_mixin.py:120} INFO - [2023-05-22T19:52:57.370+0000] {dagbag.py:537} INFO - Filling up the DagBag from /home/airflow/.local/lib/python3.7/site-packages/airflow/example_dags/example_sla_dag.py
[2023-05-22T19:52:57.388+0000] {processor.py:766} INFO - DAG(s) dict_keys(['example_sla_dag']) retrieved from /home/airflow/.local/lib/python3.7/site-packages/airflow/example_dags/example_sla_dag.py
[2023-05-22T19:52:57.418+0000] {logging_mixin.py:120} INFO - [2023-05-22T19:52:57.418+0000] {dag.py:2585} INFO - Sync 1 DAGs
[2023-05-22T19:52:57.437+0000] {logging_mixin.py:120} INFO - [2023-05-22T19:52:57.437+0000] {dag.py:3340} INFO - Setting next_dagrun for example_sla_dag to 2023-05-22T19:50:00+00:00, run_after=2023-05-22T19:52:00+00:00
[2023-05-22T19:52:57.448+0000] {processor.py:176} INFO - Processing /home/airflow/.local/lib/python3.7/site-packages/airflow/example_dags/example_sla_dag.py took 0.083 seconds
[2023-05-22T19:53:28.035+0000] {processor.py:154} INFO - Started process (PID=2587) to work on /home/airflow/.local/lib/python3.7/site-packages/airflow/example_dags/example_sla_dag.py
[2023-05-22T19:53:28.036+0000] {processor.py:756} INFO - Processing file /home/airflow/.local/lib/python3.7/site-packages/airflow/example_dags/example_sla_dag.py for tasks to queue
[2023-05-22T19:53:28.037+0000] {logging_mixin.py:120} INFO - [2023-05-22T19:53:28.037+0000] {dagbag.py:537} INFO - Filling up the DagBag from /home/airflow/.local/lib/python3.7/site-packages/airflow/example_dags/example_sla_dag.py
[2023-05-22T19:53:28.055+0000] {processor.py:766} INFO - DAG(s) dict_keys(['example_sla_dag']) retrieved from /home/airflow/.local/lib/python3.7/site-packages/airflow/example_dags/example_sla_dag.py
[2023-05-22T19:53:28.091+0000] {logging_mixin.py:120} INFO - [2023-05-22T19:53:28.091+0000] {dag.py:2585} INFO - Sync 1 DAGs
[2023-05-22T19:53:28.116+0000] {logging_mixin.py:120} INFO - [2023-05-22T19:53:28.116+0000] {dag.py:3340} INFO - Setting next_dagrun for example_sla_dag to 2023-05-22T19:50:00+00:00, run_after=2023-05-22T19:52:00+00:00
[2023-05-22T19:53:28.130+0000] {processor.py:176} INFO - Processing /home/airflow/.local/lib/python3.7/site-packages/airflow/example_dags/example_sla_dag.py took 0.099 seconds
[2023-05-22T19:53:58.551+0000] {processor.py:154} INFO - Started process (PID=2651) to work on /home/airflow/.local/lib/python3.7/site-packages/airflow/example_dags/example_sla_dag.py
[2023-05-22T19:53:58.553+0000] {processor.py:756} INFO - Processing file /home/airflow/.local/lib/python3.7/site-packages/airflow/example_dags/example_sla_dag.py for tasks to queue
[2023-05-22T19:53:58.553+0000] {logging_mixin.py:120} INFO - [2023-05-22T19:53:58.553+0000] {dagbag.py:537} INFO - Filling up the DagBag from /home/airflow/.local/lib/python3.7/site-packages/airflow/example_dags/example_sla_dag.py
[2023-05-22T19:53:58.570+0000] {processor.py:766} INFO - DAG(s) dict_keys(['example_sla_dag']) retrieved from /home/airflow/.local/lib/python3.7/site-packages/airflow/example_dags/example_sla_dag.py
[2023-05-22T19:53:58.600+0000] {logging_mixin.py:120} INFO - [2023-05-22T19:53:58.600+0000] {dag.py:2585} INFO - Sync 1 DAGs
[2023-05-22T19:53:58.621+0000] {logging_mixin.py:120} INFO - [2023-05-22T19:53:58.621+0000] {dag.py:3340} INFO - Setting next_dagrun for example_sla_dag to 2023-05-22T19:50:00+00:00, run_after=2023-05-22T19:52:00+00:00
[2023-05-22T19:53:58.633+0000] {processor.py:176} INFO - Processing /home/airflow/.local/lib/python3.7/site-packages/airflow/example_dags/example_sla_dag.py took 0.085 seconds
[2023-05-22T19:54:29.079+0000] {processor.py:154} INFO - Started process (PID=2704) to work on /home/airflow/.local/lib/python3.7/site-packages/airflow/example_dags/example_sla_dag.py
[2023-05-22T19:54:29.081+0000] {processor.py:756} INFO - Processing file /home/airflow/.local/lib/python3.7/site-packages/airflow/example_dags/example_sla_dag.py for tasks to queue
[2023-05-22T19:54:29.082+0000] {logging_mixin.py:120} INFO - [2023-05-22T19:54:29.082+0000] {dagbag.py:537} INFO - Filling up the DagBag from /home/airflow/.local/lib/python3.7/site-packages/airflow/example_dags/example_sla_dag.py
[2023-05-22T19:54:29.099+0000] {processor.py:766} INFO - DAG(s) dict_keys(['example_sla_dag']) retrieved from /home/airflow/.local/lib/python3.7/site-packages/airflow/example_dags/example_sla_dag.py
[2023-05-22T19:54:29.129+0000] {logging_mixin.py:120} INFO - [2023-05-22T19:54:29.129+0000] {dag.py:2585} INFO - Sync 1 DAGs
[2023-05-22T19:54:29.147+0000] {logging_mixin.py:120} INFO - [2023-05-22T19:54:29.146+0000] {dag.py:3340} INFO - Setting next_dagrun for example_sla_dag to 2023-05-22T19:52:00+00:00, run_after=2023-05-22T19:54:00+00:00
[2023-05-22T19:54:29.158+0000] {processor.py:176} INFO - Processing /home/airflow/.local/lib/python3.7/site-packages/airflow/example_dags/example_sla_dag.py took 0.081 seconds
[2023-05-22T19:54:59.880+0000] {processor.py:154} INFO - Started process (PID=2767) to work on /home/airflow/.local/lib/python3.7/site-packages/airflow/example_dags/example_sla_dag.py
[2023-05-22T19:54:59.881+0000] {processor.py:756} INFO - Processing file /home/airflow/.local/lib/python3.7/site-packages/airflow/example_dags/example_sla_dag.py for tasks to queue
[2023-05-22T19:54:59.883+0000] {logging_mixin.py:120} INFO - [2023-05-22T19:54:59.883+0000] {dagbag.py:537} INFO - Filling up the DagBag from /home/airflow/.local/lib/python3.7/site-packages/airflow/example_dags/example_sla_dag.py
[2023-05-22T19:54:59.900+0000] {processor.py:766} INFO - DAG(s) dict_keys(['example_sla_dag']) retrieved from /home/airflow/.local/lib/python3.7/site-packages/airflow/example_dags/example_sla_dag.py
[2023-05-22T19:54:59.932+0000] {logging_mixin.py:120} INFO - [2023-05-22T19:54:59.932+0000] {dag.py:2585} INFO - Sync 1 DAGs
[2023-05-22T19:54:59.950+0000] {logging_mixin.py:120} INFO - [2023-05-22T19:54:59.950+0000] {dag.py:3340} INFO - Setting next_dagrun for example_sla_dag to 2023-05-22T19:52:00+00:00, run_after=2023-05-22T19:54:00+00:00
[2023-05-22T19:54:59.963+0000] {processor.py:176} INFO - Processing /home/airflow/.local/lib/python3.7/site-packages/airflow/example_dags/example_sla_dag.py took 0.086 seconds
[2023-05-22T19:55:30.654+0000] {processor.py:154} INFO - Started process (PID=2829) to work on /home/airflow/.local/lib/python3.7/site-packages/airflow/example_dags/example_sla_dag.py
[2023-05-22T19:55:30.656+0000] {processor.py:756} INFO - Processing file /home/airflow/.local/lib/python3.7/site-packages/airflow/example_dags/example_sla_dag.py for tasks to queue
[2023-05-22T19:55:30.657+0000] {logging_mixin.py:120} INFO - [2023-05-22T19:55:30.657+0000] {dagbag.py:537} INFO - Filling up the DagBag from /home/airflow/.local/lib/python3.7/site-packages/airflow/example_dags/example_sla_dag.py
[2023-05-22T19:55:30.672+0000] {processor.py:766} INFO - DAG(s) dict_keys(['example_sla_dag']) retrieved from /home/airflow/.local/lib/python3.7/site-packages/airflow/example_dags/example_sla_dag.py
[2023-05-22T19:55:30.702+0000] {logging_mixin.py:120} INFO - [2023-05-22T19:55:30.702+0000] {dag.py:2585} INFO - Sync 1 DAGs
[2023-05-22T19:55:30.719+0000] {logging_mixin.py:120} INFO - [2023-05-22T19:55:30.719+0000] {dag.py:3340} INFO - Setting next_dagrun for example_sla_dag to 2023-05-22T19:52:00+00:00, run_after=2023-05-22T19:54:00+00:00
[2023-05-22T19:55:30.731+0000] {processor.py:176} INFO - Processing /home/airflow/.local/lib/python3.7/site-packages/airflow/example_dags/example_sla_dag.py took 0.080 seconds
[2023-05-22T19:56:01.125+0000] {processor.py:154} INFO - Started process (PID=2893) to work on /home/airflow/.local/lib/python3.7/site-packages/airflow/example_dags/example_sla_dag.py
[2023-05-22T19:56:01.127+0000] {processor.py:756} INFO - Processing file /home/airflow/.local/lib/python3.7/site-packages/airflow/example_dags/example_sla_dag.py for tasks to queue
[2023-05-22T19:56:01.129+0000] {logging_mixin.py:120} INFO - [2023-05-22T19:56:01.129+0000] {dagbag.py:537} INFO - Filling up the DagBag from /home/airflow/.local/lib/python3.7/site-packages/airflow/example_dags/example_sla_dag.py
[2023-05-22T19:56:01.147+0000] {processor.py:766} INFO - DAG(s) dict_keys(['example_sla_dag']) retrieved from /home/airflow/.local/lib/python3.7/site-packages/airflow/example_dags/example_sla_dag.py
[2023-05-22T19:56:01.179+0000] {logging_mixin.py:120} INFO - [2023-05-22T19:56:01.178+0000] {dag.py:2585} INFO - Sync 1 DAGs
[2023-05-22T19:56:01.198+0000] {logging_mixin.py:120} INFO - [2023-05-22T19:56:01.198+0000] {dag.py:3340} INFO - Setting next_dagrun for example_sla_dag to 2023-05-22T19:54:00+00:00, run_after=2023-05-22T19:56:00+00:00
[2023-05-22T19:56:01.211+0000] {processor.py:176} INFO - Processing /home/airflow/.local/lib/python3.7/site-packages/airflow/example_dags/example_sla_dag.py took 0.090 seconds
[2023-05-22T19:56:32.034+0000] {processor.py:154} INFO - Started process (PID=2955) to work on /home/airflow/.local/lib/python3.7/site-packages/airflow/example_dags/example_sla_dag.py
[2023-05-22T19:56:32.035+0000] {processor.py:756} INFO - Processing file /home/airflow/.local/lib/python3.7/site-packages/airflow/example_dags/example_sla_dag.py for tasks to queue
[2023-05-22T19:56:32.036+0000] {logging_mixin.py:120} INFO - [2023-05-22T19:56:32.036+0000] {dagbag.py:537} INFO - Filling up the DagBag from /home/airflow/.local/lib/python3.7/site-packages/airflow/example_dags/example_sla_dag.py
[2023-05-22T19:56:32.052+0000] {processor.py:766} INFO - DAG(s) dict_keys(['example_sla_dag']) retrieved from /home/airflow/.local/lib/python3.7/site-packages/airflow/example_dags/example_sla_dag.py
[2023-05-22T19:56:32.082+0000] {logging_mixin.py:120} INFO - [2023-05-22T19:56:32.082+0000] {dag.py:2585} INFO - Sync 1 DAGs
[2023-05-22T19:56:32.102+0000] {logging_mixin.py:120} INFO - [2023-05-22T19:56:32.102+0000] {dag.py:3340} INFO - Setting next_dagrun for example_sla_dag to 2023-05-22T19:54:00+00:00, run_after=2023-05-22T19:56:00+00:00
[2023-05-22T19:56:32.115+0000] {processor.py:176} INFO - Processing /home/airflow/.local/lib/python3.7/site-packages/airflow/example_dags/example_sla_dag.py took 0.084 seconds
[2023-05-22T19:57:03.003+0000] {processor.py:154} INFO - Started process (PID=3020) to work on /home/airflow/.local/lib/python3.7/site-packages/airflow/example_dags/example_sla_dag.py
[2023-05-22T19:57:03.005+0000] {processor.py:756} INFO - Processing file /home/airflow/.local/lib/python3.7/site-packages/airflow/example_dags/example_sla_dag.py for tasks to queue
[2023-05-22T19:57:03.006+0000] {logging_mixin.py:120} INFO - [2023-05-22T19:57:03.006+0000] {dagbag.py:537} INFO - Filling up the DagBag from /home/airflow/.local/lib/python3.7/site-packages/airflow/example_dags/example_sla_dag.py
[2023-05-22T19:57:03.023+0000] {processor.py:766} INFO - DAG(s) dict_keys(['example_sla_dag']) retrieved from /home/airflow/.local/lib/python3.7/site-packages/airflow/example_dags/example_sla_dag.py
[2023-05-22T19:57:03.052+0000] {logging_mixin.py:120} INFO - [2023-05-22T19:57:03.052+0000] {dag.py:2585} INFO - Sync 1 DAGs
[2023-05-22T19:57:03.070+0000] {logging_mixin.py:120} INFO - [2023-05-22T19:57:03.070+0000] {dag.py:3340} INFO - Setting next_dagrun for example_sla_dag to 2023-05-22T19:54:00+00:00, run_after=2023-05-22T19:56:00+00:00
[2023-05-22T19:57:03.082+0000] {processor.py:176} INFO - Processing /home/airflow/.local/lib/python3.7/site-packages/airflow/example_dags/example_sla_dag.py took 0.081 seconds
[2023-05-22T19:57:33.911+0000] {processor.py:154} INFO - Started process (PID=3083) to work on /home/airflow/.local/lib/python3.7/site-packages/airflow/example_dags/example_sla_dag.py
[2023-05-22T19:57:33.912+0000] {processor.py:756} INFO - Processing file /home/airflow/.local/lib/python3.7/site-packages/airflow/example_dags/example_sla_dag.py for tasks to queue
[2023-05-22T19:57:33.913+0000] {logging_mixin.py:120} INFO - [2023-05-22T19:57:33.913+0000] {dagbag.py:537} INFO - Filling up the DagBag from /home/airflow/.local/lib/python3.7/site-packages/airflow/example_dags/example_sla_dag.py
[2023-05-22T19:57:33.931+0000] {processor.py:766} INFO - DAG(s) dict_keys(['example_sla_dag']) retrieved from /home/airflow/.local/lib/python3.7/site-packages/airflow/example_dags/example_sla_dag.py
[2023-05-22T19:57:33.960+0000] {logging_mixin.py:120} INFO - [2023-05-22T19:57:33.960+0000] {dag.py:2585} INFO - Sync 1 DAGs
[2023-05-22T19:57:33.978+0000] {logging_mixin.py:120} INFO - [2023-05-22T19:57:33.978+0000] {dag.py:3340} INFO - Setting next_dagrun for example_sla_dag to 2023-05-22T19:54:00+00:00, run_after=2023-05-22T19:56:00+00:00
[2023-05-22T19:57:33.991+0000] {processor.py:176} INFO - Processing /home/airflow/.local/lib/python3.7/site-packages/airflow/example_dags/example_sla_dag.py took 0.083 seconds
[2023-05-22T20:18:17.365+0000] {processor.py:154} INFO - Started process (PID=3119) to work on /home/airflow/.local/lib/python3.7/site-packages/airflow/example_dags/example_sla_dag.py
[2023-05-22T20:18:17.367+0000] {processor.py:756} INFO - Processing file /home/airflow/.local/lib/python3.7/site-packages/airflow/example_dags/example_sla_dag.py for tasks to queue
[2023-05-22T20:18:17.368+0000] {logging_mixin.py:120} INFO - [2023-05-22T20:18:17.368+0000] {dagbag.py:537} INFO - Filling up the DagBag from /home/airflow/.local/lib/python3.7/site-packages/airflow/example_dags/example_sla_dag.py
[2023-05-22T20:18:17.406+0000] {processor.py:766} INFO - DAG(s) dict_keys(['example_sla_dag']) retrieved from /home/airflow/.local/lib/python3.7/site-packages/airflow/example_dags/example_sla_dag.py
[2023-05-22T20:18:17.447+0000] {logging_mixin.py:120} INFO - [2023-05-22T20:18:17.447+0000] {dag.py:2585} INFO - Sync 1 DAGs
[2023-05-22T20:18:17.467+0000] {logging_mixin.py:120} INFO - [2023-05-22T20:18:17.466+0000] {dag.py:3340} INFO - Setting next_dagrun for example_sla_dag to 2023-05-22T20:16:00+00:00, run_after=2023-05-22T20:18:00+00:00
[2023-05-22T20:18:17.490+0000] {processor.py:176} INFO - Processing /home/airflow/.local/lib/python3.7/site-packages/airflow/example_dags/example_sla_dag.py took 0.128 seconds
[2023-05-22T20:18:48.469+0000] {processor.py:154} INFO - Started process (PID=3183) to work on /home/airflow/.local/lib/python3.7/site-packages/airflow/example_dags/example_sla_dag.py
[2023-05-22T20:18:48.471+0000] {processor.py:756} INFO - Processing file /home/airflow/.local/lib/python3.7/site-packages/airflow/example_dags/example_sla_dag.py for tasks to queue
[2023-05-22T20:18:48.473+0000] {logging_mixin.py:120} INFO - [2023-05-22T20:18:48.473+0000] {dagbag.py:537} INFO - Filling up the DagBag from /home/airflow/.local/lib/python3.7/site-packages/airflow/example_dags/example_sla_dag.py
[2023-05-22T20:18:48.494+0000] {processor.py:766} INFO - DAG(s) dict_keys(['example_sla_dag']) retrieved from /home/airflow/.local/lib/python3.7/site-packages/airflow/example_dags/example_sla_dag.py
[2023-05-22T20:18:48.524+0000] {logging_mixin.py:120} INFO - [2023-05-22T20:18:48.524+0000] {dag.py:2585} INFO - Sync 1 DAGs
[2023-05-22T20:18:48.541+0000] {logging_mixin.py:120} INFO - [2023-05-22T20:18:48.541+0000] {dag.py:3340} INFO - Setting next_dagrun for example_sla_dag to 2023-05-22T20:16:00+00:00, run_after=2023-05-22T20:18:00+00:00
[2023-05-22T20:18:48.553+0000] {processor.py:176} INFO - Processing /home/airflow/.local/lib/python3.7/site-packages/airflow/example_dags/example_sla_dag.py took 0.089 seconds
[2023-05-22T20:19:19.318+0000] {processor.py:154} INFO - Started process (PID=3246) to work on /home/airflow/.local/lib/python3.7/site-packages/airflow/example_dags/example_sla_dag.py
[2023-05-22T20:19:19.321+0000] {processor.py:756} INFO - Processing file /home/airflow/.local/lib/python3.7/site-packages/airflow/example_dags/example_sla_dag.py for tasks to queue
[2023-05-22T20:19:19.322+0000] {logging_mixin.py:120} INFO - [2023-05-22T20:19:19.322+0000] {dagbag.py:537} INFO - Filling up the DagBag from /home/airflow/.local/lib/python3.7/site-packages/airflow/example_dags/example_sla_dag.py
[2023-05-22T20:19:19.345+0000] {processor.py:766} INFO - DAG(s) dict_keys(['example_sla_dag']) retrieved from /home/airflow/.local/lib/python3.7/site-packages/airflow/example_dags/example_sla_dag.py
[2023-05-22T20:19:19.378+0000] {logging_mixin.py:120} INFO - [2023-05-22T20:19:19.378+0000] {dag.py:2585} INFO - Sync 1 DAGs
[2023-05-22T20:19:19.395+0000] {logging_mixin.py:120} INFO - [2023-05-22T20:19:19.395+0000] {dag.py:3340} INFO - Setting next_dagrun for example_sla_dag to 2023-05-22T20:16:00+00:00, run_after=2023-05-22T20:18:00+00:00
[2023-05-22T20:19:19.406+0000] {processor.py:176} INFO - Processing /home/airflow/.local/lib/python3.7/site-packages/airflow/example_dags/example_sla_dag.py took 0.092 seconds
[2023-05-22T20:19:50.008+0000] {processor.py:154} INFO - Started process (PID=3309) to work on /home/airflow/.local/lib/python3.7/site-packages/airflow/example_dags/example_sla_dag.py
[2023-05-22T20:19:50.010+0000] {processor.py:756} INFO - Processing file /home/airflow/.local/lib/python3.7/site-packages/airflow/example_dags/example_sla_dag.py for tasks to queue
[2023-05-22T20:19:50.012+0000] {logging_mixin.py:120} INFO - [2023-05-22T20:19:50.012+0000] {dagbag.py:537} INFO - Filling up the DagBag from /home/airflow/.local/lib/python3.7/site-packages/airflow/example_dags/example_sla_dag.py
[2023-05-22T20:19:50.036+0000] {processor.py:766} INFO - DAG(s) dict_keys(['example_sla_dag']) retrieved from /home/airflow/.local/lib/python3.7/site-packages/airflow/example_dags/example_sla_dag.py
[2023-05-22T20:19:50.070+0000] {logging_mixin.py:120} INFO - [2023-05-22T20:19:50.070+0000] {dag.py:2585} INFO - Sync 1 DAGs
[2023-05-22T20:19:50.087+0000] {logging_mixin.py:120} INFO - [2023-05-22T20:19:50.087+0000] {dag.py:3340} INFO - Setting next_dagrun for example_sla_dag to 2023-05-22T20:16:00+00:00, run_after=2023-05-22T20:18:00+00:00
[2023-05-22T20:19:50.098+0000] {processor.py:176} INFO - Processing /home/airflow/.local/lib/python3.7/site-packages/airflow/example_dags/example_sla_dag.py took 0.095 seconds
[2023-05-22T20:20:20.948+0000] {processor.py:154} INFO - Started process (PID=3373) to work on /home/airflow/.local/lib/python3.7/site-packages/airflow/example_dags/example_sla_dag.py
[2023-05-22T20:20:20.950+0000] {processor.py:756} INFO - Processing file /home/airflow/.local/lib/python3.7/site-packages/airflow/example_dags/example_sla_dag.py for tasks to queue
[2023-05-22T20:20:20.951+0000] {logging_mixin.py:120} INFO - [2023-05-22T20:20:20.951+0000] {dagbag.py:537} INFO - Filling up the DagBag from /home/airflow/.local/lib/python3.7/site-packages/airflow/example_dags/example_sla_dag.py
[2023-05-22T20:20:20.978+0000] {processor.py:766} INFO - DAG(s) dict_keys(['example_sla_dag']) retrieved from /home/airflow/.local/lib/python3.7/site-packages/airflow/example_dags/example_sla_dag.py
[2023-05-22T20:20:21.013+0000] {logging_mixin.py:120} INFO - [2023-05-22T20:20:21.012+0000] {dag.py:2585} INFO - Sync 1 DAGs
[2023-05-22T20:20:21.032+0000] {logging_mixin.py:120} INFO - [2023-05-22T20:20:21.032+0000] {dag.py:3340} INFO - Setting next_dagrun for example_sla_dag to 2023-05-22T20:18:00+00:00, run_after=2023-05-22T20:20:00+00:00
[2023-05-22T20:20:21.044+0000] {processor.py:176} INFO - Processing /home/airflow/.local/lib/python3.7/site-packages/airflow/example_dags/example_sla_dag.py took 0.100 seconds
[2023-05-22T20:20:51.656+0000] {processor.py:154} INFO - Started process (PID=3435) to work on /home/airflow/.local/lib/python3.7/site-packages/airflow/example_dags/example_sla_dag.py
[2023-05-22T20:20:51.663+0000] {processor.py:756} INFO - Processing file /home/airflow/.local/lib/python3.7/site-packages/airflow/example_dags/example_sla_dag.py for tasks to queue
[2023-05-22T20:20:51.664+0000] {logging_mixin.py:120} INFO - [2023-05-22T20:20:51.664+0000] {dagbag.py:537} INFO - Filling up the DagBag from /home/airflow/.local/lib/python3.7/site-packages/airflow/example_dags/example_sla_dag.py
[2023-05-22T20:20:51.688+0000] {processor.py:766} INFO - DAG(s) dict_keys(['example_sla_dag']) retrieved from /home/airflow/.local/lib/python3.7/site-packages/airflow/example_dags/example_sla_dag.py
[2023-05-22T20:20:51.727+0000] {logging_mixin.py:120} INFO - [2023-05-22T20:20:51.727+0000] {dag.py:2585} INFO - Sync 1 DAGs
[2023-05-22T20:20:51.761+0000] {logging_mixin.py:120} INFO - [2023-05-22T20:20:51.761+0000] {dag.py:3340} INFO - Setting next_dagrun for example_sla_dag to 2023-05-22T20:18:00+00:00, run_after=2023-05-22T20:20:00+00:00
[2023-05-22T20:20:51.775+0000] {processor.py:176} INFO - Processing /home/airflow/.local/lib/python3.7/site-packages/airflow/example_dags/example_sla_dag.py took 0.122 seconds
[2023-05-22T20:21:22.682+0000] {processor.py:154} INFO - Started process (PID=3489) to work on /home/airflow/.local/lib/python3.7/site-packages/airflow/example_dags/example_sla_dag.py
[2023-05-22T20:21:22.685+0000] {processor.py:756} INFO - Processing file /home/airflow/.local/lib/python3.7/site-packages/airflow/example_dags/example_sla_dag.py for tasks to queue
[2023-05-22T20:21:22.686+0000] {logging_mixin.py:120} INFO - [2023-05-22T20:21:22.686+0000] {dagbag.py:537} INFO - Filling up the DagBag from /home/airflow/.local/lib/python3.7/site-packages/airflow/example_dags/example_sla_dag.py
[2023-05-22T20:21:22.707+0000] {processor.py:766} INFO - DAG(s) dict_keys(['example_sla_dag']) retrieved from /home/airflow/.local/lib/python3.7/site-packages/airflow/example_dags/example_sla_dag.py
[2023-05-22T20:21:22.737+0000] {logging_mixin.py:120} INFO - [2023-05-22T20:21:22.737+0000] {dag.py:2585} INFO - Sync 1 DAGs
[2023-05-22T20:21:22.755+0000] {logging_mixin.py:120} INFO - [2023-05-22T20:21:22.755+0000] {dag.py:3340} INFO - Setting next_dagrun for example_sla_dag to 2023-05-22T20:18:00+00:00, run_after=2023-05-22T20:20:00+00:00
[2023-05-22T20:21:22.767+0000] {processor.py:176} INFO - Processing /home/airflow/.local/lib/python3.7/site-packages/airflow/example_dags/example_sla_dag.py took 0.090 seconds
[2023-05-22T20:21:53.316+0000] {processor.py:154} INFO - Started process (PID=3551) to work on /home/airflow/.local/lib/python3.7/site-packages/airflow/example_dags/example_sla_dag.py
[2023-05-22T20:21:53.319+0000] {processor.py:756} INFO - Processing file /home/airflow/.local/lib/python3.7/site-packages/airflow/example_dags/example_sla_dag.py for tasks to queue
[2023-05-22T20:21:53.320+0000] {logging_mixin.py:120} INFO - [2023-05-22T20:21:53.320+0000] {dagbag.py:537} INFO - Filling up the DagBag from /home/airflow/.local/lib/python3.7/site-packages/airflow/example_dags/example_sla_dag.py
[2023-05-22T20:21:53.347+0000] {processor.py:766} INFO - DAG(s) dict_keys(['example_sla_dag']) retrieved from /home/airflow/.local/lib/python3.7/site-packages/airflow/example_dags/example_sla_dag.py
[2023-05-22T20:21:53.382+0000] {logging_mixin.py:120} INFO - [2023-05-22T20:21:53.382+0000] {dag.py:2585} INFO - Sync 1 DAGs
[2023-05-22T20:21:53.399+0000] {logging_mixin.py:120} INFO - [2023-05-22T20:21:53.399+0000] {dag.py:3340} INFO - Setting next_dagrun for example_sla_dag to 2023-05-22T20:18:00+00:00, run_after=2023-05-22T20:20:00+00:00
[2023-05-22T20:21:53.411+0000] {processor.py:176} INFO - Processing /home/airflow/.local/lib/python3.7/site-packages/airflow/example_dags/example_sla_dag.py took 0.101 seconds
[2023-05-22T20:22:24.041+0000] {processor.py:154} INFO - Started process (PID=3614) to work on /home/airflow/.local/lib/python3.7/site-packages/airflow/example_dags/example_sla_dag.py
[2023-05-22T20:22:24.044+0000] {processor.py:756} INFO - Processing file /home/airflow/.local/lib/python3.7/site-packages/airflow/example_dags/example_sla_dag.py for tasks to queue
[2023-05-22T20:22:24.045+0000] {logging_mixin.py:120} INFO - [2023-05-22T20:22:24.045+0000] {dagbag.py:537} INFO - Filling up the DagBag from /home/airflow/.local/lib/python3.7/site-packages/airflow/example_dags/example_sla_dag.py
[2023-05-22T20:22:24.069+0000] {processor.py:766} INFO - DAG(s) dict_keys(['example_sla_dag']) retrieved from /home/airflow/.local/lib/python3.7/site-packages/airflow/example_dags/example_sla_dag.py
[2023-05-22T20:22:24.100+0000] {logging_mixin.py:120} INFO - [2023-05-22T20:22:24.100+0000] {dag.py:2585} INFO - Sync 1 DAGs
[2023-05-22T20:22:24.118+0000] {logging_mixin.py:120} INFO - [2023-05-22T20:22:24.118+0000] {dag.py:3340} INFO - Setting next_dagrun for example_sla_dag to 2023-05-22T20:20:00+00:00, run_after=2023-05-22T20:22:00+00:00
[2023-05-22T20:22:24.130+0000] {processor.py:176} INFO - Processing /home/airflow/.local/lib/python3.7/site-packages/airflow/example_dags/example_sla_dag.py took 0.095 seconds
[2023-05-22T20:22:54.618+0000] {processor.py:154} INFO - Started process (PID=3677) to work on /home/airflow/.local/lib/python3.7/site-packages/airflow/example_dags/example_sla_dag.py
[2023-05-22T20:22:54.620+0000] {processor.py:756} INFO - Processing file /home/airflow/.local/lib/python3.7/site-packages/airflow/example_dags/example_sla_dag.py for tasks to queue
[2023-05-22T20:22:54.622+0000] {logging_mixin.py:120} INFO - [2023-05-22T20:22:54.622+0000] {dagbag.py:537} INFO - Filling up the DagBag from /home/airflow/.local/lib/python3.7/site-packages/airflow/example_dags/example_sla_dag.py
[2023-05-22T20:22:54.641+0000] {processor.py:766} INFO - DAG(s) dict_keys(['example_sla_dag']) retrieved from /home/airflow/.local/lib/python3.7/site-packages/airflow/example_dags/example_sla_dag.py
[2023-05-22T20:22:54.672+0000] {logging_mixin.py:120} INFO - [2023-05-22T20:22:54.672+0000] {dag.py:2585} INFO - Sync 1 DAGs
[2023-05-22T20:22:54.692+0000] {logging_mixin.py:120} INFO - [2023-05-22T20:22:54.691+0000] {dag.py:3340} INFO - Setting next_dagrun for example_sla_dag to 2023-05-22T20:20:00+00:00, run_after=2023-05-22T20:22:00+00:00
[2023-05-22T20:22:54.703+0000] {processor.py:176} INFO - Processing /home/airflow/.local/lib/python3.7/site-packages/airflow/example_dags/example_sla_dag.py took 0.090 seconds
[2023-05-22T20:23:25.639+0000] {processor.py:154} INFO - Started process (PID=3740) to work on /home/airflow/.local/lib/python3.7/site-packages/airflow/example_dags/example_sla_dag.py
[2023-05-22T20:23:25.641+0000] {processor.py:756} INFO - Processing file /home/airflow/.local/lib/python3.7/site-packages/airflow/example_dags/example_sla_dag.py for tasks to queue
[2023-05-22T20:23:25.643+0000] {logging_mixin.py:120} INFO - [2023-05-22T20:23:25.643+0000] {dagbag.py:537} INFO - Filling up the DagBag from /home/airflow/.local/lib/python3.7/site-packages/airflow/example_dags/example_sla_dag.py
[2023-05-22T20:23:25.665+0000] {processor.py:766} INFO - DAG(s) dict_keys(['example_sla_dag']) retrieved from /home/airflow/.local/lib/python3.7/site-packages/airflow/example_dags/example_sla_dag.py
[2023-05-22T20:23:25.699+0000] {logging_mixin.py:120} INFO - [2023-05-22T20:23:25.698+0000] {dag.py:2585} INFO - Sync 1 DAGs
[2023-05-22T20:23:25.717+0000] {logging_mixin.py:120} INFO - [2023-05-22T20:23:25.717+0000] {dag.py:3340} INFO - Setting next_dagrun for example_sla_dag to 2023-05-22T20:20:00+00:00, run_after=2023-05-22T20:22:00+00:00
[2023-05-22T20:23:25.728+0000] {processor.py:176} INFO - Processing /home/airflow/.local/lib/python3.7/site-packages/airflow/example_dags/example_sla_dag.py took 0.095 seconds
[2023-05-22T20:23:56.520+0000] {processor.py:154} INFO - Started process (PID=3803) to work on /home/airflow/.local/lib/python3.7/site-packages/airflow/example_dags/example_sla_dag.py
[2023-05-22T20:23:56.522+0000] {processor.py:756} INFO - Processing file /home/airflow/.local/lib/python3.7/site-packages/airflow/example_dags/example_sla_dag.py for tasks to queue
[2023-05-22T20:23:56.524+0000] {logging_mixin.py:120} INFO - [2023-05-22T20:23:56.524+0000] {dagbag.py:537} INFO - Filling up the DagBag from /home/airflow/.local/lib/python3.7/site-packages/airflow/example_dags/example_sla_dag.py
[2023-05-22T20:23:56.542+0000] {processor.py:766} INFO - DAG(s) dict_keys(['example_sla_dag']) retrieved from /home/airflow/.local/lib/python3.7/site-packages/airflow/example_dags/example_sla_dag.py
[2023-05-22T20:23:56.581+0000] {logging_mixin.py:120} INFO - [2023-05-22T20:23:56.581+0000] {dag.py:2585} INFO - Sync 1 DAGs
[2023-05-22T20:23:56.600+0000] {logging_mixin.py:120} INFO - [2023-05-22T20:23:56.600+0000] {dag.py:3340} INFO - Setting next_dagrun for example_sla_dag to 2023-05-22T20:20:00+00:00, run_after=2023-05-22T20:22:00+00:00
[2023-05-22T20:23:56.616+0000] {processor.py:176} INFO - Processing /home/airflow/.local/lib/python3.7/site-packages/airflow/example_dags/example_sla_dag.py took 0.100 seconds
[2023-05-22T20:24:26.741+0000] {processor.py:154} INFO - Started process (PID=3857) to work on /home/airflow/.local/lib/python3.7/site-packages/airflow/example_dags/example_sla_dag.py
[2023-05-22T20:24:26.742+0000] {processor.py:756} INFO - Processing file /home/airflow/.local/lib/python3.7/site-packages/airflow/example_dags/example_sla_dag.py for tasks to queue
[2023-05-22T20:24:26.743+0000] {logging_mixin.py:120} INFO - [2023-05-22T20:24:26.743+0000] {dagbag.py:537} INFO - Filling up the DagBag from /home/airflow/.local/lib/python3.7/site-packages/airflow/example_dags/example_sla_dag.py
[2023-05-22T20:24:26.759+0000] {processor.py:766} INFO - DAG(s) dict_keys(['example_sla_dag']) retrieved from /home/airflow/.local/lib/python3.7/site-packages/airflow/example_dags/example_sla_dag.py
[2023-05-22T20:24:26.794+0000] {logging_mixin.py:120} INFO - [2023-05-22T20:24:26.794+0000] {dag.py:2585} INFO - Sync 1 DAGs
[2023-05-22T20:24:26.813+0000] {logging_mixin.py:120} INFO - [2023-05-22T20:24:26.813+0000] {dag.py:3340} INFO - Setting next_dagrun for example_sla_dag to 2023-05-22T20:22:00+00:00, run_after=2023-05-22T20:24:00+00:00
[2023-05-22T20:24:26.826+0000] {processor.py:176} INFO - Processing /home/airflow/.local/lib/python3.7/site-packages/airflow/example_dags/example_sla_dag.py took 0.088 seconds
[2023-05-22T20:24:56.881+0000] {processor.py:154} INFO - Started process (PID=3919) to work on /home/airflow/.local/lib/python3.7/site-packages/airflow/example_dags/example_sla_dag.py
[2023-05-22T20:24:56.883+0000] {processor.py:756} INFO - Processing file /home/airflow/.local/lib/python3.7/site-packages/airflow/example_dags/example_sla_dag.py for tasks to queue
[2023-05-22T20:24:56.884+0000] {logging_mixin.py:120} INFO - [2023-05-22T20:24:56.884+0000] {dagbag.py:537} INFO - Filling up the DagBag from /home/airflow/.local/lib/python3.7/site-packages/airflow/example_dags/example_sla_dag.py
[2023-05-22T20:24:56.900+0000] {processor.py:766} INFO - DAG(s) dict_keys(['example_sla_dag']) retrieved from /home/airflow/.local/lib/python3.7/site-packages/airflow/example_dags/example_sla_dag.py
[2023-05-22T20:24:56.929+0000] {logging_mixin.py:120} INFO - [2023-05-22T20:24:56.929+0000] {dag.py:2585} INFO - Sync 1 DAGs
[2023-05-22T20:24:56.947+0000] {logging_mixin.py:120} INFO - [2023-05-22T20:24:56.947+0000] {dag.py:3340} INFO - Setting next_dagrun for example_sla_dag to 2023-05-22T20:22:00+00:00, run_after=2023-05-22T20:24:00+00:00
[2023-05-22T20:24:56.958+0000] {processor.py:176} INFO - Processing /home/airflow/.local/lib/python3.7/site-packages/airflow/example_dags/example_sla_dag.py took 0.079 seconds
[2023-05-22T20:25:27.752+0000] {processor.py:154} INFO - Started process (PID=3983) to work on /home/airflow/.local/lib/python3.7/site-packages/airflow/example_dags/example_sla_dag.py
[2023-05-22T20:25:27.753+0000] {processor.py:756} INFO - Processing file /home/airflow/.local/lib/python3.7/site-packages/airflow/example_dags/example_sla_dag.py for tasks to queue
[2023-05-22T20:25:27.754+0000] {logging_mixin.py:120} INFO - [2023-05-22T20:25:27.754+0000] {dagbag.py:537} INFO - Filling up the DagBag from /home/airflow/.local/lib/python3.7/site-packages/airflow/example_dags/example_sla_dag.py
[2023-05-22T20:25:27.770+0000] {processor.py:766} INFO - DAG(s) dict_keys(['example_sla_dag']) retrieved from /home/airflow/.local/lib/python3.7/site-packages/airflow/example_dags/example_sla_dag.py
[2023-05-22T20:25:27.801+0000] {logging_mixin.py:120} INFO - [2023-05-22T20:25:27.801+0000] {dag.py:2585} INFO - Sync 1 DAGs
[2023-05-22T20:25:27.819+0000] {logging_mixin.py:120} INFO - [2023-05-22T20:25:27.819+0000] {dag.py:3340} INFO - Setting next_dagrun for example_sla_dag to 2023-05-22T20:22:00+00:00, run_after=2023-05-22T20:24:00+00:00
[2023-05-22T20:25:27.829+0000] {processor.py:176} INFO - Processing /home/airflow/.local/lib/python3.7/site-packages/airflow/example_dags/example_sla_dag.py took 0.080 seconds
[2023-05-22T20:25:58.295+0000] {processor.py:154} INFO - Started process (PID=4045) to work on /home/airflow/.local/lib/python3.7/site-packages/airflow/example_dags/example_sla_dag.py
[2023-05-22T20:25:58.296+0000] {processor.py:756} INFO - Processing file /home/airflow/.local/lib/python3.7/site-packages/airflow/example_dags/example_sla_dag.py for tasks to queue
[2023-05-22T20:25:58.297+0000] {logging_mixin.py:120} INFO - [2023-05-22T20:25:58.297+0000] {dagbag.py:537} INFO - Filling up the DagBag from /home/airflow/.local/lib/python3.7/site-packages/airflow/example_dags/example_sla_dag.py
[2023-05-22T20:25:58.314+0000] {processor.py:766} INFO - DAG(s) dict_keys(['example_sla_dag']) retrieved from /home/airflow/.local/lib/python3.7/site-packages/airflow/example_dags/example_sla_dag.py
[2023-05-22T20:25:58.346+0000] {logging_mixin.py:120} INFO - [2023-05-22T20:25:58.346+0000] {dag.py:2585} INFO - Sync 1 DAGs
[2023-05-22T20:25:58.365+0000] {logging_mixin.py:120} INFO - [2023-05-22T20:25:58.365+0000] {dag.py:3340} INFO - Setting next_dagrun for example_sla_dag to 2023-05-22T20:22:00+00:00, run_after=2023-05-22T20:24:00+00:00
[2023-05-22T20:25:58.378+0000] {processor.py:176} INFO - Processing /home/airflow/.local/lib/python3.7/site-packages/airflow/example_dags/example_sla_dag.py took 0.086 seconds
[2023-05-22T20:26:28.957+0000] {processor.py:154} INFO - Started process (PID=4108) to work on /home/airflow/.local/lib/python3.7/site-packages/airflow/example_dags/example_sla_dag.py
[2023-05-22T20:26:28.958+0000] {processor.py:756} INFO - Processing file /home/airflow/.local/lib/python3.7/site-packages/airflow/example_dags/example_sla_dag.py for tasks to queue
[2023-05-22T20:26:28.959+0000] {logging_mixin.py:120} INFO - [2023-05-22T20:26:28.959+0000] {dagbag.py:537} INFO - Filling up the DagBag from /home/airflow/.local/lib/python3.7/site-packages/airflow/example_dags/example_sla_dag.py
[2023-05-22T20:26:28.976+0000] {processor.py:766} INFO - DAG(s) dict_keys(['example_sla_dag']) retrieved from /home/airflow/.local/lib/python3.7/site-packages/airflow/example_dags/example_sla_dag.py
[2023-05-22T20:26:29.004+0000] {logging_mixin.py:120} INFO - [2023-05-22T20:26:29.004+0000] {dag.py:2585} INFO - Sync 1 DAGs
[2023-05-22T20:26:29.022+0000] {logging_mixin.py:120} INFO - [2023-05-22T20:26:29.022+0000] {dag.py:3340} INFO - Setting next_dagrun for example_sla_dag to 2023-05-22T20:24:00+00:00, run_after=2023-05-22T20:26:00+00:00
[2023-05-22T20:26:29.034+0000] {processor.py:176} INFO - Processing /home/airflow/.local/lib/python3.7/site-packages/airflow/example_dags/example_sla_dag.py took 0.080 seconds
[2023-05-22T20:26:59.678+0000] {processor.py:154} INFO - Started process (PID=4171) to work on /home/airflow/.local/lib/python3.7/site-packages/airflow/example_dags/example_sla_dag.py
[2023-05-22T20:26:59.679+0000] {processor.py:756} INFO - Processing file /home/airflow/.local/lib/python3.7/site-packages/airflow/example_dags/example_sla_dag.py for tasks to queue
[2023-05-22T20:26:59.680+0000] {logging_mixin.py:120} INFO - [2023-05-22T20:26:59.680+0000] {dagbag.py:537} INFO - Filling up the DagBag from /home/airflow/.local/lib/python3.7/site-packages/airflow/example_dags/example_sla_dag.py
[2023-05-22T20:26:59.697+0000] {processor.py:766} INFO - DAG(s) dict_keys(['example_sla_dag']) retrieved from /home/airflow/.local/lib/python3.7/site-packages/airflow/example_dags/example_sla_dag.py
[2023-05-22T20:26:59.732+0000] {logging_mixin.py:120} INFO - [2023-05-22T20:26:59.732+0000] {dag.py:2585} INFO - Sync 1 DAGs
[2023-05-22T20:26:59.750+0000] {logging_mixin.py:120} INFO - [2023-05-22T20:26:59.750+0000] {dag.py:3340} INFO - Setting next_dagrun for example_sla_dag to 2023-05-22T20:24:00+00:00, run_after=2023-05-22T20:26:00+00:00
[2023-05-22T20:26:59.762+0000] {processor.py:176} INFO - Processing /home/airflow/.local/lib/python3.7/site-packages/airflow/example_dags/example_sla_dag.py took 0.086 seconds
[2023-05-22T20:27:30.295+0000] {processor.py:154} INFO - Started process (PID=4225) to work on /home/airflow/.local/lib/python3.7/site-packages/airflow/example_dags/example_sla_dag.py
[2023-05-22T20:27:30.297+0000] {processor.py:756} INFO - Processing file /home/airflow/.local/lib/python3.7/site-packages/airflow/example_dags/example_sla_dag.py for tasks to queue
[2023-05-22T20:27:30.298+0000] {logging_mixin.py:120} INFO - [2023-05-22T20:27:30.298+0000] {dagbag.py:537} INFO - Filling up the DagBag from /home/airflow/.local/lib/python3.7/site-packages/airflow/example_dags/example_sla_dag.py
[2023-05-22T20:27:30.315+0000] {processor.py:766} INFO - DAG(s) dict_keys(['example_sla_dag']) retrieved from /home/airflow/.local/lib/python3.7/site-packages/airflow/example_dags/example_sla_dag.py
[2023-05-22T20:27:30.346+0000] {logging_mixin.py:120} INFO - [2023-05-22T20:27:30.346+0000] {dag.py:2585} INFO - Sync 1 DAGs
[2023-05-22T20:27:30.364+0000] {logging_mixin.py:120} INFO - [2023-05-22T20:27:30.364+0000] {dag.py:3340} INFO - Setting next_dagrun for example_sla_dag to 2023-05-22T20:24:00+00:00, run_after=2023-05-22T20:26:00+00:00
[2023-05-22T20:27:30.377+0000] {processor.py:176} INFO - Processing /home/airflow/.local/lib/python3.7/site-packages/airflow/example_dags/example_sla_dag.py took 0.085 seconds
[2023-05-22T20:28:00.858+0000] {processor.py:154} INFO - Started process (PID=4287) to work on /home/airflow/.local/lib/python3.7/site-packages/airflow/example_dags/example_sla_dag.py
[2023-05-22T20:28:00.860+0000] {processor.py:756} INFO - Processing file /home/airflow/.local/lib/python3.7/site-packages/airflow/example_dags/example_sla_dag.py for tasks to queue
[2023-05-22T20:28:00.862+0000] {logging_mixin.py:120} INFO - [2023-05-22T20:28:00.862+0000] {dagbag.py:537} INFO - Filling up the DagBag from /home/airflow/.local/lib/python3.7/site-packages/airflow/example_dags/example_sla_dag.py
[2023-05-22T20:28:00.881+0000] {processor.py:766} INFO - DAG(s) dict_keys(['example_sla_dag']) retrieved from /home/airflow/.local/lib/python3.7/site-packages/airflow/example_dags/example_sla_dag.py
[2023-05-22T20:28:00.917+0000] {logging_mixin.py:120} INFO - [2023-05-22T20:28:00.917+0000] {dag.py:2585} INFO - Sync 1 DAGs
[2023-05-22T20:28:00.939+0000] {logging_mixin.py:120} INFO - [2023-05-22T20:28:00.939+0000] {dag.py:3340} INFO - Setting next_dagrun for example_sla_dag to 2023-05-22T20:26:00+00:00, run_after=2023-05-22T20:28:00+00:00
[2023-05-22T20:28:00.952+0000] {processor.py:176} INFO - Processing /home/airflow/.local/lib/python3.7/site-packages/airflow/example_dags/example_sla_dag.py took 0.097 seconds
[2023-05-22T20:28:31.738+0000] {processor.py:154} INFO - Started process (PID=4349) to work on /home/airflow/.local/lib/python3.7/site-packages/airflow/example_dags/example_sla_dag.py
[2023-05-22T20:28:31.739+0000] {processor.py:756} INFO - Processing file /home/airflow/.local/lib/python3.7/site-packages/airflow/example_dags/example_sla_dag.py for tasks to queue
[2023-05-22T20:28:31.740+0000] {logging_mixin.py:120} INFO - [2023-05-22T20:28:31.740+0000] {dagbag.py:537} INFO - Filling up the DagBag from /home/airflow/.local/lib/python3.7/site-packages/airflow/example_dags/example_sla_dag.py
[2023-05-22T20:28:31.758+0000] {processor.py:766} INFO - DAG(s) dict_keys(['example_sla_dag']) retrieved from /home/airflow/.local/lib/python3.7/site-packages/airflow/example_dags/example_sla_dag.py
[2023-05-22T20:28:31.788+0000] {logging_mixin.py:120} INFO - [2023-05-22T20:28:31.787+0000] {dag.py:2585} INFO - Sync 1 DAGs
[2023-05-22T20:28:31.807+0000] {logging_mixin.py:120} INFO - [2023-05-22T20:28:31.807+0000] {dag.py:3340} INFO - Setting next_dagrun for example_sla_dag to 2023-05-22T20:26:00+00:00, run_after=2023-05-22T20:28:00+00:00
[2023-05-22T20:28:31.819+0000] {processor.py:176} INFO - Processing /home/airflow/.local/lib/python3.7/site-packages/airflow/example_dags/example_sla_dag.py took 0.084 seconds
[2023-05-22T20:43:49.817+0000] {processor.py:154} INFO - Started process (PID=4394) to work on /home/airflow/.local/lib/python3.7/site-packages/airflow/example_dags/example_sla_dag.py
[2023-05-22T20:43:49.818+0000] {processor.py:756} INFO - Processing file /home/airflow/.local/lib/python3.7/site-packages/airflow/example_dags/example_sla_dag.py for tasks to queue
[2023-05-22T20:43:49.819+0000] {logging_mixin.py:120} INFO - [2023-05-22T20:43:49.819+0000] {dagbag.py:537} INFO - Filling up the DagBag from /home/airflow/.local/lib/python3.7/site-packages/airflow/example_dags/example_sla_dag.py
[2023-05-22T20:43:49.835+0000] {processor.py:766} INFO - DAG(s) dict_keys(['example_sla_dag']) retrieved from /home/airflow/.local/lib/python3.7/site-packages/airflow/example_dags/example_sla_dag.py
[2023-05-22T20:43:49.864+0000] {logging_mixin.py:120} INFO - [2023-05-22T20:43:49.864+0000] {dag.py:2585} INFO - Sync 1 DAGs
[2023-05-22T20:43:49.881+0000] {logging_mixin.py:120} INFO - [2023-05-22T20:43:49.881+0000] {dag.py:3340} INFO - Setting next_dagrun for example_sla_dag to 2023-05-22T20:40:00+00:00, run_after=2023-05-22T20:42:00+00:00
[2023-05-22T20:43:49.894+0000] {processor.py:176} INFO - Processing /home/airflow/.local/lib/python3.7/site-packages/airflow/example_dags/example_sla_dag.py took 0.079 seconds
[2023-05-22T22:05:52.352+0000] {processor.py:154} INFO - Started process (PID=4457) to work on /home/airflow/.local/lib/python3.7/site-packages/airflow/example_dags/example_sla_dag.py
[2023-05-22T22:05:52.354+0000] {processor.py:756} INFO - Processing file /home/airflow/.local/lib/python3.7/site-packages/airflow/example_dags/example_sla_dag.py for tasks to queue
[2023-05-22T22:05:52.355+0000] {logging_mixin.py:120} INFO - [2023-05-22T22:05:52.355+0000] {dagbag.py:537} INFO - Filling up the DagBag from /home/airflow/.local/lib/python3.7/site-packages/airflow/example_dags/example_sla_dag.py
[2023-05-22T22:05:52.384+0000] {processor.py:766} INFO - DAG(s) dict_keys(['example_sla_dag']) retrieved from /home/airflow/.local/lib/python3.7/site-packages/airflow/example_dags/example_sla_dag.py
[2023-05-22T22:05:52.444+0000] {logging_mixin.py:120} INFO - [2023-05-22T22:05:52.444+0000] {dag.py:2585} INFO - Sync 1 DAGs
[2023-05-22T22:05:52.472+0000] {logging_mixin.py:120} INFO - [2023-05-22T22:05:52.472+0000] {dag.py:3340} INFO - Setting next_dagrun for example_sla_dag to 2023-05-22T22:02:00+00:00, run_after=2023-05-22T22:04:00+00:00
[2023-05-22T22:05:52.489+0000] {processor.py:176} INFO - Processing /home/airflow/.local/lib/python3.7/site-packages/airflow/example_dags/example_sla_dag.py took 0.142 seconds
[2023-05-22T23:29:36.679+0000] {processor.py:154} INFO - Started process (PID=4520) to work on /home/airflow/.local/lib/python3.7/site-packages/airflow/example_dags/example_sla_dag.py
[2023-05-22T23:29:36.680+0000] {processor.py:756} INFO - Processing file /home/airflow/.local/lib/python3.7/site-packages/airflow/example_dags/example_sla_dag.py for tasks to queue
[2023-05-22T23:29:36.682+0000] {logging_mixin.py:120} INFO - [2023-05-22T23:29:36.681+0000] {dagbag.py:537} INFO - Filling up the DagBag from /home/airflow/.local/lib/python3.7/site-packages/airflow/example_dags/example_sla_dag.py
[2023-05-22T23:29:36.704+0000] {processor.py:766} INFO - DAG(s) dict_keys(['example_sla_dag']) retrieved from /home/airflow/.local/lib/python3.7/site-packages/airflow/example_dags/example_sla_dag.py
[2023-05-22T23:29:36.743+0000] {logging_mixin.py:120} INFO - [2023-05-22T23:29:36.743+0000] {dag.py:2585} INFO - Sync 1 DAGs
[2023-05-22T23:29:36.762+0000] {logging_mixin.py:120} INFO - [2023-05-22T23:29:36.762+0000] {dag.py:3340} INFO - Setting next_dagrun for example_sla_dag to 2023-05-22T23:26:00+00:00, run_after=2023-05-22T23:28:00+00:00
[2023-05-22T23:29:36.776+0000] {processor.py:176} INFO - Processing /home/airflow/.local/lib/python3.7/site-packages/airflow/example_dags/example_sla_dag.py took 0.100 seconds
