[2023-05-22T19:32:29.485+0000] {processor.py:154} INFO - Started process (PID=41) to work on /home/airflow/.local/lib/python3.7/site-packages/airflow/example_dags/example_xcom.py
[2023-05-22T19:32:29.487+0000] {processor.py:756} INFO - Processing file /home/airflow/.local/lib/python3.7/site-packages/airflow/example_dags/example_xcom.py for tasks to queue
[2023-05-22T19:32:29.490+0000] {logging_mixin.py:120} INFO - [2023-05-22T19:32:29.490+0000] {dagbag.py:537} INFO - Filling up the DagBag from /home/airflow/.local/lib/python3.7/site-packages/airflow/example_dags/example_xcom.py
[2023-05-22T19:32:29.531+0000] {processor.py:766} INFO - DAG(s) dict_keys(['example_xcom']) retrieved from /home/airflow/.local/lib/python3.7/site-packages/airflow/example_dags/example_xcom.py
[2023-05-22T19:32:29.672+0000] {logging_mixin.py:120} INFO - [2023-05-22T19:32:29.672+0000] {manager.py:507} INFO - Created Permission View: can read on DAG:example_xcom
[2023-05-22T19:32:29.680+0000] {logging_mixin.py:120} INFO - [2023-05-22T19:32:29.680+0000] {manager.py:507} INFO - Created Permission View: can delete on DAG:example_xcom
[2023-05-22T19:32:29.686+0000] {logging_mixin.py:120} INFO - [2023-05-22T19:32:29.685+0000] {manager.py:507} INFO - Created Permission View: can edit on DAG:example_xcom
[2023-05-22T19:32:29.686+0000] {logging_mixin.py:120} INFO - [2023-05-22T19:32:29.686+0000] {dag.py:2585} INFO - Sync 1 DAGs
[2023-05-22T19:32:29.700+0000] {logging_mixin.py:120} INFO - [2023-05-22T19:32:29.700+0000] {dag.py:2606} INFO - Creating ORM DAG for example_xcom
[2023-05-22T19:32:29.714+0000] {logging_mixin.py:120} INFO - [2023-05-22T19:32:29.714+0000] {dag.py:3340} INFO - Setting next_dagrun for example_xcom to 2021-01-01T00:00:00+00:00, run_after=2021-01-01T00:00:00+00:00
[2023-05-22T19:32:29.740+0000] {processor.py:176} INFO - Processing /home/airflow/.local/lib/python3.7/site-packages/airflow/example_dags/example_xcom.py took 0.261 seconds
[2023-05-22T19:33:00.002+0000] {processor.py:154} INFO - Started process (PID=105) to work on /home/airflow/.local/lib/python3.7/site-packages/airflow/example_dags/example_xcom.py
[2023-05-22T19:33:00.003+0000] {processor.py:756} INFO - Processing file /home/airflow/.local/lib/python3.7/site-packages/airflow/example_dags/example_xcom.py for tasks to queue
[2023-05-22T19:33:00.004+0000] {logging_mixin.py:120} INFO - [2023-05-22T19:33:00.004+0000] {dagbag.py:537} INFO - Filling up the DagBag from /home/airflow/.local/lib/python3.7/site-packages/airflow/example_dags/example_xcom.py
[2023-05-22T19:33:00.021+0000] {processor.py:766} INFO - DAG(s) dict_keys(['example_xcom']) retrieved from /home/airflow/.local/lib/python3.7/site-packages/airflow/example_dags/example_xcom.py
[2023-05-22T19:33:00.052+0000] {logging_mixin.py:120} INFO - [2023-05-22T19:33:00.052+0000] {dag.py:2585} INFO - Sync 1 DAGs
[2023-05-22T19:33:00.067+0000] {logging_mixin.py:120} INFO - [2023-05-22T19:33:00.067+0000] {dag.py:3340} INFO - Setting next_dagrun for example_xcom to 2021-01-01T00:00:00+00:00, run_after=2021-01-01T00:00:00+00:00
[2023-05-22T19:33:00.079+0000] {processor.py:176} INFO - Processing /home/airflow/.local/lib/python3.7/site-packages/airflow/example_dags/example_xcom.py took 0.080 seconds
[2023-05-22T19:33:30.459+0000] {processor.py:154} INFO - Started process (PID=169) to work on /home/airflow/.local/lib/python3.7/site-packages/airflow/example_dags/example_xcom.py
[2023-05-22T19:33:30.461+0000] {processor.py:756} INFO - Processing file /home/airflow/.local/lib/python3.7/site-packages/airflow/example_dags/example_xcom.py for tasks to queue
[2023-05-22T19:33:30.463+0000] {logging_mixin.py:120} INFO - [2023-05-22T19:33:30.463+0000] {dagbag.py:537} INFO - Filling up the DagBag from /home/airflow/.local/lib/python3.7/site-packages/airflow/example_dags/example_xcom.py
[2023-05-22T19:33:30.483+0000] {processor.py:766} INFO - DAG(s) dict_keys(['example_xcom']) retrieved from /home/airflow/.local/lib/python3.7/site-packages/airflow/example_dags/example_xcom.py
[2023-05-22T19:33:30.514+0000] {logging_mixin.py:120} INFO - [2023-05-22T19:33:30.514+0000] {dag.py:2585} INFO - Sync 1 DAGs
[2023-05-22T19:33:30.532+0000] {logging_mixin.py:120} INFO - [2023-05-22T19:33:30.532+0000] {dag.py:3340} INFO - Setting next_dagrun for example_xcom to 2021-01-01T00:00:00+00:00, run_after=2021-01-01T00:00:00+00:00
[2023-05-22T19:33:30.546+0000] {processor.py:176} INFO - Processing /home/airflow/.local/lib/python3.7/site-packages/airflow/example_dags/example_xcom.py took 0.090 seconds
[2023-05-22T19:34:01.060+0000] {processor.py:154} INFO - Started process (PID=231) to work on /home/airflow/.local/lib/python3.7/site-packages/airflow/example_dags/example_xcom.py
[2023-05-22T19:34:01.061+0000] {processor.py:756} INFO - Processing file /home/airflow/.local/lib/python3.7/site-packages/airflow/example_dags/example_xcom.py for tasks to queue
[2023-05-22T19:34:01.062+0000] {logging_mixin.py:120} INFO - [2023-05-22T19:34:01.062+0000] {dagbag.py:537} INFO - Filling up the DagBag from /home/airflow/.local/lib/python3.7/site-packages/airflow/example_dags/example_xcom.py
[2023-05-22T19:34:01.082+0000] {processor.py:766} INFO - DAG(s) dict_keys(['example_xcom']) retrieved from /home/airflow/.local/lib/python3.7/site-packages/airflow/example_dags/example_xcom.py
[2023-05-22T19:34:01.136+0000] {logging_mixin.py:120} INFO - [2023-05-22T19:34:01.136+0000] {dag.py:2585} INFO - Sync 1 DAGs
[2023-05-22T19:34:01.153+0000] {logging_mixin.py:120} INFO - [2023-05-22T19:34:01.153+0000] {dag.py:3340} INFO - Setting next_dagrun for example_xcom to 2021-01-01T00:00:00+00:00, run_after=2021-01-01T00:00:00+00:00
[2023-05-22T19:34:01.171+0000] {processor.py:176} INFO - Processing /home/airflow/.local/lib/python3.7/site-packages/airflow/example_dags/example_xcom.py took 0.114 seconds
[2023-05-22T19:34:31.931+0000] {processor.py:154} INFO - Started process (PID=294) to work on /home/airflow/.local/lib/python3.7/site-packages/airflow/example_dags/example_xcom.py
[2023-05-22T19:34:31.933+0000] {processor.py:756} INFO - Processing file /home/airflow/.local/lib/python3.7/site-packages/airflow/example_dags/example_xcom.py for tasks to queue
[2023-05-22T19:34:31.934+0000] {logging_mixin.py:120} INFO - [2023-05-22T19:34:31.934+0000] {dagbag.py:537} INFO - Filling up the DagBag from /home/airflow/.local/lib/python3.7/site-packages/airflow/example_dags/example_xcom.py
[2023-05-22T19:34:31.952+0000] {processor.py:766} INFO - DAG(s) dict_keys(['example_xcom']) retrieved from /home/airflow/.local/lib/python3.7/site-packages/airflow/example_dags/example_xcom.py
[2023-05-22T19:34:31.986+0000] {logging_mixin.py:120} INFO - [2023-05-22T19:34:31.985+0000] {dag.py:2585} INFO - Sync 1 DAGs
[2023-05-22T19:34:32.010+0000] {logging_mixin.py:120} INFO - [2023-05-22T19:34:32.010+0000] {dag.py:3340} INFO - Setting next_dagrun for example_xcom to 2021-01-01T00:00:00+00:00, run_after=2021-01-01T00:00:00+00:00
[2023-05-22T19:34:32.030+0000] {processor.py:176} INFO - Processing /home/airflow/.local/lib/python3.7/site-packages/airflow/example_dags/example_xcom.py took 0.102 seconds
[2023-05-22T19:35:02.388+0000] {processor.py:154} INFO - Started process (PID=348) to work on /home/airflow/.local/lib/python3.7/site-packages/airflow/example_dags/example_xcom.py
[2023-05-22T19:35:02.389+0000] {processor.py:756} INFO - Processing file /home/airflow/.local/lib/python3.7/site-packages/airflow/example_dags/example_xcom.py for tasks to queue
[2023-05-22T19:35:02.391+0000] {logging_mixin.py:120} INFO - [2023-05-22T19:35:02.391+0000] {dagbag.py:537} INFO - Filling up the DagBag from /home/airflow/.local/lib/python3.7/site-packages/airflow/example_dags/example_xcom.py
[2023-05-22T19:35:02.407+0000] {processor.py:766} INFO - DAG(s) dict_keys(['example_xcom']) retrieved from /home/airflow/.local/lib/python3.7/site-packages/airflow/example_dags/example_xcom.py
[2023-05-22T19:35:02.438+0000] {logging_mixin.py:120} INFO - [2023-05-22T19:35:02.438+0000] {dag.py:2585} INFO - Sync 1 DAGs
[2023-05-22T19:35:02.453+0000] {logging_mixin.py:120} INFO - [2023-05-22T19:35:02.453+0000] {dag.py:3340} INFO - Setting next_dagrun for example_xcom to 2021-01-01T00:00:00+00:00, run_after=2021-01-01T00:00:00+00:00
[2023-05-22T19:35:02.467+0000] {processor.py:176} INFO - Processing /home/airflow/.local/lib/python3.7/site-packages/airflow/example_dags/example_xcom.py took 0.081 seconds
[2023-05-22T19:35:32.872+0000] {processor.py:154} INFO - Started process (PID=410) to work on /home/airflow/.local/lib/python3.7/site-packages/airflow/example_dags/example_xcom.py
[2023-05-22T19:35:32.873+0000] {processor.py:756} INFO - Processing file /home/airflow/.local/lib/python3.7/site-packages/airflow/example_dags/example_xcom.py for tasks to queue
[2023-05-22T19:35:32.874+0000] {logging_mixin.py:120} INFO - [2023-05-22T19:35:32.874+0000] {dagbag.py:537} INFO - Filling up the DagBag from /home/airflow/.local/lib/python3.7/site-packages/airflow/example_dags/example_xcom.py
[2023-05-22T19:35:32.892+0000] {processor.py:766} INFO - DAG(s) dict_keys(['example_xcom']) retrieved from /home/airflow/.local/lib/python3.7/site-packages/airflow/example_dags/example_xcom.py
[2023-05-22T19:35:32.924+0000] {logging_mixin.py:120} INFO - [2023-05-22T19:35:32.924+0000] {dag.py:2585} INFO - Sync 1 DAGs
[2023-05-22T19:35:32.940+0000] {logging_mixin.py:120} INFO - [2023-05-22T19:35:32.940+0000] {dag.py:3340} INFO - Setting next_dagrun for example_xcom to 2021-01-01T00:00:00+00:00, run_after=2021-01-01T00:00:00+00:00
[2023-05-22T19:35:32.953+0000] {processor.py:176} INFO - Processing /home/airflow/.local/lib/python3.7/site-packages/airflow/example_dags/example_xcom.py took 0.084 seconds
[2023-05-22T19:36:03.477+0000] {processor.py:154} INFO - Started process (PID=473) to work on /home/airflow/.local/lib/python3.7/site-packages/airflow/example_dags/example_xcom.py
[2023-05-22T19:36:03.478+0000] {processor.py:756} INFO - Processing file /home/airflow/.local/lib/python3.7/site-packages/airflow/example_dags/example_xcom.py for tasks to queue
[2023-05-22T19:36:03.479+0000] {logging_mixin.py:120} INFO - [2023-05-22T19:36:03.479+0000] {dagbag.py:537} INFO - Filling up the DagBag from /home/airflow/.local/lib/python3.7/site-packages/airflow/example_dags/example_xcom.py
[2023-05-22T19:36:03.495+0000] {processor.py:766} INFO - DAG(s) dict_keys(['example_xcom']) retrieved from /home/airflow/.local/lib/python3.7/site-packages/airflow/example_dags/example_xcom.py
[2023-05-22T19:36:03.526+0000] {logging_mixin.py:120} INFO - [2023-05-22T19:36:03.526+0000] {dag.py:2585} INFO - Sync 1 DAGs
[2023-05-22T19:36:03.541+0000] {logging_mixin.py:120} INFO - [2023-05-22T19:36:03.541+0000] {dag.py:3340} INFO - Setting next_dagrun for example_xcom to 2021-01-01T00:00:00+00:00, run_after=2021-01-01T00:00:00+00:00
[2023-05-22T19:36:03.553+0000] {processor.py:176} INFO - Processing /home/airflow/.local/lib/python3.7/site-packages/airflow/example_dags/example_xcom.py took 0.079 seconds
[2023-05-22T19:36:34.082+0000] {processor.py:154} INFO - Started process (PID=536) to work on /home/airflow/.local/lib/python3.7/site-packages/airflow/example_dags/example_xcom.py
[2023-05-22T19:36:34.084+0000] {processor.py:756} INFO - Processing file /home/airflow/.local/lib/python3.7/site-packages/airflow/example_dags/example_xcom.py for tasks to queue
[2023-05-22T19:36:34.085+0000] {logging_mixin.py:120} INFO - [2023-05-22T19:36:34.085+0000] {dagbag.py:537} INFO - Filling up the DagBag from /home/airflow/.local/lib/python3.7/site-packages/airflow/example_dags/example_xcom.py
[2023-05-22T19:36:34.101+0000] {processor.py:766} INFO - DAG(s) dict_keys(['example_xcom']) retrieved from /home/airflow/.local/lib/python3.7/site-packages/airflow/example_dags/example_xcom.py
[2023-05-22T19:36:34.132+0000] {logging_mixin.py:120} INFO - [2023-05-22T19:36:34.132+0000] {dag.py:2585} INFO - Sync 1 DAGs
[2023-05-22T19:36:34.149+0000] {logging_mixin.py:120} INFO - [2023-05-22T19:36:34.149+0000] {dag.py:3340} INFO - Setting next_dagrun for example_xcom to 2021-01-01T00:00:00+00:00, run_after=2021-01-01T00:00:00+00:00
[2023-05-22T19:36:34.162+0000] {processor.py:176} INFO - Processing /home/airflow/.local/lib/python3.7/site-packages/airflow/example_dags/example_xcom.py took 0.082 seconds
[2023-05-22T19:37:04.860+0000] {processor.py:154} INFO - Started process (PID=599) to work on /home/airflow/.local/lib/python3.7/site-packages/airflow/example_dags/example_xcom.py
[2023-05-22T19:37:04.861+0000] {processor.py:756} INFO - Processing file /home/airflow/.local/lib/python3.7/site-packages/airflow/example_dags/example_xcom.py for tasks to queue
[2023-05-22T19:37:04.862+0000] {logging_mixin.py:120} INFO - [2023-05-22T19:37:04.862+0000] {dagbag.py:537} INFO - Filling up the DagBag from /home/airflow/.local/lib/python3.7/site-packages/airflow/example_dags/example_xcom.py
[2023-05-22T19:37:04.878+0000] {processor.py:766} INFO - DAG(s) dict_keys(['example_xcom']) retrieved from /home/airflow/.local/lib/python3.7/site-packages/airflow/example_dags/example_xcom.py
[2023-05-22T19:37:04.910+0000] {logging_mixin.py:120} INFO - [2023-05-22T19:37:04.910+0000] {dag.py:2585} INFO - Sync 1 DAGs
[2023-05-22T19:37:04.928+0000] {logging_mixin.py:120} INFO - [2023-05-22T19:37:04.927+0000] {dag.py:3340} INFO - Setting next_dagrun for example_xcom to 2021-01-01T00:00:00+00:00, run_after=2021-01-01T00:00:00+00:00
[2023-05-22T19:37:04.940+0000] {processor.py:176} INFO - Processing /home/airflow/.local/lib/python3.7/site-packages/airflow/example_dags/example_xcom.py took 0.083 seconds
[2023-05-22T19:37:35.532+0000] {processor.py:154} INFO - Started process (PID=661) to work on /home/airflow/.local/lib/python3.7/site-packages/airflow/example_dags/example_xcom.py
[2023-05-22T19:37:35.533+0000] {processor.py:756} INFO - Processing file /home/airflow/.local/lib/python3.7/site-packages/airflow/example_dags/example_xcom.py for tasks to queue
[2023-05-22T19:37:35.534+0000] {logging_mixin.py:120} INFO - [2023-05-22T19:37:35.534+0000] {dagbag.py:537} INFO - Filling up the DagBag from /home/airflow/.local/lib/python3.7/site-packages/airflow/example_dags/example_xcom.py
[2023-05-22T19:37:35.556+0000] {processor.py:766} INFO - DAG(s) dict_keys(['example_xcom']) retrieved from /home/airflow/.local/lib/python3.7/site-packages/airflow/example_dags/example_xcom.py
[2023-05-22T19:37:35.600+0000] {logging_mixin.py:120} INFO - [2023-05-22T19:37:35.599+0000] {dag.py:2585} INFO - Sync 1 DAGs
[2023-05-22T19:37:35.625+0000] {logging_mixin.py:120} INFO - [2023-05-22T19:37:35.625+0000] {dag.py:3340} INFO - Setting next_dagrun for example_xcom to 2021-01-01T00:00:00+00:00, run_after=2021-01-01T00:00:00+00:00
[2023-05-22T19:37:35.643+0000] {processor.py:176} INFO - Processing /home/airflow/.local/lib/python3.7/site-packages/airflow/example_dags/example_xcom.py took 0.118 seconds
[2023-05-22T19:38:06.106+0000] {processor.py:154} INFO - Started process (PID=715) to work on /home/airflow/.local/lib/python3.7/site-packages/airflow/example_dags/example_xcom.py
[2023-05-22T19:38:06.107+0000] {processor.py:756} INFO - Processing file /home/airflow/.local/lib/python3.7/site-packages/airflow/example_dags/example_xcom.py for tasks to queue
[2023-05-22T19:38:06.108+0000] {logging_mixin.py:120} INFO - [2023-05-22T19:38:06.108+0000] {dagbag.py:537} INFO - Filling up the DagBag from /home/airflow/.local/lib/python3.7/site-packages/airflow/example_dags/example_xcom.py
[2023-05-22T19:38:06.127+0000] {processor.py:766} INFO - DAG(s) dict_keys(['example_xcom']) retrieved from /home/airflow/.local/lib/python3.7/site-packages/airflow/example_dags/example_xcom.py
[2023-05-22T19:38:06.159+0000] {logging_mixin.py:120} INFO - [2023-05-22T19:38:06.159+0000] {dag.py:2585} INFO - Sync 1 DAGs
[2023-05-22T19:38:06.175+0000] {logging_mixin.py:120} INFO - [2023-05-22T19:38:06.175+0000] {dag.py:3340} INFO - Setting next_dagrun for example_xcom to 2021-01-01T00:00:00+00:00, run_after=2021-01-01T00:00:00+00:00
[2023-05-22T19:38:06.187+0000] {processor.py:176} INFO - Processing /home/airflow/.local/lib/python3.7/site-packages/airflow/example_dags/example_xcom.py took 0.084 seconds
[2023-05-22T19:38:36.734+0000] {processor.py:154} INFO - Started process (PID=778) to work on /home/airflow/.local/lib/python3.7/site-packages/airflow/example_dags/example_xcom.py
[2023-05-22T19:38:36.735+0000] {processor.py:756} INFO - Processing file /home/airflow/.local/lib/python3.7/site-packages/airflow/example_dags/example_xcom.py for tasks to queue
[2023-05-22T19:38:36.737+0000] {logging_mixin.py:120} INFO - [2023-05-22T19:38:36.736+0000] {dagbag.py:537} INFO - Filling up the DagBag from /home/airflow/.local/lib/python3.7/site-packages/airflow/example_dags/example_xcom.py
[2023-05-22T19:38:36.754+0000] {processor.py:766} INFO - DAG(s) dict_keys(['example_xcom']) retrieved from /home/airflow/.local/lib/python3.7/site-packages/airflow/example_dags/example_xcom.py
[2023-05-22T19:38:36.801+0000] {logging_mixin.py:120} INFO - [2023-05-22T19:38:36.801+0000] {dag.py:2585} INFO - Sync 1 DAGs
[2023-05-22T19:38:36.826+0000] {logging_mixin.py:120} INFO - [2023-05-22T19:38:36.826+0000] {dag.py:3340} INFO - Setting next_dagrun for example_xcom to 2021-01-01T00:00:00+00:00, run_after=2021-01-01T00:00:00+00:00
[2023-05-22T19:38:36.843+0000] {processor.py:176} INFO - Processing /home/airflow/.local/lib/python3.7/site-packages/airflow/example_dags/example_xcom.py took 0.113 seconds
[2023-05-22T19:39:07.307+0000] {processor.py:154} INFO - Started process (PID=842) to work on /home/airflow/.local/lib/python3.7/site-packages/airflow/example_dags/example_xcom.py
[2023-05-22T19:39:07.309+0000] {processor.py:756} INFO - Processing file /home/airflow/.local/lib/python3.7/site-packages/airflow/example_dags/example_xcom.py for tasks to queue
[2023-05-22T19:39:07.309+0000] {logging_mixin.py:120} INFO - [2023-05-22T19:39:07.309+0000] {dagbag.py:537} INFO - Filling up the DagBag from /home/airflow/.local/lib/python3.7/site-packages/airflow/example_dags/example_xcom.py
[2023-05-22T19:39:07.326+0000] {processor.py:766} INFO - DAG(s) dict_keys(['example_xcom']) retrieved from /home/airflow/.local/lib/python3.7/site-packages/airflow/example_dags/example_xcom.py
[2023-05-22T19:39:07.359+0000] {logging_mixin.py:120} INFO - [2023-05-22T19:39:07.359+0000] {dag.py:2585} INFO - Sync 1 DAGs
[2023-05-22T19:39:07.374+0000] {logging_mixin.py:120} INFO - [2023-05-22T19:39:07.374+0000] {dag.py:3340} INFO - Setting next_dagrun for example_xcom to 2021-01-01T00:00:00+00:00, run_after=2021-01-01T00:00:00+00:00
[2023-05-22T19:39:07.387+0000] {processor.py:176} INFO - Processing /home/airflow/.local/lib/python3.7/site-packages/airflow/example_dags/example_xcom.py took 0.082 seconds
[2023-05-22T19:39:37.648+0000] {processor.py:154} INFO - Started process (PID=905) to work on /home/airflow/.local/lib/python3.7/site-packages/airflow/example_dags/example_xcom.py
[2023-05-22T19:39:37.649+0000] {processor.py:756} INFO - Processing file /home/airflow/.local/lib/python3.7/site-packages/airflow/example_dags/example_xcom.py for tasks to queue
[2023-05-22T19:39:37.650+0000] {logging_mixin.py:120} INFO - [2023-05-22T19:39:37.650+0000] {dagbag.py:537} INFO - Filling up the DagBag from /home/airflow/.local/lib/python3.7/site-packages/airflow/example_dags/example_xcom.py
[2023-05-22T19:39:37.669+0000] {processor.py:766} INFO - DAG(s) dict_keys(['example_xcom']) retrieved from /home/airflow/.local/lib/python3.7/site-packages/airflow/example_dags/example_xcom.py
[2023-05-22T19:39:37.703+0000] {logging_mixin.py:120} INFO - [2023-05-22T19:39:37.703+0000] {dag.py:2585} INFO - Sync 1 DAGs
[2023-05-22T19:39:37.722+0000] {logging_mixin.py:120} INFO - [2023-05-22T19:39:37.722+0000] {dag.py:3340} INFO - Setting next_dagrun for example_xcom to 2021-01-01T00:00:00+00:00, run_after=2021-01-01T00:00:00+00:00
[2023-05-22T19:39:37.734+0000] {processor.py:176} INFO - Processing /home/airflow/.local/lib/python3.7/site-packages/airflow/example_dags/example_xcom.py took 0.089 seconds
[2023-05-22T19:40:08.259+0000] {processor.py:154} INFO - Started process (PID=967) to work on /home/airflow/.local/lib/python3.7/site-packages/airflow/example_dags/example_xcom.py
[2023-05-22T19:40:08.260+0000] {processor.py:756} INFO - Processing file /home/airflow/.local/lib/python3.7/site-packages/airflow/example_dags/example_xcom.py for tasks to queue
[2023-05-22T19:40:08.261+0000] {logging_mixin.py:120} INFO - [2023-05-22T19:40:08.261+0000] {dagbag.py:537} INFO - Filling up the DagBag from /home/airflow/.local/lib/python3.7/site-packages/airflow/example_dags/example_xcom.py
[2023-05-22T19:40:08.278+0000] {processor.py:766} INFO - DAG(s) dict_keys(['example_xcom']) retrieved from /home/airflow/.local/lib/python3.7/site-packages/airflow/example_dags/example_xcom.py
[2023-05-22T19:40:08.308+0000] {logging_mixin.py:120} INFO - [2023-05-22T19:40:08.308+0000] {dag.py:2585} INFO - Sync 1 DAGs
[2023-05-22T19:40:08.325+0000] {logging_mixin.py:120} INFO - [2023-05-22T19:40:08.325+0000] {dag.py:3340} INFO - Setting next_dagrun for example_xcom to 2021-01-01T00:00:00+00:00, run_after=2021-01-01T00:00:00+00:00
[2023-05-22T19:40:08.337+0000] {processor.py:176} INFO - Processing /home/airflow/.local/lib/python3.7/site-packages/airflow/example_dags/example_xcom.py took 0.081 seconds
[2023-05-22T19:40:38.920+0000] {processor.py:154} INFO - Started process (PID=1030) to work on /home/airflow/.local/lib/python3.7/site-packages/airflow/example_dags/example_xcom.py
[2023-05-22T19:40:38.921+0000] {processor.py:756} INFO - Processing file /home/airflow/.local/lib/python3.7/site-packages/airflow/example_dags/example_xcom.py for tasks to queue
[2023-05-22T19:40:38.922+0000] {logging_mixin.py:120} INFO - [2023-05-22T19:40:38.922+0000] {dagbag.py:537} INFO - Filling up the DagBag from /home/airflow/.local/lib/python3.7/site-packages/airflow/example_dags/example_xcom.py
[2023-05-22T19:40:38.943+0000] {processor.py:766} INFO - DAG(s) dict_keys(['example_xcom']) retrieved from /home/airflow/.local/lib/python3.7/site-packages/airflow/example_dags/example_xcom.py
[2023-05-22T19:40:38.977+0000] {logging_mixin.py:120} INFO - [2023-05-22T19:40:38.977+0000] {dag.py:2585} INFO - Sync 1 DAGs
[2023-05-22T19:40:38.997+0000] {logging_mixin.py:120} INFO - [2023-05-22T19:40:38.997+0000] {dag.py:3340} INFO - Setting next_dagrun for example_xcom to 2021-01-01T00:00:00+00:00, run_after=2021-01-01T00:00:00+00:00
[2023-05-22T19:40:39.009+0000] {processor.py:176} INFO - Processing /home/airflow/.local/lib/python3.7/site-packages/airflow/example_dags/example_xcom.py took 0.093 seconds
[2023-05-22T19:41:09.371+0000] {processor.py:154} INFO - Started process (PID=1084) to work on /home/airflow/.local/lib/python3.7/site-packages/airflow/example_dags/example_xcom.py
[2023-05-22T19:41:09.372+0000] {processor.py:756} INFO - Processing file /home/airflow/.local/lib/python3.7/site-packages/airflow/example_dags/example_xcom.py for tasks to queue
[2023-05-22T19:41:09.373+0000] {logging_mixin.py:120} INFO - [2023-05-22T19:41:09.373+0000] {dagbag.py:537} INFO - Filling up the DagBag from /home/airflow/.local/lib/python3.7/site-packages/airflow/example_dags/example_xcom.py
[2023-05-22T19:41:09.389+0000] {processor.py:766} INFO - DAG(s) dict_keys(['example_xcom']) retrieved from /home/airflow/.local/lib/python3.7/site-packages/airflow/example_dags/example_xcom.py
[2023-05-22T19:41:09.420+0000] {logging_mixin.py:120} INFO - [2023-05-22T19:41:09.420+0000] {dag.py:2585} INFO - Sync 1 DAGs
[2023-05-22T19:41:09.436+0000] {logging_mixin.py:120} INFO - [2023-05-22T19:41:09.436+0000] {dag.py:3340} INFO - Setting next_dagrun for example_xcom to 2021-01-01T00:00:00+00:00, run_after=2021-01-01T00:00:00+00:00
[2023-05-22T19:41:09.448+0000] {processor.py:176} INFO - Processing /home/airflow/.local/lib/python3.7/site-packages/airflow/example_dags/example_xcom.py took 0.080 seconds
[2023-05-22T19:41:39.804+0000] {processor.py:154} INFO - Started process (PID=1148) to work on /home/airflow/.local/lib/python3.7/site-packages/airflow/example_dags/example_xcom.py
[2023-05-22T19:41:39.806+0000] {processor.py:756} INFO - Processing file /home/airflow/.local/lib/python3.7/site-packages/airflow/example_dags/example_xcom.py for tasks to queue
[2023-05-22T19:41:39.808+0000] {logging_mixin.py:120} INFO - [2023-05-22T19:41:39.807+0000] {dagbag.py:537} INFO - Filling up the DagBag from /home/airflow/.local/lib/python3.7/site-packages/airflow/example_dags/example_xcom.py
[2023-05-22T19:41:39.828+0000] {processor.py:766} INFO - DAG(s) dict_keys(['example_xcom']) retrieved from /home/airflow/.local/lib/python3.7/site-packages/airflow/example_dags/example_xcom.py
[2023-05-22T19:41:39.862+0000] {logging_mixin.py:120} INFO - [2023-05-22T19:41:39.862+0000] {dag.py:2585} INFO - Sync 1 DAGs
[2023-05-22T19:41:39.880+0000] {logging_mixin.py:120} INFO - [2023-05-22T19:41:39.879+0000] {dag.py:3340} INFO - Setting next_dagrun for example_xcom to 2021-01-01T00:00:00+00:00, run_after=2021-01-01T00:00:00+00:00
[2023-05-22T19:41:39.895+0000] {processor.py:176} INFO - Processing /home/airflow/.local/lib/python3.7/site-packages/airflow/example_dags/example_xcom.py took 0.094 seconds
[2023-05-22T19:42:10.358+0000] {processor.py:154} INFO - Started process (PID=1211) to work on /home/airflow/.local/lib/python3.7/site-packages/airflow/example_dags/example_xcom.py
[2023-05-22T19:42:10.359+0000] {processor.py:756} INFO - Processing file /home/airflow/.local/lib/python3.7/site-packages/airflow/example_dags/example_xcom.py for tasks to queue
[2023-05-22T19:42:10.360+0000] {logging_mixin.py:120} INFO - [2023-05-22T19:42:10.360+0000] {dagbag.py:537} INFO - Filling up the DagBag from /home/airflow/.local/lib/python3.7/site-packages/airflow/example_dags/example_xcom.py
[2023-05-22T19:42:10.376+0000] {processor.py:766} INFO - DAG(s) dict_keys(['example_xcom']) retrieved from /home/airflow/.local/lib/python3.7/site-packages/airflow/example_dags/example_xcom.py
[2023-05-22T19:42:10.407+0000] {logging_mixin.py:120} INFO - [2023-05-22T19:42:10.407+0000] {dag.py:2585} INFO - Sync 1 DAGs
[2023-05-22T19:42:10.424+0000] {logging_mixin.py:120} INFO - [2023-05-22T19:42:10.424+0000] {dag.py:3340} INFO - Setting next_dagrun for example_xcom to 2021-01-01T00:00:00+00:00, run_after=2021-01-01T00:00:00+00:00
[2023-05-22T19:42:10.436+0000] {processor.py:176} INFO - Processing /home/airflow/.local/lib/python3.7/site-packages/airflow/example_dags/example_xcom.py took 0.081 seconds
[2023-05-22T19:42:40.887+0000] {processor.py:154} INFO - Started process (PID=1277) to work on /home/airflow/.local/lib/python3.7/site-packages/airflow/example_dags/example_xcom.py
[2023-05-22T19:42:40.888+0000] {processor.py:756} INFO - Processing file /home/airflow/.local/lib/python3.7/site-packages/airflow/example_dags/example_xcom.py for tasks to queue
[2023-05-22T19:42:40.891+0000] {logging_mixin.py:120} INFO - [2023-05-22T19:42:40.890+0000] {dagbag.py:537} INFO - Filling up the DagBag from /home/airflow/.local/lib/python3.7/site-packages/airflow/example_dags/example_xcom.py
[2023-05-22T19:42:40.915+0000] {processor.py:766} INFO - DAG(s) dict_keys(['example_xcom']) retrieved from /home/airflow/.local/lib/python3.7/site-packages/airflow/example_dags/example_xcom.py
[2023-05-22T19:42:40.971+0000] {logging_mixin.py:120} INFO - [2023-05-22T19:42:40.971+0000] {dag.py:2585} INFO - Sync 1 DAGs
[2023-05-22T19:42:40.993+0000] {logging_mixin.py:120} INFO - [2023-05-22T19:42:40.993+0000] {dag.py:3340} INFO - Setting next_dagrun for example_xcom to 2021-01-01T00:00:00+00:00, run_after=2021-01-01T00:00:00+00:00
[2023-05-22T19:42:41.023+0000] {processor.py:176} INFO - Processing /home/airflow/.local/lib/python3.7/site-packages/airflow/example_dags/example_xcom.py took 0.139 seconds
[2023-05-22T19:43:11.458+0000] {processor.py:154} INFO - Started process (PID=1343) to work on /home/airflow/.local/lib/python3.7/site-packages/airflow/example_dags/example_xcom.py
[2023-05-22T19:43:11.459+0000] {processor.py:756} INFO - Processing file /home/airflow/.local/lib/python3.7/site-packages/airflow/example_dags/example_xcom.py for tasks to queue
[2023-05-22T19:43:11.459+0000] {logging_mixin.py:120} INFO - [2023-05-22T19:43:11.459+0000] {dagbag.py:537} INFO - Filling up the DagBag from /home/airflow/.local/lib/python3.7/site-packages/airflow/example_dags/example_xcom.py
[2023-05-22T19:43:11.475+0000] {processor.py:766} INFO - DAG(s) dict_keys(['example_xcom']) retrieved from /home/airflow/.local/lib/python3.7/site-packages/airflow/example_dags/example_xcom.py
[2023-05-22T19:43:11.506+0000] {logging_mixin.py:120} INFO - [2023-05-22T19:43:11.506+0000] {dag.py:2585} INFO - Sync 1 DAGs
[2023-05-22T19:43:11.523+0000] {logging_mixin.py:120} INFO - [2023-05-22T19:43:11.523+0000] {dag.py:3340} INFO - Setting next_dagrun for example_xcom to 2021-01-01T00:00:00+00:00, run_after=2021-01-01T00:00:00+00:00
[2023-05-22T19:43:11.535+0000] {processor.py:176} INFO - Processing /home/airflow/.local/lib/python3.7/site-packages/airflow/example_dags/example_xcom.py took 0.080 seconds
[2023-05-22T19:43:42.422+0000] {processor.py:154} INFO - Started process (PID=1406) to work on /home/airflow/.local/lib/python3.7/site-packages/airflow/example_dags/example_xcom.py
[2023-05-22T19:43:42.429+0000] {processor.py:756} INFO - Processing file /home/airflow/.local/lib/python3.7/site-packages/airflow/example_dags/example_xcom.py for tasks to queue
[2023-05-22T19:43:42.431+0000] {logging_mixin.py:120} INFO - [2023-05-22T19:43:42.431+0000] {dagbag.py:537} INFO - Filling up the DagBag from /home/airflow/.local/lib/python3.7/site-packages/airflow/example_dags/example_xcom.py
[2023-05-22T19:43:42.460+0000] {processor.py:766} INFO - DAG(s) dict_keys(['example_xcom']) retrieved from /home/airflow/.local/lib/python3.7/site-packages/airflow/example_dags/example_xcom.py
[2023-05-22T19:43:42.518+0000] {logging_mixin.py:120} INFO - [2023-05-22T19:43:42.518+0000] {dag.py:2585} INFO - Sync 1 DAGs
[2023-05-22T19:43:42.561+0000] {logging_mixin.py:120} INFO - [2023-05-22T19:43:42.561+0000] {dag.py:3340} INFO - Setting next_dagrun for example_xcom to 2021-01-01T00:00:00+00:00, run_after=2021-01-01T00:00:00+00:00
[2023-05-22T19:43:42.584+0000] {processor.py:176} INFO - Processing /home/airflow/.local/lib/python3.7/site-packages/airflow/example_dags/example_xcom.py took 0.166 seconds
[2023-05-22T19:44:13.312+0000] {processor.py:154} INFO - Started process (PID=1460) to work on /home/airflow/.local/lib/python3.7/site-packages/airflow/example_dags/example_xcom.py
[2023-05-22T19:44:13.313+0000] {processor.py:756} INFO - Processing file /home/airflow/.local/lib/python3.7/site-packages/airflow/example_dags/example_xcom.py for tasks to queue
[2023-05-22T19:44:13.314+0000] {logging_mixin.py:120} INFO - [2023-05-22T19:44:13.314+0000] {dagbag.py:537} INFO - Filling up the DagBag from /home/airflow/.local/lib/python3.7/site-packages/airflow/example_dags/example_xcom.py
[2023-05-22T19:44:13.330+0000] {processor.py:766} INFO - DAG(s) dict_keys(['example_xcom']) retrieved from /home/airflow/.local/lib/python3.7/site-packages/airflow/example_dags/example_xcom.py
[2023-05-22T19:44:13.359+0000] {logging_mixin.py:120} INFO - [2023-05-22T19:44:13.359+0000] {dag.py:2585} INFO - Sync 1 DAGs
[2023-05-22T19:44:13.375+0000] {logging_mixin.py:120} INFO - [2023-05-22T19:44:13.375+0000] {dag.py:3340} INFO - Setting next_dagrun for example_xcom to 2021-01-01T00:00:00+00:00, run_after=2021-01-01T00:00:00+00:00
[2023-05-22T19:44:13.387+0000] {processor.py:176} INFO - Processing /home/airflow/.local/lib/python3.7/site-packages/airflow/example_dags/example_xcom.py took 0.078 seconds
[2023-05-22T19:44:44.168+0000] {processor.py:154} INFO - Started process (PID=1523) to work on /home/airflow/.local/lib/python3.7/site-packages/airflow/example_dags/example_xcom.py
[2023-05-22T19:44:44.169+0000] {processor.py:756} INFO - Processing file /home/airflow/.local/lib/python3.7/site-packages/airflow/example_dags/example_xcom.py for tasks to queue
[2023-05-22T19:44:44.169+0000] {logging_mixin.py:120} INFO - [2023-05-22T19:44:44.169+0000] {dagbag.py:537} INFO - Filling up the DagBag from /home/airflow/.local/lib/python3.7/site-packages/airflow/example_dags/example_xcom.py
[2023-05-22T19:44:44.187+0000] {processor.py:766} INFO - DAG(s) dict_keys(['example_xcom']) retrieved from /home/airflow/.local/lib/python3.7/site-packages/airflow/example_dags/example_xcom.py
[2023-05-22T19:44:44.218+0000] {logging_mixin.py:120} INFO - [2023-05-22T19:44:44.217+0000] {dag.py:2585} INFO - Sync 1 DAGs
[2023-05-22T19:44:44.234+0000] {logging_mixin.py:120} INFO - [2023-05-22T19:44:44.233+0000] {dag.py:3340} INFO - Setting next_dagrun for example_xcom to 2021-01-01T00:00:00+00:00, run_after=2021-01-01T00:00:00+00:00
[2023-05-22T19:44:44.247+0000] {processor.py:176} INFO - Processing /home/airflow/.local/lib/python3.7/site-packages/airflow/example_dags/example_xcom.py took 0.082 seconds
[2023-05-22T19:45:14.797+0000] {processor.py:154} INFO - Started process (PID=1586) to work on /home/airflow/.local/lib/python3.7/site-packages/airflow/example_dags/example_xcom.py
[2023-05-22T19:45:14.798+0000] {processor.py:756} INFO - Processing file /home/airflow/.local/lib/python3.7/site-packages/airflow/example_dags/example_xcom.py for tasks to queue
[2023-05-22T19:45:14.799+0000] {logging_mixin.py:120} INFO - [2023-05-22T19:45:14.799+0000] {dagbag.py:537} INFO - Filling up the DagBag from /home/airflow/.local/lib/python3.7/site-packages/airflow/example_dags/example_xcom.py
[2023-05-22T19:45:14.816+0000] {processor.py:766} INFO - DAG(s) dict_keys(['example_xcom']) retrieved from /home/airflow/.local/lib/python3.7/site-packages/airflow/example_dags/example_xcom.py
[2023-05-22T19:45:14.847+0000] {logging_mixin.py:120} INFO - [2023-05-22T19:45:14.847+0000] {dag.py:2585} INFO - Sync 1 DAGs
[2023-05-22T19:45:14.864+0000] {logging_mixin.py:120} INFO - [2023-05-22T19:45:14.864+0000] {dag.py:3340} INFO - Setting next_dagrun for example_xcom to 2021-01-01T00:00:00+00:00, run_after=2021-01-01T00:00:00+00:00
[2023-05-22T19:45:14.878+0000] {processor.py:176} INFO - Processing /home/airflow/.local/lib/python3.7/site-packages/airflow/example_dags/example_xcom.py took 0.084 seconds
[2023-05-22T19:45:45.116+0000] {processor.py:154} INFO - Started process (PID=1649) to work on /home/airflow/.local/lib/python3.7/site-packages/airflow/example_dags/example_xcom.py
[2023-05-22T19:45:45.118+0000] {processor.py:756} INFO - Processing file /home/airflow/.local/lib/python3.7/site-packages/airflow/example_dags/example_xcom.py for tasks to queue
[2023-05-22T19:45:45.119+0000] {logging_mixin.py:120} INFO - [2023-05-22T19:45:45.119+0000] {dagbag.py:537} INFO - Filling up the DagBag from /home/airflow/.local/lib/python3.7/site-packages/airflow/example_dags/example_xcom.py
[2023-05-22T19:45:45.138+0000] {processor.py:766} INFO - DAG(s) dict_keys(['example_xcom']) retrieved from /home/airflow/.local/lib/python3.7/site-packages/airflow/example_dags/example_xcom.py
[2023-05-22T19:45:45.167+0000] {logging_mixin.py:120} INFO - [2023-05-22T19:45:45.167+0000] {dag.py:2585} INFO - Sync 1 DAGs
[2023-05-22T19:45:45.184+0000] {logging_mixin.py:120} INFO - [2023-05-22T19:45:45.184+0000] {dag.py:3340} INFO - Setting next_dagrun for example_xcom to 2021-01-01T00:00:00+00:00, run_after=2021-01-01T00:00:00+00:00
[2023-05-22T19:45:45.198+0000] {processor.py:176} INFO - Processing /home/airflow/.local/lib/python3.7/site-packages/airflow/example_dags/example_xcom.py took 0.085 seconds
[2023-05-22T19:46:15.742+0000] {processor.py:154} INFO - Started process (PID=1711) to work on /home/airflow/.local/lib/python3.7/site-packages/airflow/example_dags/example_xcom.py
[2023-05-22T19:46:15.743+0000] {processor.py:756} INFO - Processing file /home/airflow/.local/lib/python3.7/site-packages/airflow/example_dags/example_xcom.py for tasks to queue
[2023-05-22T19:46:15.744+0000] {logging_mixin.py:120} INFO - [2023-05-22T19:46:15.744+0000] {dagbag.py:537} INFO - Filling up the DagBag from /home/airflow/.local/lib/python3.7/site-packages/airflow/example_dags/example_xcom.py
[2023-05-22T19:46:15.761+0000] {processor.py:766} INFO - DAG(s) dict_keys(['example_xcom']) retrieved from /home/airflow/.local/lib/python3.7/site-packages/airflow/example_dags/example_xcom.py
[2023-05-22T19:46:15.795+0000] {logging_mixin.py:120} INFO - [2023-05-22T19:46:15.794+0000] {dag.py:2585} INFO - Sync 1 DAGs
[2023-05-22T19:46:15.812+0000] {logging_mixin.py:120} INFO - [2023-05-22T19:46:15.812+0000] {dag.py:3340} INFO - Setting next_dagrun for example_xcom to 2021-01-01T00:00:00+00:00, run_after=2021-01-01T00:00:00+00:00
[2023-05-22T19:46:15.824+0000] {processor.py:176} INFO - Processing /home/airflow/.local/lib/python3.7/site-packages/airflow/example_dags/example_xcom.py took 0.085 seconds
[2023-05-22T19:46:46.460+0000] {processor.py:154} INFO - Started process (PID=1775) to work on /home/airflow/.local/lib/python3.7/site-packages/airflow/example_dags/example_xcom.py
[2023-05-22T19:46:46.461+0000] {processor.py:756} INFO - Processing file /home/airflow/.local/lib/python3.7/site-packages/airflow/example_dags/example_xcom.py for tasks to queue
[2023-05-22T19:46:46.462+0000] {logging_mixin.py:120} INFO - [2023-05-22T19:46:46.462+0000] {dagbag.py:537} INFO - Filling up the DagBag from /home/airflow/.local/lib/python3.7/site-packages/airflow/example_dags/example_xcom.py
[2023-05-22T19:46:46.480+0000] {processor.py:766} INFO - DAG(s) dict_keys(['example_xcom']) retrieved from /home/airflow/.local/lib/python3.7/site-packages/airflow/example_dags/example_xcom.py
[2023-05-22T19:46:46.517+0000] {logging_mixin.py:120} INFO - [2023-05-22T19:46:46.517+0000] {dag.py:2585} INFO - Sync 1 DAGs
[2023-05-22T19:46:46.536+0000] {logging_mixin.py:120} INFO - [2023-05-22T19:46:46.536+0000] {dag.py:3340} INFO - Setting next_dagrun for example_xcom to 2021-01-01T00:00:00+00:00, run_after=2021-01-01T00:00:00+00:00
[2023-05-22T19:46:46.550+0000] {processor.py:176} INFO - Processing /home/airflow/.local/lib/python3.7/site-packages/airflow/example_dags/example_xcom.py took 0.092 seconds
[2023-05-22T19:47:17.017+0000] {processor.py:154} INFO - Started process (PID=1829) to work on /home/airflow/.local/lib/python3.7/site-packages/airflow/example_dags/example_xcom.py
[2023-05-22T19:47:17.018+0000] {processor.py:756} INFO - Processing file /home/airflow/.local/lib/python3.7/site-packages/airflow/example_dags/example_xcom.py for tasks to queue
[2023-05-22T19:47:17.019+0000] {logging_mixin.py:120} INFO - [2023-05-22T19:47:17.019+0000] {dagbag.py:537} INFO - Filling up the DagBag from /home/airflow/.local/lib/python3.7/site-packages/airflow/example_dags/example_xcom.py
[2023-05-22T19:47:17.039+0000] {processor.py:766} INFO - DAG(s) dict_keys(['example_xcom']) retrieved from /home/airflow/.local/lib/python3.7/site-packages/airflow/example_dags/example_xcom.py
[2023-05-22T19:47:17.073+0000] {logging_mixin.py:120} INFO - [2023-05-22T19:47:17.073+0000] {dag.py:2585} INFO - Sync 1 DAGs
[2023-05-22T19:47:17.090+0000] {logging_mixin.py:120} INFO - [2023-05-22T19:47:17.090+0000] {dag.py:3340} INFO - Setting next_dagrun for example_xcom to 2021-01-01T00:00:00+00:00, run_after=2021-01-01T00:00:00+00:00
[2023-05-22T19:47:17.103+0000] {processor.py:176} INFO - Processing /home/airflow/.local/lib/python3.7/site-packages/airflow/example_dags/example_xcom.py took 0.088 seconds
[2023-05-22T19:47:47.792+0000] {processor.py:154} INFO - Started process (PID=1893) to work on /home/airflow/.local/lib/python3.7/site-packages/airflow/example_dags/example_xcom.py
[2023-05-22T19:47:47.794+0000] {processor.py:756} INFO - Processing file /home/airflow/.local/lib/python3.7/site-packages/airflow/example_dags/example_xcom.py for tasks to queue
[2023-05-22T19:47:47.795+0000] {logging_mixin.py:120} INFO - [2023-05-22T19:47:47.795+0000] {dagbag.py:537} INFO - Filling up the DagBag from /home/airflow/.local/lib/python3.7/site-packages/airflow/example_dags/example_xcom.py
[2023-05-22T19:47:47.818+0000] {processor.py:766} INFO - DAG(s) dict_keys(['example_xcom']) retrieved from /home/airflow/.local/lib/python3.7/site-packages/airflow/example_dags/example_xcom.py
[2023-05-22T19:47:47.854+0000] {logging_mixin.py:120} INFO - [2023-05-22T19:47:47.854+0000] {dag.py:2585} INFO - Sync 1 DAGs
[2023-05-22T19:47:47.872+0000] {logging_mixin.py:120} INFO - [2023-05-22T19:47:47.872+0000] {dag.py:3340} INFO - Setting next_dagrun for example_xcom to 2021-01-01T00:00:00+00:00, run_after=2021-01-01T00:00:00+00:00
[2023-05-22T19:47:47.891+0000] {processor.py:176} INFO - Processing /home/airflow/.local/lib/python3.7/site-packages/airflow/example_dags/example_xcom.py took 0.102 seconds
[2023-05-22T19:48:18.375+0000] {processor.py:154} INFO - Started process (PID=1956) to work on /home/airflow/.local/lib/python3.7/site-packages/airflow/example_dags/example_xcom.py
[2023-05-22T19:48:18.377+0000] {processor.py:756} INFO - Processing file /home/airflow/.local/lib/python3.7/site-packages/airflow/example_dags/example_xcom.py for tasks to queue
[2023-05-22T19:48:18.378+0000] {logging_mixin.py:120} INFO - [2023-05-22T19:48:18.378+0000] {dagbag.py:537} INFO - Filling up the DagBag from /home/airflow/.local/lib/python3.7/site-packages/airflow/example_dags/example_xcom.py
[2023-05-22T19:48:18.395+0000] {processor.py:766} INFO - DAG(s) dict_keys(['example_xcom']) retrieved from /home/airflow/.local/lib/python3.7/site-packages/airflow/example_dags/example_xcom.py
[2023-05-22T19:48:18.428+0000] {logging_mixin.py:120} INFO - [2023-05-22T19:48:18.428+0000] {dag.py:2585} INFO - Sync 1 DAGs
[2023-05-22T19:48:18.446+0000] {logging_mixin.py:120} INFO - [2023-05-22T19:48:18.446+0000] {dag.py:3340} INFO - Setting next_dagrun for example_xcom to 2021-01-01T00:00:00+00:00, run_after=2021-01-01T00:00:00+00:00
[2023-05-22T19:48:18.462+0000] {processor.py:176} INFO - Processing /home/airflow/.local/lib/python3.7/site-packages/airflow/example_dags/example_xcom.py took 0.089 seconds
[2023-05-22T19:48:48.872+0000] {processor.py:154} INFO - Started process (PID=2018) to work on /home/airflow/.local/lib/python3.7/site-packages/airflow/example_dags/example_xcom.py
[2023-05-22T19:48:48.874+0000] {processor.py:756} INFO - Processing file /home/airflow/.local/lib/python3.7/site-packages/airflow/example_dags/example_xcom.py for tasks to queue
[2023-05-22T19:48:48.874+0000] {logging_mixin.py:120} INFO - [2023-05-22T19:48:48.874+0000] {dagbag.py:537} INFO - Filling up the DagBag from /home/airflow/.local/lib/python3.7/site-packages/airflow/example_dags/example_xcom.py
[2023-05-22T19:48:48.891+0000] {processor.py:766} INFO - DAG(s) dict_keys(['example_xcom']) retrieved from /home/airflow/.local/lib/python3.7/site-packages/airflow/example_dags/example_xcom.py
[2023-05-22T19:48:48.923+0000] {logging_mixin.py:120} INFO - [2023-05-22T19:48:48.923+0000] {dag.py:2585} INFO - Sync 1 DAGs
[2023-05-22T19:48:48.939+0000] {logging_mixin.py:120} INFO - [2023-05-22T19:48:48.939+0000] {dag.py:3340} INFO - Setting next_dagrun for example_xcom to 2021-01-01T00:00:00+00:00, run_after=2021-01-01T00:00:00+00:00
[2023-05-22T19:48:48.950+0000] {processor.py:176} INFO - Processing /home/airflow/.local/lib/python3.7/site-packages/airflow/example_dags/example_xcom.py took 0.082 seconds
[2023-05-22T19:49:19.421+0000] {processor.py:154} INFO - Started process (PID=2081) to work on /home/airflow/.local/lib/python3.7/site-packages/airflow/example_dags/example_xcom.py
[2023-05-22T19:49:19.423+0000] {processor.py:756} INFO - Processing file /home/airflow/.local/lib/python3.7/site-packages/airflow/example_dags/example_xcom.py for tasks to queue
[2023-05-22T19:49:19.424+0000] {logging_mixin.py:120} INFO - [2023-05-22T19:49:19.424+0000] {dagbag.py:537} INFO - Filling up the DagBag from /home/airflow/.local/lib/python3.7/site-packages/airflow/example_dags/example_xcom.py
[2023-05-22T19:49:19.442+0000] {processor.py:766} INFO - DAG(s) dict_keys(['example_xcom']) retrieved from /home/airflow/.local/lib/python3.7/site-packages/airflow/example_dags/example_xcom.py
[2023-05-22T19:49:19.473+0000] {logging_mixin.py:120} INFO - [2023-05-22T19:49:19.473+0000] {dag.py:2585} INFO - Sync 1 DAGs
[2023-05-22T19:49:19.488+0000] {logging_mixin.py:120} INFO - [2023-05-22T19:49:19.488+0000] {dag.py:3340} INFO - Setting next_dagrun for example_xcom to 2021-01-01T00:00:00+00:00, run_after=2021-01-01T00:00:00+00:00
[2023-05-22T19:49:19.501+0000] {processor.py:176} INFO - Processing /home/airflow/.local/lib/python3.7/site-packages/airflow/example_dags/example_xcom.py took 0.083 seconds
[2023-05-22T19:49:50.102+0000] {processor.py:154} INFO - Started process (PID=2144) to work on /home/airflow/.local/lib/python3.7/site-packages/airflow/example_dags/example_xcom.py
[2023-05-22T19:49:50.104+0000] {processor.py:756} INFO - Processing file /home/airflow/.local/lib/python3.7/site-packages/airflow/example_dags/example_xcom.py for tasks to queue
[2023-05-22T19:49:50.105+0000] {logging_mixin.py:120} INFO - [2023-05-22T19:49:50.105+0000] {dagbag.py:537} INFO - Filling up the DagBag from /home/airflow/.local/lib/python3.7/site-packages/airflow/example_dags/example_xcom.py
[2023-05-22T19:49:50.122+0000] {processor.py:766} INFO - DAG(s) dict_keys(['example_xcom']) retrieved from /home/airflow/.local/lib/python3.7/site-packages/airflow/example_dags/example_xcom.py
[2023-05-22T19:49:50.153+0000] {logging_mixin.py:120} INFO - [2023-05-22T19:49:50.153+0000] {dag.py:2585} INFO - Sync 1 DAGs
[2023-05-22T19:49:50.169+0000] {logging_mixin.py:120} INFO - [2023-05-22T19:49:50.169+0000] {dag.py:3340} INFO - Setting next_dagrun for example_xcom to 2021-01-01T00:00:00+00:00, run_after=2021-01-01T00:00:00+00:00
[2023-05-22T19:49:50.184+0000] {processor.py:176} INFO - Processing /home/airflow/.local/lib/python3.7/site-packages/airflow/example_dags/example_xcom.py took 0.084 seconds
[2023-05-22T19:50:20.695+0000] {processor.py:154} INFO - Started process (PID=2199) to work on /home/airflow/.local/lib/python3.7/site-packages/airflow/example_dags/example_xcom.py
[2023-05-22T19:50:20.697+0000] {processor.py:756} INFO - Processing file /home/airflow/.local/lib/python3.7/site-packages/airflow/example_dags/example_xcom.py for tasks to queue
[2023-05-22T19:50:20.697+0000] {logging_mixin.py:120} INFO - [2023-05-22T19:50:20.697+0000] {dagbag.py:537} INFO - Filling up the DagBag from /home/airflow/.local/lib/python3.7/site-packages/airflow/example_dags/example_xcom.py
[2023-05-22T19:50:20.713+0000] {processor.py:766} INFO - DAG(s) dict_keys(['example_xcom']) retrieved from /home/airflow/.local/lib/python3.7/site-packages/airflow/example_dags/example_xcom.py
[2023-05-22T19:50:20.745+0000] {logging_mixin.py:120} INFO - [2023-05-22T19:50:20.745+0000] {dag.py:2585} INFO - Sync 1 DAGs
[2023-05-22T19:50:20.761+0000] {logging_mixin.py:120} INFO - [2023-05-22T19:50:20.761+0000] {dag.py:3340} INFO - Setting next_dagrun for example_xcom to 2021-01-01T00:00:00+00:00, run_after=2021-01-01T00:00:00+00:00
[2023-05-22T19:50:20.774+0000] {processor.py:176} INFO - Processing /home/airflow/.local/lib/python3.7/site-packages/airflow/example_dags/example_xcom.py took 0.081 seconds
[2023-05-22T19:50:51.517+0000] {processor.py:154} INFO - Started process (PID=2261) to work on /home/airflow/.local/lib/python3.7/site-packages/airflow/example_dags/example_xcom.py
[2023-05-22T19:50:51.518+0000] {processor.py:756} INFO - Processing file /home/airflow/.local/lib/python3.7/site-packages/airflow/example_dags/example_xcom.py for tasks to queue
[2023-05-22T19:50:51.519+0000] {logging_mixin.py:120} INFO - [2023-05-22T19:50:51.519+0000] {dagbag.py:537} INFO - Filling up the DagBag from /home/airflow/.local/lib/python3.7/site-packages/airflow/example_dags/example_xcom.py
[2023-05-22T19:50:51.536+0000] {processor.py:766} INFO - DAG(s) dict_keys(['example_xcom']) retrieved from /home/airflow/.local/lib/python3.7/site-packages/airflow/example_dags/example_xcom.py
[2023-05-22T19:50:51.566+0000] {logging_mixin.py:120} INFO - [2023-05-22T19:50:51.566+0000] {dag.py:2585} INFO - Sync 1 DAGs
[2023-05-22T19:50:51.582+0000] {logging_mixin.py:120} INFO - [2023-05-22T19:50:51.582+0000] {dag.py:3340} INFO - Setting next_dagrun for example_xcom to 2021-01-01T00:00:00+00:00, run_after=2021-01-01T00:00:00+00:00
[2023-05-22T19:50:51.593+0000] {processor.py:176} INFO - Processing /home/airflow/.local/lib/python3.7/site-packages/airflow/example_dags/example_xcom.py took 0.080 seconds
[2023-05-22T19:51:22.291+0000] {processor.py:154} INFO - Started process (PID=2324) to work on /home/airflow/.local/lib/python3.7/site-packages/airflow/example_dags/example_xcom.py
[2023-05-22T19:51:22.293+0000] {processor.py:756} INFO - Processing file /home/airflow/.local/lib/python3.7/site-packages/airflow/example_dags/example_xcom.py for tasks to queue
[2023-05-22T19:51:22.293+0000] {logging_mixin.py:120} INFO - [2023-05-22T19:51:22.293+0000] {dagbag.py:537} INFO - Filling up the DagBag from /home/airflow/.local/lib/python3.7/site-packages/airflow/example_dags/example_xcom.py
[2023-05-22T19:51:22.310+0000] {processor.py:766} INFO - DAG(s) dict_keys(['example_xcom']) retrieved from /home/airflow/.local/lib/python3.7/site-packages/airflow/example_dags/example_xcom.py
[2023-05-22T19:51:22.342+0000] {logging_mixin.py:120} INFO - [2023-05-22T19:51:22.342+0000] {dag.py:2585} INFO - Sync 1 DAGs
[2023-05-22T19:51:22.357+0000] {logging_mixin.py:120} INFO - [2023-05-22T19:51:22.357+0000] {dag.py:3340} INFO - Setting next_dagrun for example_xcom to 2021-01-01T00:00:00+00:00, run_after=2021-01-01T00:00:00+00:00
[2023-05-22T19:51:22.370+0000] {processor.py:176} INFO - Processing /home/airflow/.local/lib/python3.7/site-packages/airflow/example_dags/example_xcom.py took 0.081 seconds
[2023-05-22T19:51:52.745+0000] {processor.py:154} INFO - Started process (PID=2387) to work on /home/airflow/.local/lib/python3.7/site-packages/airflow/example_dags/example_xcom.py
[2023-05-22T19:51:52.747+0000] {processor.py:756} INFO - Processing file /home/airflow/.local/lib/python3.7/site-packages/airflow/example_dags/example_xcom.py for tasks to queue
[2023-05-22T19:51:52.747+0000] {logging_mixin.py:120} INFO - [2023-05-22T19:51:52.747+0000] {dagbag.py:537} INFO - Filling up the DagBag from /home/airflow/.local/lib/python3.7/site-packages/airflow/example_dags/example_xcom.py
[2023-05-22T19:51:52.763+0000] {processor.py:766} INFO - DAG(s) dict_keys(['example_xcom']) retrieved from /home/airflow/.local/lib/python3.7/site-packages/airflow/example_dags/example_xcom.py
[2023-05-22T19:51:52.793+0000] {logging_mixin.py:120} INFO - [2023-05-22T19:51:52.793+0000] {dag.py:2585} INFO - Sync 1 DAGs
[2023-05-22T19:51:52.809+0000] {logging_mixin.py:120} INFO - [2023-05-22T19:51:52.809+0000] {dag.py:3340} INFO - Setting next_dagrun for example_xcom to 2021-01-01T00:00:00+00:00, run_after=2021-01-01T00:00:00+00:00
[2023-05-22T19:51:52.821+0000] {processor.py:176} INFO - Processing /home/airflow/.local/lib/python3.7/site-packages/airflow/example_dags/example_xcom.py took 0.079 seconds
[2023-05-22T19:52:23.302+0000] {processor.py:154} INFO - Started process (PID=2450) to work on /home/airflow/.local/lib/python3.7/site-packages/airflow/example_dags/example_xcom.py
[2023-05-22T19:52:23.303+0000] {processor.py:756} INFO - Processing file /home/airflow/.local/lib/python3.7/site-packages/airflow/example_dags/example_xcom.py for tasks to queue
[2023-05-22T19:52:23.304+0000] {logging_mixin.py:120} INFO - [2023-05-22T19:52:23.304+0000] {dagbag.py:537} INFO - Filling up the DagBag from /home/airflow/.local/lib/python3.7/site-packages/airflow/example_dags/example_xcom.py
[2023-05-22T19:52:23.320+0000] {processor.py:766} INFO - DAG(s) dict_keys(['example_xcom']) retrieved from /home/airflow/.local/lib/python3.7/site-packages/airflow/example_dags/example_xcom.py
[2023-05-22T19:52:23.350+0000] {logging_mixin.py:120} INFO - [2023-05-22T19:52:23.350+0000] {dag.py:2585} INFO - Sync 1 DAGs
[2023-05-22T19:52:23.367+0000] {logging_mixin.py:120} INFO - [2023-05-22T19:52:23.367+0000] {dag.py:3340} INFO - Setting next_dagrun for example_xcom to 2021-01-01T00:00:00+00:00, run_after=2021-01-01T00:00:00+00:00
[2023-05-22T19:52:23.378+0000] {processor.py:176} INFO - Processing /home/airflow/.local/lib/python3.7/site-packages/airflow/example_dags/example_xcom.py took 0.079 seconds
[2023-05-22T19:52:53.833+0000] {processor.py:154} INFO - Started process (PID=2515) to work on /home/airflow/.local/lib/python3.7/site-packages/airflow/example_dags/example_xcom.py
[2023-05-22T19:52:53.834+0000] {processor.py:756} INFO - Processing file /home/airflow/.local/lib/python3.7/site-packages/airflow/example_dags/example_xcom.py for tasks to queue
[2023-05-22T19:52:53.835+0000] {logging_mixin.py:120} INFO - [2023-05-22T19:52:53.835+0000] {dagbag.py:537} INFO - Filling up the DagBag from /home/airflow/.local/lib/python3.7/site-packages/airflow/example_dags/example_xcom.py
[2023-05-22T19:52:53.851+0000] {processor.py:766} INFO - DAG(s) dict_keys(['example_xcom']) retrieved from /home/airflow/.local/lib/python3.7/site-packages/airflow/example_dags/example_xcom.py
[2023-05-22T19:52:53.883+0000] {logging_mixin.py:120} INFO - [2023-05-22T19:52:53.883+0000] {dag.py:2585} INFO - Sync 1 DAGs
[2023-05-22T19:52:53.900+0000] {logging_mixin.py:120} INFO - [2023-05-22T19:52:53.900+0000] {dag.py:3340} INFO - Setting next_dagrun for example_xcom to 2021-01-01T00:00:00+00:00, run_after=2021-01-01T00:00:00+00:00
[2023-05-22T19:52:53.913+0000] {processor.py:176} INFO - Processing /home/airflow/.local/lib/python3.7/site-packages/airflow/example_dags/example_xcom.py took 0.082 seconds
[2023-05-22T19:53:24.362+0000] {processor.py:154} INFO - Started process (PID=2569) to work on /home/airflow/.local/lib/python3.7/site-packages/airflow/example_dags/example_xcom.py
[2023-05-22T19:53:24.364+0000] {processor.py:756} INFO - Processing file /home/airflow/.local/lib/python3.7/site-packages/airflow/example_dags/example_xcom.py for tasks to queue
[2023-05-22T19:53:24.365+0000] {logging_mixin.py:120} INFO - [2023-05-22T19:53:24.364+0000] {dagbag.py:537} INFO - Filling up the DagBag from /home/airflow/.local/lib/python3.7/site-packages/airflow/example_dags/example_xcom.py
[2023-05-22T19:53:24.382+0000] {processor.py:766} INFO - DAG(s) dict_keys(['example_xcom']) retrieved from /home/airflow/.local/lib/python3.7/site-packages/airflow/example_dags/example_xcom.py
[2023-05-22T19:53:24.413+0000] {logging_mixin.py:120} INFO - [2023-05-22T19:53:24.413+0000] {dag.py:2585} INFO - Sync 1 DAGs
[2023-05-22T19:53:24.429+0000] {logging_mixin.py:120} INFO - [2023-05-22T19:53:24.429+0000] {dag.py:3340} INFO - Setting next_dagrun for example_xcom to 2021-01-01T00:00:00+00:00, run_after=2021-01-01T00:00:00+00:00
[2023-05-22T19:53:24.443+0000] {processor.py:176} INFO - Processing /home/airflow/.local/lib/python3.7/site-packages/airflow/example_dags/example_xcom.py took 0.083 seconds
[2023-05-22T19:53:54.958+0000] {processor.py:154} INFO - Started process (PID=2631) to work on /home/airflow/.local/lib/python3.7/site-packages/airflow/example_dags/example_xcom.py
[2023-05-22T19:53:54.960+0000] {processor.py:756} INFO - Processing file /home/airflow/.local/lib/python3.7/site-packages/airflow/example_dags/example_xcom.py for tasks to queue
[2023-05-22T19:53:54.960+0000] {logging_mixin.py:120} INFO - [2023-05-22T19:53:54.960+0000] {dagbag.py:537} INFO - Filling up the DagBag from /home/airflow/.local/lib/python3.7/site-packages/airflow/example_dags/example_xcom.py
[2023-05-22T19:53:54.976+0000] {processor.py:766} INFO - DAG(s) dict_keys(['example_xcom']) retrieved from /home/airflow/.local/lib/python3.7/site-packages/airflow/example_dags/example_xcom.py
[2023-05-22T19:53:55.006+0000] {logging_mixin.py:120} INFO - [2023-05-22T19:53:55.006+0000] {dag.py:2585} INFO - Sync 1 DAGs
[2023-05-22T19:53:55.022+0000] {logging_mixin.py:120} INFO - [2023-05-22T19:53:55.022+0000] {dag.py:3340} INFO - Setting next_dagrun for example_xcom to 2021-01-01T00:00:00+00:00, run_after=2021-01-01T00:00:00+00:00
[2023-05-22T19:53:55.034+0000] {processor.py:176} INFO - Processing /home/airflow/.local/lib/python3.7/site-packages/airflow/example_dags/example_xcom.py took 0.079 seconds
[2023-05-22T19:54:25.541+0000] {processor.py:154} INFO - Started process (PID=2694) to work on /home/airflow/.local/lib/python3.7/site-packages/airflow/example_dags/example_xcom.py
[2023-05-22T19:54:25.542+0000] {processor.py:756} INFO - Processing file /home/airflow/.local/lib/python3.7/site-packages/airflow/example_dags/example_xcom.py for tasks to queue
[2023-05-22T19:54:25.543+0000] {logging_mixin.py:120} INFO - [2023-05-22T19:54:25.543+0000] {dagbag.py:537} INFO - Filling up the DagBag from /home/airflow/.local/lib/python3.7/site-packages/airflow/example_dags/example_xcom.py
[2023-05-22T19:54:25.559+0000] {processor.py:766} INFO - DAG(s) dict_keys(['example_xcom']) retrieved from /home/airflow/.local/lib/python3.7/site-packages/airflow/example_dags/example_xcom.py
[2023-05-22T19:54:25.590+0000] {logging_mixin.py:120} INFO - [2023-05-22T19:54:25.590+0000] {dag.py:2585} INFO - Sync 1 DAGs
[2023-05-22T19:54:25.606+0000] {logging_mixin.py:120} INFO - [2023-05-22T19:54:25.606+0000] {dag.py:3340} INFO - Setting next_dagrun for example_xcom to 2021-01-01T00:00:00+00:00, run_after=2021-01-01T00:00:00+00:00
[2023-05-22T19:54:25.621+0000] {processor.py:176} INFO - Processing /home/airflow/.local/lib/python3.7/site-packages/airflow/example_dags/example_xcom.py took 0.083 seconds
[2023-05-22T19:54:56.202+0000] {processor.py:154} INFO - Started process (PID=2757) to work on /home/airflow/.local/lib/python3.7/site-packages/airflow/example_dags/example_xcom.py
[2023-05-22T19:54:56.203+0000] {processor.py:756} INFO - Processing file /home/airflow/.local/lib/python3.7/site-packages/airflow/example_dags/example_xcom.py for tasks to queue
[2023-05-22T19:54:56.204+0000] {logging_mixin.py:120} INFO - [2023-05-22T19:54:56.204+0000] {dagbag.py:537} INFO - Filling up the DagBag from /home/airflow/.local/lib/python3.7/site-packages/airflow/example_dags/example_xcom.py
[2023-05-22T19:54:56.221+0000] {processor.py:766} INFO - DAG(s) dict_keys(['example_xcom']) retrieved from /home/airflow/.local/lib/python3.7/site-packages/airflow/example_dags/example_xcom.py
[2023-05-22T19:54:56.255+0000] {logging_mixin.py:120} INFO - [2023-05-22T19:54:56.255+0000] {dag.py:2585} INFO - Sync 1 DAGs
[2023-05-22T19:54:56.271+0000] {logging_mixin.py:120} INFO - [2023-05-22T19:54:56.271+0000] {dag.py:3340} INFO - Setting next_dagrun for example_xcom to 2021-01-01T00:00:00+00:00, run_after=2021-01-01T00:00:00+00:00
[2023-05-22T19:54:56.284+0000] {processor.py:176} INFO - Processing /home/airflow/.local/lib/python3.7/site-packages/airflow/example_dags/example_xcom.py took 0.085 seconds
[2023-05-22T19:55:27.003+0000] {processor.py:154} INFO - Started process (PID=2819) to work on /home/airflow/.local/lib/python3.7/site-packages/airflow/example_dags/example_xcom.py
[2023-05-22T19:55:27.005+0000] {processor.py:756} INFO - Processing file /home/airflow/.local/lib/python3.7/site-packages/airflow/example_dags/example_xcom.py for tasks to queue
[2023-05-22T19:55:27.006+0000] {logging_mixin.py:120} INFO - [2023-05-22T19:55:27.005+0000] {dagbag.py:537} INFO - Filling up the DagBag from /home/airflow/.local/lib/python3.7/site-packages/airflow/example_dags/example_xcom.py
[2023-05-22T19:55:27.022+0000] {processor.py:766} INFO - DAG(s) dict_keys(['example_xcom']) retrieved from /home/airflow/.local/lib/python3.7/site-packages/airflow/example_dags/example_xcom.py
[2023-05-22T19:55:27.052+0000] {logging_mixin.py:120} INFO - [2023-05-22T19:55:27.052+0000] {dag.py:2585} INFO - Sync 1 DAGs
[2023-05-22T19:55:27.069+0000] {logging_mixin.py:120} INFO - [2023-05-22T19:55:27.069+0000] {dag.py:3340} INFO - Setting next_dagrun for example_xcom to 2021-01-01T00:00:00+00:00, run_after=2021-01-01T00:00:00+00:00
[2023-05-22T19:55:27.082+0000] {processor.py:176} INFO - Processing /home/airflow/.local/lib/python3.7/site-packages/airflow/example_dags/example_xcom.py took 0.082 seconds
[2023-05-22T19:55:57.604+0000] {processor.py:154} INFO - Started process (PID=2883) to work on /home/airflow/.local/lib/python3.7/site-packages/airflow/example_dags/example_xcom.py
[2023-05-22T19:55:57.605+0000] {processor.py:756} INFO - Processing file /home/airflow/.local/lib/python3.7/site-packages/airflow/example_dags/example_xcom.py for tasks to queue
[2023-05-22T19:55:57.606+0000] {logging_mixin.py:120} INFO - [2023-05-22T19:55:57.606+0000] {dagbag.py:537} INFO - Filling up the DagBag from /home/airflow/.local/lib/python3.7/site-packages/airflow/example_dags/example_xcom.py
[2023-05-22T19:55:57.623+0000] {processor.py:766} INFO - DAG(s) dict_keys(['example_xcom']) retrieved from /home/airflow/.local/lib/python3.7/site-packages/airflow/example_dags/example_xcom.py
[2023-05-22T19:55:57.653+0000] {logging_mixin.py:120} INFO - [2023-05-22T19:55:57.653+0000] {dag.py:2585} INFO - Sync 1 DAGs
[2023-05-22T19:55:57.669+0000] {logging_mixin.py:120} INFO - [2023-05-22T19:55:57.669+0000] {dag.py:3340} INFO - Setting next_dagrun for example_xcom to 2021-01-01T00:00:00+00:00, run_after=2021-01-01T00:00:00+00:00
[2023-05-22T19:55:57.681+0000] {processor.py:176} INFO - Processing /home/airflow/.local/lib/python3.7/site-packages/airflow/example_dags/example_xcom.py took 0.080 seconds
[2023-05-22T19:56:28.212+0000] {processor.py:154} INFO - Started process (PID=2945) to work on /home/airflow/.local/lib/python3.7/site-packages/airflow/example_dags/example_xcom.py
[2023-05-22T19:56:28.214+0000] {processor.py:756} INFO - Processing file /home/airflow/.local/lib/python3.7/site-packages/airflow/example_dags/example_xcom.py for tasks to queue
[2023-05-22T19:56:28.215+0000] {logging_mixin.py:120} INFO - [2023-05-22T19:56:28.215+0000] {dagbag.py:537} INFO - Filling up the DagBag from /home/airflow/.local/lib/python3.7/site-packages/airflow/example_dags/example_xcom.py
[2023-05-22T19:56:28.241+0000] {processor.py:766} INFO - DAG(s) dict_keys(['example_xcom']) retrieved from /home/airflow/.local/lib/python3.7/site-packages/airflow/example_dags/example_xcom.py
[2023-05-22T19:56:28.287+0000] {logging_mixin.py:120} INFO - [2023-05-22T19:56:28.287+0000] {dag.py:2585} INFO - Sync 1 DAGs
[2023-05-22T19:56:28.307+0000] {logging_mixin.py:120} INFO - [2023-05-22T19:56:28.307+0000] {dag.py:3340} INFO - Setting next_dagrun for example_xcom to 2021-01-01T00:00:00+00:00, run_after=2021-01-01T00:00:00+00:00
[2023-05-22T19:56:28.328+0000] {processor.py:176} INFO - Processing /home/airflow/.local/lib/python3.7/site-packages/airflow/example_dags/example_xcom.py took 0.119 seconds
[2023-05-22T19:56:59.250+0000] {processor.py:154} INFO - Started process (PID=3000) to work on /home/airflow/.local/lib/python3.7/site-packages/airflow/example_dags/example_xcom.py
[2023-05-22T19:56:59.251+0000] {processor.py:756} INFO - Processing file /home/airflow/.local/lib/python3.7/site-packages/airflow/example_dags/example_xcom.py for tasks to queue
[2023-05-22T19:56:59.252+0000] {logging_mixin.py:120} INFO - [2023-05-22T19:56:59.252+0000] {dagbag.py:537} INFO - Filling up the DagBag from /home/airflow/.local/lib/python3.7/site-packages/airflow/example_dags/example_xcom.py
[2023-05-22T19:56:59.267+0000] {processor.py:766} INFO - DAG(s) dict_keys(['example_xcom']) retrieved from /home/airflow/.local/lib/python3.7/site-packages/airflow/example_dags/example_xcom.py
[2023-05-22T19:56:59.297+0000] {logging_mixin.py:120} INFO - [2023-05-22T19:56:59.297+0000] {dag.py:2585} INFO - Sync 1 DAGs
[2023-05-22T19:56:59.315+0000] {logging_mixin.py:120} INFO - [2023-05-22T19:56:59.315+0000] {dag.py:3340} INFO - Setting next_dagrun for example_xcom to 2021-01-01T00:00:00+00:00, run_after=2021-01-01T00:00:00+00:00
[2023-05-22T19:56:59.327+0000] {processor.py:176} INFO - Processing /home/airflow/.local/lib/python3.7/site-packages/airflow/example_dags/example_xcom.py took 0.080 seconds
[2023-05-22T19:57:30.029+0000] {processor.py:154} INFO - Started process (PID=3064) to work on /home/airflow/.local/lib/python3.7/site-packages/airflow/example_dags/example_xcom.py
[2023-05-22T19:57:30.030+0000] {processor.py:756} INFO - Processing file /home/airflow/.local/lib/python3.7/site-packages/airflow/example_dags/example_xcom.py for tasks to queue
[2023-05-22T19:57:30.031+0000] {logging_mixin.py:120} INFO - [2023-05-22T19:57:30.031+0000] {dagbag.py:537} INFO - Filling up the DagBag from /home/airflow/.local/lib/python3.7/site-packages/airflow/example_dags/example_xcom.py
[2023-05-22T19:57:30.047+0000] {processor.py:766} INFO - DAG(s) dict_keys(['example_xcom']) retrieved from /home/airflow/.local/lib/python3.7/site-packages/airflow/example_dags/example_xcom.py
[2023-05-22T19:57:30.079+0000] {logging_mixin.py:120} INFO - [2023-05-22T19:57:30.079+0000] {dag.py:2585} INFO - Sync 1 DAGs
[2023-05-22T19:57:30.097+0000] {logging_mixin.py:120} INFO - [2023-05-22T19:57:30.097+0000] {dag.py:3340} INFO - Setting next_dagrun for example_xcom to 2021-01-01T00:00:00+00:00, run_after=2021-01-01T00:00:00+00:00
[2023-05-22T19:57:30.115+0000] {processor.py:176} INFO - Processing /home/airflow/.local/lib/python3.7/site-packages/airflow/example_dags/example_xcom.py took 0.089 seconds
[2023-05-22T20:18:16.351+0000] {processor.py:154} INFO - Started process (PID=3109) to work on /home/airflow/.local/lib/python3.7/site-packages/airflow/example_dags/example_xcom.py
[2023-05-22T20:18:16.352+0000] {processor.py:756} INFO - Processing file /home/airflow/.local/lib/python3.7/site-packages/airflow/example_dags/example_xcom.py for tasks to queue
[2023-05-22T20:18:16.353+0000] {logging_mixin.py:120} INFO - [2023-05-22T20:18:16.353+0000] {dagbag.py:537} INFO - Filling up the DagBag from /home/airflow/.local/lib/python3.7/site-packages/airflow/example_dags/example_xcom.py
[2023-05-22T20:18:16.373+0000] {processor.py:766} INFO - DAG(s) dict_keys(['example_xcom']) retrieved from /home/airflow/.local/lib/python3.7/site-packages/airflow/example_dags/example_xcom.py
[2023-05-22T20:18:16.413+0000] {logging_mixin.py:120} INFO - [2023-05-22T20:18:16.413+0000] {dag.py:2585} INFO - Sync 1 DAGs
[2023-05-22T20:18:16.431+0000] {logging_mixin.py:120} INFO - [2023-05-22T20:18:16.431+0000] {dag.py:3340} INFO - Setting next_dagrun for example_xcom to 2021-01-01T00:00:00+00:00, run_after=2021-01-01T00:00:00+00:00
[2023-05-22T20:18:16.443+0000] {processor.py:176} INFO - Processing /home/airflow/.local/lib/python3.7/site-packages/airflow/example_dags/example_xcom.py took 0.095 seconds
[2023-05-22T20:18:46.804+0000] {processor.py:154} INFO - Started process (PID=3173) to work on /home/airflow/.local/lib/python3.7/site-packages/airflow/example_dags/example_xcom.py
[2023-05-22T20:18:46.805+0000] {processor.py:756} INFO - Processing file /home/airflow/.local/lib/python3.7/site-packages/airflow/example_dags/example_xcom.py for tasks to queue
[2023-05-22T20:18:46.806+0000] {logging_mixin.py:120} INFO - [2023-05-22T20:18:46.806+0000] {dagbag.py:537} INFO - Filling up the DagBag from /home/airflow/.local/lib/python3.7/site-packages/airflow/example_dags/example_xcom.py
[2023-05-22T20:18:46.822+0000] {processor.py:766} INFO - DAG(s) dict_keys(['example_xcom']) retrieved from /home/airflow/.local/lib/python3.7/site-packages/airflow/example_dags/example_xcom.py
[2023-05-22T20:18:46.853+0000] {logging_mixin.py:120} INFO - [2023-05-22T20:18:46.853+0000] {dag.py:2585} INFO - Sync 1 DAGs
[2023-05-22T20:18:46.869+0000] {logging_mixin.py:120} INFO - [2023-05-22T20:18:46.869+0000] {dag.py:3340} INFO - Setting next_dagrun for example_xcom to 2021-01-01T00:00:00+00:00, run_after=2021-01-01T00:00:00+00:00
[2023-05-22T20:18:46.888+0000] {processor.py:176} INFO - Processing /home/airflow/.local/lib/python3.7/site-packages/airflow/example_dags/example_xcom.py took 0.087 seconds
[2023-05-22T20:19:17.651+0000] {processor.py:154} INFO - Started process (PID=3236) to work on /home/airflow/.local/lib/python3.7/site-packages/airflow/example_dags/example_xcom.py
[2023-05-22T20:19:17.652+0000] {processor.py:756} INFO - Processing file /home/airflow/.local/lib/python3.7/site-packages/airflow/example_dags/example_xcom.py for tasks to queue
[2023-05-22T20:19:17.653+0000] {logging_mixin.py:120} INFO - [2023-05-22T20:19:17.653+0000] {dagbag.py:537} INFO - Filling up the DagBag from /home/airflow/.local/lib/python3.7/site-packages/airflow/example_dags/example_xcom.py
[2023-05-22T20:19:17.671+0000] {processor.py:766} INFO - DAG(s) dict_keys(['example_xcom']) retrieved from /home/airflow/.local/lib/python3.7/site-packages/airflow/example_dags/example_xcom.py
[2023-05-22T20:19:17.706+0000] {logging_mixin.py:120} INFO - [2023-05-22T20:19:17.706+0000] {dag.py:2585} INFO - Sync 1 DAGs
[2023-05-22T20:19:17.724+0000] {logging_mixin.py:120} INFO - [2023-05-22T20:19:17.724+0000] {dag.py:3340} INFO - Setting next_dagrun for example_xcom to 2021-01-01T00:00:00+00:00, run_after=2021-01-01T00:00:00+00:00
[2023-05-22T20:19:17.738+0000] {processor.py:176} INFO - Processing /home/airflow/.local/lib/python3.7/site-packages/airflow/example_dags/example_xcom.py took 0.091 seconds
[2023-05-22T20:19:48.438+0000] {processor.py:154} INFO - Started process (PID=3299) to work on /home/airflow/.local/lib/python3.7/site-packages/airflow/example_dags/example_xcom.py
[2023-05-22T20:19:48.439+0000] {processor.py:756} INFO - Processing file /home/airflow/.local/lib/python3.7/site-packages/airflow/example_dags/example_xcom.py for tasks to queue
[2023-05-22T20:19:48.440+0000] {logging_mixin.py:120} INFO - [2023-05-22T20:19:48.440+0000] {dagbag.py:537} INFO - Filling up the DagBag from /home/airflow/.local/lib/python3.7/site-packages/airflow/example_dags/example_xcom.py
[2023-05-22T20:19:48.457+0000] {processor.py:766} INFO - DAG(s) dict_keys(['example_xcom']) retrieved from /home/airflow/.local/lib/python3.7/site-packages/airflow/example_dags/example_xcom.py
[2023-05-22T20:19:48.486+0000] {logging_mixin.py:120} INFO - [2023-05-22T20:19:48.486+0000] {dag.py:2585} INFO - Sync 1 DAGs
[2023-05-22T20:19:48.502+0000] {logging_mixin.py:120} INFO - [2023-05-22T20:19:48.502+0000] {dag.py:3340} INFO - Setting next_dagrun for example_xcom to 2021-01-01T00:00:00+00:00, run_after=2021-01-01T00:00:00+00:00
[2023-05-22T20:19:48.515+0000] {processor.py:176} INFO - Processing /home/airflow/.local/lib/python3.7/site-packages/airflow/example_dags/example_xcom.py took 0.080 seconds
[2023-05-22T20:20:19.187+0000] {processor.py:154} INFO - Started process (PID=3363) to work on /home/airflow/.local/lib/python3.7/site-packages/airflow/example_dags/example_xcom.py
[2023-05-22T20:20:19.188+0000] {processor.py:756} INFO - Processing file /home/airflow/.local/lib/python3.7/site-packages/airflow/example_dags/example_xcom.py for tasks to queue
[2023-05-22T20:20:19.189+0000] {logging_mixin.py:120} INFO - [2023-05-22T20:20:19.189+0000] {dagbag.py:537} INFO - Filling up the DagBag from /home/airflow/.local/lib/python3.7/site-packages/airflow/example_dags/example_xcom.py
[2023-05-22T20:20:19.205+0000] {processor.py:766} INFO - DAG(s) dict_keys(['example_xcom']) retrieved from /home/airflow/.local/lib/python3.7/site-packages/airflow/example_dags/example_xcom.py
[2023-05-22T20:20:19.256+0000] {logging_mixin.py:120} INFO - [2023-05-22T20:20:19.256+0000] {dag.py:2585} INFO - Sync 1 DAGs
[2023-05-22T20:20:19.286+0000] {logging_mixin.py:120} INFO - [2023-05-22T20:20:19.286+0000] {dag.py:3340} INFO - Setting next_dagrun for example_xcom to 2021-01-01T00:00:00+00:00, run_after=2021-01-01T00:00:00+00:00
[2023-05-22T20:20:19.318+0000] {processor.py:176} INFO - Processing /home/airflow/.local/lib/python3.7/site-packages/airflow/example_dags/example_xcom.py took 0.135 seconds
[2023-05-22T20:20:50.109+0000] {processor.py:154} INFO - Started process (PID=3416) to work on /home/airflow/.local/lib/python3.7/site-packages/airflow/example_dags/example_xcom.py
[2023-05-22T20:20:50.110+0000] {processor.py:756} INFO - Processing file /home/airflow/.local/lib/python3.7/site-packages/airflow/example_dags/example_xcom.py for tasks to queue
[2023-05-22T20:20:50.111+0000] {logging_mixin.py:120} INFO - [2023-05-22T20:20:50.111+0000] {dagbag.py:537} INFO - Filling up the DagBag from /home/airflow/.local/lib/python3.7/site-packages/airflow/example_dags/example_xcom.py
[2023-05-22T20:20:50.128+0000] {processor.py:766} INFO - DAG(s) dict_keys(['example_xcom']) retrieved from /home/airflow/.local/lib/python3.7/site-packages/airflow/example_dags/example_xcom.py
[2023-05-22T20:20:50.161+0000] {logging_mixin.py:120} INFO - [2023-05-22T20:20:50.161+0000] {dag.py:2585} INFO - Sync 1 DAGs
[2023-05-22T20:20:50.179+0000] {logging_mixin.py:120} INFO - [2023-05-22T20:20:50.179+0000] {dag.py:3340} INFO - Setting next_dagrun for example_xcom to 2021-01-01T00:00:00+00:00, run_after=2021-01-01T00:00:00+00:00
[2023-05-22T20:20:50.193+0000] {processor.py:176} INFO - Processing /home/airflow/.local/lib/python3.7/site-packages/airflow/example_dags/example_xcom.py took 0.086 seconds
[2023-05-22T20:21:21.012+0000] {processor.py:154} INFO - Started process (PID=3479) to work on /home/airflow/.local/lib/python3.7/site-packages/airflow/example_dags/example_xcom.py
[2023-05-22T20:21:21.013+0000] {processor.py:756} INFO - Processing file /home/airflow/.local/lib/python3.7/site-packages/airflow/example_dags/example_xcom.py for tasks to queue
[2023-05-22T20:21:21.014+0000] {logging_mixin.py:120} INFO - [2023-05-22T20:21:21.014+0000] {dagbag.py:537} INFO - Filling up the DagBag from /home/airflow/.local/lib/python3.7/site-packages/airflow/example_dags/example_xcom.py
[2023-05-22T20:21:21.031+0000] {processor.py:766} INFO - DAG(s) dict_keys(['example_xcom']) retrieved from /home/airflow/.local/lib/python3.7/site-packages/airflow/example_dags/example_xcom.py
[2023-05-22T20:21:21.064+0000] {logging_mixin.py:120} INFO - [2023-05-22T20:21:21.064+0000] {dag.py:2585} INFO - Sync 1 DAGs
[2023-05-22T20:21:21.080+0000] {logging_mixin.py:120} INFO - [2023-05-22T20:21:21.080+0000] {dag.py:3340} INFO - Setting next_dagrun for example_xcom to 2021-01-01T00:00:00+00:00, run_after=2021-01-01T00:00:00+00:00
[2023-05-22T20:21:21.091+0000] {processor.py:176} INFO - Processing /home/airflow/.local/lib/python3.7/site-packages/airflow/example_dags/example_xcom.py took 0.082 seconds
[2023-05-22T20:21:51.773+0000] {processor.py:154} INFO - Started process (PID=3541) to work on /home/airflow/.local/lib/python3.7/site-packages/airflow/example_dags/example_xcom.py
[2023-05-22T20:21:51.774+0000] {processor.py:756} INFO - Processing file /home/airflow/.local/lib/python3.7/site-packages/airflow/example_dags/example_xcom.py for tasks to queue
[2023-05-22T20:21:51.775+0000] {logging_mixin.py:120} INFO - [2023-05-22T20:21:51.775+0000] {dagbag.py:537} INFO - Filling up the DagBag from /home/airflow/.local/lib/python3.7/site-packages/airflow/example_dags/example_xcom.py
[2023-05-22T20:21:51.791+0000] {processor.py:766} INFO - DAG(s) dict_keys(['example_xcom']) retrieved from /home/airflow/.local/lib/python3.7/site-packages/airflow/example_dags/example_xcom.py
[2023-05-22T20:21:51.822+0000] {logging_mixin.py:120} INFO - [2023-05-22T20:21:51.822+0000] {dag.py:2585} INFO - Sync 1 DAGs
[2023-05-22T20:21:51.838+0000] {logging_mixin.py:120} INFO - [2023-05-22T20:21:51.837+0000] {dag.py:3340} INFO - Setting next_dagrun for example_xcom to 2021-01-01T00:00:00+00:00, run_after=2021-01-01T00:00:00+00:00
[2023-05-22T20:21:51.849+0000] {processor.py:176} INFO - Processing /home/airflow/.local/lib/python3.7/site-packages/airflow/example_dags/example_xcom.py took 0.078 seconds
[2023-05-22T20:22:22.468+0000] {processor.py:154} INFO - Started process (PID=3604) to work on /home/airflow/.local/lib/python3.7/site-packages/airflow/example_dags/example_xcom.py
[2023-05-22T20:22:22.469+0000] {processor.py:756} INFO - Processing file /home/airflow/.local/lib/python3.7/site-packages/airflow/example_dags/example_xcom.py for tasks to queue
[2023-05-22T20:22:22.470+0000] {logging_mixin.py:120} INFO - [2023-05-22T20:22:22.470+0000] {dagbag.py:537} INFO - Filling up the DagBag from /home/airflow/.local/lib/python3.7/site-packages/airflow/example_dags/example_xcom.py
[2023-05-22T20:22:22.488+0000] {processor.py:766} INFO - DAG(s) dict_keys(['example_xcom']) retrieved from /home/airflow/.local/lib/python3.7/site-packages/airflow/example_dags/example_xcom.py
[2023-05-22T20:22:22.521+0000] {logging_mixin.py:120} INFO - [2023-05-22T20:22:22.521+0000] {dag.py:2585} INFO - Sync 1 DAGs
[2023-05-22T20:22:22.540+0000] {logging_mixin.py:120} INFO - [2023-05-22T20:22:22.539+0000] {dag.py:3340} INFO - Setting next_dagrun for example_xcom to 2021-01-01T00:00:00+00:00, run_after=2021-01-01T00:00:00+00:00
[2023-05-22T20:22:22.552+0000] {processor.py:176} INFO - Processing /home/airflow/.local/lib/python3.7/site-packages/airflow/example_dags/example_xcom.py took 0.087 seconds
[2023-05-22T20:22:53.002+0000] {processor.py:154} INFO - Started process (PID=3667) to work on /home/airflow/.local/lib/python3.7/site-packages/airflow/example_dags/example_xcom.py
[2023-05-22T20:22:53.004+0000] {processor.py:756} INFO - Processing file /home/airflow/.local/lib/python3.7/site-packages/airflow/example_dags/example_xcom.py for tasks to queue
[2023-05-22T20:22:53.005+0000] {logging_mixin.py:120} INFO - [2023-05-22T20:22:53.004+0000] {dagbag.py:537} INFO - Filling up the DagBag from /home/airflow/.local/lib/python3.7/site-packages/airflow/example_dags/example_xcom.py
[2023-05-22T20:22:53.021+0000] {processor.py:766} INFO - DAG(s) dict_keys(['example_xcom']) retrieved from /home/airflow/.local/lib/python3.7/site-packages/airflow/example_dags/example_xcom.py
[2023-05-22T20:22:53.056+0000] {logging_mixin.py:120} INFO - [2023-05-22T20:22:53.056+0000] {dag.py:2585} INFO - Sync 1 DAGs
[2023-05-22T20:22:53.077+0000] {logging_mixin.py:120} INFO - [2023-05-22T20:22:53.077+0000] {dag.py:3340} INFO - Setting next_dagrun for example_xcom to 2021-01-01T00:00:00+00:00, run_after=2021-01-01T00:00:00+00:00
[2023-05-22T20:22:53.095+0000] {processor.py:176} INFO - Processing /home/airflow/.local/lib/python3.7/site-packages/airflow/example_dags/example_xcom.py took 0.096 seconds
[2023-05-22T20:23:23.968+0000] {processor.py:154} INFO - Started process (PID=3730) to work on /home/airflow/.local/lib/python3.7/site-packages/airflow/example_dags/example_xcom.py
[2023-05-22T20:23:23.970+0000] {processor.py:756} INFO - Processing file /home/airflow/.local/lib/python3.7/site-packages/airflow/example_dags/example_xcom.py for tasks to queue
[2023-05-22T20:23:23.970+0000] {logging_mixin.py:120} INFO - [2023-05-22T20:23:23.970+0000] {dagbag.py:537} INFO - Filling up the DagBag from /home/airflow/.local/lib/python3.7/site-packages/airflow/example_dags/example_xcom.py
[2023-05-22T20:23:23.988+0000] {processor.py:766} INFO - DAG(s) dict_keys(['example_xcom']) retrieved from /home/airflow/.local/lib/python3.7/site-packages/airflow/example_dags/example_xcom.py
[2023-05-22T20:23:24.020+0000] {logging_mixin.py:120} INFO - [2023-05-22T20:23:24.020+0000] {dag.py:2585} INFO - Sync 1 DAGs
[2023-05-22T20:23:24.038+0000] {logging_mixin.py:120} INFO - [2023-05-22T20:23:24.038+0000] {dag.py:3340} INFO - Setting next_dagrun for example_xcom to 2021-01-01T00:00:00+00:00, run_after=2021-01-01T00:00:00+00:00
[2023-05-22T20:23:24.053+0000] {processor.py:176} INFO - Processing /home/airflow/.local/lib/python3.7/site-packages/airflow/example_dags/example_xcom.py took 0.088 seconds
[2023-05-22T20:23:54.921+0000] {processor.py:154} INFO - Started process (PID=3784) to work on /home/airflow/.local/lib/python3.7/site-packages/airflow/example_dags/example_xcom.py
[2023-05-22T20:23:54.922+0000] {processor.py:756} INFO - Processing file /home/airflow/.local/lib/python3.7/site-packages/airflow/example_dags/example_xcom.py for tasks to queue
[2023-05-22T20:23:54.923+0000] {logging_mixin.py:120} INFO - [2023-05-22T20:23:54.923+0000] {dagbag.py:537} INFO - Filling up the DagBag from /home/airflow/.local/lib/python3.7/site-packages/airflow/example_dags/example_xcom.py
[2023-05-22T20:23:54.940+0000] {processor.py:766} INFO - DAG(s) dict_keys(['example_xcom']) retrieved from /home/airflow/.local/lib/python3.7/site-packages/airflow/example_dags/example_xcom.py
[2023-05-22T20:23:54.970+0000] {logging_mixin.py:120} INFO - [2023-05-22T20:23:54.970+0000] {dag.py:2585} INFO - Sync 1 DAGs
[2023-05-22T20:23:54.986+0000] {logging_mixin.py:120} INFO - [2023-05-22T20:23:54.985+0000] {dag.py:3340} INFO - Setting next_dagrun for example_xcom to 2021-01-01T00:00:00+00:00, run_after=2021-01-01T00:00:00+00:00
[2023-05-22T20:23:54.997+0000] {processor.py:176} INFO - Processing /home/airflow/.local/lib/python3.7/site-packages/airflow/example_dags/example_xcom.py took 0.079 seconds
[2023-05-22T20:24:26.001+0000] {processor.py:154} INFO - Started process (PID=3848) to work on /home/airflow/.local/lib/python3.7/site-packages/airflow/example_dags/example_xcom.py
[2023-05-22T20:24:26.006+0000] {processor.py:756} INFO - Processing file /home/airflow/.local/lib/python3.7/site-packages/airflow/example_dags/example_xcom.py for tasks to queue
[2023-05-22T20:24:26.008+0000] {logging_mixin.py:120} INFO - [2023-05-22T20:24:26.007+0000] {dagbag.py:537} INFO - Filling up the DagBag from /home/airflow/.local/lib/python3.7/site-packages/airflow/example_dags/example_xcom.py
[2023-05-22T20:24:26.026+0000] {processor.py:766} INFO - DAG(s) dict_keys(['example_xcom']) retrieved from /home/airflow/.local/lib/python3.7/site-packages/airflow/example_dags/example_xcom.py
[2023-05-22T20:24:26.062+0000] {logging_mixin.py:120} INFO - [2023-05-22T20:24:26.062+0000] {dag.py:2585} INFO - Sync 1 DAGs
[2023-05-22T20:24:26.080+0000] {logging_mixin.py:120} INFO - [2023-05-22T20:24:26.080+0000] {dag.py:3340} INFO - Setting next_dagrun for example_xcom to 2021-01-01T00:00:00+00:00, run_after=2021-01-01T00:00:00+00:00
[2023-05-22T20:24:26.093+0000] {processor.py:176} INFO - Processing /home/airflow/.local/lib/python3.7/site-packages/airflow/example_dags/example_xcom.py took 0.102 seconds
[2023-05-22T20:24:56.266+0000] {processor.py:154} INFO - Started process (PID=3910) to work on /home/airflow/.local/lib/python3.7/site-packages/airflow/example_dags/example_xcom.py
[2023-05-22T20:24:56.268+0000] {processor.py:756} INFO - Processing file /home/airflow/.local/lib/python3.7/site-packages/airflow/example_dags/example_xcom.py for tasks to queue
[2023-05-22T20:24:56.269+0000] {logging_mixin.py:120} INFO - [2023-05-22T20:24:56.269+0000] {dagbag.py:537} INFO - Filling up the DagBag from /home/airflow/.local/lib/python3.7/site-packages/airflow/example_dags/example_xcom.py
[2023-05-22T20:24:56.285+0000] {processor.py:766} INFO - DAG(s) dict_keys(['example_xcom']) retrieved from /home/airflow/.local/lib/python3.7/site-packages/airflow/example_dags/example_xcom.py
[2023-05-22T20:24:56.316+0000] {logging_mixin.py:120} INFO - [2023-05-22T20:24:56.316+0000] {dag.py:2585} INFO - Sync 1 DAGs
[2023-05-22T20:24:56.333+0000] {logging_mixin.py:120} INFO - [2023-05-22T20:24:56.333+0000] {dag.py:3340} INFO - Setting next_dagrun for example_xcom to 2021-01-01T00:00:00+00:00, run_after=2021-01-01T00:00:00+00:00
[2023-05-22T20:24:56.344+0000] {processor.py:176} INFO - Processing /home/airflow/.local/lib/python3.7/site-packages/airflow/example_dags/example_xcom.py took 0.081 seconds
[2023-05-22T20:25:27.147+0000] {processor.py:154} INFO - Started process (PID=3973) to work on /home/airflow/.local/lib/python3.7/site-packages/airflow/example_dags/example_xcom.py
[2023-05-22T20:25:27.148+0000] {processor.py:756} INFO - Processing file /home/airflow/.local/lib/python3.7/site-packages/airflow/example_dags/example_xcom.py for tasks to queue
[2023-05-22T20:25:27.149+0000] {logging_mixin.py:120} INFO - [2023-05-22T20:25:27.149+0000] {dagbag.py:537} INFO - Filling up the DagBag from /home/airflow/.local/lib/python3.7/site-packages/airflow/example_dags/example_xcom.py
[2023-05-22T20:25:27.166+0000] {processor.py:766} INFO - DAG(s) dict_keys(['example_xcom']) retrieved from /home/airflow/.local/lib/python3.7/site-packages/airflow/example_dags/example_xcom.py
[2023-05-22T20:25:27.198+0000] {logging_mixin.py:120} INFO - [2023-05-22T20:25:27.197+0000] {dag.py:2585} INFO - Sync 1 DAGs
[2023-05-22T20:25:27.214+0000] {logging_mixin.py:120} INFO - [2023-05-22T20:25:27.214+0000] {dag.py:3340} INFO - Setting next_dagrun for example_xcom to 2021-01-01T00:00:00+00:00, run_after=2021-01-01T00:00:00+00:00
[2023-05-22T20:25:27.226+0000] {processor.py:176} INFO - Processing /home/airflow/.local/lib/python3.7/site-packages/airflow/example_dags/example_xcom.py took 0.082 seconds
[2023-05-22T20:25:57.585+0000] {processor.py:154} INFO - Started process (PID=4035) to work on /home/airflow/.local/lib/python3.7/site-packages/airflow/example_dags/example_xcom.py
[2023-05-22T20:25:57.586+0000] {processor.py:756} INFO - Processing file /home/airflow/.local/lib/python3.7/site-packages/airflow/example_dags/example_xcom.py for tasks to queue
[2023-05-22T20:25:57.587+0000] {logging_mixin.py:120} INFO - [2023-05-22T20:25:57.587+0000] {dagbag.py:537} INFO - Filling up the DagBag from /home/airflow/.local/lib/python3.7/site-packages/airflow/example_dags/example_xcom.py
[2023-05-22T20:25:57.602+0000] {processor.py:766} INFO - DAG(s) dict_keys(['example_xcom']) retrieved from /home/airflow/.local/lib/python3.7/site-packages/airflow/example_dags/example_xcom.py
[2023-05-22T20:25:57.636+0000] {logging_mixin.py:120} INFO - [2023-05-22T20:25:57.635+0000] {dag.py:2585} INFO - Sync 1 DAGs
[2023-05-22T20:25:57.652+0000] {logging_mixin.py:120} INFO - [2023-05-22T20:25:57.652+0000] {dag.py:3340} INFO - Setting next_dagrun for example_xcom to 2021-01-01T00:00:00+00:00, run_after=2021-01-01T00:00:00+00:00
[2023-05-22T20:25:57.664+0000] {processor.py:176} INFO - Processing /home/airflow/.local/lib/python3.7/site-packages/airflow/example_dags/example_xcom.py took 0.081 seconds
[2023-05-22T20:26:28.365+0000] {processor.py:154} INFO - Started process (PID=4098) to work on /home/airflow/.local/lib/python3.7/site-packages/airflow/example_dags/example_xcom.py
[2023-05-22T20:26:28.366+0000] {processor.py:756} INFO - Processing file /home/airflow/.local/lib/python3.7/site-packages/airflow/example_dags/example_xcom.py for tasks to queue
[2023-05-22T20:26:28.367+0000] {logging_mixin.py:120} INFO - [2023-05-22T20:26:28.367+0000] {dagbag.py:537} INFO - Filling up the DagBag from /home/airflow/.local/lib/python3.7/site-packages/airflow/example_dags/example_xcom.py
[2023-05-22T20:26:28.384+0000] {processor.py:766} INFO - DAG(s) dict_keys(['example_xcom']) retrieved from /home/airflow/.local/lib/python3.7/site-packages/airflow/example_dags/example_xcom.py
[2023-05-22T20:26:28.414+0000] {logging_mixin.py:120} INFO - [2023-05-22T20:26:28.414+0000] {dag.py:2585} INFO - Sync 1 DAGs
[2023-05-22T20:26:28.431+0000] {logging_mixin.py:120} INFO - [2023-05-22T20:26:28.431+0000] {dag.py:3340} INFO - Setting next_dagrun for example_xcom to 2021-01-01T00:00:00+00:00, run_after=2021-01-01T00:00:00+00:00
[2023-05-22T20:26:28.443+0000] {processor.py:176} INFO - Processing /home/airflow/.local/lib/python3.7/site-packages/airflow/example_dags/example_xcom.py took 0.081 seconds
[2023-05-22T20:26:58.938+0000] {processor.py:154} INFO - Started process (PID=4159) to work on /home/airflow/.local/lib/python3.7/site-packages/airflow/example_dags/example_xcom.py
[2023-05-22T20:26:58.940+0000] {processor.py:756} INFO - Processing file /home/airflow/.local/lib/python3.7/site-packages/airflow/example_dags/example_xcom.py for tasks to queue
[2023-05-22T20:26:58.941+0000] {logging_mixin.py:120} INFO - [2023-05-22T20:26:58.940+0000] {dagbag.py:537} INFO - Filling up the DagBag from /home/airflow/.local/lib/python3.7/site-packages/airflow/example_dags/example_xcom.py
[2023-05-22T20:26:58.957+0000] {processor.py:766} INFO - DAG(s) dict_keys(['example_xcom']) retrieved from /home/airflow/.local/lib/python3.7/site-packages/airflow/example_dags/example_xcom.py
[2023-05-22T20:26:58.991+0000] {logging_mixin.py:120} INFO - [2023-05-22T20:26:58.991+0000] {dag.py:2585} INFO - Sync 1 DAGs
[2023-05-22T20:26:59.008+0000] {logging_mixin.py:120} INFO - [2023-05-22T20:26:59.008+0000] {dag.py:3340} INFO - Setting next_dagrun for example_xcom to 2021-01-01T00:00:00+00:00, run_after=2021-01-01T00:00:00+00:00
[2023-05-22T20:26:59.027+0000] {processor.py:176} INFO - Processing /home/airflow/.local/lib/python3.7/site-packages/airflow/example_dags/example_xcom.py took 0.092 seconds
[2023-05-22T20:27:29.553+0000] {processor.py:154} INFO - Started process (PID=4215) to work on /home/airflow/.local/lib/python3.7/site-packages/airflow/example_dags/example_xcom.py
[2023-05-22T20:27:29.554+0000] {processor.py:756} INFO - Processing file /home/airflow/.local/lib/python3.7/site-packages/airflow/example_dags/example_xcom.py for tasks to queue
[2023-05-22T20:27:29.555+0000] {logging_mixin.py:120} INFO - [2023-05-22T20:27:29.555+0000] {dagbag.py:537} INFO - Filling up the DagBag from /home/airflow/.local/lib/python3.7/site-packages/airflow/example_dags/example_xcom.py
[2023-05-22T20:27:29.571+0000] {processor.py:766} INFO - DAG(s) dict_keys(['example_xcom']) retrieved from /home/airflow/.local/lib/python3.7/site-packages/airflow/example_dags/example_xcom.py
[2023-05-22T20:27:29.602+0000] {logging_mixin.py:120} INFO - [2023-05-22T20:27:29.602+0000] {dag.py:2585} INFO - Sync 1 DAGs
[2023-05-22T20:27:29.619+0000] {logging_mixin.py:120} INFO - [2023-05-22T20:27:29.619+0000] {dag.py:3340} INFO - Setting next_dagrun for example_xcom to 2021-01-01T00:00:00+00:00, run_after=2021-01-01T00:00:00+00:00
[2023-05-22T20:27:29.632+0000] {processor.py:176} INFO - Processing /home/airflow/.local/lib/python3.7/site-packages/airflow/example_dags/example_xcom.py took 0.082 seconds
[2023-05-22T20:27:59.748+0000] {processor.py:154} INFO - Started process (PID=4276) to work on /home/airflow/.local/lib/python3.7/site-packages/airflow/example_dags/example_xcom.py
[2023-05-22T20:27:59.749+0000] {processor.py:756} INFO - Processing file /home/airflow/.local/lib/python3.7/site-packages/airflow/example_dags/example_xcom.py for tasks to queue
[2023-05-22T20:27:59.750+0000] {logging_mixin.py:120} INFO - [2023-05-22T20:27:59.750+0000] {dagbag.py:537} INFO - Filling up the DagBag from /home/airflow/.local/lib/python3.7/site-packages/airflow/example_dags/example_xcom.py
[2023-05-22T20:27:59.766+0000] {processor.py:766} INFO - DAG(s) dict_keys(['example_xcom']) retrieved from /home/airflow/.local/lib/python3.7/site-packages/airflow/example_dags/example_xcom.py
[2023-05-22T20:27:59.796+0000] {logging_mixin.py:120} INFO - [2023-05-22T20:27:59.796+0000] {dag.py:2585} INFO - Sync 1 DAGs
[2023-05-22T20:27:59.811+0000] {logging_mixin.py:120} INFO - [2023-05-22T20:27:59.811+0000] {dag.py:3340} INFO - Setting next_dagrun for example_xcom to 2021-01-01T00:00:00+00:00, run_after=2021-01-01T00:00:00+00:00
[2023-05-22T20:27:59.822+0000] {processor.py:176} INFO - Processing /home/airflow/.local/lib/python3.7/site-packages/airflow/example_dags/example_xcom.py took 0.077 seconds
[2023-05-22T20:28:29.927+0000] {processor.py:154} INFO - Started process (PID=4338) to work on /home/airflow/.local/lib/python3.7/site-packages/airflow/example_dags/example_xcom.py
[2023-05-22T20:28:29.929+0000] {processor.py:756} INFO - Processing file /home/airflow/.local/lib/python3.7/site-packages/airflow/example_dags/example_xcom.py for tasks to queue
[2023-05-22T20:28:29.930+0000] {logging_mixin.py:120} INFO - [2023-05-22T20:28:29.930+0000] {dagbag.py:537} INFO - Filling up the DagBag from /home/airflow/.local/lib/python3.7/site-packages/airflow/example_dags/example_xcom.py
[2023-05-22T20:28:29.947+0000] {processor.py:766} INFO - DAG(s) dict_keys(['example_xcom']) retrieved from /home/airflow/.local/lib/python3.7/site-packages/airflow/example_dags/example_xcom.py
[2023-05-22T20:28:29.979+0000] {logging_mixin.py:120} INFO - [2023-05-22T20:28:29.979+0000] {dag.py:2585} INFO - Sync 1 DAGs
[2023-05-22T20:28:29.995+0000] {logging_mixin.py:120} INFO - [2023-05-22T20:28:29.995+0000] {dag.py:3340} INFO - Setting next_dagrun for example_xcom to 2021-01-01T00:00:00+00:00, run_after=2021-01-01T00:00:00+00:00
[2023-05-22T20:28:30.006+0000] {processor.py:176} INFO - Processing /home/airflow/.local/lib/python3.7/site-packages/airflow/example_dags/example_xcom.py took 0.082 seconds
[2023-05-22T20:43:49.233+0000] {processor.py:154} INFO - Started process (PID=4384) to work on /home/airflow/.local/lib/python3.7/site-packages/airflow/example_dags/example_xcom.py
[2023-05-22T20:43:49.234+0000] {processor.py:756} INFO - Processing file /home/airflow/.local/lib/python3.7/site-packages/airflow/example_dags/example_xcom.py for tasks to queue
[2023-05-22T20:43:49.235+0000] {logging_mixin.py:120} INFO - [2023-05-22T20:43:49.235+0000] {dagbag.py:537} INFO - Filling up the DagBag from /home/airflow/.local/lib/python3.7/site-packages/airflow/example_dags/example_xcom.py
[2023-05-22T20:43:49.251+0000] {processor.py:766} INFO - DAG(s) dict_keys(['example_xcom']) retrieved from /home/airflow/.local/lib/python3.7/site-packages/airflow/example_dags/example_xcom.py
[2023-05-22T20:43:49.280+0000] {logging_mixin.py:120} INFO - [2023-05-22T20:43:49.280+0000] {dag.py:2585} INFO - Sync 1 DAGs
[2023-05-22T20:43:49.296+0000] {logging_mixin.py:120} INFO - [2023-05-22T20:43:49.296+0000] {dag.py:3340} INFO - Setting next_dagrun for example_xcom to 2021-01-01T00:00:00+00:00, run_after=2021-01-01T00:00:00+00:00
[2023-05-22T20:43:49.308+0000] {processor.py:176} INFO - Processing /home/airflow/.local/lib/python3.7/site-packages/airflow/example_dags/example_xcom.py took 0.078 seconds
[2023-05-22T22:05:51.324+0000] {processor.py:154} INFO - Started process (PID=4447) to work on /home/airflow/.local/lib/python3.7/site-packages/airflow/example_dags/example_xcom.py
[2023-05-22T22:05:51.326+0000] {processor.py:756} INFO - Processing file /home/airflow/.local/lib/python3.7/site-packages/airflow/example_dags/example_xcom.py for tasks to queue
[2023-05-22T22:05:51.327+0000] {logging_mixin.py:120} INFO - [2023-05-22T22:05:51.327+0000] {dagbag.py:537} INFO - Filling up the DagBag from /home/airflow/.local/lib/python3.7/site-packages/airflow/example_dags/example_xcom.py
[2023-05-22T22:05:51.349+0000] {processor.py:766} INFO - DAG(s) dict_keys(['example_xcom']) retrieved from /home/airflow/.local/lib/python3.7/site-packages/airflow/example_dags/example_xcom.py
[2023-05-22T22:05:51.388+0000] {logging_mixin.py:120} INFO - [2023-05-22T22:05:51.388+0000] {dag.py:2585} INFO - Sync 1 DAGs
[2023-05-22T22:05:51.407+0000] {logging_mixin.py:120} INFO - [2023-05-22T22:05:51.407+0000] {dag.py:3340} INFO - Setting next_dagrun for example_xcom to 2021-01-01T00:00:00+00:00, run_after=2021-01-01T00:00:00+00:00
[2023-05-22T22:05:51.427+0000] {processor.py:176} INFO - Processing /home/airflow/.local/lib/python3.7/site-packages/airflow/example_dags/example_xcom.py took 0.108 seconds
[2023-05-22T23:29:35.732+0000] {processor.py:154} INFO - Started process (PID=4510) to work on /home/airflow/.local/lib/python3.7/site-packages/airflow/example_dags/example_xcom.py
[2023-05-22T23:29:35.736+0000] {processor.py:756} INFO - Processing file /home/airflow/.local/lib/python3.7/site-packages/airflow/example_dags/example_xcom.py for tasks to queue
[2023-05-22T23:29:35.737+0000] {logging_mixin.py:120} INFO - [2023-05-22T23:29:35.737+0000] {dagbag.py:537} INFO - Filling up the DagBag from /home/airflow/.local/lib/python3.7/site-packages/airflow/example_dags/example_xcom.py
[2023-05-22T23:29:35.768+0000] {processor.py:766} INFO - DAG(s) dict_keys(['example_xcom']) retrieved from /home/airflow/.local/lib/python3.7/site-packages/airflow/example_dags/example_xcom.py
[2023-05-22T23:29:35.823+0000] {logging_mixin.py:120} INFO - [2023-05-22T23:29:35.823+0000] {dag.py:2585} INFO - Sync 1 DAGs
[2023-05-22T23:29:35.847+0000] {logging_mixin.py:120} INFO - [2023-05-22T23:29:35.847+0000] {dag.py:3340} INFO - Setting next_dagrun for example_xcom to 2021-01-01T00:00:00+00:00, run_after=2021-01-01T00:00:00+00:00
[2023-05-22T23:29:35.866+0000] {processor.py:176} INFO - Processing /home/airflow/.local/lib/python3.7/site-packages/airflow/example_dags/example_xcom.py took 0.136 seconds
