[2023-05-22T19:32:29.787+0000] {processor.py:154} INFO - Started process (PID=43) to work on /home/airflow/.local/lib/python3.7/site-packages/airflow/example_dags/example_skip_dag.py
[2023-05-22T19:32:29.793+0000] {processor.py:756} INFO - Processing file /home/airflow/.local/lib/python3.7/site-packages/airflow/example_dags/example_skip_dag.py for tasks to queue
[2023-05-22T19:32:29.796+0000] {logging_mixin.py:120} INFO - [2023-05-22T19:32:29.795+0000] {dagbag.py:537} INFO - Filling up the DagBag from /home/airflow/.local/lib/python3.7/site-packages/airflow/example_dags/example_skip_dag.py
[2023-05-22T19:32:29.888+0000] {processor.py:766} INFO - DAG(s) dict_keys(['example_skip_dag']) retrieved from /home/airflow/.local/lib/python3.7/site-packages/airflow/example_dags/example_skip_dag.py
[2023-05-22T19:32:30.313+0000] {logging_mixin.py:120} INFO - [2023-05-22T19:32:30.313+0000] {manager.py:507} INFO - Created Permission View: can read on DAG:example_skip_dag
[2023-05-22T19:32:30.326+0000] {logging_mixin.py:120} INFO - [2023-05-22T19:32:30.326+0000] {manager.py:507} INFO - Created Permission View: can delete on DAG:example_skip_dag
[2023-05-22T19:32:30.341+0000] {logging_mixin.py:120} INFO - [2023-05-22T19:32:30.341+0000] {manager.py:507} INFO - Created Permission View: can edit on DAG:example_skip_dag
[2023-05-22T19:32:30.343+0000] {logging_mixin.py:120} INFO - [2023-05-22T19:32:30.343+0000] {dag.py:2585} INFO - Sync 1 DAGs
[2023-05-22T19:32:30.363+0000] {logging_mixin.py:120} INFO - [2023-05-22T19:32:30.363+0000] {dag.py:2606} INFO - Creating ORM DAG for example_skip_dag
[2023-05-22T19:32:30.379+0000] {logging_mixin.py:120} INFO - [2023-05-22T19:32:30.379+0000] {dag.py:3340} INFO - Setting next_dagrun for example_skip_dag to 2023-05-21T19:32:30.378718+00:00, run_after=2023-05-22T19:32:30.378718+00:00
[2023-05-22T19:32:30.404+0000] {processor.py:176} INFO - Processing /home/airflow/.local/lib/python3.7/site-packages/airflow/example_dags/example_skip_dag.py took 0.624 seconds
[2023-05-22T19:33:01.130+0000] {processor.py:154} INFO - Started process (PID=107) to work on /home/airflow/.local/lib/python3.7/site-packages/airflow/example_dags/example_skip_dag.py
[2023-05-22T19:33:01.132+0000] {processor.py:756} INFO - Processing file /home/airflow/.local/lib/python3.7/site-packages/airflow/example_dags/example_skip_dag.py for tasks to queue
[2023-05-22T19:33:01.133+0000] {logging_mixin.py:120} INFO - [2023-05-22T19:33:01.133+0000] {dagbag.py:537} INFO - Filling up the DagBag from /home/airflow/.local/lib/python3.7/site-packages/airflow/example_dags/example_skip_dag.py
[2023-05-22T19:33:01.148+0000] {processor.py:766} INFO - DAG(s) dict_keys(['example_skip_dag']) retrieved from /home/airflow/.local/lib/python3.7/site-packages/airflow/example_dags/example_skip_dag.py
[2023-05-22T19:33:01.182+0000] {logging_mixin.py:120} INFO - [2023-05-22T19:33:01.182+0000] {dag.py:2585} INFO - Sync 1 DAGs
[2023-05-22T19:33:01.199+0000] {logging_mixin.py:120} INFO - [2023-05-22T19:33:01.199+0000] {dag.py:3340} INFO - Setting next_dagrun for example_skip_dag to 2023-05-21T19:33:01.199532+00:00, run_after=2023-05-22T19:33:01.199532+00:00
[2023-05-22T19:33:01.213+0000] {processor.py:176} INFO - Processing /home/airflow/.local/lib/python3.7/site-packages/airflow/example_dags/example_skip_dag.py took 0.087 seconds
[2023-05-22T19:33:31.579+0000] {processor.py:154} INFO - Started process (PID=171) to work on /home/airflow/.local/lib/python3.7/site-packages/airflow/example_dags/example_skip_dag.py
[2023-05-22T19:33:31.580+0000] {processor.py:756} INFO - Processing file /home/airflow/.local/lib/python3.7/site-packages/airflow/example_dags/example_skip_dag.py for tasks to queue
[2023-05-22T19:33:31.581+0000] {logging_mixin.py:120} INFO - [2023-05-22T19:33:31.581+0000] {dagbag.py:537} INFO - Filling up the DagBag from /home/airflow/.local/lib/python3.7/site-packages/airflow/example_dags/example_skip_dag.py
[2023-05-22T19:33:31.595+0000] {processor.py:766} INFO - DAG(s) dict_keys(['example_skip_dag']) retrieved from /home/airflow/.local/lib/python3.7/site-packages/airflow/example_dags/example_skip_dag.py
[2023-05-22T19:33:31.630+0000] {logging_mixin.py:120} INFO - [2023-05-22T19:33:31.630+0000] {dag.py:2585} INFO - Sync 1 DAGs
[2023-05-22T19:33:31.647+0000] {logging_mixin.py:120} INFO - [2023-05-22T19:33:31.647+0000] {dag.py:3340} INFO - Setting next_dagrun for example_skip_dag to 2023-05-21T19:33:31.647546+00:00, run_after=2023-05-22T19:33:31.647546+00:00
[2023-05-22T19:33:31.660+0000] {processor.py:176} INFO - Processing /home/airflow/.local/lib/python3.7/site-packages/airflow/example_dags/example_skip_dag.py took 0.084 seconds
[2023-05-22T19:34:02.248+0000] {processor.py:154} INFO - Started process (PID=233) to work on /home/airflow/.local/lib/python3.7/site-packages/airflow/example_dags/example_skip_dag.py
[2023-05-22T19:34:02.251+0000] {processor.py:756} INFO - Processing file /home/airflow/.local/lib/python3.7/site-packages/airflow/example_dags/example_skip_dag.py for tasks to queue
[2023-05-22T19:34:02.252+0000] {logging_mixin.py:120} INFO - [2023-05-22T19:34:02.252+0000] {dagbag.py:537} INFO - Filling up the DagBag from /home/airflow/.local/lib/python3.7/site-packages/airflow/example_dags/example_skip_dag.py
[2023-05-22T19:34:02.267+0000] {processor.py:766} INFO - DAG(s) dict_keys(['example_skip_dag']) retrieved from /home/airflow/.local/lib/python3.7/site-packages/airflow/example_dags/example_skip_dag.py
[2023-05-22T19:34:02.302+0000] {logging_mixin.py:120} INFO - [2023-05-22T19:34:02.302+0000] {dag.py:2585} INFO - Sync 1 DAGs
[2023-05-22T19:34:02.320+0000] {logging_mixin.py:120} INFO - [2023-05-22T19:34:02.320+0000] {dag.py:3340} INFO - Setting next_dagrun for example_skip_dag to 2023-05-21T19:34:02.320059+00:00, run_after=2023-05-22T19:34:02.320059+00:00
[2023-05-22T19:34:02.333+0000] {processor.py:176} INFO - Processing /home/airflow/.local/lib/python3.7/site-packages/airflow/example_dags/example_skip_dag.py took 0.088 seconds
[2023-05-22T19:34:33.084+0000] {processor.py:154} INFO - Started process (PID=296) to work on /home/airflow/.local/lib/python3.7/site-packages/airflow/example_dags/example_skip_dag.py
[2023-05-22T19:34:33.086+0000] {processor.py:756} INFO - Processing file /home/airflow/.local/lib/python3.7/site-packages/airflow/example_dags/example_skip_dag.py for tasks to queue
[2023-05-22T19:34:33.087+0000] {logging_mixin.py:120} INFO - [2023-05-22T19:34:33.087+0000] {dagbag.py:537} INFO - Filling up the DagBag from /home/airflow/.local/lib/python3.7/site-packages/airflow/example_dags/example_skip_dag.py
[2023-05-22T19:34:33.099+0000] {processor.py:766} INFO - DAG(s) dict_keys(['example_skip_dag']) retrieved from /home/airflow/.local/lib/python3.7/site-packages/airflow/example_dags/example_skip_dag.py
[2023-05-22T19:34:33.142+0000] {logging_mixin.py:120} INFO - [2023-05-22T19:34:33.142+0000] {dag.py:2585} INFO - Sync 1 DAGs
[2023-05-22T19:34:33.162+0000] {logging_mixin.py:120} INFO - [2023-05-22T19:34:33.162+0000] {dag.py:3340} INFO - Setting next_dagrun for example_skip_dag to 2023-05-21T19:34:33.162328+00:00, run_after=2023-05-22T19:34:33.162328+00:00
[2023-05-22T19:34:33.178+0000] {processor.py:176} INFO - Processing /home/airflow/.local/lib/python3.7/site-packages/airflow/example_dags/example_skip_dag.py took 0.097 seconds
[2023-05-22T19:35:03.517+0000] {processor.py:154} INFO - Started process (PID=350) to work on /home/airflow/.local/lib/python3.7/site-packages/airflow/example_dags/example_skip_dag.py
[2023-05-22T19:35:03.519+0000] {processor.py:756} INFO - Processing file /home/airflow/.local/lib/python3.7/site-packages/airflow/example_dags/example_skip_dag.py for tasks to queue
[2023-05-22T19:35:03.520+0000] {logging_mixin.py:120} INFO - [2023-05-22T19:35:03.520+0000] {dagbag.py:537} INFO - Filling up the DagBag from /home/airflow/.local/lib/python3.7/site-packages/airflow/example_dags/example_skip_dag.py
[2023-05-22T19:35:03.533+0000] {processor.py:766} INFO - DAG(s) dict_keys(['example_skip_dag']) retrieved from /home/airflow/.local/lib/python3.7/site-packages/airflow/example_dags/example_skip_dag.py
[2023-05-22T19:35:03.569+0000] {logging_mixin.py:120} INFO - [2023-05-22T19:35:03.569+0000] {dag.py:2585} INFO - Sync 1 DAGs
[2023-05-22T19:35:03.586+0000] {logging_mixin.py:120} INFO - [2023-05-22T19:35:03.586+0000] {dag.py:3340} INFO - Setting next_dagrun for example_skip_dag to 2023-05-21T19:35:03.586329+00:00, run_after=2023-05-22T19:35:03.586329+00:00
[2023-05-22T19:35:03.599+0000] {processor.py:176} INFO - Processing /home/airflow/.local/lib/python3.7/site-packages/airflow/example_dags/example_skip_dag.py took 0.086 seconds
[2023-05-22T19:35:34.003+0000] {processor.py:154} INFO - Started process (PID=412) to work on /home/airflow/.local/lib/python3.7/site-packages/airflow/example_dags/example_skip_dag.py
[2023-05-22T19:35:34.005+0000] {processor.py:756} INFO - Processing file /home/airflow/.local/lib/python3.7/site-packages/airflow/example_dags/example_skip_dag.py for tasks to queue
[2023-05-22T19:35:34.007+0000] {logging_mixin.py:120} INFO - [2023-05-22T19:35:34.007+0000] {dagbag.py:537} INFO - Filling up the DagBag from /home/airflow/.local/lib/python3.7/site-packages/airflow/example_dags/example_skip_dag.py
[2023-05-22T19:35:34.020+0000] {processor.py:766} INFO - DAG(s) dict_keys(['example_skip_dag']) retrieved from /home/airflow/.local/lib/python3.7/site-packages/airflow/example_dags/example_skip_dag.py
[2023-05-22T19:35:34.055+0000] {logging_mixin.py:120} INFO - [2023-05-22T19:35:34.055+0000] {dag.py:2585} INFO - Sync 1 DAGs
[2023-05-22T19:35:34.075+0000] {logging_mixin.py:120} INFO - [2023-05-22T19:35:34.075+0000] {dag.py:3340} INFO - Setting next_dagrun for example_skip_dag to 2023-05-21T19:35:34.074921+00:00, run_after=2023-05-22T19:35:34.074921+00:00
[2023-05-22T19:35:34.087+0000] {processor.py:176} INFO - Processing /home/airflow/.local/lib/python3.7/site-packages/airflow/example_dags/example_skip_dag.py took 0.087 seconds
[2023-05-22T19:36:04.621+0000] {processor.py:154} INFO - Started process (PID=475) to work on /home/airflow/.local/lib/python3.7/site-packages/airflow/example_dags/example_skip_dag.py
[2023-05-22T19:36:04.624+0000] {processor.py:756} INFO - Processing file /home/airflow/.local/lib/python3.7/site-packages/airflow/example_dags/example_skip_dag.py for tasks to queue
[2023-05-22T19:36:04.626+0000] {logging_mixin.py:120} INFO - [2023-05-22T19:36:04.626+0000] {dagbag.py:537} INFO - Filling up the DagBag from /home/airflow/.local/lib/python3.7/site-packages/airflow/example_dags/example_skip_dag.py
[2023-05-22T19:36:04.647+0000] {processor.py:766} INFO - DAG(s) dict_keys(['example_skip_dag']) retrieved from /home/airflow/.local/lib/python3.7/site-packages/airflow/example_dags/example_skip_dag.py
[2023-05-22T19:36:04.679+0000] {logging_mixin.py:120} INFO - [2023-05-22T19:36:04.678+0000] {dag.py:2585} INFO - Sync 1 DAGs
[2023-05-22T19:36:04.695+0000] {logging_mixin.py:120} INFO - [2023-05-22T19:36:04.695+0000] {dag.py:3340} INFO - Setting next_dagrun for example_skip_dag to 2023-05-21T19:36:04.695549+00:00, run_after=2023-05-22T19:36:04.695549+00:00
[2023-05-22T19:36:04.708+0000] {processor.py:176} INFO - Processing /home/airflow/.local/lib/python3.7/site-packages/airflow/example_dags/example_skip_dag.py took 0.094 seconds
[2023-05-22T19:36:35.212+0000] {processor.py:154} INFO - Started process (PID=538) to work on /home/airflow/.local/lib/python3.7/site-packages/airflow/example_dags/example_skip_dag.py
[2023-05-22T19:36:35.214+0000] {processor.py:756} INFO - Processing file /home/airflow/.local/lib/python3.7/site-packages/airflow/example_dags/example_skip_dag.py for tasks to queue
[2023-05-22T19:36:35.215+0000] {logging_mixin.py:120} INFO - [2023-05-22T19:36:35.215+0000] {dagbag.py:537} INFO - Filling up the DagBag from /home/airflow/.local/lib/python3.7/site-packages/airflow/example_dags/example_skip_dag.py
[2023-05-22T19:36:35.228+0000] {processor.py:766} INFO - DAG(s) dict_keys(['example_skip_dag']) retrieved from /home/airflow/.local/lib/python3.7/site-packages/airflow/example_dags/example_skip_dag.py
[2023-05-22T19:36:35.267+0000] {logging_mixin.py:120} INFO - [2023-05-22T19:36:35.267+0000] {dag.py:2585} INFO - Sync 1 DAGs
[2023-05-22T19:36:35.284+0000] {logging_mixin.py:120} INFO - [2023-05-22T19:36:35.284+0000] {dag.py:3340} INFO - Setting next_dagrun for example_skip_dag to 2023-05-21T19:36:35.283918+00:00, run_after=2023-05-22T19:36:35.283918+00:00
[2023-05-22T19:36:35.297+0000] {processor.py:176} INFO - Processing /home/airflow/.local/lib/python3.7/site-packages/airflow/example_dags/example_skip_dag.py took 0.089 seconds
[2023-05-22T19:37:05.991+0000] {processor.py:154} INFO - Started process (PID=601) to work on /home/airflow/.local/lib/python3.7/site-packages/airflow/example_dags/example_skip_dag.py
[2023-05-22T19:37:05.994+0000] {processor.py:756} INFO - Processing file /home/airflow/.local/lib/python3.7/site-packages/airflow/example_dags/example_skip_dag.py for tasks to queue
[2023-05-22T19:37:05.995+0000] {logging_mixin.py:120} INFO - [2023-05-22T19:37:05.995+0000] {dagbag.py:537} INFO - Filling up the DagBag from /home/airflow/.local/lib/python3.7/site-packages/airflow/example_dags/example_skip_dag.py
[2023-05-22T19:37:06.013+0000] {processor.py:766} INFO - DAG(s) dict_keys(['example_skip_dag']) retrieved from /home/airflow/.local/lib/python3.7/site-packages/airflow/example_dags/example_skip_dag.py
[2023-05-22T19:37:06.049+0000] {logging_mixin.py:120} INFO - [2023-05-22T19:37:06.049+0000] {dag.py:2585} INFO - Sync 1 DAGs
[2023-05-22T19:37:06.065+0000] {logging_mixin.py:120} INFO - [2023-05-22T19:37:06.065+0000] {dag.py:3340} INFO - Setting next_dagrun for example_skip_dag to 2023-05-21T19:37:06.064931+00:00, run_after=2023-05-22T19:37:06.064931+00:00
[2023-05-22T19:37:06.077+0000] {processor.py:176} INFO - Processing /home/airflow/.local/lib/python3.7/site-packages/airflow/example_dags/example_skip_dag.py took 0.091 seconds
[2023-05-22T19:37:36.709+0000] {processor.py:154} INFO - Started process (PID=663) to work on /home/airflow/.local/lib/python3.7/site-packages/airflow/example_dags/example_skip_dag.py
[2023-05-22T19:37:36.711+0000] {processor.py:756} INFO - Processing file /home/airflow/.local/lib/python3.7/site-packages/airflow/example_dags/example_skip_dag.py for tasks to queue
[2023-05-22T19:37:36.712+0000] {logging_mixin.py:120} INFO - [2023-05-22T19:37:36.712+0000] {dagbag.py:537} INFO - Filling up the DagBag from /home/airflow/.local/lib/python3.7/site-packages/airflow/example_dags/example_skip_dag.py
[2023-05-22T19:37:36.726+0000] {processor.py:766} INFO - DAG(s) dict_keys(['example_skip_dag']) retrieved from /home/airflow/.local/lib/python3.7/site-packages/airflow/example_dags/example_skip_dag.py
[2023-05-22T19:37:36.763+0000] {logging_mixin.py:120} INFO - [2023-05-22T19:37:36.763+0000] {dag.py:2585} INFO - Sync 1 DAGs
[2023-05-22T19:37:36.780+0000] {logging_mixin.py:120} INFO - [2023-05-22T19:37:36.780+0000] {dag.py:3340} INFO - Setting next_dagrun for example_skip_dag to 2023-05-21T19:37:36.779849+00:00, run_after=2023-05-22T19:37:36.779849+00:00
[2023-05-22T19:37:36.793+0000] {processor.py:176} INFO - Processing /home/airflow/.local/lib/python3.7/site-packages/airflow/example_dags/example_skip_dag.py took 0.090 seconds
[2023-05-22T19:38:07.245+0000] {processor.py:154} INFO - Started process (PID=717) to work on /home/airflow/.local/lib/python3.7/site-packages/airflow/example_dags/example_skip_dag.py
[2023-05-22T19:38:07.248+0000] {processor.py:756} INFO - Processing file /home/airflow/.local/lib/python3.7/site-packages/airflow/example_dags/example_skip_dag.py for tasks to queue
[2023-05-22T19:38:07.249+0000] {logging_mixin.py:120} INFO - [2023-05-22T19:38:07.249+0000] {dagbag.py:537} INFO - Filling up the DagBag from /home/airflow/.local/lib/python3.7/site-packages/airflow/example_dags/example_skip_dag.py
[2023-05-22T19:38:07.268+0000] {processor.py:766} INFO - DAG(s) dict_keys(['example_skip_dag']) retrieved from /home/airflow/.local/lib/python3.7/site-packages/airflow/example_dags/example_skip_dag.py
[2023-05-22T19:38:07.307+0000] {logging_mixin.py:120} INFO - [2023-05-22T19:38:07.306+0000] {dag.py:2585} INFO - Sync 1 DAGs
[2023-05-22T19:38:07.323+0000] {logging_mixin.py:120} INFO - [2023-05-22T19:38:07.323+0000] {dag.py:3340} INFO - Setting next_dagrun for example_skip_dag to 2023-05-21T19:38:07.323372+00:00, run_after=2023-05-22T19:38:07.323372+00:00
[2023-05-22T19:38:07.336+0000] {processor.py:176} INFO - Processing /home/airflow/.local/lib/python3.7/site-packages/airflow/example_dags/example_skip_dag.py took 0.097 seconds
[2023-05-22T19:38:37.888+0000] {processor.py:154} INFO - Started process (PID=780) to work on /home/airflow/.local/lib/python3.7/site-packages/airflow/example_dags/example_skip_dag.py
[2023-05-22T19:38:37.890+0000] {processor.py:756} INFO - Processing file /home/airflow/.local/lib/python3.7/site-packages/airflow/example_dags/example_skip_dag.py for tasks to queue
[2023-05-22T19:38:37.892+0000] {logging_mixin.py:120} INFO - [2023-05-22T19:38:37.891+0000] {dagbag.py:537} INFO - Filling up the DagBag from /home/airflow/.local/lib/python3.7/site-packages/airflow/example_dags/example_skip_dag.py
[2023-05-22T19:38:37.900+0000] {processor.py:766} INFO - DAG(s) dict_keys(['example_skip_dag']) retrieved from /home/airflow/.local/lib/python3.7/site-packages/airflow/example_dags/example_skip_dag.py
[2023-05-22T19:38:37.942+0000] {logging_mixin.py:120} INFO - [2023-05-22T19:38:37.942+0000] {dag.py:2585} INFO - Sync 1 DAGs
[2023-05-22T19:38:37.960+0000] {logging_mixin.py:120} INFO - [2023-05-22T19:38:37.960+0000] {dag.py:3340} INFO - Setting next_dagrun for example_skip_dag to 2023-05-21T19:38:37.960579+00:00, run_after=2023-05-22T19:38:37.960579+00:00
[2023-05-22T19:38:37.973+0000] {processor.py:176} INFO - Processing /home/airflow/.local/lib/python3.7/site-packages/airflow/example_dags/example_skip_dag.py took 0.094 seconds
[2023-05-22T19:39:08.457+0000] {processor.py:154} INFO - Started process (PID=844) to work on /home/airflow/.local/lib/python3.7/site-packages/airflow/example_dags/example_skip_dag.py
[2023-05-22T19:39:08.461+0000] {processor.py:756} INFO - Processing file /home/airflow/.local/lib/python3.7/site-packages/airflow/example_dags/example_skip_dag.py for tasks to queue
[2023-05-22T19:39:08.463+0000] {logging_mixin.py:120} INFO - [2023-05-22T19:39:08.463+0000] {dagbag.py:537} INFO - Filling up the DagBag from /home/airflow/.local/lib/python3.7/site-packages/airflow/example_dags/example_skip_dag.py
[2023-05-22T19:39:08.482+0000] {processor.py:766} INFO - DAG(s) dict_keys(['example_skip_dag']) retrieved from /home/airflow/.local/lib/python3.7/site-packages/airflow/example_dags/example_skip_dag.py
[2023-05-22T19:39:08.514+0000] {logging_mixin.py:120} INFO - [2023-05-22T19:39:08.514+0000] {dag.py:2585} INFO - Sync 1 DAGs
[2023-05-22T19:39:08.530+0000] {logging_mixin.py:120} INFO - [2023-05-22T19:39:08.530+0000] {dag.py:3340} INFO - Setting next_dagrun for example_skip_dag to 2023-05-21T19:39:08.530474+00:00, run_after=2023-05-22T19:39:08.530474+00:00
[2023-05-22T19:39:08.542+0000] {processor.py:176} INFO - Processing /home/airflow/.local/lib/python3.7/site-packages/airflow/example_dags/example_skip_dag.py took 0.092 seconds
[2023-05-22T19:39:38.877+0000] {processor.py:154} INFO - Started process (PID=907) to work on /home/airflow/.local/lib/python3.7/site-packages/airflow/example_dags/example_skip_dag.py
[2023-05-22T19:39:38.880+0000] {processor.py:756} INFO - Processing file /home/airflow/.local/lib/python3.7/site-packages/airflow/example_dags/example_skip_dag.py for tasks to queue
[2023-05-22T19:39:38.881+0000] {logging_mixin.py:120} INFO - [2023-05-22T19:39:38.881+0000] {dagbag.py:537} INFO - Filling up the DagBag from /home/airflow/.local/lib/python3.7/site-packages/airflow/example_dags/example_skip_dag.py
[2023-05-22T19:39:38.897+0000] {processor.py:766} INFO - DAG(s) dict_keys(['example_skip_dag']) retrieved from /home/airflow/.local/lib/python3.7/site-packages/airflow/example_dags/example_skip_dag.py
[2023-05-22T19:39:38.930+0000] {logging_mixin.py:120} INFO - [2023-05-22T19:39:38.930+0000] {dag.py:2585} INFO - Sync 1 DAGs
[2023-05-22T19:39:38.946+0000] {logging_mixin.py:120} INFO - [2023-05-22T19:39:38.946+0000] {dag.py:3340} INFO - Setting next_dagrun for example_skip_dag to 2023-05-21T19:39:38.946327+00:00, run_after=2023-05-22T19:39:38.946327+00:00
[2023-05-22T19:39:38.960+0000] {processor.py:176} INFO - Processing /home/airflow/.local/lib/python3.7/site-packages/airflow/example_dags/example_skip_dag.py took 0.088 seconds
[2023-05-22T19:40:09.372+0000] {processor.py:154} INFO - Started process (PID=969) to work on /home/airflow/.local/lib/python3.7/site-packages/airflow/example_dags/example_skip_dag.py
[2023-05-22T19:40:09.375+0000] {processor.py:756} INFO - Processing file /home/airflow/.local/lib/python3.7/site-packages/airflow/example_dags/example_skip_dag.py for tasks to queue
[2023-05-22T19:40:09.376+0000] {logging_mixin.py:120} INFO - [2023-05-22T19:40:09.376+0000] {dagbag.py:537} INFO - Filling up the DagBag from /home/airflow/.local/lib/python3.7/site-packages/airflow/example_dags/example_skip_dag.py
[2023-05-22T19:40:09.388+0000] {processor.py:766} INFO - DAG(s) dict_keys(['example_skip_dag']) retrieved from /home/airflow/.local/lib/python3.7/site-packages/airflow/example_dags/example_skip_dag.py
[2023-05-22T19:40:09.418+0000] {logging_mixin.py:120} INFO - [2023-05-22T19:40:09.417+0000] {dag.py:2585} INFO - Sync 1 DAGs
[2023-05-22T19:40:09.434+0000] {logging_mixin.py:120} INFO - [2023-05-22T19:40:09.434+0000] {dag.py:3340} INFO - Setting next_dagrun for example_skip_dag to 2023-05-21T19:40:09.434202+00:00, run_after=2023-05-22T19:40:09.434202+00:00
[2023-05-22T19:40:09.446+0000] {processor.py:176} INFO - Processing /home/airflow/.local/lib/python3.7/site-packages/airflow/example_dags/example_skip_dag.py took 0.078 seconds
[2023-05-22T19:40:40.061+0000] {processor.py:154} INFO - Started process (PID=1032) to work on /home/airflow/.local/lib/python3.7/site-packages/airflow/example_dags/example_skip_dag.py
[2023-05-22T19:40:40.063+0000] {processor.py:756} INFO - Processing file /home/airflow/.local/lib/python3.7/site-packages/airflow/example_dags/example_skip_dag.py for tasks to queue
[2023-05-22T19:40:40.064+0000] {logging_mixin.py:120} INFO - [2023-05-22T19:40:40.064+0000] {dagbag.py:537} INFO - Filling up the DagBag from /home/airflow/.local/lib/python3.7/site-packages/airflow/example_dags/example_skip_dag.py
[2023-05-22T19:40:40.081+0000] {processor.py:766} INFO - DAG(s) dict_keys(['example_skip_dag']) retrieved from /home/airflow/.local/lib/python3.7/site-packages/airflow/example_dags/example_skip_dag.py
[2023-05-22T19:40:40.115+0000] {logging_mixin.py:120} INFO - [2023-05-22T19:40:40.114+0000] {dag.py:2585} INFO - Sync 1 DAGs
[2023-05-22T19:40:40.136+0000] {logging_mixin.py:120} INFO - [2023-05-22T19:40:40.136+0000] {dag.py:3340} INFO - Setting next_dagrun for example_skip_dag to 2023-05-21T19:40:40.136505+00:00, run_after=2023-05-22T19:40:40.136505+00:00
[2023-05-22T19:40:40.151+0000] {processor.py:176} INFO - Processing /home/airflow/.local/lib/python3.7/site-packages/airflow/example_dags/example_skip_dag.py took 0.095 seconds
[2023-05-22T19:41:10.523+0000] {processor.py:154} INFO - Started process (PID=1086) to work on /home/airflow/.local/lib/python3.7/site-packages/airflow/example_dags/example_skip_dag.py
[2023-05-22T19:41:10.527+0000] {processor.py:756} INFO - Processing file /home/airflow/.local/lib/python3.7/site-packages/airflow/example_dags/example_skip_dag.py for tasks to queue
[2023-05-22T19:41:10.529+0000] {logging_mixin.py:120} INFO - [2023-05-22T19:41:10.528+0000] {dagbag.py:537} INFO - Filling up the DagBag from /home/airflow/.local/lib/python3.7/site-packages/airflow/example_dags/example_skip_dag.py
[2023-05-22T19:41:10.546+0000] {processor.py:766} INFO - DAG(s) dict_keys(['example_skip_dag']) retrieved from /home/airflow/.local/lib/python3.7/site-packages/airflow/example_dags/example_skip_dag.py
[2023-05-22T19:41:10.578+0000] {logging_mixin.py:120} INFO - [2023-05-22T19:41:10.578+0000] {dag.py:2585} INFO - Sync 1 DAGs
[2023-05-22T19:41:10.594+0000] {logging_mixin.py:120} INFO - [2023-05-22T19:41:10.594+0000] {dag.py:3340} INFO - Setting next_dagrun for example_skip_dag to 2023-05-21T19:41:10.594371+00:00, run_after=2023-05-22T19:41:10.594371+00:00
[2023-05-22T19:41:10.607+0000] {processor.py:176} INFO - Processing /home/airflow/.local/lib/python3.7/site-packages/airflow/example_dags/example_skip_dag.py took 0.090 seconds
[2023-05-22T19:41:40.949+0000] {processor.py:154} INFO - Started process (PID=1150) to work on /home/airflow/.local/lib/python3.7/site-packages/airflow/example_dags/example_skip_dag.py
[2023-05-22T19:41:40.950+0000] {processor.py:756} INFO - Processing file /home/airflow/.local/lib/python3.7/site-packages/airflow/example_dags/example_skip_dag.py for tasks to queue
[2023-05-22T19:41:40.951+0000] {logging_mixin.py:120} INFO - [2023-05-22T19:41:40.951+0000] {dagbag.py:537} INFO - Filling up the DagBag from /home/airflow/.local/lib/python3.7/site-packages/airflow/example_dags/example_skip_dag.py
[2023-05-22T19:41:40.964+0000] {processor.py:766} INFO - DAG(s) dict_keys(['example_skip_dag']) retrieved from /home/airflow/.local/lib/python3.7/site-packages/airflow/example_dags/example_skip_dag.py
[2023-05-22T19:41:40.997+0000] {logging_mixin.py:120} INFO - [2023-05-22T19:41:40.997+0000] {dag.py:2585} INFO - Sync 1 DAGs
[2023-05-22T19:41:41.013+0000] {logging_mixin.py:120} INFO - [2023-05-22T19:41:41.013+0000] {dag.py:3340} INFO - Setting next_dagrun for example_skip_dag to 2023-05-21T19:41:41.013246+00:00, run_after=2023-05-22T19:41:41.013246+00:00
[2023-05-22T19:41:41.026+0000] {processor.py:176} INFO - Processing /home/airflow/.local/lib/python3.7/site-packages/airflow/example_dags/example_skip_dag.py took 0.081 seconds
[2023-05-22T19:42:11.478+0000] {processor.py:154} INFO - Started process (PID=1213) to work on /home/airflow/.local/lib/python3.7/site-packages/airflow/example_dags/example_skip_dag.py
[2023-05-22T19:42:11.480+0000] {processor.py:756} INFO - Processing file /home/airflow/.local/lib/python3.7/site-packages/airflow/example_dags/example_skip_dag.py for tasks to queue
[2023-05-22T19:42:11.481+0000] {logging_mixin.py:120} INFO - [2023-05-22T19:42:11.481+0000] {dagbag.py:537} INFO - Filling up the DagBag from /home/airflow/.local/lib/python3.7/site-packages/airflow/example_dags/example_skip_dag.py
[2023-05-22T19:42:11.497+0000] {processor.py:766} INFO - DAG(s) dict_keys(['example_skip_dag']) retrieved from /home/airflow/.local/lib/python3.7/site-packages/airflow/example_dags/example_skip_dag.py
[2023-05-22T19:42:11.527+0000] {logging_mixin.py:120} INFO - [2023-05-22T19:42:11.527+0000] {dag.py:2585} INFO - Sync 1 DAGs
[2023-05-22T19:42:11.543+0000] {logging_mixin.py:120} INFO - [2023-05-22T19:42:11.543+0000] {dag.py:3340} INFO - Setting next_dagrun for example_skip_dag to 2023-05-21T19:42:11.542894+00:00, run_after=2023-05-22T19:42:11.542894+00:00
[2023-05-22T19:42:11.556+0000] {processor.py:176} INFO - Processing /home/airflow/.local/lib/python3.7/site-packages/airflow/example_dags/example_skip_dag.py took 0.081 seconds
[2023-05-22T19:42:42.070+0000] {processor.py:154} INFO - Started process (PID=1279) to work on /home/airflow/.local/lib/python3.7/site-packages/airflow/example_dags/example_skip_dag.py
[2023-05-22T19:42:42.071+0000] {processor.py:756} INFO - Processing file /home/airflow/.local/lib/python3.7/site-packages/airflow/example_dags/example_skip_dag.py for tasks to queue
[2023-05-22T19:42:42.072+0000] {logging_mixin.py:120} INFO - [2023-05-22T19:42:42.072+0000] {dagbag.py:537} INFO - Filling up the DagBag from /home/airflow/.local/lib/python3.7/site-packages/airflow/example_dags/example_skip_dag.py
[2023-05-22T19:42:42.084+0000] {processor.py:766} INFO - DAG(s) dict_keys(['example_skip_dag']) retrieved from /home/airflow/.local/lib/python3.7/site-packages/airflow/example_dags/example_skip_dag.py
[2023-05-22T19:42:42.118+0000] {logging_mixin.py:120} INFO - [2023-05-22T19:42:42.118+0000] {dag.py:2585} INFO - Sync 1 DAGs
[2023-05-22T19:42:42.135+0000] {logging_mixin.py:120} INFO - [2023-05-22T19:42:42.134+0000] {dag.py:3340} INFO - Setting next_dagrun for example_skip_dag to 2023-05-21T19:42:42.134783+00:00, run_after=2023-05-22T19:42:42.134783+00:00
[2023-05-22T19:42:42.148+0000] {processor.py:176} INFO - Processing /home/airflow/.local/lib/python3.7/site-packages/airflow/example_dags/example_skip_dag.py took 0.082 seconds
[2023-05-22T19:43:12.716+0000] {processor.py:154} INFO - Started process (PID=1345) to work on /home/airflow/.local/lib/python3.7/site-packages/airflow/example_dags/example_skip_dag.py
[2023-05-22T19:43:12.718+0000] {processor.py:756} INFO - Processing file /home/airflow/.local/lib/python3.7/site-packages/airflow/example_dags/example_skip_dag.py for tasks to queue
[2023-05-22T19:43:12.720+0000] {logging_mixin.py:120} INFO - [2023-05-22T19:43:12.720+0000] {dagbag.py:537} INFO - Filling up the DagBag from /home/airflow/.local/lib/python3.7/site-packages/airflow/example_dags/example_skip_dag.py
[2023-05-22T19:43:12.736+0000] {processor.py:766} INFO - DAG(s) dict_keys(['example_skip_dag']) retrieved from /home/airflow/.local/lib/python3.7/site-packages/airflow/example_dags/example_skip_dag.py
[2023-05-22T19:43:12.771+0000] {logging_mixin.py:120} INFO - [2023-05-22T19:43:12.771+0000] {dag.py:2585} INFO - Sync 1 DAGs
[2023-05-22T19:43:12.788+0000] {logging_mixin.py:120} INFO - [2023-05-22T19:43:12.788+0000] {dag.py:3340} INFO - Setting next_dagrun for example_skip_dag to 2023-05-21T19:43:12.788428+00:00, run_after=2023-05-22T19:43:12.788428+00:00
[2023-05-22T19:43:12.800+0000] {processor.py:176} INFO - Processing /home/airflow/.local/lib/python3.7/site-packages/airflow/example_dags/example_skip_dag.py took 0.091 seconds
[2023-05-22T19:43:43.644+0000] {processor.py:154} INFO - Started process (PID=1408) to work on /home/airflow/.local/lib/python3.7/site-packages/airflow/example_dags/example_skip_dag.py
[2023-05-22T19:43:43.646+0000] {processor.py:756} INFO - Processing file /home/airflow/.local/lib/python3.7/site-packages/airflow/example_dags/example_skip_dag.py for tasks to queue
[2023-05-22T19:43:43.649+0000] {logging_mixin.py:120} INFO - [2023-05-22T19:43:43.649+0000] {dagbag.py:537} INFO - Filling up the DagBag from /home/airflow/.local/lib/python3.7/site-packages/airflow/example_dags/example_skip_dag.py
[2023-05-22T19:43:43.666+0000] {processor.py:766} INFO - DAG(s) dict_keys(['example_skip_dag']) retrieved from /home/airflow/.local/lib/python3.7/site-packages/airflow/example_dags/example_skip_dag.py
[2023-05-22T19:43:43.703+0000] {logging_mixin.py:120} INFO - [2023-05-22T19:43:43.703+0000] {dag.py:2585} INFO - Sync 1 DAGs
[2023-05-22T19:43:43.719+0000] {logging_mixin.py:120} INFO - [2023-05-22T19:43:43.719+0000] {dag.py:3340} INFO - Setting next_dagrun for example_skip_dag to 2023-05-21T19:43:43.719386+00:00, run_after=2023-05-22T19:43:43.719386+00:00
[2023-05-22T19:43:43.733+0000] {processor.py:176} INFO - Processing /home/airflow/.local/lib/python3.7/site-packages/airflow/example_dags/example_skip_dag.py took 0.092 seconds
[2023-05-22T19:44:14.443+0000] {processor.py:154} INFO - Started process (PID=1469) to work on /home/airflow/.local/lib/python3.7/site-packages/airflow/example_dags/example_skip_dag.py
[2023-05-22T19:44:14.451+0000] {processor.py:756} INFO - Processing file /home/airflow/.local/lib/python3.7/site-packages/airflow/example_dags/example_skip_dag.py for tasks to queue
[2023-05-22T19:44:14.454+0000] {logging_mixin.py:120} INFO - [2023-05-22T19:44:14.454+0000] {dagbag.py:537} INFO - Filling up the DagBag from /home/airflow/.local/lib/python3.7/site-packages/airflow/example_dags/example_skip_dag.py
[2023-05-22T19:44:14.501+0000] {processor.py:766} INFO - DAG(s) dict_keys(['example_skip_dag']) retrieved from /home/airflow/.local/lib/python3.7/site-packages/airflow/example_dags/example_skip_dag.py
[2023-05-22T19:44:14.567+0000] {logging_mixin.py:120} INFO - [2023-05-22T19:44:14.566+0000] {dag.py:2585} INFO - Sync 1 DAGs
[2023-05-22T19:44:14.591+0000] {logging_mixin.py:120} INFO - [2023-05-22T19:44:14.591+0000] {dag.py:3340} INFO - Setting next_dagrun for example_skip_dag to 2023-05-21T19:44:14.591352+00:00, run_after=2023-05-22T19:44:14.591352+00:00
[2023-05-22T19:44:14.607+0000] {processor.py:176} INFO - Processing /home/airflow/.local/lib/python3.7/site-packages/airflow/example_dags/example_skip_dag.py took 0.170 seconds
[2023-05-22T19:44:45.289+0000] {processor.py:154} INFO - Started process (PID=1525) to work on /home/airflow/.local/lib/python3.7/site-packages/airflow/example_dags/example_skip_dag.py
[2023-05-22T19:44:45.291+0000] {processor.py:756} INFO - Processing file /home/airflow/.local/lib/python3.7/site-packages/airflow/example_dags/example_skip_dag.py for tasks to queue
[2023-05-22T19:44:45.292+0000] {logging_mixin.py:120} INFO - [2023-05-22T19:44:45.291+0000] {dagbag.py:537} INFO - Filling up the DagBag from /home/airflow/.local/lib/python3.7/site-packages/airflow/example_dags/example_skip_dag.py
[2023-05-22T19:44:45.305+0000] {processor.py:766} INFO - DAG(s) dict_keys(['example_skip_dag']) retrieved from /home/airflow/.local/lib/python3.7/site-packages/airflow/example_dags/example_skip_dag.py
[2023-05-22T19:44:45.346+0000] {logging_mixin.py:120} INFO - [2023-05-22T19:44:45.345+0000] {dag.py:2585} INFO - Sync 1 DAGs
[2023-05-22T19:44:45.363+0000] {logging_mixin.py:120} INFO - [2023-05-22T19:44:45.363+0000] {dag.py:3340} INFO - Setting next_dagrun for example_skip_dag to 2023-05-21T19:44:45.363500+00:00, run_after=2023-05-22T19:44:45.363500+00:00
[2023-05-22T19:44:45.377+0000] {processor.py:176} INFO - Processing /home/airflow/.local/lib/python3.7/site-packages/airflow/example_dags/example_skip_dag.py took 0.092 seconds
[2023-05-22T19:45:15.952+0000] {processor.py:154} INFO - Started process (PID=1588) to work on /home/airflow/.local/lib/python3.7/site-packages/airflow/example_dags/example_skip_dag.py
[2023-05-22T19:45:15.955+0000] {processor.py:756} INFO - Processing file /home/airflow/.local/lib/python3.7/site-packages/airflow/example_dags/example_skip_dag.py for tasks to queue
[2023-05-22T19:45:15.956+0000] {logging_mixin.py:120} INFO - [2023-05-22T19:45:15.956+0000] {dagbag.py:537} INFO - Filling up the DagBag from /home/airflow/.local/lib/python3.7/site-packages/airflow/example_dags/example_skip_dag.py
[2023-05-22T19:45:15.972+0000] {processor.py:766} INFO - DAG(s) dict_keys(['example_skip_dag']) retrieved from /home/airflow/.local/lib/python3.7/site-packages/airflow/example_dags/example_skip_dag.py
[2023-05-22T19:45:16.004+0000] {logging_mixin.py:120} INFO - [2023-05-22T19:45:16.004+0000] {dag.py:2585} INFO - Sync 1 DAGs
[2023-05-22T19:45:16.019+0000] {logging_mixin.py:120} INFO - [2023-05-22T19:45:16.019+0000] {dag.py:3340} INFO - Setting next_dagrun for example_skip_dag to 2023-05-21T19:45:16.019630+00:00, run_after=2023-05-22T19:45:16.019630+00:00
[2023-05-22T19:45:16.032+0000] {processor.py:176} INFO - Processing /home/airflow/.local/lib/python3.7/site-packages/airflow/example_dags/example_skip_dag.py took 0.087 seconds
[2023-05-22T19:45:46.310+0000] {processor.py:154} INFO - Started process (PID=1651) to work on /home/airflow/.local/lib/python3.7/site-packages/airflow/example_dags/example_skip_dag.py
[2023-05-22T19:45:46.312+0000] {processor.py:756} INFO - Processing file /home/airflow/.local/lib/python3.7/site-packages/airflow/example_dags/example_skip_dag.py for tasks to queue
[2023-05-22T19:45:46.313+0000] {logging_mixin.py:120} INFO - [2023-05-22T19:45:46.313+0000] {dagbag.py:537} INFO - Filling up the DagBag from /home/airflow/.local/lib/python3.7/site-packages/airflow/example_dags/example_skip_dag.py
[2023-05-22T19:45:46.330+0000] {processor.py:766} INFO - DAG(s) dict_keys(['example_skip_dag']) retrieved from /home/airflow/.local/lib/python3.7/site-packages/airflow/example_dags/example_skip_dag.py
[2023-05-22T19:45:46.378+0000] {logging_mixin.py:120} INFO - [2023-05-22T19:45:46.377+0000] {dag.py:2585} INFO - Sync 1 DAGs
[2023-05-22T19:45:46.403+0000] {logging_mixin.py:120} INFO - [2023-05-22T19:45:46.403+0000] {dag.py:3340} INFO - Setting next_dagrun for example_skip_dag to 2023-05-21T19:45:46.402705+00:00, run_after=2023-05-22T19:45:46.402705+00:00
[2023-05-22T19:45:46.420+0000] {processor.py:176} INFO - Processing /home/airflow/.local/lib/python3.7/site-packages/airflow/example_dags/example_skip_dag.py took 0.115 seconds
[2023-05-22T19:46:16.884+0000] {processor.py:154} INFO - Started process (PID=1713) to work on /home/airflow/.local/lib/python3.7/site-packages/airflow/example_dags/example_skip_dag.py
[2023-05-22T19:46:16.888+0000] {processor.py:756} INFO - Processing file /home/airflow/.local/lib/python3.7/site-packages/airflow/example_dags/example_skip_dag.py for tasks to queue
[2023-05-22T19:46:16.889+0000] {logging_mixin.py:120} INFO - [2023-05-22T19:46:16.889+0000] {dagbag.py:537} INFO - Filling up the DagBag from /home/airflow/.local/lib/python3.7/site-packages/airflow/example_dags/example_skip_dag.py
[2023-05-22T19:46:16.906+0000] {processor.py:766} INFO - DAG(s) dict_keys(['example_skip_dag']) retrieved from /home/airflow/.local/lib/python3.7/site-packages/airflow/example_dags/example_skip_dag.py
[2023-05-22T19:46:16.945+0000] {logging_mixin.py:120} INFO - [2023-05-22T19:46:16.944+0000] {dag.py:2585} INFO - Sync 1 DAGs
[2023-05-22T19:46:16.963+0000] {logging_mixin.py:120} INFO - [2023-05-22T19:46:16.963+0000] {dag.py:3340} INFO - Setting next_dagrun for example_skip_dag to 2023-05-21T19:46:16.962820+00:00, run_after=2023-05-22T19:46:16.962820+00:00
[2023-05-22T19:46:16.976+0000] {processor.py:176} INFO - Processing /home/airflow/.local/lib/python3.7/site-packages/airflow/example_dags/example_skip_dag.py took 0.098 seconds
[2023-05-22T19:46:47.586+0000] {processor.py:154} INFO - Started process (PID=1777) to work on /home/airflow/.local/lib/python3.7/site-packages/airflow/example_dags/example_skip_dag.py
[2023-05-22T19:46:47.588+0000] {processor.py:756} INFO - Processing file /home/airflow/.local/lib/python3.7/site-packages/airflow/example_dags/example_skip_dag.py for tasks to queue
[2023-05-22T19:46:47.589+0000] {logging_mixin.py:120} INFO - [2023-05-22T19:46:47.589+0000] {dagbag.py:537} INFO - Filling up the DagBag from /home/airflow/.local/lib/python3.7/site-packages/airflow/example_dags/example_skip_dag.py
[2023-05-22T19:46:47.601+0000] {processor.py:766} INFO - DAG(s) dict_keys(['example_skip_dag']) retrieved from /home/airflow/.local/lib/python3.7/site-packages/airflow/example_dags/example_skip_dag.py
[2023-05-22T19:46:47.634+0000] {logging_mixin.py:120} INFO - [2023-05-22T19:46:47.634+0000] {dag.py:2585} INFO - Sync 1 DAGs
[2023-05-22T19:46:47.652+0000] {logging_mixin.py:120} INFO - [2023-05-22T19:46:47.652+0000] {dag.py:3340} INFO - Setting next_dagrun for example_skip_dag to 2023-05-21T19:46:47.652255+00:00, run_after=2023-05-22T19:46:47.652255+00:00
[2023-05-22T19:46:47.665+0000] {processor.py:176} INFO - Processing /home/airflow/.local/lib/python3.7/site-packages/airflow/example_dags/example_skip_dag.py took 0.083 seconds
[2023-05-22T19:47:18.038+0000] {processor.py:154} INFO - Started process (PID=1839) to work on /home/airflow/.local/lib/python3.7/site-packages/airflow/example_dags/example_skip_dag.py
[2023-05-22T19:47:18.040+0000] {processor.py:756} INFO - Processing file /home/airflow/.local/lib/python3.7/site-packages/airflow/example_dags/example_skip_dag.py for tasks to queue
[2023-05-22T19:47:18.041+0000] {logging_mixin.py:120} INFO - [2023-05-22T19:47:18.041+0000] {dagbag.py:537} INFO - Filling up the DagBag from /home/airflow/.local/lib/python3.7/site-packages/airflow/example_dags/example_skip_dag.py
[2023-05-22T19:47:18.054+0000] {processor.py:766} INFO - DAG(s) dict_keys(['example_skip_dag']) retrieved from /home/airflow/.local/lib/python3.7/site-packages/airflow/example_dags/example_skip_dag.py
[2023-05-22T19:47:18.089+0000] {logging_mixin.py:120} INFO - [2023-05-22T19:47:18.089+0000] {dag.py:2585} INFO - Sync 1 DAGs
[2023-05-22T19:47:18.111+0000] {logging_mixin.py:120} INFO - [2023-05-22T19:47:18.110+0000] {dag.py:3340} INFO - Setting next_dagrun for example_skip_dag to 2023-05-21T19:47:18.110634+00:00, run_after=2023-05-22T19:47:18.110634+00:00
[2023-05-22T19:47:18.124+0000] {processor.py:176} INFO - Processing /home/airflow/.local/lib/python3.7/site-packages/airflow/example_dags/example_skip_dag.py took 0.091 seconds
[2023-05-22T19:47:48.956+0000] {processor.py:154} INFO - Started process (PID=1895) to work on /home/airflow/.local/lib/python3.7/site-packages/airflow/example_dags/example_skip_dag.py
[2023-05-22T19:47:48.958+0000] {processor.py:756} INFO - Processing file /home/airflow/.local/lib/python3.7/site-packages/airflow/example_dags/example_skip_dag.py for tasks to queue
[2023-05-22T19:47:48.959+0000] {logging_mixin.py:120} INFO - [2023-05-22T19:47:48.959+0000] {dagbag.py:537} INFO - Filling up the DagBag from /home/airflow/.local/lib/python3.7/site-packages/airflow/example_dags/example_skip_dag.py
[2023-05-22T19:47:48.973+0000] {processor.py:766} INFO - DAG(s) dict_keys(['example_skip_dag']) retrieved from /home/airflow/.local/lib/python3.7/site-packages/airflow/example_dags/example_skip_dag.py
[2023-05-22T19:47:49.009+0000] {logging_mixin.py:120} INFO - [2023-05-22T19:47:49.009+0000] {dag.py:2585} INFO - Sync 1 DAGs
[2023-05-22T19:47:49.025+0000] {logging_mixin.py:120} INFO - [2023-05-22T19:47:49.024+0000] {dag.py:3340} INFO - Setting next_dagrun for example_skip_dag to 2023-05-21T19:47:49.024751+00:00, run_after=2023-05-22T19:47:49.024751+00:00
[2023-05-22T19:47:49.038+0000] {processor.py:176} INFO - Processing /home/airflow/.local/lib/python3.7/site-packages/airflow/example_dags/example_skip_dag.py took 0.088 seconds
[2023-05-22T19:48:19.522+0000] {processor.py:154} INFO - Started process (PID=1958) to work on /home/airflow/.local/lib/python3.7/site-packages/airflow/example_dags/example_skip_dag.py
[2023-05-22T19:48:19.525+0000] {processor.py:756} INFO - Processing file /home/airflow/.local/lib/python3.7/site-packages/airflow/example_dags/example_skip_dag.py for tasks to queue
[2023-05-22T19:48:19.527+0000] {logging_mixin.py:120} INFO - [2023-05-22T19:48:19.527+0000] {dagbag.py:537} INFO - Filling up the DagBag from /home/airflow/.local/lib/python3.7/site-packages/airflow/example_dags/example_skip_dag.py
[2023-05-22T19:48:19.549+0000] {processor.py:766} INFO - DAG(s) dict_keys(['example_skip_dag']) retrieved from /home/airflow/.local/lib/python3.7/site-packages/airflow/example_dags/example_skip_dag.py
[2023-05-22T19:48:19.584+0000] {logging_mixin.py:120} INFO - [2023-05-22T19:48:19.584+0000] {dag.py:2585} INFO - Sync 1 DAGs
[2023-05-22T19:48:19.601+0000] {logging_mixin.py:120} INFO - [2023-05-22T19:48:19.601+0000] {dag.py:3340} INFO - Setting next_dagrun for example_skip_dag to 2023-05-21T19:48:19.600947+00:00, run_after=2023-05-22T19:48:19.600947+00:00
[2023-05-22T19:48:19.613+0000] {processor.py:176} INFO - Processing /home/airflow/.local/lib/python3.7/site-packages/airflow/example_dags/example_skip_dag.py took 0.098 seconds
[2023-05-22T19:48:49.996+0000] {processor.py:154} INFO - Started process (PID=2020) to work on /home/airflow/.local/lib/python3.7/site-packages/airflow/example_dags/example_skip_dag.py
[2023-05-22T19:48:49.998+0000] {processor.py:756} INFO - Processing file /home/airflow/.local/lib/python3.7/site-packages/airflow/example_dags/example_skip_dag.py for tasks to queue
[2023-05-22T19:48:49.999+0000] {logging_mixin.py:120} INFO - [2023-05-22T19:48:49.999+0000] {dagbag.py:537} INFO - Filling up the DagBag from /home/airflow/.local/lib/python3.7/site-packages/airflow/example_dags/example_skip_dag.py
[2023-05-22T19:48:50.012+0000] {processor.py:766} INFO - DAG(s) dict_keys(['example_skip_dag']) retrieved from /home/airflow/.local/lib/python3.7/site-packages/airflow/example_dags/example_skip_dag.py
[2023-05-22T19:48:50.047+0000] {logging_mixin.py:120} INFO - [2023-05-22T19:48:50.047+0000] {dag.py:2585} INFO - Sync 1 DAGs
[2023-05-22T19:48:50.064+0000] {logging_mixin.py:120} INFO - [2023-05-22T19:48:50.064+0000] {dag.py:3340} INFO - Setting next_dagrun for example_skip_dag to 2023-05-21T19:48:50.064040+00:00, run_after=2023-05-22T19:48:50.064040+00:00
[2023-05-22T19:48:50.078+0000] {processor.py:176} INFO - Processing /home/airflow/.local/lib/python3.7/site-packages/airflow/example_dags/example_skip_dag.py took 0.085 seconds
[2023-05-22T19:49:20.569+0000] {processor.py:154} INFO - Started process (PID=2083) to work on /home/airflow/.local/lib/python3.7/site-packages/airflow/example_dags/example_skip_dag.py
[2023-05-22T19:49:20.572+0000] {processor.py:756} INFO - Processing file /home/airflow/.local/lib/python3.7/site-packages/airflow/example_dags/example_skip_dag.py for tasks to queue
[2023-05-22T19:49:20.575+0000] {logging_mixin.py:120} INFO - [2023-05-22T19:49:20.575+0000] {dagbag.py:537} INFO - Filling up the DagBag from /home/airflow/.local/lib/python3.7/site-packages/airflow/example_dags/example_skip_dag.py
[2023-05-22T19:49:20.594+0000] {processor.py:766} INFO - DAG(s) dict_keys(['example_skip_dag']) retrieved from /home/airflow/.local/lib/python3.7/site-packages/airflow/example_dags/example_skip_dag.py
[2023-05-22T19:49:20.626+0000] {logging_mixin.py:120} INFO - [2023-05-22T19:49:20.626+0000] {dag.py:2585} INFO - Sync 1 DAGs
[2023-05-22T19:49:20.643+0000] {logging_mixin.py:120} INFO - [2023-05-22T19:49:20.643+0000] {dag.py:3340} INFO - Setting next_dagrun for example_skip_dag to 2023-05-21T19:49:20.642902+00:00, run_after=2023-05-22T19:49:20.642902+00:00
[2023-05-22T19:49:20.655+0000] {processor.py:176} INFO - Processing /home/airflow/.local/lib/python3.7/site-packages/airflow/example_dags/example_skip_dag.py took 0.093 seconds
[2023-05-22T19:49:51.256+0000] {processor.py:154} INFO - Started process (PID=2146) to work on /home/airflow/.local/lib/python3.7/site-packages/airflow/example_dags/example_skip_dag.py
[2023-05-22T19:49:51.259+0000] {processor.py:756} INFO - Processing file /home/airflow/.local/lib/python3.7/site-packages/airflow/example_dags/example_skip_dag.py for tasks to queue
[2023-05-22T19:49:51.261+0000] {logging_mixin.py:120} INFO - [2023-05-22T19:49:51.261+0000] {dagbag.py:537} INFO - Filling up the DagBag from /home/airflow/.local/lib/python3.7/site-packages/airflow/example_dags/example_skip_dag.py
[2023-05-22T19:49:51.282+0000] {processor.py:766} INFO - DAG(s) dict_keys(['example_skip_dag']) retrieved from /home/airflow/.local/lib/python3.7/site-packages/airflow/example_dags/example_skip_dag.py
[2023-05-22T19:49:51.316+0000] {logging_mixin.py:120} INFO - [2023-05-22T19:49:51.316+0000] {dag.py:2585} INFO - Sync 1 DAGs
[2023-05-22T19:49:51.334+0000] {logging_mixin.py:120} INFO - [2023-05-22T19:49:51.334+0000] {dag.py:3340} INFO - Setting next_dagrun for example_skip_dag to 2023-05-21T19:49:51.334011+00:00, run_after=2023-05-22T19:49:51.334011+00:00
[2023-05-22T19:49:51.348+0000] {processor.py:176} INFO - Processing /home/airflow/.local/lib/python3.7/site-packages/airflow/example_dags/example_skip_dag.py took 0.098 seconds
[2023-05-22T19:50:21.810+0000] {processor.py:154} INFO - Started process (PID=2210) to work on /home/airflow/.local/lib/python3.7/site-packages/airflow/example_dags/example_skip_dag.py
[2023-05-22T19:50:21.811+0000] {processor.py:756} INFO - Processing file /home/airflow/.local/lib/python3.7/site-packages/airflow/example_dags/example_skip_dag.py for tasks to queue
[2023-05-22T19:50:21.812+0000] {logging_mixin.py:120} INFO - [2023-05-22T19:50:21.812+0000] {dagbag.py:537} INFO - Filling up the DagBag from /home/airflow/.local/lib/python3.7/site-packages/airflow/example_dags/example_skip_dag.py
[2023-05-22T19:50:21.825+0000] {processor.py:766} INFO - DAG(s) dict_keys(['example_skip_dag']) retrieved from /home/airflow/.local/lib/python3.7/site-packages/airflow/example_dags/example_skip_dag.py
[2023-05-22T19:50:21.860+0000] {logging_mixin.py:120} INFO - [2023-05-22T19:50:21.860+0000] {dag.py:2585} INFO - Sync 1 DAGs
[2023-05-22T19:50:21.881+0000] {logging_mixin.py:120} INFO - [2023-05-22T19:50:21.881+0000] {dag.py:3340} INFO - Setting next_dagrun for example_skip_dag to 2023-05-21T19:50:21.880803+00:00, run_after=2023-05-22T19:50:21.880803+00:00
[2023-05-22T19:50:21.895+0000] {processor.py:176} INFO - Processing /home/airflow/.local/lib/python3.7/site-packages/airflow/example_dags/example_skip_dag.py took 0.089 seconds
[2023-05-22T19:50:52.663+0000] {processor.py:154} INFO - Started process (PID=2263) to work on /home/airflow/.local/lib/python3.7/site-packages/airflow/example_dags/example_skip_dag.py
[2023-05-22T19:50:52.668+0000] {processor.py:756} INFO - Processing file /home/airflow/.local/lib/python3.7/site-packages/airflow/example_dags/example_skip_dag.py for tasks to queue
[2023-05-22T19:50:52.669+0000] {logging_mixin.py:120} INFO - [2023-05-22T19:50:52.669+0000] {dagbag.py:537} INFO - Filling up the DagBag from /home/airflow/.local/lib/python3.7/site-packages/airflow/example_dags/example_skip_dag.py
[2023-05-22T19:50:52.687+0000] {processor.py:766} INFO - DAG(s) dict_keys(['example_skip_dag']) retrieved from /home/airflow/.local/lib/python3.7/site-packages/airflow/example_dags/example_skip_dag.py
[2023-05-22T19:50:52.728+0000] {logging_mixin.py:120} INFO - [2023-05-22T19:50:52.728+0000] {dag.py:2585} INFO - Sync 1 DAGs
[2023-05-22T19:50:52.747+0000] {logging_mixin.py:120} INFO - [2023-05-22T19:50:52.747+0000] {dag.py:3340} INFO - Setting next_dagrun for example_skip_dag to 2023-05-21T19:50:52.747385+00:00, run_after=2023-05-22T19:50:52.747385+00:00
[2023-05-22T19:50:52.761+0000] {processor.py:176} INFO - Processing /home/airflow/.local/lib/python3.7/site-packages/airflow/example_dags/example_skip_dag.py took 0.105 seconds
[2023-05-22T19:51:23.403+0000] {processor.py:154} INFO - Started process (PID=2326) to work on /home/airflow/.local/lib/python3.7/site-packages/airflow/example_dags/example_skip_dag.py
[2023-05-22T19:51:23.405+0000] {processor.py:756} INFO - Processing file /home/airflow/.local/lib/python3.7/site-packages/airflow/example_dags/example_skip_dag.py for tasks to queue
[2023-05-22T19:51:23.406+0000] {logging_mixin.py:120} INFO - [2023-05-22T19:51:23.406+0000] {dagbag.py:537} INFO - Filling up the DagBag from /home/airflow/.local/lib/python3.7/site-packages/airflow/example_dags/example_skip_dag.py
[2023-05-22T19:51:23.417+0000] {processor.py:766} INFO - DAG(s) dict_keys(['example_skip_dag']) retrieved from /home/airflow/.local/lib/python3.7/site-packages/airflow/example_dags/example_skip_dag.py
[2023-05-22T19:51:23.450+0000] {logging_mixin.py:120} INFO - [2023-05-22T19:51:23.450+0000] {dag.py:2585} INFO - Sync 1 DAGs
[2023-05-22T19:51:23.467+0000] {logging_mixin.py:120} INFO - [2023-05-22T19:51:23.467+0000] {dag.py:3340} INFO - Setting next_dagrun for example_skip_dag to 2023-05-21T19:51:23.467520+00:00, run_after=2023-05-22T19:51:23.467520+00:00
[2023-05-22T19:51:23.482+0000] {processor.py:176} INFO - Processing /home/airflow/.local/lib/python3.7/site-packages/airflow/example_dags/example_skip_dag.py took 0.082 seconds
[2023-05-22T19:51:53.867+0000] {processor.py:154} INFO - Started process (PID=2389) to work on /home/airflow/.local/lib/python3.7/site-packages/airflow/example_dags/example_skip_dag.py
[2023-05-22T19:51:53.868+0000] {processor.py:756} INFO - Processing file /home/airflow/.local/lib/python3.7/site-packages/airflow/example_dags/example_skip_dag.py for tasks to queue
[2023-05-22T19:51:53.869+0000] {logging_mixin.py:120} INFO - [2023-05-22T19:51:53.869+0000] {dagbag.py:537} INFO - Filling up the DagBag from /home/airflow/.local/lib/python3.7/site-packages/airflow/example_dags/example_skip_dag.py
[2023-05-22T19:51:53.881+0000] {processor.py:766} INFO - DAG(s) dict_keys(['example_skip_dag']) retrieved from /home/airflow/.local/lib/python3.7/site-packages/airflow/example_dags/example_skip_dag.py
[2023-05-22T19:51:53.913+0000] {logging_mixin.py:120} INFO - [2023-05-22T19:51:53.913+0000] {dag.py:2585} INFO - Sync 1 DAGs
[2023-05-22T19:51:53.928+0000] {logging_mixin.py:120} INFO - [2023-05-22T19:51:53.928+0000] {dag.py:3340} INFO - Setting next_dagrun for example_skip_dag to 2023-05-21T19:51:53.928670+00:00, run_after=2023-05-22T19:51:53.928670+00:00
[2023-05-22T19:51:53.941+0000] {processor.py:176} INFO - Processing /home/airflow/.local/lib/python3.7/site-packages/airflow/example_dags/example_skip_dag.py took 0.077 seconds
[2023-05-22T19:52:24.453+0000] {processor.py:154} INFO - Started process (PID=2452) to work on /home/airflow/.local/lib/python3.7/site-packages/airflow/example_dags/example_skip_dag.py
[2023-05-22T19:52:24.458+0000] {processor.py:756} INFO - Processing file /home/airflow/.local/lib/python3.7/site-packages/airflow/example_dags/example_skip_dag.py for tasks to queue
[2023-05-22T19:52:24.460+0000] {logging_mixin.py:120} INFO - [2023-05-22T19:52:24.460+0000] {dagbag.py:537} INFO - Filling up the DagBag from /home/airflow/.local/lib/python3.7/site-packages/airflow/example_dags/example_skip_dag.py
[2023-05-22T19:52:24.480+0000] {processor.py:766} INFO - DAG(s) dict_keys(['example_skip_dag']) retrieved from /home/airflow/.local/lib/python3.7/site-packages/airflow/example_dags/example_skip_dag.py
[2023-05-22T19:52:24.513+0000] {logging_mixin.py:120} INFO - [2023-05-22T19:52:24.512+0000] {dag.py:2585} INFO - Sync 1 DAGs
[2023-05-22T19:52:24.529+0000] {logging_mixin.py:120} INFO - [2023-05-22T19:52:24.529+0000] {dag.py:3340} INFO - Setting next_dagrun for example_skip_dag to 2023-05-21T19:52:24.529501+00:00, run_after=2023-05-22T19:52:24.529501+00:00
[2023-05-22T19:52:24.542+0000] {processor.py:176} INFO - Processing /home/airflow/.local/lib/python3.7/site-packages/airflow/example_dags/example_skip_dag.py took 0.097 seconds
[2023-05-22T19:52:54.955+0000] {processor.py:154} INFO - Started process (PID=2517) to work on /home/airflow/.local/lib/python3.7/site-packages/airflow/example_dags/example_skip_dag.py
[2023-05-22T19:52:54.957+0000] {processor.py:756} INFO - Processing file /home/airflow/.local/lib/python3.7/site-packages/airflow/example_dags/example_skip_dag.py for tasks to queue
[2023-05-22T19:52:54.958+0000] {logging_mixin.py:120} INFO - [2023-05-22T19:52:54.958+0000] {dagbag.py:537} INFO - Filling up the DagBag from /home/airflow/.local/lib/python3.7/site-packages/airflow/example_dags/example_skip_dag.py
[2023-05-22T19:52:54.972+0000] {processor.py:766} INFO - DAG(s) dict_keys(['example_skip_dag']) retrieved from /home/airflow/.local/lib/python3.7/site-packages/airflow/example_dags/example_skip_dag.py
[2023-05-22T19:52:55.008+0000] {logging_mixin.py:120} INFO - [2023-05-22T19:52:55.008+0000] {dag.py:2585} INFO - Sync 1 DAGs
[2023-05-22T19:52:55.025+0000] {logging_mixin.py:120} INFO - [2023-05-22T19:52:55.025+0000] {dag.py:3340} INFO - Setting next_dagrun for example_skip_dag to 2023-05-21T19:52:55.025070+00:00, run_after=2023-05-22T19:52:55.025070+00:00
[2023-05-22T19:52:55.038+0000] {processor.py:176} INFO - Processing /home/airflow/.local/lib/python3.7/site-packages/airflow/example_dags/example_skip_dag.py took 0.088 seconds
[2023-05-22T19:53:25.478+0000] {processor.py:154} INFO - Started process (PID=2579) to work on /home/airflow/.local/lib/python3.7/site-packages/airflow/example_dags/example_skip_dag.py
[2023-05-22T19:53:25.480+0000] {processor.py:756} INFO - Processing file /home/airflow/.local/lib/python3.7/site-packages/airflow/example_dags/example_skip_dag.py for tasks to queue
[2023-05-22T19:53:25.481+0000] {logging_mixin.py:120} INFO - [2023-05-22T19:53:25.481+0000] {dagbag.py:537} INFO - Filling up the DagBag from /home/airflow/.local/lib/python3.7/site-packages/airflow/example_dags/example_skip_dag.py
[2023-05-22T19:53:25.499+0000] {processor.py:766} INFO - DAG(s) dict_keys(['example_skip_dag']) retrieved from /home/airflow/.local/lib/python3.7/site-packages/airflow/example_dags/example_skip_dag.py
[2023-05-22T19:53:25.553+0000] {logging_mixin.py:120} INFO - [2023-05-22T19:53:25.553+0000] {dag.py:2585} INFO - Sync 1 DAGs
[2023-05-22T19:53:25.576+0000] {logging_mixin.py:120} INFO - [2023-05-22T19:53:25.576+0000] {dag.py:3340} INFO - Setting next_dagrun for example_skip_dag to 2023-05-21T19:53:25.576421+00:00, run_after=2023-05-22T19:53:25.576421+00:00
[2023-05-22T19:53:25.592+0000] {processor.py:176} INFO - Processing /home/airflow/.local/lib/python3.7/site-packages/airflow/example_dags/example_skip_dag.py took 0.118 seconds
[2023-05-22T19:53:56.065+0000] {processor.py:154} INFO - Started process (PID=2633) to work on /home/airflow/.local/lib/python3.7/site-packages/airflow/example_dags/example_skip_dag.py
[2023-05-22T19:53:56.066+0000] {processor.py:756} INFO - Processing file /home/airflow/.local/lib/python3.7/site-packages/airflow/example_dags/example_skip_dag.py for tasks to queue
[2023-05-22T19:53:56.067+0000] {logging_mixin.py:120} INFO - [2023-05-22T19:53:56.067+0000] {dagbag.py:537} INFO - Filling up the DagBag from /home/airflow/.local/lib/python3.7/site-packages/airflow/example_dags/example_skip_dag.py
[2023-05-22T19:53:56.090+0000] {processor.py:766} INFO - DAG(s) dict_keys(['example_skip_dag']) retrieved from /home/airflow/.local/lib/python3.7/site-packages/airflow/example_dags/example_skip_dag.py
[2023-05-22T19:53:56.130+0000] {logging_mixin.py:120} INFO - [2023-05-22T19:53:56.130+0000] {dag.py:2585} INFO - Sync 1 DAGs
[2023-05-22T19:53:56.150+0000] {logging_mixin.py:120} INFO - [2023-05-22T19:53:56.150+0000] {dag.py:3340} INFO - Setting next_dagrun for example_skip_dag to 2023-05-21T19:53:56.150011+00:00, run_after=2023-05-22T19:53:56.150011+00:00
[2023-05-22T19:53:56.165+0000] {processor.py:176} INFO - Processing /home/airflow/.local/lib/python3.7/site-packages/airflow/example_dags/example_skip_dag.py took 0.103 seconds
[2023-05-22T19:54:26.699+0000] {processor.py:154} INFO - Started process (PID=2696) to work on /home/airflow/.local/lib/python3.7/site-packages/airflow/example_dags/example_skip_dag.py
[2023-05-22T19:54:26.703+0000] {processor.py:756} INFO - Processing file /home/airflow/.local/lib/python3.7/site-packages/airflow/example_dags/example_skip_dag.py for tasks to queue
[2023-05-22T19:54:26.704+0000] {logging_mixin.py:120} INFO - [2023-05-22T19:54:26.704+0000] {dagbag.py:537} INFO - Filling up the DagBag from /home/airflow/.local/lib/python3.7/site-packages/airflow/example_dags/example_skip_dag.py
[2023-05-22T19:54:26.724+0000] {processor.py:766} INFO - DAG(s) dict_keys(['example_skip_dag']) retrieved from /home/airflow/.local/lib/python3.7/site-packages/airflow/example_dags/example_skip_dag.py
[2023-05-22T19:54:26.759+0000] {logging_mixin.py:120} INFO - [2023-05-22T19:54:26.759+0000] {dag.py:2585} INFO - Sync 1 DAGs
[2023-05-22T19:54:26.776+0000] {logging_mixin.py:120} INFO - [2023-05-22T19:54:26.776+0000] {dag.py:3340} INFO - Setting next_dagrun for example_skip_dag to 2023-05-21T19:54:26.776260+00:00, run_after=2023-05-22T19:54:26.776260+00:00
[2023-05-22T19:54:26.787+0000] {processor.py:176} INFO - Processing /home/airflow/.local/lib/python3.7/site-packages/airflow/example_dags/example_skip_dag.py took 0.096 seconds
[2023-05-22T19:54:57.339+0000] {processor.py:154} INFO - Started process (PID=2759) to work on /home/airflow/.local/lib/python3.7/site-packages/airflow/example_dags/example_skip_dag.py
[2023-05-22T19:54:57.340+0000] {processor.py:756} INFO - Processing file /home/airflow/.local/lib/python3.7/site-packages/airflow/example_dags/example_skip_dag.py for tasks to queue
[2023-05-22T19:54:57.342+0000] {logging_mixin.py:120} INFO - [2023-05-22T19:54:57.341+0000] {dagbag.py:537} INFO - Filling up the DagBag from /home/airflow/.local/lib/python3.7/site-packages/airflow/example_dags/example_skip_dag.py
[2023-05-22T19:54:57.355+0000] {processor.py:766} INFO - DAG(s) dict_keys(['example_skip_dag']) retrieved from /home/airflow/.local/lib/python3.7/site-packages/airflow/example_dags/example_skip_dag.py
[2023-05-22T19:54:57.395+0000] {logging_mixin.py:120} INFO - [2023-05-22T19:54:57.395+0000] {dag.py:2585} INFO - Sync 1 DAGs
[2023-05-22T19:54:57.413+0000] {logging_mixin.py:120} INFO - [2023-05-22T19:54:57.413+0000] {dag.py:3340} INFO - Setting next_dagrun for example_skip_dag to 2023-05-21T19:54:57.412834+00:00, run_after=2023-05-22T19:54:57.412834+00:00
[2023-05-22T19:54:57.426+0000] {processor.py:176} INFO - Processing /home/airflow/.local/lib/python3.7/site-packages/airflow/example_dags/example_skip_dag.py took 0.090 seconds
[2023-05-22T19:55:28.143+0000] {processor.py:154} INFO - Started process (PID=2821) to work on /home/airflow/.local/lib/python3.7/site-packages/airflow/example_dags/example_skip_dag.py
[2023-05-22T19:55:28.147+0000] {processor.py:756} INFO - Processing file /home/airflow/.local/lib/python3.7/site-packages/airflow/example_dags/example_skip_dag.py for tasks to queue
[2023-05-22T19:55:28.149+0000] {logging_mixin.py:120} INFO - [2023-05-22T19:55:28.149+0000] {dagbag.py:537} INFO - Filling up the DagBag from /home/airflow/.local/lib/python3.7/site-packages/airflow/example_dags/example_skip_dag.py
[2023-05-22T19:55:28.169+0000] {processor.py:766} INFO - DAG(s) dict_keys(['example_skip_dag']) retrieved from /home/airflow/.local/lib/python3.7/site-packages/airflow/example_dags/example_skip_dag.py
[2023-05-22T19:55:28.202+0000] {logging_mixin.py:120} INFO - [2023-05-22T19:55:28.202+0000] {dag.py:2585} INFO - Sync 1 DAGs
[2023-05-22T19:55:28.219+0000] {logging_mixin.py:120} INFO - [2023-05-22T19:55:28.219+0000] {dag.py:3340} INFO - Setting next_dagrun for example_skip_dag to 2023-05-21T19:55:28.219097+00:00, run_after=2023-05-22T19:55:28.219097+00:00
[2023-05-22T19:55:28.231+0000] {processor.py:176} INFO - Processing /home/airflow/.local/lib/python3.7/site-packages/airflow/example_dags/example_skip_dag.py took 0.095 seconds
[2023-05-22T19:55:58.748+0000] {processor.py:154} INFO - Started process (PID=2885) to work on /home/airflow/.local/lib/python3.7/site-packages/airflow/example_dags/example_skip_dag.py
[2023-05-22T19:55:58.751+0000] {processor.py:756} INFO - Processing file /home/airflow/.local/lib/python3.7/site-packages/airflow/example_dags/example_skip_dag.py for tasks to queue
[2023-05-22T19:55:58.754+0000] {logging_mixin.py:120} INFO - [2023-05-22T19:55:58.754+0000] {dagbag.py:537} INFO - Filling up the DagBag from /home/airflow/.local/lib/python3.7/site-packages/airflow/example_dags/example_skip_dag.py
[2023-05-22T19:55:58.772+0000] {processor.py:766} INFO - DAG(s) dict_keys(['example_skip_dag']) retrieved from /home/airflow/.local/lib/python3.7/site-packages/airflow/example_dags/example_skip_dag.py
[2023-05-22T19:55:58.807+0000] {logging_mixin.py:120} INFO - [2023-05-22T19:55:58.807+0000] {dag.py:2585} INFO - Sync 1 DAGs
[2023-05-22T19:55:58.825+0000] {logging_mixin.py:120} INFO - [2023-05-22T19:55:58.825+0000] {dag.py:3340} INFO - Setting next_dagrun for example_skip_dag to 2023-05-21T19:55:58.825513+00:00, run_after=2023-05-22T19:55:58.825513+00:00
[2023-05-22T19:55:58.838+0000] {processor.py:176} INFO - Processing /home/airflow/.local/lib/python3.7/site-packages/airflow/example_dags/example_skip_dag.py took 0.094 seconds
[2023-05-22T19:56:29.407+0000] {processor.py:154} INFO - Started process (PID=2947) to work on /home/airflow/.local/lib/python3.7/site-packages/airflow/example_dags/example_skip_dag.py
[2023-05-22T19:56:29.410+0000] {processor.py:756} INFO - Processing file /home/airflow/.local/lib/python3.7/site-packages/airflow/example_dags/example_skip_dag.py for tasks to queue
[2023-05-22T19:56:29.412+0000] {logging_mixin.py:120} INFO - [2023-05-22T19:56:29.411+0000] {dagbag.py:537} INFO - Filling up the DagBag from /home/airflow/.local/lib/python3.7/site-packages/airflow/example_dags/example_skip_dag.py
[2023-05-22T19:56:29.428+0000] {processor.py:766} INFO - DAG(s) dict_keys(['example_skip_dag']) retrieved from /home/airflow/.local/lib/python3.7/site-packages/airflow/example_dags/example_skip_dag.py
[2023-05-22T19:56:29.467+0000] {logging_mixin.py:120} INFO - [2023-05-22T19:56:29.466+0000] {dag.py:2585} INFO - Sync 1 DAGs
[2023-05-22T19:56:29.486+0000] {logging_mixin.py:120} INFO - [2023-05-22T19:56:29.486+0000] {dag.py:3340} INFO - Setting next_dagrun for example_skip_dag to 2023-05-21T19:56:29.485849+00:00, run_after=2023-05-22T19:56:29.485849+00:00
[2023-05-22T19:56:29.501+0000] {processor.py:176} INFO - Processing /home/airflow/.local/lib/python3.7/site-packages/airflow/example_dags/example_skip_dag.py took 0.101 seconds
[2023-05-22T19:57:00.370+0000] {processor.py:154} INFO - Started process (PID=3010) to work on /home/airflow/.local/lib/python3.7/site-packages/airflow/example_dags/example_skip_dag.py
[2023-05-22T19:57:00.372+0000] {processor.py:756} INFO - Processing file /home/airflow/.local/lib/python3.7/site-packages/airflow/example_dags/example_skip_dag.py for tasks to queue
[2023-05-22T19:57:00.373+0000] {logging_mixin.py:120} INFO - [2023-05-22T19:57:00.373+0000] {dagbag.py:537} INFO - Filling up the DagBag from /home/airflow/.local/lib/python3.7/site-packages/airflow/example_dags/example_skip_dag.py
[2023-05-22T19:57:00.395+0000] {processor.py:766} INFO - DAG(s) dict_keys(['example_skip_dag']) retrieved from /home/airflow/.local/lib/python3.7/site-packages/airflow/example_dags/example_skip_dag.py
[2023-05-22T19:57:00.455+0000] {logging_mixin.py:120} INFO - [2023-05-22T19:57:00.455+0000] {dag.py:2585} INFO - Sync 1 DAGs
[2023-05-22T19:57:00.493+0000] {logging_mixin.py:120} INFO - [2023-05-22T19:57:00.492+0000] {dag.py:3340} INFO - Setting next_dagrun for example_skip_dag to 2023-05-21T19:57:00.492767+00:00, run_after=2023-05-22T19:57:00.492767+00:00
[2023-05-22T19:57:00.506+0000] {processor.py:176} INFO - Processing /home/airflow/.local/lib/python3.7/site-packages/airflow/example_dags/example_skip_dag.py took 0.138 seconds
[2023-05-22T19:57:31.163+0000] {processor.py:154} INFO - Started process (PID=3066) to work on /home/airflow/.local/lib/python3.7/site-packages/airflow/example_dags/example_skip_dag.py
[2023-05-22T19:57:31.165+0000] {processor.py:756} INFO - Processing file /home/airflow/.local/lib/python3.7/site-packages/airflow/example_dags/example_skip_dag.py for tasks to queue
[2023-05-22T19:57:31.167+0000] {logging_mixin.py:120} INFO - [2023-05-22T19:57:31.166+0000] {dagbag.py:537} INFO - Filling up the DagBag from /home/airflow/.local/lib/python3.7/site-packages/airflow/example_dags/example_skip_dag.py
[2023-05-22T19:57:31.183+0000] {processor.py:766} INFO - DAG(s) dict_keys(['example_skip_dag']) retrieved from /home/airflow/.local/lib/python3.7/site-packages/airflow/example_dags/example_skip_dag.py
[2023-05-22T19:57:31.216+0000] {logging_mixin.py:120} INFO - [2023-05-22T19:57:31.216+0000] {dag.py:2585} INFO - Sync 1 DAGs
[2023-05-22T19:57:31.234+0000] {logging_mixin.py:120} INFO - [2023-05-22T19:57:31.234+0000] {dag.py:3340} INFO - Setting next_dagrun for example_skip_dag to 2023-05-21T19:57:31.234411+00:00, run_after=2023-05-22T19:57:31.234411+00:00
[2023-05-22T19:57:31.250+0000] {processor.py:176} INFO - Processing /home/airflow/.local/lib/python3.7/site-packages/airflow/example_dags/example_skip_dag.py took 0.091 seconds
[2023-05-22T20:18:16.509+0000] {processor.py:154} INFO - Started process (PID=3111) to work on /home/airflow/.local/lib/python3.7/site-packages/airflow/example_dags/example_skip_dag.py
[2023-05-22T20:18:16.512+0000] {processor.py:756} INFO - Processing file /home/airflow/.local/lib/python3.7/site-packages/airflow/example_dags/example_skip_dag.py for tasks to queue
[2023-05-22T20:18:16.514+0000] {logging_mixin.py:120} INFO - [2023-05-22T20:18:16.513+0000] {dagbag.py:537} INFO - Filling up the DagBag from /home/airflow/.local/lib/python3.7/site-packages/airflow/example_dags/example_skip_dag.py
[2023-05-22T20:18:16.537+0000] {processor.py:766} INFO - DAG(s) dict_keys(['example_skip_dag']) retrieved from /home/airflow/.local/lib/python3.7/site-packages/airflow/example_dags/example_skip_dag.py
[2023-05-22T20:18:16.601+0000] {logging_mixin.py:120} INFO - [2023-05-22T20:18:16.601+0000] {dag.py:2585} INFO - Sync 1 DAGs
[2023-05-22T20:18:16.627+0000] {logging_mixin.py:120} INFO - [2023-05-22T20:18:16.627+0000] {dag.py:3340} INFO - Setting next_dagrun for example_skip_dag to 2023-05-21T20:18:16.627456+00:00, run_after=2023-05-22T20:18:16.627456+00:00
[2023-05-22T20:18:16.657+0000] {processor.py:176} INFO - Processing /home/airflow/.local/lib/python3.7/site-packages/airflow/example_dags/example_skip_dag.py took 0.158 seconds
[2023-05-22T20:18:47.008+0000] {processor.py:154} INFO - Started process (PID=3175) to work on /home/airflow/.local/lib/python3.7/site-packages/airflow/example_dags/example_skip_dag.py
[2023-05-22T20:18:47.010+0000] {processor.py:756} INFO - Processing file /home/airflow/.local/lib/python3.7/site-packages/airflow/example_dags/example_skip_dag.py for tasks to queue
[2023-05-22T20:18:47.011+0000] {logging_mixin.py:120} INFO - [2023-05-22T20:18:47.010+0000] {dagbag.py:537} INFO - Filling up the DagBag from /home/airflow/.local/lib/python3.7/site-packages/airflow/example_dags/example_skip_dag.py
[2023-05-22T20:18:47.022+0000] {processor.py:766} INFO - DAG(s) dict_keys(['example_skip_dag']) retrieved from /home/airflow/.local/lib/python3.7/site-packages/airflow/example_dags/example_skip_dag.py
[2023-05-22T20:18:47.053+0000] {logging_mixin.py:120} INFO - [2023-05-22T20:18:47.053+0000] {dag.py:2585} INFO - Sync 1 DAGs
[2023-05-22T20:18:47.070+0000] {logging_mixin.py:120} INFO - [2023-05-22T20:18:47.070+0000] {dag.py:3340} INFO - Setting next_dagrun for example_skip_dag to 2023-05-21T20:18:47.070273+00:00, run_after=2023-05-22T20:18:47.070273+00:00
[2023-05-22T20:18:47.081+0000] {processor.py:176} INFO - Processing /home/airflow/.local/lib/python3.7/site-packages/airflow/example_dags/example_skip_dag.py took 0.076 seconds
[2023-05-22T20:19:17.764+0000] {processor.py:154} INFO - Started process (PID=3238) to work on /home/airflow/.local/lib/python3.7/site-packages/airflow/example_dags/example_skip_dag.py
[2023-05-22T20:19:17.765+0000] {processor.py:756} INFO - Processing file /home/airflow/.local/lib/python3.7/site-packages/airflow/example_dags/example_skip_dag.py for tasks to queue
[2023-05-22T20:19:17.766+0000] {logging_mixin.py:120} INFO - [2023-05-22T20:19:17.766+0000] {dagbag.py:537} INFO - Filling up the DagBag from /home/airflow/.local/lib/python3.7/site-packages/airflow/example_dags/example_skip_dag.py
[2023-05-22T20:19:17.778+0000] {processor.py:766} INFO - DAG(s) dict_keys(['example_skip_dag']) retrieved from /home/airflow/.local/lib/python3.7/site-packages/airflow/example_dags/example_skip_dag.py
[2023-05-22T20:19:17.810+0000] {logging_mixin.py:120} INFO - [2023-05-22T20:19:17.810+0000] {dag.py:2585} INFO - Sync 1 DAGs
[2023-05-22T20:19:17.826+0000] {logging_mixin.py:120} INFO - [2023-05-22T20:19:17.826+0000] {dag.py:3340} INFO - Setting next_dagrun for example_skip_dag to 2023-05-21T20:19:17.826573+00:00, run_after=2023-05-22T20:19:17.826573+00:00
[2023-05-22T20:19:17.840+0000] {processor.py:176} INFO - Processing /home/airflow/.local/lib/python3.7/site-packages/airflow/example_dags/example_skip_dag.py took 0.078 seconds
[2023-05-22T20:19:48.540+0000] {processor.py:154} INFO - Started process (PID=3301) to work on /home/airflow/.local/lib/python3.7/site-packages/airflow/example_dags/example_skip_dag.py
[2023-05-22T20:19:48.541+0000] {processor.py:756} INFO - Processing file /home/airflow/.local/lib/python3.7/site-packages/airflow/example_dags/example_skip_dag.py for tasks to queue
[2023-05-22T20:19:48.543+0000] {logging_mixin.py:120} INFO - [2023-05-22T20:19:48.543+0000] {dagbag.py:537} INFO - Filling up the DagBag from /home/airflow/.local/lib/python3.7/site-packages/airflow/example_dags/example_skip_dag.py
[2023-05-22T20:19:48.554+0000] {processor.py:766} INFO - DAG(s) dict_keys(['example_skip_dag']) retrieved from /home/airflow/.local/lib/python3.7/site-packages/airflow/example_dags/example_skip_dag.py
[2023-05-22T20:19:48.584+0000] {logging_mixin.py:120} INFO - [2023-05-22T20:19:48.584+0000] {dag.py:2585} INFO - Sync 1 DAGs
[2023-05-22T20:19:48.601+0000] {logging_mixin.py:120} INFO - [2023-05-22T20:19:48.601+0000] {dag.py:3340} INFO - Setting next_dagrun for example_skip_dag to 2023-05-21T20:19:48.601257+00:00, run_after=2023-05-22T20:19:48.601257+00:00
[2023-05-22T20:19:48.614+0000] {processor.py:176} INFO - Processing /home/airflow/.local/lib/python3.7/site-packages/airflow/example_dags/example_skip_dag.py took 0.077 seconds
[2023-05-22T20:20:19.373+0000] {processor.py:154} INFO - Started process (PID=3365) to work on /home/airflow/.local/lib/python3.7/site-packages/airflow/example_dags/example_skip_dag.py
[2023-05-22T20:20:19.374+0000] {processor.py:756} INFO - Processing file /home/airflow/.local/lib/python3.7/site-packages/airflow/example_dags/example_skip_dag.py for tasks to queue
[2023-05-22T20:20:19.375+0000] {logging_mixin.py:120} INFO - [2023-05-22T20:20:19.375+0000] {dagbag.py:537} INFO - Filling up the DagBag from /home/airflow/.local/lib/python3.7/site-packages/airflow/example_dags/example_skip_dag.py
[2023-05-22T20:20:19.395+0000] {processor.py:766} INFO - DAG(s) dict_keys(['example_skip_dag']) retrieved from /home/airflow/.local/lib/python3.7/site-packages/airflow/example_dags/example_skip_dag.py
[2023-05-22T20:20:19.455+0000] {logging_mixin.py:120} INFO - [2023-05-22T20:20:19.454+0000] {dag.py:2585} INFO - Sync 1 DAGs
[2023-05-22T20:20:19.475+0000] {logging_mixin.py:120} INFO - [2023-05-22T20:20:19.475+0000] {dag.py:3340} INFO - Setting next_dagrun for example_skip_dag to 2023-05-21T20:20:19.474780+00:00, run_after=2023-05-22T20:20:19.474780+00:00
[2023-05-22T20:20:19.503+0000] {processor.py:176} INFO - Processing /home/airflow/.local/lib/python3.7/site-packages/airflow/example_dags/example_skip_dag.py took 0.138 seconds
[2023-05-22T20:20:50.319+0000] {processor.py:154} INFO - Started process (PID=3418) to work on /home/airflow/.local/lib/python3.7/site-packages/airflow/example_dags/example_skip_dag.py
[2023-05-22T20:20:50.320+0000] {processor.py:756} INFO - Processing file /home/airflow/.local/lib/python3.7/site-packages/airflow/example_dags/example_skip_dag.py for tasks to queue
[2023-05-22T20:20:50.321+0000] {logging_mixin.py:120} INFO - [2023-05-22T20:20:50.321+0000] {dagbag.py:537} INFO - Filling up the DagBag from /home/airflow/.local/lib/python3.7/site-packages/airflow/example_dags/example_skip_dag.py
[2023-05-22T20:20:50.332+0000] {processor.py:766} INFO - DAG(s) dict_keys(['example_skip_dag']) retrieved from /home/airflow/.local/lib/python3.7/site-packages/airflow/example_dags/example_skip_dag.py
[2023-05-22T20:20:50.364+0000] {logging_mixin.py:120} INFO - [2023-05-22T20:20:50.364+0000] {dag.py:2585} INFO - Sync 1 DAGs
[2023-05-22T20:20:50.381+0000] {logging_mixin.py:120} INFO - [2023-05-22T20:20:50.381+0000] {dag.py:3340} INFO - Setting next_dagrun for example_skip_dag to 2023-05-21T20:20:50.381272+00:00, run_after=2023-05-22T20:20:50.381272+00:00
[2023-05-22T20:20:50.393+0000] {processor.py:176} INFO - Processing /home/airflow/.local/lib/python3.7/site-packages/airflow/example_dags/example_skip_dag.py took 0.077 seconds
[2023-05-22T20:21:21.218+0000] {processor.py:154} INFO - Started process (PID=3481) to work on /home/airflow/.local/lib/python3.7/site-packages/airflow/example_dags/example_skip_dag.py
[2023-05-22T20:21:21.219+0000] {processor.py:756} INFO - Processing file /home/airflow/.local/lib/python3.7/site-packages/airflow/example_dags/example_skip_dag.py for tasks to queue
[2023-05-22T20:21:21.220+0000] {logging_mixin.py:120} INFO - [2023-05-22T20:21:21.220+0000] {dagbag.py:537} INFO - Filling up the DagBag from /home/airflow/.local/lib/python3.7/site-packages/airflow/example_dags/example_skip_dag.py
[2023-05-22T20:21:21.231+0000] {processor.py:766} INFO - DAG(s) dict_keys(['example_skip_dag']) retrieved from /home/airflow/.local/lib/python3.7/site-packages/airflow/example_dags/example_skip_dag.py
[2023-05-22T20:21:21.262+0000] {logging_mixin.py:120} INFO - [2023-05-22T20:21:21.262+0000] {dag.py:2585} INFO - Sync 1 DAGs
[2023-05-22T20:21:21.280+0000] {logging_mixin.py:120} INFO - [2023-05-22T20:21:21.280+0000] {dag.py:3340} INFO - Setting next_dagrun for example_skip_dag to 2023-05-21T20:21:21.279820+00:00, run_after=2023-05-22T20:21:21.279820+00:00
[2023-05-22T20:21:21.292+0000] {processor.py:176} INFO - Processing /home/airflow/.local/lib/python3.7/site-packages/airflow/example_dags/example_skip_dag.py took 0.077 seconds
[2023-05-22T20:21:51.970+0000] {processor.py:154} INFO - Started process (PID=3543) to work on /home/airflow/.local/lib/python3.7/site-packages/airflow/example_dags/example_skip_dag.py
[2023-05-22T20:21:51.972+0000] {processor.py:756} INFO - Processing file /home/airflow/.local/lib/python3.7/site-packages/airflow/example_dags/example_skip_dag.py for tasks to queue
[2023-05-22T20:21:51.973+0000] {logging_mixin.py:120} INFO - [2023-05-22T20:21:51.973+0000] {dagbag.py:537} INFO - Filling up the DagBag from /home/airflow/.local/lib/python3.7/site-packages/airflow/example_dags/example_skip_dag.py
[2023-05-22T20:21:51.984+0000] {processor.py:766} INFO - DAG(s) dict_keys(['example_skip_dag']) retrieved from /home/airflow/.local/lib/python3.7/site-packages/airflow/example_dags/example_skip_dag.py
[2023-05-22T20:21:52.016+0000] {logging_mixin.py:120} INFO - [2023-05-22T20:21:52.016+0000] {dag.py:2585} INFO - Sync 1 DAGs
[2023-05-22T20:21:52.033+0000] {logging_mixin.py:120} INFO - [2023-05-22T20:21:52.033+0000] {dag.py:3340} INFO - Setting next_dagrun for example_skip_dag to 2023-05-21T20:21:52.033409+00:00, run_after=2023-05-22T20:21:52.033409+00:00
[2023-05-22T20:21:52.047+0000] {processor.py:176} INFO - Processing /home/airflow/.local/lib/python3.7/site-packages/airflow/example_dags/example_skip_dag.py took 0.079 seconds
[2023-05-22T20:22:22.578+0000] {processor.py:154} INFO - Started process (PID=3606) to work on /home/airflow/.local/lib/python3.7/site-packages/airflow/example_dags/example_skip_dag.py
[2023-05-22T20:22:22.580+0000] {processor.py:756} INFO - Processing file /home/airflow/.local/lib/python3.7/site-packages/airflow/example_dags/example_skip_dag.py for tasks to queue
[2023-05-22T20:22:22.581+0000] {logging_mixin.py:120} INFO - [2023-05-22T20:22:22.580+0000] {dagbag.py:537} INFO - Filling up the DagBag from /home/airflow/.local/lib/python3.7/site-packages/airflow/example_dags/example_skip_dag.py
[2023-05-22T20:22:22.592+0000] {processor.py:766} INFO - DAG(s) dict_keys(['example_skip_dag']) retrieved from /home/airflow/.local/lib/python3.7/site-packages/airflow/example_dags/example_skip_dag.py
[2023-05-22T20:22:22.623+0000] {logging_mixin.py:120} INFO - [2023-05-22T20:22:22.622+0000] {dag.py:2585} INFO - Sync 1 DAGs
[2023-05-22T20:22:22.639+0000] {logging_mixin.py:120} INFO - [2023-05-22T20:22:22.639+0000] {dag.py:3340} INFO - Setting next_dagrun for example_skip_dag to 2023-05-21T20:22:22.638908+00:00, run_after=2023-05-22T20:22:22.638908+00:00
[2023-05-22T20:22:22.651+0000] {processor.py:176} INFO - Processing /home/airflow/.local/lib/python3.7/site-packages/airflow/example_dags/example_skip_dag.py took 0.075 seconds
[2023-05-22T20:22:53.126+0000] {processor.py:154} INFO - Started process (PID=3669) to work on /home/airflow/.local/lib/python3.7/site-packages/airflow/example_dags/example_skip_dag.py
[2023-05-22T20:22:53.127+0000] {processor.py:756} INFO - Processing file /home/airflow/.local/lib/python3.7/site-packages/airflow/example_dags/example_skip_dag.py for tasks to queue
[2023-05-22T20:22:53.128+0000] {logging_mixin.py:120} INFO - [2023-05-22T20:22:53.128+0000] {dagbag.py:537} INFO - Filling up the DagBag from /home/airflow/.local/lib/python3.7/site-packages/airflow/example_dags/example_skip_dag.py
[2023-05-22T20:22:53.138+0000] {processor.py:766} INFO - DAG(s) dict_keys(['example_skip_dag']) retrieved from /home/airflow/.local/lib/python3.7/site-packages/airflow/example_dags/example_skip_dag.py
[2023-05-22T20:22:53.169+0000] {logging_mixin.py:120} INFO - [2023-05-22T20:22:53.169+0000] {dag.py:2585} INFO - Sync 1 DAGs
[2023-05-22T20:22:53.186+0000] {logging_mixin.py:120} INFO - [2023-05-22T20:22:53.186+0000] {dag.py:3340} INFO - Setting next_dagrun for example_skip_dag to 2023-05-21T20:22:53.186440+00:00, run_after=2023-05-22T20:22:53.186440+00:00
[2023-05-22T20:22:53.199+0000] {processor.py:176} INFO - Processing /home/airflow/.local/lib/python3.7/site-packages/airflow/example_dags/example_skip_dag.py took 0.077 seconds
[2023-05-22T20:23:24.084+0000] {processor.py:154} INFO - Started process (PID=3732) to work on /home/airflow/.local/lib/python3.7/site-packages/airflow/example_dags/example_skip_dag.py
[2023-05-22T20:23:24.086+0000] {processor.py:756} INFO - Processing file /home/airflow/.local/lib/python3.7/site-packages/airflow/example_dags/example_skip_dag.py for tasks to queue
[2023-05-22T20:23:24.087+0000] {logging_mixin.py:120} INFO - [2023-05-22T20:23:24.087+0000] {dagbag.py:537} INFO - Filling up the DagBag from /home/airflow/.local/lib/python3.7/site-packages/airflow/example_dags/example_skip_dag.py
[2023-05-22T20:23:24.105+0000] {processor.py:766} INFO - DAG(s) dict_keys(['example_skip_dag']) retrieved from /home/airflow/.local/lib/python3.7/site-packages/airflow/example_dags/example_skip_dag.py
[2023-05-22T20:23:24.160+0000] {logging_mixin.py:120} INFO - [2023-05-22T20:23:24.160+0000] {dag.py:2585} INFO - Sync 1 DAGs
[2023-05-22T20:23:24.180+0000] {logging_mixin.py:120} INFO - [2023-05-22T20:23:24.180+0000] {dag.py:3340} INFO - Setting next_dagrun for example_skip_dag to 2023-05-21T20:23:24.180516+00:00, run_after=2023-05-22T20:23:24.180516+00:00
[2023-05-22T20:23:24.200+0000] {processor.py:176} INFO - Processing /home/airflow/.local/lib/python3.7/site-packages/airflow/example_dags/example_skip_dag.py took 0.119 seconds
[2023-05-22T20:23:55.027+0000] {processor.py:154} INFO - Started process (PID=3786) to work on /home/airflow/.local/lib/python3.7/site-packages/airflow/example_dags/example_skip_dag.py
[2023-05-22T20:23:55.028+0000] {processor.py:756} INFO - Processing file /home/airflow/.local/lib/python3.7/site-packages/airflow/example_dags/example_skip_dag.py for tasks to queue
[2023-05-22T20:23:55.029+0000] {logging_mixin.py:120} INFO - [2023-05-22T20:23:55.029+0000] {dagbag.py:537} INFO - Filling up the DagBag from /home/airflow/.local/lib/python3.7/site-packages/airflow/example_dags/example_skip_dag.py
[2023-05-22T20:23:55.039+0000] {processor.py:766} INFO - DAG(s) dict_keys(['example_skip_dag']) retrieved from /home/airflow/.local/lib/python3.7/site-packages/airflow/example_dags/example_skip_dag.py
[2023-05-22T20:23:55.069+0000] {logging_mixin.py:120} INFO - [2023-05-22T20:23:55.069+0000] {dag.py:2585} INFO - Sync 1 DAGs
[2023-05-22T20:23:55.084+0000] {logging_mixin.py:120} INFO - [2023-05-22T20:23:55.084+0000] {dag.py:3340} INFO - Setting next_dagrun for example_skip_dag to 2023-05-21T20:23:55.084661+00:00, run_after=2023-05-22T20:23:55.084661+00:00
[2023-05-22T20:23:55.096+0000] {processor.py:176} INFO - Processing /home/airflow/.local/lib/python3.7/site-packages/airflow/example_dags/example_skip_dag.py took 0.072 seconds
[2023-05-22T20:24:26.123+0000] {processor.py:154} INFO - Started process (PID=3850) to work on /home/airflow/.local/lib/python3.7/site-packages/airflow/example_dags/example_skip_dag.py
[2023-05-22T20:24:26.125+0000] {processor.py:756} INFO - Processing file /home/airflow/.local/lib/python3.7/site-packages/airflow/example_dags/example_skip_dag.py for tasks to queue
[2023-05-22T20:24:26.125+0000] {logging_mixin.py:120} INFO - [2023-05-22T20:24:26.125+0000] {dagbag.py:537} INFO - Filling up the DagBag from /home/airflow/.local/lib/python3.7/site-packages/airflow/example_dags/example_skip_dag.py
[2023-05-22T20:24:26.136+0000] {processor.py:766} INFO - DAG(s) dict_keys(['example_skip_dag']) retrieved from /home/airflow/.local/lib/python3.7/site-packages/airflow/example_dags/example_skip_dag.py
[2023-05-22T20:24:26.168+0000] {logging_mixin.py:120} INFO - [2023-05-22T20:24:26.168+0000] {dag.py:2585} INFO - Sync 1 DAGs
[2023-05-22T20:24:26.188+0000] {logging_mixin.py:120} INFO - [2023-05-22T20:24:26.188+0000] {dag.py:3340} INFO - Setting next_dagrun for example_skip_dag to 2023-05-21T20:24:26.187821+00:00, run_after=2023-05-22T20:24:26.187821+00:00
[2023-05-22T20:24:26.200+0000] {processor.py:176} INFO - Processing /home/airflow/.local/lib/python3.7/site-packages/airflow/example_dags/example_skip_dag.py took 0.080 seconds
[2023-05-22T20:24:56.463+0000] {processor.py:154} INFO - Started process (PID=3912) to work on /home/airflow/.local/lib/python3.7/site-packages/airflow/example_dags/example_skip_dag.py
[2023-05-22T20:24:56.465+0000] {processor.py:756} INFO - Processing file /home/airflow/.local/lib/python3.7/site-packages/airflow/example_dags/example_skip_dag.py for tasks to queue
[2023-05-22T20:24:56.466+0000] {logging_mixin.py:120} INFO - [2023-05-22T20:24:56.466+0000] {dagbag.py:537} INFO - Filling up the DagBag from /home/airflow/.local/lib/python3.7/site-packages/airflow/example_dags/example_skip_dag.py
[2023-05-22T20:24:56.477+0000] {processor.py:766} INFO - DAG(s) dict_keys(['example_skip_dag']) retrieved from /home/airflow/.local/lib/python3.7/site-packages/airflow/example_dags/example_skip_dag.py
[2023-05-22T20:24:56.511+0000] {logging_mixin.py:120} INFO - [2023-05-22T20:24:56.511+0000] {dag.py:2585} INFO - Sync 1 DAGs
[2023-05-22T20:24:56.529+0000] {logging_mixin.py:120} INFO - [2023-05-22T20:24:56.529+0000] {dag.py:3340} INFO - Setting next_dagrun for example_skip_dag to 2023-05-21T20:24:56.529506+00:00, run_after=2023-05-22T20:24:56.529506+00:00
[2023-05-22T20:24:56.542+0000] {processor.py:176} INFO - Processing /home/airflow/.local/lib/python3.7/site-packages/airflow/example_dags/example_skip_dag.py took 0.081 seconds
[2023-05-22T20:25:27.253+0000] {processor.py:154} INFO - Started process (PID=3975) to work on /home/airflow/.local/lib/python3.7/site-packages/airflow/example_dags/example_skip_dag.py
[2023-05-22T20:25:27.254+0000] {processor.py:756} INFO - Processing file /home/airflow/.local/lib/python3.7/site-packages/airflow/example_dags/example_skip_dag.py for tasks to queue
[2023-05-22T20:25:27.255+0000] {logging_mixin.py:120} INFO - [2023-05-22T20:25:27.255+0000] {dagbag.py:537} INFO - Filling up the DagBag from /home/airflow/.local/lib/python3.7/site-packages/airflow/example_dags/example_skip_dag.py
[2023-05-22T20:25:27.266+0000] {processor.py:766} INFO - DAG(s) dict_keys(['example_skip_dag']) retrieved from /home/airflow/.local/lib/python3.7/site-packages/airflow/example_dags/example_skip_dag.py
[2023-05-22T20:25:27.297+0000] {logging_mixin.py:120} INFO - [2023-05-22T20:25:27.297+0000] {dag.py:2585} INFO - Sync 1 DAGs
[2023-05-22T20:25:27.314+0000] {logging_mixin.py:120} INFO - [2023-05-22T20:25:27.314+0000] {dag.py:3340} INFO - Setting next_dagrun for example_skip_dag to 2023-05-21T20:25:27.313934+00:00, run_after=2023-05-22T20:25:27.313934+00:00
[2023-05-22T20:25:27.327+0000] {processor.py:176} INFO - Processing /home/airflow/.local/lib/python3.7/site-packages/airflow/example_dags/example_skip_dag.py took 0.077 seconds
[2023-05-22T20:25:57.785+0000] {processor.py:154} INFO - Started process (PID=4037) to work on /home/airflow/.local/lib/python3.7/site-packages/airflow/example_dags/example_skip_dag.py
[2023-05-22T20:25:57.786+0000] {processor.py:756} INFO - Processing file /home/airflow/.local/lib/python3.7/site-packages/airflow/example_dags/example_skip_dag.py for tasks to queue
[2023-05-22T20:25:57.787+0000] {logging_mixin.py:120} INFO - [2023-05-22T20:25:57.787+0000] {dagbag.py:537} INFO - Filling up the DagBag from /home/airflow/.local/lib/python3.7/site-packages/airflow/example_dags/example_skip_dag.py
[2023-05-22T20:25:57.798+0000] {processor.py:766} INFO - DAG(s) dict_keys(['example_skip_dag']) retrieved from /home/airflow/.local/lib/python3.7/site-packages/airflow/example_dags/example_skip_dag.py
[2023-05-22T20:25:57.829+0000] {logging_mixin.py:120} INFO - [2023-05-22T20:25:57.829+0000] {dag.py:2585} INFO - Sync 1 DAGs
[2023-05-22T20:25:57.845+0000] {logging_mixin.py:120} INFO - [2023-05-22T20:25:57.845+0000] {dag.py:3340} INFO - Setting next_dagrun for example_skip_dag to 2023-05-21T20:25:57.844915+00:00, run_after=2023-05-22T20:25:57.844915+00:00
[2023-05-22T20:25:57.856+0000] {processor.py:176} INFO - Processing /home/airflow/.local/lib/python3.7/site-packages/airflow/example_dags/example_skip_dag.py took 0.074 seconds
[2023-05-22T20:26:28.472+0000] {processor.py:154} INFO - Started process (PID=4100) to work on /home/airflow/.local/lib/python3.7/site-packages/airflow/example_dags/example_skip_dag.py
[2023-05-22T20:26:28.474+0000] {processor.py:756} INFO - Processing file /home/airflow/.local/lib/python3.7/site-packages/airflow/example_dags/example_skip_dag.py for tasks to queue
[2023-05-22T20:26:28.474+0000] {logging_mixin.py:120} INFO - [2023-05-22T20:26:28.474+0000] {dagbag.py:537} INFO - Filling up the DagBag from /home/airflow/.local/lib/python3.7/site-packages/airflow/example_dags/example_skip_dag.py
[2023-05-22T20:26:28.485+0000] {processor.py:766} INFO - DAG(s) dict_keys(['example_skip_dag']) retrieved from /home/airflow/.local/lib/python3.7/site-packages/airflow/example_dags/example_skip_dag.py
[2023-05-22T20:26:28.515+0000] {logging_mixin.py:120} INFO - [2023-05-22T20:26:28.515+0000] {dag.py:2585} INFO - Sync 1 DAGs
[2023-05-22T20:26:28.531+0000] {logging_mixin.py:120} INFO - [2023-05-22T20:26:28.531+0000] {dag.py:3340} INFO - Setting next_dagrun for example_skip_dag to 2023-05-21T20:26:28.531052+00:00, run_after=2023-05-22T20:26:28.531052+00:00
[2023-05-22T20:26:28.544+0000] {processor.py:176} INFO - Processing /home/airflow/.local/lib/python3.7/site-packages/airflow/example_dags/example_skip_dag.py took 0.075 seconds
[2023-05-22T20:26:59.157+0000] {processor.py:154} INFO - Started process (PID=4163) to work on /home/airflow/.local/lib/python3.7/site-packages/airflow/example_dags/example_skip_dag.py
[2023-05-22T20:26:59.159+0000] {processor.py:756} INFO - Processing file /home/airflow/.local/lib/python3.7/site-packages/airflow/example_dags/example_skip_dag.py for tasks to queue
[2023-05-22T20:26:59.160+0000] {logging_mixin.py:120} INFO - [2023-05-22T20:26:59.159+0000] {dagbag.py:537} INFO - Filling up the DagBag from /home/airflow/.local/lib/python3.7/site-packages/airflow/example_dags/example_skip_dag.py
[2023-05-22T20:26:59.171+0000] {processor.py:766} INFO - DAG(s) dict_keys(['example_skip_dag']) retrieved from /home/airflow/.local/lib/python3.7/site-packages/airflow/example_dags/example_skip_dag.py
[2023-05-22T20:26:59.203+0000] {logging_mixin.py:120} INFO - [2023-05-22T20:26:59.203+0000] {dag.py:2585} INFO - Sync 1 DAGs
[2023-05-22T20:26:59.224+0000] {logging_mixin.py:120} INFO - [2023-05-22T20:26:59.224+0000] {dag.py:3340} INFO - Setting next_dagrun for example_skip_dag to 2023-05-21T20:26:59.224111+00:00, run_after=2023-05-22T20:26:59.224111+00:00
[2023-05-22T20:26:59.239+0000] {processor.py:176} INFO - Processing /home/airflow/.local/lib/python3.7/site-packages/airflow/example_dags/example_skip_dag.py took 0.084 seconds
[2023-05-22T20:27:29.756+0000] {processor.py:154} INFO - Started process (PID=4217) to work on /home/airflow/.local/lib/python3.7/site-packages/airflow/example_dags/example_skip_dag.py
[2023-05-22T20:27:29.757+0000] {processor.py:756} INFO - Processing file /home/airflow/.local/lib/python3.7/site-packages/airflow/example_dags/example_skip_dag.py for tasks to queue
[2023-05-22T20:27:29.758+0000] {logging_mixin.py:120} INFO - [2023-05-22T20:27:29.758+0000] {dagbag.py:537} INFO - Filling up the DagBag from /home/airflow/.local/lib/python3.7/site-packages/airflow/example_dags/example_skip_dag.py
[2023-05-22T20:27:29.771+0000] {processor.py:766} INFO - DAG(s) dict_keys(['example_skip_dag']) retrieved from /home/airflow/.local/lib/python3.7/site-packages/airflow/example_dags/example_skip_dag.py
[2023-05-22T20:27:29.803+0000] {logging_mixin.py:120} INFO - [2023-05-22T20:27:29.802+0000] {dag.py:2585} INFO - Sync 1 DAGs
[2023-05-22T20:27:29.819+0000] {logging_mixin.py:120} INFO - [2023-05-22T20:27:29.819+0000] {dag.py:3340} INFO - Setting next_dagrun for example_skip_dag to 2023-05-21T20:27:29.819509+00:00, run_after=2023-05-22T20:27:29.819509+00:00
[2023-05-22T20:27:29.831+0000] {processor.py:176} INFO - Processing /home/airflow/.local/lib/python3.7/site-packages/airflow/example_dags/example_skip_dag.py took 0.078 seconds
[2023-05-22T20:27:59.949+0000] {processor.py:154} INFO - Started process (PID=4279) to work on /home/airflow/.local/lib/python3.7/site-packages/airflow/example_dags/example_skip_dag.py
[2023-05-22T20:27:59.951+0000] {processor.py:756} INFO - Processing file /home/airflow/.local/lib/python3.7/site-packages/airflow/example_dags/example_skip_dag.py for tasks to queue
[2023-05-22T20:27:59.952+0000] {logging_mixin.py:120} INFO - [2023-05-22T20:27:59.951+0000] {dagbag.py:537} INFO - Filling up the DagBag from /home/airflow/.local/lib/python3.7/site-packages/airflow/example_dags/example_skip_dag.py
[2023-05-22T20:27:59.963+0000] {processor.py:766} INFO - DAG(s) dict_keys(['example_skip_dag']) retrieved from /home/airflow/.local/lib/python3.7/site-packages/airflow/example_dags/example_skip_dag.py
[2023-05-22T20:27:59.994+0000] {logging_mixin.py:120} INFO - [2023-05-22T20:27:59.993+0000] {dag.py:2585} INFO - Sync 1 DAGs
[2023-05-22T20:28:00.010+0000] {logging_mixin.py:120} INFO - [2023-05-22T20:28:00.010+0000] {dag.py:3340} INFO - Setting next_dagrun for example_skip_dag to 2023-05-21T20:28:00.010271+00:00, run_after=2023-05-22T20:28:00.010271+00:00
[2023-05-22T20:28:00.024+0000] {processor.py:176} INFO - Processing /home/airflow/.local/lib/python3.7/site-packages/airflow/example_dags/example_skip_dag.py took 0.077 seconds
[2023-05-22T20:28:30.159+0000] {processor.py:154} INFO - Started process (PID=4341) to work on /home/airflow/.local/lib/python3.7/site-packages/airflow/example_dags/example_skip_dag.py
[2023-05-22T20:28:30.161+0000] {processor.py:756} INFO - Processing file /home/airflow/.local/lib/python3.7/site-packages/airflow/example_dags/example_skip_dag.py for tasks to queue
[2023-05-22T20:28:30.163+0000] {logging_mixin.py:120} INFO - [2023-05-22T20:28:30.163+0000] {dagbag.py:537} INFO - Filling up the DagBag from /home/airflow/.local/lib/python3.7/site-packages/airflow/example_dags/example_skip_dag.py
[2023-05-22T20:28:30.174+0000] {processor.py:766} INFO - DAG(s) dict_keys(['example_skip_dag']) retrieved from /home/airflow/.local/lib/python3.7/site-packages/airflow/example_dags/example_skip_dag.py
[2023-05-22T20:28:30.227+0000] {logging_mixin.py:120} INFO - [2023-05-22T20:28:30.227+0000] {dag.py:2585} INFO - Sync 1 DAGs
[2023-05-22T20:28:30.244+0000] {logging_mixin.py:120} INFO - [2023-05-22T20:28:30.244+0000] {dag.py:3340} INFO - Setting next_dagrun for example_skip_dag to 2023-05-21T20:28:30.244045+00:00, run_after=2023-05-22T20:28:30.244045+00:00
[2023-05-22T20:28:30.256+0000] {processor.py:176} INFO - Processing /home/airflow/.local/lib/python3.7/site-packages/airflow/example_dags/example_skip_dag.py took 0.101 seconds
[2023-05-22T20:43:49.336+0000] {processor.py:154} INFO - Started process (PID=4386) to work on /home/airflow/.local/lib/python3.7/site-packages/airflow/example_dags/example_skip_dag.py
[2023-05-22T20:43:49.337+0000] {processor.py:756} INFO - Processing file /home/airflow/.local/lib/python3.7/site-packages/airflow/example_dags/example_skip_dag.py for tasks to queue
[2023-05-22T20:43:49.338+0000] {logging_mixin.py:120} INFO - [2023-05-22T20:43:49.338+0000] {dagbag.py:537} INFO - Filling up the DagBag from /home/airflow/.local/lib/python3.7/site-packages/airflow/example_dags/example_skip_dag.py
[2023-05-22T20:43:49.349+0000] {processor.py:766} INFO - DAG(s) dict_keys(['example_skip_dag']) retrieved from /home/airflow/.local/lib/python3.7/site-packages/airflow/example_dags/example_skip_dag.py
[2023-05-22T20:43:49.378+0000] {logging_mixin.py:120} INFO - [2023-05-22T20:43:49.378+0000] {dag.py:2585} INFO - Sync 1 DAGs
[2023-05-22T20:43:49.394+0000] {logging_mixin.py:120} INFO - [2023-05-22T20:43:49.393+0000] {dag.py:3340} INFO - Setting next_dagrun for example_skip_dag to 2023-05-21T20:43:49.393772+00:00, run_after=2023-05-22T20:43:49.393772+00:00
[2023-05-22T20:43:49.407+0000] {processor.py:176} INFO - Processing /home/airflow/.local/lib/python3.7/site-packages/airflow/example_dags/example_skip_dag.py took 0.074 seconds
[2023-05-22T22:05:51.458+0000] {processor.py:154} INFO - Started process (PID=4449) to work on /home/airflow/.local/lib/python3.7/site-packages/airflow/example_dags/example_skip_dag.py
[2023-05-22T22:05:51.461+0000] {processor.py:756} INFO - Processing file /home/airflow/.local/lib/python3.7/site-packages/airflow/example_dags/example_skip_dag.py for tasks to queue
[2023-05-22T22:05:51.462+0000] {logging_mixin.py:120} INFO - [2023-05-22T22:05:51.462+0000] {dagbag.py:537} INFO - Filling up the DagBag from /home/airflow/.local/lib/python3.7/site-packages/airflow/example_dags/example_skip_dag.py
[2023-05-22T22:05:51.482+0000] {processor.py:766} INFO - DAG(s) dict_keys(['example_skip_dag']) retrieved from /home/airflow/.local/lib/python3.7/site-packages/airflow/example_dags/example_skip_dag.py
[2023-05-22T22:05:51.516+0000] {logging_mixin.py:120} INFO - [2023-05-22T22:05:51.516+0000] {dag.py:2585} INFO - Sync 1 DAGs
[2023-05-22T22:05:51.535+0000] {logging_mixin.py:120} INFO - [2023-05-22T22:05:51.534+0000] {dag.py:3340} INFO - Setting next_dagrun for example_skip_dag to 2023-05-21T22:05:51.534757+00:00, run_after=2023-05-22T22:05:51.534757+00:00
[2023-05-22T22:05:51.547+0000] {processor.py:176} INFO - Processing /home/airflow/.local/lib/python3.7/site-packages/airflow/example_dags/example_skip_dag.py took 0.092 seconds
[2023-05-22T23:29:35.915+0000] {processor.py:154} INFO - Started process (PID=4512) to work on /home/airflow/.local/lib/python3.7/site-packages/airflow/example_dags/example_skip_dag.py
[2023-05-22T23:29:35.920+0000] {processor.py:756} INFO - Processing file /home/airflow/.local/lib/python3.7/site-packages/airflow/example_dags/example_skip_dag.py for tasks to queue
[2023-05-22T23:29:35.922+0000] {logging_mixin.py:120} INFO - [2023-05-22T23:29:35.922+0000] {dagbag.py:537} INFO - Filling up the DagBag from /home/airflow/.local/lib/python3.7/site-packages/airflow/example_dags/example_skip_dag.py
[2023-05-22T23:29:35.937+0000] {processor.py:766} INFO - DAG(s) dict_keys(['example_skip_dag']) retrieved from /home/airflow/.local/lib/python3.7/site-packages/airflow/example_dags/example_skip_dag.py
[2023-05-22T23:29:36.003+0000] {logging_mixin.py:120} INFO - [2023-05-22T23:29:35.999+0000] {dag.py:2585} INFO - Sync 1 DAGs
[2023-05-22T23:29:36.024+0000] {logging_mixin.py:120} INFO - [2023-05-22T23:29:36.024+0000] {dag.py:3340} INFO - Setting next_dagrun for example_skip_dag to 2023-05-21T23:29:36.024448+00:00, run_after=2023-05-22T23:29:36.024448+00:00
[2023-05-22T23:29:36.054+0000] {processor.py:176} INFO - Processing /home/airflow/.local/lib/python3.7/site-packages/airflow/example_dags/example_skip_dag.py took 0.141 seconds
