[2023-05-22T19:32:32.516+0000] {processor.py:154} INFO - Started process (PID=58) to work on /home/airflow/.local/lib/python3.7/site-packages/airflow/example_dags/example_latest_only.py
[2023-05-22T19:32:32.523+0000] {processor.py:756} INFO - Processing file /home/airflow/.local/lib/python3.7/site-packages/airflow/example_dags/example_latest_only.py for tasks to queue
[2023-05-22T19:32:32.526+0000] {logging_mixin.py:120} INFO - [2023-05-22T19:32:32.526+0000] {dagbag.py:537} INFO - Filling up the DagBag from /home/airflow/.local/lib/python3.7/site-packages/airflow/example_dags/example_latest_only.py
[2023-05-22T19:32:32.598+0000] {processor.py:766} INFO - DAG(s) dict_keys(['latest_only']) retrieved from /home/airflow/.local/lib/python3.7/site-packages/airflow/example_dags/example_latest_only.py
[2023-05-22T19:32:32.977+0000] {logging_mixin.py:120} INFO - [2023-05-22T19:32:32.977+0000] {manager.py:507} INFO - Created Permission View: can read on DAG:latest_only
[2023-05-22T19:32:32.988+0000] {logging_mixin.py:120} INFO - [2023-05-22T19:32:32.986+0000] {manager.py:507} INFO - Created Permission View: can delete on DAG:latest_only
[2023-05-22T19:32:33.004+0000] {logging_mixin.py:120} INFO - [2023-05-22T19:32:33.004+0000] {manager.py:507} INFO - Created Permission View: can edit on DAG:latest_only
[2023-05-22T19:32:33.015+0000] {logging_mixin.py:120} INFO - [2023-05-22T19:32:33.015+0000] {dag.py:2585} INFO - Sync 1 DAGs
[2023-05-22T19:32:33.046+0000] {logging_mixin.py:120} INFO - [2023-05-22T19:32:33.046+0000] {dag.py:2606} INFO - Creating ORM DAG for latest_only
[2023-05-22T19:32:33.068+0000] {logging_mixin.py:120} INFO - [2023-05-22T19:32:33.068+0000] {dag.py:3340} INFO - Setting next_dagrun for latest_only to 2023-05-22T15:32:33.068489+00:00, run_after=2023-05-22T19:32:33.068489+00:00
[2023-05-22T19:32:33.120+0000] {processor.py:176} INFO - Processing /home/airflow/.local/lib/python3.7/site-packages/airflow/example_dags/example_latest_only.py took 0.608 seconds
[2023-05-22T19:33:03.510+0000] {processor.py:154} INFO - Started process (PID=113) to work on /home/airflow/.local/lib/python3.7/site-packages/airflow/example_dags/example_latest_only.py
[2023-05-22T19:33:03.512+0000] {processor.py:756} INFO - Processing file /home/airflow/.local/lib/python3.7/site-packages/airflow/example_dags/example_latest_only.py for tasks to queue
[2023-05-22T19:33:03.513+0000] {logging_mixin.py:120} INFO - [2023-05-22T19:33:03.513+0000] {dagbag.py:537} INFO - Filling up the DagBag from /home/airflow/.local/lib/python3.7/site-packages/airflow/example_dags/example_latest_only.py
[2023-05-22T19:33:03.526+0000] {processor.py:766} INFO - DAG(s) dict_keys(['latest_only']) retrieved from /home/airflow/.local/lib/python3.7/site-packages/airflow/example_dags/example_latest_only.py
[2023-05-22T19:33:03.558+0000] {logging_mixin.py:120} INFO - [2023-05-22T19:33:03.558+0000] {dag.py:2585} INFO - Sync 1 DAGs
[2023-05-22T19:33:03.575+0000] {logging_mixin.py:120} INFO - [2023-05-22T19:33:03.574+0000] {dag.py:3340} INFO - Setting next_dagrun for latest_only to 2023-05-22T15:33:03.574795+00:00, run_after=2023-05-22T19:33:03.574795+00:00
[2023-05-22T19:33:03.588+0000] {processor.py:176} INFO - Processing /home/airflow/.local/lib/python3.7/site-packages/airflow/example_dags/example_latest_only.py took 0.081 seconds
[2023-05-22T19:33:33.919+0000] {processor.py:154} INFO - Started process (PID=177) to work on /home/airflow/.local/lib/python3.7/site-packages/airflow/example_dags/example_latest_only.py
[2023-05-22T19:33:33.921+0000] {processor.py:756} INFO - Processing file /home/airflow/.local/lib/python3.7/site-packages/airflow/example_dags/example_latest_only.py for tasks to queue
[2023-05-22T19:33:33.922+0000] {logging_mixin.py:120} INFO - [2023-05-22T19:33:33.922+0000] {dagbag.py:537} INFO - Filling up the DagBag from /home/airflow/.local/lib/python3.7/site-packages/airflow/example_dags/example_latest_only.py
[2023-05-22T19:33:33.937+0000] {processor.py:766} INFO - DAG(s) dict_keys(['latest_only']) retrieved from /home/airflow/.local/lib/python3.7/site-packages/airflow/example_dags/example_latest_only.py
[2023-05-22T19:33:33.970+0000] {logging_mixin.py:120} INFO - [2023-05-22T19:33:33.970+0000] {dag.py:2585} INFO - Sync 1 DAGs
[2023-05-22T19:33:33.988+0000] {logging_mixin.py:120} INFO - [2023-05-22T19:33:33.988+0000] {dag.py:3340} INFO - Setting next_dagrun for latest_only to 2023-05-22T15:33:33.988462+00:00, run_after=2023-05-22T19:33:33.988462+00:00
[2023-05-22T19:33:34.002+0000] {processor.py:176} INFO - Processing /home/airflow/.local/lib/python3.7/site-packages/airflow/example_dags/example_latest_only.py took 0.085 seconds
[2023-05-22T19:34:04.652+0000] {processor.py:154} INFO - Started process (PID=239) to work on /home/airflow/.local/lib/python3.7/site-packages/airflow/example_dags/example_latest_only.py
[2023-05-22T19:34:04.654+0000] {processor.py:756} INFO - Processing file /home/airflow/.local/lib/python3.7/site-packages/airflow/example_dags/example_latest_only.py for tasks to queue
[2023-05-22T19:34:04.655+0000] {logging_mixin.py:120} INFO - [2023-05-22T19:34:04.655+0000] {dagbag.py:537} INFO - Filling up the DagBag from /home/airflow/.local/lib/python3.7/site-packages/airflow/example_dags/example_latest_only.py
[2023-05-22T19:34:04.671+0000] {processor.py:766} INFO - DAG(s) dict_keys(['latest_only']) retrieved from /home/airflow/.local/lib/python3.7/site-packages/airflow/example_dags/example_latest_only.py
[2023-05-22T19:34:04.707+0000] {logging_mixin.py:120} INFO - [2023-05-22T19:34:04.707+0000] {dag.py:2585} INFO - Sync 1 DAGs
[2023-05-22T19:34:04.725+0000] {logging_mixin.py:120} INFO - [2023-05-22T19:34:04.725+0000] {dag.py:3340} INFO - Setting next_dagrun for latest_only to 2023-05-22T15:34:04.724883+00:00, run_after=2023-05-22T19:34:04.724883+00:00
[2023-05-22T19:34:04.737+0000] {processor.py:176} INFO - Processing /home/airflow/.local/lib/python3.7/site-packages/airflow/example_dags/example_latest_only.py took 0.089 seconds
[2023-05-22T19:34:35.465+0000] {processor.py:154} INFO - Started process (PID=302) to work on /home/airflow/.local/lib/python3.7/site-packages/airflow/example_dags/example_latest_only.py
[2023-05-22T19:34:35.466+0000] {processor.py:756} INFO - Processing file /home/airflow/.local/lib/python3.7/site-packages/airflow/example_dags/example_latest_only.py for tasks to queue
[2023-05-22T19:34:35.467+0000] {logging_mixin.py:120} INFO - [2023-05-22T19:34:35.467+0000] {dagbag.py:537} INFO - Filling up the DagBag from /home/airflow/.local/lib/python3.7/site-packages/airflow/example_dags/example_latest_only.py
[2023-05-22T19:34:35.479+0000] {processor.py:766} INFO - DAG(s) dict_keys(['latest_only']) retrieved from /home/airflow/.local/lib/python3.7/site-packages/airflow/example_dags/example_latest_only.py
[2023-05-22T19:34:35.514+0000] {logging_mixin.py:120} INFO - [2023-05-22T19:34:35.514+0000] {dag.py:2585} INFO - Sync 1 DAGs
[2023-05-22T19:34:35.531+0000] {logging_mixin.py:120} INFO - [2023-05-22T19:34:35.531+0000] {dag.py:3340} INFO - Setting next_dagrun for latest_only to 2023-05-22T15:34:35.531107+00:00, run_after=2023-05-22T19:34:35.531107+00:00
[2023-05-22T19:34:35.545+0000] {processor.py:176} INFO - Processing /home/airflow/.local/lib/python3.7/site-packages/airflow/example_dags/example_latest_only.py took 0.083 seconds
[2023-05-22T19:35:05.862+0000] {processor.py:154} INFO - Started process (PID=364) to work on /home/airflow/.local/lib/python3.7/site-packages/airflow/example_dags/example_latest_only.py
[2023-05-22T19:35:05.863+0000] {processor.py:756} INFO - Processing file /home/airflow/.local/lib/python3.7/site-packages/airflow/example_dags/example_latest_only.py for tasks to queue
[2023-05-22T19:35:05.864+0000] {logging_mixin.py:120} INFO - [2023-05-22T19:35:05.864+0000] {dagbag.py:537} INFO - Filling up the DagBag from /home/airflow/.local/lib/python3.7/site-packages/airflow/example_dags/example_latest_only.py
[2023-05-22T19:35:05.874+0000] {processor.py:766} INFO - DAG(s) dict_keys(['latest_only']) retrieved from /home/airflow/.local/lib/python3.7/site-packages/airflow/example_dags/example_latest_only.py
[2023-05-22T19:35:05.906+0000] {logging_mixin.py:120} INFO - [2023-05-22T19:35:05.906+0000] {dag.py:2585} INFO - Sync 1 DAGs
[2023-05-22T19:35:05.923+0000] {logging_mixin.py:120} INFO - [2023-05-22T19:35:05.923+0000] {dag.py:3340} INFO - Setting next_dagrun for latest_only to 2023-05-22T15:35:05.923668+00:00, run_after=2023-05-22T19:35:05.923668+00:00
[2023-05-22T19:35:05.936+0000] {processor.py:176} INFO - Processing /home/airflow/.local/lib/python3.7/site-packages/airflow/example_dags/example_latest_only.py took 0.076 seconds
[2023-05-22T19:35:36.256+0000] {processor.py:154} INFO - Started process (PID=426) to work on /home/airflow/.local/lib/python3.7/site-packages/airflow/example_dags/example_latest_only.py
[2023-05-22T19:35:36.258+0000] {processor.py:756} INFO - Processing file /home/airflow/.local/lib/python3.7/site-packages/airflow/example_dags/example_latest_only.py for tasks to queue
[2023-05-22T19:35:36.265+0000] {logging_mixin.py:120} INFO - [2023-05-22T19:35:36.260+0000] {dagbag.py:537} INFO - Filling up the DagBag from /home/airflow/.local/lib/python3.7/site-packages/airflow/example_dags/example_latest_only.py
[2023-05-22T19:35:36.276+0000] {processor.py:766} INFO - DAG(s) dict_keys(['latest_only']) retrieved from /home/airflow/.local/lib/python3.7/site-packages/airflow/example_dags/example_latest_only.py
[2023-05-22T19:35:36.311+0000] {logging_mixin.py:120} INFO - [2023-05-22T19:35:36.311+0000] {dag.py:2585} INFO - Sync 1 DAGs
[2023-05-22T19:35:36.330+0000] {logging_mixin.py:120} INFO - [2023-05-22T19:35:36.330+0000] {dag.py:3340} INFO - Setting next_dagrun for latest_only to 2023-05-22T15:35:36.329969+00:00, run_after=2023-05-22T19:35:36.329969+00:00
[2023-05-22T19:35:36.343+0000] {processor.py:176} INFO - Processing /home/airflow/.local/lib/python3.7/site-packages/airflow/example_dags/example_latest_only.py took 0.089 seconds
[2023-05-22T19:36:06.936+0000] {processor.py:154} INFO - Started process (PID=481) to work on /home/airflow/.local/lib/python3.7/site-packages/airflow/example_dags/example_latest_only.py
[2023-05-22T19:36:06.939+0000] {processor.py:756} INFO - Processing file /home/airflow/.local/lib/python3.7/site-packages/airflow/example_dags/example_latest_only.py for tasks to queue
[2023-05-22T19:36:06.940+0000] {logging_mixin.py:120} INFO - [2023-05-22T19:36:06.940+0000] {dagbag.py:537} INFO - Filling up the DagBag from /home/airflow/.local/lib/python3.7/site-packages/airflow/example_dags/example_latest_only.py
[2023-05-22T19:36:06.955+0000] {processor.py:766} INFO - DAG(s) dict_keys(['latest_only']) retrieved from /home/airflow/.local/lib/python3.7/site-packages/airflow/example_dags/example_latest_only.py
[2023-05-22T19:36:06.987+0000] {logging_mixin.py:120} INFO - [2023-05-22T19:36:06.987+0000] {dag.py:2585} INFO - Sync 1 DAGs
[2023-05-22T19:36:07.003+0000] {logging_mixin.py:120} INFO - [2023-05-22T19:36:07.003+0000] {dag.py:3340} INFO - Setting next_dagrun for latest_only to 2023-05-22T15:36:07.003703+00:00, run_after=2023-05-22T19:36:07.003703+00:00
[2023-05-22T19:36:07.015+0000] {processor.py:176} INFO - Processing /home/airflow/.local/lib/python3.7/site-packages/airflow/example_dags/example_latest_only.py took 0.083 seconds
[2023-05-22T19:36:37.587+0000] {processor.py:154} INFO - Started process (PID=544) to work on /home/airflow/.local/lib/python3.7/site-packages/airflow/example_dags/example_latest_only.py
[2023-05-22T19:36:37.588+0000] {processor.py:756} INFO - Processing file /home/airflow/.local/lib/python3.7/site-packages/airflow/example_dags/example_latest_only.py for tasks to queue
[2023-05-22T19:36:37.589+0000] {logging_mixin.py:120} INFO - [2023-05-22T19:36:37.589+0000] {dagbag.py:537} INFO - Filling up the DagBag from /home/airflow/.local/lib/python3.7/site-packages/airflow/example_dags/example_latest_only.py
[2023-05-22T19:36:37.601+0000] {processor.py:766} INFO - DAG(s) dict_keys(['latest_only']) retrieved from /home/airflow/.local/lib/python3.7/site-packages/airflow/example_dags/example_latest_only.py
[2023-05-22T19:36:37.634+0000] {logging_mixin.py:120} INFO - [2023-05-22T19:36:37.634+0000] {dag.py:2585} INFO - Sync 1 DAGs
[2023-05-22T19:36:37.653+0000] {logging_mixin.py:120} INFO - [2023-05-22T19:36:37.653+0000] {dag.py:3340} INFO - Setting next_dagrun for latest_only to 2023-05-22T15:36:37.653604+00:00, run_after=2023-05-22T19:36:37.653604+00:00
[2023-05-22T19:36:37.671+0000] {processor.py:176} INFO - Processing /home/airflow/.local/lib/python3.7/site-packages/airflow/example_dags/example_latest_only.py took 0.086 seconds
[2023-05-22T19:37:08.279+0000] {processor.py:154} INFO - Started process (PID=607) to work on /home/airflow/.local/lib/python3.7/site-packages/airflow/example_dags/example_latest_only.py
[2023-05-22T19:37:08.281+0000] {processor.py:756} INFO - Processing file /home/airflow/.local/lib/python3.7/site-packages/airflow/example_dags/example_latest_only.py for tasks to queue
[2023-05-22T19:37:08.282+0000] {logging_mixin.py:120} INFO - [2023-05-22T19:37:08.282+0000] {dagbag.py:537} INFO - Filling up the DagBag from /home/airflow/.local/lib/python3.7/site-packages/airflow/example_dags/example_latest_only.py
[2023-05-22T19:37:08.299+0000] {processor.py:766} INFO - DAG(s) dict_keys(['latest_only']) retrieved from /home/airflow/.local/lib/python3.7/site-packages/airflow/example_dags/example_latest_only.py
[2023-05-22T19:37:08.332+0000] {logging_mixin.py:120} INFO - [2023-05-22T19:37:08.332+0000] {dag.py:2585} INFO - Sync 1 DAGs
[2023-05-22T19:37:08.349+0000] {logging_mixin.py:120} INFO - [2023-05-22T19:37:08.349+0000] {dag.py:3340} INFO - Setting next_dagrun for latest_only to 2023-05-22T15:37:08.349001+00:00, run_after=2023-05-22T19:37:08.349001+00:00
[2023-05-22T19:37:08.361+0000] {processor.py:176} INFO - Processing /home/airflow/.local/lib/python3.7/site-packages/airflow/example_dags/example_latest_only.py took 0.088 seconds
[2023-05-22T19:37:38.967+0000] {processor.py:154} INFO - Started process (PID=669) to work on /home/airflow/.local/lib/python3.7/site-packages/airflow/example_dags/example_latest_only.py
[2023-05-22T19:37:38.971+0000] {processor.py:756} INFO - Processing file /home/airflow/.local/lib/python3.7/site-packages/airflow/example_dags/example_latest_only.py for tasks to queue
[2023-05-22T19:37:38.972+0000] {logging_mixin.py:120} INFO - [2023-05-22T19:37:38.972+0000] {dagbag.py:537} INFO - Filling up the DagBag from /home/airflow/.local/lib/python3.7/site-packages/airflow/example_dags/example_latest_only.py
[2023-05-22T19:37:38.991+0000] {processor.py:766} INFO - DAG(s) dict_keys(['latest_only']) retrieved from /home/airflow/.local/lib/python3.7/site-packages/airflow/example_dags/example_latest_only.py
[2023-05-22T19:37:39.036+0000] {logging_mixin.py:120} INFO - [2023-05-22T19:37:39.036+0000] {dag.py:2585} INFO - Sync 1 DAGs
[2023-05-22T19:37:39.061+0000] {logging_mixin.py:120} INFO - [2023-05-22T19:37:39.061+0000] {dag.py:3340} INFO - Setting next_dagrun for latest_only to 2023-05-22T15:37:39.061492+00:00, run_after=2023-05-22T19:37:39.061492+00:00
[2023-05-22T19:37:39.076+0000] {processor.py:176} INFO - Processing /home/airflow/.local/lib/python3.7/site-packages/airflow/example_dags/example_latest_only.py took 0.115 seconds
[2023-05-22T19:38:09.608+0000] {processor.py:154} INFO - Started process (PID=732) to work on /home/airflow/.local/lib/python3.7/site-packages/airflow/example_dags/example_latest_only.py
[2023-05-22T19:38:09.610+0000] {processor.py:756} INFO - Processing file /home/airflow/.local/lib/python3.7/site-packages/airflow/example_dags/example_latest_only.py for tasks to queue
[2023-05-22T19:38:09.611+0000] {logging_mixin.py:120} INFO - [2023-05-22T19:38:09.611+0000] {dagbag.py:537} INFO - Filling up the DagBag from /home/airflow/.local/lib/python3.7/site-packages/airflow/example_dags/example_latest_only.py
[2023-05-22T19:38:09.624+0000] {processor.py:766} INFO - DAG(s) dict_keys(['latest_only']) retrieved from /home/airflow/.local/lib/python3.7/site-packages/airflow/example_dags/example_latest_only.py
[2023-05-22T19:38:09.655+0000] {logging_mixin.py:120} INFO - [2023-05-22T19:38:09.655+0000] {dag.py:2585} INFO - Sync 1 DAGs
[2023-05-22T19:38:09.673+0000] {logging_mixin.py:120} INFO - [2023-05-22T19:38:09.673+0000] {dag.py:3340} INFO - Setting next_dagrun for latest_only to 2023-05-22T15:38:09.672946+00:00, run_after=2023-05-22T19:38:09.672946+00:00
[2023-05-22T19:38:09.686+0000] {processor.py:176} INFO - Processing /home/airflow/.local/lib/python3.7/site-packages/airflow/example_dags/example_latest_only.py took 0.081 seconds
[2023-05-22T19:38:40.165+0000] {processor.py:154} INFO - Started process (PID=786) to work on /home/airflow/.local/lib/python3.7/site-packages/airflow/example_dags/example_latest_only.py
[2023-05-22T19:38:40.166+0000] {processor.py:756} INFO - Processing file /home/airflow/.local/lib/python3.7/site-packages/airflow/example_dags/example_latest_only.py for tasks to queue
[2023-05-22T19:38:40.168+0000] {logging_mixin.py:120} INFO - [2023-05-22T19:38:40.167+0000] {dagbag.py:537} INFO - Filling up the DagBag from /home/airflow/.local/lib/python3.7/site-packages/airflow/example_dags/example_latest_only.py
[2023-05-22T19:38:40.185+0000] {processor.py:766} INFO - DAG(s) dict_keys(['latest_only']) retrieved from /home/airflow/.local/lib/python3.7/site-packages/airflow/example_dags/example_latest_only.py
[2023-05-22T19:38:40.232+0000] {logging_mixin.py:120} INFO - [2023-05-22T19:38:40.232+0000] {dag.py:2585} INFO - Sync 1 DAGs
[2023-05-22T19:38:40.251+0000] {logging_mixin.py:120} INFO - [2023-05-22T19:38:40.251+0000] {dag.py:3340} INFO - Setting next_dagrun for latest_only to 2023-05-22T15:38:40.250836+00:00, run_after=2023-05-22T19:38:40.250836+00:00
[2023-05-22T19:38:40.264+0000] {processor.py:176} INFO - Processing /home/airflow/.local/lib/python3.7/site-packages/airflow/example_dags/example_latest_only.py took 0.102 seconds
[2023-05-22T19:39:10.870+0000] {processor.py:154} INFO - Started process (PID=850) to work on /home/airflow/.local/lib/python3.7/site-packages/airflow/example_dags/example_latest_only.py
[2023-05-22T19:39:10.872+0000] {processor.py:756} INFO - Processing file /home/airflow/.local/lib/python3.7/site-packages/airflow/example_dags/example_latest_only.py for tasks to queue
[2023-05-22T19:39:10.873+0000] {logging_mixin.py:120} INFO - [2023-05-22T19:39:10.873+0000] {dagbag.py:537} INFO - Filling up the DagBag from /home/airflow/.local/lib/python3.7/site-packages/airflow/example_dags/example_latest_only.py
[2023-05-22T19:39:10.887+0000] {processor.py:766} INFO - DAG(s) dict_keys(['latest_only']) retrieved from /home/airflow/.local/lib/python3.7/site-packages/airflow/example_dags/example_latest_only.py
[2023-05-22T19:39:10.918+0000] {logging_mixin.py:120} INFO - [2023-05-22T19:39:10.918+0000] {dag.py:2585} INFO - Sync 1 DAGs
[2023-05-22T19:39:10.935+0000] {logging_mixin.py:120} INFO - [2023-05-22T19:39:10.935+0000] {dag.py:3340} INFO - Setting next_dagrun for latest_only to 2023-05-22T15:39:10.934976+00:00, run_after=2023-05-22T19:39:10.934976+00:00
[2023-05-22T19:39:10.946+0000] {processor.py:176} INFO - Processing /home/airflow/.local/lib/python3.7/site-packages/airflow/example_dags/example_latest_only.py took 0.081 seconds
[2023-05-22T19:39:41.164+0000] {processor.py:154} INFO - Started process (PID=913) to work on /home/airflow/.local/lib/python3.7/site-packages/airflow/example_dags/example_latest_only.py
[2023-05-22T19:39:41.165+0000] {processor.py:756} INFO - Processing file /home/airflow/.local/lib/python3.7/site-packages/airflow/example_dags/example_latest_only.py for tasks to queue
[2023-05-22T19:39:41.167+0000] {logging_mixin.py:120} INFO - [2023-05-22T19:39:41.167+0000] {dagbag.py:537} INFO - Filling up the DagBag from /home/airflow/.local/lib/python3.7/site-packages/airflow/example_dags/example_latest_only.py
[2023-05-22T19:39:41.178+0000] {processor.py:766} INFO - DAG(s) dict_keys(['latest_only']) retrieved from /home/airflow/.local/lib/python3.7/site-packages/airflow/example_dags/example_latest_only.py
[2023-05-22T19:39:41.209+0000] {logging_mixin.py:120} INFO - [2023-05-22T19:39:41.209+0000] {dag.py:2585} INFO - Sync 1 DAGs
[2023-05-22T19:39:41.226+0000] {logging_mixin.py:120} INFO - [2023-05-22T19:39:41.226+0000] {dag.py:3340} INFO - Setting next_dagrun for latest_only to 2023-05-22T15:39:41.226265+00:00, run_after=2023-05-22T19:39:41.226265+00:00
[2023-05-22T19:39:41.240+0000] {processor.py:176} INFO - Processing /home/airflow/.local/lib/python3.7/site-packages/airflow/example_dags/example_latest_only.py took 0.079 seconds
[2023-05-22T19:40:11.762+0000] {processor.py:154} INFO - Started process (PID=975) to work on /home/airflow/.local/lib/python3.7/site-packages/airflow/example_dags/example_latest_only.py
[2023-05-22T19:40:11.764+0000] {processor.py:756} INFO - Processing file /home/airflow/.local/lib/python3.7/site-packages/airflow/example_dags/example_latest_only.py for tasks to queue
[2023-05-22T19:40:11.765+0000] {logging_mixin.py:120} INFO - [2023-05-22T19:40:11.765+0000] {dagbag.py:537} INFO - Filling up the DagBag from /home/airflow/.local/lib/python3.7/site-packages/airflow/example_dags/example_latest_only.py
[2023-05-22T19:40:11.778+0000] {processor.py:766} INFO - DAG(s) dict_keys(['latest_only']) retrieved from /home/airflow/.local/lib/python3.7/site-packages/airflow/example_dags/example_latest_only.py
[2023-05-22T19:40:11.810+0000] {logging_mixin.py:120} INFO - [2023-05-22T19:40:11.810+0000] {dag.py:2585} INFO - Sync 1 DAGs
[2023-05-22T19:40:11.827+0000] {logging_mixin.py:120} INFO - [2023-05-22T19:40:11.827+0000] {dag.py:3340} INFO - Setting next_dagrun for latest_only to 2023-05-22T15:40:11.827145+00:00, run_after=2023-05-22T19:40:11.827145+00:00
[2023-05-22T19:40:11.840+0000] {processor.py:176} INFO - Processing /home/airflow/.local/lib/python3.7/site-packages/airflow/example_dags/example_latest_only.py took 0.083 seconds
[2023-05-22T19:40:42.308+0000] {processor.py:154} INFO - Started process (PID=1038) to work on /home/airflow/.local/lib/python3.7/site-packages/airflow/example_dags/example_latest_only.py
[2023-05-22T19:40:42.310+0000] {processor.py:756} INFO - Processing file /home/airflow/.local/lib/python3.7/site-packages/airflow/example_dags/example_latest_only.py for tasks to queue
[2023-05-22T19:40:42.311+0000] {logging_mixin.py:120} INFO - [2023-05-22T19:40:42.311+0000] {dagbag.py:537} INFO - Filling up the DagBag from /home/airflow/.local/lib/python3.7/site-packages/airflow/example_dags/example_latest_only.py
[2023-05-22T19:40:42.325+0000] {processor.py:766} INFO - DAG(s) dict_keys(['latest_only']) retrieved from /home/airflow/.local/lib/python3.7/site-packages/airflow/example_dags/example_latest_only.py
[2023-05-22T19:40:42.357+0000] {logging_mixin.py:120} INFO - [2023-05-22T19:40:42.357+0000] {dag.py:2585} INFO - Sync 1 DAGs
[2023-05-22T19:40:42.374+0000] {logging_mixin.py:120} INFO - [2023-05-22T19:40:42.373+0000] {dag.py:3340} INFO - Setting next_dagrun for latest_only to 2023-05-22T15:40:42.373723+00:00, run_after=2023-05-22T19:40:42.373723+00:00
[2023-05-22T19:40:42.386+0000] {processor.py:176} INFO - Processing /home/airflow/.local/lib/python3.7/site-packages/airflow/example_dags/example_latest_only.py took 0.082 seconds
[2023-05-22T19:41:12.833+0000] {processor.py:154} INFO - Started process (PID=1101) to work on /home/airflow/.local/lib/python3.7/site-packages/airflow/example_dags/example_latest_only.py
[2023-05-22T19:41:12.835+0000] {processor.py:756} INFO - Processing file /home/airflow/.local/lib/python3.7/site-packages/airflow/example_dags/example_latest_only.py for tasks to queue
[2023-05-22T19:41:12.837+0000] {logging_mixin.py:120} INFO - [2023-05-22T19:41:12.837+0000] {dagbag.py:537} INFO - Filling up the DagBag from /home/airflow/.local/lib/python3.7/site-packages/airflow/example_dags/example_latest_only.py
[2023-05-22T19:41:12.853+0000] {processor.py:766} INFO - DAG(s) dict_keys(['latest_only']) retrieved from /home/airflow/.local/lib/python3.7/site-packages/airflow/example_dags/example_latest_only.py
[2023-05-22T19:41:12.886+0000] {logging_mixin.py:120} INFO - [2023-05-22T19:41:12.886+0000] {dag.py:2585} INFO - Sync 1 DAGs
[2023-05-22T19:41:12.902+0000] {logging_mixin.py:120} INFO - [2023-05-22T19:41:12.902+0000] {dag.py:3340} INFO - Setting next_dagrun for latest_only to 2023-05-22T15:41:12.902290+00:00, run_after=2023-05-22T19:41:12.902290+00:00
[2023-05-22T19:41:12.915+0000] {processor.py:176} INFO - Processing /home/airflow/.local/lib/python3.7/site-packages/airflow/example_dags/example_latest_only.py took 0.087 seconds
[2023-05-22T19:41:43.317+0000] {processor.py:154} INFO - Started process (PID=1165) to work on /home/airflow/.local/lib/python3.7/site-packages/airflow/example_dags/example_latest_only.py
[2023-05-22T19:41:43.318+0000] {processor.py:756} INFO - Processing file /home/airflow/.local/lib/python3.7/site-packages/airflow/example_dags/example_latest_only.py for tasks to queue
[2023-05-22T19:41:43.319+0000] {logging_mixin.py:120} INFO - [2023-05-22T19:41:43.319+0000] {dagbag.py:537} INFO - Filling up the DagBag from /home/airflow/.local/lib/python3.7/site-packages/airflow/example_dags/example_latest_only.py
[2023-05-22T19:41:43.336+0000] {processor.py:766} INFO - DAG(s) dict_keys(['latest_only']) retrieved from /home/airflow/.local/lib/python3.7/site-packages/airflow/example_dags/example_latest_only.py
[2023-05-22T19:41:43.374+0000] {logging_mixin.py:120} INFO - [2023-05-22T19:41:43.374+0000] {dag.py:2585} INFO - Sync 1 DAGs
[2023-05-22T19:41:43.396+0000] {logging_mixin.py:120} INFO - [2023-05-22T19:41:43.396+0000] {dag.py:3340} INFO - Setting next_dagrun for latest_only to 2023-05-22T15:41:43.396213+00:00, run_after=2023-05-22T19:41:43.396213+00:00
[2023-05-22T19:41:43.411+0000] {processor.py:176} INFO - Processing /home/airflow/.local/lib/python3.7/site-packages/airflow/example_dags/example_latest_only.py took 0.097 seconds
[2023-05-22T19:42:13.886+0000] {processor.py:154} INFO - Started process (PID=1219) to work on /home/airflow/.local/lib/python3.7/site-packages/airflow/example_dags/example_latest_only.py
[2023-05-22T19:42:13.889+0000] {processor.py:756} INFO - Processing file /home/airflow/.local/lib/python3.7/site-packages/airflow/example_dags/example_latest_only.py for tasks to queue
[2023-05-22T19:42:13.890+0000] {logging_mixin.py:120} INFO - [2023-05-22T19:42:13.890+0000] {dagbag.py:537} INFO - Filling up the DagBag from /home/airflow/.local/lib/python3.7/site-packages/airflow/example_dags/example_latest_only.py
[2023-05-22T19:42:13.905+0000] {processor.py:766} INFO - DAG(s) dict_keys(['latest_only']) retrieved from /home/airflow/.local/lib/python3.7/site-packages/airflow/example_dags/example_latest_only.py
[2023-05-22T19:42:13.937+0000] {logging_mixin.py:120} INFO - [2023-05-22T19:42:13.937+0000] {dag.py:2585} INFO - Sync 1 DAGs
[2023-05-22T19:42:13.954+0000] {logging_mixin.py:120} INFO - [2023-05-22T19:42:13.954+0000] {dag.py:3340} INFO - Setting next_dagrun for latest_only to 2023-05-22T15:42:13.954281+00:00, run_after=2023-05-22T19:42:13.954281+00:00
[2023-05-22T19:42:13.967+0000] {processor.py:176} INFO - Processing /home/airflow/.local/lib/python3.7/site-packages/airflow/example_dags/example_latest_only.py took 0.085 seconds
[2023-05-22T19:42:44.339+0000] {processor.py:154} INFO - Started process (PID=1289) to work on /home/airflow/.local/lib/python3.7/site-packages/airflow/example_dags/example_latest_only.py
[2023-05-22T19:42:44.341+0000] {processor.py:756} INFO - Processing file /home/airflow/.local/lib/python3.7/site-packages/airflow/example_dags/example_latest_only.py for tasks to queue
[2023-05-22T19:42:44.341+0000] {logging_mixin.py:120} INFO - [2023-05-22T19:42:44.341+0000] {dagbag.py:537} INFO - Filling up the DagBag from /home/airflow/.local/lib/python3.7/site-packages/airflow/example_dags/example_latest_only.py
[2023-05-22T19:42:44.353+0000] {processor.py:766} INFO - DAG(s) dict_keys(['latest_only']) retrieved from /home/airflow/.local/lib/python3.7/site-packages/airflow/example_dags/example_latest_only.py
[2023-05-22T19:42:44.388+0000] {logging_mixin.py:120} INFO - [2023-05-22T19:42:44.387+0000] {dag.py:2585} INFO - Sync 1 DAGs
[2023-05-22T19:42:44.407+0000] {logging_mixin.py:120} INFO - [2023-05-22T19:42:44.407+0000] {dag.py:3340} INFO - Setting next_dagrun for latest_only to 2023-05-22T15:42:44.407204+00:00, run_after=2023-05-22T19:42:44.407204+00:00
[2023-05-22T19:42:44.422+0000] {processor.py:176} INFO - Processing /home/airflow/.local/lib/python3.7/site-packages/airflow/example_dags/example_latest_only.py took 0.085 seconds
[2023-05-22T19:43:14.962+0000] {processor.py:154} INFO - Started process (PID=1351) to work on /home/airflow/.local/lib/python3.7/site-packages/airflow/example_dags/example_latest_only.py
[2023-05-22T19:43:14.964+0000] {processor.py:756} INFO - Processing file /home/airflow/.local/lib/python3.7/site-packages/airflow/example_dags/example_latest_only.py for tasks to queue
[2023-05-22T19:43:14.965+0000] {logging_mixin.py:120} INFO - [2023-05-22T19:43:14.965+0000] {dagbag.py:537} INFO - Filling up the DagBag from /home/airflow/.local/lib/python3.7/site-packages/airflow/example_dags/example_latest_only.py
[2023-05-22T19:43:14.979+0000] {processor.py:766} INFO - DAG(s) dict_keys(['latest_only']) retrieved from /home/airflow/.local/lib/python3.7/site-packages/airflow/example_dags/example_latest_only.py
[2023-05-22T19:43:15.010+0000] {logging_mixin.py:120} INFO - [2023-05-22T19:43:15.010+0000] {dag.py:2585} INFO - Sync 1 DAGs
[2023-05-22T19:43:15.027+0000] {logging_mixin.py:120} INFO - [2023-05-22T19:43:15.027+0000] {dag.py:3340} INFO - Setting next_dagrun for latest_only to 2023-05-22T15:43:15.027146+00:00, run_after=2023-05-22T19:43:15.027146+00:00
[2023-05-22T19:43:15.039+0000] {processor.py:176} INFO - Processing /home/airflow/.local/lib/python3.7/site-packages/airflow/example_dags/example_latest_only.py took 0.080 seconds
[2023-05-22T19:43:46.025+0000] {processor.py:154} INFO - Started process (PID=1414) to work on /home/airflow/.local/lib/python3.7/site-packages/airflow/example_dags/example_latest_only.py
[2023-05-22T19:43:46.027+0000] {processor.py:756} INFO - Processing file /home/airflow/.local/lib/python3.7/site-packages/airflow/example_dags/example_latest_only.py for tasks to queue
[2023-05-22T19:43:46.029+0000] {logging_mixin.py:120} INFO - [2023-05-22T19:43:46.029+0000] {dagbag.py:537} INFO - Filling up the DagBag from /home/airflow/.local/lib/python3.7/site-packages/airflow/example_dags/example_latest_only.py
[2023-05-22T19:43:46.043+0000] {processor.py:766} INFO - DAG(s) dict_keys(['latest_only']) retrieved from /home/airflow/.local/lib/python3.7/site-packages/airflow/example_dags/example_latest_only.py
[2023-05-22T19:43:46.076+0000] {logging_mixin.py:120} INFO - [2023-05-22T19:43:46.076+0000] {dag.py:2585} INFO - Sync 1 DAGs
[2023-05-22T19:43:46.094+0000] {logging_mixin.py:120} INFO - [2023-05-22T19:43:46.094+0000] {dag.py:3340} INFO - Setting next_dagrun for latest_only to 2023-05-22T15:43:46.093991+00:00, run_after=2023-05-22T19:43:46.093991+00:00
[2023-05-22T19:43:46.107+0000] {processor.py:176} INFO - Processing /home/airflow/.local/lib/python3.7/site-packages/airflow/example_dags/example_latest_only.py took 0.086 seconds
[2023-05-22T19:44:16.957+0000] {processor.py:154} INFO - Started process (PID=1477) to work on /home/airflow/.local/lib/python3.7/site-packages/airflow/example_dags/example_latest_only.py
[2023-05-22T19:44:16.958+0000] {processor.py:756} INFO - Processing file /home/airflow/.local/lib/python3.7/site-packages/airflow/example_dags/example_latest_only.py for tasks to queue
[2023-05-22T19:44:16.960+0000] {logging_mixin.py:120} INFO - [2023-05-22T19:44:16.960+0000] {dagbag.py:537} INFO - Filling up the DagBag from /home/airflow/.local/lib/python3.7/site-packages/airflow/example_dags/example_latest_only.py
[2023-05-22T19:44:16.981+0000] {processor.py:766} INFO - DAG(s) dict_keys(['latest_only']) retrieved from /home/airflow/.local/lib/python3.7/site-packages/airflow/example_dags/example_latest_only.py
[2023-05-22T19:44:17.018+0000] {logging_mixin.py:120} INFO - [2023-05-22T19:44:17.018+0000] {dag.py:2585} INFO - Sync 1 DAGs
[2023-05-22T19:44:17.036+0000] {logging_mixin.py:120} INFO - [2023-05-22T19:44:17.036+0000] {dag.py:3340} INFO - Setting next_dagrun for latest_only to 2023-05-22T15:44:17.036337+00:00, run_after=2023-05-22T19:44:17.036337+00:00
[2023-05-22T19:44:17.050+0000] {processor.py:176} INFO - Processing /home/airflow/.local/lib/python3.7/site-packages/airflow/example_dags/example_latest_only.py took 0.097 seconds
[2023-05-22T19:44:47.654+0000] {processor.py:154} INFO - Started process (PID=1540) to work on /home/airflow/.local/lib/python3.7/site-packages/airflow/example_dags/example_latest_only.py
[2023-05-22T19:44:47.655+0000] {processor.py:756} INFO - Processing file /home/airflow/.local/lib/python3.7/site-packages/airflow/example_dags/example_latest_only.py for tasks to queue
[2023-05-22T19:44:47.656+0000] {logging_mixin.py:120} INFO - [2023-05-22T19:44:47.656+0000] {dagbag.py:537} INFO - Filling up the DagBag from /home/airflow/.local/lib/python3.7/site-packages/airflow/example_dags/example_latest_only.py
[2023-05-22T19:44:47.667+0000] {processor.py:766} INFO - DAG(s) dict_keys(['latest_only']) retrieved from /home/airflow/.local/lib/python3.7/site-packages/airflow/example_dags/example_latest_only.py
[2023-05-22T19:44:47.699+0000] {logging_mixin.py:120} INFO - [2023-05-22T19:44:47.699+0000] {dag.py:2585} INFO - Sync 1 DAGs
[2023-05-22T19:44:47.716+0000] {logging_mixin.py:120} INFO - [2023-05-22T19:44:47.715+0000] {dag.py:3340} INFO - Setting next_dagrun for latest_only to 2023-05-22T15:44:47.715729+00:00, run_after=2023-05-22T19:44:47.715729+00:00
[2023-05-22T19:44:47.729+0000] {processor.py:176} INFO - Processing /home/airflow/.local/lib/python3.7/site-packages/airflow/example_dags/example_latest_only.py took 0.077 seconds
[2023-05-22T19:45:18.217+0000] {processor.py:154} INFO - Started process (PID=1594) to work on /home/airflow/.local/lib/python3.7/site-packages/airflow/example_dags/example_latest_only.py
[2023-05-22T19:45:18.219+0000] {processor.py:756} INFO - Processing file /home/airflow/.local/lib/python3.7/site-packages/airflow/example_dags/example_latest_only.py for tasks to queue
[2023-05-22T19:45:18.221+0000] {logging_mixin.py:120} INFO - [2023-05-22T19:45:18.221+0000] {dagbag.py:537} INFO - Filling up the DagBag from /home/airflow/.local/lib/python3.7/site-packages/airflow/example_dags/example_latest_only.py
[2023-05-22T19:45:18.238+0000] {processor.py:766} INFO - DAG(s) dict_keys(['latest_only']) retrieved from /home/airflow/.local/lib/python3.7/site-packages/airflow/example_dags/example_latest_only.py
[2023-05-22T19:45:18.273+0000] {logging_mixin.py:120} INFO - [2023-05-22T19:45:18.273+0000] {dag.py:2585} INFO - Sync 1 DAGs
[2023-05-22T19:45:18.290+0000] {logging_mixin.py:120} INFO - [2023-05-22T19:45:18.290+0000] {dag.py:3340} INFO - Setting next_dagrun for latest_only to 2023-05-22T15:45:18.290420+00:00, run_after=2023-05-22T19:45:18.290420+00:00
[2023-05-22T19:45:18.303+0000] {processor.py:176} INFO - Processing /home/airflow/.local/lib/python3.7/site-packages/airflow/example_dags/example_latest_only.py took 0.090 seconds
[2023-05-22T19:45:48.708+0000] {processor.py:154} INFO - Started process (PID=1657) to work on /home/airflow/.local/lib/python3.7/site-packages/airflow/example_dags/example_latest_only.py
[2023-05-22T19:45:48.709+0000] {processor.py:756} INFO - Processing file /home/airflow/.local/lib/python3.7/site-packages/airflow/example_dags/example_latest_only.py for tasks to queue
[2023-05-22T19:45:48.710+0000] {logging_mixin.py:120} INFO - [2023-05-22T19:45:48.710+0000] {dagbag.py:537} INFO - Filling up the DagBag from /home/airflow/.local/lib/python3.7/site-packages/airflow/example_dags/example_latest_only.py
[2023-05-22T19:45:48.721+0000] {processor.py:766} INFO - DAG(s) dict_keys(['latest_only']) retrieved from /home/airflow/.local/lib/python3.7/site-packages/airflow/example_dags/example_latest_only.py
[2023-05-22T19:45:48.754+0000] {logging_mixin.py:120} INFO - [2023-05-22T19:45:48.754+0000] {dag.py:2585} INFO - Sync 1 DAGs
[2023-05-22T19:45:48.772+0000] {logging_mixin.py:120} INFO - [2023-05-22T19:45:48.772+0000] {dag.py:3340} INFO - Setting next_dagrun for latest_only to 2023-05-22T15:45:48.771961+00:00, run_after=2023-05-22T19:45:48.771961+00:00
[2023-05-22T19:45:48.787+0000] {processor.py:176} INFO - Processing /home/airflow/.local/lib/python3.7/site-packages/airflow/example_dags/example_latest_only.py took 0.082 seconds
[2023-05-22T19:46:19.269+0000] {processor.py:154} INFO - Started process (PID=1719) to work on /home/airflow/.local/lib/python3.7/site-packages/airflow/example_dags/example_latest_only.py
[2023-05-22T19:46:19.271+0000] {processor.py:756} INFO - Processing file /home/airflow/.local/lib/python3.7/site-packages/airflow/example_dags/example_latest_only.py for tasks to queue
[2023-05-22T19:46:19.272+0000] {logging_mixin.py:120} INFO - [2023-05-22T19:46:19.272+0000] {dagbag.py:537} INFO - Filling up the DagBag from /home/airflow/.local/lib/python3.7/site-packages/airflow/example_dags/example_latest_only.py
[2023-05-22T19:46:19.285+0000] {processor.py:766} INFO - DAG(s) dict_keys(['latest_only']) retrieved from /home/airflow/.local/lib/python3.7/site-packages/airflow/example_dags/example_latest_only.py
[2023-05-22T19:46:19.324+0000] {logging_mixin.py:120} INFO - [2023-05-22T19:46:19.324+0000] {dag.py:2585} INFO - Sync 1 DAGs
[2023-05-22T19:46:19.342+0000] {logging_mixin.py:120} INFO - [2023-05-22T19:46:19.342+0000] {dag.py:3340} INFO - Setting next_dagrun for latest_only to 2023-05-22T15:46:19.342356+00:00, run_after=2023-05-22T19:46:19.342356+00:00
[2023-05-22T19:46:19.355+0000] {processor.py:176} INFO - Processing /home/airflow/.local/lib/python3.7/site-packages/airflow/example_dags/example_latest_only.py took 0.089 seconds
[2023-05-22T19:46:49.854+0000] {processor.py:154} INFO - Started process (PID=1783) to work on /home/airflow/.local/lib/python3.7/site-packages/airflow/example_dags/example_latest_only.py
[2023-05-22T19:46:49.855+0000] {processor.py:756} INFO - Processing file /home/airflow/.local/lib/python3.7/site-packages/airflow/example_dags/example_latest_only.py for tasks to queue
[2023-05-22T19:46:49.856+0000] {logging_mixin.py:120} INFO - [2023-05-22T19:46:49.856+0000] {dagbag.py:537} INFO - Filling up the DagBag from /home/airflow/.local/lib/python3.7/site-packages/airflow/example_dags/example_latest_only.py
[2023-05-22T19:46:49.873+0000] {processor.py:766} INFO - DAG(s) dict_keys(['latest_only']) retrieved from /home/airflow/.local/lib/python3.7/site-packages/airflow/example_dags/example_latest_only.py
[2023-05-22T19:46:49.911+0000] {logging_mixin.py:120} INFO - [2023-05-22T19:46:49.911+0000] {dag.py:2585} INFO - Sync 1 DAGs
[2023-05-22T19:46:49.929+0000] {logging_mixin.py:120} INFO - [2023-05-22T19:46:49.929+0000] {dag.py:3340} INFO - Setting next_dagrun for latest_only to 2023-05-22T15:46:49.929139+00:00, run_after=2023-05-22T19:46:49.929139+00:00
[2023-05-22T19:46:49.942+0000] {processor.py:176} INFO - Processing /home/airflow/.local/lib/python3.7/site-packages/airflow/example_dags/example_latest_only.py took 0.091 seconds
[2023-05-22T19:47:20.457+0000] {processor.py:154} INFO - Started process (PID=1847) to work on /home/airflow/.local/lib/python3.7/site-packages/airflow/example_dags/example_latest_only.py
[2023-05-22T19:47:20.459+0000] {processor.py:756} INFO - Processing file /home/airflow/.local/lib/python3.7/site-packages/airflow/example_dags/example_latest_only.py for tasks to queue
[2023-05-22T19:47:20.460+0000] {logging_mixin.py:120} INFO - [2023-05-22T19:47:20.460+0000] {dagbag.py:537} INFO - Filling up the DagBag from /home/airflow/.local/lib/python3.7/site-packages/airflow/example_dags/example_latest_only.py
[2023-05-22T19:47:20.473+0000] {processor.py:766} INFO - DAG(s) dict_keys(['latest_only']) retrieved from /home/airflow/.local/lib/python3.7/site-packages/airflow/example_dags/example_latest_only.py
[2023-05-22T19:47:20.505+0000] {logging_mixin.py:120} INFO - [2023-05-22T19:47:20.505+0000] {dag.py:2585} INFO - Sync 1 DAGs
[2023-05-22T19:47:20.521+0000] {logging_mixin.py:120} INFO - [2023-05-22T19:47:20.521+0000] {dag.py:3340} INFO - Setting next_dagrun for latest_only to 2023-05-22T15:47:20.521324+00:00, run_after=2023-05-22T19:47:20.521324+00:00
[2023-05-22T19:47:20.533+0000] {processor.py:176} INFO - Processing /home/airflow/.local/lib/python3.7/site-packages/airflow/example_dags/example_latest_only.py took 0.081 seconds
[2023-05-22T19:47:51.216+0000] {processor.py:154} INFO - Started process (PID=1910) to work on /home/airflow/.local/lib/python3.7/site-packages/airflow/example_dags/example_latest_only.py
[2023-05-22T19:47:51.218+0000] {processor.py:756} INFO - Processing file /home/airflow/.local/lib/python3.7/site-packages/airflow/example_dags/example_latest_only.py for tasks to queue
[2023-05-22T19:47:51.220+0000] {logging_mixin.py:120} INFO - [2023-05-22T19:47:51.220+0000] {dagbag.py:537} INFO - Filling up the DagBag from /home/airflow/.local/lib/python3.7/site-packages/airflow/example_dags/example_latest_only.py
[2023-05-22T19:47:51.239+0000] {processor.py:766} INFO - DAG(s) dict_keys(['latest_only']) retrieved from /home/airflow/.local/lib/python3.7/site-packages/airflow/example_dags/example_latest_only.py
[2023-05-22T19:47:51.274+0000] {logging_mixin.py:120} INFO - [2023-05-22T19:47:51.273+0000] {dag.py:2585} INFO - Sync 1 DAGs
[2023-05-22T19:47:51.292+0000] {logging_mixin.py:120} INFO - [2023-05-22T19:47:51.291+0000] {dag.py:3340} INFO - Setting next_dagrun for latest_only to 2023-05-22T15:47:51.291776+00:00, run_after=2023-05-22T19:47:51.291776+00:00
[2023-05-22T19:47:51.306+0000] {processor.py:176} INFO - Processing /home/airflow/.local/lib/python3.7/site-packages/airflow/example_dags/example_latest_only.py took 0.093 seconds
[2023-05-22T19:48:21.860+0000] {processor.py:154} INFO - Started process (PID=1964) to work on /home/airflow/.local/lib/python3.7/site-packages/airflow/example_dags/example_latest_only.py
[2023-05-22T19:48:21.862+0000] {processor.py:756} INFO - Processing file /home/airflow/.local/lib/python3.7/site-packages/airflow/example_dags/example_latest_only.py for tasks to queue
[2023-05-22T19:48:21.864+0000] {logging_mixin.py:120} INFO - [2023-05-22T19:48:21.864+0000] {dagbag.py:537} INFO - Filling up the DagBag from /home/airflow/.local/lib/python3.7/site-packages/airflow/example_dags/example_latest_only.py
[2023-05-22T19:48:21.884+0000] {processor.py:766} INFO - DAG(s) dict_keys(['latest_only']) retrieved from /home/airflow/.local/lib/python3.7/site-packages/airflow/example_dags/example_latest_only.py
[2023-05-22T19:48:21.935+0000] {logging_mixin.py:120} INFO - [2023-05-22T19:48:21.935+0000] {dag.py:2585} INFO - Sync 1 DAGs
[2023-05-22T19:48:21.963+0000] {logging_mixin.py:120} INFO - [2023-05-22T19:48:21.963+0000] {dag.py:3340} INFO - Setting next_dagrun for latest_only to 2023-05-22T15:48:21.963137+00:00, run_after=2023-05-22T19:48:21.963137+00:00
[2023-05-22T19:48:21.982+0000] {processor.py:176} INFO - Processing /home/airflow/.local/lib/python3.7/site-packages/airflow/example_dags/example_latest_only.py took 0.126 seconds
[2023-05-22T19:48:52.343+0000] {processor.py:154} INFO - Started process (PID=2026) to work on /home/airflow/.local/lib/python3.7/site-packages/airflow/example_dags/example_latest_only.py
[2023-05-22T19:48:52.345+0000] {processor.py:756} INFO - Processing file /home/airflow/.local/lib/python3.7/site-packages/airflow/example_dags/example_latest_only.py for tasks to queue
[2023-05-22T19:48:52.347+0000] {logging_mixin.py:120} INFO - [2023-05-22T19:48:52.347+0000] {dagbag.py:537} INFO - Filling up the DagBag from /home/airflow/.local/lib/python3.7/site-packages/airflow/example_dags/example_latest_only.py
[2023-05-22T19:48:52.358+0000] {processor.py:766} INFO - DAG(s) dict_keys(['latest_only']) retrieved from /home/airflow/.local/lib/python3.7/site-packages/airflow/example_dags/example_latest_only.py
[2023-05-22T19:48:52.392+0000] {logging_mixin.py:120} INFO - [2023-05-22T19:48:52.392+0000] {dag.py:2585} INFO - Sync 1 DAGs
[2023-05-22T19:48:52.409+0000] {logging_mixin.py:120} INFO - [2023-05-22T19:48:52.409+0000] {dag.py:3340} INFO - Setting next_dagrun for latest_only to 2023-05-22T15:48:52.409161+00:00, run_after=2023-05-22T19:48:52.409161+00:00
[2023-05-22T19:48:52.422+0000] {processor.py:176} INFO - Processing /home/airflow/.local/lib/python3.7/site-packages/airflow/example_dags/example_latest_only.py took 0.081 seconds
[2023-05-22T19:49:22.958+0000] {processor.py:154} INFO - Started process (PID=2089) to work on /home/airflow/.local/lib/python3.7/site-packages/airflow/example_dags/example_latest_only.py
[2023-05-22T19:49:22.961+0000] {processor.py:756} INFO - Processing file /home/airflow/.local/lib/python3.7/site-packages/airflow/example_dags/example_latest_only.py for tasks to queue
[2023-05-22T19:49:22.962+0000] {logging_mixin.py:120} INFO - [2023-05-22T19:49:22.962+0000] {dagbag.py:537} INFO - Filling up the DagBag from /home/airflow/.local/lib/python3.7/site-packages/airflow/example_dags/example_latest_only.py
[2023-05-22T19:49:22.979+0000] {processor.py:766} INFO - DAG(s) dict_keys(['latest_only']) retrieved from /home/airflow/.local/lib/python3.7/site-packages/airflow/example_dags/example_latest_only.py
[2023-05-22T19:49:23.018+0000] {logging_mixin.py:120} INFO - [2023-05-22T19:49:23.018+0000] {dag.py:2585} INFO - Sync 1 DAGs
[2023-05-22T19:49:23.041+0000] {logging_mixin.py:120} INFO - [2023-05-22T19:49:23.041+0000] {dag.py:3340} INFO - Setting next_dagrun for latest_only to 2023-05-22T15:49:23.041619+00:00, run_after=2023-05-22T19:49:23.041619+00:00
[2023-05-22T19:49:23.054+0000] {processor.py:176} INFO - Processing /home/airflow/.local/lib/python3.7/site-packages/airflow/example_dags/example_latest_only.py took 0.099 seconds
[2023-05-22T19:49:53.632+0000] {processor.py:154} INFO - Started process (PID=2152) to work on /home/airflow/.local/lib/python3.7/site-packages/airflow/example_dags/example_latest_only.py
[2023-05-22T19:49:53.633+0000] {processor.py:756} INFO - Processing file /home/airflow/.local/lib/python3.7/site-packages/airflow/example_dags/example_latest_only.py for tasks to queue
[2023-05-22T19:49:53.634+0000] {logging_mixin.py:120} INFO - [2023-05-22T19:49:53.634+0000] {dagbag.py:537} INFO - Filling up the DagBag from /home/airflow/.local/lib/python3.7/site-packages/airflow/example_dags/example_latest_only.py
[2023-05-22T19:49:53.647+0000] {processor.py:766} INFO - DAG(s) dict_keys(['latest_only']) retrieved from /home/airflow/.local/lib/python3.7/site-packages/airflow/example_dags/example_latest_only.py
[2023-05-22T19:49:53.676+0000] {logging_mixin.py:120} INFO - [2023-05-22T19:49:53.676+0000] {dag.py:2585} INFO - Sync 1 DAGs
[2023-05-22T19:49:53.693+0000] {logging_mixin.py:120} INFO - [2023-05-22T19:49:53.693+0000] {dag.py:3340} INFO - Setting next_dagrun for latest_only to 2023-05-22T15:49:53.692946+00:00, run_after=2023-05-22T19:49:53.692946+00:00
[2023-05-22T19:49:53.706+0000] {processor.py:176} INFO - Processing /home/airflow/.local/lib/python3.7/site-packages/airflow/example_dags/example_latest_only.py took 0.077 seconds
[2023-05-22T19:50:24.268+0000] {processor.py:154} INFO - Started process (PID=2216) to work on /home/airflow/.local/lib/python3.7/site-packages/airflow/example_dags/example_latest_only.py
[2023-05-22T19:50:24.270+0000] {processor.py:756} INFO - Processing file /home/airflow/.local/lib/python3.7/site-packages/airflow/example_dags/example_latest_only.py for tasks to queue
[2023-05-22T19:50:24.272+0000] {logging_mixin.py:120} INFO - [2023-05-22T19:50:24.272+0000] {dagbag.py:537} INFO - Filling up the DagBag from /home/airflow/.local/lib/python3.7/site-packages/airflow/example_dags/example_latest_only.py
[2023-05-22T19:50:24.289+0000] {processor.py:766} INFO - DAG(s) dict_keys(['latest_only']) retrieved from /home/airflow/.local/lib/python3.7/site-packages/airflow/example_dags/example_latest_only.py
[2023-05-22T19:50:24.326+0000] {logging_mixin.py:120} INFO - [2023-05-22T19:50:24.326+0000] {dag.py:2585} INFO - Sync 1 DAGs
[2023-05-22T19:50:24.344+0000] {logging_mixin.py:120} INFO - [2023-05-22T19:50:24.344+0000] {dag.py:3340} INFO - Setting next_dagrun for latest_only to 2023-05-22T15:50:24.343995+00:00, run_after=2023-05-22T19:50:24.343995+00:00
[2023-05-22T19:50:24.358+0000] {processor.py:176} INFO - Processing /home/airflow/.local/lib/python3.7/site-packages/airflow/example_dags/example_latest_only.py took 0.093 seconds
[2023-05-22T19:50:54.924+0000] {processor.py:154} INFO - Started process (PID=2278) to work on /home/airflow/.local/lib/python3.7/site-packages/airflow/example_dags/example_latest_only.py
[2023-05-22T19:50:54.925+0000] {processor.py:756} INFO - Processing file /home/airflow/.local/lib/python3.7/site-packages/airflow/example_dags/example_latest_only.py for tasks to queue
[2023-05-22T19:50:54.927+0000] {logging_mixin.py:120} INFO - [2023-05-22T19:50:54.927+0000] {dagbag.py:537} INFO - Filling up the DagBag from /home/airflow/.local/lib/python3.7/site-packages/airflow/example_dags/example_latest_only.py
[2023-05-22T19:50:54.938+0000] {processor.py:766} INFO - DAG(s) dict_keys(['latest_only']) retrieved from /home/airflow/.local/lib/python3.7/site-packages/airflow/example_dags/example_latest_only.py
[2023-05-22T19:50:54.971+0000] {logging_mixin.py:120} INFO - [2023-05-22T19:50:54.971+0000] {dag.py:2585} INFO - Sync 1 DAGs
[2023-05-22T19:50:54.988+0000] {logging_mixin.py:120} INFO - [2023-05-22T19:50:54.987+0000] {dag.py:3340} INFO - Setting next_dagrun for latest_only to 2023-05-22T15:50:54.987798+00:00, run_after=2023-05-22T19:50:54.987798+00:00
[2023-05-22T19:50:55.001+0000] {processor.py:176} INFO - Processing /home/airflow/.local/lib/python3.7/site-packages/airflow/example_dags/example_latest_only.py took 0.079 seconds
[2023-05-22T19:51:25.811+0000] {processor.py:154} INFO - Started process (PID=2332) to work on /home/airflow/.local/lib/python3.7/site-packages/airflow/example_dags/example_latest_only.py
[2023-05-22T19:51:25.813+0000] {processor.py:756} INFO - Processing file /home/airflow/.local/lib/python3.7/site-packages/airflow/example_dags/example_latest_only.py for tasks to queue
[2023-05-22T19:51:25.815+0000] {logging_mixin.py:120} INFO - [2023-05-22T19:51:25.815+0000] {dagbag.py:537} INFO - Filling up the DagBag from /home/airflow/.local/lib/python3.7/site-packages/airflow/example_dags/example_latest_only.py
[2023-05-22T19:51:25.830+0000] {processor.py:766} INFO - DAG(s) dict_keys(['latest_only']) retrieved from /home/airflow/.local/lib/python3.7/site-packages/airflow/example_dags/example_latest_only.py
[2023-05-22T19:51:25.865+0000] {logging_mixin.py:120} INFO - [2023-05-22T19:51:25.865+0000] {dag.py:2585} INFO - Sync 1 DAGs
[2023-05-22T19:51:25.883+0000] {logging_mixin.py:120} INFO - [2023-05-22T19:51:25.882+0000] {dag.py:3340} INFO - Setting next_dagrun for latest_only to 2023-05-22T15:51:25.882698+00:00, run_after=2023-05-22T19:51:25.882698+00:00
[2023-05-22T19:51:25.896+0000] {processor.py:176} INFO - Processing /home/airflow/.local/lib/python3.7/site-packages/airflow/example_dags/example_latest_only.py took 0.089 seconds
[2023-05-22T19:51:56.204+0000] {processor.py:154} INFO - Started process (PID=2395) to work on /home/airflow/.local/lib/python3.7/site-packages/airflow/example_dags/example_latest_only.py
[2023-05-22T19:51:56.205+0000] {processor.py:756} INFO - Processing file /home/airflow/.local/lib/python3.7/site-packages/airflow/example_dags/example_latest_only.py for tasks to queue
[2023-05-22T19:51:56.206+0000] {logging_mixin.py:120} INFO - [2023-05-22T19:51:56.206+0000] {dagbag.py:537} INFO - Filling up the DagBag from /home/airflow/.local/lib/python3.7/site-packages/airflow/example_dags/example_latest_only.py
[2023-05-22T19:51:56.218+0000] {processor.py:766} INFO - DAG(s) dict_keys(['latest_only']) retrieved from /home/airflow/.local/lib/python3.7/site-packages/airflow/example_dags/example_latest_only.py
[2023-05-22T19:51:56.250+0000] {logging_mixin.py:120} INFO - [2023-05-22T19:51:56.250+0000] {dag.py:2585} INFO - Sync 1 DAGs
[2023-05-22T19:51:56.268+0000] {logging_mixin.py:120} INFO - [2023-05-22T19:51:56.268+0000] {dag.py:3340} INFO - Setting next_dagrun for latest_only to 2023-05-22T15:51:56.268461+00:00, run_after=2023-05-22T19:51:56.268461+00:00
[2023-05-22T19:51:56.282+0000] {processor.py:176} INFO - Processing /home/airflow/.local/lib/python3.7/site-packages/airflow/example_dags/example_latest_only.py took 0.081 seconds
[2023-05-22T19:52:26.794+0000] {processor.py:154} INFO - Started process (PID=2458) to work on /home/airflow/.local/lib/python3.7/site-packages/airflow/example_dags/example_latest_only.py
[2023-05-22T19:52:26.796+0000] {processor.py:756} INFO - Processing file /home/airflow/.local/lib/python3.7/site-packages/airflow/example_dags/example_latest_only.py for tasks to queue
[2023-05-22T19:52:26.798+0000] {logging_mixin.py:120} INFO - [2023-05-22T19:52:26.798+0000] {dagbag.py:537} INFO - Filling up the DagBag from /home/airflow/.local/lib/python3.7/site-packages/airflow/example_dags/example_latest_only.py
[2023-05-22T19:52:26.812+0000] {processor.py:766} INFO - DAG(s) dict_keys(['latest_only']) retrieved from /home/airflow/.local/lib/python3.7/site-packages/airflow/example_dags/example_latest_only.py
[2023-05-22T19:52:26.844+0000] {logging_mixin.py:120} INFO - [2023-05-22T19:52:26.844+0000] {dag.py:2585} INFO - Sync 1 DAGs
[2023-05-22T19:52:26.861+0000] {logging_mixin.py:120} INFO - [2023-05-22T19:52:26.861+0000] {dag.py:3340} INFO - Setting next_dagrun for latest_only to 2023-05-22T15:52:26.861381+00:00, run_after=2023-05-22T19:52:26.861381+00:00
[2023-05-22T19:52:26.875+0000] {processor.py:176} INFO - Processing /home/airflow/.local/lib/python3.7/site-packages/airflow/example_dags/example_latest_only.py took 0.085 seconds
[2023-05-22T19:52:57.233+0000] {processor.py:154} INFO - Started process (PID=2523) to work on /home/airflow/.local/lib/python3.7/site-packages/airflow/example_dags/example_latest_only.py
[2023-05-22T19:52:57.234+0000] {processor.py:756} INFO - Processing file /home/airflow/.local/lib/python3.7/site-packages/airflow/example_dags/example_latest_only.py for tasks to queue
[2023-05-22T19:52:57.235+0000] {logging_mixin.py:120} INFO - [2023-05-22T19:52:57.235+0000] {dagbag.py:537} INFO - Filling up the DagBag from /home/airflow/.local/lib/python3.7/site-packages/airflow/example_dags/example_latest_only.py
[2023-05-22T19:52:57.252+0000] {processor.py:766} INFO - DAG(s) dict_keys(['latest_only']) retrieved from /home/airflow/.local/lib/python3.7/site-packages/airflow/example_dags/example_latest_only.py
[2023-05-22T19:52:57.286+0000] {logging_mixin.py:120} INFO - [2023-05-22T19:52:57.286+0000] {dag.py:2585} INFO - Sync 1 DAGs
[2023-05-22T19:52:57.304+0000] {logging_mixin.py:120} INFO - [2023-05-22T19:52:57.304+0000] {dag.py:3340} INFO - Setting next_dagrun for latest_only to 2023-05-22T15:52:57.304048+00:00, run_after=2023-05-22T19:52:57.304048+00:00
[2023-05-22T19:52:57.320+0000] {processor.py:176} INFO - Processing /home/airflow/.local/lib/python3.7/site-packages/airflow/example_dags/example_latest_only.py took 0.091 seconds
[2023-05-22T19:53:27.888+0000] {processor.py:154} INFO - Started process (PID=2585) to work on /home/airflow/.local/lib/python3.7/site-packages/airflow/example_dags/example_latest_only.py
[2023-05-22T19:53:27.890+0000] {processor.py:756} INFO - Processing file /home/airflow/.local/lib/python3.7/site-packages/airflow/example_dags/example_latest_only.py for tasks to queue
[2023-05-22T19:53:27.891+0000] {logging_mixin.py:120} INFO - [2023-05-22T19:53:27.891+0000] {dagbag.py:537} INFO - Filling up the DagBag from /home/airflow/.local/lib/python3.7/site-packages/airflow/example_dags/example_latest_only.py
[2023-05-22T19:53:27.907+0000] {processor.py:766} INFO - DAG(s) dict_keys(['latest_only']) retrieved from /home/airflow/.local/lib/python3.7/site-packages/airflow/example_dags/example_latest_only.py
[2023-05-22T19:53:27.951+0000] {logging_mixin.py:120} INFO - [2023-05-22T19:53:27.950+0000] {dag.py:2585} INFO - Sync 1 DAGs
[2023-05-22T19:53:27.974+0000] {logging_mixin.py:120} INFO - [2023-05-22T19:53:27.974+0000] {dag.py:3340} INFO - Setting next_dagrun for latest_only to 2023-05-22T15:53:27.974092+00:00, run_after=2023-05-22T19:53:27.974092+00:00
[2023-05-22T19:53:27.989+0000] {processor.py:176} INFO - Processing /home/airflow/.local/lib/python3.7/site-packages/airflow/example_dags/example_latest_only.py took 0.106 seconds
[2023-05-22T19:53:58.431+0000] {processor.py:154} INFO - Started process (PID=2649) to work on /home/airflow/.local/lib/python3.7/site-packages/airflow/example_dags/example_latest_only.py
[2023-05-22T19:53:58.432+0000] {processor.py:756} INFO - Processing file /home/airflow/.local/lib/python3.7/site-packages/airflow/example_dags/example_latest_only.py for tasks to queue
[2023-05-22T19:53:58.433+0000] {logging_mixin.py:120} INFO - [2023-05-22T19:53:58.433+0000] {dagbag.py:537} INFO - Filling up the DagBag from /home/airflow/.local/lib/python3.7/site-packages/airflow/example_dags/example_latest_only.py
[2023-05-22T19:53:58.445+0000] {processor.py:766} INFO - DAG(s) dict_keys(['latest_only']) retrieved from /home/airflow/.local/lib/python3.7/site-packages/airflow/example_dags/example_latest_only.py
[2023-05-22T19:53:58.480+0000] {logging_mixin.py:120} INFO - [2023-05-22T19:53:58.480+0000] {dag.py:2585} INFO - Sync 1 DAGs
[2023-05-22T19:53:58.501+0000] {logging_mixin.py:120} INFO - [2023-05-22T19:53:58.501+0000] {dag.py:3340} INFO - Setting next_dagrun for latest_only to 2023-05-22T15:53:58.501551+00:00, run_after=2023-05-22T19:53:58.501551+00:00
[2023-05-22T19:53:58.515+0000] {processor.py:176} INFO - Processing /home/airflow/.local/lib/python3.7/site-packages/airflow/example_dags/example_latest_only.py took 0.087 seconds
[2023-05-22T19:54:28.970+0000] {processor.py:154} INFO - Started process (PID=2702) to work on /home/airflow/.local/lib/python3.7/site-packages/airflow/example_dags/example_latest_only.py
[2023-05-22T19:54:28.972+0000] {processor.py:756} INFO - Processing file /home/airflow/.local/lib/python3.7/site-packages/airflow/example_dags/example_latest_only.py for tasks to queue
[2023-05-22T19:54:28.973+0000] {logging_mixin.py:120} INFO - [2023-05-22T19:54:28.972+0000] {dagbag.py:537} INFO - Filling up the DagBag from /home/airflow/.local/lib/python3.7/site-packages/airflow/example_dags/example_latest_only.py
[2023-05-22T19:54:28.984+0000] {processor.py:766} INFO - DAG(s) dict_keys(['latest_only']) retrieved from /home/airflow/.local/lib/python3.7/site-packages/airflow/example_dags/example_latest_only.py
[2023-05-22T19:54:29.015+0000] {logging_mixin.py:120} INFO - [2023-05-22T19:54:29.015+0000] {dag.py:2585} INFO - Sync 1 DAGs
[2023-05-22T19:54:29.032+0000] {logging_mixin.py:120} INFO - [2023-05-22T19:54:29.032+0000] {dag.py:3340} INFO - Setting next_dagrun for latest_only to 2023-05-22T15:54:29.032082+00:00, run_after=2023-05-22T19:54:29.032082+00:00
[2023-05-22T19:54:29.045+0000] {processor.py:176} INFO - Processing /home/airflow/.local/lib/python3.7/site-packages/airflow/example_dags/example_latest_only.py took 0.077 seconds
[2023-05-22T19:54:59.749+0000] {processor.py:154} INFO - Started process (PID=2765) to work on /home/airflow/.local/lib/python3.7/site-packages/airflow/example_dags/example_latest_only.py
[2023-05-22T19:54:59.750+0000] {processor.py:756} INFO - Processing file /home/airflow/.local/lib/python3.7/site-packages/airflow/example_dags/example_latest_only.py for tasks to queue
[2023-05-22T19:54:59.751+0000] {logging_mixin.py:120} INFO - [2023-05-22T19:54:59.751+0000] {dagbag.py:537} INFO - Filling up the DagBag from /home/airflow/.local/lib/python3.7/site-packages/airflow/example_dags/example_latest_only.py
[2023-05-22T19:54:59.761+0000] {processor.py:766} INFO - DAG(s) dict_keys(['latest_only']) retrieved from /home/airflow/.local/lib/python3.7/site-packages/airflow/example_dags/example_latest_only.py
[2023-05-22T19:54:59.796+0000] {logging_mixin.py:120} INFO - [2023-05-22T19:54:59.796+0000] {dag.py:2585} INFO - Sync 1 DAGs
[2023-05-22T19:54:59.815+0000] {logging_mixin.py:120} INFO - [2023-05-22T19:54:59.815+0000] {dag.py:3340} INFO - Setting next_dagrun for latest_only to 2023-05-22T15:54:59.815343+00:00, run_after=2023-05-22T19:54:59.815343+00:00
[2023-05-22T19:54:59.833+0000] {processor.py:176} INFO - Processing /home/airflow/.local/lib/python3.7/site-packages/airflow/example_dags/example_latest_only.py took 0.087 seconds
[2023-05-22T19:55:30.528+0000] {processor.py:154} INFO - Started process (PID=2827) to work on /home/airflow/.local/lib/python3.7/site-packages/airflow/example_dags/example_latest_only.py
[2023-05-22T19:55:30.529+0000] {processor.py:756} INFO - Processing file /home/airflow/.local/lib/python3.7/site-packages/airflow/example_dags/example_latest_only.py for tasks to queue
[2023-05-22T19:55:30.530+0000] {logging_mixin.py:120} INFO - [2023-05-22T19:55:30.530+0000] {dagbag.py:537} INFO - Filling up the DagBag from /home/airflow/.local/lib/python3.7/site-packages/airflow/example_dags/example_latest_only.py
[2023-05-22T19:55:30.545+0000] {processor.py:766} INFO - DAG(s) dict_keys(['latest_only']) retrieved from /home/airflow/.local/lib/python3.7/site-packages/airflow/example_dags/example_latest_only.py
[2023-05-22T19:55:30.584+0000] {logging_mixin.py:120} INFO - [2023-05-22T19:55:30.584+0000] {dag.py:2585} INFO - Sync 1 DAGs
[2023-05-22T19:55:30.603+0000] {logging_mixin.py:120} INFO - [2023-05-22T19:55:30.603+0000] {dag.py:3340} INFO - Setting next_dagrun for latest_only to 2023-05-22T15:55:30.603052+00:00, run_after=2023-05-22T19:55:30.603052+00:00
[2023-05-22T19:55:30.615+0000] {processor.py:176} INFO - Processing /home/airflow/.local/lib/python3.7/site-packages/airflow/example_dags/example_latest_only.py took 0.091 seconds
[2023-05-22T19:56:01.001+0000] {processor.py:154} INFO - Started process (PID=2891) to work on /home/airflow/.local/lib/python3.7/site-packages/airflow/example_dags/example_latest_only.py
[2023-05-22T19:56:01.002+0000] {processor.py:756} INFO - Processing file /home/airflow/.local/lib/python3.7/site-packages/airflow/example_dags/example_latest_only.py for tasks to queue
[2023-05-22T19:56:01.003+0000] {logging_mixin.py:120} INFO - [2023-05-22T19:56:01.003+0000] {dagbag.py:537} INFO - Filling up the DagBag from /home/airflow/.local/lib/python3.7/site-packages/airflow/example_dags/example_latest_only.py
[2023-05-22T19:56:01.017+0000] {processor.py:766} INFO - DAG(s) dict_keys(['latest_only']) retrieved from /home/airflow/.local/lib/python3.7/site-packages/airflow/example_dags/example_latest_only.py
[2023-05-22T19:56:01.054+0000] {logging_mixin.py:120} INFO - [2023-05-22T19:56:01.054+0000] {dag.py:2585} INFO - Sync 1 DAGs
[2023-05-22T19:56:01.072+0000] {logging_mixin.py:120} INFO - [2023-05-22T19:56:01.072+0000] {dag.py:3340} INFO - Setting next_dagrun for latest_only to 2023-05-22T15:56:01.071833+00:00, run_after=2023-05-22T19:56:01.071833+00:00
[2023-05-22T19:56:01.088+0000] {processor.py:176} INFO - Processing /home/airflow/.local/lib/python3.7/site-packages/airflow/example_dags/example_latest_only.py took 0.091 seconds
[2023-05-22T19:56:31.912+0000] {processor.py:154} INFO - Started process (PID=2953) to work on /home/airflow/.local/lib/python3.7/site-packages/airflow/example_dags/example_latest_only.py
[2023-05-22T19:56:31.915+0000] {processor.py:756} INFO - Processing file /home/airflow/.local/lib/python3.7/site-packages/airflow/example_dags/example_latest_only.py for tasks to queue
[2023-05-22T19:56:31.917+0000] {logging_mixin.py:120} INFO - [2023-05-22T19:56:31.916+0000] {dagbag.py:537} INFO - Filling up the DagBag from /home/airflow/.local/lib/python3.7/site-packages/airflow/example_dags/example_latest_only.py
[2023-05-22T19:56:31.932+0000] {processor.py:766} INFO - DAG(s) dict_keys(['latest_only']) retrieved from /home/airflow/.local/lib/python3.7/site-packages/airflow/example_dags/example_latest_only.py
[2023-05-22T19:56:31.965+0000] {logging_mixin.py:120} INFO - [2023-05-22T19:56:31.965+0000] {dag.py:2585} INFO - Sync 1 DAGs
[2023-05-22T19:56:31.983+0000] {logging_mixin.py:120} INFO - [2023-05-22T19:56:31.983+0000] {dag.py:3340} INFO - Setting next_dagrun for latest_only to 2023-05-22T15:56:31.983628+00:00, run_after=2023-05-22T19:56:31.983628+00:00
[2023-05-22T19:56:31.996+0000] {processor.py:176} INFO - Processing /home/airflow/.local/lib/python3.7/site-packages/airflow/example_dags/example_latest_only.py took 0.096 seconds
[2023-05-22T19:57:02.889+0000] {processor.py:154} INFO - Started process (PID=3018) to work on /home/airflow/.local/lib/python3.7/site-packages/airflow/example_dags/example_latest_only.py
[2023-05-22T19:57:02.890+0000] {processor.py:756} INFO - Processing file /home/airflow/.local/lib/python3.7/site-packages/airflow/example_dags/example_latest_only.py for tasks to queue
[2023-05-22T19:57:02.892+0000] {logging_mixin.py:120} INFO - [2023-05-22T19:57:02.891+0000] {dagbag.py:537} INFO - Filling up the DagBag from /home/airflow/.local/lib/python3.7/site-packages/airflow/example_dags/example_latest_only.py
[2023-05-22T19:57:02.907+0000] {processor.py:766} INFO - DAG(s) dict_keys(['latest_only']) retrieved from /home/airflow/.local/lib/python3.7/site-packages/airflow/example_dags/example_latest_only.py
[2023-05-22T19:57:02.943+0000] {logging_mixin.py:120} INFO - [2023-05-22T19:57:02.942+0000] {dag.py:2585} INFO - Sync 1 DAGs
[2023-05-22T19:57:02.959+0000] {logging_mixin.py:120} INFO - [2023-05-22T19:57:02.959+0000] {dag.py:3340} INFO - Setting next_dagrun for latest_only to 2023-05-22T15:57:02.959136+00:00, run_after=2023-05-22T19:57:02.959136+00:00
[2023-05-22T19:57:02.971+0000] {processor.py:176} INFO - Processing /home/airflow/.local/lib/python3.7/site-packages/airflow/example_dags/example_latest_only.py took 0.085 seconds
[2023-05-22T19:57:33.566+0000] {processor.py:154} INFO - Started process (PID=3081) to work on /home/airflow/.local/lib/python3.7/site-packages/airflow/example_dags/example_latest_only.py
[2023-05-22T19:57:33.568+0000] {processor.py:756} INFO - Processing file /home/airflow/.local/lib/python3.7/site-packages/airflow/example_dags/example_latest_only.py for tasks to queue
[2023-05-22T19:57:33.570+0000] {logging_mixin.py:120} INFO - [2023-05-22T19:57:33.569+0000] {dagbag.py:537} INFO - Filling up the DagBag from /home/airflow/.local/lib/python3.7/site-packages/airflow/example_dags/example_latest_only.py
[2023-05-22T19:57:33.606+0000] {processor.py:766} INFO - DAG(s) dict_keys(['latest_only']) retrieved from /home/airflow/.local/lib/python3.7/site-packages/airflow/example_dags/example_latest_only.py
[2023-05-22T19:57:33.642+0000] {logging_mixin.py:120} INFO - [2023-05-22T19:57:33.641+0000] {dag.py:2585} INFO - Sync 1 DAGs
[2023-05-22T19:57:33.659+0000] {logging_mixin.py:120} INFO - [2023-05-22T19:57:33.659+0000] {dag.py:3340} INFO - Setting next_dagrun for latest_only to 2023-05-22T15:57:33.658901+00:00, run_after=2023-05-22T19:57:33.658901+00:00
[2023-05-22T19:57:33.673+0000] {processor.py:176} INFO - Processing /home/airflow/.local/lib/python3.7/site-packages/airflow/example_dags/example_latest_only.py took 0.120 seconds
[2023-05-22T20:18:17.202+0000] {processor.py:154} INFO - Started process (PID=3117) to work on /home/airflow/.local/lib/python3.7/site-packages/airflow/example_dags/example_latest_only.py
[2023-05-22T20:18:17.207+0000] {processor.py:756} INFO - Processing file /home/airflow/.local/lib/python3.7/site-packages/airflow/example_dags/example_latest_only.py for tasks to queue
[2023-05-22T20:18:17.210+0000] {logging_mixin.py:120} INFO - [2023-05-22T20:18:17.209+0000] {dagbag.py:537} INFO - Filling up the DagBag from /home/airflow/.local/lib/python3.7/site-packages/airflow/example_dags/example_latest_only.py
[2023-05-22T20:18:17.230+0000] {processor.py:766} INFO - DAG(s) dict_keys(['latest_only']) retrieved from /home/airflow/.local/lib/python3.7/site-packages/airflow/example_dags/example_latest_only.py
[2023-05-22T20:18:17.287+0000] {logging_mixin.py:120} INFO - [2023-05-22T20:18:17.287+0000] {dag.py:2585} INFO - Sync 1 DAGs
[2023-05-22T20:18:17.314+0000] {logging_mixin.py:120} INFO - [2023-05-22T20:18:17.314+0000] {dag.py:3340} INFO - Setting next_dagrun for latest_only to 2023-05-22T16:18:17.313880+00:00, run_after=2023-05-22T20:18:17.313880+00:00
[2023-05-22T20:18:17.333+0000] {processor.py:176} INFO - Processing /home/airflow/.local/lib/python3.7/site-packages/airflow/example_dags/example_latest_only.py took 0.136 seconds
[2023-05-22T20:18:47.403+0000] {processor.py:154} INFO - Started process (PID=3181) to work on /home/airflow/.local/lib/python3.7/site-packages/airflow/example_dags/example_latest_only.py
[2023-05-22T20:18:47.405+0000] {processor.py:756} INFO - Processing file /home/airflow/.local/lib/python3.7/site-packages/airflow/example_dags/example_latest_only.py for tasks to queue
[2023-05-22T20:18:47.406+0000] {logging_mixin.py:120} INFO - [2023-05-22T20:18:47.405+0000] {dagbag.py:537} INFO - Filling up the DagBag from /home/airflow/.local/lib/python3.7/site-packages/airflow/example_dags/example_latest_only.py
[2023-05-22T20:18:47.416+0000] {processor.py:766} INFO - DAG(s) dict_keys(['latest_only']) retrieved from /home/airflow/.local/lib/python3.7/site-packages/airflow/example_dags/example_latest_only.py
[2023-05-22T20:18:47.445+0000] {logging_mixin.py:120} INFO - [2023-05-22T20:18:47.445+0000] {dag.py:2585} INFO - Sync 1 DAGs
[2023-05-22T20:18:47.461+0000] {logging_mixin.py:120} INFO - [2023-05-22T20:18:47.461+0000] {dag.py:3340} INFO - Setting next_dagrun for latest_only to 2023-05-22T16:18:47.461370+00:00, run_after=2023-05-22T20:18:47.461370+00:00
[2023-05-22T20:18:47.473+0000] {processor.py:176} INFO - Processing /home/airflow/.local/lib/python3.7/site-packages/airflow/example_dags/example_latest_only.py took 0.073 seconds
[2023-05-22T20:19:18.171+0000] {processor.py:154} INFO - Started process (PID=3244) to work on /home/airflow/.local/lib/python3.7/site-packages/airflow/example_dags/example_latest_only.py
[2023-05-22T20:19:18.172+0000] {processor.py:756} INFO - Processing file /home/airflow/.local/lib/python3.7/site-packages/airflow/example_dags/example_latest_only.py for tasks to queue
[2023-05-22T20:19:18.173+0000] {logging_mixin.py:120} INFO - [2023-05-22T20:19:18.173+0000] {dagbag.py:537} INFO - Filling up the DagBag from /home/airflow/.local/lib/python3.7/site-packages/airflow/example_dags/example_latest_only.py
[2023-05-22T20:19:18.183+0000] {processor.py:766} INFO - DAG(s) dict_keys(['latest_only']) retrieved from /home/airflow/.local/lib/python3.7/site-packages/airflow/example_dags/example_latest_only.py
[2023-05-22T20:19:18.213+0000] {logging_mixin.py:120} INFO - [2023-05-22T20:19:18.213+0000] {dag.py:2585} INFO - Sync 1 DAGs
[2023-05-22T20:19:18.229+0000] {logging_mixin.py:120} INFO - [2023-05-22T20:19:18.229+0000] {dag.py:3340} INFO - Setting next_dagrun for latest_only to 2023-05-22T16:19:18.229092+00:00, run_after=2023-05-22T20:19:18.229092+00:00
[2023-05-22T20:19:18.240+0000] {processor.py:176} INFO - Processing /home/airflow/.local/lib/python3.7/site-packages/airflow/example_dags/example_latest_only.py took 0.072 seconds
[2023-05-22T20:19:48.952+0000] {processor.py:154} INFO - Started process (PID=3307) to work on /home/airflow/.local/lib/python3.7/site-packages/airflow/example_dags/example_latest_only.py
[2023-05-22T20:19:48.953+0000] {processor.py:756} INFO - Processing file /home/airflow/.local/lib/python3.7/site-packages/airflow/example_dags/example_latest_only.py for tasks to queue
[2023-05-22T20:19:48.954+0000] {logging_mixin.py:120} INFO - [2023-05-22T20:19:48.954+0000] {dagbag.py:537} INFO - Filling up the DagBag from /home/airflow/.local/lib/python3.7/site-packages/airflow/example_dags/example_latest_only.py
[2023-05-22T20:19:48.965+0000] {processor.py:766} INFO - DAG(s) dict_keys(['latest_only']) retrieved from /home/airflow/.local/lib/python3.7/site-packages/airflow/example_dags/example_latest_only.py
[2023-05-22T20:19:48.995+0000] {logging_mixin.py:120} INFO - [2023-05-22T20:19:48.995+0000] {dag.py:2585} INFO - Sync 1 DAGs
[2023-05-22T20:19:49.012+0000] {logging_mixin.py:120} INFO - [2023-05-22T20:19:49.012+0000] {dag.py:3340} INFO - Setting next_dagrun for latest_only to 2023-05-22T16:19:49.011945+00:00, run_after=2023-05-22T20:19:49.011945+00:00
[2023-05-22T20:19:49.024+0000] {processor.py:176} INFO - Processing /home/airflow/.local/lib/python3.7/site-packages/airflow/example_dags/example_latest_only.py took 0.076 seconds
[2023-05-22T20:20:19.858+0000] {processor.py:154} INFO - Started process (PID=3371) to work on /home/airflow/.local/lib/python3.7/site-packages/airflow/example_dags/example_latest_only.py
[2023-05-22T20:20:19.859+0000] {processor.py:756} INFO - Processing file /home/airflow/.local/lib/python3.7/site-packages/airflow/example_dags/example_latest_only.py for tasks to queue
[2023-05-22T20:20:19.860+0000] {logging_mixin.py:120} INFO - [2023-05-22T20:20:19.860+0000] {dagbag.py:537} INFO - Filling up the DagBag from /home/airflow/.local/lib/python3.7/site-packages/airflow/example_dags/example_latest_only.py
[2023-05-22T20:20:19.871+0000] {processor.py:766} INFO - DAG(s) dict_keys(['latest_only']) retrieved from /home/airflow/.local/lib/python3.7/site-packages/airflow/example_dags/example_latest_only.py
[2023-05-22T20:20:19.906+0000] {logging_mixin.py:120} INFO - [2023-05-22T20:20:19.906+0000] {dag.py:2585} INFO - Sync 1 DAGs
[2023-05-22T20:20:19.923+0000] {logging_mixin.py:120} INFO - [2023-05-22T20:20:19.923+0000] {dag.py:3340} INFO - Setting next_dagrun for latest_only to 2023-05-22T16:20:19.923070+00:00, run_after=2023-05-22T20:20:19.923070+00:00
[2023-05-22T20:20:19.935+0000] {processor.py:176} INFO - Processing /home/airflow/.local/lib/python3.7/site-packages/airflow/example_dags/example_latest_only.py took 0.080 seconds
[2023-05-22T20:20:50.647+0000] {processor.py:154} INFO - Started process (PID=3424) to work on /home/airflow/.local/lib/python3.7/site-packages/airflow/example_dags/example_latest_only.py
[2023-05-22T20:20:50.650+0000] {processor.py:756} INFO - Processing file /home/airflow/.local/lib/python3.7/site-packages/airflow/example_dags/example_latest_only.py for tasks to queue
[2023-05-22T20:20:50.651+0000] {logging_mixin.py:120} INFO - [2023-05-22T20:20:50.651+0000] {dagbag.py:537} INFO - Filling up the DagBag from /home/airflow/.local/lib/python3.7/site-packages/airflow/example_dags/example_latest_only.py
[2023-05-22T20:20:50.666+0000] {processor.py:766} INFO - DAG(s) dict_keys(['latest_only']) retrieved from /home/airflow/.local/lib/python3.7/site-packages/airflow/example_dags/example_latest_only.py
[2023-05-22T20:20:50.696+0000] {logging_mixin.py:120} INFO - [2023-05-22T20:20:50.696+0000] {dag.py:2585} INFO - Sync 1 DAGs
[2023-05-22T20:20:50.714+0000] {logging_mixin.py:120} INFO - [2023-05-22T20:20:50.714+0000] {dag.py:3340} INFO - Setting next_dagrun for latest_only to 2023-05-22T16:20:50.714430+00:00, run_after=2023-05-22T20:20:50.714430+00:00
[2023-05-22T20:20:50.726+0000] {processor.py:176} INFO - Processing /home/airflow/.local/lib/python3.7/site-packages/airflow/example_dags/example_latest_only.py took 0.084 seconds
[2023-05-22T20:21:21.618+0000] {processor.py:154} INFO - Started process (PID=3487) to work on /home/airflow/.local/lib/python3.7/site-packages/airflow/example_dags/example_latest_only.py
[2023-05-22T20:21:21.619+0000] {processor.py:756} INFO - Processing file /home/airflow/.local/lib/python3.7/site-packages/airflow/example_dags/example_latest_only.py for tasks to queue
[2023-05-22T20:21:21.620+0000] {logging_mixin.py:120} INFO - [2023-05-22T20:21:21.620+0000] {dagbag.py:537} INFO - Filling up the DagBag from /home/airflow/.local/lib/python3.7/site-packages/airflow/example_dags/example_latest_only.py
[2023-05-22T20:21:21.630+0000] {processor.py:766} INFO - DAG(s) dict_keys(['latest_only']) retrieved from /home/airflow/.local/lib/python3.7/site-packages/airflow/example_dags/example_latest_only.py
[2023-05-22T20:21:21.659+0000] {logging_mixin.py:120} INFO - [2023-05-22T20:21:21.659+0000] {dag.py:2585} INFO - Sync 1 DAGs
[2023-05-22T20:21:21.675+0000] {logging_mixin.py:120} INFO - [2023-05-22T20:21:21.675+0000] {dag.py:3340} INFO - Setting next_dagrun for latest_only to 2023-05-22T16:21:21.675002+00:00, run_after=2023-05-22T20:21:21.675002+00:00
[2023-05-22T20:21:21.686+0000] {processor.py:176} INFO - Processing /home/airflow/.local/lib/python3.7/site-packages/airflow/example_dags/example_latest_only.py took 0.071 seconds
[2023-05-22T20:21:52.285+0000] {processor.py:154} INFO - Started process (PID=3549) to work on /home/airflow/.local/lib/python3.7/site-packages/airflow/example_dags/example_latest_only.py
[2023-05-22T20:21:52.286+0000] {processor.py:756} INFO - Processing file /home/airflow/.local/lib/python3.7/site-packages/airflow/example_dags/example_latest_only.py for tasks to queue
[2023-05-22T20:21:52.287+0000] {logging_mixin.py:120} INFO - [2023-05-22T20:21:52.287+0000] {dagbag.py:537} INFO - Filling up the DagBag from /home/airflow/.local/lib/python3.7/site-packages/airflow/example_dags/example_latest_only.py
[2023-05-22T20:21:52.298+0000] {processor.py:766} INFO - DAG(s) dict_keys(['latest_only']) retrieved from /home/airflow/.local/lib/python3.7/site-packages/airflow/example_dags/example_latest_only.py
[2023-05-22T20:21:52.327+0000] {logging_mixin.py:120} INFO - [2023-05-22T20:21:52.327+0000] {dag.py:2585} INFO - Sync 1 DAGs
[2023-05-22T20:21:52.342+0000] {logging_mixin.py:120} INFO - [2023-05-22T20:21:52.342+0000] {dag.py:3340} INFO - Setting next_dagrun for latest_only to 2023-05-22T16:21:52.342530+00:00, run_after=2023-05-22T20:21:52.342530+00:00
[2023-05-22T20:21:52.353+0000] {processor.py:176} INFO - Processing /home/airflow/.local/lib/python3.7/site-packages/airflow/example_dags/example_latest_only.py took 0.071 seconds
[2023-05-22T20:22:22.965+0000] {processor.py:154} INFO - Started process (PID=3612) to work on /home/airflow/.local/lib/python3.7/site-packages/airflow/example_dags/example_latest_only.py
[2023-05-22T20:22:22.967+0000] {processor.py:756} INFO - Processing file /home/airflow/.local/lib/python3.7/site-packages/airflow/example_dags/example_latest_only.py for tasks to queue
[2023-05-22T20:22:22.967+0000] {logging_mixin.py:120} INFO - [2023-05-22T20:22:22.967+0000] {dagbag.py:537} INFO - Filling up the DagBag from /home/airflow/.local/lib/python3.7/site-packages/airflow/example_dags/example_latest_only.py
[2023-05-22T20:22:22.978+0000] {processor.py:766} INFO - DAG(s) dict_keys(['latest_only']) retrieved from /home/airflow/.local/lib/python3.7/site-packages/airflow/example_dags/example_latest_only.py
[2023-05-22T20:22:23.009+0000] {logging_mixin.py:120} INFO - [2023-05-22T20:22:23.009+0000] {dag.py:2585} INFO - Sync 1 DAGs
[2023-05-22T20:22:23.026+0000] {logging_mixin.py:120} INFO - [2023-05-22T20:22:23.026+0000] {dag.py:3340} INFO - Setting next_dagrun for latest_only to 2023-05-22T16:22:23.026222+00:00, run_after=2023-05-22T20:22:23.026222+00:00
[2023-05-22T20:22:23.039+0000] {processor.py:176} INFO - Processing /home/airflow/.local/lib/python3.7/site-packages/airflow/example_dags/example_latest_only.py took 0.077 seconds
[2023-05-22T20:22:53.539+0000] {processor.py:154} INFO - Started process (PID=3675) to work on /home/airflow/.local/lib/python3.7/site-packages/airflow/example_dags/example_latest_only.py
[2023-05-22T20:22:53.540+0000] {processor.py:756} INFO - Processing file /home/airflow/.local/lib/python3.7/site-packages/airflow/example_dags/example_latest_only.py for tasks to queue
[2023-05-22T20:22:53.541+0000] {logging_mixin.py:120} INFO - [2023-05-22T20:22:53.541+0000] {dagbag.py:537} INFO - Filling up the DagBag from /home/airflow/.local/lib/python3.7/site-packages/airflow/example_dags/example_latest_only.py
[2023-05-22T20:22:53.556+0000] {processor.py:766} INFO - DAG(s) dict_keys(['latest_only']) retrieved from /home/airflow/.local/lib/python3.7/site-packages/airflow/example_dags/example_latest_only.py
[2023-05-22T20:22:53.595+0000] {logging_mixin.py:120} INFO - [2023-05-22T20:22:53.595+0000] {dag.py:2585} INFO - Sync 1 DAGs
[2023-05-22T20:22:53.621+0000] {logging_mixin.py:120} INFO - [2023-05-22T20:22:53.621+0000] {dag.py:3340} INFO - Setting next_dagrun for latest_only to 2023-05-22T16:22:53.621482+00:00, run_after=2023-05-22T20:22:53.621482+00:00
[2023-05-22T20:22:53.637+0000] {processor.py:176} INFO - Processing /home/airflow/.local/lib/python3.7/site-packages/airflow/example_dags/example_latest_only.py took 0.102 seconds
[2023-05-22T20:23:24.575+0000] {processor.py:154} INFO - Started process (PID=3738) to work on /home/airflow/.local/lib/python3.7/site-packages/airflow/example_dags/example_latest_only.py
[2023-05-22T20:23:24.577+0000] {processor.py:756} INFO - Processing file /home/airflow/.local/lib/python3.7/site-packages/airflow/example_dags/example_latest_only.py for tasks to queue
[2023-05-22T20:23:24.578+0000] {logging_mixin.py:120} INFO - [2023-05-22T20:23:24.578+0000] {dagbag.py:537} INFO - Filling up the DagBag from /home/airflow/.local/lib/python3.7/site-packages/airflow/example_dags/example_latest_only.py
[2023-05-22T20:23:24.590+0000] {processor.py:766} INFO - DAG(s) dict_keys(['latest_only']) retrieved from /home/airflow/.local/lib/python3.7/site-packages/airflow/example_dags/example_latest_only.py
[2023-05-22T20:23:24.627+0000] {logging_mixin.py:120} INFO - [2023-05-22T20:23:24.627+0000] {dag.py:2585} INFO - Sync 1 DAGs
[2023-05-22T20:23:24.647+0000] {logging_mixin.py:120} INFO - [2023-05-22T20:23:24.647+0000] {dag.py:3340} INFO - Setting next_dagrun for latest_only to 2023-05-22T16:23:24.647268+00:00, run_after=2023-05-22T20:23:24.647268+00:00
[2023-05-22T20:23:24.665+0000] {processor.py:176} INFO - Processing /home/airflow/.local/lib/python3.7/site-packages/airflow/example_dags/example_latest_only.py took 0.093 seconds
[2023-05-22T20:23:55.467+0000] {processor.py:154} INFO - Started process (PID=3801) to work on /home/airflow/.local/lib/python3.7/site-packages/airflow/example_dags/example_latest_only.py
[2023-05-22T20:23:55.468+0000] {processor.py:756} INFO - Processing file /home/airflow/.local/lib/python3.7/site-packages/airflow/example_dags/example_latest_only.py for tasks to queue
[2023-05-22T20:23:55.470+0000] {logging_mixin.py:120} INFO - [2023-05-22T20:23:55.470+0000] {dagbag.py:537} INFO - Filling up the DagBag from /home/airflow/.local/lib/python3.7/site-packages/airflow/example_dags/example_latest_only.py
[2023-05-22T20:23:55.482+0000] {processor.py:766} INFO - DAG(s) dict_keys(['latest_only']) retrieved from /home/airflow/.local/lib/python3.7/site-packages/airflow/example_dags/example_latest_only.py
[2023-05-22T20:23:55.513+0000] {logging_mixin.py:120} INFO - [2023-05-22T20:23:55.513+0000] {dag.py:2585} INFO - Sync 1 DAGs
[2023-05-22T20:23:55.529+0000] {logging_mixin.py:120} INFO - [2023-05-22T20:23:55.529+0000] {dag.py:3340} INFO - Setting next_dagrun for latest_only to 2023-05-22T16:23:55.529372+00:00, run_after=2023-05-22T20:23:55.529372+00:00
[2023-05-22T20:23:55.542+0000] {processor.py:176} INFO - Processing /home/airflow/.local/lib/python3.7/site-packages/airflow/example_dags/example_latest_only.py took 0.078 seconds
[2023-05-22T20:24:26.640+0000] {processor.py:154} INFO - Started process (PID=3856) to work on /home/airflow/.local/lib/python3.7/site-packages/airflow/example_dags/example_latest_only.py
[2023-05-22T20:24:26.641+0000] {processor.py:756} INFO - Processing file /home/airflow/.local/lib/python3.7/site-packages/airflow/example_dags/example_latest_only.py for tasks to queue
[2023-05-22T20:24:26.642+0000] {logging_mixin.py:120} INFO - [2023-05-22T20:24:26.642+0000] {dagbag.py:537} INFO - Filling up the DagBag from /home/airflow/.local/lib/python3.7/site-packages/airflow/example_dags/example_latest_only.py
[2023-05-22T20:24:26.653+0000] {processor.py:766} INFO - DAG(s) dict_keys(['latest_only']) retrieved from /home/airflow/.local/lib/python3.7/site-packages/airflow/example_dags/example_latest_only.py
[2023-05-22T20:24:26.686+0000] {logging_mixin.py:120} INFO - [2023-05-22T20:24:26.686+0000] {dag.py:2585} INFO - Sync 1 DAGs
[2023-05-22T20:24:26.703+0000] {logging_mixin.py:120} INFO - [2023-05-22T20:24:26.703+0000] {dag.py:3340} INFO - Setting next_dagrun for latest_only to 2023-05-22T16:24:26.703235+00:00, run_after=2023-05-22T20:24:26.703235+00:00
[2023-05-22T20:24:26.715+0000] {processor.py:176} INFO - Processing /home/airflow/.local/lib/python3.7/site-packages/airflow/example_dags/example_latest_only.py took 0.079 seconds
[2023-05-22T20:24:56.869+0000] {processor.py:154} INFO - Started process (PID=3918) to work on /home/airflow/.local/lib/python3.7/site-packages/airflow/example_dags/example_latest_only.py
[2023-05-22T20:24:56.870+0000] {processor.py:756} INFO - Processing file /home/airflow/.local/lib/python3.7/site-packages/airflow/example_dags/example_latest_only.py for tasks to queue
[2023-05-22T20:24:56.871+0000] {logging_mixin.py:120} INFO - [2023-05-22T20:24:56.871+0000] {dagbag.py:537} INFO - Filling up the DagBag from /home/airflow/.local/lib/python3.7/site-packages/airflow/example_dags/example_latest_only.py
[2023-05-22T20:24:56.882+0000] {processor.py:766} INFO - DAG(s) dict_keys(['latest_only']) retrieved from /home/airflow/.local/lib/python3.7/site-packages/airflow/example_dags/example_latest_only.py
[2023-05-22T20:24:56.911+0000] {logging_mixin.py:120} INFO - [2023-05-22T20:24:56.911+0000] {dag.py:2585} INFO - Sync 1 DAGs
[2023-05-22T20:24:56.928+0000] {logging_mixin.py:120} INFO - [2023-05-22T20:24:56.928+0000] {dag.py:3340} INFO - Setting next_dagrun for latest_only to 2023-05-22T16:24:56.927842+00:00, run_after=2023-05-22T20:24:56.927842+00:00
[2023-05-22T20:24:56.939+0000] {processor.py:176} INFO - Processing /home/airflow/.local/lib/python3.7/site-packages/airflow/example_dags/example_latest_only.py took 0.072 seconds
[2023-05-22T20:25:27.659+0000] {processor.py:154} INFO - Started process (PID=3981) to work on /home/airflow/.local/lib/python3.7/site-packages/airflow/example_dags/example_latest_only.py
[2023-05-22T20:25:27.660+0000] {processor.py:756} INFO - Processing file /home/airflow/.local/lib/python3.7/site-packages/airflow/example_dags/example_latest_only.py for tasks to queue
[2023-05-22T20:25:27.661+0000] {logging_mixin.py:120} INFO - [2023-05-22T20:25:27.661+0000] {dagbag.py:537} INFO - Filling up the DagBag from /home/airflow/.local/lib/python3.7/site-packages/airflow/example_dags/example_latest_only.py
[2023-05-22T20:25:27.672+0000] {processor.py:766} INFO - DAG(s) dict_keys(['latest_only']) retrieved from /home/airflow/.local/lib/python3.7/site-packages/airflow/example_dags/example_latest_only.py
[2023-05-22T20:25:27.701+0000] {logging_mixin.py:120} INFO - [2023-05-22T20:25:27.701+0000] {dag.py:2585} INFO - Sync 1 DAGs
[2023-05-22T20:25:27.718+0000] {logging_mixin.py:120} INFO - [2023-05-22T20:25:27.718+0000] {dag.py:3340} INFO - Setting next_dagrun for latest_only to 2023-05-22T16:25:27.717916+00:00, run_after=2023-05-22T20:25:27.717916+00:00
[2023-05-22T20:25:27.728+0000] {processor.py:176} INFO - Processing /home/airflow/.local/lib/python3.7/site-packages/airflow/example_dags/example_latest_only.py took 0.072 seconds
[2023-05-22T20:25:58.181+0000] {processor.py:154} INFO - Started process (PID=4043) to work on /home/airflow/.local/lib/python3.7/site-packages/airflow/example_dags/example_latest_only.py
[2023-05-22T20:25:58.183+0000] {processor.py:756} INFO - Processing file /home/airflow/.local/lib/python3.7/site-packages/airflow/example_dags/example_latest_only.py for tasks to queue
[2023-05-22T20:25:58.184+0000] {logging_mixin.py:120} INFO - [2023-05-22T20:25:58.183+0000] {dagbag.py:537} INFO - Filling up the DagBag from /home/airflow/.local/lib/python3.7/site-packages/airflow/example_dags/example_latest_only.py
[2023-05-22T20:25:58.195+0000] {processor.py:766} INFO - DAG(s) dict_keys(['latest_only']) retrieved from /home/airflow/.local/lib/python3.7/site-packages/airflow/example_dags/example_latest_only.py
[2023-05-22T20:25:58.227+0000] {logging_mixin.py:120} INFO - [2023-05-22T20:25:58.227+0000] {dag.py:2585} INFO - Sync 1 DAGs
[2023-05-22T20:25:58.249+0000] {logging_mixin.py:120} INFO - [2023-05-22T20:25:58.249+0000] {dag.py:3340} INFO - Setting next_dagrun for latest_only to 2023-05-22T16:25:58.248675+00:00, run_after=2023-05-22T20:25:58.248675+00:00
[2023-05-22T20:25:58.267+0000] {processor.py:176} INFO - Processing /home/airflow/.local/lib/python3.7/site-packages/airflow/example_dags/example_latest_only.py took 0.088 seconds
[2023-05-22T20:26:28.858+0000] {processor.py:154} INFO - Started process (PID=4106) to work on /home/airflow/.local/lib/python3.7/site-packages/airflow/example_dags/example_latest_only.py
[2023-05-22T20:26:28.860+0000] {processor.py:756} INFO - Processing file /home/airflow/.local/lib/python3.7/site-packages/airflow/example_dags/example_latest_only.py for tasks to queue
[2023-05-22T20:26:28.860+0000] {logging_mixin.py:120} INFO - [2023-05-22T20:26:28.860+0000] {dagbag.py:537} INFO - Filling up the DagBag from /home/airflow/.local/lib/python3.7/site-packages/airflow/example_dags/example_latest_only.py
[2023-05-22T20:26:28.873+0000] {processor.py:766} INFO - DAG(s) dict_keys(['latest_only']) retrieved from /home/airflow/.local/lib/python3.7/site-packages/airflow/example_dags/example_latest_only.py
[2023-05-22T20:26:28.904+0000] {logging_mixin.py:120} INFO - [2023-05-22T20:26:28.904+0000] {dag.py:2585} INFO - Sync 1 DAGs
[2023-05-22T20:26:28.920+0000] {logging_mixin.py:120} INFO - [2023-05-22T20:26:28.920+0000] {dag.py:3340} INFO - Setting next_dagrun for latest_only to 2023-05-22T16:26:28.920604+00:00, run_after=2023-05-22T20:26:28.920604+00:00
[2023-05-22T20:26:28.933+0000] {processor.py:176} INFO - Processing /home/airflow/.local/lib/python3.7/site-packages/airflow/example_dags/example_latest_only.py took 0.077 seconds
[2023-05-22T20:26:59.565+0000] {processor.py:154} INFO - Started process (PID=4169) to work on /home/airflow/.local/lib/python3.7/site-packages/airflow/example_dags/example_latest_only.py
[2023-05-22T20:26:59.567+0000] {processor.py:756} INFO - Processing file /home/airflow/.local/lib/python3.7/site-packages/airflow/example_dags/example_latest_only.py for tasks to queue
[2023-05-22T20:26:59.568+0000] {logging_mixin.py:120} INFO - [2023-05-22T20:26:59.568+0000] {dagbag.py:537} INFO - Filling up the DagBag from /home/airflow/.local/lib/python3.7/site-packages/airflow/example_dags/example_latest_only.py
[2023-05-22T20:26:59.582+0000] {processor.py:766} INFO - DAG(s) dict_keys(['latest_only']) retrieved from /home/airflow/.local/lib/python3.7/site-packages/airflow/example_dags/example_latest_only.py
[2023-05-22T20:26:59.622+0000] {logging_mixin.py:120} INFO - [2023-05-22T20:26:59.622+0000] {dag.py:2585} INFO - Sync 1 DAGs
[2023-05-22T20:26:59.640+0000] {logging_mixin.py:120} INFO - [2023-05-22T20:26:59.640+0000] {dag.py:3340} INFO - Setting next_dagrun for latest_only to 2023-05-22T16:26:59.639902+00:00, run_after=2023-05-22T20:26:59.639902+00:00
[2023-05-22T20:26:59.652+0000] {processor.py:176} INFO - Processing /home/airflow/.local/lib/python3.7/site-packages/airflow/example_dags/example_latest_only.py took 0.091 seconds
[2023-05-22T20:27:30.163+0000] {processor.py:154} INFO - Started process (PID=4223) to work on /home/airflow/.local/lib/python3.7/site-packages/airflow/example_dags/example_latest_only.py
[2023-05-22T20:27:30.165+0000] {processor.py:756} INFO - Processing file /home/airflow/.local/lib/python3.7/site-packages/airflow/example_dags/example_latest_only.py for tasks to queue
[2023-05-22T20:27:30.166+0000] {logging_mixin.py:120} INFO - [2023-05-22T20:27:30.166+0000] {dagbag.py:537} INFO - Filling up the DagBag from /home/airflow/.local/lib/python3.7/site-packages/airflow/example_dags/example_latest_only.py
[2023-05-22T20:27:30.180+0000] {processor.py:766} INFO - DAG(s) dict_keys(['latest_only']) retrieved from /home/airflow/.local/lib/python3.7/site-packages/airflow/example_dags/example_latest_only.py
[2023-05-22T20:27:30.221+0000] {logging_mixin.py:120} INFO - [2023-05-22T20:27:30.220+0000] {dag.py:2585} INFO - Sync 1 DAGs
[2023-05-22T20:27:30.242+0000] {logging_mixin.py:120} INFO - [2023-05-22T20:27:30.242+0000] {dag.py:3340} INFO - Setting next_dagrun for latest_only to 2023-05-22T16:27:30.242405+00:00, run_after=2023-05-22T20:27:30.242405+00:00
[2023-05-22T20:27:30.261+0000] {processor.py:176} INFO - Processing /home/airflow/.local/lib/python3.7/site-packages/airflow/example_dags/example_latest_only.py took 0.101 seconds
[2023-05-22T20:28:00.501+0000] {processor.py:154} INFO - Started process (PID=4285) to work on /home/airflow/.local/lib/python3.7/site-packages/airflow/example_dags/example_latest_only.py
[2023-05-22T20:28:00.503+0000] {processor.py:756} INFO - Processing file /home/airflow/.local/lib/python3.7/site-packages/airflow/example_dags/example_latest_only.py for tasks to queue
[2023-05-22T20:28:00.505+0000] {logging_mixin.py:120} INFO - [2023-05-22T20:28:00.505+0000] {dagbag.py:537} INFO - Filling up the DagBag from /home/airflow/.local/lib/python3.7/site-packages/airflow/example_dags/example_latest_only.py
[2023-05-22T20:28:00.518+0000] {processor.py:766} INFO - DAG(s) dict_keys(['latest_only']) retrieved from /home/airflow/.local/lib/python3.7/site-packages/airflow/example_dags/example_latest_only.py
[2023-05-22T20:28:00.552+0000] {logging_mixin.py:120} INFO - [2023-05-22T20:28:00.552+0000] {dag.py:2585} INFO - Sync 1 DAGs
[2023-05-22T20:28:00.569+0000] {logging_mixin.py:120} INFO - [2023-05-22T20:28:00.569+0000] {dag.py:3340} INFO - Setting next_dagrun for latest_only to 2023-05-22T16:28:00.569626+00:00, run_after=2023-05-22T20:28:00.569626+00:00
[2023-05-22T20:28:00.582+0000] {processor.py:176} INFO - Processing /home/airflow/.local/lib/python3.7/site-packages/airflow/example_dags/example_latest_only.py took 0.086 seconds
[2023-05-22T20:28:31.609+0000] {processor.py:154} INFO - Started process (PID=4347) to work on /home/airflow/.local/lib/python3.7/site-packages/airflow/example_dags/example_latest_only.py
[2023-05-22T20:28:31.611+0000] {processor.py:756} INFO - Processing file /home/airflow/.local/lib/python3.7/site-packages/airflow/example_dags/example_latest_only.py for tasks to queue
[2023-05-22T20:28:31.611+0000] {logging_mixin.py:120} INFO - [2023-05-22T20:28:31.611+0000] {dagbag.py:537} INFO - Filling up the DagBag from /home/airflow/.local/lib/python3.7/site-packages/airflow/example_dags/example_latest_only.py
[2023-05-22T20:28:31.627+0000] {processor.py:766} INFO - DAG(s) dict_keys(['latest_only']) retrieved from /home/airflow/.local/lib/python3.7/site-packages/airflow/example_dags/example_latest_only.py
[2023-05-22T20:28:31.668+0000] {logging_mixin.py:120} INFO - [2023-05-22T20:28:31.668+0000] {dag.py:2585} INFO - Sync 1 DAGs
[2023-05-22T20:28:31.687+0000] {logging_mixin.py:120} INFO - [2023-05-22T20:28:31.686+0000] {dag.py:3340} INFO - Setting next_dagrun for latest_only to 2023-05-22T16:28:31.686641+00:00, run_after=2023-05-22T20:28:31.686641+00:00
[2023-05-22T20:28:31.699+0000] {processor.py:176} INFO - Processing /home/airflow/.local/lib/python3.7/site-packages/airflow/example_dags/example_latest_only.py took 0.095 seconds
[2023-05-22T20:43:49.722+0000] {processor.py:154} INFO - Started process (PID=4392) to work on /home/airflow/.local/lib/python3.7/site-packages/airflow/example_dags/example_latest_only.py
[2023-05-22T20:43:49.723+0000] {processor.py:756} INFO - Processing file /home/airflow/.local/lib/python3.7/site-packages/airflow/example_dags/example_latest_only.py for tasks to queue
[2023-05-22T20:43:49.724+0000] {logging_mixin.py:120} INFO - [2023-05-22T20:43:49.724+0000] {dagbag.py:537} INFO - Filling up the DagBag from /home/airflow/.local/lib/python3.7/site-packages/airflow/example_dags/example_latest_only.py
[2023-05-22T20:43:49.735+0000] {processor.py:766} INFO - DAG(s) dict_keys(['latest_only']) retrieved from /home/airflow/.local/lib/python3.7/site-packages/airflow/example_dags/example_latest_only.py
[2023-05-22T20:43:49.765+0000] {logging_mixin.py:120} INFO - [2023-05-22T20:43:49.764+0000] {dag.py:2585} INFO - Sync 1 DAGs
[2023-05-22T20:43:49.781+0000] {logging_mixin.py:120} INFO - [2023-05-22T20:43:49.781+0000] {dag.py:3340} INFO - Setting next_dagrun for latest_only to 2023-05-22T16:43:49.781291+00:00, run_after=2023-05-22T20:43:49.781291+00:00
[2023-05-22T20:43:49.793+0000] {processor.py:176} INFO - Processing /home/airflow/.local/lib/python3.7/site-packages/airflow/example_dags/example_latest_only.py took 0.074 seconds
[2023-05-22T22:05:52.120+0000] {processor.py:154} INFO - Started process (PID=4455) to work on /home/airflow/.local/lib/python3.7/site-packages/airflow/example_dags/example_latest_only.py
[2023-05-22T22:05:52.122+0000] {processor.py:756} INFO - Processing file /home/airflow/.local/lib/python3.7/site-packages/airflow/example_dags/example_latest_only.py for tasks to queue
[2023-05-22T22:05:52.123+0000] {logging_mixin.py:120} INFO - [2023-05-22T22:05:52.123+0000] {dagbag.py:537} INFO - Filling up the DagBag from /home/airflow/.local/lib/python3.7/site-packages/airflow/example_dags/example_latest_only.py
[2023-05-22T22:05:52.148+0000] {processor.py:766} INFO - DAG(s) dict_keys(['latest_only']) retrieved from /home/airflow/.local/lib/python3.7/site-packages/airflow/example_dags/example_latest_only.py
[2023-05-22T22:05:52.197+0000] {logging_mixin.py:120} INFO - [2023-05-22T22:05:52.197+0000] {dag.py:2585} INFO - Sync 1 DAGs
[2023-05-22T22:05:52.251+0000] {logging_mixin.py:120} INFO - [2023-05-22T22:05:52.251+0000] {dag.py:3340} INFO - Setting next_dagrun for latest_only to 2023-05-22T18:05:52.248294+00:00, run_after=2023-05-22T22:05:52.248294+00:00
[2023-05-22T22:05:52.274+0000] {processor.py:176} INFO - Processing /home/airflow/.local/lib/python3.7/site-packages/airflow/example_dags/example_latest_only.py took 0.156 seconds
[2023-05-22T23:29:36.519+0000] {processor.py:154} INFO - Started process (PID=4518) to work on /home/airflow/.local/lib/python3.7/site-packages/airflow/example_dags/example_latest_only.py
[2023-05-22T23:29:36.522+0000] {processor.py:756} INFO - Processing file /home/airflow/.local/lib/python3.7/site-packages/airflow/example_dags/example_latest_only.py for tasks to queue
[2023-05-22T23:29:36.523+0000] {logging_mixin.py:120} INFO - [2023-05-22T23:29:36.523+0000] {dagbag.py:537} INFO - Filling up the DagBag from /home/airflow/.local/lib/python3.7/site-packages/airflow/example_dags/example_latest_only.py
[2023-05-22T23:29:36.537+0000] {processor.py:766} INFO - DAG(s) dict_keys(['latest_only']) retrieved from /home/airflow/.local/lib/python3.7/site-packages/airflow/example_dags/example_latest_only.py
[2023-05-22T23:29:36.586+0000] {logging_mixin.py:120} INFO - [2023-05-22T23:29:36.586+0000] {dag.py:2585} INFO - Sync 1 DAGs
[2023-05-22T23:29:36.609+0000] {logging_mixin.py:120} INFO - [2023-05-22T23:29:36.609+0000] {dag.py:3340} INFO - Setting next_dagrun for latest_only to 2023-05-22T19:29:36.609461+00:00, run_after=2023-05-22T23:29:36.609461+00:00
[2023-05-22T23:29:36.627+0000] {processor.py:176} INFO - Processing /home/airflow/.local/lib/python3.7/site-packages/airflow/example_dags/example_latest_only.py took 0.111 seconds
