[2023-05-22T19:32:29.586+0000] {processor.py:154} INFO - Started process (PID=42) to work on /home/airflow/.local/lib/python3.7/site-packages/airflow/example_dags/tutorial.py
[2023-05-22T19:32:29.588+0000] {processor.py:756} INFO - Processing file /home/airflow/.local/lib/python3.7/site-packages/airflow/example_dags/tutorial.py for tasks to queue
[2023-05-22T19:32:29.589+0000] {logging_mixin.py:120} INFO - [2023-05-22T19:32:29.589+0000] {dagbag.py:537} INFO - Filling up the DagBag from /home/airflow/.local/lib/python3.7/site-packages/airflow/example_dags/tutorial.py
[2023-05-22T19:32:29.614+0000] {processor.py:766} INFO - DAG(s) dict_keys(['tutorial']) retrieved from /home/airflow/.local/lib/python3.7/site-packages/airflow/example_dags/tutorial.py
[2023-05-22T19:32:29.790+0000] {logging_mixin.py:120} INFO - [2023-05-22T19:32:29.790+0000] {manager.py:507} INFO - Created Permission View: can read on DAG:tutorial
[2023-05-22T19:32:29.801+0000] {logging_mixin.py:120} INFO - [2023-05-22T19:32:29.801+0000] {manager.py:507} INFO - Created Permission View: can delete on DAG:tutorial
[2023-05-22T19:32:29.817+0000] {logging_mixin.py:120} INFO - [2023-05-22T19:32:29.816+0000] {manager.py:507} INFO - Created Permission View: can edit on DAG:tutorial
[2023-05-22T19:32:29.824+0000] {logging_mixin.py:120} INFO - [2023-05-22T19:32:29.824+0000] {dag.py:2585} INFO - Sync 1 DAGs
[2023-05-22T19:32:29.860+0000] {logging_mixin.py:120} INFO - [2023-05-22T19:32:29.860+0000] {dag.py:2606} INFO - Creating ORM DAG for tutorial
[2023-05-22T19:32:29.956+0000] {logging_mixin.py:120} INFO - [2023-05-22T19:32:29.956+0000] {dag.py:3340} INFO - Setting next_dagrun for tutorial to 2023-05-21T19:32:29.955867+00:00, run_after=2023-05-22T19:32:29.955867+00:00
[2023-05-22T19:32:30.049+0000] {processor.py:176} INFO - Processing /home/airflow/.local/lib/python3.7/site-packages/airflow/example_dags/tutorial.py took 0.467 seconds
[2023-05-22T19:33:00.108+0000] {processor.py:154} INFO - Started process (PID=106) to work on /home/airflow/.local/lib/python3.7/site-packages/airflow/example_dags/tutorial.py
[2023-05-22T19:33:00.110+0000] {processor.py:756} INFO - Processing file /home/airflow/.local/lib/python3.7/site-packages/airflow/example_dags/tutorial.py for tasks to queue
[2023-05-22T19:33:00.111+0000] {logging_mixin.py:120} INFO - [2023-05-22T19:33:00.111+0000] {dagbag.py:537} INFO - Filling up the DagBag from /home/airflow/.local/lib/python3.7/site-packages/airflow/example_dags/tutorial.py
[2023-05-22T19:33:00.125+0000] {processor.py:766} INFO - DAG(s) dict_keys(['tutorial']) retrieved from /home/airflow/.local/lib/python3.7/site-packages/airflow/example_dags/tutorial.py
[2023-05-22T19:33:00.156+0000] {logging_mixin.py:120} INFO - [2023-05-22T19:33:00.156+0000] {dag.py:2585} INFO - Sync 1 DAGs
[2023-05-22T19:33:00.172+0000] {logging_mixin.py:120} INFO - [2023-05-22T19:33:00.172+0000] {dag.py:3340} INFO - Setting next_dagrun for tutorial to 2023-05-21T19:33:00.172611+00:00, run_after=2023-05-22T19:33:00.172611+00:00
[2023-05-22T19:33:00.185+0000] {processor.py:176} INFO - Processing /home/airflow/.local/lib/python3.7/site-packages/airflow/example_dags/tutorial.py took 0.080 seconds
[2023-05-22T19:33:30.563+0000] {processor.py:154} INFO - Started process (PID=170) to work on /home/airflow/.local/lib/python3.7/site-packages/airflow/example_dags/tutorial.py
[2023-05-22T19:33:30.564+0000] {processor.py:756} INFO - Processing file /home/airflow/.local/lib/python3.7/site-packages/airflow/example_dags/tutorial.py for tasks to queue
[2023-05-22T19:33:30.565+0000] {logging_mixin.py:120} INFO - [2023-05-22T19:33:30.565+0000] {dagbag.py:537} INFO - Filling up the DagBag from /home/airflow/.local/lib/python3.7/site-packages/airflow/example_dags/tutorial.py
[2023-05-22T19:33:30.576+0000] {processor.py:766} INFO - DAG(s) dict_keys(['tutorial']) retrieved from /home/airflow/.local/lib/python3.7/site-packages/airflow/example_dags/tutorial.py
[2023-05-22T19:33:30.603+0000] {logging_mixin.py:120} INFO - [2023-05-22T19:33:30.603+0000] {dag.py:2585} INFO - Sync 1 DAGs
[2023-05-22T19:33:30.620+0000] {logging_mixin.py:120} INFO - [2023-05-22T19:33:30.620+0000] {dag.py:3340} INFO - Setting next_dagrun for tutorial to 2023-05-21T19:33:30.620431+00:00, run_after=2023-05-22T19:33:30.620431+00:00
[2023-05-22T19:33:30.633+0000] {processor.py:176} INFO - Processing /home/airflow/.local/lib/python3.7/site-packages/airflow/example_dags/tutorial.py took 0.073 seconds
[2023-05-22T19:34:01.204+0000] {processor.py:154} INFO - Started process (PID=232) to work on /home/airflow/.local/lib/python3.7/site-packages/airflow/example_dags/tutorial.py
[2023-05-22T19:34:01.206+0000] {processor.py:756} INFO - Processing file /home/airflow/.local/lib/python3.7/site-packages/airflow/example_dags/tutorial.py for tasks to queue
[2023-05-22T19:34:01.207+0000] {logging_mixin.py:120} INFO - [2023-05-22T19:34:01.207+0000] {dagbag.py:537} INFO - Filling up the DagBag from /home/airflow/.local/lib/python3.7/site-packages/airflow/example_dags/tutorial.py
[2023-05-22T19:34:01.219+0000] {processor.py:766} INFO - DAG(s) dict_keys(['tutorial']) retrieved from /home/airflow/.local/lib/python3.7/site-packages/airflow/example_dags/tutorial.py
[2023-05-22T19:34:01.250+0000] {logging_mixin.py:120} INFO - [2023-05-22T19:34:01.250+0000] {dag.py:2585} INFO - Sync 1 DAGs
[2023-05-22T19:34:01.267+0000] {logging_mixin.py:120} INFO - [2023-05-22T19:34:01.267+0000] {dag.py:3340} INFO - Setting next_dagrun for tutorial to 2023-05-21T19:34:01.266896+00:00, run_after=2023-05-22T19:34:01.266896+00:00
[2023-05-22T19:34:01.281+0000] {processor.py:176} INFO - Processing /home/airflow/.local/lib/python3.7/site-packages/airflow/example_dags/tutorial.py took 0.081 seconds
[2023-05-22T19:34:31.944+0000] {processor.py:154} INFO - Started process (PID=295) to work on /home/airflow/.local/lib/python3.7/site-packages/airflow/example_dags/tutorial.py
[2023-05-22T19:34:31.946+0000] {processor.py:756} INFO - Processing file /home/airflow/.local/lib/python3.7/site-packages/airflow/example_dags/tutorial.py for tasks to queue
[2023-05-22T19:34:31.947+0000] {logging_mixin.py:120} INFO - [2023-05-22T19:34:31.946+0000] {dagbag.py:537} INFO - Filling up the DagBag from /home/airflow/.local/lib/python3.7/site-packages/airflow/example_dags/tutorial.py
[2023-05-22T19:34:31.957+0000] {processor.py:766} INFO - DAG(s) dict_keys(['tutorial']) retrieved from /home/airflow/.local/lib/python3.7/site-packages/airflow/example_dags/tutorial.py
[2023-05-22T19:34:31.989+0000] {logging_mixin.py:120} INFO - [2023-05-22T19:34:31.989+0000] {dag.py:2585} INFO - Sync 1 DAGs
[2023-05-22T19:34:32.017+0000] {logging_mixin.py:120} INFO - [2023-05-22T19:34:32.017+0000] {dag.py:3340} INFO - Setting next_dagrun for tutorial to 2023-05-21T19:34:32.016819+00:00, run_after=2023-05-22T19:34:32.016819+00:00
[2023-05-22T19:34:32.038+0000] {processor.py:176} INFO - Processing /home/airflow/.local/lib/python3.7/site-packages/airflow/example_dags/tutorial.py took 0.097 seconds
[2023-05-22T19:35:02.487+0000] {processor.py:154} INFO - Started process (PID=349) to work on /home/airflow/.local/lib/python3.7/site-packages/airflow/example_dags/tutorial.py
[2023-05-22T19:35:02.488+0000] {processor.py:756} INFO - Processing file /home/airflow/.local/lib/python3.7/site-packages/airflow/example_dags/tutorial.py for tasks to queue
[2023-05-22T19:35:02.489+0000] {logging_mixin.py:120} INFO - [2023-05-22T19:35:02.489+0000] {dagbag.py:537} INFO - Filling up the DagBag from /home/airflow/.local/lib/python3.7/site-packages/airflow/example_dags/tutorial.py
[2023-05-22T19:35:02.499+0000] {processor.py:766} INFO - DAG(s) dict_keys(['tutorial']) retrieved from /home/airflow/.local/lib/python3.7/site-packages/airflow/example_dags/tutorial.py
[2023-05-22T19:35:02.529+0000] {logging_mixin.py:120} INFO - [2023-05-22T19:35:02.529+0000] {dag.py:2585} INFO - Sync 1 DAGs
[2023-05-22T19:35:02.546+0000] {logging_mixin.py:120} INFO - [2023-05-22T19:35:02.545+0000] {dag.py:3340} INFO - Setting next_dagrun for tutorial to 2023-05-21T19:35:02.545754+00:00, run_after=2023-05-22T19:35:02.545754+00:00
[2023-05-22T19:35:02.558+0000] {processor.py:176} INFO - Processing /home/airflow/.local/lib/python3.7/site-packages/airflow/example_dags/tutorial.py took 0.074 seconds
[2023-05-22T19:35:32.967+0000] {processor.py:154} INFO - Started process (PID=411) to work on /home/airflow/.local/lib/python3.7/site-packages/airflow/example_dags/tutorial.py
[2023-05-22T19:35:32.969+0000] {processor.py:756} INFO - Processing file /home/airflow/.local/lib/python3.7/site-packages/airflow/example_dags/tutorial.py for tasks to queue
[2023-05-22T19:35:32.969+0000] {logging_mixin.py:120} INFO - [2023-05-22T19:35:32.969+0000] {dagbag.py:537} INFO - Filling up the DagBag from /home/airflow/.local/lib/python3.7/site-packages/airflow/example_dags/tutorial.py
[2023-05-22T19:35:32.980+0000] {processor.py:766} INFO - DAG(s) dict_keys(['tutorial']) retrieved from /home/airflow/.local/lib/python3.7/site-packages/airflow/example_dags/tutorial.py
[2023-05-22T19:35:33.010+0000] {logging_mixin.py:120} INFO - [2023-05-22T19:35:33.010+0000] {dag.py:2585} INFO - Sync 1 DAGs
[2023-05-22T19:35:33.026+0000] {logging_mixin.py:120} INFO - [2023-05-22T19:35:33.026+0000] {dag.py:3340} INFO - Setting next_dagrun for tutorial to 2023-05-21T19:35:33.025903+00:00, run_after=2023-05-22T19:35:33.025903+00:00
[2023-05-22T19:35:33.037+0000] {processor.py:176} INFO - Processing /home/airflow/.local/lib/python3.7/site-packages/airflow/example_dags/tutorial.py took 0.074 seconds
[2023-05-22T19:36:03.578+0000] {processor.py:154} INFO - Started process (PID=474) to work on /home/airflow/.local/lib/python3.7/site-packages/airflow/example_dags/tutorial.py
[2023-05-22T19:36:03.579+0000] {processor.py:756} INFO - Processing file /home/airflow/.local/lib/python3.7/site-packages/airflow/example_dags/tutorial.py for tasks to queue
[2023-05-22T19:36:03.580+0000] {logging_mixin.py:120} INFO - [2023-05-22T19:36:03.580+0000] {dagbag.py:537} INFO - Filling up the DagBag from /home/airflow/.local/lib/python3.7/site-packages/airflow/example_dags/tutorial.py
[2023-05-22T19:36:03.591+0000] {processor.py:766} INFO - DAG(s) dict_keys(['tutorial']) retrieved from /home/airflow/.local/lib/python3.7/site-packages/airflow/example_dags/tutorial.py
[2023-05-22T19:36:03.620+0000] {logging_mixin.py:120} INFO - [2023-05-22T19:36:03.620+0000] {dag.py:2585} INFO - Sync 1 DAGs
[2023-05-22T19:36:03.638+0000] {logging_mixin.py:120} INFO - [2023-05-22T19:36:03.638+0000] {dag.py:3340} INFO - Setting next_dagrun for tutorial to 2023-05-21T19:36:03.638575+00:00, run_after=2023-05-22T19:36:03.638575+00:00
[2023-05-22T19:36:03.651+0000] {processor.py:176} INFO - Processing /home/airflow/.local/lib/python3.7/site-packages/airflow/example_dags/tutorial.py took 0.076 seconds
[2023-05-22T19:36:34.180+0000] {processor.py:154} INFO - Started process (PID=537) to work on /home/airflow/.local/lib/python3.7/site-packages/airflow/example_dags/tutorial.py
[2023-05-22T19:36:34.181+0000] {processor.py:756} INFO - Processing file /home/airflow/.local/lib/python3.7/site-packages/airflow/example_dags/tutorial.py for tasks to queue
[2023-05-22T19:36:34.182+0000] {logging_mixin.py:120} INFO - [2023-05-22T19:36:34.182+0000] {dagbag.py:537} INFO - Filling up the DagBag from /home/airflow/.local/lib/python3.7/site-packages/airflow/example_dags/tutorial.py
[2023-05-22T19:36:34.194+0000] {processor.py:766} INFO - DAG(s) dict_keys(['tutorial']) retrieved from /home/airflow/.local/lib/python3.7/site-packages/airflow/example_dags/tutorial.py
[2023-05-22T19:36:34.226+0000] {logging_mixin.py:120} INFO - [2023-05-22T19:36:34.226+0000] {dag.py:2585} INFO - Sync 1 DAGs
[2023-05-22T19:36:34.243+0000] {logging_mixin.py:120} INFO - [2023-05-22T19:36:34.243+0000] {dag.py:3340} INFO - Setting next_dagrun for tutorial to 2023-05-21T19:36:34.243374+00:00, run_after=2023-05-22T19:36:34.243374+00:00
[2023-05-22T19:36:34.257+0000] {processor.py:176} INFO - Processing /home/airflow/.local/lib/python3.7/site-packages/airflow/example_dags/tutorial.py took 0.079 seconds
[2023-05-22T19:37:04.869+0000] {processor.py:154} INFO - Started process (PID=600) to work on /home/airflow/.local/lib/python3.7/site-packages/airflow/example_dags/tutorial.py
[2023-05-22T19:37:04.871+0000] {processor.py:756} INFO - Processing file /home/airflow/.local/lib/python3.7/site-packages/airflow/example_dags/tutorial.py for tasks to queue
[2023-05-22T19:37:04.871+0000] {logging_mixin.py:120} INFO - [2023-05-22T19:37:04.871+0000] {dagbag.py:537} INFO - Filling up the DagBag from /home/airflow/.local/lib/python3.7/site-packages/airflow/example_dags/tutorial.py
[2023-05-22T19:37:04.882+0000] {processor.py:766} INFO - DAG(s) dict_keys(['tutorial']) retrieved from /home/airflow/.local/lib/python3.7/site-packages/airflow/example_dags/tutorial.py
[2023-05-22T19:37:04.914+0000] {logging_mixin.py:120} INFO - [2023-05-22T19:37:04.914+0000] {dag.py:2585} INFO - Sync 1 DAGs
[2023-05-22T19:37:04.935+0000] {logging_mixin.py:120} INFO - [2023-05-22T19:37:04.935+0000] {dag.py:3340} INFO - Setting next_dagrun for tutorial to 2023-05-21T19:37:04.934938+00:00, run_after=2023-05-22T19:37:04.934938+00:00
[2023-05-22T19:37:04.957+0000] {processor.py:176} INFO - Processing /home/airflow/.local/lib/python3.7/site-packages/airflow/example_dags/tutorial.py took 0.091 seconds
[2023-05-22T19:37:35.566+0000] {processor.py:154} INFO - Started process (PID=662) to work on /home/airflow/.local/lib/python3.7/site-packages/airflow/example_dags/tutorial.py
[2023-05-22T19:37:35.568+0000] {processor.py:756} INFO - Processing file /home/airflow/.local/lib/python3.7/site-packages/airflow/example_dags/tutorial.py for tasks to queue
[2023-05-22T19:37:35.569+0000] {logging_mixin.py:120} INFO - [2023-05-22T19:37:35.568+0000] {dagbag.py:537} INFO - Filling up the DagBag from /home/airflow/.local/lib/python3.7/site-packages/airflow/example_dags/tutorial.py
[2023-05-22T19:37:35.580+0000] {processor.py:766} INFO - DAG(s) dict_keys(['tutorial']) retrieved from /home/airflow/.local/lib/python3.7/site-packages/airflow/example_dags/tutorial.py
[2023-05-22T19:37:35.634+0000] {logging_mixin.py:120} INFO - [2023-05-22T19:37:35.634+0000] {dag.py:2585} INFO - Sync 1 DAGs
[2023-05-22T19:37:35.658+0000] {logging_mixin.py:120} INFO - [2023-05-22T19:37:35.658+0000] {dag.py:3340} INFO - Setting next_dagrun for tutorial to 2023-05-21T19:37:35.658311+00:00, run_after=2023-05-22T19:37:35.658311+00:00
[2023-05-22T19:37:35.674+0000] {processor.py:176} INFO - Processing /home/airflow/.local/lib/python3.7/site-packages/airflow/example_dags/tutorial.py took 0.111 seconds
[2023-05-22T19:38:06.206+0000] {processor.py:154} INFO - Started process (PID=716) to work on /home/airflow/.local/lib/python3.7/site-packages/airflow/example_dags/tutorial.py
[2023-05-22T19:38:06.208+0000] {processor.py:756} INFO - Processing file /home/airflow/.local/lib/python3.7/site-packages/airflow/example_dags/tutorial.py for tasks to queue
[2023-05-22T19:38:06.208+0000] {logging_mixin.py:120} INFO - [2023-05-22T19:38:06.208+0000] {dagbag.py:537} INFO - Filling up the DagBag from /home/airflow/.local/lib/python3.7/site-packages/airflow/example_dags/tutorial.py
[2023-05-22T19:38:06.219+0000] {processor.py:766} INFO - DAG(s) dict_keys(['tutorial']) retrieved from /home/airflow/.local/lib/python3.7/site-packages/airflow/example_dags/tutorial.py
[2023-05-22T19:38:06.249+0000] {logging_mixin.py:120} INFO - [2023-05-22T19:38:06.249+0000] {dag.py:2585} INFO - Sync 1 DAGs
[2023-05-22T19:38:06.272+0000] {logging_mixin.py:120} INFO - [2023-05-22T19:38:06.272+0000] {dag.py:3340} INFO - Setting next_dagrun for tutorial to 2023-05-21T19:38:06.272592+00:00, run_after=2023-05-22T19:38:06.272592+00:00
[2023-05-22T19:38:06.287+0000] {processor.py:176} INFO - Processing /home/airflow/.local/lib/python3.7/site-packages/airflow/example_dags/tutorial.py took 0.083 seconds
[2023-05-22T19:38:36.854+0000] {processor.py:154} INFO - Started process (PID=779) to work on /home/airflow/.local/lib/python3.7/site-packages/airflow/example_dags/tutorial.py
[2023-05-22T19:38:36.856+0000] {processor.py:756} INFO - Processing file /home/airflow/.local/lib/python3.7/site-packages/airflow/example_dags/tutorial.py for tasks to queue
[2023-05-22T19:38:36.858+0000] {logging_mixin.py:120} INFO - [2023-05-22T19:38:36.858+0000] {dagbag.py:537} INFO - Filling up the DagBag from /home/airflow/.local/lib/python3.7/site-packages/airflow/example_dags/tutorial.py
[2023-05-22T19:38:36.871+0000] {processor.py:766} INFO - DAG(s) dict_keys(['tutorial']) retrieved from /home/airflow/.local/lib/python3.7/site-packages/airflow/example_dags/tutorial.py
[2023-05-22T19:38:36.902+0000] {logging_mixin.py:120} INFO - [2023-05-22T19:38:36.902+0000] {dag.py:2585} INFO - Sync 1 DAGs
[2023-05-22T19:38:36.919+0000] {logging_mixin.py:120} INFO - [2023-05-22T19:38:36.919+0000] {dag.py:3340} INFO - Setting next_dagrun for tutorial to 2023-05-21T19:38:36.918920+00:00, run_after=2023-05-22T19:38:36.918920+00:00
[2023-05-22T19:38:36.935+0000] {processor.py:176} INFO - Processing /home/airflow/.local/lib/python3.7/site-packages/airflow/example_dags/tutorial.py took 0.084 seconds
[2023-05-22T19:39:07.400+0000] {processor.py:154} INFO - Started process (PID=843) to work on /home/airflow/.local/lib/python3.7/site-packages/airflow/example_dags/tutorial.py
[2023-05-22T19:39:07.401+0000] {processor.py:756} INFO - Processing file /home/airflow/.local/lib/python3.7/site-packages/airflow/example_dags/tutorial.py for tasks to queue
[2023-05-22T19:39:07.402+0000] {logging_mixin.py:120} INFO - [2023-05-22T19:39:07.402+0000] {dagbag.py:537} INFO - Filling up the DagBag from /home/airflow/.local/lib/python3.7/site-packages/airflow/example_dags/tutorial.py
[2023-05-22T19:39:07.413+0000] {processor.py:766} INFO - DAG(s) dict_keys(['tutorial']) retrieved from /home/airflow/.local/lib/python3.7/site-packages/airflow/example_dags/tutorial.py
[2023-05-22T19:39:07.442+0000] {logging_mixin.py:120} INFO - [2023-05-22T19:39:07.442+0000] {dag.py:2585} INFO - Sync 1 DAGs
[2023-05-22T19:39:07.457+0000] {logging_mixin.py:120} INFO - [2023-05-22T19:39:07.457+0000] {dag.py:3340} INFO - Setting next_dagrun for tutorial to 2023-05-21T19:39:07.457584+00:00, run_after=2023-05-22T19:39:07.457584+00:00
[2023-05-22T19:39:07.469+0000] {processor.py:176} INFO - Processing /home/airflow/.local/lib/python3.7/site-packages/airflow/example_dags/tutorial.py took 0.072 seconds
[2023-05-22T19:39:37.758+0000] {processor.py:154} INFO - Started process (PID=906) to work on /home/airflow/.local/lib/python3.7/site-packages/airflow/example_dags/tutorial.py
[2023-05-22T19:39:37.759+0000] {processor.py:756} INFO - Processing file /home/airflow/.local/lib/python3.7/site-packages/airflow/example_dags/tutorial.py for tasks to queue
[2023-05-22T19:39:37.760+0000] {logging_mixin.py:120} INFO - [2023-05-22T19:39:37.760+0000] {dagbag.py:537} INFO - Filling up the DagBag from /home/airflow/.local/lib/python3.7/site-packages/airflow/example_dags/tutorial.py
[2023-05-22T19:39:37.771+0000] {processor.py:766} INFO - DAG(s) dict_keys(['tutorial']) retrieved from /home/airflow/.local/lib/python3.7/site-packages/airflow/example_dags/tutorial.py
[2023-05-22T19:39:37.800+0000] {logging_mixin.py:120} INFO - [2023-05-22T19:39:37.799+0000] {dag.py:2585} INFO - Sync 1 DAGs
[2023-05-22T19:39:37.816+0000] {logging_mixin.py:120} INFO - [2023-05-22T19:39:37.816+0000] {dag.py:3340} INFO - Setting next_dagrun for tutorial to 2023-05-21T19:39:37.816005+00:00, run_after=2023-05-22T19:39:37.816005+00:00
[2023-05-22T19:39:37.829+0000] {processor.py:176} INFO - Processing /home/airflow/.local/lib/python3.7/site-packages/airflow/example_dags/tutorial.py took 0.074 seconds
[2023-05-22T19:40:08.345+0000] {processor.py:154} INFO - Started process (PID=968) to work on /home/airflow/.local/lib/python3.7/site-packages/airflow/example_dags/tutorial.py
[2023-05-22T19:40:08.347+0000] {processor.py:756} INFO - Processing file /home/airflow/.local/lib/python3.7/site-packages/airflow/example_dags/tutorial.py for tasks to queue
[2023-05-22T19:40:08.347+0000] {logging_mixin.py:120} INFO - [2023-05-22T19:40:08.347+0000] {dagbag.py:537} INFO - Filling up the DagBag from /home/airflow/.local/lib/python3.7/site-packages/airflow/example_dags/tutorial.py
[2023-05-22T19:40:08.359+0000] {processor.py:766} INFO - DAG(s) dict_keys(['tutorial']) retrieved from /home/airflow/.local/lib/python3.7/site-packages/airflow/example_dags/tutorial.py
[2023-05-22T19:40:08.388+0000] {logging_mixin.py:120} INFO - [2023-05-22T19:40:08.388+0000] {dag.py:2585} INFO - Sync 1 DAGs
[2023-05-22T19:40:08.404+0000] {logging_mixin.py:120} INFO - [2023-05-22T19:40:08.404+0000] {dag.py:3340} INFO - Setting next_dagrun for tutorial to 2023-05-21T19:40:08.404615+00:00, run_after=2023-05-22T19:40:08.404615+00:00
[2023-05-22T19:40:08.416+0000] {processor.py:176} INFO - Processing /home/airflow/.local/lib/python3.7/site-packages/airflow/example_dags/tutorial.py took 0.074 seconds
[2023-05-22T19:40:38.942+0000] {processor.py:154} INFO - Started process (PID=1031) to work on /home/airflow/.local/lib/python3.7/site-packages/airflow/example_dags/tutorial.py
[2023-05-22T19:40:38.944+0000] {processor.py:756} INFO - Processing file /home/airflow/.local/lib/python3.7/site-packages/airflow/example_dags/tutorial.py for tasks to queue
[2023-05-22T19:40:38.944+0000] {logging_mixin.py:120} INFO - [2023-05-22T19:40:38.944+0000] {dagbag.py:537} INFO - Filling up the DagBag from /home/airflow/.local/lib/python3.7/site-packages/airflow/example_dags/tutorial.py
[2023-05-22T19:40:38.958+0000] {processor.py:766} INFO - DAG(s) dict_keys(['tutorial']) retrieved from /home/airflow/.local/lib/python3.7/site-packages/airflow/example_dags/tutorial.py
[2023-05-22T19:40:38.991+0000] {logging_mixin.py:120} INFO - [2023-05-22T19:40:38.991+0000] {dag.py:2585} INFO - Sync 1 DAGs
[2023-05-22T19:40:39.009+0000] {logging_mixin.py:120} INFO - [2023-05-22T19:40:39.009+0000] {dag.py:3340} INFO - Setting next_dagrun for tutorial to 2023-05-21T19:40:39.009136+00:00, run_after=2023-05-22T19:40:39.009136+00:00
[2023-05-22T19:40:39.021+0000] {processor.py:176} INFO - Processing /home/airflow/.local/lib/python3.7/site-packages/airflow/example_dags/tutorial.py took 0.082 seconds
[2023-05-22T19:41:09.473+0000] {processor.py:154} INFO - Started process (PID=1085) to work on /home/airflow/.local/lib/python3.7/site-packages/airflow/example_dags/tutorial.py
[2023-05-22T19:41:09.474+0000] {processor.py:756} INFO - Processing file /home/airflow/.local/lib/python3.7/site-packages/airflow/example_dags/tutorial.py for tasks to queue
[2023-05-22T19:41:09.475+0000] {logging_mixin.py:120} INFO - [2023-05-22T19:41:09.475+0000] {dagbag.py:537} INFO - Filling up the DagBag from /home/airflow/.local/lib/python3.7/site-packages/airflow/example_dags/tutorial.py
[2023-05-22T19:41:09.486+0000] {processor.py:766} INFO - DAG(s) dict_keys(['tutorial']) retrieved from /home/airflow/.local/lib/python3.7/site-packages/airflow/example_dags/tutorial.py
[2023-05-22T19:41:09.515+0000] {logging_mixin.py:120} INFO - [2023-05-22T19:41:09.515+0000] {dag.py:2585} INFO - Sync 1 DAGs
[2023-05-22T19:41:09.531+0000] {logging_mixin.py:120} INFO - [2023-05-22T19:41:09.531+0000] {dag.py:3340} INFO - Setting next_dagrun for tutorial to 2023-05-21T19:41:09.530888+00:00, run_after=2023-05-22T19:41:09.530888+00:00
[2023-05-22T19:41:09.542+0000] {processor.py:176} INFO - Processing /home/airflow/.local/lib/python3.7/site-packages/airflow/example_dags/tutorial.py took 0.072 seconds
[2023-05-22T19:41:39.896+0000] {processor.py:154} INFO - Started process (PID=1149) to work on /home/airflow/.local/lib/python3.7/site-packages/airflow/example_dags/tutorial.py
[2023-05-22T19:41:39.897+0000] {processor.py:756} INFO - Processing file /home/airflow/.local/lib/python3.7/site-packages/airflow/example_dags/tutorial.py for tasks to queue
[2023-05-22T19:41:39.898+0000] {logging_mixin.py:120} INFO - [2023-05-22T19:41:39.898+0000] {dagbag.py:537} INFO - Filling up the DagBag from /home/airflow/.local/lib/python3.7/site-packages/airflow/example_dags/tutorial.py
[2023-05-22T19:41:39.912+0000] {processor.py:766} INFO - DAG(s) dict_keys(['tutorial']) retrieved from /home/airflow/.local/lib/python3.7/site-packages/airflow/example_dags/tutorial.py
[2023-05-22T19:41:39.945+0000] {logging_mixin.py:120} INFO - [2023-05-22T19:41:39.945+0000] {dag.py:2585} INFO - Sync 1 DAGs
[2023-05-22T19:41:39.962+0000] {logging_mixin.py:120} INFO - [2023-05-22T19:41:39.962+0000] {dag.py:3340} INFO - Setting next_dagrun for tutorial to 2023-05-21T19:41:39.962233+00:00, run_after=2023-05-22T19:41:39.962233+00:00
[2023-05-22T19:41:39.977+0000] {processor.py:176} INFO - Processing /home/airflow/.local/lib/python3.7/site-packages/airflow/example_dags/tutorial.py took 0.084 seconds
[2023-05-22T19:42:10.448+0000] {processor.py:154} INFO - Started process (PID=1212) to work on /home/airflow/.local/lib/python3.7/site-packages/airflow/example_dags/tutorial.py
[2023-05-22T19:42:10.449+0000] {processor.py:756} INFO - Processing file /home/airflow/.local/lib/python3.7/site-packages/airflow/example_dags/tutorial.py for tasks to queue
[2023-05-22T19:42:10.449+0000] {logging_mixin.py:120} INFO - [2023-05-22T19:42:10.449+0000] {dagbag.py:537} INFO - Filling up the DagBag from /home/airflow/.local/lib/python3.7/site-packages/airflow/example_dags/tutorial.py
[2023-05-22T19:42:10.461+0000] {processor.py:766} INFO - DAG(s) dict_keys(['tutorial']) retrieved from /home/airflow/.local/lib/python3.7/site-packages/airflow/example_dags/tutorial.py
[2023-05-22T19:42:10.490+0000] {logging_mixin.py:120} INFO - [2023-05-22T19:42:10.490+0000] {dag.py:2585} INFO - Sync 1 DAGs
[2023-05-22T19:42:10.507+0000] {logging_mixin.py:120} INFO - [2023-05-22T19:42:10.507+0000] {dag.py:3340} INFO - Setting next_dagrun for tutorial to 2023-05-21T19:42:10.506989+00:00, run_after=2023-05-22T19:42:10.506989+00:00
[2023-05-22T19:42:10.519+0000] {processor.py:176} INFO - Processing /home/airflow/.local/lib/python3.7/site-packages/airflow/example_dags/tutorial.py took 0.074 seconds
[2023-05-22T19:42:40.926+0000] {processor.py:154} INFO - Started process (PID=1278) to work on /home/airflow/.local/lib/python3.7/site-packages/airflow/example_dags/tutorial.py
[2023-05-22T19:42:40.928+0000] {processor.py:756} INFO - Processing file /home/airflow/.local/lib/python3.7/site-packages/airflow/example_dags/tutorial.py for tasks to queue
[2023-05-22T19:42:40.929+0000] {logging_mixin.py:120} INFO - [2023-05-22T19:42:40.929+0000] {dagbag.py:537} INFO - Filling up the DagBag from /home/airflow/.local/lib/python3.7/site-packages/airflow/example_dags/tutorial.py
[2023-05-22T19:42:40.945+0000] {processor.py:766} INFO - DAG(s) dict_keys(['tutorial']) retrieved from /home/airflow/.local/lib/python3.7/site-packages/airflow/example_dags/tutorial.py
[2023-05-22T19:42:40.996+0000] {logging_mixin.py:120} INFO - [2023-05-22T19:42:40.996+0000] {dag.py:2585} INFO - Sync 1 DAGs
[2023-05-22T19:42:41.044+0000] {logging_mixin.py:120} INFO - [2023-05-22T19:42:41.043+0000] {dag.py:3340} INFO - Setting next_dagrun for tutorial to 2023-05-21T19:42:41.043283+00:00, run_after=2023-05-22T19:42:41.043283+00:00
[2023-05-22T19:42:41.062+0000] {processor.py:176} INFO - Processing /home/airflow/.local/lib/python3.7/site-packages/airflow/example_dags/tutorial.py took 0.139 seconds
[2023-05-22T19:43:11.561+0000] {processor.py:154} INFO - Started process (PID=1344) to work on /home/airflow/.local/lib/python3.7/site-packages/airflow/example_dags/tutorial.py
[2023-05-22T19:43:11.563+0000] {processor.py:756} INFO - Processing file /home/airflow/.local/lib/python3.7/site-packages/airflow/example_dags/tutorial.py for tasks to queue
[2023-05-22T19:43:11.564+0000] {logging_mixin.py:120} INFO - [2023-05-22T19:43:11.564+0000] {dagbag.py:537} INFO - Filling up the DagBag from /home/airflow/.local/lib/python3.7/site-packages/airflow/example_dags/tutorial.py
[2023-05-22T19:43:11.577+0000] {processor.py:766} INFO - DAG(s) dict_keys(['tutorial']) retrieved from /home/airflow/.local/lib/python3.7/site-packages/airflow/example_dags/tutorial.py
[2023-05-22T19:43:11.627+0000] {logging_mixin.py:120} INFO - [2023-05-22T19:43:11.627+0000] {dag.py:2585} INFO - Sync 1 DAGs
[2023-05-22T19:43:11.651+0000] {logging_mixin.py:120} INFO - [2023-05-22T19:43:11.651+0000] {dag.py:3340} INFO - Setting next_dagrun for tutorial to 2023-05-21T19:43:11.650731+00:00, run_after=2023-05-22T19:43:11.650731+00:00
[2023-05-22T19:43:11.665+0000] {processor.py:176} INFO - Processing /home/airflow/.local/lib/python3.7/site-packages/airflow/example_dags/tutorial.py took 0.107 seconds
[2023-05-22T19:43:42.620+0000] {processor.py:154} INFO - Started process (PID=1407) to work on /home/airflow/.local/lib/python3.7/site-packages/airflow/example_dags/tutorial.py
[2023-05-22T19:43:42.622+0000] {processor.py:756} INFO - Processing file /home/airflow/.local/lib/python3.7/site-packages/airflow/example_dags/tutorial.py for tasks to queue
[2023-05-22T19:43:42.623+0000] {logging_mixin.py:120} INFO - [2023-05-22T19:43:42.623+0000] {dagbag.py:537} INFO - Filling up the DagBag from /home/airflow/.local/lib/python3.7/site-packages/airflow/example_dags/tutorial.py
[2023-05-22T19:43:42.635+0000] {processor.py:766} INFO - DAG(s) dict_keys(['tutorial']) retrieved from /home/airflow/.local/lib/python3.7/site-packages/airflow/example_dags/tutorial.py
[2023-05-22T19:43:42.676+0000] {logging_mixin.py:120} INFO - [2023-05-22T19:43:42.676+0000] {dag.py:2585} INFO - Sync 1 DAGs
[2023-05-22T19:43:42.698+0000] {logging_mixin.py:120} INFO - [2023-05-22T19:43:42.698+0000] {dag.py:3340} INFO - Setting next_dagrun for tutorial to 2023-05-21T19:43:42.697952+00:00, run_after=2023-05-22T19:43:42.697952+00:00
[2023-05-22T19:43:42.712+0000] {processor.py:176} INFO - Processing /home/airflow/.local/lib/python3.7/site-packages/airflow/example_dags/tutorial.py took 0.094 seconds
[2023-05-22T19:44:13.401+0000] {processor.py:154} INFO - Started process (PID=1461) to work on /home/airflow/.local/lib/python3.7/site-packages/airflow/example_dags/tutorial.py
[2023-05-22T19:44:13.402+0000] {processor.py:756} INFO - Processing file /home/airflow/.local/lib/python3.7/site-packages/airflow/example_dags/tutorial.py for tasks to queue
[2023-05-22T19:44:13.403+0000] {logging_mixin.py:120} INFO - [2023-05-22T19:44:13.403+0000] {dagbag.py:537} INFO - Filling up the DagBag from /home/airflow/.local/lib/python3.7/site-packages/airflow/example_dags/tutorial.py
[2023-05-22T19:44:13.413+0000] {processor.py:766} INFO - DAG(s) dict_keys(['tutorial']) retrieved from /home/airflow/.local/lib/python3.7/site-packages/airflow/example_dags/tutorial.py
[2023-05-22T19:44:13.444+0000] {logging_mixin.py:120} INFO - [2023-05-22T19:44:13.444+0000] {dag.py:2585} INFO - Sync 1 DAGs
[2023-05-22T19:44:13.461+0000] {logging_mixin.py:120} INFO - [2023-05-22T19:44:13.461+0000] {dag.py:3340} INFO - Setting next_dagrun for tutorial to 2023-05-21T19:44:13.461135+00:00, run_after=2023-05-22T19:44:13.461135+00:00
[2023-05-22T19:44:13.474+0000] {processor.py:176} INFO - Processing /home/airflow/.local/lib/python3.7/site-packages/airflow/example_dags/tutorial.py took 0.077 seconds
[2023-05-22T19:44:44.270+0000] {processor.py:154} INFO - Started process (PID=1524) to work on /home/airflow/.local/lib/python3.7/site-packages/airflow/example_dags/tutorial.py
[2023-05-22T19:44:44.271+0000] {processor.py:756} INFO - Processing file /home/airflow/.local/lib/python3.7/site-packages/airflow/example_dags/tutorial.py for tasks to queue
[2023-05-22T19:44:44.272+0000] {logging_mixin.py:120} INFO - [2023-05-22T19:44:44.272+0000] {dagbag.py:537} INFO - Filling up the DagBag from /home/airflow/.local/lib/python3.7/site-packages/airflow/example_dags/tutorial.py
[2023-05-22T19:44:44.283+0000] {processor.py:766} INFO - DAG(s) dict_keys(['tutorial']) retrieved from /home/airflow/.local/lib/python3.7/site-packages/airflow/example_dags/tutorial.py
[2023-05-22T19:44:44.314+0000] {logging_mixin.py:120} INFO - [2023-05-22T19:44:44.314+0000] {dag.py:2585} INFO - Sync 1 DAGs
[2023-05-22T19:44:44.329+0000] {logging_mixin.py:120} INFO - [2023-05-22T19:44:44.329+0000] {dag.py:3340} INFO - Setting next_dagrun for tutorial to 2023-05-21T19:44:44.329678+00:00, run_after=2023-05-22T19:44:44.329678+00:00
[2023-05-22T19:44:44.341+0000] {processor.py:176} INFO - Processing /home/airflow/.local/lib/python3.7/site-packages/airflow/example_dags/tutorial.py took 0.074 seconds
[2023-05-22T19:45:14.896+0000] {processor.py:154} INFO - Started process (PID=1587) to work on /home/airflow/.local/lib/python3.7/site-packages/airflow/example_dags/tutorial.py
[2023-05-22T19:45:14.897+0000] {processor.py:756} INFO - Processing file /home/airflow/.local/lib/python3.7/site-packages/airflow/example_dags/tutorial.py for tasks to queue
[2023-05-22T19:45:14.898+0000] {logging_mixin.py:120} INFO - [2023-05-22T19:45:14.898+0000] {dagbag.py:537} INFO - Filling up the DagBag from /home/airflow/.local/lib/python3.7/site-packages/airflow/example_dags/tutorial.py
[2023-05-22T19:45:14.911+0000] {processor.py:766} INFO - DAG(s) dict_keys(['tutorial']) retrieved from /home/airflow/.local/lib/python3.7/site-packages/airflow/example_dags/tutorial.py
[2023-05-22T19:45:14.943+0000] {logging_mixin.py:120} INFO - [2023-05-22T19:45:14.943+0000] {dag.py:2585} INFO - Sync 1 DAGs
[2023-05-22T19:45:14.963+0000] {logging_mixin.py:120} INFO - [2023-05-22T19:45:14.963+0000] {dag.py:3340} INFO - Setting next_dagrun for tutorial to 2023-05-21T19:45:14.963114+00:00, run_after=2023-05-22T19:45:14.963114+00:00
[2023-05-22T19:45:14.976+0000] {processor.py:176} INFO - Processing /home/airflow/.local/lib/python3.7/site-packages/airflow/example_dags/tutorial.py took 0.082 seconds
[2023-05-22T19:45:45.223+0000] {processor.py:154} INFO - Started process (PID=1650) to work on /home/airflow/.local/lib/python3.7/site-packages/airflow/example_dags/tutorial.py
[2023-05-22T19:45:45.224+0000] {processor.py:756} INFO - Processing file /home/airflow/.local/lib/python3.7/site-packages/airflow/example_dags/tutorial.py for tasks to queue
[2023-05-22T19:45:45.225+0000] {logging_mixin.py:120} INFO - [2023-05-22T19:45:45.225+0000] {dagbag.py:537} INFO - Filling up the DagBag from /home/airflow/.local/lib/python3.7/site-packages/airflow/example_dags/tutorial.py
[2023-05-22T19:45:45.235+0000] {processor.py:766} INFO - DAG(s) dict_keys(['tutorial']) retrieved from /home/airflow/.local/lib/python3.7/site-packages/airflow/example_dags/tutorial.py
[2023-05-22T19:45:45.265+0000] {logging_mixin.py:120} INFO - [2023-05-22T19:45:45.265+0000] {dag.py:2585} INFO - Sync 1 DAGs
[2023-05-22T19:45:45.281+0000] {logging_mixin.py:120} INFO - [2023-05-22T19:45:45.281+0000] {dag.py:3340} INFO - Setting next_dagrun for tutorial to 2023-05-21T19:45:45.281495+00:00, run_after=2023-05-22T19:45:45.281495+00:00
[2023-05-22T19:45:45.295+0000] {processor.py:176} INFO - Processing /home/airflow/.local/lib/python3.7/site-packages/airflow/example_dags/tutorial.py took 0.075 seconds
[2023-05-22T19:46:15.849+0000] {processor.py:154} INFO - Started process (PID=1712) to work on /home/airflow/.local/lib/python3.7/site-packages/airflow/example_dags/tutorial.py
[2023-05-22T19:46:15.850+0000] {processor.py:756} INFO - Processing file /home/airflow/.local/lib/python3.7/site-packages/airflow/example_dags/tutorial.py for tasks to queue
[2023-05-22T19:46:15.851+0000] {logging_mixin.py:120} INFO - [2023-05-22T19:46:15.851+0000] {dagbag.py:537} INFO - Filling up the DagBag from /home/airflow/.local/lib/python3.7/site-packages/airflow/example_dags/tutorial.py
[2023-05-22T19:46:15.863+0000] {processor.py:766} INFO - DAG(s) dict_keys(['tutorial']) retrieved from /home/airflow/.local/lib/python3.7/site-packages/airflow/example_dags/tutorial.py
[2023-05-22T19:46:15.893+0000] {logging_mixin.py:120} INFO - [2023-05-22T19:46:15.893+0000] {dag.py:2585} INFO - Sync 1 DAGs
[2023-05-22T19:46:15.912+0000] {logging_mixin.py:120} INFO - [2023-05-22T19:46:15.912+0000] {dag.py:3340} INFO - Setting next_dagrun for tutorial to 2023-05-21T19:46:15.912459+00:00, run_after=2023-05-22T19:46:15.912459+00:00
[2023-05-22T19:46:15.924+0000] {processor.py:176} INFO - Processing /home/airflow/.local/lib/python3.7/site-packages/airflow/example_dags/tutorial.py took 0.078 seconds
[2023-05-22T19:46:46.469+0000] {processor.py:154} INFO - Started process (PID=1776) to work on /home/airflow/.local/lib/python3.7/site-packages/airflow/example_dags/tutorial.py
[2023-05-22T19:46:46.471+0000] {processor.py:756} INFO - Processing file /home/airflow/.local/lib/python3.7/site-packages/airflow/example_dags/tutorial.py for tasks to queue
[2023-05-22T19:46:46.472+0000] {logging_mixin.py:120} INFO - [2023-05-22T19:46:46.472+0000] {dagbag.py:537} INFO - Filling up the DagBag from /home/airflow/.local/lib/python3.7/site-packages/airflow/example_dags/tutorial.py
[2023-05-22T19:46:46.486+0000] {processor.py:766} INFO - DAG(s) dict_keys(['tutorial']) retrieved from /home/airflow/.local/lib/python3.7/site-packages/airflow/example_dags/tutorial.py
[2023-05-22T19:46:46.524+0000] {logging_mixin.py:120} INFO - [2023-05-22T19:46:46.524+0000] {dag.py:2585} INFO - Sync 1 DAGs
[2023-05-22T19:46:46.546+0000] {logging_mixin.py:120} INFO - [2023-05-22T19:46:46.546+0000] {dag.py:3340} INFO - Setting next_dagrun for tutorial to 2023-05-21T19:46:46.546103+00:00, run_after=2023-05-22T19:46:46.546103+00:00
[2023-05-22T19:46:46.559+0000] {processor.py:176} INFO - Processing /home/airflow/.local/lib/python3.7/site-packages/airflow/example_dags/tutorial.py took 0.092 seconds
[2023-05-22T19:47:17.027+0000] {processor.py:154} INFO - Started process (PID=1830) to work on /home/airflow/.local/lib/python3.7/site-packages/airflow/example_dags/tutorial.py
[2023-05-22T19:47:17.029+0000] {processor.py:756} INFO - Processing file /home/airflow/.local/lib/python3.7/site-packages/airflow/example_dags/tutorial.py for tasks to queue
[2023-05-22T19:47:17.031+0000] {logging_mixin.py:120} INFO - [2023-05-22T19:47:17.031+0000] {dagbag.py:537} INFO - Filling up the DagBag from /home/airflow/.local/lib/python3.7/site-packages/airflow/example_dags/tutorial.py
[2023-05-22T19:47:17.042+0000] {processor.py:766} INFO - DAG(s) dict_keys(['tutorial']) retrieved from /home/airflow/.local/lib/python3.7/site-packages/airflow/example_dags/tutorial.py
[2023-05-22T19:47:17.075+0000] {logging_mixin.py:120} INFO - [2023-05-22T19:47:17.075+0000] {dag.py:2585} INFO - Sync 1 DAGs
[2023-05-22T19:47:17.091+0000] {logging_mixin.py:120} INFO - [2023-05-22T19:47:17.091+0000] {dag.py:3340} INFO - Setting next_dagrun for tutorial to 2023-05-21T19:47:17.091008+00:00, run_after=2023-05-22T19:47:17.091008+00:00
[2023-05-22T19:47:17.103+0000] {processor.py:176} INFO - Processing /home/airflow/.local/lib/python3.7/site-packages/airflow/example_dags/tutorial.py took 0.080 seconds
[2023-05-22T19:47:47.912+0000] {processor.py:154} INFO - Started process (PID=1894) to work on /home/airflow/.local/lib/python3.7/site-packages/airflow/example_dags/tutorial.py
[2023-05-22T19:47:47.915+0000] {processor.py:756} INFO - Processing file /home/airflow/.local/lib/python3.7/site-packages/airflow/example_dags/tutorial.py for tasks to queue
[2023-05-22T19:47:47.916+0000] {logging_mixin.py:120} INFO - [2023-05-22T19:47:47.916+0000] {dagbag.py:537} INFO - Filling up the DagBag from /home/airflow/.local/lib/python3.7/site-packages/airflow/example_dags/tutorial.py
[2023-05-22T19:47:47.929+0000] {processor.py:766} INFO - DAG(s) dict_keys(['tutorial']) retrieved from /home/airflow/.local/lib/python3.7/site-packages/airflow/example_dags/tutorial.py
[2023-05-22T19:47:47.959+0000] {logging_mixin.py:120} INFO - [2023-05-22T19:47:47.959+0000] {dag.py:2585} INFO - Sync 1 DAGs
[2023-05-22T19:47:47.978+0000] {logging_mixin.py:120} INFO - [2023-05-22T19:47:47.977+0000] {dag.py:3340} INFO - Setting next_dagrun for tutorial to 2023-05-21T19:47:47.977731+00:00, run_after=2023-05-22T19:47:47.977731+00:00
[2023-05-22T19:47:47.998+0000] {processor.py:176} INFO - Processing /home/airflow/.local/lib/python3.7/site-packages/airflow/example_dags/tutorial.py took 0.091 seconds
[2023-05-22T19:48:18.475+0000] {processor.py:154} INFO - Started process (PID=1957) to work on /home/airflow/.local/lib/python3.7/site-packages/airflow/example_dags/tutorial.py
[2023-05-22T19:48:18.477+0000] {processor.py:756} INFO - Processing file /home/airflow/.local/lib/python3.7/site-packages/airflow/example_dags/tutorial.py for tasks to queue
[2023-05-22T19:48:18.478+0000] {logging_mixin.py:120} INFO - [2023-05-22T19:48:18.477+0000] {dagbag.py:537} INFO - Filling up the DagBag from /home/airflow/.local/lib/python3.7/site-packages/airflow/example_dags/tutorial.py
[2023-05-22T19:48:18.489+0000] {processor.py:766} INFO - DAG(s) dict_keys(['tutorial']) retrieved from /home/airflow/.local/lib/python3.7/site-packages/airflow/example_dags/tutorial.py
[2023-05-22T19:48:18.519+0000] {logging_mixin.py:120} INFO - [2023-05-22T19:48:18.518+0000] {dag.py:2585} INFO - Sync 1 DAGs
[2023-05-22T19:48:18.537+0000] {logging_mixin.py:120} INFO - [2023-05-22T19:48:18.537+0000] {dag.py:3340} INFO - Setting next_dagrun for tutorial to 2023-05-21T19:48:18.536824+00:00, run_after=2023-05-22T19:48:18.536824+00:00
[2023-05-22T19:48:18.549+0000] {processor.py:176} INFO - Processing /home/airflow/.local/lib/python3.7/site-packages/airflow/example_dags/tutorial.py took 0.077 seconds
[2023-05-22T19:48:48.970+0000] {processor.py:154} INFO - Started process (PID=2019) to work on /home/airflow/.local/lib/python3.7/site-packages/airflow/example_dags/tutorial.py
[2023-05-22T19:48:48.971+0000] {processor.py:756} INFO - Processing file /home/airflow/.local/lib/python3.7/site-packages/airflow/example_dags/tutorial.py for tasks to queue
[2023-05-22T19:48:48.972+0000] {logging_mixin.py:120} INFO - [2023-05-22T19:48:48.972+0000] {dagbag.py:537} INFO - Filling up the DagBag from /home/airflow/.local/lib/python3.7/site-packages/airflow/example_dags/tutorial.py
[2023-05-22T19:48:48.984+0000] {processor.py:766} INFO - DAG(s) dict_keys(['tutorial']) retrieved from /home/airflow/.local/lib/python3.7/site-packages/airflow/example_dags/tutorial.py
[2023-05-22T19:48:49.014+0000] {logging_mixin.py:120} INFO - [2023-05-22T19:48:49.014+0000] {dag.py:2585} INFO - Sync 1 DAGs
[2023-05-22T19:48:49.031+0000] {logging_mixin.py:120} INFO - [2023-05-22T19:48:49.031+0000] {dag.py:3340} INFO - Setting next_dagrun for tutorial to 2023-05-21T19:48:49.031173+00:00, run_after=2023-05-22T19:48:49.031173+00:00
[2023-05-22T19:48:49.044+0000] {processor.py:176} INFO - Processing /home/airflow/.local/lib/python3.7/site-packages/airflow/example_dags/tutorial.py took 0.077 seconds
[2023-05-22T19:49:19.444+0000] {processor.py:154} INFO - Started process (PID=2082) to work on /home/airflow/.local/lib/python3.7/site-packages/airflow/example_dags/tutorial.py
[2023-05-22T19:49:19.445+0000] {processor.py:756} INFO - Processing file /home/airflow/.local/lib/python3.7/site-packages/airflow/example_dags/tutorial.py for tasks to queue
[2023-05-22T19:49:19.446+0000] {logging_mixin.py:120} INFO - [2023-05-22T19:49:19.446+0000] {dagbag.py:537} INFO - Filling up the DagBag from /home/airflow/.local/lib/python3.7/site-packages/airflow/example_dags/tutorial.py
[2023-05-22T19:49:19.457+0000] {processor.py:766} INFO - DAG(s) dict_keys(['tutorial']) retrieved from /home/airflow/.local/lib/python3.7/site-packages/airflow/example_dags/tutorial.py
[2023-05-22T19:49:19.486+0000] {logging_mixin.py:120} INFO - [2023-05-22T19:49:19.485+0000] {dag.py:2585} INFO - Sync 1 DAGs
[2023-05-22T19:49:19.502+0000] {logging_mixin.py:120} INFO - [2023-05-22T19:49:19.501+0000] {dag.py:3340} INFO - Setting next_dagrun for tutorial to 2023-05-21T19:49:19.501762+00:00, run_after=2023-05-22T19:49:19.501762+00:00
[2023-05-22T19:49:19.514+0000] {processor.py:176} INFO - Processing /home/airflow/.local/lib/python3.7/site-packages/airflow/example_dags/tutorial.py took 0.074 seconds
[2023-05-22T19:49:50.197+0000] {processor.py:154} INFO - Started process (PID=2145) to work on /home/airflow/.local/lib/python3.7/site-packages/airflow/example_dags/tutorial.py
[2023-05-22T19:49:50.198+0000] {processor.py:756} INFO - Processing file /home/airflow/.local/lib/python3.7/site-packages/airflow/example_dags/tutorial.py for tasks to queue
[2023-05-22T19:49:50.199+0000] {logging_mixin.py:120} INFO - [2023-05-22T19:49:50.198+0000] {dagbag.py:537} INFO - Filling up the DagBag from /home/airflow/.local/lib/python3.7/site-packages/airflow/example_dags/tutorial.py
[2023-05-22T19:49:50.211+0000] {processor.py:766} INFO - DAG(s) dict_keys(['tutorial']) retrieved from /home/airflow/.local/lib/python3.7/site-packages/airflow/example_dags/tutorial.py
[2023-05-22T19:49:50.240+0000] {logging_mixin.py:120} INFO - [2023-05-22T19:49:50.240+0000] {dag.py:2585} INFO - Sync 1 DAGs
[2023-05-22T19:49:50.256+0000] {logging_mixin.py:120} INFO - [2023-05-22T19:49:50.256+0000] {dag.py:3340} INFO - Setting next_dagrun for tutorial to 2023-05-21T19:49:50.256397+00:00, run_after=2023-05-22T19:49:50.256397+00:00
[2023-05-22T19:49:50.270+0000] {processor.py:176} INFO - Processing /home/airflow/.local/lib/python3.7/site-packages/airflow/example_dags/tutorial.py took 0.076 seconds
[2023-05-22T19:50:20.802+0000] {processor.py:154} INFO - Started process (PID=2200) to work on /home/airflow/.local/lib/python3.7/site-packages/airflow/example_dags/tutorial.py
[2023-05-22T19:50:20.804+0000] {processor.py:756} INFO - Processing file /home/airflow/.local/lib/python3.7/site-packages/airflow/example_dags/tutorial.py for tasks to queue
[2023-05-22T19:50:20.805+0000] {logging_mixin.py:120} INFO - [2023-05-22T19:50:20.805+0000] {dagbag.py:537} INFO - Filling up the DagBag from /home/airflow/.local/lib/python3.7/site-packages/airflow/example_dags/tutorial.py
[2023-05-22T19:50:20.819+0000] {processor.py:766} INFO - DAG(s) dict_keys(['tutorial']) retrieved from /home/airflow/.local/lib/python3.7/site-packages/airflow/example_dags/tutorial.py
[2023-05-22T19:50:20.851+0000] {logging_mixin.py:120} INFO - [2023-05-22T19:50:20.850+0000] {dag.py:2585} INFO - Sync 1 DAGs
[2023-05-22T19:50:20.869+0000] {logging_mixin.py:120} INFO - [2023-05-22T19:50:20.869+0000] {dag.py:3340} INFO - Setting next_dagrun for tutorial to 2023-05-21T19:50:20.868966+00:00, run_after=2023-05-22T19:50:20.868966+00:00
[2023-05-22T19:50:20.883+0000] {processor.py:176} INFO - Processing /home/airflow/.local/lib/python3.7/site-packages/airflow/example_dags/tutorial.py took 0.085 seconds
[2023-05-22T19:50:51.612+0000] {processor.py:154} INFO - Started process (PID=2262) to work on /home/airflow/.local/lib/python3.7/site-packages/airflow/example_dags/tutorial.py
[2023-05-22T19:50:51.613+0000] {processor.py:756} INFO - Processing file /home/airflow/.local/lib/python3.7/site-packages/airflow/example_dags/tutorial.py for tasks to queue
[2023-05-22T19:50:51.614+0000] {logging_mixin.py:120} INFO - [2023-05-22T19:50:51.613+0000] {dagbag.py:537} INFO - Filling up the DagBag from /home/airflow/.local/lib/python3.7/site-packages/airflow/example_dags/tutorial.py
[2023-05-22T19:50:51.625+0000] {processor.py:766} INFO - DAG(s) dict_keys(['tutorial']) retrieved from /home/airflow/.local/lib/python3.7/site-packages/airflow/example_dags/tutorial.py
[2023-05-22T19:50:51.654+0000] {logging_mixin.py:120} INFO - [2023-05-22T19:50:51.654+0000] {dag.py:2585} INFO - Sync 1 DAGs
[2023-05-22T19:50:51.671+0000] {logging_mixin.py:120} INFO - [2023-05-22T19:50:51.671+0000] {dag.py:3340} INFO - Setting next_dagrun for tutorial to 2023-05-21T19:50:51.671104+00:00, run_after=2023-05-22T19:50:51.671104+00:00
[2023-05-22T19:50:51.683+0000] {processor.py:176} INFO - Processing /home/airflow/.local/lib/python3.7/site-packages/airflow/example_dags/tutorial.py took 0.073 seconds
[2023-05-22T19:51:22.394+0000] {processor.py:154} INFO - Started process (PID=2325) to work on /home/airflow/.local/lib/python3.7/site-packages/airflow/example_dags/tutorial.py
[2023-05-22T19:51:22.395+0000] {processor.py:756} INFO - Processing file /home/airflow/.local/lib/python3.7/site-packages/airflow/example_dags/tutorial.py for tasks to queue
[2023-05-22T19:51:22.396+0000] {logging_mixin.py:120} INFO - [2023-05-22T19:51:22.396+0000] {dagbag.py:537} INFO - Filling up the DagBag from /home/airflow/.local/lib/python3.7/site-packages/airflow/example_dags/tutorial.py
[2023-05-22T19:51:22.408+0000] {processor.py:766} INFO - DAG(s) dict_keys(['tutorial']) retrieved from /home/airflow/.local/lib/python3.7/site-packages/airflow/example_dags/tutorial.py
[2023-05-22T19:51:22.438+0000] {logging_mixin.py:120} INFO - [2023-05-22T19:51:22.438+0000] {dag.py:2585} INFO - Sync 1 DAGs
[2023-05-22T19:51:22.454+0000] {logging_mixin.py:120} INFO - [2023-05-22T19:51:22.454+0000] {dag.py:3340} INFO - Setting next_dagrun for tutorial to 2023-05-21T19:51:22.453967+00:00, run_after=2023-05-22T19:51:22.453967+00:00
[2023-05-22T19:51:22.466+0000] {processor.py:176} INFO - Processing /home/airflow/.local/lib/python3.7/site-packages/airflow/example_dags/tutorial.py took 0.074 seconds
[2023-05-22T19:51:52.826+0000] {processor.py:154} INFO - Started process (PID=2388) to work on /home/airflow/.local/lib/python3.7/site-packages/airflow/example_dags/tutorial.py
[2023-05-22T19:51:52.828+0000] {processor.py:756} INFO - Processing file /home/airflow/.local/lib/python3.7/site-packages/airflow/example_dags/tutorial.py for tasks to queue
[2023-05-22T19:51:52.829+0000] {logging_mixin.py:120} INFO - [2023-05-22T19:51:52.829+0000] {dagbag.py:537} INFO - Filling up the DagBag from /home/airflow/.local/lib/python3.7/site-packages/airflow/example_dags/tutorial.py
[2023-05-22T19:51:52.841+0000] {processor.py:766} INFO - DAG(s) dict_keys(['tutorial']) retrieved from /home/airflow/.local/lib/python3.7/site-packages/airflow/example_dags/tutorial.py
[2023-05-22T19:51:52.869+0000] {logging_mixin.py:120} INFO - [2023-05-22T19:51:52.869+0000] {dag.py:2585} INFO - Sync 1 DAGs
[2023-05-22T19:51:52.884+0000] {logging_mixin.py:120} INFO - [2023-05-22T19:51:52.884+0000] {dag.py:3340} INFO - Setting next_dagrun for tutorial to 2023-05-21T19:51:52.884724+00:00, run_after=2023-05-22T19:51:52.884724+00:00
[2023-05-22T19:51:52.896+0000] {processor.py:176} INFO - Processing /home/airflow/.local/lib/python3.7/site-packages/airflow/example_dags/tutorial.py took 0.073 seconds
[2023-05-22T19:52:23.397+0000] {processor.py:154} INFO - Started process (PID=2451) to work on /home/airflow/.local/lib/python3.7/site-packages/airflow/example_dags/tutorial.py
[2023-05-22T19:52:23.398+0000] {processor.py:756} INFO - Processing file /home/airflow/.local/lib/python3.7/site-packages/airflow/example_dags/tutorial.py for tasks to queue
[2023-05-22T19:52:23.399+0000] {logging_mixin.py:120} INFO - [2023-05-22T19:52:23.399+0000] {dagbag.py:537} INFO - Filling up the DagBag from /home/airflow/.local/lib/python3.7/site-packages/airflow/example_dags/tutorial.py
[2023-05-22T19:52:23.410+0000] {processor.py:766} INFO - DAG(s) dict_keys(['tutorial']) retrieved from /home/airflow/.local/lib/python3.7/site-packages/airflow/example_dags/tutorial.py
[2023-05-22T19:52:23.439+0000] {logging_mixin.py:120} INFO - [2023-05-22T19:52:23.439+0000] {dag.py:2585} INFO - Sync 1 DAGs
[2023-05-22T19:52:23.455+0000] {logging_mixin.py:120} INFO - [2023-05-22T19:52:23.455+0000] {dag.py:3340} INFO - Setting next_dagrun for tutorial to 2023-05-21T19:52:23.455336+00:00, run_after=2023-05-22T19:52:23.455336+00:00
[2023-05-22T19:52:23.467+0000] {processor.py:176} INFO - Processing /home/airflow/.local/lib/python3.7/site-packages/airflow/example_dags/tutorial.py took 0.072 seconds
[2023-05-22T19:52:53.940+0000] {processor.py:154} INFO - Started process (PID=2516) to work on /home/airflow/.local/lib/python3.7/site-packages/airflow/example_dags/tutorial.py
[2023-05-22T19:52:53.942+0000] {processor.py:756} INFO - Processing file /home/airflow/.local/lib/python3.7/site-packages/airflow/example_dags/tutorial.py for tasks to queue
[2023-05-22T19:52:53.943+0000] {logging_mixin.py:120} INFO - [2023-05-22T19:52:53.943+0000] {dagbag.py:537} INFO - Filling up the DagBag from /home/airflow/.local/lib/python3.7/site-packages/airflow/example_dags/tutorial.py
[2023-05-22T19:52:53.955+0000] {processor.py:766} INFO - DAG(s) dict_keys(['tutorial']) retrieved from /home/airflow/.local/lib/python3.7/site-packages/airflow/example_dags/tutorial.py
[2023-05-22T19:52:53.988+0000] {logging_mixin.py:120} INFO - [2023-05-22T19:52:53.987+0000] {dag.py:2585} INFO - Sync 1 DAGs
[2023-05-22T19:52:54.005+0000] {logging_mixin.py:120} INFO - [2023-05-22T19:52:54.005+0000] {dag.py:3340} INFO - Setting next_dagrun for tutorial to 2023-05-21T19:52:54.005612+00:00, run_after=2023-05-22T19:52:54.005612+00:00
[2023-05-22T19:52:54.021+0000] {processor.py:176} INFO - Processing /home/airflow/.local/lib/python3.7/site-packages/airflow/example_dags/tutorial.py took 0.084 seconds
[2023-05-22T19:53:24.456+0000] {processor.py:154} INFO - Started process (PID=2570) to work on /home/airflow/.local/lib/python3.7/site-packages/airflow/example_dags/tutorial.py
[2023-05-22T19:53:24.458+0000] {processor.py:756} INFO - Processing file /home/airflow/.local/lib/python3.7/site-packages/airflow/example_dags/tutorial.py for tasks to queue
[2023-05-22T19:53:24.459+0000] {logging_mixin.py:120} INFO - [2023-05-22T19:53:24.459+0000] {dagbag.py:537} INFO - Filling up the DagBag from /home/airflow/.local/lib/python3.7/site-packages/airflow/example_dags/tutorial.py
[2023-05-22T19:53:24.470+0000] {processor.py:766} INFO - DAG(s) dict_keys(['tutorial']) retrieved from /home/airflow/.local/lib/python3.7/site-packages/airflow/example_dags/tutorial.py
[2023-05-22T19:53:24.501+0000] {logging_mixin.py:120} INFO - [2023-05-22T19:53:24.501+0000] {dag.py:2585} INFO - Sync 1 DAGs
[2023-05-22T19:53:24.517+0000] {logging_mixin.py:120} INFO - [2023-05-22T19:53:24.517+0000] {dag.py:3340} INFO - Setting next_dagrun for tutorial to 2023-05-21T19:53:24.517515+00:00, run_after=2023-05-22T19:53:24.517515+00:00
[2023-05-22T19:53:24.529+0000] {processor.py:176} INFO - Processing /home/airflow/.local/lib/python3.7/site-packages/airflow/example_dags/tutorial.py took 0.077 seconds
[2023-05-22T19:53:55.039+0000] {processor.py:154} INFO - Started process (PID=2632) to work on /home/airflow/.local/lib/python3.7/site-packages/airflow/example_dags/tutorial.py
[2023-05-22T19:53:55.040+0000] {processor.py:756} INFO - Processing file /home/airflow/.local/lib/python3.7/site-packages/airflow/example_dags/tutorial.py for tasks to queue
[2023-05-22T19:53:55.041+0000] {logging_mixin.py:120} INFO - [2023-05-22T19:53:55.041+0000] {dagbag.py:537} INFO - Filling up the DagBag from /home/airflow/.local/lib/python3.7/site-packages/airflow/example_dags/tutorial.py
[2023-05-22T19:53:55.052+0000] {processor.py:766} INFO - DAG(s) dict_keys(['tutorial']) retrieved from /home/airflow/.local/lib/python3.7/site-packages/airflow/example_dags/tutorial.py
[2023-05-22T19:53:55.083+0000] {logging_mixin.py:120} INFO - [2023-05-22T19:53:55.083+0000] {dag.py:2585} INFO - Sync 1 DAGs
[2023-05-22T19:53:55.099+0000] {logging_mixin.py:120} INFO - [2023-05-22T19:53:55.098+0000] {dag.py:3340} INFO - Setting next_dagrun for tutorial to 2023-05-21T19:53:55.098754+00:00, run_after=2023-05-22T19:53:55.098754+00:00
[2023-05-22T19:53:55.111+0000] {processor.py:176} INFO - Processing /home/airflow/.local/lib/python3.7/site-packages/airflow/example_dags/tutorial.py took 0.075 seconds
[2023-05-22T19:54:25.637+0000] {processor.py:154} INFO - Started process (PID=2695) to work on /home/airflow/.local/lib/python3.7/site-packages/airflow/example_dags/tutorial.py
[2023-05-22T19:54:25.638+0000] {processor.py:756} INFO - Processing file /home/airflow/.local/lib/python3.7/site-packages/airflow/example_dags/tutorial.py for tasks to queue
[2023-05-22T19:54:25.639+0000] {logging_mixin.py:120} INFO - [2023-05-22T19:54:25.638+0000] {dagbag.py:537} INFO - Filling up the DagBag from /home/airflow/.local/lib/python3.7/site-packages/airflow/example_dags/tutorial.py
[2023-05-22T19:54:25.649+0000] {processor.py:766} INFO - DAG(s) dict_keys(['tutorial']) retrieved from /home/airflow/.local/lib/python3.7/site-packages/airflow/example_dags/tutorial.py
[2023-05-22T19:54:25.681+0000] {logging_mixin.py:120} INFO - [2023-05-22T19:54:25.681+0000] {dag.py:2585} INFO - Sync 1 DAGs
[2023-05-22T19:54:25.698+0000] {logging_mixin.py:120} INFO - [2023-05-22T19:54:25.698+0000] {dag.py:3340} INFO - Setting next_dagrun for tutorial to 2023-05-21T19:54:25.698616+00:00, run_after=2023-05-22T19:54:25.698616+00:00
[2023-05-22T19:54:25.709+0000] {processor.py:176} INFO - Processing /home/airflow/.local/lib/python3.7/site-packages/airflow/example_dags/tutorial.py took 0.075 seconds
[2023-05-22T19:54:56.313+0000] {processor.py:154} INFO - Started process (PID=2758) to work on /home/airflow/.local/lib/python3.7/site-packages/airflow/example_dags/tutorial.py
[2023-05-22T19:54:56.314+0000] {processor.py:756} INFO - Processing file /home/airflow/.local/lib/python3.7/site-packages/airflow/example_dags/tutorial.py for tasks to queue
[2023-05-22T19:54:56.316+0000] {logging_mixin.py:120} INFO - [2023-05-22T19:54:56.316+0000] {dagbag.py:537} INFO - Filling up the DagBag from /home/airflow/.local/lib/python3.7/site-packages/airflow/example_dags/tutorial.py
[2023-05-22T19:54:56.329+0000] {processor.py:766} INFO - DAG(s) dict_keys(['tutorial']) retrieved from /home/airflow/.local/lib/python3.7/site-packages/airflow/example_dags/tutorial.py
[2023-05-22T19:54:56.367+0000] {logging_mixin.py:120} INFO - [2023-05-22T19:54:56.367+0000] {dag.py:2585} INFO - Sync 1 DAGs
[2023-05-22T19:54:56.385+0000] {logging_mixin.py:120} INFO - [2023-05-22T19:54:56.385+0000] {dag.py:3340} INFO - Setting next_dagrun for tutorial to 2023-05-21T19:54:56.385219+00:00, run_after=2023-05-22T19:54:56.385219+00:00
[2023-05-22T19:54:56.399+0000] {processor.py:176} INFO - Processing /home/airflow/.local/lib/python3.7/site-packages/airflow/example_dags/tutorial.py took 0.089 seconds
[2023-05-22T19:55:27.096+0000] {processor.py:154} INFO - Started process (PID=2820) to work on /home/airflow/.local/lib/python3.7/site-packages/airflow/example_dags/tutorial.py
[2023-05-22T19:55:27.097+0000] {processor.py:756} INFO - Processing file /home/airflow/.local/lib/python3.7/site-packages/airflow/example_dags/tutorial.py for tasks to queue
[2023-05-22T19:55:27.098+0000] {logging_mixin.py:120} INFO - [2023-05-22T19:55:27.098+0000] {dagbag.py:537} INFO - Filling up the DagBag from /home/airflow/.local/lib/python3.7/site-packages/airflow/example_dags/tutorial.py
[2023-05-22T19:55:27.109+0000] {processor.py:766} INFO - DAG(s) dict_keys(['tutorial']) retrieved from /home/airflow/.local/lib/python3.7/site-packages/airflow/example_dags/tutorial.py
[2023-05-22T19:55:27.140+0000] {logging_mixin.py:120} INFO - [2023-05-22T19:55:27.140+0000] {dag.py:2585} INFO - Sync 1 DAGs
[2023-05-22T19:55:27.156+0000] {logging_mixin.py:120} INFO - [2023-05-22T19:55:27.156+0000] {dag.py:3340} INFO - Setting next_dagrun for tutorial to 2023-05-21T19:55:27.156346+00:00, run_after=2023-05-22T19:55:27.156346+00:00
[2023-05-22T19:55:27.170+0000] {processor.py:176} INFO - Processing /home/airflow/.local/lib/python3.7/site-packages/airflow/example_dags/tutorial.py took 0.077 seconds
[2023-05-22T19:55:57.689+0000] {processor.py:154} INFO - Started process (PID=2884) to work on /home/airflow/.local/lib/python3.7/site-packages/airflow/example_dags/tutorial.py
[2023-05-22T19:55:57.691+0000] {processor.py:756} INFO - Processing file /home/airflow/.local/lib/python3.7/site-packages/airflow/example_dags/tutorial.py for tasks to queue
[2023-05-22T19:55:57.691+0000] {logging_mixin.py:120} INFO - [2023-05-22T19:55:57.691+0000] {dagbag.py:537} INFO - Filling up the DagBag from /home/airflow/.local/lib/python3.7/site-packages/airflow/example_dags/tutorial.py
[2023-05-22T19:55:57.703+0000] {processor.py:766} INFO - DAG(s) dict_keys(['tutorial']) retrieved from /home/airflow/.local/lib/python3.7/site-packages/airflow/example_dags/tutorial.py
[2023-05-22T19:55:57.732+0000] {logging_mixin.py:120} INFO - [2023-05-22T19:55:57.732+0000] {dag.py:2585} INFO - Sync 1 DAGs
[2023-05-22T19:55:57.747+0000] {logging_mixin.py:120} INFO - [2023-05-22T19:55:57.747+0000] {dag.py:3340} INFO - Setting next_dagrun for tutorial to 2023-05-21T19:55:57.747287+00:00, run_after=2023-05-22T19:55:57.747287+00:00
[2023-05-22T19:55:57.760+0000] {processor.py:176} INFO - Processing /home/airflow/.local/lib/python3.7/site-packages/airflow/example_dags/tutorial.py took 0.074 seconds
[2023-05-22T19:56:28.303+0000] {processor.py:154} INFO - Started process (PID=2946) to work on /home/airflow/.local/lib/python3.7/site-packages/airflow/example_dags/tutorial.py
[2023-05-22T19:56:28.305+0000] {processor.py:756} INFO - Processing file /home/airflow/.local/lib/python3.7/site-packages/airflow/example_dags/tutorial.py for tasks to queue
[2023-05-22T19:56:28.307+0000] {logging_mixin.py:120} INFO - [2023-05-22T19:56:28.307+0000] {dagbag.py:537} INFO - Filling up the DagBag from /home/airflow/.local/lib/python3.7/site-packages/airflow/example_dags/tutorial.py
[2023-05-22T19:56:28.319+0000] {processor.py:766} INFO - DAG(s) dict_keys(['tutorial']) retrieved from /home/airflow/.local/lib/python3.7/site-packages/airflow/example_dags/tutorial.py
[2023-05-22T19:56:28.357+0000] {logging_mixin.py:120} INFO - [2023-05-22T19:56:28.357+0000] {dag.py:2585} INFO - Sync 1 DAGs
[2023-05-22T19:56:28.374+0000] {logging_mixin.py:120} INFO - [2023-05-22T19:56:28.374+0000] {dag.py:3340} INFO - Setting next_dagrun for tutorial to 2023-05-21T19:56:28.374141+00:00, run_after=2023-05-22T19:56:28.374141+00:00
[2023-05-22T19:56:28.388+0000] {processor.py:176} INFO - Processing /home/airflow/.local/lib/python3.7/site-packages/airflow/example_dags/tutorial.py took 0.088 seconds
[2023-05-22T19:56:59.350+0000] {processor.py:154} INFO - Started process (PID=3001) to work on /home/airflow/.local/lib/python3.7/site-packages/airflow/example_dags/tutorial.py
[2023-05-22T19:56:59.351+0000] {processor.py:756} INFO - Processing file /home/airflow/.local/lib/python3.7/site-packages/airflow/example_dags/tutorial.py for tasks to queue
[2023-05-22T19:56:59.353+0000] {logging_mixin.py:120} INFO - [2023-05-22T19:56:59.352+0000] {dagbag.py:537} INFO - Filling up the DagBag from /home/airflow/.local/lib/python3.7/site-packages/airflow/example_dags/tutorial.py
[2023-05-22T19:56:59.363+0000] {processor.py:766} INFO - DAG(s) dict_keys(['tutorial']) retrieved from /home/airflow/.local/lib/python3.7/site-packages/airflow/example_dags/tutorial.py
[2023-05-22T19:56:59.393+0000] {logging_mixin.py:120} INFO - [2023-05-22T19:56:59.393+0000] {dag.py:2585} INFO - Sync 1 DAGs
[2023-05-22T19:56:59.410+0000] {logging_mixin.py:120} INFO - [2023-05-22T19:56:59.410+0000] {dag.py:3340} INFO - Setting next_dagrun for tutorial to 2023-05-21T19:56:59.410071+00:00, run_after=2023-05-22T19:56:59.410071+00:00
[2023-05-22T19:56:59.422+0000] {processor.py:176} INFO - Processing /home/airflow/.local/lib/python3.7/site-packages/airflow/example_dags/tutorial.py took 0.074 seconds
[2023-05-22T19:57:30.147+0000] {processor.py:154} INFO - Started process (PID=3065) to work on /home/airflow/.local/lib/python3.7/site-packages/airflow/example_dags/tutorial.py
[2023-05-22T19:57:30.149+0000] {processor.py:756} INFO - Processing file /home/airflow/.local/lib/python3.7/site-packages/airflow/example_dags/tutorial.py for tasks to queue
[2023-05-22T19:57:30.150+0000] {logging_mixin.py:120} INFO - [2023-05-22T19:57:30.150+0000] {dagbag.py:537} INFO - Filling up the DagBag from /home/airflow/.local/lib/python3.7/site-packages/airflow/example_dags/tutorial.py
[2023-05-22T19:57:30.165+0000] {processor.py:766} INFO - DAG(s) dict_keys(['tutorial']) retrieved from /home/airflow/.local/lib/python3.7/site-packages/airflow/example_dags/tutorial.py
[2023-05-22T19:57:30.200+0000] {logging_mixin.py:120} INFO - [2023-05-22T19:57:30.200+0000] {dag.py:2585} INFO - Sync 1 DAGs
[2023-05-22T19:57:30.218+0000] {logging_mixin.py:120} INFO - [2023-05-22T19:57:30.218+0000] {dag.py:3340} INFO - Setting next_dagrun for tutorial to 2023-05-21T19:57:30.218077+00:00, run_after=2023-05-22T19:57:30.218077+00:00
[2023-05-22T19:57:30.235+0000] {processor.py:176} INFO - Processing /home/airflow/.local/lib/python3.7/site-packages/airflow/example_dags/tutorial.py took 0.091 seconds
[2023-05-22T20:18:16.489+0000] {processor.py:154} INFO - Started process (PID=3110) to work on /home/airflow/.local/lib/python3.7/site-packages/airflow/example_dags/tutorial.py
[2023-05-22T20:18:16.493+0000] {processor.py:756} INFO - Processing file /home/airflow/.local/lib/python3.7/site-packages/airflow/example_dags/tutorial.py for tasks to queue
[2023-05-22T20:18:16.496+0000] {logging_mixin.py:120} INFO - [2023-05-22T20:18:16.496+0000] {dagbag.py:537} INFO - Filling up the DagBag from /home/airflow/.local/lib/python3.7/site-packages/airflow/example_dags/tutorial.py
[2023-05-22T20:18:16.532+0000] {processor.py:766} INFO - DAG(s) dict_keys(['tutorial']) retrieved from /home/airflow/.local/lib/python3.7/site-packages/airflow/example_dags/tutorial.py
[2023-05-22T20:18:16.620+0000] {logging_mixin.py:120} INFO - [2023-05-22T20:18:16.620+0000] {dag.py:2585} INFO - Sync 1 DAGs
[2023-05-22T20:18:16.659+0000] {logging_mixin.py:120} INFO - [2023-05-22T20:18:16.659+0000] {dag.py:3340} INFO - Setting next_dagrun for tutorial to 2023-05-21T20:18:16.659035+00:00, run_after=2023-05-22T20:18:16.659035+00:00
[2023-05-22T20:18:16.685+0000] {processor.py:176} INFO - Processing /home/airflow/.local/lib/python3.7/site-packages/airflow/example_dags/tutorial.py took 0.199 seconds
[2023-05-22T20:18:46.909+0000] {processor.py:154} INFO - Started process (PID=3174) to work on /home/airflow/.local/lib/python3.7/site-packages/airflow/example_dags/tutorial.py
[2023-05-22T20:18:46.911+0000] {processor.py:756} INFO - Processing file /home/airflow/.local/lib/python3.7/site-packages/airflow/example_dags/tutorial.py for tasks to queue
[2023-05-22T20:18:46.912+0000] {logging_mixin.py:120} INFO - [2023-05-22T20:18:46.912+0000] {dagbag.py:537} INFO - Filling up the DagBag from /home/airflow/.local/lib/python3.7/site-packages/airflow/example_dags/tutorial.py
[2023-05-22T20:18:46.924+0000] {processor.py:766} INFO - DAG(s) dict_keys(['tutorial']) retrieved from /home/airflow/.local/lib/python3.7/site-packages/airflow/example_dags/tutorial.py
[2023-05-22T20:18:46.953+0000] {logging_mixin.py:120} INFO - [2023-05-22T20:18:46.953+0000] {dag.py:2585} INFO - Sync 1 DAGs
[2023-05-22T20:18:46.970+0000] {logging_mixin.py:120} INFO - [2023-05-22T20:18:46.970+0000] {dag.py:3340} INFO - Setting next_dagrun for tutorial to 2023-05-21T20:18:46.969793+00:00, run_after=2023-05-22T20:18:46.969793+00:00
[2023-05-22T20:18:46.982+0000] {processor.py:176} INFO - Processing /home/airflow/.local/lib/python3.7/site-packages/airflow/example_dags/tutorial.py took 0.076 seconds
[2023-05-22T20:19:17.661+0000] {processor.py:154} INFO - Started process (PID=3237) to work on /home/airflow/.local/lib/python3.7/site-packages/airflow/example_dags/tutorial.py
[2023-05-22T20:19:17.663+0000] {processor.py:756} INFO - Processing file /home/airflow/.local/lib/python3.7/site-packages/airflow/example_dags/tutorial.py for tasks to queue
[2023-05-22T20:19:17.664+0000] {logging_mixin.py:120} INFO - [2023-05-22T20:19:17.663+0000] {dagbag.py:537} INFO - Filling up the DagBag from /home/airflow/.local/lib/python3.7/site-packages/airflow/example_dags/tutorial.py
[2023-05-22T20:19:17.675+0000] {processor.py:766} INFO - DAG(s) dict_keys(['tutorial']) retrieved from /home/airflow/.local/lib/python3.7/site-packages/airflow/example_dags/tutorial.py
[2023-05-22T20:19:17.706+0000] {logging_mixin.py:120} INFO - [2023-05-22T20:19:17.706+0000] {dag.py:2585} INFO - Sync 1 DAGs
[2023-05-22T20:19:17.725+0000] {logging_mixin.py:120} INFO - [2023-05-22T20:19:17.725+0000] {dag.py:3340} INFO - Setting next_dagrun for tutorial to 2023-05-21T20:19:17.725278+00:00, run_after=2023-05-22T20:19:17.725278+00:00
[2023-05-22T20:19:17.738+0000] {processor.py:176} INFO - Processing /home/airflow/.local/lib/python3.7/site-packages/airflow/example_dags/tutorial.py took 0.080 seconds
[2023-05-22T20:19:48.451+0000] {processor.py:154} INFO - Started process (PID=3300) to work on /home/airflow/.local/lib/python3.7/site-packages/airflow/example_dags/tutorial.py
[2023-05-22T20:19:48.453+0000] {processor.py:756} INFO - Processing file /home/airflow/.local/lib/python3.7/site-packages/airflow/example_dags/tutorial.py for tasks to queue
[2023-05-22T20:19:48.454+0000] {logging_mixin.py:120} INFO - [2023-05-22T20:19:48.454+0000] {dagbag.py:537} INFO - Filling up the DagBag from /home/airflow/.local/lib/python3.7/site-packages/airflow/example_dags/tutorial.py
[2023-05-22T20:19:48.465+0000] {processor.py:766} INFO - DAG(s) dict_keys(['tutorial']) retrieved from /home/airflow/.local/lib/python3.7/site-packages/airflow/example_dags/tutorial.py
[2023-05-22T20:19:48.493+0000] {logging_mixin.py:120} INFO - [2023-05-22T20:19:48.493+0000] {dag.py:2585} INFO - Sync 1 DAGs
[2023-05-22T20:19:48.508+0000] {logging_mixin.py:120} INFO - [2023-05-22T20:19:48.508+0000] {dag.py:3340} INFO - Setting next_dagrun for tutorial to 2023-05-21T20:19:48.508411+00:00, run_after=2023-05-22T20:19:48.508411+00:00
[2023-05-22T20:19:48.520+0000] {processor.py:176} INFO - Processing /home/airflow/.local/lib/python3.7/site-packages/airflow/example_dags/tutorial.py took 0.072 seconds
[2023-05-22T20:20:19.298+0000] {processor.py:154} INFO - Started process (PID=3364) to work on /home/airflow/.local/lib/python3.7/site-packages/airflow/example_dags/tutorial.py
[2023-05-22T20:20:19.301+0000] {processor.py:756} INFO - Processing file /home/airflow/.local/lib/python3.7/site-packages/airflow/example_dags/tutorial.py for tasks to queue
[2023-05-22T20:20:19.302+0000] {logging_mixin.py:120} INFO - [2023-05-22T20:20:19.302+0000] {dagbag.py:537} INFO - Filling up the DagBag from /home/airflow/.local/lib/python3.7/site-packages/airflow/example_dags/tutorial.py
[2023-05-22T20:20:19.331+0000] {processor.py:766} INFO - DAG(s) dict_keys(['tutorial']) retrieved from /home/airflow/.local/lib/python3.7/site-packages/airflow/example_dags/tutorial.py
[2023-05-22T20:20:19.374+0000] {logging_mixin.py:120} INFO - [2023-05-22T20:20:19.373+0000] {dag.py:2585} INFO - Sync 1 DAGs
[2023-05-22T20:20:19.391+0000] {logging_mixin.py:120} INFO - [2023-05-22T20:20:19.391+0000] {dag.py:3340} INFO - Setting next_dagrun for tutorial to 2023-05-21T20:20:19.391003+00:00, run_after=2023-05-22T20:20:19.391003+00:00
[2023-05-22T20:20:19.406+0000] {processor.py:176} INFO - Processing /home/airflow/.local/lib/python3.7/site-packages/airflow/example_dags/tutorial.py took 0.111 seconds
[2023-05-22T20:20:50.219+0000] {processor.py:154} INFO - Started process (PID=3417) to work on /home/airflow/.local/lib/python3.7/site-packages/airflow/example_dags/tutorial.py
[2023-05-22T20:20:50.220+0000] {processor.py:756} INFO - Processing file /home/airflow/.local/lib/python3.7/site-packages/airflow/example_dags/tutorial.py for tasks to queue
[2023-05-22T20:20:50.221+0000] {logging_mixin.py:120} INFO - [2023-05-22T20:20:50.221+0000] {dagbag.py:537} INFO - Filling up the DagBag from /home/airflow/.local/lib/python3.7/site-packages/airflow/example_dags/tutorial.py
[2023-05-22T20:20:50.233+0000] {processor.py:766} INFO - DAG(s) dict_keys(['tutorial']) retrieved from /home/airflow/.local/lib/python3.7/site-packages/airflow/example_dags/tutorial.py
[2023-05-22T20:20:50.264+0000] {logging_mixin.py:120} INFO - [2023-05-22T20:20:50.264+0000] {dag.py:2585} INFO - Sync 1 DAGs
[2023-05-22T20:20:50.281+0000] {logging_mixin.py:120} INFO - [2023-05-22T20:20:50.281+0000] {dag.py:3340} INFO - Setting next_dagrun for tutorial to 2023-05-21T20:20:50.281132+00:00, run_after=2023-05-22T20:20:50.281132+00:00
[2023-05-22T20:20:50.292+0000] {processor.py:176} INFO - Processing /home/airflow/.local/lib/python3.7/site-packages/airflow/example_dags/tutorial.py took 0.076 seconds
[2023-05-22T20:21:21.115+0000] {processor.py:154} INFO - Started process (PID=3480) to work on /home/airflow/.local/lib/python3.7/site-packages/airflow/example_dags/tutorial.py
[2023-05-22T20:21:21.116+0000] {processor.py:756} INFO - Processing file /home/airflow/.local/lib/python3.7/site-packages/airflow/example_dags/tutorial.py for tasks to queue
[2023-05-22T20:21:21.117+0000] {logging_mixin.py:120} INFO - [2023-05-22T20:21:21.117+0000] {dagbag.py:537} INFO - Filling up the DagBag from /home/airflow/.local/lib/python3.7/site-packages/airflow/example_dags/tutorial.py
[2023-05-22T20:21:21.129+0000] {processor.py:766} INFO - DAG(s) dict_keys(['tutorial']) retrieved from /home/airflow/.local/lib/python3.7/site-packages/airflow/example_dags/tutorial.py
[2023-05-22T20:21:21.161+0000] {logging_mixin.py:120} INFO - [2023-05-22T20:21:21.161+0000] {dag.py:2585} INFO - Sync 1 DAGs
[2023-05-22T20:21:21.178+0000] {logging_mixin.py:120} INFO - [2023-05-22T20:21:21.178+0000] {dag.py:3340} INFO - Setting next_dagrun for tutorial to 2023-05-21T20:21:21.178585+00:00, run_after=2023-05-22T20:21:21.178585+00:00
[2023-05-22T20:21:21.191+0000] {processor.py:176} INFO - Processing /home/airflow/.local/lib/python3.7/site-packages/airflow/example_dags/tutorial.py took 0.080 seconds
[2023-05-22T20:21:51.875+0000] {processor.py:154} INFO - Started process (PID=3542) to work on /home/airflow/.local/lib/python3.7/site-packages/airflow/example_dags/tutorial.py
[2023-05-22T20:21:51.877+0000] {processor.py:756} INFO - Processing file /home/airflow/.local/lib/python3.7/site-packages/airflow/example_dags/tutorial.py for tasks to queue
[2023-05-22T20:21:51.878+0000] {logging_mixin.py:120} INFO - [2023-05-22T20:21:51.878+0000] {dagbag.py:537} INFO - Filling up the DagBag from /home/airflow/.local/lib/python3.7/site-packages/airflow/example_dags/tutorial.py
[2023-05-22T20:21:51.889+0000] {processor.py:766} INFO - DAG(s) dict_keys(['tutorial']) retrieved from /home/airflow/.local/lib/python3.7/site-packages/airflow/example_dags/tutorial.py
[2023-05-22T20:21:51.919+0000] {logging_mixin.py:120} INFO - [2023-05-22T20:21:51.919+0000] {dag.py:2585} INFO - Sync 1 DAGs
[2023-05-22T20:21:51.935+0000] {logging_mixin.py:120} INFO - [2023-05-22T20:21:51.935+0000] {dag.py:3340} INFO - Setting next_dagrun for tutorial to 2023-05-21T20:21:51.934887+00:00, run_after=2023-05-22T20:21:51.934887+00:00
[2023-05-22T20:21:51.945+0000] {processor.py:176} INFO - Processing /home/airflow/.local/lib/python3.7/site-packages/airflow/example_dags/tutorial.py took 0.074 seconds
[2023-05-22T20:22:22.559+0000] {processor.py:154} INFO - Started process (PID=3605) to work on /home/airflow/.local/lib/python3.7/site-packages/airflow/example_dags/tutorial.py
[2023-05-22T20:22:22.561+0000] {processor.py:756} INFO - Processing file /home/airflow/.local/lib/python3.7/site-packages/airflow/example_dags/tutorial.py for tasks to queue
[2023-05-22T20:22:22.562+0000] {logging_mixin.py:120} INFO - [2023-05-22T20:22:22.561+0000] {dagbag.py:537} INFO - Filling up the DagBag from /home/airflow/.local/lib/python3.7/site-packages/airflow/example_dags/tutorial.py
[2023-05-22T20:22:22.574+0000] {processor.py:766} INFO - DAG(s) dict_keys(['tutorial']) retrieved from /home/airflow/.local/lib/python3.7/site-packages/airflow/example_dags/tutorial.py
[2023-05-22T20:22:22.604+0000] {logging_mixin.py:120} INFO - [2023-05-22T20:22:22.603+0000] {dag.py:2585} INFO - Sync 1 DAGs
[2023-05-22T20:22:22.620+0000] {logging_mixin.py:120} INFO - [2023-05-22T20:22:22.620+0000] {dag.py:3340} INFO - Setting next_dagrun for tutorial to 2023-05-21T20:22:22.620420+00:00, run_after=2023-05-22T20:22:22.620420+00:00
[2023-05-22T20:22:22.633+0000] {processor.py:176} INFO - Processing /home/airflow/.local/lib/python3.7/site-packages/airflow/example_dags/tutorial.py took 0.077 seconds
[2023-05-22T20:22:53.104+0000] {processor.py:154} INFO - Started process (PID=3668) to work on /home/airflow/.local/lib/python3.7/site-packages/airflow/example_dags/tutorial.py
[2023-05-22T20:22:53.105+0000] {processor.py:756} INFO - Processing file /home/airflow/.local/lib/python3.7/site-packages/airflow/example_dags/tutorial.py for tasks to queue
[2023-05-22T20:22:53.106+0000] {logging_mixin.py:120} INFO - [2023-05-22T20:22:53.106+0000] {dagbag.py:537} INFO - Filling up the DagBag from /home/airflow/.local/lib/python3.7/site-packages/airflow/example_dags/tutorial.py
[2023-05-22T20:22:53.124+0000] {processor.py:766} INFO - DAG(s) dict_keys(['tutorial']) retrieved from /home/airflow/.local/lib/python3.7/site-packages/airflow/example_dags/tutorial.py
[2023-05-22T20:22:53.155+0000] {logging_mixin.py:120} INFO - [2023-05-22T20:22:53.155+0000] {dag.py:2585} INFO - Sync 1 DAGs
[2023-05-22T20:22:53.172+0000] {logging_mixin.py:120} INFO - [2023-05-22T20:22:53.172+0000] {dag.py:3340} INFO - Setting next_dagrun for tutorial to 2023-05-21T20:22:53.172477+00:00, run_after=2023-05-22T20:22:53.172477+00:00
[2023-05-22T20:22:53.184+0000] {processor.py:176} INFO - Processing /home/airflow/.local/lib/python3.7/site-packages/airflow/example_dags/tutorial.py took 0.085 seconds
[2023-05-22T20:23:24.069+0000] {processor.py:154} INFO - Started process (PID=3731) to work on /home/airflow/.local/lib/python3.7/site-packages/airflow/example_dags/tutorial.py
[2023-05-22T20:23:24.070+0000] {processor.py:756} INFO - Processing file /home/airflow/.local/lib/python3.7/site-packages/airflow/example_dags/tutorial.py for tasks to queue
[2023-05-22T20:23:24.071+0000] {logging_mixin.py:120} INFO - [2023-05-22T20:23:24.071+0000] {dagbag.py:537} INFO - Filling up the DagBag from /home/airflow/.local/lib/python3.7/site-packages/airflow/example_dags/tutorial.py
[2023-05-22T20:23:24.083+0000] {processor.py:766} INFO - DAG(s) dict_keys(['tutorial']) retrieved from /home/airflow/.local/lib/python3.7/site-packages/airflow/example_dags/tutorial.py
[2023-05-22T20:23:24.147+0000] {logging_mixin.py:120} INFO - [2023-05-22T20:23:24.147+0000] {dag.py:2585} INFO - Sync 1 DAGs
[2023-05-22T20:23:24.167+0000] {logging_mixin.py:120} INFO - [2023-05-22T20:23:24.167+0000] {dag.py:3340} INFO - Setting next_dagrun for tutorial to 2023-05-21T20:23:24.167610+00:00, run_after=2023-05-22T20:23:24.167610+00:00
[2023-05-22T20:23:24.183+0000] {processor.py:176} INFO - Processing /home/airflow/.local/lib/python3.7/site-packages/airflow/example_dags/tutorial.py took 0.117 seconds
[2023-05-22T20:23:55.016+0000] {processor.py:154} INFO - Started process (PID=3785) to work on /home/airflow/.local/lib/python3.7/site-packages/airflow/example_dags/tutorial.py
[2023-05-22T20:23:55.017+0000] {processor.py:756} INFO - Processing file /home/airflow/.local/lib/python3.7/site-packages/airflow/example_dags/tutorial.py for tasks to queue
[2023-05-22T20:23:55.018+0000] {logging_mixin.py:120} INFO - [2023-05-22T20:23:55.018+0000] {dagbag.py:537} INFO - Filling up the DagBag from /home/airflow/.local/lib/python3.7/site-packages/airflow/example_dags/tutorial.py
[2023-05-22T20:23:55.030+0000] {processor.py:766} INFO - DAG(s) dict_keys(['tutorial']) retrieved from /home/airflow/.local/lib/python3.7/site-packages/airflow/example_dags/tutorial.py
[2023-05-22T20:23:55.059+0000] {logging_mixin.py:120} INFO - [2023-05-22T20:23:55.059+0000] {dag.py:2585} INFO - Sync 1 DAGs
[2023-05-22T20:23:55.075+0000] {logging_mixin.py:120} INFO - [2023-05-22T20:23:55.075+0000] {dag.py:3340} INFO - Setting next_dagrun for tutorial to 2023-05-21T20:23:55.075094+00:00, run_after=2023-05-22T20:23:55.075094+00:00
[2023-05-22T20:23:55.086+0000] {processor.py:176} INFO - Processing /home/airflow/.local/lib/python3.7/site-packages/airflow/example_dags/tutorial.py took 0.073 seconds
[2023-05-22T20:24:26.120+0000] {processor.py:154} INFO - Started process (PID=3849) to work on /home/airflow/.local/lib/python3.7/site-packages/airflow/example_dags/tutorial.py
[2023-05-22T20:24:26.121+0000] {processor.py:756} INFO - Processing file /home/airflow/.local/lib/python3.7/site-packages/airflow/example_dags/tutorial.py for tasks to queue
[2023-05-22T20:24:26.122+0000] {logging_mixin.py:120} INFO - [2023-05-22T20:24:26.122+0000] {dagbag.py:537} INFO - Filling up the DagBag from /home/airflow/.local/lib/python3.7/site-packages/airflow/example_dags/tutorial.py
[2023-05-22T20:24:26.134+0000] {processor.py:766} INFO - DAG(s) dict_keys(['tutorial']) retrieved from /home/airflow/.local/lib/python3.7/site-packages/airflow/example_dags/tutorial.py
[2023-05-22T20:24:26.168+0000] {logging_mixin.py:120} INFO - [2023-05-22T20:24:26.168+0000] {dag.py:2585} INFO - Sync 1 DAGs
[2023-05-22T20:24:26.188+0000] {logging_mixin.py:120} INFO - [2023-05-22T20:24:26.188+0000] {dag.py:3340} INFO - Setting next_dagrun for tutorial to 2023-05-21T20:24:26.187820+00:00, run_after=2023-05-22T20:24:26.187820+00:00
[2023-05-22T20:24:26.207+0000] {processor.py:176} INFO - Processing /home/airflow/.local/lib/python3.7/site-packages/airflow/example_dags/tutorial.py took 0.091 seconds
[2023-05-22T20:24:56.366+0000] {processor.py:154} INFO - Started process (PID=3911) to work on /home/airflow/.local/lib/python3.7/site-packages/airflow/example_dags/tutorial.py
[2023-05-22T20:24:56.367+0000] {processor.py:756} INFO - Processing file /home/airflow/.local/lib/python3.7/site-packages/airflow/example_dags/tutorial.py for tasks to queue
[2023-05-22T20:24:56.368+0000] {logging_mixin.py:120} INFO - [2023-05-22T20:24:56.368+0000] {dagbag.py:537} INFO - Filling up the DagBag from /home/airflow/.local/lib/python3.7/site-packages/airflow/example_dags/tutorial.py
[2023-05-22T20:24:56.380+0000] {processor.py:766} INFO - DAG(s) dict_keys(['tutorial']) retrieved from /home/airflow/.local/lib/python3.7/site-packages/airflow/example_dags/tutorial.py
[2023-05-22T20:24:56.410+0000] {logging_mixin.py:120} INFO - [2023-05-22T20:24:56.409+0000] {dag.py:2585} INFO - Sync 1 DAGs
[2023-05-22T20:24:56.426+0000] {logging_mixin.py:120} INFO - [2023-05-22T20:24:56.426+0000] {dag.py:3340} INFO - Setting next_dagrun for tutorial to 2023-05-21T20:24:56.426463+00:00, run_after=2023-05-22T20:24:56.426463+00:00
[2023-05-22T20:24:56.438+0000] {processor.py:176} INFO - Processing /home/airflow/.local/lib/python3.7/site-packages/airflow/example_dags/tutorial.py took 0.075 seconds
[2023-05-22T20:25:27.238+0000] {processor.py:154} INFO - Started process (PID=3974) to work on /home/airflow/.local/lib/python3.7/site-packages/airflow/example_dags/tutorial.py
[2023-05-22T20:25:27.239+0000] {processor.py:756} INFO - Processing file /home/airflow/.local/lib/python3.7/site-packages/airflow/example_dags/tutorial.py for tasks to queue
[2023-05-22T20:25:27.240+0000] {logging_mixin.py:120} INFO - [2023-05-22T20:25:27.240+0000] {dagbag.py:537} INFO - Filling up the DagBag from /home/airflow/.local/lib/python3.7/site-packages/airflow/example_dags/tutorial.py
[2023-05-22T20:25:27.252+0000] {processor.py:766} INFO - DAG(s) dict_keys(['tutorial']) retrieved from /home/airflow/.local/lib/python3.7/site-packages/airflow/example_dags/tutorial.py
[2023-05-22T20:25:27.283+0000] {logging_mixin.py:120} INFO - [2023-05-22T20:25:27.283+0000] {dag.py:2585} INFO - Sync 1 DAGs
[2023-05-22T20:25:27.300+0000] {logging_mixin.py:120} INFO - [2023-05-22T20:25:27.300+0000] {dag.py:3340} INFO - Setting next_dagrun for tutorial to 2023-05-21T20:25:27.300055+00:00, run_after=2023-05-22T20:25:27.300055+00:00
[2023-05-22T20:25:27.312+0000] {processor.py:176} INFO - Processing /home/airflow/.local/lib/python3.7/site-packages/airflow/example_dags/tutorial.py took 0.078 seconds
[2023-05-22T20:25:57.690+0000] {processor.py:154} INFO - Started process (PID=4036) to work on /home/airflow/.local/lib/python3.7/site-packages/airflow/example_dags/tutorial.py
[2023-05-22T20:25:57.691+0000] {processor.py:756} INFO - Processing file /home/airflow/.local/lib/python3.7/site-packages/airflow/example_dags/tutorial.py for tasks to queue
[2023-05-22T20:25:57.692+0000] {logging_mixin.py:120} INFO - [2023-05-22T20:25:57.692+0000] {dagbag.py:537} INFO - Filling up the DagBag from /home/airflow/.local/lib/python3.7/site-packages/airflow/example_dags/tutorial.py
[2023-05-22T20:25:57.703+0000] {processor.py:766} INFO - DAG(s) dict_keys(['tutorial']) retrieved from /home/airflow/.local/lib/python3.7/site-packages/airflow/example_dags/tutorial.py
[2023-05-22T20:25:57.733+0000] {logging_mixin.py:120} INFO - [2023-05-22T20:25:57.733+0000] {dag.py:2585} INFO - Sync 1 DAGs
[2023-05-22T20:25:57.749+0000] {logging_mixin.py:120} INFO - [2023-05-22T20:25:57.749+0000] {dag.py:3340} INFO - Setting next_dagrun for tutorial to 2023-05-21T20:25:57.748958+00:00, run_after=2023-05-22T20:25:57.748958+00:00
[2023-05-22T20:25:57.760+0000] {processor.py:176} INFO - Processing /home/airflow/.local/lib/python3.7/site-packages/airflow/example_dags/tutorial.py took 0.073 seconds
[2023-05-22T20:26:28.458+0000] {processor.py:154} INFO - Started process (PID=4099) to work on /home/airflow/.local/lib/python3.7/site-packages/airflow/example_dags/tutorial.py
[2023-05-22T20:26:28.459+0000] {processor.py:756} INFO - Processing file /home/airflow/.local/lib/python3.7/site-packages/airflow/example_dags/tutorial.py for tasks to queue
[2023-05-22T20:26:28.460+0000] {logging_mixin.py:120} INFO - [2023-05-22T20:26:28.460+0000] {dagbag.py:537} INFO - Filling up the DagBag from /home/airflow/.local/lib/python3.7/site-packages/airflow/example_dags/tutorial.py
[2023-05-22T20:26:28.473+0000] {processor.py:766} INFO - DAG(s) dict_keys(['tutorial']) retrieved from /home/airflow/.local/lib/python3.7/site-packages/airflow/example_dags/tutorial.py
[2023-05-22T20:26:28.503+0000] {logging_mixin.py:120} INFO - [2023-05-22T20:26:28.502+0000] {dag.py:2585} INFO - Sync 1 DAGs
[2023-05-22T20:26:28.519+0000] {logging_mixin.py:120} INFO - [2023-05-22T20:26:28.519+0000] {dag.py:3340} INFO - Setting next_dagrun for tutorial to 2023-05-21T20:26:28.519176+00:00, run_after=2023-05-22T20:26:28.519176+00:00
[2023-05-22T20:26:28.531+0000] {processor.py:176} INFO - Processing /home/airflow/.local/lib/python3.7/site-packages/airflow/example_dags/tutorial.py took 0.076 seconds
[2023-05-22T20:26:59.056+0000] {processor.py:154} INFO - Started process (PID=4162) to work on /home/airflow/.local/lib/python3.7/site-packages/airflow/example_dags/tutorial.py
[2023-05-22T20:26:59.057+0000] {processor.py:756} INFO - Processing file /home/airflow/.local/lib/python3.7/site-packages/airflow/example_dags/tutorial.py for tasks to queue
[2023-05-22T20:26:59.058+0000] {logging_mixin.py:120} INFO - [2023-05-22T20:26:59.058+0000] {dagbag.py:537} INFO - Filling up the DagBag from /home/airflow/.local/lib/python3.7/site-packages/airflow/example_dags/tutorial.py
[2023-05-22T20:26:59.069+0000] {processor.py:766} INFO - DAG(s) dict_keys(['tutorial']) retrieved from /home/airflow/.local/lib/python3.7/site-packages/airflow/example_dags/tutorial.py
[2023-05-22T20:26:59.099+0000] {logging_mixin.py:120} INFO - [2023-05-22T20:26:59.099+0000] {dag.py:2585} INFO - Sync 1 DAGs
[2023-05-22T20:26:59.116+0000] {logging_mixin.py:120} INFO - [2023-05-22T20:26:59.116+0000] {dag.py:3340} INFO - Setting next_dagrun for tutorial to 2023-05-21T20:26:59.116240+00:00, run_after=2023-05-22T20:26:59.116240+00:00
[2023-05-22T20:26:59.129+0000] {processor.py:176} INFO - Processing /home/airflow/.local/lib/python3.7/site-packages/airflow/example_dags/tutorial.py took 0.076 seconds
[2023-05-22T20:27:29.658+0000] {processor.py:154} INFO - Started process (PID=4216) to work on /home/airflow/.local/lib/python3.7/site-packages/airflow/example_dags/tutorial.py
[2023-05-22T20:27:29.659+0000] {processor.py:756} INFO - Processing file /home/airflow/.local/lib/python3.7/site-packages/airflow/example_dags/tutorial.py for tasks to queue
[2023-05-22T20:27:29.660+0000] {logging_mixin.py:120} INFO - [2023-05-22T20:27:29.660+0000] {dagbag.py:537} INFO - Filling up the DagBag from /home/airflow/.local/lib/python3.7/site-packages/airflow/example_dags/tutorial.py
[2023-05-22T20:27:29.671+0000] {processor.py:766} INFO - DAG(s) dict_keys(['tutorial']) retrieved from /home/airflow/.local/lib/python3.7/site-packages/airflow/example_dags/tutorial.py
[2023-05-22T20:27:29.700+0000] {logging_mixin.py:120} INFO - [2023-05-22T20:27:29.700+0000] {dag.py:2585} INFO - Sync 1 DAGs
[2023-05-22T20:27:29.717+0000] {logging_mixin.py:120} INFO - [2023-05-22T20:27:29.717+0000] {dag.py:3340} INFO - Setting next_dagrun for tutorial to 2023-05-21T20:27:29.717594+00:00, run_after=2023-05-22T20:27:29.717594+00:00
[2023-05-22T20:27:29.730+0000] {processor.py:176} INFO - Processing /home/airflow/.local/lib/python3.7/site-packages/airflow/example_dags/tutorial.py took 0.075 seconds
[2023-05-22T20:27:59.849+0000] {processor.py:154} INFO - Started process (PID=4278) to work on /home/airflow/.local/lib/python3.7/site-packages/airflow/example_dags/tutorial.py
[2023-05-22T20:27:59.850+0000] {processor.py:756} INFO - Processing file /home/airflow/.local/lib/python3.7/site-packages/airflow/example_dags/tutorial.py for tasks to queue
[2023-05-22T20:27:59.851+0000] {logging_mixin.py:120} INFO - [2023-05-22T20:27:59.851+0000] {dagbag.py:537} INFO - Filling up the DagBag from /home/airflow/.local/lib/python3.7/site-packages/airflow/example_dags/tutorial.py
[2023-05-22T20:27:59.862+0000] {processor.py:766} INFO - DAG(s) dict_keys(['tutorial']) retrieved from /home/airflow/.local/lib/python3.7/site-packages/airflow/example_dags/tutorial.py
[2023-05-22T20:27:59.894+0000] {logging_mixin.py:120} INFO - [2023-05-22T20:27:59.894+0000] {dag.py:2585} INFO - Sync 1 DAGs
[2023-05-22T20:27:59.910+0000] {logging_mixin.py:120} INFO - [2023-05-22T20:27:59.910+0000] {dag.py:3340} INFO - Setting next_dagrun for tutorial to 2023-05-21T20:27:59.910590+00:00, run_after=2023-05-22T20:27:59.910590+00:00
[2023-05-22T20:27:59.923+0000] {processor.py:176} INFO - Processing /home/airflow/.local/lib/python3.7/site-packages/airflow/example_dags/tutorial.py took 0.077 seconds
[2023-05-22T20:28:30.034+0000] {processor.py:154} INFO - Started process (PID=4339) to work on /home/airflow/.local/lib/python3.7/site-packages/airflow/example_dags/tutorial.py
[2023-05-22T20:28:30.036+0000] {processor.py:756} INFO - Processing file /home/airflow/.local/lib/python3.7/site-packages/airflow/example_dags/tutorial.py for tasks to queue
[2023-05-22T20:28:30.037+0000] {logging_mixin.py:120} INFO - [2023-05-22T20:28:30.037+0000] {dagbag.py:537} INFO - Filling up the DagBag from /home/airflow/.local/lib/python3.7/site-packages/airflow/example_dags/tutorial.py
[2023-05-22T20:28:30.052+0000] {processor.py:766} INFO - DAG(s) dict_keys(['tutorial']) retrieved from /home/airflow/.local/lib/python3.7/site-packages/airflow/example_dags/tutorial.py
[2023-05-22T20:28:30.090+0000] {logging_mixin.py:120} INFO - [2023-05-22T20:28:30.090+0000] {dag.py:2585} INFO - Sync 1 DAGs
[2023-05-22T20:28:30.108+0000] {logging_mixin.py:120} INFO - [2023-05-22T20:28:30.108+0000] {dag.py:3340} INFO - Setting next_dagrun for tutorial to 2023-05-21T20:28:30.108529+00:00, run_after=2023-05-22T20:28:30.108529+00:00
[2023-05-22T20:28:30.124+0000] {processor.py:176} INFO - Processing /home/airflow/.local/lib/python3.7/site-packages/airflow/example_dags/tutorial.py took 0.094 seconds
[2023-05-22T20:43:49.326+0000] {processor.py:154} INFO - Started process (PID=4385) to work on /home/airflow/.local/lib/python3.7/site-packages/airflow/example_dags/tutorial.py
[2023-05-22T20:43:49.327+0000] {processor.py:756} INFO - Processing file /home/airflow/.local/lib/python3.7/site-packages/airflow/example_dags/tutorial.py for tasks to queue
[2023-05-22T20:43:49.328+0000] {logging_mixin.py:120} INFO - [2023-05-22T20:43:49.328+0000] {dagbag.py:537} INFO - Filling up the DagBag from /home/airflow/.local/lib/python3.7/site-packages/airflow/example_dags/tutorial.py
[2023-05-22T20:43:49.340+0000] {processor.py:766} INFO - DAG(s) dict_keys(['tutorial']) retrieved from /home/airflow/.local/lib/python3.7/site-packages/airflow/example_dags/tutorial.py
[2023-05-22T20:43:49.369+0000] {logging_mixin.py:120} INFO - [2023-05-22T20:43:49.369+0000] {dag.py:2585} INFO - Sync 1 DAGs
[2023-05-22T20:43:49.386+0000] {logging_mixin.py:120} INFO - [2023-05-22T20:43:49.386+0000] {dag.py:3340} INFO - Setting next_dagrun for tutorial to 2023-05-21T20:43:49.386489+00:00, run_after=2023-05-22T20:43:49.386489+00:00
[2023-05-22T20:43:49.398+0000] {processor.py:176} INFO - Processing /home/airflow/.local/lib/python3.7/site-packages/airflow/example_dags/tutorial.py took 0.074 seconds
[2023-05-22T22:05:51.430+0000] {processor.py:154} INFO - Started process (PID=4448) to work on /home/airflow/.local/lib/python3.7/site-packages/airflow/example_dags/tutorial.py
[2023-05-22T22:05:51.432+0000] {processor.py:756} INFO - Processing file /home/airflow/.local/lib/python3.7/site-packages/airflow/example_dags/tutorial.py for tasks to queue
[2023-05-22T22:05:51.433+0000] {logging_mixin.py:120} INFO - [2023-05-22T22:05:51.433+0000] {dagbag.py:537} INFO - Filling up the DagBag from /home/airflow/.local/lib/python3.7/site-packages/airflow/example_dags/tutorial.py
[2023-05-22T22:05:51.451+0000] {processor.py:766} INFO - DAG(s) dict_keys(['tutorial']) retrieved from /home/airflow/.local/lib/python3.7/site-packages/airflow/example_dags/tutorial.py
[2023-05-22T22:05:51.500+0000] {logging_mixin.py:120} INFO - [2023-05-22T22:05:51.500+0000] {dag.py:2585} INFO - Sync 1 DAGs
[2023-05-22T22:05:51.524+0000] {logging_mixin.py:120} INFO - [2023-05-22T22:05:51.524+0000] {dag.py:3340} INFO - Setting next_dagrun for tutorial to 2023-05-21T22:05:51.524088+00:00, run_after=2023-05-22T22:05:51.524088+00:00
[2023-05-22T22:05:51.546+0000] {processor.py:176} INFO - Processing /home/airflow/.local/lib/python3.7/site-packages/airflow/example_dags/tutorial.py took 0.119 seconds
[2023-05-22T23:29:35.871+0000] {processor.py:154} INFO - Started process (PID=4511) to work on /home/airflow/.local/lib/python3.7/site-packages/airflow/example_dags/tutorial.py
[2023-05-22T23:29:35.873+0000] {processor.py:756} INFO - Processing file /home/airflow/.local/lib/python3.7/site-packages/airflow/example_dags/tutorial.py for tasks to queue
[2023-05-22T23:29:35.874+0000] {logging_mixin.py:120} INFO - [2023-05-22T23:29:35.874+0000] {dagbag.py:537} INFO - Filling up the DagBag from /home/airflow/.local/lib/python3.7/site-packages/airflow/example_dags/tutorial.py
[2023-05-22T23:29:35.893+0000] {processor.py:766} INFO - DAG(s) dict_keys(['tutorial']) retrieved from /home/airflow/.local/lib/python3.7/site-packages/airflow/example_dags/tutorial.py
[2023-05-22T23:29:35.938+0000] {logging_mixin.py:120} INFO - [2023-05-22T23:29:35.938+0000] {dag.py:2585} INFO - Sync 1 DAGs
[2023-05-22T23:29:35.959+0000] {logging_mixin.py:120} INFO - [2023-05-22T23:29:35.959+0000] {dag.py:3340} INFO - Setting next_dagrun for tutorial to 2023-05-21T23:29:35.959376+00:00, run_after=2023-05-22T23:29:35.959376+00:00
[2023-05-22T23:29:35.972+0000] {processor.py:176} INFO - Processing /home/airflow/.local/lib/python3.7/site-packages/airflow/example_dags/tutorial.py took 0.108 seconds
