[2023-05-22T19:32:34.115+0000] {processor.py:154} INFO - Started process (PID=65) to work on /home/airflow/.local/lib/python3.7/site-packages/airflow/example_dags/tutorial_dag.py
[2023-05-22T19:32:34.116+0000] {processor.py:756} INFO - Processing file /home/airflow/.local/lib/python3.7/site-packages/airflow/example_dags/tutorial_dag.py for tasks to queue
[2023-05-22T19:32:34.118+0000] {logging_mixin.py:120} INFO - [2023-05-22T19:32:34.117+0000] {dagbag.py:537} INFO - Filling up the DagBag from /home/airflow/.local/lib/python3.7/site-packages/airflow/example_dags/tutorial_dag.py
[2023-05-22T19:32:34.133+0000] {processor.py:766} INFO - DAG(s) dict_keys(['tutorial_dag']) retrieved from /home/airflow/.local/lib/python3.7/site-packages/airflow/example_dags/tutorial_dag.py
[2023-05-22T19:32:34.224+0000] {logging_mixin.py:120} INFO - [2023-05-22T19:32:34.224+0000] {manager.py:507} INFO - Created Permission View: can read on DAG:tutorial_dag
[2023-05-22T19:32:34.231+0000] {logging_mixin.py:120} INFO - [2023-05-22T19:32:34.231+0000] {manager.py:507} INFO - Created Permission View: can delete on DAG:tutorial_dag
[2023-05-22T19:32:34.241+0000] {logging_mixin.py:120} INFO - [2023-05-22T19:32:34.241+0000] {manager.py:507} INFO - Created Permission View: can edit on DAG:tutorial_dag
[2023-05-22T19:32:34.242+0000] {logging_mixin.py:120} INFO - [2023-05-22T19:32:34.242+0000] {dag.py:2585} INFO - Sync 1 DAGs
[2023-05-22T19:32:34.257+0000] {logging_mixin.py:120} INFO - [2023-05-22T19:32:34.257+0000] {dag.py:2606} INFO - Creating ORM DAG for tutorial_dag
[2023-05-22T19:32:34.266+0000] {logging_mixin.py:120} INFO - [2023-05-22T19:32:34.266+0000] {dag.py:3340} INFO - Setting next_dagrun for tutorial_dag to None, run_after=None
[2023-05-22T19:32:34.280+0000] {processor.py:176} INFO - Processing /home/airflow/.local/lib/python3.7/site-packages/airflow/example_dags/tutorial_dag.py took 0.170 seconds
[2023-05-22T19:33:04.962+0000] {processor.py:154} INFO - Started process (PID=120) to work on /home/airflow/.local/lib/python3.7/site-packages/airflow/example_dags/tutorial_dag.py
[2023-05-22T19:33:04.963+0000] {processor.py:756} INFO - Processing file /home/airflow/.local/lib/python3.7/site-packages/airflow/example_dags/tutorial_dag.py for tasks to queue
[2023-05-22T19:33:04.964+0000] {logging_mixin.py:120} INFO - [2023-05-22T19:33:04.964+0000] {dagbag.py:537} INFO - Filling up the DagBag from /home/airflow/.local/lib/python3.7/site-packages/airflow/example_dags/tutorial_dag.py
[2023-05-22T19:33:04.974+0000] {processor.py:766} INFO - DAG(s) dict_keys(['tutorial_dag']) retrieved from /home/airflow/.local/lib/python3.7/site-packages/airflow/example_dags/tutorial_dag.py
[2023-05-22T19:33:05.006+0000] {logging_mixin.py:120} INFO - [2023-05-22T19:33:05.006+0000] {dag.py:2585} INFO - Sync 1 DAGs
[2023-05-22T19:33:05.026+0000] {logging_mixin.py:120} INFO - [2023-05-22T19:33:05.025+0000] {dag.py:3340} INFO - Setting next_dagrun for tutorial_dag to None, run_after=None
[2023-05-22T19:33:05.041+0000] {processor.py:176} INFO - Processing /home/airflow/.local/lib/python3.7/site-packages/airflow/example_dags/tutorial_dag.py took 0.082 seconds
[2023-05-22T19:33:35.523+0000] {processor.py:154} INFO - Started process (PID=184) to work on /home/airflow/.local/lib/python3.7/site-packages/airflow/example_dags/tutorial_dag.py
[2023-05-22T19:33:35.525+0000] {processor.py:756} INFO - Processing file /home/airflow/.local/lib/python3.7/site-packages/airflow/example_dags/tutorial_dag.py for tasks to queue
[2023-05-22T19:33:35.526+0000] {logging_mixin.py:120} INFO - [2023-05-22T19:33:35.526+0000] {dagbag.py:537} INFO - Filling up the DagBag from /home/airflow/.local/lib/python3.7/site-packages/airflow/example_dags/tutorial_dag.py
[2023-05-22T19:33:35.539+0000] {processor.py:766} INFO - DAG(s) dict_keys(['tutorial_dag']) retrieved from /home/airflow/.local/lib/python3.7/site-packages/airflow/example_dags/tutorial_dag.py
[2023-05-22T19:33:35.576+0000] {logging_mixin.py:120} INFO - [2023-05-22T19:33:35.576+0000] {dag.py:2585} INFO - Sync 1 DAGs
[2023-05-22T19:33:35.597+0000] {logging_mixin.py:120} INFO - [2023-05-22T19:33:35.597+0000] {dag.py:3340} INFO - Setting next_dagrun for tutorial_dag to None, run_after=None
[2023-05-22T19:33:35.613+0000] {processor.py:176} INFO - Processing /home/airflow/.local/lib/python3.7/site-packages/airflow/example_dags/tutorial_dag.py took 0.094 seconds
[2023-05-22T19:34:06.250+0000] {processor.py:154} INFO - Started process (PID=246) to work on /home/airflow/.local/lib/python3.7/site-packages/airflow/example_dags/tutorial_dag.py
[2023-05-22T19:34:06.252+0000] {processor.py:756} INFO - Processing file /home/airflow/.local/lib/python3.7/site-packages/airflow/example_dags/tutorial_dag.py for tasks to queue
[2023-05-22T19:34:06.253+0000] {logging_mixin.py:120} INFO - [2023-05-22T19:34:06.252+0000] {dagbag.py:537} INFO - Filling up the DagBag from /home/airflow/.local/lib/python3.7/site-packages/airflow/example_dags/tutorial_dag.py
[2023-05-22T19:34:06.265+0000] {processor.py:766} INFO - DAG(s) dict_keys(['tutorial_dag']) retrieved from /home/airflow/.local/lib/python3.7/site-packages/airflow/example_dags/tutorial_dag.py
[2023-05-22T19:34:06.300+0000] {logging_mixin.py:120} INFO - [2023-05-22T19:34:06.300+0000] {dag.py:2585} INFO - Sync 1 DAGs
[2023-05-22T19:34:06.320+0000] {logging_mixin.py:120} INFO - [2023-05-22T19:34:06.320+0000] {dag.py:3340} INFO - Setting next_dagrun for tutorial_dag to None, run_after=None
[2023-05-22T19:34:06.333+0000] {processor.py:176} INFO - Processing /home/airflow/.local/lib/python3.7/site-packages/airflow/example_dags/tutorial_dag.py took 0.086 seconds
[2023-05-22T19:34:36.930+0000] {processor.py:154} INFO - Started process (PID=309) to work on /home/airflow/.local/lib/python3.7/site-packages/airflow/example_dags/tutorial_dag.py
[2023-05-22T19:34:36.931+0000] {processor.py:756} INFO - Processing file /home/airflow/.local/lib/python3.7/site-packages/airflow/example_dags/tutorial_dag.py for tasks to queue
[2023-05-22T19:34:36.932+0000] {logging_mixin.py:120} INFO - [2023-05-22T19:34:36.932+0000] {dagbag.py:537} INFO - Filling up the DagBag from /home/airflow/.local/lib/python3.7/site-packages/airflow/example_dags/tutorial_dag.py
[2023-05-22T19:34:36.942+0000] {processor.py:766} INFO - DAG(s) dict_keys(['tutorial_dag']) retrieved from /home/airflow/.local/lib/python3.7/site-packages/airflow/example_dags/tutorial_dag.py
[2023-05-22T19:34:36.973+0000] {logging_mixin.py:120} INFO - [2023-05-22T19:34:36.973+0000] {dag.py:2585} INFO - Sync 1 DAGs
[2023-05-22T19:34:36.994+0000] {logging_mixin.py:120} INFO - [2023-05-22T19:34:36.994+0000] {dag.py:3340} INFO - Setting next_dagrun for tutorial_dag to None, run_after=None
[2023-05-22T19:34:37.008+0000] {processor.py:176} INFO - Processing /home/airflow/.local/lib/python3.7/site-packages/airflow/example_dags/tutorial_dag.py took 0.081 seconds
[2023-05-22T19:35:07.355+0000] {processor.py:154} INFO - Started process (PID=371) to work on /home/airflow/.local/lib/python3.7/site-packages/airflow/example_dags/tutorial_dag.py
[2023-05-22T19:35:07.356+0000] {processor.py:756} INFO - Processing file /home/airflow/.local/lib/python3.7/site-packages/airflow/example_dags/tutorial_dag.py for tasks to queue
[2023-05-22T19:35:07.357+0000] {logging_mixin.py:120} INFO - [2023-05-22T19:35:07.357+0000] {dagbag.py:537} INFO - Filling up the DagBag from /home/airflow/.local/lib/python3.7/site-packages/airflow/example_dags/tutorial_dag.py
[2023-05-22T19:35:07.368+0000] {processor.py:766} INFO - DAG(s) dict_keys(['tutorial_dag']) retrieved from /home/airflow/.local/lib/python3.7/site-packages/airflow/example_dags/tutorial_dag.py
[2023-05-22T19:35:07.397+0000] {logging_mixin.py:120} INFO - [2023-05-22T19:35:07.397+0000] {dag.py:2585} INFO - Sync 1 DAGs
[2023-05-22T19:35:07.412+0000] {logging_mixin.py:120} INFO - [2023-05-22T19:35:07.412+0000] {dag.py:3340} INFO - Setting next_dagrun for tutorial_dag to None, run_after=None
[2023-05-22T19:35:07.424+0000] {processor.py:176} INFO - Processing /home/airflow/.local/lib/python3.7/site-packages/airflow/example_dags/tutorial_dag.py took 0.074 seconds
[2023-05-22T19:35:37.764+0000] {processor.py:154} INFO - Started process (PID=434) to work on /home/airflow/.local/lib/python3.7/site-packages/airflow/example_dags/tutorial_dag.py
[2023-05-22T19:35:37.766+0000] {processor.py:756} INFO - Processing file /home/airflow/.local/lib/python3.7/site-packages/airflow/example_dags/tutorial_dag.py for tasks to queue
[2023-05-22T19:35:37.767+0000] {logging_mixin.py:120} INFO - [2023-05-22T19:35:37.766+0000] {dagbag.py:537} INFO - Filling up the DagBag from /home/airflow/.local/lib/python3.7/site-packages/airflow/example_dags/tutorial_dag.py
[2023-05-22T19:35:37.776+0000] {processor.py:766} INFO - DAG(s) dict_keys(['tutorial_dag']) retrieved from /home/airflow/.local/lib/python3.7/site-packages/airflow/example_dags/tutorial_dag.py
[2023-05-22T19:35:37.810+0000] {logging_mixin.py:120} INFO - [2023-05-22T19:35:37.809+0000] {dag.py:2585} INFO - Sync 1 DAGs
[2023-05-22T19:35:37.828+0000] {logging_mixin.py:120} INFO - [2023-05-22T19:35:37.828+0000] {dag.py:3340} INFO - Setting next_dagrun for tutorial_dag to None, run_after=None
[2023-05-22T19:35:37.841+0000] {processor.py:176} INFO - Processing /home/airflow/.local/lib/python3.7/site-packages/airflow/example_dags/tutorial_dag.py took 0.080 seconds
[2023-05-22T19:36:08.401+0000] {processor.py:154} INFO - Started process (PID=488) to work on /home/airflow/.local/lib/python3.7/site-packages/airflow/example_dags/tutorial_dag.py
[2023-05-22T19:36:08.403+0000] {processor.py:756} INFO - Processing file /home/airflow/.local/lib/python3.7/site-packages/airflow/example_dags/tutorial_dag.py for tasks to queue
[2023-05-22T19:36:08.403+0000] {logging_mixin.py:120} INFO - [2023-05-22T19:36:08.403+0000] {dagbag.py:537} INFO - Filling up the DagBag from /home/airflow/.local/lib/python3.7/site-packages/airflow/example_dags/tutorial_dag.py
[2023-05-22T19:36:08.413+0000] {processor.py:766} INFO - DAG(s) dict_keys(['tutorial_dag']) retrieved from /home/airflow/.local/lib/python3.7/site-packages/airflow/example_dags/tutorial_dag.py
[2023-05-22T19:36:08.443+0000] {logging_mixin.py:120} INFO - [2023-05-22T19:36:08.443+0000] {dag.py:2585} INFO - Sync 1 DAGs
[2023-05-22T19:36:08.464+0000] {logging_mixin.py:120} INFO - [2023-05-22T19:36:08.464+0000] {dag.py:3340} INFO - Setting next_dagrun for tutorial_dag to None, run_after=None
[2023-05-22T19:36:08.478+0000] {processor.py:176} INFO - Processing /home/airflow/.local/lib/python3.7/site-packages/airflow/example_dags/tutorial_dag.py took 0.079 seconds
[2023-05-22T19:36:39.083+0000] {processor.py:154} INFO - Started process (PID=551) to work on /home/airflow/.local/lib/python3.7/site-packages/airflow/example_dags/tutorial_dag.py
[2023-05-22T19:36:39.085+0000] {processor.py:756} INFO - Processing file /home/airflow/.local/lib/python3.7/site-packages/airflow/example_dags/tutorial_dag.py for tasks to queue
[2023-05-22T19:36:39.086+0000] {logging_mixin.py:120} INFO - [2023-05-22T19:36:39.086+0000] {dagbag.py:537} INFO - Filling up the DagBag from /home/airflow/.local/lib/python3.7/site-packages/airflow/example_dags/tutorial_dag.py
[2023-05-22T19:36:39.096+0000] {processor.py:766} INFO - DAG(s) dict_keys(['tutorial_dag']) retrieved from /home/airflow/.local/lib/python3.7/site-packages/airflow/example_dags/tutorial_dag.py
[2023-05-22T19:36:39.126+0000] {logging_mixin.py:120} INFO - [2023-05-22T19:36:39.125+0000] {dag.py:2585} INFO - Sync 1 DAGs
[2023-05-22T19:36:39.141+0000] {logging_mixin.py:120} INFO - [2023-05-22T19:36:39.141+0000] {dag.py:3340} INFO - Setting next_dagrun for tutorial_dag to None, run_after=None
[2023-05-22T19:36:39.153+0000] {processor.py:176} INFO - Processing /home/airflow/.local/lib/python3.7/site-packages/airflow/example_dags/tutorial_dag.py took 0.073 seconds
[2023-05-22T19:37:09.774+0000] {processor.py:154} INFO - Started process (PID=614) to work on /home/airflow/.local/lib/python3.7/site-packages/airflow/example_dags/tutorial_dag.py
[2023-05-22T19:37:09.775+0000] {processor.py:756} INFO - Processing file /home/airflow/.local/lib/python3.7/site-packages/airflow/example_dags/tutorial_dag.py for tasks to queue
[2023-05-22T19:37:09.776+0000] {logging_mixin.py:120} INFO - [2023-05-22T19:37:09.776+0000] {dagbag.py:537} INFO - Filling up the DagBag from /home/airflow/.local/lib/python3.7/site-packages/airflow/example_dags/tutorial_dag.py
[2023-05-22T19:37:09.787+0000] {processor.py:766} INFO - DAG(s) dict_keys(['tutorial_dag']) retrieved from /home/airflow/.local/lib/python3.7/site-packages/airflow/example_dags/tutorial_dag.py
[2023-05-22T19:37:09.819+0000] {logging_mixin.py:120} INFO - [2023-05-22T19:37:09.819+0000] {dag.py:2585} INFO - Sync 1 DAGs
[2023-05-22T19:37:09.837+0000] {logging_mixin.py:120} INFO - [2023-05-22T19:37:09.837+0000] {dag.py:3340} INFO - Setting next_dagrun for tutorial_dag to None, run_after=None
[2023-05-22T19:37:09.854+0000] {processor.py:176} INFO - Processing /home/airflow/.local/lib/python3.7/site-packages/airflow/example_dags/tutorial_dag.py took 0.082 seconds
[2023-05-22T19:37:40.495+0000] {processor.py:154} INFO - Started process (PID=676) to work on /home/airflow/.local/lib/python3.7/site-packages/airflow/example_dags/tutorial_dag.py
[2023-05-22T19:37:40.496+0000] {processor.py:756} INFO - Processing file /home/airflow/.local/lib/python3.7/site-packages/airflow/example_dags/tutorial_dag.py for tasks to queue
[2023-05-22T19:37:40.497+0000] {logging_mixin.py:120} INFO - [2023-05-22T19:37:40.497+0000] {dagbag.py:537} INFO - Filling up the DagBag from /home/airflow/.local/lib/python3.7/site-packages/airflow/example_dags/tutorial_dag.py
[2023-05-22T19:37:40.507+0000] {processor.py:766} INFO - DAG(s) dict_keys(['tutorial_dag']) retrieved from /home/airflow/.local/lib/python3.7/site-packages/airflow/example_dags/tutorial_dag.py
[2023-05-22T19:37:40.539+0000] {logging_mixin.py:120} INFO - [2023-05-22T19:37:40.538+0000] {dag.py:2585} INFO - Sync 1 DAGs
[2023-05-22T19:37:40.557+0000] {logging_mixin.py:120} INFO - [2023-05-22T19:37:40.557+0000] {dag.py:3340} INFO - Setting next_dagrun for tutorial_dag to None, run_after=None
[2023-05-22T19:37:40.571+0000] {processor.py:176} INFO - Processing /home/airflow/.local/lib/python3.7/site-packages/airflow/example_dags/tutorial_dag.py took 0.079 seconds
[2023-05-22T19:38:11.058+0000] {processor.py:154} INFO - Started process (PID=739) to work on /home/airflow/.local/lib/python3.7/site-packages/airflow/example_dags/tutorial_dag.py
[2023-05-22T19:38:11.059+0000] {processor.py:756} INFO - Processing file /home/airflow/.local/lib/python3.7/site-packages/airflow/example_dags/tutorial_dag.py for tasks to queue
[2023-05-22T19:38:11.060+0000] {logging_mixin.py:120} INFO - [2023-05-22T19:38:11.060+0000] {dagbag.py:537} INFO - Filling up the DagBag from /home/airflow/.local/lib/python3.7/site-packages/airflow/example_dags/tutorial_dag.py
[2023-05-22T19:38:11.070+0000] {processor.py:766} INFO - DAG(s) dict_keys(['tutorial_dag']) retrieved from /home/airflow/.local/lib/python3.7/site-packages/airflow/example_dags/tutorial_dag.py
[2023-05-22T19:38:11.115+0000] {logging_mixin.py:120} INFO - [2023-05-22T19:38:11.115+0000] {dag.py:2585} INFO - Sync 1 DAGs
[2023-05-22T19:38:11.137+0000] {logging_mixin.py:120} INFO - [2023-05-22T19:38:11.137+0000] {dag.py:3340} INFO - Setting next_dagrun for tutorial_dag to None, run_after=None
[2023-05-22T19:38:11.153+0000] {processor.py:176} INFO - Processing /home/airflow/.local/lib/python3.7/site-packages/airflow/example_dags/tutorial_dag.py took 0.099 seconds
[2023-05-22T19:38:41.713+0000] {processor.py:154} INFO - Started process (PID=803) to work on /home/airflow/.local/lib/python3.7/site-packages/airflow/example_dags/tutorial_dag.py
[2023-05-22T19:38:41.714+0000] {processor.py:756} INFO - Processing file /home/airflow/.local/lib/python3.7/site-packages/airflow/example_dags/tutorial_dag.py for tasks to queue
[2023-05-22T19:38:41.715+0000] {logging_mixin.py:120} INFO - [2023-05-22T19:38:41.715+0000] {dagbag.py:537} INFO - Filling up the DagBag from /home/airflow/.local/lib/python3.7/site-packages/airflow/example_dags/tutorial_dag.py
[2023-05-22T19:38:41.725+0000] {processor.py:766} INFO - DAG(s) dict_keys(['tutorial_dag']) retrieved from /home/airflow/.local/lib/python3.7/site-packages/airflow/example_dags/tutorial_dag.py
[2023-05-22T19:38:41.763+0000] {logging_mixin.py:120} INFO - [2023-05-22T19:38:41.763+0000] {dag.py:2585} INFO - Sync 1 DAGs
[2023-05-22T19:38:41.783+0000] {logging_mixin.py:120} INFO - [2023-05-22T19:38:41.783+0000] {dag.py:3340} INFO - Setting next_dagrun for tutorial_dag to None, run_after=None
[2023-05-22T19:38:41.796+0000] {processor.py:176} INFO - Processing /home/airflow/.local/lib/python3.7/site-packages/airflow/example_dags/tutorial_dag.py took 0.086 seconds
[2023-05-22T19:39:12.323+0000] {processor.py:154} INFO - Started process (PID=857) to work on /home/airflow/.local/lib/python3.7/site-packages/airflow/example_dags/tutorial_dag.py
[2023-05-22T19:39:12.324+0000] {processor.py:756} INFO - Processing file /home/airflow/.local/lib/python3.7/site-packages/airflow/example_dags/tutorial_dag.py for tasks to queue
[2023-05-22T19:39:12.325+0000] {logging_mixin.py:120} INFO - [2023-05-22T19:39:12.325+0000] {dagbag.py:537} INFO - Filling up the DagBag from /home/airflow/.local/lib/python3.7/site-packages/airflow/example_dags/tutorial_dag.py
[2023-05-22T19:39:12.335+0000] {processor.py:766} INFO - DAG(s) dict_keys(['tutorial_dag']) retrieved from /home/airflow/.local/lib/python3.7/site-packages/airflow/example_dags/tutorial_dag.py
[2023-05-22T19:39:12.365+0000] {logging_mixin.py:120} INFO - [2023-05-22T19:39:12.365+0000] {dag.py:2585} INFO - Sync 1 DAGs
[2023-05-22T19:39:12.380+0000] {logging_mixin.py:120} INFO - [2023-05-22T19:39:12.380+0000] {dag.py:3340} INFO - Setting next_dagrun for tutorial_dag to None, run_after=None
[2023-05-22T19:39:12.392+0000] {processor.py:176} INFO - Processing /home/airflow/.local/lib/python3.7/site-packages/airflow/example_dags/tutorial_dag.py took 0.071 seconds
[2023-05-22T19:39:42.721+0000] {processor.py:154} INFO - Started process (PID=920) to work on /home/airflow/.local/lib/python3.7/site-packages/airflow/example_dags/tutorial_dag.py
[2023-05-22T19:39:42.722+0000] {processor.py:756} INFO - Processing file /home/airflow/.local/lib/python3.7/site-packages/airflow/example_dags/tutorial_dag.py for tasks to queue
[2023-05-22T19:39:42.723+0000] {logging_mixin.py:120} INFO - [2023-05-22T19:39:42.723+0000] {dagbag.py:537} INFO - Filling up the DagBag from /home/airflow/.local/lib/python3.7/site-packages/airflow/example_dags/tutorial_dag.py
[2023-05-22T19:39:42.734+0000] {processor.py:766} INFO - DAG(s) dict_keys(['tutorial_dag']) retrieved from /home/airflow/.local/lib/python3.7/site-packages/airflow/example_dags/tutorial_dag.py
[2023-05-22T19:39:42.764+0000] {logging_mixin.py:120} INFO - [2023-05-22T19:39:42.764+0000] {dag.py:2585} INFO - Sync 1 DAGs
[2023-05-22T19:39:42.780+0000] {logging_mixin.py:120} INFO - [2023-05-22T19:39:42.780+0000] {dag.py:3340} INFO - Setting next_dagrun for tutorial_dag to None, run_after=None
[2023-05-22T19:39:42.794+0000] {processor.py:176} INFO - Processing /home/airflow/.local/lib/python3.7/site-packages/airflow/example_dags/tutorial_dag.py took 0.075 seconds
[2023-05-22T19:40:13.335+0000] {processor.py:154} INFO - Started process (PID=982) to work on /home/airflow/.local/lib/python3.7/site-packages/airflow/example_dags/tutorial_dag.py
[2023-05-22T19:40:13.336+0000] {processor.py:756} INFO - Processing file /home/airflow/.local/lib/python3.7/site-packages/airflow/example_dags/tutorial_dag.py for tasks to queue
[2023-05-22T19:40:13.337+0000] {logging_mixin.py:120} INFO - [2023-05-22T19:40:13.337+0000] {dagbag.py:537} INFO - Filling up the DagBag from /home/airflow/.local/lib/python3.7/site-packages/airflow/example_dags/tutorial_dag.py
[2023-05-22T19:40:13.346+0000] {processor.py:766} INFO - DAG(s) dict_keys(['tutorial_dag']) retrieved from /home/airflow/.local/lib/python3.7/site-packages/airflow/example_dags/tutorial_dag.py
[2023-05-22T19:40:13.375+0000] {logging_mixin.py:120} INFO - [2023-05-22T19:40:13.375+0000] {dag.py:2585} INFO - Sync 1 DAGs
[2023-05-22T19:40:13.391+0000] {logging_mixin.py:120} INFO - [2023-05-22T19:40:13.391+0000] {dag.py:3340} INFO - Setting next_dagrun for tutorial_dag to None, run_after=None
[2023-05-22T19:40:13.403+0000] {processor.py:176} INFO - Processing /home/airflow/.local/lib/python3.7/site-packages/airflow/example_dags/tutorial_dag.py took 0.071 seconds
[2023-05-22T19:40:43.782+0000] {processor.py:154} INFO - Started process (PID=1045) to work on /home/airflow/.local/lib/python3.7/site-packages/airflow/example_dags/tutorial_dag.py
[2023-05-22T19:40:43.783+0000] {processor.py:756} INFO - Processing file /home/airflow/.local/lib/python3.7/site-packages/airflow/example_dags/tutorial_dag.py for tasks to queue
[2023-05-22T19:40:43.784+0000] {logging_mixin.py:120} INFO - [2023-05-22T19:40:43.784+0000] {dagbag.py:537} INFO - Filling up the DagBag from /home/airflow/.local/lib/python3.7/site-packages/airflow/example_dags/tutorial_dag.py
[2023-05-22T19:40:43.793+0000] {processor.py:766} INFO - DAG(s) dict_keys(['tutorial_dag']) retrieved from /home/airflow/.local/lib/python3.7/site-packages/airflow/example_dags/tutorial_dag.py
[2023-05-22T19:40:43.827+0000] {logging_mixin.py:120} INFO - [2023-05-22T19:40:43.827+0000] {dag.py:2585} INFO - Sync 1 DAGs
[2023-05-22T19:40:43.843+0000] {logging_mixin.py:120} INFO - [2023-05-22T19:40:43.843+0000] {dag.py:3340} INFO - Setting next_dagrun for tutorial_dag to None, run_after=None
[2023-05-22T19:40:43.857+0000] {processor.py:176} INFO - Processing /home/airflow/.local/lib/python3.7/site-packages/airflow/example_dags/tutorial_dag.py took 0.077 seconds
[2023-05-22T19:41:14.283+0000] {processor.py:154} INFO - Started process (PID=1108) to work on /home/airflow/.local/lib/python3.7/site-packages/airflow/example_dags/tutorial_dag.py
[2023-05-22T19:41:14.284+0000] {processor.py:756} INFO - Processing file /home/airflow/.local/lib/python3.7/site-packages/airflow/example_dags/tutorial_dag.py for tasks to queue
[2023-05-22T19:41:14.285+0000] {logging_mixin.py:120} INFO - [2023-05-22T19:41:14.285+0000] {dagbag.py:537} INFO - Filling up the DagBag from /home/airflow/.local/lib/python3.7/site-packages/airflow/example_dags/tutorial_dag.py
[2023-05-22T19:41:14.294+0000] {processor.py:766} INFO - DAG(s) dict_keys(['tutorial_dag']) retrieved from /home/airflow/.local/lib/python3.7/site-packages/airflow/example_dags/tutorial_dag.py
[2023-05-22T19:41:14.324+0000] {logging_mixin.py:120} INFO - [2023-05-22T19:41:14.324+0000] {dag.py:2585} INFO - Sync 1 DAGs
[2023-05-22T19:41:14.342+0000] {logging_mixin.py:120} INFO - [2023-05-22T19:41:14.342+0000] {dag.py:3340} INFO - Setting next_dagrun for tutorial_dag to None, run_after=None
[2023-05-22T19:41:14.353+0000] {processor.py:176} INFO - Processing /home/airflow/.local/lib/python3.7/site-packages/airflow/example_dags/tutorial_dag.py took 0.073 seconds
[2023-05-22T19:41:44.937+0000] {processor.py:154} INFO - Started process (PID=1172) to work on /home/airflow/.local/lib/python3.7/site-packages/airflow/example_dags/tutorial_dag.py
[2023-05-22T19:41:44.939+0000] {processor.py:756} INFO - Processing file /home/airflow/.local/lib/python3.7/site-packages/airflow/example_dags/tutorial_dag.py for tasks to queue
[2023-05-22T19:41:44.940+0000] {logging_mixin.py:120} INFO - [2023-05-22T19:41:44.939+0000] {dagbag.py:537} INFO - Filling up the DagBag from /home/airflow/.local/lib/python3.7/site-packages/airflow/example_dags/tutorial_dag.py
[2023-05-22T19:41:44.952+0000] {processor.py:766} INFO - DAG(s) dict_keys(['tutorial_dag']) retrieved from /home/airflow/.local/lib/python3.7/site-packages/airflow/example_dags/tutorial_dag.py
[2023-05-22T19:41:44.985+0000] {logging_mixin.py:120} INFO - [2023-05-22T19:41:44.985+0000] {dag.py:2585} INFO - Sync 1 DAGs
[2023-05-22T19:41:45.003+0000] {logging_mixin.py:120} INFO - [2023-05-22T19:41:45.003+0000] {dag.py:3340} INFO - Setting next_dagrun for tutorial_dag to None, run_after=None
[2023-05-22T19:41:45.017+0000] {processor.py:176} INFO - Processing /home/airflow/.local/lib/python3.7/site-packages/airflow/example_dags/tutorial_dag.py took 0.083 seconds
[2023-05-22T19:42:15.426+0000] {processor.py:154} INFO - Started process (PID=1232) to work on /home/airflow/.local/lib/python3.7/site-packages/airflow/example_dags/tutorial_dag.py
[2023-05-22T19:42:15.428+0000] {processor.py:756} INFO - Processing file /home/airflow/.local/lib/python3.7/site-packages/airflow/example_dags/tutorial_dag.py for tasks to queue
[2023-05-22T19:42:15.429+0000] {logging_mixin.py:120} INFO - [2023-05-22T19:42:15.429+0000] {dagbag.py:537} INFO - Filling up the DagBag from /home/airflow/.local/lib/python3.7/site-packages/airflow/example_dags/tutorial_dag.py
[2023-05-22T19:42:15.439+0000] {processor.py:766} INFO - DAG(s) dict_keys(['tutorial_dag']) retrieved from /home/airflow/.local/lib/python3.7/site-packages/airflow/example_dags/tutorial_dag.py
[2023-05-22T19:42:15.477+0000] {logging_mixin.py:120} INFO - [2023-05-22T19:42:15.477+0000] {dag.py:2585} INFO - Sync 1 DAGs
[2023-05-22T19:42:15.498+0000] {logging_mixin.py:120} INFO - [2023-05-22T19:42:15.498+0000] {dag.py:3340} INFO - Setting next_dagrun for tutorial_dag to None, run_after=None
[2023-05-22T19:42:15.517+0000] {processor.py:176} INFO - Processing /home/airflow/.local/lib/python3.7/site-packages/airflow/example_dags/tutorial_dag.py took 0.094 seconds
[2023-05-22T19:42:45.817+0000] {processor.py:154} INFO - Started process (PID=1296) to work on /home/airflow/.local/lib/python3.7/site-packages/airflow/example_dags/tutorial_dag.py
[2023-05-22T19:42:45.819+0000] {processor.py:756} INFO - Processing file /home/airflow/.local/lib/python3.7/site-packages/airflow/example_dags/tutorial_dag.py for tasks to queue
[2023-05-22T19:42:45.820+0000] {logging_mixin.py:120} INFO - [2023-05-22T19:42:45.820+0000] {dagbag.py:537} INFO - Filling up the DagBag from /home/airflow/.local/lib/python3.7/site-packages/airflow/example_dags/tutorial_dag.py
[2023-05-22T19:42:45.830+0000] {processor.py:766} INFO - DAG(s) dict_keys(['tutorial_dag']) retrieved from /home/airflow/.local/lib/python3.7/site-packages/airflow/example_dags/tutorial_dag.py
[2023-05-22T19:42:45.862+0000] {logging_mixin.py:120} INFO - [2023-05-22T19:42:45.862+0000] {dag.py:2585} INFO - Sync 1 DAGs
[2023-05-22T19:42:45.878+0000] {logging_mixin.py:120} INFO - [2023-05-22T19:42:45.878+0000] {dag.py:3340} INFO - Setting next_dagrun for tutorial_dag to None, run_after=None
[2023-05-22T19:42:45.890+0000] {processor.py:176} INFO - Processing /home/airflow/.local/lib/python3.7/site-packages/airflow/example_dags/tutorial_dag.py took 0.077 seconds
[2023-05-22T19:43:16.458+0000] {processor.py:154} INFO - Started process (PID=1358) to work on /home/airflow/.local/lib/python3.7/site-packages/airflow/example_dags/tutorial_dag.py
[2023-05-22T19:43:16.459+0000] {processor.py:756} INFO - Processing file /home/airflow/.local/lib/python3.7/site-packages/airflow/example_dags/tutorial_dag.py for tasks to queue
[2023-05-22T19:43:16.460+0000] {logging_mixin.py:120} INFO - [2023-05-22T19:43:16.460+0000] {dagbag.py:537} INFO - Filling up the DagBag from /home/airflow/.local/lib/python3.7/site-packages/airflow/example_dags/tutorial_dag.py
[2023-05-22T19:43:16.469+0000] {processor.py:766} INFO - DAG(s) dict_keys(['tutorial_dag']) retrieved from /home/airflow/.local/lib/python3.7/site-packages/airflow/example_dags/tutorial_dag.py
[2023-05-22T19:43:16.499+0000] {logging_mixin.py:120} INFO - [2023-05-22T19:43:16.499+0000] {dag.py:2585} INFO - Sync 1 DAGs
[2023-05-22T19:43:16.515+0000] {logging_mixin.py:120} INFO - [2023-05-22T19:43:16.515+0000] {dag.py:3340} INFO - Setting next_dagrun for tutorial_dag to None, run_after=None
[2023-05-22T19:43:16.527+0000] {processor.py:176} INFO - Processing /home/airflow/.local/lib/python3.7/site-packages/airflow/example_dags/tutorial_dag.py took 0.073 seconds
[2023-05-22T19:43:46.632+0000] {processor.py:154} INFO - Started process (PID=1421) to work on /home/airflow/.local/lib/python3.7/site-packages/airflow/example_dags/tutorial_dag.py
[2023-05-22T19:43:46.634+0000] {processor.py:756} INFO - Processing file /home/airflow/.local/lib/python3.7/site-packages/airflow/example_dags/tutorial_dag.py for tasks to queue
[2023-05-22T19:43:46.635+0000] {logging_mixin.py:120} INFO - [2023-05-22T19:43:46.635+0000] {dagbag.py:537} INFO - Filling up the DagBag from /home/airflow/.local/lib/python3.7/site-packages/airflow/example_dags/tutorial_dag.py
[2023-05-22T19:43:46.646+0000] {processor.py:766} INFO - DAG(s) dict_keys(['tutorial_dag']) retrieved from /home/airflow/.local/lib/python3.7/site-packages/airflow/example_dags/tutorial_dag.py
[2023-05-22T19:43:46.678+0000] {logging_mixin.py:120} INFO - [2023-05-22T19:43:46.678+0000] {dag.py:2585} INFO - Sync 1 DAGs
[2023-05-22T19:43:46.697+0000] {logging_mixin.py:120} INFO - [2023-05-22T19:43:46.697+0000] {dag.py:3340} INFO - Setting next_dagrun for tutorial_dag to None, run_after=None
[2023-05-22T19:43:46.712+0000] {processor.py:176} INFO - Processing /home/airflow/.local/lib/python3.7/site-packages/airflow/example_dags/tutorial_dag.py took 0.083 seconds
[2023-05-22T19:44:17.409+0000] {processor.py:154} INFO - Started process (PID=1484) to work on /home/airflow/.local/lib/python3.7/site-packages/airflow/example_dags/tutorial_dag.py
[2023-05-22T19:44:17.410+0000] {processor.py:756} INFO - Processing file /home/airflow/.local/lib/python3.7/site-packages/airflow/example_dags/tutorial_dag.py for tasks to queue
[2023-05-22T19:44:17.411+0000] {logging_mixin.py:120} INFO - [2023-05-22T19:44:17.411+0000] {dagbag.py:537} INFO - Filling up the DagBag from /home/airflow/.local/lib/python3.7/site-packages/airflow/example_dags/tutorial_dag.py
[2023-05-22T19:44:17.421+0000] {processor.py:766} INFO - DAG(s) dict_keys(['tutorial_dag']) retrieved from /home/airflow/.local/lib/python3.7/site-packages/airflow/example_dags/tutorial_dag.py
[2023-05-22T19:44:17.458+0000] {logging_mixin.py:120} INFO - [2023-05-22T19:44:17.458+0000] {dag.py:2585} INFO - Sync 1 DAGs
[2023-05-22T19:44:17.482+0000] {logging_mixin.py:120} INFO - [2023-05-22T19:44:17.482+0000] {dag.py:3340} INFO - Setting next_dagrun for tutorial_dag to None, run_after=None
[2023-05-22T19:44:17.498+0000] {processor.py:176} INFO - Processing /home/airflow/.local/lib/python3.7/site-packages/airflow/example_dags/tutorial_dag.py took 0.092 seconds
[2023-05-22T19:44:48.112+0000] {processor.py:154} INFO - Started process (PID=1547) to work on /home/airflow/.local/lib/python3.7/site-packages/airflow/example_dags/tutorial_dag.py
[2023-05-22T19:44:48.116+0000] {processor.py:756} INFO - Processing file /home/airflow/.local/lib/python3.7/site-packages/airflow/example_dags/tutorial_dag.py for tasks to queue
[2023-05-22T19:44:48.116+0000] {logging_mixin.py:120} INFO - [2023-05-22T19:44:48.116+0000] {dagbag.py:537} INFO - Filling up the DagBag from /home/airflow/.local/lib/python3.7/site-packages/airflow/example_dags/tutorial_dag.py
[2023-05-22T19:44:48.127+0000] {processor.py:766} INFO - DAG(s) dict_keys(['tutorial_dag']) retrieved from /home/airflow/.local/lib/python3.7/site-packages/airflow/example_dags/tutorial_dag.py
[2023-05-22T19:44:48.161+0000] {logging_mixin.py:120} INFO - [2023-05-22T19:44:48.161+0000] {dag.py:2585} INFO - Sync 1 DAGs
[2023-05-22T19:44:48.179+0000] {logging_mixin.py:120} INFO - [2023-05-22T19:44:48.179+0000] {dag.py:3340} INFO - Setting next_dagrun for tutorial_dag to None, run_after=None
[2023-05-22T19:44:48.191+0000] {processor.py:176} INFO - Processing /home/airflow/.local/lib/python3.7/site-packages/airflow/example_dags/tutorial_dag.py took 0.082 seconds
[2023-05-22T19:45:18.744+0000] {processor.py:154} INFO - Started process (PID=1601) to work on /home/airflow/.local/lib/python3.7/site-packages/airflow/example_dags/tutorial_dag.py
[2023-05-22T19:45:18.745+0000] {processor.py:756} INFO - Processing file /home/airflow/.local/lib/python3.7/site-packages/airflow/example_dags/tutorial_dag.py for tasks to queue
[2023-05-22T19:45:18.746+0000] {logging_mixin.py:120} INFO - [2023-05-22T19:45:18.746+0000] {dagbag.py:537} INFO - Filling up the DagBag from /home/airflow/.local/lib/python3.7/site-packages/airflow/example_dags/tutorial_dag.py
[2023-05-22T19:45:18.756+0000] {processor.py:766} INFO - DAG(s) dict_keys(['tutorial_dag']) retrieved from /home/airflow/.local/lib/python3.7/site-packages/airflow/example_dags/tutorial_dag.py
[2023-05-22T19:45:18.787+0000] {logging_mixin.py:120} INFO - [2023-05-22T19:45:18.787+0000] {dag.py:2585} INFO - Sync 1 DAGs
[2023-05-22T19:45:18.803+0000] {logging_mixin.py:120} INFO - [2023-05-22T19:45:18.803+0000] {dag.py:3340} INFO - Setting next_dagrun for tutorial_dag to None, run_after=None
[2023-05-22T19:45:18.819+0000] {processor.py:176} INFO - Processing /home/airflow/.local/lib/python3.7/site-packages/airflow/example_dags/tutorial_dag.py took 0.078 seconds
[2023-05-22T19:45:49.272+0000] {processor.py:154} INFO - Started process (PID=1664) to work on /home/airflow/.local/lib/python3.7/site-packages/airflow/example_dags/tutorial_dag.py
[2023-05-22T19:45:49.273+0000] {processor.py:756} INFO - Processing file /home/airflow/.local/lib/python3.7/site-packages/airflow/example_dags/tutorial_dag.py for tasks to queue
[2023-05-22T19:45:49.274+0000] {logging_mixin.py:120} INFO - [2023-05-22T19:45:49.274+0000] {dagbag.py:537} INFO - Filling up the DagBag from /home/airflow/.local/lib/python3.7/site-packages/airflow/example_dags/tutorial_dag.py
[2023-05-22T19:45:49.283+0000] {processor.py:766} INFO - DAG(s) dict_keys(['tutorial_dag']) retrieved from /home/airflow/.local/lib/python3.7/site-packages/airflow/example_dags/tutorial_dag.py
[2023-05-22T19:45:49.314+0000] {logging_mixin.py:120} INFO - [2023-05-22T19:45:49.314+0000] {dag.py:2585} INFO - Sync 1 DAGs
[2023-05-22T19:45:49.330+0000] {logging_mixin.py:120} INFO - [2023-05-22T19:45:49.330+0000] {dag.py:3340} INFO - Setting next_dagrun for tutorial_dag to None, run_after=None
[2023-05-22T19:45:49.345+0000] {processor.py:176} INFO - Processing /home/airflow/.local/lib/python3.7/site-packages/airflow/example_dags/tutorial_dag.py took 0.076 seconds
[2023-05-22T19:46:19.730+0000] {processor.py:154} INFO - Started process (PID=1726) to work on /home/airflow/.local/lib/python3.7/site-packages/airflow/example_dags/tutorial_dag.py
[2023-05-22T19:46:19.731+0000] {processor.py:756} INFO - Processing file /home/airflow/.local/lib/python3.7/site-packages/airflow/example_dags/tutorial_dag.py for tasks to queue
[2023-05-22T19:46:19.732+0000] {logging_mixin.py:120} INFO - [2023-05-22T19:46:19.732+0000] {dagbag.py:537} INFO - Filling up the DagBag from /home/airflow/.local/lib/python3.7/site-packages/airflow/example_dags/tutorial_dag.py
[2023-05-22T19:46:19.742+0000] {processor.py:766} INFO - DAG(s) dict_keys(['tutorial_dag']) retrieved from /home/airflow/.local/lib/python3.7/site-packages/airflow/example_dags/tutorial_dag.py
[2023-05-22T19:46:19.776+0000] {logging_mixin.py:120} INFO - [2023-05-22T19:46:19.776+0000] {dag.py:2585} INFO - Sync 1 DAGs
[2023-05-22T19:46:19.804+0000] {logging_mixin.py:120} INFO - [2023-05-22T19:46:19.804+0000] {dag.py:3340} INFO - Setting next_dagrun for tutorial_dag to None, run_after=None
[2023-05-22T19:46:19.816+0000] {processor.py:176} INFO - Processing /home/airflow/.local/lib/python3.7/site-packages/airflow/example_dags/tutorial_dag.py took 0.089 seconds
[2023-05-22T19:46:50.446+0000] {processor.py:154} INFO - Started process (PID=1790) to work on /home/airflow/.local/lib/python3.7/site-packages/airflow/example_dags/tutorial_dag.py
[2023-05-22T19:46:50.448+0000] {processor.py:756} INFO - Processing file /home/airflow/.local/lib/python3.7/site-packages/airflow/example_dags/tutorial_dag.py for tasks to queue
[2023-05-22T19:46:50.449+0000] {logging_mixin.py:120} INFO - [2023-05-22T19:46:50.449+0000] {dagbag.py:537} INFO - Filling up the DagBag from /home/airflow/.local/lib/python3.7/site-packages/airflow/example_dags/tutorial_dag.py
[2023-05-22T19:46:50.460+0000] {processor.py:766} INFO - DAG(s) dict_keys(['tutorial_dag']) retrieved from /home/airflow/.local/lib/python3.7/site-packages/airflow/example_dags/tutorial_dag.py
[2023-05-22T19:46:50.500+0000] {logging_mixin.py:120} INFO - [2023-05-22T19:46:50.500+0000] {dag.py:2585} INFO - Sync 1 DAGs
[2023-05-22T19:46:50.516+0000] {logging_mixin.py:120} INFO - [2023-05-22T19:46:50.516+0000] {dag.py:3340} INFO - Setting next_dagrun for tutorial_dag to None, run_after=None
[2023-05-22T19:46:50.529+0000] {processor.py:176} INFO - Processing /home/airflow/.local/lib/python3.7/site-packages/airflow/example_dags/tutorial_dag.py took 0.085 seconds
[2023-05-22T19:47:21.078+0000] {processor.py:154} INFO - Started process (PID=1854) to work on /home/airflow/.local/lib/python3.7/site-packages/airflow/example_dags/tutorial_dag.py
[2023-05-22T19:47:21.079+0000] {processor.py:756} INFO - Processing file /home/airflow/.local/lib/python3.7/site-packages/airflow/example_dags/tutorial_dag.py for tasks to queue
[2023-05-22T19:47:21.080+0000] {logging_mixin.py:120} INFO - [2023-05-22T19:47:21.080+0000] {dagbag.py:537} INFO - Filling up the DagBag from /home/airflow/.local/lib/python3.7/site-packages/airflow/example_dags/tutorial_dag.py
[2023-05-22T19:47:21.090+0000] {processor.py:766} INFO - DAG(s) dict_keys(['tutorial_dag']) retrieved from /home/airflow/.local/lib/python3.7/site-packages/airflow/example_dags/tutorial_dag.py
[2023-05-22T19:47:21.122+0000] {logging_mixin.py:120} INFO - [2023-05-22T19:47:21.121+0000] {dag.py:2585} INFO - Sync 1 DAGs
[2023-05-22T19:47:21.139+0000] {logging_mixin.py:120} INFO - [2023-05-22T19:47:21.139+0000] {dag.py:3340} INFO - Setting next_dagrun for tutorial_dag to None, run_after=None
[2023-05-22T19:47:21.153+0000] {processor.py:176} INFO - Processing /home/airflow/.local/lib/python3.7/site-packages/airflow/example_dags/tutorial_dag.py took 0.077 seconds
[2023-05-22T19:47:51.718+0000] {processor.py:154} INFO - Started process (PID=1917) to work on /home/airflow/.local/lib/python3.7/site-packages/airflow/example_dags/tutorial_dag.py
[2023-05-22T19:47:51.719+0000] {processor.py:756} INFO - Processing file /home/airflow/.local/lib/python3.7/site-packages/airflow/example_dags/tutorial_dag.py for tasks to queue
[2023-05-22T19:47:51.720+0000] {logging_mixin.py:120} INFO - [2023-05-22T19:47:51.720+0000] {dagbag.py:537} INFO - Filling up the DagBag from /home/airflow/.local/lib/python3.7/site-packages/airflow/example_dags/tutorial_dag.py
[2023-05-22T19:47:51.730+0000] {processor.py:766} INFO - DAG(s) dict_keys(['tutorial_dag']) retrieved from /home/airflow/.local/lib/python3.7/site-packages/airflow/example_dags/tutorial_dag.py
[2023-05-22T19:47:51.762+0000] {logging_mixin.py:120} INFO - [2023-05-22T19:47:51.762+0000] {dag.py:2585} INFO - Sync 1 DAGs
[2023-05-22T19:47:51.779+0000] {logging_mixin.py:120} INFO - [2023-05-22T19:47:51.779+0000] {dag.py:3340} INFO - Setting next_dagrun for tutorial_dag to None, run_after=None
[2023-05-22T19:47:51.792+0000] {processor.py:176} INFO - Processing /home/airflow/.local/lib/python3.7/site-packages/airflow/example_dags/tutorial_dag.py took 0.077 seconds
[2023-05-22T19:48:22.370+0000] {processor.py:154} INFO - Started process (PID=1971) to work on /home/airflow/.local/lib/python3.7/site-packages/airflow/example_dags/tutorial_dag.py
[2023-05-22T19:48:22.372+0000] {processor.py:756} INFO - Processing file /home/airflow/.local/lib/python3.7/site-packages/airflow/example_dags/tutorial_dag.py for tasks to queue
[2023-05-22T19:48:22.373+0000] {logging_mixin.py:120} INFO - [2023-05-22T19:48:22.373+0000] {dagbag.py:537} INFO - Filling up the DagBag from /home/airflow/.local/lib/python3.7/site-packages/airflow/example_dags/tutorial_dag.py
[2023-05-22T19:48:22.382+0000] {processor.py:766} INFO - DAG(s) dict_keys(['tutorial_dag']) retrieved from /home/airflow/.local/lib/python3.7/site-packages/airflow/example_dags/tutorial_dag.py
[2023-05-22T19:48:22.413+0000] {logging_mixin.py:120} INFO - [2023-05-22T19:48:22.413+0000] {dag.py:2585} INFO - Sync 1 DAGs
[2023-05-22T19:48:22.433+0000] {logging_mixin.py:120} INFO - [2023-05-22T19:48:22.432+0000] {dag.py:3340} INFO - Setting next_dagrun for tutorial_dag to None, run_after=None
[2023-05-22T19:48:22.447+0000] {processor.py:176} INFO - Processing /home/airflow/.local/lib/python3.7/site-packages/airflow/example_dags/tutorial_dag.py took 0.080 seconds
[2023-05-22T19:48:52.963+0000] {processor.py:154} INFO - Started process (PID=2033) to work on /home/airflow/.local/lib/python3.7/site-packages/airflow/example_dags/tutorial_dag.py
[2023-05-22T19:48:52.964+0000] {processor.py:756} INFO - Processing file /home/airflow/.local/lib/python3.7/site-packages/airflow/example_dags/tutorial_dag.py for tasks to queue
[2023-05-22T19:48:52.965+0000] {logging_mixin.py:120} INFO - [2023-05-22T19:48:52.965+0000] {dagbag.py:537} INFO - Filling up the DagBag from /home/airflow/.local/lib/python3.7/site-packages/airflow/example_dags/tutorial_dag.py
[2023-05-22T19:48:52.976+0000] {processor.py:766} INFO - DAG(s) dict_keys(['tutorial_dag']) retrieved from /home/airflow/.local/lib/python3.7/site-packages/airflow/example_dags/tutorial_dag.py
[2023-05-22T19:48:53.006+0000] {logging_mixin.py:120} INFO - [2023-05-22T19:48:53.006+0000] {dag.py:2585} INFO - Sync 1 DAGs
[2023-05-22T19:48:53.022+0000] {logging_mixin.py:120} INFO - [2023-05-22T19:48:53.022+0000] {dag.py:3340} INFO - Setting next_dagrun for tutorial_dag to None, run_after=None
[2023-05-22T19:48:53.034+0000] {processor.py:176} INFO - Processing /home/airflow/.local/lib/python3.7/site-packages/airflow/example_dags/tutorial_dag.py took 0.073 seconds
[2023-05-22T19:49:23.416+0000] {processor.py:154} INFO - Started process (PID=2096) to work on /home/airflow/.local/lib/python3.7/site-packages/airflow/example_dags/tutorial_dag.py
[2023-05-22T19:49:23.417+0000] {processor.py:756} INFO - Processing file /home/airflow/.local/lib/python3.7/site-packages/airflow/example_dags/tutorial_dag.py for tasks to queue
[2023-05-22T19:49:23.418+0000] {logging_mixin.py:120} INFO - [2023-05-22T19:49:23.418+0000] {dagbag.py:537} INFO - Filling up the DagBag from /home/airflow/.local/lib/python3.7/site-packages/airflow/example_dags/tutorial_dag.py
[2023-05-22T19:49:23.428+0000] {processor.py:766} INFO - DAG(s) dict_keys(['tutorial_dag']) retrieved from /home/airflow/.local/lib/python3.7/site-packages/airflow/example_dags/tutorial_dag.py
[2023-05-22T19:49:23.466+0000] {logging_mixin.py:120} INFO - [2023-05-22T19:49:23.466+0000] {dag.py:2585} INFO - Sync 1 DAGs
[2023-05-22T19:49:23.483+0000] {logging_mixin.py:120} INFO - [2023-05-22T19:49:23.483+0000] {dag.py:3340} INFO - Setting next_dagrun for tutorial_dag to None, run_after=None
[2023-05-22T19:49:23.497+0000] {processor.py:176} INFO - Processing /home/airflow/.local/lib/python3.7/site-packages/airflow/example_dags/tutorial_dag.py took 0.084 seconds
[2023-05-22T19:49:54.178+0000] {processor.py:154} INFO - Started process (PID=2159) to work on /home/airflow/.local/lib/python3.7/site-packages/airflow/example_dags/tutorial_dag.py
[2023-05-22T19:49:54.179+0000] {processor.py:756} INFO - Processing file /home/airflow/.local/lib/python3.7/site-packages/airflow/example_dags/tutorial_dag.py for tasks to queue
[2023-05-22T19:49:54.180+0000] {logging_mixin.py:120} INFO - [2023-05-22T19:49:54.180+0000] {dagbag.py:537} INFO - Filling up the DagBag from /home/airflow/.local/lib/python3.7/site-packages/airflow/example_dags/tutorial_dag.py
[2023-05-22T19:49:54.192+0000] {processor.py:766} INFO - DAG(s) dict_keys(['tutorial_dag']) retrieved from /home/airflow/.local/lib/python3.7/site-packages/airflow/example_dags/tutorial_dag.py
[2023-05-22T19:49:54.234+0000] {logging_mixin.py:120} INFO - [2023-05-22T19:49:54.234+0000] {dag.py:2585} INFO - Sync 1 DAGs
[2023-05-22T19:49:54.251+0000] {logging_mixin.py:120} INFO - [2023-05-22T19:49:54.251+0000] {dag.py:3340} INFO - Setting next_dagrun for tutorial_dag to None, run_after=None
[2023-05-22T19:49:54.266+0000] {processor.py:176} INFO - Processing /home/airflow/.local/lib/python3.7/site-packages/airflow/example_dags/tutorial_dag.py took 0.093 seconds
[2023-05-22T19:50:24.860+0000] {processor.py:154} INFO - Started process (PID=2223) to work on /home/airflow/.local/lib/python3.7/site-packages/airflow/example_dags/tutorial_dag.py
[2023-05-22T19:50:24.863+0000] {processor.py:756} INFO - Processing file /home/airflow/.local/lib/python3.7/site-packages/airflow/example_dags/tutorial_dag.py for tasks to queue
[2023-05-22T19:50:24.864+0000] {logging_mixin.py:120} INFO - [2023-05-22T19:50:24.864+0000] {dagbag.py:537} INFO - Filling up the DagBag from /home/airflow/.local/lib/python3.7/site-packages/airflow/example_dags/tutorial_dag.py
[2023-05-22T19:50:24.878+0000] {processor.py:766} INFO - DAG(s) dict_keys(['tutorial_dag']) retrieved from /home/airflow/.local/lib/python3.7/site-packages/airflow/example_dags/tutorial_dag.py
[2023-05-22T19:50:24.921+0000] {logging_mixin.py:120} INFO - [2023-05-22T19:50:24.921+0000] {dag.py:2585} INFO - Sync 1 DAGs
[2023-05-22T19:50:24.947+0000] {logging_mixin.py:120} INFO - [2023-05-22T19:50:24.947+0000] {dag.py:3340} INFO - Setting next_dagrun for tutorial_dag to None, run_after=None
[2023-05-22T19:50:24.970+0000] {processor.py:176} INFO - Processing /home/airflow/.local/lib/python3.7/site-packages/airflow/example_dags/tutorial_dag.py took 0.113 seconds
[2023-05-22T19:50:55.592+0000] {processor.py:154} INFO - Started process (PID=2285) to work on /home/airflow/.local/lib/python3.7/site-packages/airflow/example_dags/tutorial_dag.py
[2023-05-22T19:50:55.593+0000] {processor.py:756} INFO - Processing file /home/airflow/.local/lib/python3.7/site-packages/airflow/example_dags/tutorial_dag.py for tasks to queue
[2023-05-22T19:50:55.594+0000] {logging_mixin.py:120} INFO - [2023-05-22T19:50:55.594+0000] {dagbag.py:537} INFO - Filling up the DagBag from /home/airflow/.local/lib/python3.7/site-packages/airflow/example_dags/tutorial_dag.py
[2023-05-22T19:50:55.604+0000] {processor.py:766} INFO - DAG(s) dict_keys(['tutorial_dag']) retrieved from /home/airflow/.local/lib/python3.7/site-packages/airflow/example_dags/tutorial_dag.py
[2023-05-22T19:50:55.637+0000] {logging_mixin.py:120} INFO - [2023-05-22T19:50:55.637+0000] {dag.py:2585} INFO - Sync 1 DAGs
[2023-05-22T19:50:55.654+0000] {logging_mixin.py:120} INFO - [2023-05-22T19:50:55.654+0000] {dag.py:3340} INFO - Setting next_dagrun for tutorial_dag to None, run_after=None
[2023-05-22T19:50:55.667+0000] {processor.py:176} INFO - Processing /home/airflow/.local/lib/python3.7/site-packages/airflow/example_dags/tutorial_dag.py took 0.079 seconds
[2023-05-22T19:51:26.270+0000] {processor.py:154} INFO - Started process (PID=2339) to work on /home/airflow/.local/lib/python3.7/site-packages/airflow/example_dags/tutorial_dag.py
[2023-05-22T19:51:26.272+0000] {processor.py:756} INFO - Processing file /home/airflow/.local/lib/python3.7/site-packages/airflow/example_dags/tutorial_dag.py for tasks to queue
[2023-05-22T19:51:26.273+0000] {logging_mixin.py:120} INFO - [2023-05-22T19:51:26.273+0000] {dagbag.py:537} INFO - Filling up the DagBag from /home/airflow/.local/lib/python3.7/site-packages/airflow/example_dags/tutorial_dag.py
[2023-05-22T19:51:26.283+0000] {processor.py:766} INFO - DAG(s) dict_keys(['tutorial_dag']) retrieved from /home/airflow/.local/lib/python3.7/site-packages/airflow/example_dags/tutorial_dag.py
[2023-05-22T19:51:26.315+0000] {logging_mixin.py:120} INFO - [2023-05-22T19:51:26.314+0000] {dag.py:2585} INFO - Sync 1 DAGs
[2023-05-22T19:51:26.331+0000] {logging_mixin.py:120} INFO - [2023-05-22T19:51:26.331+0000] {dag.py:3340} INFO - Setting next_dagrun for tutorial_dag to None, run_after=None
[2023-05-22T19:51:26.343+0000] {processor.py:176} INFO - Processing /home/airflow/.local/lib/python3.7/site-packages/airflow/example_dags/tutorial_dag.py took 0.076 seconds
[2023-05-22T19:51:56.678+0000] {processor.py:154} INFO - Started process (PID=2402) to work on /home/airflow/.local/lib/python3.7/site-packages/airflow/example_dags/tutorial_dag.py
[2023-05-22T19:51:56.680+0000] {processor.py:756} INFO - Processing file /home/airflow/.local/lib/python3.7/site-packages/airflow/example_dags/tutorial_dag.py for tasks to queue
[2023-05-22T19:51:56.680+0000] {logging_mixin.py:120} INFO - [2023-05-22T19:51:56.680+0000] {dagbag.py:537} INFO - Filling up the DagBag from /home/airflow/.local/lib/python3.7/site-packages/airflow/example_dags/tutorial_dag.py
[2023-05-22T19:51:56.690+0000] {processor.py:766} INFO - DAG(s) dict_keys(['tutorial_dag']) retrieved from /home/airflow/.local/lib/python3.7/site-packages/airflow/example_dags/tutorial_dag.py
[2023-05-22T19:51:56.720+0000] {logging_mixin.py:120} INFO - [2023-05-22T19:51:56.720+0000] {dag.py:2585} INFO - Sync 1 DAGs
[2023-05-22T19:51:56.739+0000] {logging_mixin.py:120} INFO - [2023-05-22T19:51:56.739+0000] {dag.py:3340} INFO - Setting next_dagrun for tutorial_dag to None, run_after=None
[2023-05-22T19:51:56.754+0000] {processor.py:176} INFO - Processing /home/airflow/.local/lib/python3.7/site-packages/airflow/example_dags/tutorial_dag.py took 0.078 seconds
[2023-05-22T19:52:27.237+0000] {processor.py:154} INFO - Started process (PID=2465) to work on /home/airflow/.local/lib/python3.7/site-packages/airflow/example_dags/tutorial_dag.py
[2023-05-22T19:52:27.238+0000] {processor.py:756} INFO - Processing file /home/airflow/.local/lib/python3.7/site-packages/airflow/example_dags/tutorial_dag.py for tasks to queue
[2023-05-22T19:52:27.239+0000] {logging_mixin.py:120} INFO - [2023-05-22T19:52:27.239+0000] {dagbag.py:537} INFO - Filling up the DagBag from /home/airflow/.local/lib/python3.7/site-packages/airflow/example_dags/tutorial_dag.py
[2023-05-22T19:52:27.249+0000] {processor.py:766} INFO - DAG(s) dict_keys(['tutorial_dag']) retrieved from /home/airflow/.local/lib/python3.7/site-packages/airflow/example_dags/tutorial_dag.py
[2023-05-22T19:52:27.283+0000] {logging_mixin.py:120} INFO - [2023-05-22T19:52:27.282+0000] {dag.py:2585} INFO - Sync 1 DAGs
[2023-05-22T19:52:27.300+0000] {logging_mixin.py:120} INFO - [2023-05-22T19:52:27.300+0000] {dag.py:3340} INFO - Setting next_dagrun for tutorial_dag to None, run_after=None
[2023-05-22T19:52:27.313+0000] {processor.py:176} INFO - Processing /home/airflow/.local/lib/python3.7/site-packages/airflow/example_dags/tutorial_dag.py took 0.079 seconds
[2023-05-22T19:52:57.702+0000] {processor.py:154} INFO - Started process (PID=2530) to work on /home/airflow/.local/lib/python3.7/site-packages/airflow/example_dags/tutorial_dag.py
[2023-05-22T19:52:57.703+0000] {processor.py:756} INFO - Processing file /home/airflow/.local/lib/python3.7/site-packages/airflow/example_dags/tutorial_dag.py for tasks to queue
[2023-05-22T19:52:57.704+0000] {logging_mixin.py:120} INFO - [2023-05-22T19:52:57.704+0000] {dagbag.py:537} INFO - Filling up the DagBag from /home/airflow/.local/lib/python3.7/site-packages/airflow/example_dags/tutorial_dag.py
[2023-05-22T19:52:57.716+0000] {processor.py:766} INFO - DAG(s) dict_keys(['tutorial_dag']) retrieved from /home/airflow/.local/lib/python3.7/site-packages/airflow/example_dags/tutorial_dag.py
[2023-05-22T19:52:57.748+0000] {logging_mixin.py:120} INFO - [2023-05-22T19:52:57.748+0000] {dag.py:2585} INFO - Sync 1 DAGs
[2023-05-22T19:52:57.766+0000] {logging_mixin.py:120} INFO - [2023-05-22T19:52:57.766+0000] {dag.py:3340} INFO - Setting next_dagrun for tutorial_dag to None, run_after=None
[2023-05-22T19:52:57.784+0000] {processor.py:176} INFO - Processing /home/airflow/.local/lib/python3.7/site-packages/airflow/example_dags/tutorial_dag.py took 0.085 seconds
[2023-05-22T19:53:28.415+0000] {processor.py:154} INFO - Started process (PID=2592) to work on /home/airflow/.local/lib/python3.7/site-packages/airflow/example_dags/tutorial_dag.py
[2023-05-22T19:53:28.416+0000] {processor.py:756} INFO - Processing file /home/airflow/.local/lib/python3.7/site-packages/airflow/example_dags/tutorial_dag.py for tasks to queue
[2023-05-22T19:53:28.417+0000] {logging_mixin.py:120} INFO - [2023-05-22T19:53:28.417+0000] {dagbag.py:537} INFO - Filling up the DagBag from /home/airflow/.local/lib/python3.7/site-packages/airflow/example_dags/tutorial_dag.py
[2023-05-22T19:53:28.428+0000] {processor.py:766} INFO - DAG(s) dict_keys(['tutorial_dag']) retrieved from /home/airflow/.local/lib/python3.7/site-packages/airflow/example_dags/tutorial_dag.py
[2023-05-22T19:53:28.462+0000] {logging_mixin.py:120} INFO - [2023-05-22T19:53:28.462+0000] {dag.py:2585} INFO - Sync 1 DAGs
[2023-05-22T19:53:28.478+0000] {logging_mixin.py:120} INFO - [2023-05-22T19:53:28.478+0000] {dag.py:3340} INFO - Setting next_dagrun for tutorial_dag to None, run_after=None
[2023-05-22T19:53:28.491+0000] {processor.py:176} INFO - Processing /home/airflow/.local/lib/python3.7/site-packages/airflow/example_dags/tutorial_dag.py took 0.079 seconds
[2023-05-22T19:53:58.985+0000] {processor.py:154} INFO - Started process (PID=2656) to work on /home/airflow/.local/lib/python3.7/site-packages/airflow/example_dags/tutorial_dag.py
[2023-05-22T19:53:58.986+0000] {processor.py:756} INFO - Processing file /home/airflow/.local/lib/python3.7/site-packages/airflow/example_dags/tutorial_dag.py for tasks to queue
[2023-05-22T19:53:58.987+0000] {logging_mixin.py:120} INFO - [2023-05-22T19:53:58.987+0000] {dagbag.py:537} INFO - Filling up the DagBag from /home/airflow/.local/lib/python3.7/site-packages/airflow/example_dags/tutorial_dag.py
[2023-05-22T19:53:58.998+0000] {processor.py:766} INFO - DAG(s) dict_keys(['tutorial_dag']) retrieved from /home/airflow/.local/lib/python3.7/site-packages/airflow/example_dags/tutorial_dag.py
[2023-05-22T19:53:59.027+0000] {logging_mixin.py:120} INFO - [2023-05-22T19:53:59.026+0000] {dag.py:2585} INFO - Sync 1 DAGs
[2023-05-22T19:53:59.043+0000] {logging_mixin.py:120} INFO - [2023-05-22T19:53:59.043+0000] {dag.py:3340} INFO - Setting next_dagrun for tutorial_dag to None, run_after=None
[2023-05-22T19:53:59.057+0000] {processor.py:176} INFO - Processing /home/airflow/.local/lib/python3.7/site-packages/airflow/example_dags/tutorial_dag.py took 0.075 seconds
[2023-05-22T19:54:29.402+0000] {processor.py:154} INFO - Started process (PID=2709) to work on /home/airflow/.local/lib/python3.7/site-packages/airflow/example_dags/tutorial_dag.py
[2023-05-22T19:54:29.404+0000] {processor.py:756} INFO - Processing file /home/airflow/.local/lib/python3.7/site-packages/airflow/example_dags/tutorial_dag.py for tasks to queue
[2023-05-22T19:54:29.404+0000] {logging_mixin.py:120} INFO - [2023-05-22T19:54:29.404+0000] {dagbag.py:537} INFO - Filling up the DagBag from /home/airflow/.local/lib/python3.7/site-packages/airflow/example_dags/tutorial_dag.py
[2023-05-22T19:54:29.416+0000] {processor.py:766} INFO - DAG(s) dict_keys(['tutorial_dag']) retrieved from /home/airflow/.local/lib/python3.7/site-packages/airflow/example_dags/tutorial_dag.py
[2023-05-22T19:54:29.451+0000] {logging_mixin.py:120} INFO - [2023-05-22T19:54:29.451+0000] {dag.py:2585} INFO - Sync 1 DAGs
[2023-05-22T19:54:29.471+0000] {logging_mixin.py:120} INFO - [2023-05-22T19:54:29.471+0000] {dag.py:3340} INFO - Setting next_dagrun for tutorial_dag to None, run_after=None
[2023-05-22T19:54:29.483+0000] {processor.py:176} INFO - Processing /home/airflow/.local/lib/python3.7/site-packages/airflow/example_dags/tutorial_dag.py took 0.084 seconds
[2023-05-22T19:55:00.259+0000] {processor.py:154} INFO - Started process (PID=2772) to work on /home/airflow/.local/lib/python3.7/site-packages/airflow/example_dags/tutorial_dag.py
[2023-05-22T19:55:00.261+0000] {processor.py:756} INFO - Processing file /home/airflow/.local/lib/python3.7/site-packages/airflow/example_dags/tutorial_dag.py for tasks to queue
[2023-05-22T19:55:00.262+0000] {logging_mixin.py:120} INFO - [2023-05-22T19:55:00.262+0000] {dagbag.py:537} INFO - Filling up the DagBag from /home/airflow/.local/lib/python3.7/site-packages/airflow/example_dags/tutorial_dag.py
[2023-05-22T19:55:00.275+0000] {processor.py:766} INFO - DAG(s) dict_keys(['tutorial_dag']) retrieved from /home/airflow/.local/lib/python3.7/site-packages/airflow/example_dags/tutorial_dag.py
[2023-05-22T19:55:00.308+0000] {logging_mixin.py:120} INFO - [2023-05-22T19:55:00.307+0000] {dag.py:2585} INFO - Sync 1 DAGs
[2023-05-22T19:55:00.325+0000] {logging_mixin.py:120} INFO - [2023-05-22T19:55:00.325+0000] {dag.py:3340} INFO - Setting next_dagrun for tutorial_dag to None, run_after=None
[2023-05-22T19:55:00.337+0000] {processor.py:176} INFO - Processing /home/airflow/.local/lib/python3.7/site-packages/airflow/example_dags/tutorial_dag.py took 0.083 seconds
[2023-05-22T19:55:30.991+0000] {processor.py:154} INFO - Started process (PID=2834) to work on /home/airflow/.local/lib/python3.7/site-packages/airflow/example_dags/tutorial_dag.py
[2023-05-22T19:55:30.992+0000] {processor.py:756} INFO - Processing file /home/airflow/.local/lib/python3.7/site-packages/airflow/example_dags/tutorial_dag.py for tasks to queue
[2023-05-22T19:55:30.993+0000] {logging_mixin.py:120} INFO - [2023-05-22T19:55:30.992+0000] {dagbag.py:537} INFO - Filling up the DagBag from /home/airflow/.local/lib/python3.7/site-packages/airflow/example_dags/tutorial_dag.py
[2023-05-22T19:55:31.020+0000] {processor.py:766} INFO - DAG(s) dict_keys(['tutorial_dag']) retrieved from /home/airflow/.local/lib/python3.7/site-packages/airflow/example_dags/tutorial_dag.py
[2023-05-22T19:55:31.060+0000] {logging_mixin.py:120} INFO - [2023-05-22T19:55:31.059+0000] {dag.py:2585} INFO - Sync 1 DAGs
[2023-05-22T19:55:31.075+0000] {logging_mixin.py:120} INFO - [2023-05-22T19:55:31.075+0000] {dag.py:3340} INFO - Setting next_dagrun for tutorial_dag to None, run_after=None
[2023-05-22T19:55:31.087+0000] {processor.py:176} INFO - Processing /home/airflow/.local/lib/python3.7/site-packages/airflow/example_dags/tutorial_dag.py took 0.099 seconds
[2023-05-22T19:56:01.570+0000] {processor.py:154} INFO - Started process (PID=2898) to work on /home/airflow/.local/lib/python3.7/site-packages/airflow/example_dags/tutorial_dag.py
[2023-05-22T19:56:01.571+0000] {processor.py:756} INFO - Processing file /home/airflow/.local/lib/python3.7/site-packages/airflow/example_dags/tutorial_dag.py for tasks to queue
[2023-05-22T19:56:01.572+0000] {logging_mixin.py:120} INFO - [2023-05-22T19:56:01.572+0000] {dagbag.py:537} INFO - Filling up the DagBag from /home/airflow/.local/lib/python3.7/site-packages/airflow/example_dags/tutorial_dag.py
[2023-05-22T19:56:01.582+0000] {processor.py:766} INFO - DAG(s) dict_keys(['tutorial_dag']) retrieved from /home/airflow/.local/lib/python3.7/site-packages/airflow/example_dags/tutorial_dag.py
[2023-05-22T19:56:01.615+0000] {logging_mixin.py:120} INFO - [2023-05-22T19:56:01.615+0000] {dag.py:2585} INFO - Sync 1 DAGs
[2023-05-22T19:56:01.631+0000] {logging_mixin.py:120} INFO - [2023-05-22T19:56:01.631+0000] {dag.py:3340} INFO - Setting next_dagrun for tutorial_dag to None, run_after=None
[2023-05-22T19:56:01.644+0000] {processor.py:176} INFO - Processing /home/airflow/.local/lib/python3.7/site-packages/airflow/example_dags/tutorial_dag.py took 0.077 seconds
[2023-05-22T19:56:32.463+0000] {processor.py:154} INFO - Started process (PID=2960) to work on /home/airflow/.local/lib/python3.7/site-packages/airflow/example_dags/tutorial_dag.py
[2023-05-22T19:56:32.464+0000] {processor.py:756} INFO - Processing file /home/airflow/.local/lib/python3.7/site-packages/airflow/example_dags/tutorial_dag.py for tasks to queue
[2023-05-22T19:56:32.464+0000] {logging_mixin.py:120} INFO - [2023-05-22T19:56:32.464+0000] {dagbag.py:537} INFO - Filling up the DagBag from /home/airflow/.local/lib/python3.7/site-packages/airflow/example_dags/tutorial_dag.py
[2023-05-22T19:56:32.474+0000] {processor.py:766} INFO - DAG(s) dict_keys(['tutorial_dag']) retrieved from /home/airflow/.local/lib/python3.7/site-packages/airflow/example_dags/tutorial_dag.py
[2023-05-22T19:56:32.507+0000] {logging_mixin.py:120} INFO - [2023-05-22T19:56:32.507+0000] {dag.py:2585} INFO - Sync 1 DAGs
[2023-05-22T19:56:32.524+0000] {logging_mixin.py:120} INFO - [2023-05-22T19:56:32.524+0000] {dag.py:3340} INFO - Setting next_dagrun for tutorial_dag to None, run_after=None
[2023-05-22T19:56:32.536+0000] {processor.py:176} INFO - Processing /home/airflow/.local/lib/python3.7/site-packages/airflow/example_dags/tutorial_dag.py took 0.076 seconds
[2023-05-22T19:57:03.320+0000] {processor.py:154} INFO - Started process (PID=3025) to work on /home/airflow/.local/lib/python3.7/site-packages/airflow/example_dags/tutorial_dag.py
[2023-05-22T19:57:03.322+0000] {processor.py:756} INFO - Processing file /home/airflow/.local/lib/python3.7/site-packages/airflow/example_dags/tutorial_dag.py for tasks to queue
[2023-05-22T19:57:03.323+0000] {logging_mixin.py:120} INFO - [2023-05-22T19:57:03.323+0000] {dagbag.py:537} INFO - Filling up the DagBag from /home/airflow/.local/lib/python3.7/site-packages/airflow/example_dags/tutorial_dag.py
[2023-05-22T19:57:03.332+0000] {processor.py:766} INFO - DAG(s) dict_keys(['tutorial_dag']) retrieved from /home/airflow/.local/lib/python3.7/site-packages/airflow/example_dags/tutorial_dag.py
[2023-05-22T19:57:03.362+0000] {logging_mixin.py:120} INFO - [2023-05-22T19:57:03.362+0000] {dag.py:2585} INFO - Sync 1 DAGs
[2023-05-22T19:57:03.378+0000] {logging_mixin.py:120} INFO - [2023-05-22T19:57:03.378+0000] {dag.py:3340} INFO - Setting next_dagrun for tutorial_dag to None, run_after=None
[2023-05-22T19:57:03.390+0000] {processor.py:176} INFO - Processing /home/airflow/.local/lib/python3.7/site-packages/airflow/example_dags/tutorial_dag.py took 0.072 seconds
[2023-05-22T19:57:34.220+0000] {processor.py:154} INFO - Started process (PID=3088) to work on /home/airflow/.local/lib/python3.7/site-packages/airflow/example_dags/tutorial_dag.py
[2023-05-22T19:57:34.221+0000] {processor.py:756} INFO - Processing file /home/airflow/.local/lib/python3.7/site-packages/airflow/example_dags/tutorial_dag.py for tasks to queue
[2023-05-22T19:57:34.222+0000] {logging_mixin.py:120} INFO - [2023-05-22T19:57:34.221+0000] {dagbag.py:537} INFO - Filling up the DagBag from /home/airflow/.local/lib/python3.7/site-packages/airflow/example_dags/tutorial_dag.py
[2023-05-22T19:57:34.232+0000] {processor.py:766} INFO - DAG(s) dict_keys(['tutorial_dag']) retrieved from /home/airflow/.local/lib/python3.7/site-packages/airflow/example_dags/tutorial_dag.py
[2023-05-22T19:57:34.263+0000] {logging_mixin.py:120} INFO - [2023-05-22T19:57:34.262+0000] {dag.py:2585} INFO - Sync 1 DAGs
[2023-05-22T19:57:34.278+0000] {logging_mixin.py:120} INFO - [2023-05-22T19:57:34.278+0000] {dag.py:3340} INFO - Setting next_dagrun for tutorial_dag to None, run_after=None
[2023-05-22T19:57:34.289+0000] {processor.py:176} INFO - Processing /home/airflow/.local/lib/python3.7/site-packages/airflow/example_dags/tutorial_dag.py took 0.072 seconds
[2023-05-22T20:18:17.868+0000] {processor.py:154} INFO - Started process (PID=3124) to work on /home/airflow/.local/lib/python3.7/site-packages/airflow/example_dags/tutorial_dag.py
[2023-05-22T20:18:17.871+0000] {processor.py:756} INFO - Processing file /home/airflow/.local/lib/python3.7/site-packages/airflow/example_dags/tutorial_dag.py for tasks to queue
[2023-05-22T20:18:17.872+0000] {logging_mixin.py:120} INFO - [2023-05-22T20:18:17.872+0000] {dagbag.py:537} INFO - Filling up the DagBag from /home/airflow/.local/lib/python3.7/site-packages/airflow/example_dags/tutorial_dag.py
[2023-05-22T20:18:17.895+0000] {processor.py:766} INFO - DAG(s) dict_keys(['tutorial_dag']) retrieved from /home/airflow/.local/lib/python3.7/site-packages/airflow/example_dags/tutorial_dag.py
[2023-05-22T20:18:17.959+0000] {logging_mixin.py:120} INFO - [2023-05-22T20:18:17.959+0000] {dag.py:2585} INFO - Sync 1 DAGs
[2023-05-22T20:18:17.989+0000] {logging_mixin.py:120} INFO - [2023-05-22T20:18:17.989+0000] {dag.py:3340} INFO - Setting next_dagrun for tutorial_dag to None, run_after=None
[2023-05-22T20:18:18.020+0000] {processor.py:176} INFO - Processing /home/airflow/.local/lib/python3.7/site-packages/airflow/example_dags/tutorial_dag.py took 0.157 seconds
[2023-05-22T20:18:48.876+0000] {processor.py:154} INFO - Started process (PID=3188) to work on /home/airflow/.local/lib/python3.7/site-packages/airflow/example_dags/tutorial_dag.py
[2023-05-22T20:18:48.878+0000] {processor.py:756} INFO - Processing file /home/airflow/.local/lib/python3.7/site-packages/airflow/example_dags/tutorial_dag.py for tasks to queue
[2023-05-22T20:18:48.878+0000] {logging_mixin.py:120} INFO - [2023-05-22T20:18:48.878+0000] {dagbag.py:537} INFO - Filling up the DagBag from /home/airflow/.local/lib/python3.7/site-packages/airflow/example_dags/tutorial_dag.py
[2023-05-22T20:18:48.888+0000] {processor.py:766} INFO - DAG(s) dict_keys(['tutorial_dag']) retrieved from /home/airflow/.local/lib/python3.7/site-packages/airflow/example_dags/tutorial_dag.py
[2023-05-22T20:18:48.918+0000] {logging_mixin.py:120} INFO - [2023-05-22T20:18:48.918+0000] {dag.py:2585} INFO - Sync 1 DAGs
[2023-05-22T20:18:48.934+0000] {logging_mixin.py:120} INFO - [2023-05-22T20:18:48.934+0000] {dag.py:3340} INFO - Setting next_dagrun for tutorial_dag to None, run_after=None
[2023-05-22T20:18:48.946+0000] {processor.py:176} INFO - Processing /home/airflow/.local/lib/python3.7/site-packages/airflow/example_dags/tutorial_dag.py took 0.073 seconds
[2023-05-22T20:19:19.749+0000] {processor.py:154} INFO - Started process (PID=3251) to work on /home/airflow/.local/lib/python3.7/site-packages/airflow/example_dags/tutorial_dag.py
[2023-05-22T20:19:19.751+0000] {processor.py:756} INFO - Processing file /home/airflow/.local/lib/python3.7/site-packages/airflow/example_dags/tutorial_dag.py for tasks to queue
[2023-05-22T20:19:19.752+0000] {logging_mixin.py:120} INFO - [2023-05-22T20:19:19.752+0000] {dagbag.py:537} INFO - Filling up the DagBag from /home/airflow/.local/lib/python3.7/site-packages/airflow/example_dags/tutorial_dag.py
[2023-05-22T20:19:19.763+0000] {processor.py:766} INFO - DAG(s) dict_keys(['tutorial_dag']) retrieved from /home/airflow/.local/lib/python3.7/site-packages/airflow/example_dags/tutorial_dag.py
[2023-05-22T20:19:19.796+0000] {logging_mixin.py:120} INFO - [2023-05-22T20:19:19.796+0000] {dag.py:2585} INFO - Sync 1 DAGs
[2023-05-22T20:19:19.812+0000] {logging_mixin.py:120} INFO - [2023-05-22T20:19:19.812+0000] {dag.py:3340} INFO - Setting next_dagrun for tutorial_dag to None, run_after=None
[2023-05-22T20:19:19.824+0000] {processor.py:176} INFO - Processing /home/airflow/.local/lib/python3.7/site-packages/airflow/example_dags/tutorial_dag.py took 0.078 seconds
[2023-05-22T20:19:50.357+0000] {processor.py:154} INFO - Started process (PID=3314) to work on /home/airflow/.local/lib/python3.7/site-packages/airflow/example_dags/tutorial_dag.py
[2023-05-22T20:19:50.358+0000] {processor.py:756} INFO - Processing file /home/airflow/.local/lib/python3.7/site-packages/airflow/example_dags/tutorial_dag.py for tasks to queue
[2023-05-22T20:19:50.359+0000] {logging_mixin.py:120} INFO - [2023-05-22T20:19:50.359+0000] {dagbag.py:537} INFO - Filling up the DagBag from /home/airflow/.local/lib/python3.7/site-packages/airflow/example_dags/tutorial_dag.py
[2023-05-22T20:19:50.369+0000] {processor.py:766} INFO - DAG(s) dict_keys(['tutorial_dag']) retrieved from /home/airflow/.local/lib/python3.7/site-packages/airflow/example_dags/tutorial_dag.py
[2023-05-22T20:19:50.399+0000] {logging_mixin.py:120} INFO - [2023-05-22T20:19:50.399+0000] {dag.py:2585} INFO - Sync 1 DAGs
[2023-05-22T20:19:50.416+0000] {logging_mixin.py:120} INFO - [2023-05-22T20:19:50.416+0000] {dag.py:3340} INFO - Setting next_dagrun for tutorial_dag to None, run_after=None
[2023-05-22T20:19:50.428+0000] {processor.py:176} INFO - Processing /home/airflow/.local/lib/python3.7/site-packages/airflow/example_dags/tutorial_dag.py took 0.074 seconds
[2023-05-22T20:20:21.380+0000] {processor.py:154} INFO - Started process (PID=3378) to work on /home/airflow/.local/lib/python3.7/site-packages/airflow/example_dags/tutorial_dag.py
[2023-05-22T20:20:21.381+0000] {processor.py:756} INFO - Processing file /home/airflow/.local/lib/python3.7/site-packages/airflow/example_dags/tutorial_dag.py for tasks to queue
[2023-05-22T20:20:21.382+0000] {logging_mixin.py:120} INFO - [2023-05-22T20:20:21.382+0000] {dagbag.py:537} INFO - Filling up the DagBag from /home/airflow/.local/lib/python3.7/site-packages/airflow/example_dags/tutorial_dag.py
[2023-05-22T20:20:21.393+0000] {processor.py:766} INFO - DAG(s) dict_keys(['tutorial_dag']) retrieved from /home/airflow/.local/lib/python3.7/site-packages/airflow/example_dags/tutorial_dag.py
[2023-05-22T20:20:21.426+0000] {logging_mixin.py:120} INFO - [2023-05-22T20:20:21.426+0000] {dag.py:2585} INFO - Sync 1 DAGs
[2023-05-22T20:20:21.443+0000] {logging_mixin.py:120} INFO - [2023-05-22T20:20:21.442+0000] {dag.py:3340} INFO - Setting next_dagrun for tutorial_dag to None, run_after=None
[2023-05-22T20:20:21.455+0000] {processor.py:176} INFO - Processing /home/airflow/.local/lib/python3.7/site-packages/airflow/example_dags/tutorial_dag.py took 0.078 seconds
[2023-05-22T20:20:52.189+0000] {processor.py:154} INFO - Started process (PID=3440) to work on /home/airflow/.local/lib/python3.7/site-packages/airflow/example_dags/tutorial_dag.py
[2023-05-22T20:20:52.191+0000] {processor.py:756} INFO - Processing file /home/airflow/.local/lib/python3.7/site-packages/airflow/example_dags/tutorial_dag.py for tasks to queue
[2023-05-22T20:20:52.192+0000] {logging_mixin.py:120} INFO - [2023-05-22T20:20:52.192+0000] {dagbag.py:537} INFO - Filling up the DagBag from /home/airflow/.local/lib/python3.7/site-packages/airflow/example_dags/tutorial_dag.py
[2023-05-22T20:20:52.205+0000] {processor.py:766} INFO - DAG(s) dict_keys(['tutorial_dag']) retrieved from /home/airflow/.local/lib/python3.7/site-packages/airflow/example_dags/tutorial_dag.py
[2023-05-22T20:20:52.245+0000] {logging_mixin.py:120} INFO - [2023-05-22T20:20:52.245+0000] {dag.py:2585} INFO - Sync 1 DAGs
[2023-05-22T20:20:52.267+0000] {logging_mixin.py:120} INFO - [2023-05-22T20:20:52.267+0000] {dag.py:3340} INFO - Setting next_dagrun for tutorial_dag to None, run_after=None
[2023-05-22T20:20:52.279+0000] {processor.py:176} INFO - Processing /home/airflow/.local/lib/python3.7/site-packages/airflow/example_dags/tutorial_dag.py took 0.098 seconds
[2023-05-22T20:21:23.111+0000] {processor.py:154} INFO - Started process (PID=3494) to work on /home/airflow/.local/lib/python3.7/site-packages/airflow/example_dags/tutorial_dag.py
[2023-05-22T20:21:23.112+0000] {processor.py:756} INFO - Processing file /home/airflow/.local/lib/python3.7/site-packages/airflow/example_dags/tutorial_dag.py for tasks to queue
[2023-05-22T20:21:23.113+0000] {logging_mixin.py:120} INFO - [2023-05-22T20:21:23.113+0000] {dagbag.py:537} INFO - Filling up the DagBag from /home/airflow/.local/lib/python3.7/site-packages/airflow/example_dags/tutorial_dag.py
[2023-05-22T20:21:23.124+0000] {processor.py:766} INFO - DAG(s) dict_keys(['tutorial_dag']) retrieved from /home/airflow/.local/lib/python3.7/site-packages/airflow/example_dags/tutorial_dag.py
[2023-05-22T20:21:23.156+0000] {logging_mixin.py:120} INFO - [2023-05-22T20:21:23.155+0000] {dag.py:2585} INFO - Sync 1 DAGs
[2023-05-22T20:21:23.172+0000] {logging_mixin.py:120} INFO - [2023-05-22T20:21:23.172+0000] {dag.py:3340} INFO - Setting next_dagrun for tutorial_dag to None, run_after=None
[2023-05-22T20:21:23.184+0000] {processor.py:176} INFO - Processing /home/airflow/.local/lib/python3.7/site-packages/airflow/example_dags/tutorial_dag.py took 0.076 seconds
[2023-05-22T20:21:53.733+0000] {processor.py:154} INFO - Started process (PID=3556) to work on /home/airflow/.local/lib/python3.7/site-packages/airflow/example_dags/tutorial_dag.py
[2023-05-22T20:21:53.734+0000] {processor.py:756} INFO - Processing file /home/airflow/.local/lib/python3.7/site-packages/airflow/example_dags/tutorial_dag.py for tasks to queue
[2023-05-22T20:21:53.735+0000] {logging_mixin.py:120} INFO - [2023-05-22T20:21:53.735+0000] {dagbag.py:537} INFO - Filling up the DagBag from /home/airflow/.local/lib/python3.7/site-packages/airflow/example_dags/tutorial_dag.py
[2023-05-22T20:21:53.745+0000] {processor.py:766} INFO - DAG(s) dict_keys(['tutorial_dag']) retrieved from /home/airflow/.local/lib/python3.7/site-packages/airflow/example_dags/tutorial_dag.py
[2023-05-22T20:21:53.776+0000] {logging_mixin.py:120} INFO - [2023-05-22T20:21:53.776+0000] {dag.py:2585} INFO - Sync 1 DAGs
[2023-05-22T20:21:53.791+0000] {logging_mixin.py:120} INFO - [2023-05-22T20:21:53.791+0000] {dag.py:3340} INFO - Setting next_dagrun for tutorial_dag to None, run_after=None
[2023-05-22T20:21:53.801+0000] {processor.py:176} INFO - Processing /home/airflow/.local/lib/python3.7/site-packages/airflow/example_dags/tutorial_dag.py took 0.071 seconds
[2023-05-22T20:22:24.402+0000] {processor.py:154} INFO - Started process (PID=3619) to work on /home/airflow/.local/lib/python3.7/site-packages/airflow/example_dags/tutorial_dag.py
[2023-05-22T20:22:24.404+0000] {processor.py:756} INFO - Processing file /home/airflow/.local/lib/python3.7/site-packages/airflow/example_dags/tutorial_dag.py for tasks to queue
[2023-05-22T20:22:24.404+0000] {logging_mixin.py:120} INFO - [2023-05-22T20:22:24.404+0000] {dagbag.py:537} INFO - Filling up the DagBag from /home/airflow/.local/lib/python3.7/site-packages/airflow/example_dags/tutorial_dag.py
[2023-05-22T20:22:24.415+0000] {processor.py:766} INFO - DAG(s) dict_keys(['tutorial_dag']) retrieved from /home/airflow/.local/lib/python3.7/site-packages/airflow/example_dags/tutorial_dag.py
[2023-05-22T20:22:24.444+0000] {logging_mixin.py:120} INFO - [2023-05-22T20:22:24.444+0000] {dag.py:2585} INFO - Sync 1 DAGs
[2023-05-22T20:22:24.460+0000] {logging_mixin.py:120} INFO - [2023-05-22T20:22:24.460+0000] {dag.py:3340} INFO - Setting next_dagrun for tutorial_dag to None, run_after=None
[2023-05-22T20:22:24.474+0000] {processor.py:176} INFO - Processing /home/airflow/.local/lib/python3.7/site-packages/airflow/example_dags/tutorial_dag.py took 0.075 seconds
[2023-05-22T20:22:55.059+0000] {processor.py:154} INFO - Started process (PID=3682) to work on /home/airflow/.local/lib/python3.7/site-packages/airflow/example_dags/tutorial_dag.py
[2023-05-22T20:22:55.060+0000] {processor.py:756} INFO - Processing file /home/airflow/.local/lib/python3.7/site-packages/airflow/example_dags/tutorial_dag.py for tasks to queue
[2023-05-22T20:22:55.061+0000] {logging_mixin.py:120} INFO - [2023-05-22T20:22:55.061+0000] {dagbag.py:537} INFO - Filling up the DagBag from /home/airflow/.local/lib/python3.7/site-packages/airflow/example_dags/tutorial_dag.py
[2023-05-22T20:22:55.074+0000] {processor.py:766} INFO - DAG(s) dict_keys(['tutorial_dag']) retrieved from /home/airflow/.local/lib/python3.7/site-packages/airflow/example_dags/tutorial_dag.py
[2023-05-22T20:22:55.106+0000] {logging_mixin.py:120} INFO - [2023-05-22T20:22:55.106+0000] {dag.py:2585} INFO - Sync 1 DAGs
[2023-05-22T20:22:55.123+0000] {logging_mixin.py:120} INFO - [2023-05-22T20:22:55.123+0000] {dag.py:3340} INFO - Setting next_dagrun for tutorial_dag to None, run_after=None
[2023-05-22T20:22:55.135+0000] {processor.py:176} INFO - Processing /home/airflow/.local/lib/python3.7/site-packages/airflow/example_dags/tutorial_dag.py took 0.080 seconds
[2023-05-22T20:23:26.089+0000] {processor.py:154} INFO - Started process (PID=3745) to work on /home/airflow/.local/lib/python3.7/site-packages/airflow/example_dags/tutorial_dag.py
[2023-05-22T20:23:26.090+0000] {processor.py:756} INFO - Processing file /home/airflow/.local/lib/python3.7/site-packages/airflow/example_dags/tutorial_dag.py for tasks to queue
[2023-05-22T20:23:26.090+0000] {logging_mixin.py:120} INFO - [2023-05-22T20:23:26.090+0000] {dagbag.py:537} INFO - Filling up the DagBag from /home/airflow/.local/lib/python3.7/site-packages/airflow/example_dags/tutorial_dag.py
[2023-05-22T20:23:26.101+0000] {processor.py:766} INFO - DAG(s) dict_keys(['tutorial_dag']) retrieved from /home/airflow/.local/lib/python3.7/site-packages/airflow/example_dags/tutorial_dag.py
[2023-05-22T20:23:26.135+0000] {logging_mixin.py:120} INFO - [2023-05-22T20:23:26.135+0000] {dag.py:2585} INFO - Sync 1 DAGs
[2023-05-22T20:23:26.151+0000] {logging_mixin.py:120} INFO - [2023-05-22T20:23:26.151+0000] {dag.py:3340} INFO - Setting next_dagrun for tutorial_dag to None, run_after=None
[2023-05-22T20:23:26.165+0000] {processor.py:176} INFO - Processing /home/airflow/.local/lib/python3.7/site-packages/airflow/example_dags/tutorial_dag.py took 0.079 seconds
[2023-05-22T20:23:57.014+0000] {processor.py:154} INFO - Started process (PID=3808) to work on /home/airflow/.local/lib/python3.7/site-packages/airflow/example_dags/tutorial_dag.py
[2023-05-22T20:23:57.016+0000] {processor.py:756} INFO - Processing file /home/airflow/.local/lib/python3.7/site-packages/airflow/example_dags/tutorial_dag.py for tasks to queue
[2023-05-22T20:23:57.017+0000] {logging_mixin.py:120} INFO - [2023-05-22T20:23:57.016+0000] {dagbag.py:537} INFO - Filling up the DagBag from /home/airflow/.local/lib/python3.7/site-packages/airflow/example_dags/tutorial_dag.py
[2023-05-22T20:23:57.029+0000] {processor.py:766} INFO - DAG(s) dict_keys(['tutorial_dag']) retrieved from /home/airflow/.local/lib/python3.7/site-packages/airflow/example_dags/tutorial_dag.py
[2023-05-22T20:23:57.064+0000] {logging_mixin.py:120} INFO - [2023-05-22T20:23:57.064+0000] {dag.py:2585} INFO - Sync 1 DAGs
[2023-05-22T20:23:57.082+0000] {logging_mixin.py:120} INFO - [2023-05-22T20:23:57.082+0000] {dag.py:3340} INFO - Setting next_dagrun for tutorial_dag to None, run_after=None
[2023-05-22T20:23:57.095+0000] {processor.py:176} INFO - Processing /home/airflow/.local/lib/python3.7/site-packages/airflow/example_dags/tutorial_dag.py took 0.084 seconds
[2023-05-22T20:24:27.274+0000] {processor.py:154} INFO - Started process (PID=3863) to work on /home/airflow/.local/lib/python3.7/site-packages/airflow/example_dags/tutorial_dag.py
[2023-05-22T20:24:27.276+0000] {processor.py:756} INFO - Processing file /home/airflow/.local/lib/python3.7/site-packages/airflow/example_dags/tutorial_dag.py for tasks to queue
[2023-05-22T20:24:27.277+0000] {logging_mixin.py:120} INFO - [2023-05-22T20:24:27.276+0000] {dagbag.py:537} INFO - Filling up the DagBag from /home/airflow/.local/lib/python3.7/site-packages/airflow/example_dags/tutorial_dag.py
[2023-05-22T20:24:27.287+0000] {processor.py:766} INFO - DAG(s) dict_keys(['tutorial_dag']) retrieved from /home/airflow/.local/lib/python3.7/site-packages/airflow/example_dags/tutorial_dag.py
[2023-05-22T20:24:27.318+0000] {logging_mixin.py:120} INFO - [2023-05-22T20:24:27.318+0000] {dag.py:2585} INFO - Sync 1 DAGs
[2023-05-22T20:24:27.334+0000] {logging_mixin.py:120} INFO - [2023-05-22T20:24:27.334+0000] {dag.py:3340} INFO - Setting next_dagrun for tutorial_dag to None, run_after=None
[2023-05-22T20:24:27.347+0000] {processor.py:176} INFO - Processing /home/airflow/.local/lib/python3.7/site-packages/airflow/example_dags/tutorial_dag.py took 0.076 seconds
[2023-05-22T20:24:57.392+0000] {processor.py:154} INFO - Started process (PID=3925) to work on /home/airflow/.local/lib/python3.7/site-packages/airflow/example_dags/tutorial_dag.py
[2023-05-22T20:24:57.393+0000] {processor.py:756} INFO - Processing file /home/airflow/.local/lib/python3.7/site-packages/airflow/example_dags/tutorial_dag.py for tasks to queue
[2023-05-22T20:24:57.394+0000] {logging_mixin.py:120} INFO - [2023-05-22T20:24:57.394+0000] {dagbag.py:537} INFO - Filling up the DagBag from /home/airflow/.local/lib/python3.7/site-packages/airflow/example_dags/tutorial_dag.py
[2023-05-22T20:24:57.408+0000] {processor.py:766} INFO - DAG(s) dict_keys(['tutorial_dag']) retrieved from /home/airflow/.local/lib/python3.7/site-packages/airflow/example_dags/tutorial_dag.py
[2023-05-22T20:24:57.441+0000] {logging_mixin.py:120} INFO - [2023-05-22T20:24:57.440+0000] {dag.py:2585} INFO - Sync 1 DAGs
[2023-05-22T20:24:57.459+0000] {logging_mixin.py:120} INFO - [2023-05-22T20:24:57.459+0000] {dag.py:3340} INFO - Setting next_dagrun for tutorial_dag to None, run_after=None
[2023-05-22T20:24:57.484+0000] {processor.py:176} INFO - Processing /home/airflow/.local/lib/python3.7/site-packages/airflow/example_dags/tutorial_dag.py took 0.096 seconds
[2023-05-22T20:25:28.096+0000] {processor.py:154} INFO - Started process (PID=3988) to work on /home/airflow/.local/lib/python3.7/site-packages/airflow/example_dags/tutorial_dag.py
[2023-05-22T20:25:28.097+0000] {processor.py:756} INFO - Processing file /home/airflow/.local/lib/python3.7/site-packages/airflow/example_dags/tutorial_dag.py for tasks to queue
[2023-05-22T20:25:28.098+0000] {logging_mixin.py:120} INFO - [2023-05-22T20:25:28.098+0000] {dagbag.py:537} INFO - Filling up the DagBag from /home/airflow/.local/lib/python3.7/site-packages/airflow/example_dags/tutorial_dag.py
[2023-05-22T20:25:28.109+0000] {processor.py:766} INFO - DAG(s) dict_keys(['tutorial_dag']) retrieved from /home/airflow/.local/lib/python3.7/site-packages/airflow/example_dags/tutorial_dag.py
[2023-05-22T20:25:28.169+0000] {logging_mixin.py:120} INFO - [2023-05-22T20:25:28.169+0000] {dag.py:2585} INFO - Sync 1 DAGs
[2023-05-22T20:25:28.190+0000] {logging_mixin.py:120} INFO - [2023-05-22T20:25:28.190+0000] {dag.py:3340} INFO - Setting next_dagrun for tutorial_dag to None, run_after=None
[2023-05-22T20:25:28.204+0000] {processor.py:176} INFO - Processing /home/airflow/.local/lib/python3.7/site-packages/airflow/example_dags/tutorial_dag.py took 0.111 seconds
[2023-05-22T20:25:58.636+0000] {processor.py:154} INFO - Started process (PID=4050) to work on /home/airflow/.local/lib/python3.7/site-packages/airflow/example_dags/tutorial_dag.py
[2023-05-22T20:25:58.638+0000] {processor.py:756} INFO - Processing file /home/airflow/.local/lib/python3.7/site-packages/airflow/example_dags/tutorial_dag.py for tasks to queue
[2023-05-22T20:25:58.639+0000] {logging_mixin.py:120} INFO - [2023-05-22T20:25:58.639+0000] {dagbag.py:537} INFO - Filling up the DagBag from /home/airflow/.local/lib/python3.7/site-packages/airflow/example_dags/tutorial_dag.py
[2023-05-22T20:25:58.652+0000] {processor.py:766} INFO - DAG(s) dict_keys(['tutorial_dag']) retrieved from /home/airflow/.local/lib/python3.7/site-packages/airflow/example_dags/tutorial_dag.py
[2023-05-22T20:25:58.692+0000] {logging_mixin.py:120} INFO - [2023-05-22T20:25:58.692+0000] {dag.py:2585} INFO - Sync 1 DAGs
[2023-05-22T20:25:58.712+0000] {logging_mixin.py:120} INFO - [2023-05-22T20:25:58.712+0000] {dag.py:3340} INFO - Setting next_dagrun for tutorial_dag to None, run_after=None
[2023-05-22T20:25:58.726+0000] {processor.py:176} INFO - Processing /home/airflow/.local/lib/python3.7/site-packages/airflow/example_dags/tutorial_dag.py took 0.093 seconds
[2023-05-22T20:26:29.287+0000] {processor.py:154} INFO - Started process (PID=4113) to work on /home/airflow/.local/lib/python3.7/site-packages/airflow/example_dags/tutorial_dag.py
[2023-05-22T20:26:29.288+0000] {processor.py:756} INFO - Processing file /home/airflow/.local/lib/python3.7/site-packages/airflow/example_dags/tutorial_dag.py for tasks to queue
[2023-05-22T20:26:29.289+0000] {logging_mixin.py:120} INFO - [2023-05-22T20:26:29.289+0000] {dagbag.py:537} INFO - Filling up the DagBag from /home/airflow/.local/lib/python3.7/site-packages/airflow/example_dags/tutorial_dag.py
[2023-05-22T20:26:29.300+0000] {processor.py:766} INFO - DAG(s) dict_keys(['tutorial_dag']) retrieved from /home/airflow/.local/lib/python3.7/site-packages/airflow/example_dags/tutorial_dag.py
[2023-05-22T20:26:29.330+0000] {logging_mixin.py:120} INFO - [2023-05-22T20:26:29.330+0000] {dag.py:2585} INFO - Sync 1 DAGs
[2023-05-22T20:26:29.345+0000] {logging_mixin.py:120} INFO - [2023-05-22T20:26:29.345+0000] {dag.py:3340} INFO - Setting next_dagrun for tutorial_dag to None, run_after=None
[2023-05-22T20:26:29.362+0000] {processor.py:176} INFO - Processing /home/airflow/.local/lib/python3.7/site-packages/airflow/example_dags/tutorial_dag.py took 0.078 seconds
[2023-05-22T20:27:00.008+0000] {processor.py:154} INFO - Started process (PID=4176) to work on /home/airflow/.local/lib/python3.7/site-packages/airflow/example_dags/tutorial_dag.py
[2023-05-22T20:27:00.009+0000] {processor.py:756} INFO - Processing file /home/airflow/.local/lib/python3.7/site-packages/airflow/example_dags/tutorial_dag.py for tasks to queue
[2023-05-22T20:27:00.010+0000] {logging_mixin.py:120} INFO - [2023-05-22T20:27:00.010+0000] {dagbag.py:537} INFO - Filling up the DagBag from /home/airflow/.local/lib/python3.7/site-packages/airflow/example_dags/tutorial_dag.py
[2023-05-22T20:27:00.019+0000] {processor.py:766} INFO - DAG(s) dict_keys(['tutorial_dag']) retrieved from /home/airflow/.local/lib/python3.7/site-packages/airflow/example_dags/tutorial_dag.py
[2023-05-22T20:27:00.051+0000] {logging_mixin.py:120} INFO - [2023-05-22T20:27:00.051+0000] {dag.py:2585} INFO - Sync 1 DAGs
[2023-05-22T20:27:00.069+0000] {logging_mixin.py:120} INFO - [2023-05-22T20:27:00.069+0000] {dag.py:3340} INFO - Setting next_dagrun for tutorial_dag to None, run_after=None
[2023-05-22T20:27:00.080+0000] {processor.py:176} INFO - Processing /home/airflow/.local/lib/python3.7/site-packages/airflow/example_dags/tutorial_dag.py took 0.075 seconds
[2023-05-22T20:27:30.659+0000] {processor.py:154} INFO - Started process (PID=4230) to work on /home/airflow/.local/lib/python3.7/site-packages/airflow/example_dags/tutorial_dag.py
[2023-05-22T20:27:30.660+0000] {processor.py:756} INFO - Processing file /home/airflow/.local/lib/python3.7/site-packages/airflow/example_dags/tutorial_dag.py for tasks to queue
[2023-05-22T20:27:30.662+0000] {logging_mixin.py:120} INFO - [2023-05-22T20:27:30.662+0000] {dagbag.py:537} INFO - Filling up the DagBag from /home/airflow/.local/lib/python3.7/site-packages/airflow/example_dags/tutorial_dag.py
[2023-05-22T20:27:30.675+0000] {processor.py:766} INFO - DAG(s) dict_keys(['tutorial_dag']) retrieved from /home/airflow/.local/lib/python3.7/site-packages/airflow/example_dags/tutorial_dag.py
[2023-05-22T20:27:30.711+0000] {logging_mixin.py:120} INFO - [2023-05-22T20:27:30.711+0000] {dag.py:2585} INFO - Sync 1 DAGs
[2023-05-22T20:27:30.728+0000] {logging_mixin.py:120} INFO - [2023-05-22T20:27:30.727+0000] {dag.py:3340} INFO - Setting next_dagrun for tutorial_dag to None, run_after=None
[2023-05-22T20:27:30.740+0000] {processor.py:176} INFO - Processing /home/airflow/.local/lib/python3.7/site-packages/airflow/example_dags/tutorial_dag.py took 0.084 seconds
[2023-05-22T20:28:01.111+0000] {processor.py:154} INFO - Started process (PID=4292) to work on /home/airflow/.local/lib/python3.7/site-packages/airflow/example_dags/tutorial_dag.py
[2023-05-22T20:28:01.113+0000] {processor.py:756} INFO - Processing file /home/airflow/.local/lib/python3.7/site-packages/airflow/example_dags/tutorial_dag.py for tasks to queue
[2023-05-22T20:28:01.114+0000] {logging_mixin.py:120} INFO - [2023-05-22T20:28:01.114+0000] {dagbag.py:537} INFO - Filling up the DagBag from /home/airflow/.local/lib/python3.7/site-packages/airflow/example_dags/tutorial_dag.py
[2023-05-22T20:28:01.125+0000] {processor.py:766} INFO - DAG(s) dict_keys(['tutorial_dag']) retrieved from /home/airflow/.local/lib/python3.7/site-packages/airflow/example_dags/tutorial_dag.py
[2023-05-22T20:28:01.161+0000] {logging_mixin.py:120} INFO - [2023-05-22T20:28:01.161+0000] {dag.py:2585} INFO - Sync 1 DAGs
[2023-05-22T20:28:01.179+0000] {logging_mixin.py:120} INFO - [2023-05-22T20:28:01.179+0000] {dag.py:3340} INFO - Setting next_dagrun for tutorial_dag to None, run_after=None
[2023-05-22T20:28:01.192+0000] {processor.py:176} INFO - Processing /home/airflow/.local/lib/python3.7/site-packages/airflow/example_dags/tutorial_dag.py took 0.084 seconds
[2023-05-22T20:28:32.181+0000] {processor.py:154} INFO - Started process (PID=4354) to work on /home/airflow/.local/lib/python3.7/site-packages/airflow/example_dags/tutorial_dag.py
[2023-05-22T20:28:32.182+0000] {processor.py:756} INFO - Processing file /home/airflow/.local/lib/python3.7/site-packages/airflow/example_dags/tutorial_dag.py for tasks to queue
[2023-05-22T20:28:32.183+0000] {logging_mixin.py:120} INFO - [2023-05-22T20:28:32.183+0000] {dagbag.py:537} INFO - Filling up the DagBag from /home/airflow/.local/lib/python3.7/site-packages/airflow/example_dags/tutorial_dag.py
[2023-05-22T20:28:32.193+0000] {processor.py:766} INFO - DAG(s) dict_keys(['tutorial_dag']) retrieved from /home/airflow/.local/lib/python3.7/site-packages/airflow/example_dags/tutorial_dag.py
[2023-05-22T20:28:32.224+0000] {logging_mixin.py:120} INFO - [2023-05-22T20:28:32.224+0000] {dag.py:2585} INFO - Sync 1 DAGs
[2023-05-22T20:28:32.241+0000] {logging_mixin.py:120} INFO - [2023-05-22T20:28:32.241+0000] {dag.py:3340} INFO - Setting next_dagrun for tutorial_dag to None, run_after=None
[2023-05-22T20:28:32.254+0000] {processor.py:176} INFO - Processing /home/airflow/.local/lib/python3.7/site-packages/airflow/example_dags/tutorial_dag.py took 0.076 seconds
[2023-05-22T20:43:50.595+0000] {processor.py:154} INFO - Started process (PID=4406) to work on /home/airflow/.local/lib/python3.7/site-packages/airflow/example_dags/tutorial_dag.py
[2023-05-22T20:43:50.596+0000] {processor.py:756} INFO - Processing file /home/airflow/.local/lib/python3.7/site-packages/airflow/example_dags/tutorial_dag.py for tasks to queue
[2023-05-22T20:43:50.597+0000] {logging_mixin.py:120} INFO - [2023-05-22T20:43:50.597+0000] {dagbag.py:537} INFO - Filling up the DagBag from /home/airflow/.local/lib/python3.7/site-packages/airflow/example_dags/tutorial_dag.py
[2023-05-22T20:43:50.608+0000] {processor.py:766} INFO - DAG(s) dict_keys(['tutorial_dag']) retrieved from /home/airflow/.local/lib/python3.7/site-packages/airflow/example_dags/tutorial_dag.py
[2023-05-22T20:43:50.642+0000] {logging_mixin.py:120} INFO - [2023-05-22T20:43:50.642+0000] {dag.py:2585} INFO - Sync 1 DAGs
[2023-05-22T20:43:50.664+0000] {logging_mixin.py:120} INFO - [2023-05-22T20:43:50.664+0000] {dag.py:3340} INFO - Setting next_dagrun for tutorial_dag to None, run_after=None
[2023-05-22T20:43:50.683+0000] {processor.py:176} INFO - Processing /home/airflow/.local/lib/python3.7/site-packages/airflow/example_dags/tutorial_dag.py took 0.091 seconds
[2023-05-22T22:05:52.863+0000] {processor.py:154} INFO - Started process (PID=4462) to work on /home/airflow/.local/lib/python3.7/site-packages/airflow/example_dags/tutorial_dag.py
[2023-05-22T22:05:52.864+0000] {processor.py:756} INFO - Processing file /home/airflow/.local/lib/python3.7/site-packages/airflow/example_dags/tutorial_dag.py for tasks to queue
[2023-05-22T22:05:52.865+0000] {logging_mixin.py:120} INFO - [2023-05-22T22:05:52.865+0000] {dagbag.py:537} INFO - Filling up the DagBag from /home/airflow/.local/lib/python3.7/site-packages/airflow/example_dags/tutorial_dag.py
[2023-05-22T22:05:52.879+0000] {processor.py:766} INFO - DAG(s) dict_keys(['tutorial_dag']) retrieved from /home/airflow/.local/lib/python3.7/site-packages/airflow/example_dags/tutorial_dag.py
[2023-05-22T22:05:52.932+0000] {logging_mixin.py:120} INFO - [2023-05-22T22:05:52.932+0000] {dag.py:2585} INFO - Sync 1 DAGs
[2023-05-22T22:05:52.956+0000] {logging_mixin.py:120} INFO - [2023-05-22T22:05:52.956+0000] {dag.py:3340} INFO - Setting next_dagrun for tutorial_dag to None, run_after=None
[2023-05-22T22:05:52.968+0000] {processor.py:176} INFO - Processing /home/airflow/.local/lib/python3.7/site-packages/airflow/example_dags/tutorial_dag.py took 0.108 seconds
[2023-05-22T23:29:37.255+0000] {processor.py:154} INFO - Started process (PID=4525) to work on /home/airflow/.local/lib/python3.7/site-packages/airflow/example_dags/tutorial_dag.py
[2023-05-22T23:29:37.258+0000] {processor.py:756} INFO - Processing file /home/airflow/.local/lib/python3.7/site-packages/airflow/example_dags/tutorial_dag.py for tasks to queue
[2023-05-22T23:29:37.261+0000] {logging_mixin.py:120} INFO - [2023-05-22T23:29:37.261+0000] {dagbag.py:537} INFO - Filling up the DagBag from /home/airflow/.local/lib/python3.7/site-packages/airflow/example_dags/tutorial_dag.py
[2023-05-22T23:29:37.273+0000] {processor.py:766} INFO - DAG(s) dict_keys(['tutorial_dag']) retrieved from /home/airflow/.local/lib/python3.7/site-packages/airflow/example_dags/tutorial_dag.py
[2023-05-22T23:29:37.325+0000] {logging_mixin.py:120} INFO - [2023-05-22T23:29:37.325+0000] {dag.py:2585} INFO - Sync 1 DAGs
[2023-05-22T23:29:37.345+0000] {logging_mixin.py:120} INFO - [2023-05-22T23:29:37.345+0000] {dag.py:3340} INFO - Setting next_dagrun for tutorial_dag to None, run_after=None
[2023-05-22T23:29:37.360+0000] {processor.py:176} INFO - Processing /home/airflow/.local/lib/python3.7/site-packages/airflow/example_dags/tutorial_dag.py took 0.109 seconds
