[2023-05-22T19:32:33.561+0000] {processor.py:154} INFO - Started process (PID=62) to work on /home/airflow/.local/lib/python3.7/site-packages/airflow/example_dags/tutorial_taskflow_api.py
[2023-05-22T19:32:33.563+0000] {processor.py:756} INFO - Processing file /home/airflow/.local/lib/python3.7/site-packages/airflow/example_dags/tutorial_taskflow_api.py for tasks to queue
[2023-05-22T19:32:33.566+0000] {logging_mixin.py:120} INFO - [2023-05-22T19:32:33.565+0000] {dagbag.py:537} INFO - Filling up the DagBag from /home/airflow/.local/lib/python3.7/site-packages/airflow/example_dags/tutorial_taskflow_api.py
[2023-05-22T19:32:33.588+0000] {processor.py:766} INFO - DAG(s) dict_keys(['tutorial_taskflow_api']) retrieved from /home/airflow/.local/lib/python3.7/site-packages/airflow/example_dags/tutorial_taskflow_api.py
[2023-05-22T19:32:33.724+0000] {logging_mixin.py:120} INFO - [2023-05-22T19:32:33.724+0000] {manager.py:507} INFO - Created Permission View: can read on DAG:tutorial_taskflow_api
[2023-05-22T19:32:33.730+0000] {logging_mixin.py:120} INFO - [2023-05-22T19:32:33.730+0000] {manager.py:507} INFO - Created Permission View: can delete on DAG:tutorial_taskflow_api
[2023-05-22T19:32:33.736+0000] {logging_mixin.py:120} INFO - [2023-05-22T19:32:33.736+0000] {manager.py:507} INFO - Created Permission View: can edit on DAG:tutorial_taskflow_api
[2023-05-22T19:32:33.737+0000] {logging_mixin.py:120} INFO - [2023-05-22T19:32:33.737+0000] {dag.py:2585} INFO - Sync 1 DAGs
[2023-05-22T19:32:33.752+0000] {logging_mixin.py:120} INFO - [2023-05-22T19:32:33.752+0000] {dag.py:2606} INFO - Creating ORM DAG for tutorial_taskflow_api
[2023-05-22T19:32:33.771+0000] {logging_mixin.py:120} INFO - [2023-05-22T19:32:33.771+0000] {dag.py:3340} INFO - Setting next_dagrun for tutorial_taskflow_api to None, run_after=None
[2023-05-22T19:32:33.810+0000] {processor.py:176} INFO - Processing /home/airflow/.local/lib/python3.7/site-packages/airflow/example_dags/tutorial_taskflow_api.py took 0.253 seconds
[2023-05-22T19:33:04.737+0000] {processor.py:154} INFO - Started process (PID=117) to work on /home/airflow/.local/lib/python3.7/site-packages/airflow/example_dags/tutorial_taskflow_api.py
[2023-05-22T19:33:04.739+0000] {processor.py:756} INFO - Processing file /home/airflow/.local/lib/python3.7/site-packages/airflow/example_dags/tutorial_taskflow_api.py for tasks to queue
[2023-05-22T19:33:04.739+0000] {logging_mixin.py:120} INFO - [2023-05-22T19:33:04.739+0000] {dagbag.py:537} INFO - Filling up the DagBag from /home/airflow/.local/lib/python3.7/site-packages/airflow/example_dags/tutorial_taskflow_api.py
[2023-05-22T19:33:04.757+0000] {processor.py:766} INFO - DAG(s) dict_keys(['tutorial_taskflow_api']) retrieved from /home/airflow/.local/lib/python3.7/site-packages/airflow/example_dags/tutorial_taskflow_api.py
[2023-05-22T19:33:04.788+0000] {logging_mixin.py:120} INFO - [2023-05-22T19:33:04.788+0000] {dag.py:2585} INFO - Sync 1 DAGs
[2023-05-22T19:33:04.805+0000] {logging_mixin.py:120} INFO - [2023-05-22T19:33:04.805+0000] {dag.py:3340} INFO - Setting next_dagrun for tutorial_taskflow_api to None, run_after=None
[2023-05-22T19:33:04.820+0000] {processor.py:176} INFO - Processing /home/airflow/.local/lib/python3.7/site-packages/airflow/example_dags/tutorial_taskflow_api.py took 0.086 seconds
[2023-05-22T19:33:35.247+0000] {processor.py:154} INFO - Started process (PID=181) to work on /home/airflow/.local/lib/python3.7/site-packages/airflow/example_dags/tutorial_taskflow_api.py
[2023-05-22T19:33:35.248+0000] {processor.py:756} INFO - Processing file /home/airflow/.local/lib/python3.7/site-packages/airflow/example_dags/tutorial_taskflow_api.py for tasks to queue
[2023-05-22T19:33:35.249+0000] {logging_mixin.py:120} INFO - [2023-05-22T19:33:35.249+0000] {dagbag.py:537} INFO - Filling up the DagBag from /home/airflow/.local/lib/python3.7/site-packages/airflow/example_dags/tutorial_taskflow_api.py
[2023-05-22T19:33:35.267+0000] {processor.py:766} INFO - DAG(s) dict_keys(['tutorial_taskflow_api']) retrieved from /home/airflow/.local/lib/python3.7/site-packages/airflow/example_dags/tutorial_taskflow_api.py
[2023-05-22T19:33:35.299+0000] {logging_mixin.py:120} INFO - [2023-05-22T19:33:35.299+0000] {dag.py:2585} INFO - Sync 1 DAGs
[2023-05-22T19:33:35.316+0000] {logging_mixin.py:120} INFO - [2023-05-22T19:33:35.316+0000] {dag.py:3340} INFO - Setting next_dagrun for tutorial_taskflow_api to None, run_after=None
[2023-05-22T19:33:35.329+0000] {processor.py:176} INFO - Processing /home/airflow/.local/lib/python3.7/site-packages/airflow/example_dags/tutorial_taskflow_api.py took 0.085 seconds
[2023-05-22T19:34:05.998+0000] {processor.py:154} INFO - Started process (PID=243) to work on /home/airflow/.local/lib/python3.7/site-packages/airflow/example_dags/tutorial_taskflow_api.py
[2023-05-22T19:34:06.000+0000] {processor.py:756} INFO - Processing file /home/airflow/.local/lib/python3.7/site-packages/airflow/example_dags/tutorial_taskflow_api.py for tasks to queue
[2023-05-22T19:34:06.001+0000] {logging_mixin.py:120} INFO - [2023-05-22T19:34:06.001+0000] {dagbag.py:537} INFO - Filling up the DagBag from /home/airflow/.local/lib/python3.7/site-packages/airflow/example_dags/tutorial_taskflow_api.py
[2023-05-22T19:34:06.027+0000] {processor.py:766} INFO - DAG(s) dict_keys(['tutorial_taskflow_api']) retrieved from /home/airflow/.local/lib/python3.7/site-packages/airflow/example_dags/tutorial_taskflow_api.py
[2023-05-22T19:34:06.069+0000] {logging_mixin.py:120} INFO - [2023-05-22T19:34:06.068+0000] {dag.py:2585} INFO - Sync 1 DAGs
[2023-05-22T19:34:06.086+0000] {logging_mixin.py:120} INFO - [2023-05-22T19:34:06.086+0000] {dag.py:3340} INFO - Setting next_dagrun for tutorial_taskflow_api to None, run_after=None
[2023-05-22T19:34:06.099+0000] {processor.py:176} INFO - Processing /home/airflow/.local/lib/python3.7/site-packages/airflow/example_dags/tutorial_taskflow_api.py took 0.105 seconds
[2023-05-22T19:34:36.705+0000] {processor.py:154} INFO - Started process (PID=306) to work on /home/airflow/.local/lib/python3.7/site-packages/airflow/example_dags/tutorial_taskflow_api.py
[2023-05-22T19:34:36.707+0000] {processor.py:756} INFO - Processing file /home/airflow/.local/lib/python3.7/site-packages/airflow/example_dags/tutorial_taskflow_api.py for tasks to queue
[2023-05-22T19:34:36.708+0000] {logging_mixin.py:120} INFO - [2023-05-22T19:34:36.708+0000] {dagbag.py:537} INFO - Filling up the DagBag from /home/airflow/.local/lib/python3.7/site-packages/airflow/example_dags/tutorial_taskflow_api.py
[2023-05-22T19:34:36.729+0000] {processor.py:766} INFO - DAG(s) dict_keys(['tutorial_taskflow_api']) retrieved from /home/airflow/.local/lib/python3.7/site-packages/airflow/example_dags/tutorial_taskflow_api.py
[2023-05-22T19:34:36.764+0000] {logging_mixin.py:120} INFO - [2023-05-22T19:34:36.764+0000] {dag.py:2585} INFO - Sync 1 DAGs
[2023-05-22T19:34:36.780+0000] {logging_mixin.py:120} INFO - [2023-05-22T19:34:36.780+0000] {dag.py:3340} INFO - Setting next_dagrun for tutorial_taskflow_api to None, run_after=None
[2023-05-22T19:34:36.794+0000] {processor.py:176} INFO - Processing /home/airflow/.local/lib/python3.7/site-packages/airflow/example_dags/tutorial_taskflow_api.py took 0.093 seconds
[2023-05-22T19:35:07.127+0000] {processor.py:154} INFO - Started process (PID=368) to work on /home/airflow/.local/lib/python3.7/site-packages/airflow/example_dags/tutorial_taskflow_api.py
[2023-05-22T19:35:07.128+0000] {processor.py:756} INFO - Processing file /home/airflow/.local/lib/python3.7/site-packages/airflow/example_dags/tutorial_taskflow_api.py for tasks to queue
[2023-05-22T19:35:07.130+0000] {logging_mixin.py:120} INFO - [2023-05-22T19:35:07.129+0000] {dagbag.py:537} INFO - Filling up the DagBag from /home/airflow/.local/lib/python3.7/site-packages/airflow/example_dags/tutorial_taskflow_api.py
[2023-05-22T19:35:07.150+0000] {processor.py:766} INFO - DAG(s) dict_keys(['tutorial_taskflow_api']) retrieved from /home/airflow/.local/lib/python3.7/site-packages/airflow/example_dags/tutorial_taskflow_api.py
[2023-05-22T19:35:07.182+0000] {logging_mixin.py:120} INFO - [2023-05-22T19:35:07.182+0000] {dag.py:2585} INFO - Sync 1 DAGs
[2023-05-22T19:35:07.198+0000] {logging_mixin.py:120} INFO - [2023-05-22T19:35:07.198+0000] {dag.py:3340} INFO - Setting next_dagrun for tutorial_taskflow_api to None, run_after=None
[2023-05-22T19:35:07.211+0000] {processor.py:176} INFO - Processing /home/airflow/.local/lib/python3.7/site-packages/airflow/example_dags/tutorial_taskflow_api.py took 0.089 seconds
[2023-05-22T19:35:37.543+0000] {processor.py:154} INFO - Started process (PID=431) to work on /home/airflow/.local/lib/python3.7/site-packages/airflow/example_dags/tutorial_taskflow_api.py
[2023-05-22T19:35:37.545+0000] {processor.py:756} INFO - Processing file /home/airflow/.local/lib/python3.7/site-packages/airflow/example_dags/tutorial_taskflow_api.py for tasks to queue
[2023-05-22T19:35:37.547+0000] {logging_mixin.py:120} INFO - [2023-05-22T19:35:37.547+0000] {dagbag.py:537} INFO - Filling up the DagBag from /home/airflow/.local/lib/python3.7/site-packages/airflow/example_dags/tutorial_taskflow_api.py
[2023-05-22T19:35:37.564+0000] {processor.py:766} INFO - DAG(s) dict_keys(['tutorial_taskflow_api']) retrieved from /home/airflow/.local/lib/python3.7/site-packages/airflow/example_dags/tutorial_taskflow_api.py
[2023-05-22T19:35:37.595+0000] {logging_mixin.py:120} INFO - [2023-05-22T19:35:37.595+0000] {dag.py:2585} INFO - Sync 1 DAGs
[2023-05-22T19:35:37.612+0000] {logging_mixin.py:120} INFO - [2023-05-22T19:35:37.611+0000] {dag.py:3340} INFO - Setting next_dagrun for tutorial_taskflow_api to None, run_after=None
[2023-05-22T19:35:37.624+0000] {processor.py:176} INFO - Processing /home/airflow/.local/lib/python3.7/site-packages/airflow/example_dags/tutorial_taskflow_api.py took 0.084 seconds
[2023-05-22T19:36:08.178+0000] {processor.py:154} INFO - Started process (PID=485) to work on /home/airflow/.local/lib/python3.7/site-packages/airflow/example_dags/tutorial_taskflow_api.py
[2023-05-22T19:36:08.180+0000] {processor.py:756} INFO - Processing file /home/airflow/.local/lib/python3.7/site-packages/airflow/example_dags/tutorial_taskflow_api.py for tasks to queue
[2023-05-22T19:36:08.181+0000] {logging_mixin.py:120} INFO - [2023-05-22T19:36:08.181+0000] {dagbag.py:537} INFO - Filling up the DagBag from /home/airflow/.local/lib/python3.7/site-packages/airflow/example_dags/tutorial_taskflow_api.py
[2023-05-22T19:36:08.200+0000] {processor.py:766} INFO - DAG(s) dict_keys(['tutorial_taskflow_api']) retrieved from /home/airflow/.local/lib/python3.7/site-packages/airflow/example_dags/tutorial_taskflow_api.py
[2023-05-22T19:36:08.239+0000] {logging_mixin.py:120} INFO - [2023-05-22T19:36:08.238+0000] {dag.py:2585} INFO - Sync 1 DAGs
[2023-05-22T19:36:08.257+0000] {logging_mixin.py:120} INFO - [2023-05-22T19:36:08.257+0000] {dag.py:3340} INFO - Setting next_dagrun for tutorial_taskflow_api to None, run_after=None
[2023-05-22T19:36:08.269+0000] {processor.py:176} INFO - Processing /home/airflow/.local/lib/python3.7/site-packages/airflow/example_dags/tutorial_taskflow_api.py took 0.094 seconds
[2023-05-22T19:36:38.859+0000] {processor.py:154} INFO - Started process (PID=548) to work on /home/airflow/.local/lib/python3.7/site-packages/airflow/example_dags/tutorial_taskflow_api.py
[2023-05-22T19:36:38.861+0000] {processor.py:756} INFO - Processing file /home/airflow/.local/lib/python3.7/site-packages/airflow/example_dags/tutorial_taskflow_api.py for tasks to queue
[2023-05-22T19:36:38.862+0000] {logging_mixin.py:120} INFO - [2023-05-22T19:36:38.862+0000] {dagbag.py:537} INFO - Filling up the DagBag from /home/airflow/.local/lib/python3.7/site-packages/airflow/example_dags/tutorial_taskflow_api.py
[2023-05-22T19:36:38.884+0000] {processor.py:766} INFO - DAG(s) dict_keys(['tutorial_taskflow_api']) retrieved from /home/airflow/.local/lib/python3.7/site-packages/airflow/example_dags/tutorial_taskflow_api.py
[2023-05-22T19:36:38.916+0000] {logging_mixin.py:120} INFO - [2023-05-22T19:36:38.916+0000] {dag.py:2585} INFO - Sync 1 DAGs
[2023-05-22T19:36:38.933+0000] {logging_mixin.py:120} INFO - [2023-05-22T19:36:38.933+0000] {dag.py:3340} INFO - Setting next_dagrun for tutorial_taskflow_api to None, run_after=None
[2023-05-22T19:36:38.945+0000] {processor.py:176} INFO - Processing /home/airflow/.local/lib/python3.7/site-packages/airflow/example_dags/tutorial_taskflow_api.py took 0.089 seconds
[2023-05-22T19:37:09.544+0000] {processor.py:154} INFO - Started process (PID=611) to work on /home/airflow/.local/lib/python3.7/site-packages/airflow/example_dags/tutorial_taskflow_api.py
[2023-05-22T19:37:09.545+0000] {processor.py:756} INFO - Processing file /home/airflow/.local/lib/python3.7/site-packages/airflow/example_dags/tutorial_taskflow_api.py for tasks to queue
[2023-05-22T19:37:09.546+0000] {logging_mixin.py:120} INFO - [2023-05-22T19:37:09.546+0000] {dagbag.py:537} INFO - Filling up the DagBag from /home/airflow/.local/lib/python3.7/site-packages/airflow/example_dags/tutorial_taskflow_api.py
[2023-05-22T19:37:09.568+0000] {processor.py:766} INFO - DAG(s) dict_keys(['tutorial_taskflow_api']) retrieved from /home/airflow/.local/lib/python3.7/site-packages/airflow/example_dags/tutorial_taskflow_api.py
[2023-05-22T19:37:09.602+0000] {logging_mixin.py:120} INFO - [2023-05-22T19:37:09.602+0000] {dag.py:2585} INFO - Sync 1 DAGs
[2023-05-22T19:37:09.618+0000] {logging_mixin.py:120} INFO - [2023-05-22T19:37:09.618+0000] {dag.py:3340} INFO - Setting next_dagrun for tutorial_taskflow_api to None, run_after=None
[2023-05-22T19:37:09.631+0000] {processor.py:176} INFO - Processing /home/airflow/.local/lib/python3.7/site-packages/airflow/example_dags/tutorial_taskflow_api.py took 0.090 seconds
[2023-05-22T19:37:40.264+0000] {processor.py:154} INFO - Started process (PID=673) to work on /home/airflow/.local/lib/python3.7/site-packages/airflow/example_dags/tutorial_taskflow_api.py
[2023-05-22T19:37:40.266+0000] {processor.py:756} INFO - Processing file /home/airflow/.local/lib/python3.7/site-packages/airflow/example_dags/tutorial_taskflow_api.py for tasks to queue
[2023-05-22T19:37:40.267+0000] {logging_mixin.py:120} INFO - [2023-05-22T19:37:40.267+0000] {dagbag.py:537} INFO - Filling up the DagBag from /home/airflow/.local/lib/python3.7/site-packages/airflow/example_dags/tutorial_taskflow_api.py
[2023-05-22T19:37:40.291+0000] {processor.py:766} INFO - DAG(s) dict_keys(['tutorial_taskflow_api']) retrieved from /home/airflow/.local/lib/python3.7/site-packages/airflow/example_dags/tutorial_taskflow_api.py
[2023-05-22T19:37:40.325+0000] {logging_mixin.py:120} INFO - [2023-05-22T19:37:40.325+0000] {dag.py:2585} INFO - Sync 1 DAGs
[2023-05-22T19:37:40.342+0000] {logging_mixin.py:120} INFO - [2023-05-22T19:37:40.342+0000] {dag.py:3340} INFO - Setting next_dagrun for tutorial_taskflow_api to None, run_after=None
[2023-05-22T19:37:40.354+0000] {processor.py:176} INFO - Processing /home/airflow/.local/lib/python3.7/site-packages/airflow/example_dags/tutorial_taskflow_api.py took 0.096 seconds
[2023-05-22T19:38:10.828+0000] {processor.py:154} INFO - Started process (PID=736) to work on /home/airflow/.local/lib/python3.7/site-packages/airflow/example_dags/tutorial_taskflow_api.py
[2023-05-22T19:38:10.830+0000] {processor.py:756} INFO - Processing file /home/airflow/.local/lib/python3.7/site-packages/airflow/example_dags/tutorial_taskflow_api.py for tasks to queue
[2023-05-22T19:38:10.831+0000] {logging_mixin.py:120} INFO - [2023-05-22T19:38:10.831+0000] {dagbag.py:537} INFO - Filling up the DagBag from /home/airflow/.local/lib/python3.7/site-packages/airflow/example_dags/tutorial_taskflow_api.py
[2023-05-22T19:38:10.845+0000] {processor.py:766} INFO - DAG(s) dict_keys(['tutorial_taskflow_api']) retrieved from /home/airflow/.local/lib/python3.7/site-packages/airflow/example_dags/tutorial_taskflow_api.py
[2023-05-22T19:38:10.877+0000] {logging_mixin.py:120} INFO - [2023-05-22T19:38:10.877+0000] {dag.py:2585} INFO - Sync 1 DAGs
[2023-05-22T19:38:10.894+0000] {logging_mixin.py:120} INFO - [2023-05-22T19:38:10.894+0000] {dag.py:3340} INFO - Setting next_dagrun for tutorial_taskflow_api to None, run_after=None
[2023-05-22T19:38:10.906+0000] {processor.py:176} INFO - Processing /home/airflow/.local/lib/python3.7/site-packages/airflow/example_dags/tutorial_taskflow_api.py took 0.080 seconds
[2023-05-22T19:38:41.465+0000] {processor.py:154} INFO - Started process (PID=800) to work on /home/airflow/.local/lib/python3.7/site-packages/airflow/example_dags/tutorial_taskflow_api.py
[2023-05-22T19:38:41.467+0000] {processor.py:756} INFO - Processing file /home/airflow/.local/lib/python3.7/site-packages/airflow/example_dags/tutorial_taskflow_api.py for tasks to queue
[2023-05-22T19:38:41.468+0000] {logging_mixin.py:120} INFO - [2023-05-22T19:38:41.468+0000] {dagbag.py:537} INFO - Filling up the DagBag from /home/airflow/.local/lib/python3.7/site-packages/airflow/example_dags/tutorial_taskflow_api.py
[2023-05-22T19:38:41.488+0000] {processor.py:766} INFO - DAG(s) dict_keys(['tutorial_taskflow_api']) retrieved from /home/airflow/.local/lib/python3.7/site-packages/airflow/example_dags/tutorial_taskflow_api.py
[2023-05-22T19:38:41.536+0000] {logging_mixin.py:120} INFO - [2023-05-22T19:38:41.536+0000] {dag.py:2585} INFO - Sync 1 DAGs
[2023-05-22T19:38:41.556+0000] {logging_mixin.py:120} INFO - [2023-05-22T19:38:41.556+0000] {dag.py:3340} INFO - Setting next_dagrun for tutorial_taskflow_api to None, run_after=None
[2023-05-22T19:38:41.572+0000] {processor.py:176} INFO - Processing /home/airflow/.local/lib/python3.7/site-packages/airflow/example_dags/tutorial_taskflow_api.py took 0.110 seconds
[2023-05-22T19:39:12.117+0000] {processor.py:154} INFO - Started process (PID=854) to work on /home/airflow/.local/lib/python3.7/site-packages/airflow/example_dags/tutorial_taskflow_api.py
[2023-05-22T19:39:12.119+0000] {processor.py:756} INFO - Processing file /home/airflow/.local/lib/python3.7/site-packages/airflow/example_dags/tutorial_taskflow_api.py for tasks to queue
[2023-05-22T19:39:12.120+0000] {logging_mixin.py:120} INFO - [2023-05-22T19:39:12.120+0000] {dagbag.py:537} INFO - Filling up the DagBag from /home/airflow/.local/lib/python3.7/site-packages/airflow/example_dags/tutorial_taskflow_api.py
[2023-05-22T19:39:12.137+0000] {processor.py:766} INFO - DAG(s) dict_keys(['tutorial_taskflow_api']) retrieved from /home/airflow/.local/lib/python3.7/site-packages/airflow/example_dags/tutorial_taskflow_api.py
[2023-05-22T19:39:12.167+0000] {logging_mixin.py:120} INFO - [2023-05-22T19:39:12.167+0000] {dag.py:2585} INFO - Sync 1 DAGs
[2023-05-22T19:39:12.183+0000] {logging_mixin.py:120} INFO - [2023-05-22T19:39:12.183+0000] {dag.py:3340} INFO - Setting next_dagrun for tutorial_taskflow_api to None, run_after=None
[2023-05-22T19:39:12.195+0000] {processor.py:176} INFO - Processing /home/airflow/.local/lib/python3.7/site-packages/airflow/example_dags/tutorial_taskflow_api.py took 0.081 seconds
[2023-05-22T19:39:42.397+0000] {processor.py:154} INFO - Started process (PID=917) to work on /home/airflow/.local/lib/python3.7/site-packages/airflow/example_dags/tutorial_taskflow_api.py
[2023-05-22T19:39:42.399+0000] {processor.py:756} INFO - Processing file /home/airflow/.local/lib/python3.7/site-packages/airflow/example_dags/tutorial_taskflow_api.py for tasks to queue
[2023-05-22T19:39:42.401+0000] {logging_mixin.py:120} INFO - [2023-05-22T19:39:42.400+0000] {dagbag.py:537} INFO - Filling up the DagBag from /home/airflow/.local/lib/python3.7/site-packages/airflow/example_dags/tutorial_taskflow_api.py
[2023-05-22T19:39:42.421+0000] {processor.py:766} INFO - DAG(s) dict_keys(['tutorial_taskflow_api']) retrieved from /home/airflow/.local/lib/python3.7/site-packages/airflow/example_dags/tutorial_taskflow_api.py
[2023-05-22T19:39:42.454+0000] {logging_mixin.py:120} INFO - [2023-05-22T19:39:42.454+0000] {dag.py:2585} INFO - Sync 1 DAGs
[2023-05-22T19:39:42.472+0000] {logging_mixin.py:120} INFO - [2023-05-22T19:39:42.471+0000] {dag.py:3340} INFO - Setting next_dagrun for tutorial_taskflow_api to None, run_after=None
[2023-05-22T19:39:42.485+0000] {processor.py:176} INFO - Processing /home/airflow/.local/lib/python3.7/site-packages/airflow/example_dags/tutorial_taskflow_api.py took 0.092 seconds
[2023-05-22T19:40:13.117+0000] {processor.py:154} INFO - Started process (PID=979) to work on /home/airflow/.local/lib/python3.7/site-packages/airflow/example_dags/tutorial_taskflow_api.py
[2023-05-22T19:40:13.119+0000] {processor.py:756} INFO - Processing file /home/airflow/.local/lib/python3.7/site-packages/airflow/example_dags/tutorial_taskflow_api.py for tasks to queue
[2023-05-22T19:40:13.120+0000] {logging_mixin.py:120} INFO - [2023-05-22T19:40:13.120+0000] {dagbag.py:537} INFO - Filling up the DagBag from /home/airflow/.local/lib/python3.7/site-packages/airflow/example_dags/tutorial_taskflow_api.py
[2023-05-22T19:40:13.141+0000] {processor.py:766} INFO - DAG(s) dict_keys(['tutorial_taskflow_api']) retrieved from /home/airflow/.local/lib/python3.7/site-packages/airflow/example_dags/tutorial_taskflow_api.py
[2023-05-22T19:40:13.177+0000] {logging_mixin.py:120} INFO - [2023-05-22T19:40:13.177+0000] {dag.py:2585} INFO - Sync 1 DAGs
[2023-05-22T19:40:13.193+0000] {logging_mixin.py:120} INFO - [2023-05-22T19:40:13.193+0000] {dag.py:3340} INFO - Setting next_dagrun for tutorial_taskflow_api to None, run_after=None
[2023-05-22T19:40:13.205+0000] {processor.py:176} INFO - Processing /home/airflow/.local/lib/python3.7/site-packages/airflow/example_dags/tutorial_taskflow_api.py took 0.092 seconds
[2023-05-22T19:40:43.557+0000] {processor.py:154} INFO - Started process (PID=1042) to work on /home/airflow/.local/lib/python3.7/site-packages/airflow/example_dags/tutorial_taskflow_api.py
[2023-05-22T19:40:43.560+0000] {processor.py:756} INFO - Processing file /home/airflow/.local/lib/python3.7/site-packages/airflow/example_dags/tutorial_taskflow_api.py for tasks to queue
[2023-05-22T19:40:43.561+0000] {logging_mixin.py:120} INFO - [2023-05-22T19:40:43.561+0000] {dagbag.py:537} INFO - Filling up the DagBag from /home/airflow/.local/lib/python3.7/site-packages/airflow/example_dags/tutorial_taskflow_api.py
[2023-05-22T19:40:43.582+0000] {processor.py:766} INFO - DAG(s) dict_keys(['tutorial_taskflow_api']) retrieved from /home/airflow/.local/lib/python3.7/site-packages/airflow/example_dags/tutorial_taskflow_api.py
[2023-05-22T19:40:43.617+0000] {logging_mixin.py:120} INFO - [2023-05-22T19:40:43.617+0000] {dag.py:2585} INFO - Sync 1 DAGs
[2023-05-22T19:40:43.634+0000] {logging_mixin.py:120} INFO - [2023-05-22T19:40:43.633+0000] {dag.py:3340} INFO - Setting next_dagrun for tutorial_taskflow_api to None, run_after=None
[2023-05-22T19:40:43.645+0000] {processor.py:176} INFO - Processing /home/airflow/.local/lib/python3.7/site-packages/airflow/example_dags/tutorial_taskflow_api.py took 0.091 seconds
[2023-05-22T19:41:14.066+0000] {processor.py:154} INFO - Started process (PID=1105) to work on /home/airflow/.local/lib/python3.7/site-packages/airflow/example_dags/tutorial_taskflow_api.py
[2023-05-22T19:41:14.068+0000] {processor.py:756} INFO - Processing file /home/airflow/.local/lib/python3.7/site-packages/airflow/example_dags/tutorial_taskflow_api.py for tasks to queue
[2023-05-22T19:41:14.068+0000] {logging_mixin.py:120} INFO - [2023-05-22T19:41:14.068+0000] {dagbag.py:537} INFO - Filling up the DagBag from /home/airflow/.local/lib/python3.7/site-packages/airflow/example_dags/tutorial_taskflow_api.py
[2023-05-22T19:41:14.083+0000] {processor.py:766} INFO - DAG(s) dict_keys(['tutorial_taskflow_api']) retrieved from /home/airflow/.local/lib/python3.7/site-packages/airflow/example_dags/tutorial_taskflow_api.py
[2023-05-22T19:41:14.114+0000] {logging_mixin.py:120} INFO - [2023-05-22T19:41:14.114+0000] {dag.py:2585} INFO - Sync 1 DAGs
[2023-05-22T19:41:14.129+0000] {logging_mixin.py:120} INFO - [2023-05-22T19:41:14.129+0000] {dag.py:3340} INFO - Setting next_dagrun for tutorial_taskflow_api to None, run_after=None
[2023-05-22T19:41:14.142+0000] {processor.py:176} INFO - Processing /home/airflow/.local/lib/python3.7/site-packages/airflow/example_dags/tutorial_taskflow_api.py took 0.079 seconds
[2023-05-22T19:41:44.696+0000] {processor.py:154} INFO - Started process (PID=1169) to work on /home/airflow/.local/lib/python3.7/site-packages/airflow/example_dags/tutorial_taskflow_api.py
[2023-05-22T19:41:44.698+0000] {processor.py:756} INFO - Processing file /home/airflow/.local/lib/python3.7/site-packages/airflow/example_dags/tutorial_taskflow_api.py for tasks to queue
[2023-05-22T19:41:44.700+0000] {logging_mixin.py:120} INFO - [2023-05-22T19:41:44.700+0000] {dagbag.py:537} INFO - Filling up the DagBag from /home/airflow/.local/lib/python3.7/site-packages/airflow/example_dags/tutorial_taskflow_api.py
[2023-05-22T19:41:44.718+0000] {processor.py:766} INFO - DAG(s) dict_keys(['tutorial_taskflow_api']) retrieved from /home/airflow/.local/lib/python3.7/site-packages/airflow/example_dags/tutorial_taskflow_api.py
[2023-05-22T19:41:44.751+0000] {logging_mixin.py:120} INFO - [2023-05-22T19:41:44.751+0000] {dag.py:2585} INFO - Sync 1 DAGs
[2023-05-22T19:41:44.768+0000] {logging_mixin.py:120} INFO - [2023-05-22T19:41:44.768+0000] {dag.py:3340} INFO - Setting next_dagrun for tutorial_taskflow_api to None, run_after=None
[2023-05-22T19:41:44.781+0000] {processor.py:176} INFO - Processing /home/airflow/.local/lib/python3.7/site-packages/airflow/example_dags/tutorial_taskflow_api.py took 0.089 seconds
[2023-05-22T19:42:15.178+0000] {processor.py:154} INFO - Started process (PID=1223) to work on /home/airflow/.local/lib/python3.7/site-packages/airflow/example_dags/tutorial_taskflow_api.py
[2023-05-22T19:42:15.179+0000] {processor.py:756} INFO - Processing file /home/airflow/.local/lib/python3.7/site-packages/airflow/example_dags/tutorial_taskflow_api.py for tasks to queue
[2023-05-22T19:42:15.180+0000] {logging_mixin.py:120} INFO - [2023-05-22T19:42:15.180+0000] {dagbag.py:537} INFO - Filling up the DagBag from /home/airflow/.local/lib/python3.7/site-packages/airflow/example_dags/tutorial_taskflow_api.py
[2023-05-22T19:42:15.203+0000] {processor.py:766} INFO - DAG(s) dict_keys(['tutorial_taskflow_api']) retrieved from /home/airflow/.local/lib/python3.7/site-packages/airflow/example_dags/tutorial_taskflow_api.py
[2023-05-22T19:42:15.242+0000] {logging_mixin.py:120} INFO - [2023-05-22T19:42:15.242+0000] {dag.py:2585} INFO - Sync 1 DAGs
[2023-05-22T19:42:15.259+0000] {logging_mixin.py:120} INFO - [2023-05-22T19:42:15.259+0000] {dag.py:3340} INFO - Setting next_dagrun for tutorial_taskflow_api to None, run_after=None
[2023-05-22T19:42:15.271+0000] {processor.py:176} INFO - Processing /home/airflow/.local/lib/python3.7/site-packages/airflow/example_dags/tutorial_taskflow_api.py took 0.098 seconds
[2023-05-22T19:42:45.591+0000] {processor.py:154} INFO - Started process (PID=1293) to work on /home/airflow/.local/lib/python3.7/site-packages/airflow/example_dags/tutorial_taskflow_api.py
[2023-05-22T19:42:45.593+0000] {processor.py:756} INFO - Processing file /home/airflow/.local/lib/python3.7/site-packages/airflow/example_dags/tutorial_taskflow_api.py for tasks to queue
[2023-05-22T19:42:45.595+0000] {logging_mixin.py:120} INFO - [2023-05-22T19:42:45.595+0000] {dagbag.py:537} INFO - Filling up the DagBag from /home/airflow/.local/lib/python3.7/site-packages/airflow/example_dags/tutorial_taskflow_api.py
[2023-05-22T19:42:45.615+0000] {processor.py:766} INFO - DAG(s) dict_keys(['tutorial_taskflow_api']) retrieved from /home/airflow/.local/lib/python3.7/site-packages/airflow/example_dags/tutorial_taskflow_api.py
[2023-05-22T19:42:45.644+0000] {logging_mixin.py:120} INFO - [2023-05-22T19:42:45.644+0000] {dag.py:2585} INFO - Sync 1 DAGs
[2023-05-22T19:42:45.660+0000] {logging_mixin.py:120} INFO - [2023-05-22T19:42:45.660+0000] {dag.py:3340} INFO - Setting next_dagrun for tutorial_taskflow_api to None, run_after=None
[2023-05-22T19:42:45.672+0000] {processor.py:176} INFO - Processing /home/airflow/.local/lib/python3.7/site-packages/airflow/example_dags/tutorial_taskflow_api.py took 0.084 seconds
[2023-05-22T19:43:16.239+0000] {processor.py:154} INFO - Started process (PID=1355) to work on /home/airflow/.local/lib/python3.7/site-packages/airflow/example_dags/tutorial_taskflow_api.py
[2023-05-22T19:43:16.241+0000] {processor.py:756} INFO - Processing file /home/airflow/.local/lib/python3.7/site-packages/airflow/example_dags/tutorial_taskflow_api.py for tasks to queue
[2023-05-22T19:43:16.242+0000] {logging_mixin.py:120} INFO - [2023-05-22T19:43:16.242+0000] {dagbag.py:537} INFO - Filling up the DagBag from /home/airflow/.local/lib/python3.7/site-packages/airflow/example_dags/tutorial_taskflow_api.py
[2023-05-22T19:43:16.263+0000] {processor.py:766} INFO - DAG(s) dict_keys(['tutorial_taskflow_api']) retrieved from /home/airflow/.local/lib/python3.7/site-packages/airflow/example_dags/tutorial_taskflow_api.py
[2023-05-22T19:43:16.294+0000] {logging_mixin.py:120} INFO - [2023-05-22T19:43:16.294+0000] {dag.py:2585} INFO - Sync 1 DAGs
[2023-05-22T19:43:16.310+0000] {logging_mixin.py:120} INFO - [2023-05-22T19:43:16.310+0000] {dag.py:3340} INFO - Setting next_dagrun for tutorial_taskflow_api to None, run_after=None
[2023-05-22T19:43:16.323+0000] {processor.py:176} INFO - Processing /home/airflow/.local/lib/python3.7/site-packages/airflow/example_dags/tutorial_taskflow_api.py took 0.089 seconds
[2023-05-22T19:43:46.400+0000] {processor.py:154} INFO - Started process (PID=1418) to work on /home/airflow/.local/lib/python3.7/site-packages/airflow/example_dags/tutorial_taskflow_api.py
[2023-05-22T19:43:46.402+0000] {processor.py:756} INFO - Processing file /home/airflow/.local/lib/python3.7/site-packages/airflow/example_dags/tutorial_taskflow_api.py for tasks to queue
[2023-05-22T19:43:46.403+0000] {logging_mixin.py:120} INFO - [2023-05-22T19:43:46.403+0000] {dagbag.py:537} INFO - Filling up the DagBag from /home/airflow/.local/lib/python3.7/site-packages/airflow/example_dags/tutorial_taskflow_api.py
[2023-05-22T19:43:46.419+0000] {processor.py:766} INFO - DAG(s) dict_keys(['tutorial_taskflow_api']) retrieved from /home/airflow/.local/lib/python3.7/site-packages/airflow/example_dags/tutorial_taskflow_api.py
[2023-05-22T19:43:46.453+0000] {logging_mixin.py:120} INFO - [2023-05-22T19:43:46.453+0000] {dag.py:2585} INFO - Sync 1 DAGs
[2023-05-22T19:43:46.472+0000] {logging_mixin.py:120} INFO - [2023-05-22T19:43:46.471+0000] {dag.py:3340} INFO - Setting next_dagrun for tutorial_taskflow_api to None, run_after=None
[2023-05-22T19:43:46.486+0000] {processor.py:176} INFO - Processing /home/airflow/.local/lib/python3.7/site-packages/airflow/example_dags/tutorial_taskflow_api.py took 0.089 seconds
[2023-05-22T19:44:17.290+0000] {processor.py:154} INFO - Started process (PID=1481) to work on /home/airflow/.local/lib/python3.7/site-packages/airflow/example_dags/tutorial_taskflow_api.py
[2023-05-22T19:44:17.291+0000] {processor.py:756} INFO - Processing file /home/airflow/.local/lib/python3.7/site-packages/airflow/example_dags/tutorial_taskflow_api.py for tasks to queue
[2023-05-22T19:44:17.292+0000] {logging_mixin.py:120} INFO - [2023-05-22T19:44:17.292+0000] {dagbag.py:537} INFO - Filling up the DagBag from /home/airflow/.local/lib/python3.7/site-packages/airflow/example_dags/tutorial_taskflow_api.py
[2023-05-22T19:44:17.307+0000] {processor.py:766} INFO - DAG(s) dict_keys(['tutorial_taskflow_api']) retrieved from /home/airflow/.local/lib/python3.7/site-packages/airflow/example_dags/tutorial_taskflow_api.py
[2023-05-22T19:44:17.338+0000] {logging_mixin.py:120} INFO - [2023-05-22T19:44:17.338+0000] {dag.py:2585} INFO - Sync 1 DAGs
[2023-05-22T19:44:17.355+0000] {logging_mixin.py:120} INFO - [2023-05-22T19:44:17.355+0000] {dag.py:3340} INFO - Setting next_dagrun for tutorial_taskflow_api to None, run_after=None
[2023-05-22T19:44:17.367+0000] {processor.py:176} INFO - Processing /home/airflow/.local/lib/python3.7/site-packages/airflow/example_dags/tutorial_taskflow_api.py took 0.080 seconds
[2023-05-22T19:44:47.979+0000] {processor.py:154} INFO - Started process (PID=1544) to work on /home/airflow/.local/lib/python3.7/site-packages/airflow/example_dags/tutorial_taskflow_api.py
[2023-05-22T19:44:47.980+0000] {processor.py:756} INFO - Processing file /home/airflow/.local/lib/python3.7/site-packages/airflow/example_dags/tutorial_taskflow_api.py for tasks to queue
[2023-05-22T19:44:47.981+0000] {logging_mixin.py:120} INFO - [2023-05-22T19:44:47.981+0000] {dagbag.py:537} INFO - Filling up the DagBag from /home/airflow/.local/lib/python3.7/site-packages/airflow/example_dags/tutorial_taskflow_api.py
[2023-05-22T19:44:47.997+0000] {processor.py:766} INFO - DAG(s) dict_keys(['tutorial_taskflow_api']) retrieved from /home/airflow/.local/lib/python3.7/site-packages/airflow/example_dags/tutorial_taskflow_api.py
[2023-05-22T19:44:48.027+0000] {logging_mixin.py:120} INFO - [2023-05-22T19:44:48.026+0000] {dag.py:2585} INFO - Sync 1 DAGs
[2023-05-22T19:44:48.042+0000] {logging_mixin.py:120} INFO - [2023-05-22T19:44:48.042+0000] {dag.py:3340} INFO - Setting next_dagrun for tutorial_taskflow_api to None, run_after=None
[2023-05-22T19:44:48.055+0000] {processor.py:176} INFO - Processing /home/airflow/.local/lib/python3.7/site-packages/airflow/example_dags/tutorial_taskflow_api.py took 0.078 seconds
[2023-05-22T19:45:18.541+0000] {processor.py:154} INFO - Started process (PID=1598) to work on /home/airflow/.local/lib/python3.7/site-packages/airflow/example_dags/tutorial_taskflow_api.py
[2023-05-22T19:45:18.542+0000] {processor.py:756} INFO - Processing file /home/airflow/.local/lib/python3.7/site-packages/airflow/example_dags/tutorial_taskflow_api.py for tasks to queue
[2023-05-22T19:45:18.543+0000] {logging_mixin.py:120} INFO - [2023-05-22T19:45:18.543+0000] {dagbag.py:537} INFO - Filling up the DagBag from /home/airflow/.local/lib/python3.7/site-packages/airflow/example_dags/tutorial_taskflow_api.py
[2023-05-22T19:45:18.559+0000] {processor.py:766} INFO - DAG(s) dict_keys(['tutorial_taskflow_api']) retrieved from /home/airflow/.local/lib/python3.7/site-packages/airflow/example_dags/tutorial_taskflow_api.py
[2023-05-22T19:45:18.591+0000] {logging_mixin.py:120} INFO - [2023-05-22T19:45:18.590+0000] {dag.py:2585} INFO - Sync 1 DAGs
[2023-05-22T19:45:18.607+0000] {logging_mixin.py:120} INFO - [2023-05-22T19:45:18.606+0000] {dag.py:3340} INFO - Setting next_dagrun for tutorial_taskflow_api to None, run_after=None
[2023-05-22T19:45:18.618+0000] {processor.py:176} INFO - Processing /home/airflow/.local/lib/python3.7/site-packages/airflow/example_dags/tutorial_taskflow_api.py took 0.079 seconds
[2023-05-22T19:45:49.146+0000] {processor.py:154} INFO - Started process (PID=1661) to work on /home/airflow/.local/lib/python3.7/site-packages/airflow/example_dags/tutorial_taskflow_api.py
[2023-05-22T19:45:49.149+0000] {processor.py:756} INFO - Processing file /home/airflow/.local/lib/python3.7/site-packages/airflow/example_dags/tutorial_taskflow_api.py for tasks to queue
[2023-05-22T19:45:49.150+0000] {logging_mixin.py:120} INFO - [2023-05-22T19:45:49.150+0000] {dagbag.py:537} INFO - Filling up the DagBag from /home/airflow/.local/lib/python3.7/site-packages/airflow/example_dags/tutorial_taskflow_api.py
[2023-05-22T19:45:49.167+0000] {processor.py:766} INFO - DAG(s) dict_keys(['tutorial_taskflow_api']) retrieved from /home/airflow/.local/lib/python3.7/site-packages/airflow/example_dags/tutorial_taskflow_api.py
[2023-05-22T19:45:49.200+0000] {logging_mixin.py:120} INFO - [2023-05-22T19:45:49.200+0000] {dag.py:2585} INFO - Sync 1 DAGs
[2023-05-22T19:45:49.218+0000] {logging_mixin.py:120} INFO - [2023-05-22T19:45:49.218+0000] {dag.py:3340} INFO - Setting next_dagrun for tutorial_taskflow_api to None, run_after=None
[2023-05-22T19:45:49.230+0000] {processor.py:176} INFO - Processing /home/airflow/.local/lib/python3.7/site-packages/airflow/example_dags/tutorial_taskflow_api.py took 0.086 seconds
[2023-05-22T19:46:19.606+0000] {processor.py:154} INFO - Started process (PID=1723) to work on /home/airflow/.local/lib/python3.7/site-packages/airflow/example_dags/tutorial_taskflow_api.py
[2023-05-22T19:46:19.607+0000] {processor.py:756} INFO - Processing file /home/airflow/.local/lib/python3.7/site-packages/airflow/example_dags/tutorial_taskflow_api.py for tasks to queue
[2023-05-22T19:46:19.608+0000] {logging_mixin.py:120} INFO - [2023-05-22T19:46:19.608+0000] {dagbag.py:537} INFO - Filling up the DagBag from /home/airflow/.local/lib/python3.7/site-packages/airflow/example_dags/tutorial_taskflow_api.py
[2023-05-22T19:46:19.624+0000] {processor.py:766} INFO - DAG(s) dict_keys(['tutorial_taskflow_api']) retrieved from /home/airflow/.local/lib/python3.7/site-packages/airflow/example_dags/tutorial_taskflow_api.py
[2023-05-22T19:46:19.655+0000] {logging_mixin.py:120} INFO - [2023-05-22T19:46:19.654+0000] {dag.py:2585} INFO - Sync 1 DAGs
[2023-05-22T19:46:19.671+0000] {logging_mixin.py:120} INFO - [2023-05-22T19:46:19.671+0000] {dag.py:3340} INFO - Setting next_dagrun for tutorial_taskflow_api to None, run_after=None
[2023-05-22T19:46:19.683+0000] {processor.py:176} INFO - Processing /home/airflow/.local/lib/python3.7/site-packages/airflow/example_dags/tutorial_taskflow_api.py took 0.081 seconds
[2023-05-22T19:46:50.321+0000] {processor.py:154} INFO - Started process (PID=1787) to work on /home/airflow/.local/lib/python3.7/site-packages/airflow/example_dags/tutorial_taskflow_api.py
[2023-05-22T19:46:50.323+0000] {processor.py:756} INFO - Processing file /home/airflow/.local/lib/python3.7/site-packages/airflow/example_dags/tutorial_taskflow_api.py for tasks to queue
[2023-05-22T19:46:50.324+0000] {logging_mixin.py:120} INFO - [2023-05-22T19:46:50.324+0000] {dagbag.py:537} INFO - Filling up the DagBag from /home/airflow/.local/lib/python3.7/site-packages/airflow/example_dags/tutorial_taskflow_api.py
[2023-05-22T19:46:50.341+0000] {processor.py:766} INFO - DAG(s) dict_keys(['tutorial_taskflow_api']) retrieved from /home/airflow/.local/lib/python3.7/site-packages/airflow/example_dags/tutorial_taskflow_api.py
[2023-05-22T19:46:50.371+0000] {logging_mixin.py:120} INFO - [2023-05-22T19:46:50.371+0000] {dag.py:2585} INFO - Sync 1 DAGs
[2023-05-22T19:46:50.388+0000] {logging_mixin.py:120} INFO - [2023-05-22T19:46:50.388+0000] {dag.py:3340} INFO - Setting next_dagrun for tutorial_taskflow_api to None, run_after=None
[2023-05-22T19:46:50.400+0000] {processor.py:176} INFO - Processing /home/airflow/.local/lib/python3.7/site-packages/airflow/example_dags/tutorial_taskflow_api.py took 0.082 seconds
[2023-05-22T19:47:20.866+0000] {processor.py:154} INFO - Started process (PID=1851) to work on /home/airflow/.local/lib/python3.7/site-packages/airflow/example_dags/tutorial_taskflow_api.py
[2023-05-22T19:47:20.868+0000] {processor.py:756} INFO - Processing file /home/airflow/.local/lib/python3.7/site-packages/airflow/example_dags/tutorial_taskflow_api.py for tasks to queue
[2023-05-22T19:47:20.868+0000] {logging_mixin.py:120} INFO - [2023-05-22T19:47:20.868+0000] {dagbag.py:537} INFO - Filling up the DagBag from /home/airflow/.local/lib/python3.7/site-packages/airflow/example_dags/tutorial_taskflow_api.py
[2023-05-22T19:47:20.886+0000] {processor.py:766} INFO - DAG(s) dict_keys(['tutorial_taskflow_api']) retrieved from /home/airflow/.local/lib/python3.7/site-packages/airflow/example_dags/tutorial_taskflow_api.py
[2023-05-22T19:47:20.923+0000] {logging_mixin.py:120} INFO - [2023-05-22T19:47:20.923+0000] {dag.py:2585} INFO - Sync 1 DAGs
[2023-05-22T19:47:20.940+0000] {logging_mixin.py:120} INFO - [2023-05-22T19:47:20.939+0000] {dag.py:3340} INFO - Setting next_dagrun for tutorial_taskflow_api to None, run_after=None
[2023-05-22T19:47:20.953+0000] {processor.py:176} INFO - Processing /home/airflow/.local/lib/python3.7/site-packages/airflow/example_dags/tutorial_taskflow_api.py took 0.089 seconds
[2023-05-22T19:47:51.550+0000] {processor.py:154} INFO - Started process (PID=1914) to work on /home/airflow/.local/lib/python3.7/site-packages/airflow/example_dags/tutorial_taskflow_api.py
[2023-05-22T19:47:51.551+0000] {processor.py:756} INFO - Processing file /home/airflow/.local/lib/python3.7/site-packages/airflow/example_dags/tutorial_taskflow_api.py for tasks to queue
[2023-05-22T19:47:51.552+0000] {logging_mixin.py:120} INFO - [2023-05-22T19:47:51.552+0000] {dagbag.py:537} INFO - Filling up the DagBag from /home/airflow/.local/lib/python3.7/site-packages/airflow/example_dags/tutorial_taskflow_api.py
[2023-05-22T19:47:51.569+0000] {processor.py:766} INFO - DAG(s) dict_keys(['tutorial_taskflow_api']) retrieved from /home/airflow/.local/lib/python3.7/site-packages/airflow/example_dags/tutorial_taskflow_api.py
[2023-05-22T19:47:51.605+0000] {logging_mixin.py:120} INFO - [2023-05-22T19:47:51.605+0000] {dag.py:2585} INFO - Sync 1 DAGs
[2023-05-22T19:47:51.625+0000] {logging_mixin.py:120} INFO - [2023-05-22T19:47:51.625+0000] {dag.py:3340} INFO - Setting next_dagrun for tutorial_taskflow_api to None, run_after=None
[2023-05-22T19:47:51.640+0000] {processor.py:176} INFO - Processing /home/airflow/.local/lib/python3.7/site-packages/airflow/example_dags/tutorial_taskflow_api.py took 0.093 seconds
[2023-05-22T19:48:22.232+0000] {processor.py:154} INFO - Started process (PID=1968) to work on /home/airflow/.local/lib/python3.7/site-packages/airflow/example_dags/tutorial_taskflow_api.py
[2023-05-22T19:48:22.233+0000] {processor.py:756} INFO - Processing file /home/airflow/.local/lib/python3.7/site-packages/airflow/example_dags/tutorial_taskflow_api.py for tasks to queue
[2023-05-22T19:48:22.234+0000] {logging_mixin.py:120} INFO - [2023-05-22T19:48:22.234+0000] {dagbag.py:537} INFO - Filling up the DagBag from /home/airflow/.local/lib/python3.7/site-packages/airflow/example_dags/tutorial_taskflow_api.py
[2023-05-22T19:48:22.251+0000] {processor.py:766} INFO - DAG(s) dict_keys(['tutorial_taskflow_api']) retrieved from /home/airflow/.local/lib/python3.7/site-packages/airflow/example_dags/tutorial_taskflow_api.py
[2023-05-22T19:48:22.280+0000] {logging_mixin.py:120} INFO - [2023-05-22T19:48:22.280+0000] {dag.py:2585} INFO - Sync 1 DAGs
[2023-05-22T19:48:22.296+0000] {logging_mixin.py:120} INFO - [2023-05-22T19:48:22.296+0000] {dag.py:3340} INFO - Setting next_dagrun for tutorial_taskflow_api to None, run_after=None
[2023-05-22T19:48:22.308+0000] {processor.py:176} INFO - Processing /home/airflow/.local/lib/python3.7/site-packages/airflow/example_dags/tutorial_taskflow_api.py took 0.079 seconds
[2023-05-22T19:48:52.769+0000] {processor.py:154} INFO - Started process (PID=2030) to work on /home/airflow/.local/lib/python3.7/site-packages/airflow/example_dags/tutorial_taskflow_api.py
[2023-05-22T19:48:52.770+0000] {processor.py:756} INFO - Processing file /home/airflow/.local/lib/python3.7/site-packages/airflow/example_dags/tutorial_taskflow_api.py for tasks to queue
[2023-05-22T19:48:52.770+0000] {logging_mixin.py:120} INFO - [2023-05-22T19:48:52.770+0000] {dagbag.py:537} INFO - Filling up the DagBag from /home/airflow/.local/lib/python3.7/site-packages/airflow/example_dags/tutorial_taskflow_api.py
[2023-05-22T19:48:52.785+0000] {processor.py:766} INFO - DAG(s) dict_keys(['tutorial_taskflow_api']) retrieved from /home/airflow/.local/lib/python3.7/site-packages/airflow/example_dags/tutorial_taskflow_api.py
[2023-05-22T19:48:52.814+0000] {logging_mixin.py:120} INFO - [2023-05-22T19:48:52.814+0000] {dag.py:2585} INFO - Sync 1 DAGs
[2023-05-22T19:48:52.830+0000] {logging_mixin.py:120} INFO - [2023-05-22T19:48:52.830+0000] {dag.py:3340} INFO - Setting next_dagrun for tutorial_taskflow_api to None, run_after=None
[2023-05-22T19:48:52.840+0000] {processor.py:176} INFO - Processing /home/airflow/.local/lib/python3.7/site-packages/airflow/example_dags/tutorial_taskflow_api.py took 0.075 seconds
[2023-05-22T19:49:23.298+0000] {processor.py:154} INFO - Started process (PID=2093) to work on /home/airflow/.local/lib/python3.7/site-packages/airflow/example_dags/tutorial_taskflow_api.py
[2023-05-22T19:49:23.299+0000] {processor.py:756} INFO - Processing file /home/airflow/.local/lib/python3.7/site-packages/airflow/example_dags/tutorial_taskflow_api.py for tasks to queue
[2023-05-22T19:49:23.300+0000] {logging_mixin.py:120} INFO - [2023-05-22T19:49:23.300+0000] {dagbag.py:537} INFO - Filling up the DagBag from /home/airflow/.local/lib/python3.7/site-packages/airflow/example_dags/tutorial_taskflow_api.py
[2023-05-22T19:49:23.315+0000] {processor.py:766} INFO - DAG(s) dict_keys(['tutorial_taskflow_api']) retrieved from /home/airflow/.local/lib/python3.7/site-packages/airflow/example_dags/tutorial_taskflow_api.py
[2023-05-22T19:49:23.345+0000] {logging_mixin.py:120} INFO - [2023-05-22T19:49:23.345+0000] {dag.py:2585} INFO - Sync 1 DAGs
[2023-05-22T19:49:23.361+0000] {logging_mixin.py:120} INFO - [2023-05-22T19:49:23.360+0000] {dag.py:3340} INFO - Setting next_dagrun for tutorial_taskflow_api to None, run_after=None
[2023-05-22T19:49:23.373+0000] {processor.py:176} INFO - Processing /home/airflow/.local/lib/python3.7/site-packages/airflow/example_dags/tutorial_taskflow_api.py took 0.078 seconds
[2023-05-22T19:49:54.046+0000] {processor.py:154} INFO - Started process (PID=2156) to work on /home/airflow/.local/lib/python3.7/site-packages/airflow/example_dags/tutorial_taskflow_api.py
[2023-05-22T19:49:54.047+0000] {processor.py:756} INFO - Processing file /home/airflow/.local/lib/python3.7/site-packages/airflow/example_dags/tutorial_taskflow_api.py for tasks to queue
[2023-05-22T19:49:54.047+0000] {logging_mixin.py:120} INFO - [2023-05-22T19:49:54.047+0000] {dagbag.py:537} INFO - Filling up the DagBag from /home/airflow/.local/lib/python3.7/site-packages/airflow/example_dags/tutorial_taskflow_api.py
[2023-05-22T19:49:54.063+0000] {processor.py:766} INFO - DAG(s) dict_keys(['tutorial_taskflow_api']) retrieved from /home/airflow/.local/lib/python3.7/site-packages/airflow/example_dags/tutorial_taskflow_api.py
[2023-05-22T19:49:54.095+0000] {logging_mixin.py:120} INFO - [2023-05-22T19:49:54.095+0000] {dag.py:2585} INFO - Sync 1 DAGs
[2023-05-22T19:49:54.117+0000] {logging_mixin.py:120} INFO - [2023-05-22T19:49:54.116+0000] {dag.py:3340} INFO - Setting next_dagrun for tutorial_taskflow_api to None, run_after=None
[2023-05-22T19:49:54.130+0000] {processor.py:176} INFO - Processing /home/airflow/.local/lib/python3.7/site-packages/airflow/example_dags/tutorial_taskflow_api.py took 0.087 seconds
[2023-05-22T19:50:24.708+0000] {processor.py:154} INFO - Started process (PID=2220) to work on /home/airflow/.local/lib/python3.7/site-packages/airflow/example_dags/tutorial_taskflow_api.py
[2023-05-22T19:50:24.710+0000] {processor.py:756} INFO - Processing file /home/airflow/.local/lib/python3.7/site-packages/airflow/example_dags/tutorial_taskflow_api.py for tasks to queue
[2023-05-22T19:50:24.711+0000] {logging_mixin.py:120} INFO - [2023-05-22T19:50:24.711+0000] {dagbag.py:537} INFO - Filling up the DagBag from /home/airflow/.local/lib/python3.7/site-packages/airflow/example_dags/tutorial_taskflow_api.py
[2023-05-22T19:50:24.727+0000] {processor.py:766} INFO - DAG(s) dict_keys(['tutorial_taskflow_api']) retrieved from /home/airflow/.local/lib/python3.7/site-packages/airflow/example_dags/tutorial_taskflow_api.py
[2023-05-22T19:50:24.758+0000] {logging_mixin.py:120} INFO - [2023-05-22T19:50:24.758+0000] {dag.py:2585} INFO - Sync 1 DAGs
[2023-05-22T19:50:24.777+0000] {logging_mixin.py:120} INFO - [2023-05-22T19:50:24.777+0000] {dag.py:3340} INFO - Setting next_dagrun for tutorial_taskflow_api to None, run_after=None
[2023-05-22T19:50:24.793+0000] {processor.py:176} INFO - Processing /home/airflow/.local/lib/python3.7/site-packages/airflow/example_dags/tutorial_taskflow_api.py took 0.087 seconds
[2023-05-22T19:50:55.374+0000] {processor.py:154} INFO - Started process (PID=2282) to work on /home/airflow/.local/lib/python3.7/site-packages/airflow/example_dags/tutorial_taskflow_api.py
[2023-05-22T19:50:55.375+0000] {processor.py:756} INFO - Processing file /home/airflow/.local/lib/python3.7/site-packages/airflow/example_dags/tutorial_taskflow_api.py for tasks to queue
[2023-05-22T19:50:55.376+0000] {logging_mixin.py:120} INFO - [2023-05-22T19:50:55.376+0000] {dagbag.py:537} INFO - Filling up the DagBag from /home/airflow/.local/lib/python3.7/site-packages/airflow/example_dags/tutorial_taskflow_api.py
[2023-05-22T19:50:55.390+0000] {processor.py:766} INFO - DAG(s) dict_keys(['tutorial_taskflow_api']) retrieved from /home/airflow/.local/lib/python3.7/site-packages/airflow/example_dags/tutorial_taskflow_api.py
[2023-05-22T19:50:55.420+0000] {logging_mixin.py:120} INFO - [2023-05-22T19:50:55.420+0000] {dag.py:2585} INFO - Sync 1 DAGs
[2023-05-22T19:50:55.435+0000] {logging_mixin.py:120} INFO - [2023-05-22T19:50:55.435+0000] {dag.py:3340} INFO - Setting next_dagrun for tutorial_taskflow_api to None, run_after=None
[2023-05-22T19:50:55.448+0000] {processor.py:176} INFO - Processing /home/airflow/.local/lib/python3.7/site-packages/airflow/example_dags/tutorial_taskflow_api.py took 0.077 seconds
[2023-05-22T19:51:26.138+0000] {processor.py:154} INFO - Started process (PID=2336) to work on /home/airflow/.local/lib/python3.7/site-packages/airflow/example_dags/tutorial_taskflow_api.py
[2023-05-22T19:51:26.140+0000] {processor.py:756} INFO - Processing file /home/airflow/.local/lib/python3.7/site-packages/airflow/example_dags/tutorial_taskflow_api.py for tasks to queue
[2023-05-22T19:51:26.140+0000] {logging_mixin.py:120} INFO - [2023-05-22T19:51:26.140+0000] {dagbag.py:537} INFO - Filling up the DagBag from /home/airflow/.local/lib/python3.7/site-packages/airflow/example_dags/tutorial_taskflow_api.py
[2023-05-22T19:51:26.156+0000] {processor.py:766} INFO - DAG(s) dict_keys(['tutorial_taskflow_api']) retrieved from /home/airflow/.local/lib/python3.7/site-packages/airflow/example_dags/tutorial_taskflow_api.py
[2023-05-22T19:51:26.186+0000] {logging_mixin.py:120} INFO - [2023-05-22T19:51:26.186+0000] {dag.py:2585} INFO - Sync 1 DAGs
[2023-05-22T19:51:26.202+0000] {logging_mixin.py:120} INFO - [2023-05-22T19:51:26.202+0000] {dag.py:3340} INFO - Setting next_dagrun for tutorial_taskflow_api to None, run_after=None
[2023-05-22T19:51:26.220+0000] {processor.py:176} INFO - Processing /home/airflow/.local/lib/python3.7/site-packages/airflow/example_dags/tutorial_taskflow_api.py took 0.084 seconds
[2023-05-22T19:51:56.552+0000] {processor.py:154} INFO - Started process (PID=2399) to work on /home/airflow/.local/lib/python3.7/site-packages/airflow/example_dags/tutorial_taskflow_api.py
[2023-05-22T19:51:56.554+0000] {processor.py:756} INFO - Processing file /home/airflow/.local/lib/python3.7/site-packages/airflow/example_dags/tutorial_taskflow_api.py for tasks to queue
[2023-05-22T19:51:56.555+0000] {logging_mixin.py:120} INFO - [2023-05-22T19:51:56.555+0000] {dagbag.py:537} INFO - Filling up the DagBag from /home/airflow/.local/lib/python3.7/site-packages/airflow/example_dags/tutorial_taskflow_api.py
[2023-05-22T19:51:56.571+0000] {processor.py:766} INFO - DAG(s) dict_keys(['tutorial_taskflow_api']) retrieved from /home/airflow/.local/lib/python3.7/site-packages/airflow/example_dags/tutorial_taskflow_api.py
[2023-05-22T19:51:56.600+0000] {logging_mixin.py:120} INFO - [2023-05-22T19:51:56.600+0000] {dag.py:2585} INFO - Sync 1 DAGs
[2023-05-22T19:51:56.617+0000] {logging_mixin.py:120} INFO - [2023-05-22T19:51:56.617+0000] {dag.py:3340} INFO - Setting next_dagrun for tutorial_taskflow_api to None, run_after=None
[2023-05-22T19:51:56.629+0000] {processor.py:176} INFO - Processing /home/airflow/.local/lib/python3.7/site-packages/airflow/example_dags/tutorial_taskflow_api.py took 0.081 seconds
[2023-05-22T19:52:27.114+0000] {processor.py:154} INFO - Started process (PID=2462) to work on /home/airflow/.local/lib/python3.7/site-packages/airflow/example_dags/tutorial_taskflow_api.py
[2023-05-22T19:52:27.115+0000] {processor.py:756} INFO - Processing file /home/airflow/.local/lib/python3.7/site-packages/airflow/example_dags/tutorial_taskflow_api.py for tasks to queue
[2023-05-22T19:52:27.116+0000] {logging_mixin.py:120} INFO - [2023-05-22T19:52:27.116+0000] {dagbag.py:537} INFO - Filling up the DagBag from /home/airflow/.local/lib/python3.7/site-packages/airflow/example_dags/tutorial_taskflow_api.py
[2023-05-22T19:52:27.131+0000] {processor.py:766} INFO - DAG(s) dict_keys(['tutorial_taskflow_api']) retrieved from /home/airflow/.local/lib/python3.7/site-packages/airflow/example_dags/tutorial_taskflow_api.py
[2023-05-22T19:52:27.161+0000] {logging_mixin.py:120} INFO - [2023-05-22T19:52:27.161+0000] {dag.py:2585} INFO - Sync 1 DAGs
[2023-05-22T19:52:27.177+0000] {logging_mixin.py:120} INFO - [2023-05-22T19:52:27.177+0000] {dag.py:3340} INFO - Setting next_dagrun for tutorial_taskflow_api to None, run_after=None
[2023-05-22T19:52:27.188+0000] {processor.py:176} INFO - Processing /home/airflow/.local/lib/python3.7/site-packages/airflow/example_dags/tutorial_taskflow_api.py took 0.077 seconds
[2023-05-22T19:52:57.576+0000] {processor.py:154} INFO - Started process (PID=2527) to work on /home/airflow/.local/lib/python3.7/site-packages/airflow/example_dags/tutorial_taskflow_api.py
[2023-05-22T19:52:57.578+0000] {processor.py:756} INFO - Processing file /home/airflow/.local/lib/python3.7/site-packages/airflow/example_dags/tutorial_taskflow_api.py for tasks to queue
[2023-05-22T19:52:57.579+0000] {logging_mixin.py:120} INFO - [2023-05-22T19:52:57.578+0000] {dagbag.py:537} INFO - Filling up the DagBag from /home/airflow/.local/lib/python3.7/site-packages/airflow/example_dags/tutorial_taskflow_api.py
[2023-05-22T19:52:57.594+0000] {processor.py:766} INFO - DAG(s) dict_keys(['tutorial_taskflow_api']) retrieved from /home/airflow/.local/lib/python3.7/site-packages/airflow/example_dags/tutorial_taskflow_api.py
[2023-05-22T19:52:57.624+0000] {logging_mixin.py:120} INFO - [2023-05-22T19:52:57.624+0000] {dag.py:2585} INFO - Sync 1 DAGs
[2023-05-22T19:52:57.641+0000] {logging_mixin.py:120} INFO - [2023-05-22T19:52:57.641+0000] {dag.py:3340} INFO - Setting next_dagrun for tutorial_taskflow_api to None, run_after=None
[2023-05-22T19:52:57.653+0000] {processor.py:176} INFO - Processing /home/airflow/.local/lib/python3.7/site-packages/airflow/example_dags/tutorial_taskflow_api.py took 0.080 seconds
[2023-05-22T19:53:28.268+0000] {processor.py:154} INFO - Started process (PID=2589) to work on /home/airflow/.local/lib/python3.7/site-packages/airflow/example_dags/tutorial_taskflow_api.py
[2023-05-22T19:53:28.269+0000] {processor.py:756} INFO - Processing file /home/airflow/.local/lib/python3.7/site-packages/airflow/example_dags/tutorial_taskflow_api.py for tasks to queue
[2023-05-22T19:53:28.270+0000] {logging_mixin.py:120} INFO - [2023-05-22T19:53:28.270+0000] {dagbag.py:537} INFO - Filling up the DagBag from /home/airflow/.local/lib/python3.7/site-packages/airflow/example_dags/tutorial_taskflow_api.py
[2023-05-22T19:53:28.290+0000] {processor.py:766} INFO - DAG(s) dict_keys(['tutorial_taskflow_api']) retrieved from /home/airflow/.local/lib/python3.7/site-packages/airflow/example_dags/tutorial_taskflow_api.py
[2023-05-22T19:53:28.324+0000] {logging_mixin.py:120} INFO - [2023-05-22T19:53:28.324+0000] {dag.py:2585} INFO - Sync 1 DAGs
[2023-05-22T19:53:28.343+0000] {logging_mixin.py:120} INFO - [2023-05-22T19:53:28.343+0000] {dag.py:3340} INFO - Setting next_dagrun for tutorial_taskflow_api to None, run_after=None
[2023-05-22T19:53:28.362+0000] {processor.py:176} INFO - Processing /home/airflow/.local/lib/python3.7/site-packages/airflow/example_dags/tutorial_taskflow_api.py took 0.097 seconds
[2023-05-22T19:53:58.765+0000] {processor.py:154} INFO - Started process (PID=2653) to work on /home/airflow/.local/lib/python3.7/site-packages/airflow/example_dags/tutorial_taskflow_api.py
[2023-05-22T19:53:58.767+0000] {processor.py:756} INFO - Processing file /home/airflow/.local/lib/python3.7/site-packages/airflow/example_dags/tutorial_taskflow_api.py for tasks to queue
[2023-05-22T19:53:58.767+0000] {logging_mixin.py:120} INFO - [2023-05-22T19:53:58.767+0000] {dagbag.py:537} INFO - Filling up the DagBag from /home/airflow/.local/lib/python3.7/site-packages/airflow/example_dags/tutorial_taskflow_api.py
[2023-05-22T19:53:58.782+0000] {processor.py:766} INFO - DAG(s) dict_keys(['tutorial_taskflow_api']) retrieved from /home/airflow/.local/lib/python3.7/site-packages/airflow/example_dags/tutorial_taskflow_api.py
[2023-05-22T19:53:58.814+0000] {logging_mixin.py:120} INFO - [2023-05-22T19:53:58.814+0000] {dag.py:2585} INFO - Sync 1 DAGs
[2023-05-22T19:53:58.830+0000] {logging_mixin.py:120} INFO - [2023-05-22T19:53:58.830+0000] {dag.py:3340} INFO - Setting next_dagrun for tutorial_taskflow_api to None, run_after=None
[2023-05-22T19:53:58.844+0000] {processor.py:176} INFO - Processing /home/airflow/.local/lib/python3.7/site-packages/airflow/example_dags/tutorial_taskflow_api.py took 0.081 seconds
[2023-05-22T19:54:29.278+0000] {processor.py:154} INFO - Started process (PID=2706) to work on /home/airflow/.local/lib/python3.7/site-packages/airflow/example_dags/tutorial_taskflow_api.py
[2023-05-22T19:54:29.280+0000] {processor.py:756} INFO - Processing file /home/airflow/.local/lib/python3.7/site-packages/airflow/example_dags/tutorial_taskflow_api.py for tasks to queue
[2023-05-22T19:54:29.281+0000] {logging_mixin.py:120} INFO - [2023-05-22T19:54:29.281+0000] {dagbag.py:537} INFO - Filling up the DagBag from /home/airflow/.local/lib/python3.7/site-packages/airflow/example_dags/tutorial_taskflow_api.py
[2023-05-22T19:54:29.299+0000] {processor.py:766} INFO - DAG(s) dict_keys(['tutorial_taskflow_api']) retrieved from /home/airflow/.local/lib/python3.7/site-packages/airflow/example_dags/tutorial_taskflow_api.py
[2023-05-22T19:54:29.331+0000] {logging_mixin.py:120} INFO - [2023-05-22T19:54:29.331+0000] {dag.py:2585} INFO - Sync 1 DAGs
[2023-05-22T19:54:29.347+0000] {logging_mixin.py:120} INFO - [2023-05-22T19:54:29.347+0000] {dag.py:3340} INFO - Setting next_dagrun for tutorial_taskflow_api to None, run_after=None
[2023-05-22T19:54:29.358+0000] {processor.py:176} INFO - Processing /home/airflow/.local/lib/python3.7/site-packages/airflow/example_dags/tutorial_taskflow_api.py took 0.082 seconds
[2023-05-22T19:55:00.086+0000] {processor.py:154} INFO - Started process (PID=2769) to work on /home/airflow/.local/lib/python3.7/site-packages/airflow/example_dags/tutorial_taskflow_api.py
[2023-05-22T19:55:00.088+0000] {processor.py:756} INFO - Processing file /home/airflow/.local/lib/python3.7/site-packages/airflow/example_dags/tutorial_taskflow_api.py for tasks to queue
[2023-05-22T19:55:00.089+0000] {logging_mixin.py:120} INFO - [2023-05-22T19:55:00.089+0000] {dagbag.py:537} INFO - Filling up the DagBag from /home/airflow/.local/lib/python3.7/site-packages/airflow/example_dags/tutorial_taskflow_api.py
[2023-05-22T19:55:00.104+0000] {processor.py:766} INFO - DAG(s) dict_keys(['tutorial_taskflow_api']) retrieved from /home/airflow/.local/lib/python3.7/site-packages/airflow/example_dags/tutorial_taskflow_api.py
[2023-05-22T19:55:00.136+0000] {logging_mixin.py:120} INFO - [2023-05-22T19:55:00.136+0000] {dag.py:2585} INFO - Sync 1 DAGs
[2023-05-22T19:55:00.159+0000] {logging_mixin.py:120} INFO - [2023-05-22T19:55:00.159+0000] {dag.py:3340} INFO - Setting next_dagrun for tutorial_taskflow_api to None, run_after=None
[2023-05-22T19:55:00.178+0000] {processor.py:176} INFO - Processing /home/airflow/.local/lib/python3.7/site-packages/airflow/example_dags/tutorial_taskflow_api.py took 0.094 seconds
[2023-05-22T19:55:30.857+0000] {processor.py:154} INFO - Started process (PID=2831) to work on /home/airflow/.local/lib/python3.7/site-packages/airflow/example_dags/tutorial_taskflow_api.py
[2023-05-22T19:55:30.858+0000] {processor.py:756} INFO - Processing file /home/airflow/.local/lib/python3.7/site-packages/airflow/example_dags/tutorial_taskflow_api.py for tasks to queue
[2023-05-22T19:55:30.859+0000] {logging_mixin.py:120} INFO - [2023-05-22T19:55:30.858+0000] {dagbag.py:537} INFO - Filling up the DagBag from /home/airflow/.local/lib/python3.7/site-packages/airflow/example_dags/tutorial_taskflow_api.py
[2023-05-22T19:55:30.882+0000] {processor.py:766} INFO - DAG(s) dict_keys(['tutorial_taskflow_api']) retrieved from /home/airflow/.local/lib/python3.7/site-packages/airflow/example_dags/tutorial_taskflow_api.py
[2023-05-22T19:55:30.918+0000] {logging_mixin.py:120} INFO - [2023-05-22T19:55:30.918+0000] {dag.py:2585} INFO - Sync 1 DAGs
[2023-05-22T19:55:30.934+0000] {logging_mixin.py:120} INFO - [2023-05-22T19:55:30.934+0000] {dag.py:3340} INFO - Setting next_dagrun for tutorial_taskflow_api to None, run_after=None
[2023-05-22T19:55:30.947+0000] {processor.py:176} INFO - Processing /home/airflow/.local/lib/python3.7/site-packages/airflow/example_dags/tutorial_taskflow_api.py took 0.092 seconds
[2023-05-22T19:56:01.351+0000] {processor.py:154} INFO - Started process (PID=2895) to work on /home/airflow/.local/lib/python3.7/site-packages/airflow/example_dags/tutorial_taskflow_api.py
[2023-05-22T19:56:01.353+0000] {processor.py:756} INFO - Processing file /home/airflow/.local/lib/python3.7/site-packages/airflow/example_dags/tutorial_taskflow_api.py for tasks to queue
[2023-05-22T19:56:01.354+0000] {logging_mixin.py:120} INFO - [2023-05-22T19:56:01.354+0000] {dagbag.py:537} INFO - Filling up the DagBag from /home/airflow/.local/lib/python3.7/site-packages/airflow/example_dags/tutorial_taskflow_api.py
[2023-05-22T19:56:01.369+0000] {processor.py:766} INFO - DAG(s) dict_keys(['tutorial_taskflow_api']) retrieved from /home/airflow/.local/lib/python3.7/site-packages/airflow/example_dags/tutorial_taskflow_api.py
[2023-05-22T19:56:01.401+0000] {logging_mixin.py:120} INFO - [2023-05-22T19:56:01.400+0000] {dag.py:2585} INFO - Sync 1 DAGs
[2023-05-22T19:56:01.417+0000] {logging_mixin.py:120} INFO - [2023-05-22T19:56:01.417+0000] {dag.py:3340} INFO - Setting next_dagrun for tutorial_taskflow_api to None, run_after=None
[2023-05-22T19:56:01.428+0000] {processor.py:176} INFO - Processing /home/airflow/.local/lib/python3.7/site-packages/airflow/example_dags/tutorial_taskflow_api.py took 0.079 seconds
[2023-05-22T19:56:32.243+0000] {processor.py:154} INFO - Started process (PID=2957) to work on /home/airflow/.local/lib/python3.7/site-packages/airflow/example_dags/tutorial_taskflow_api.py
[2023-05-22T19:56:32.244+0000] {processor.py:756} INFO - Processing file /home/airflow/.local/lib/python3.7/site-packages/airflow/example_dags/tutorial_taskflow_api.py for tasks to queue
[2023-05-22T19:56:32.245+0000] {logging_mixin.py:120} INFO - [2023-05-22T19:56:32.245+0000] {dagbag.py:537} INFO - Filling up the DagBag from /home/airflow/.local/lib/python3.7/site-packages/airflow/example_dags/tutorial_taskflow_api.py
[2023-05-22T19:56:32.260+0000] {processor.py:766} INFO - DAG(s) dict_keys(['tutorial_taskflow_api']) retrieved from /home/airflow/.local/lib/python3.7/site-packages/airflow/example_dags/tutorial_taskflow_api.py
[2023-05-22T19:56:32.292+0000] {logging_mixin.py:120} INFO - [2023-05-22T19:56:32.292+0000] {dag.py:2585} INFO - Sync 1 DAGs
[2023-05-22T19:56:32.310+0000] {logging_mixin.py:120} INFO - [2023-05-22T19:56:32.310+0000] {dag.py:3340} INFO - Setting next_dagrun for tutorial_taskflow_api to None, run_after=None
[2023-05-22T19:56:32.325+0000] {processor.py:176} INFO - Processing /home/airflow/.local/lib/python3.7/site-packages/airflow/example_dags/tutorial_taskflow_api.py took 0.084 seconds
[2023-05-22T19:57:03.203+0000] {processor.py:154} INFO - Started process (PID=3022) to work on /home/airflow/.local/lib/python3.7/site-packages/airflow/example_dags/tutorial_taskflow_api.py
[2023-05-22T19:57:03.204+0000] {processor.py:756} INFO - Processing file /home/airflow/.local/lib/python3.7/site-packages/airflow/example_dags/tutorial_taskflow_api.py for tasks to queue
[2023-05-22T19:57:03.205+0000] {logging_mixin.py:120} INFO - [2023-05-22T19:57:03.205+0000] {dagbag.py:537} INFO - Filling up the DagBag from /home/airflow/.local/lib/python3.7/site-packages/airflow/example_dags/tutorial_taskflow_api.py
[2023-05-22T19:57:03.221+0000] {processor.py:766} INFO - DAG(s) dict_keys(['tutorial_taskflow_api']) retrieved from /home/airflow/.local/lib/python3.7/site-packages/airflow/example_dags/tutorial_taskflow_api.py
[2023-05-22T19:57:03.252+0000] {logging_mixin.py:120} INFO - [2023-05-22T19:57:03.252+0000] {dag.py:2585} INFO - Sync 1 DAGs
[2023-05-22T19:57:03.268+0000] {logging_mixin.py:120} INFO - [2023-05-22T19:57:03.268+0000] {dag.py:3340} INFO - Setting next_dagrun for tutorial_taskflow_api to None, run_after=None
[2023-05-22T19:57:03.280+0000] {processor.py:176} INFO - Processing /home/airflow/.local/lib/python3.7/site-packages/airflow/example_dags/tutorial_taskflow_api.py took 0.079 seconds
[2023-05-22T19:57:34.018+0000] {processor.py:154} INFO - Started process (PID=3085) to work on /home/airflow/.local/lib/python3.7/site-packages/airflow/example_dags/tutorial_taskflow_api.py
[2023-05-22T19:57:34.019+0000] {processor.py:756} INFO - Processing file /home/airflow/.local/lib/python3.7/site-packages/airflow/example_dags/tutorial_taskflow_api.py for tasks to queue
[2023-05-22T19:57:34.020+0000] {logging_mixin.py:120} INFO - [2023-05-22T19:57:34.020+0000] {dagbag.py:537} INFO - Filling up the DagBag from /home/airflow/.local/lib/python3.7/site-packages/airflow/example_dags/tutorial_taskflow_api.py
[2023-05-22T19:57:34.036+0000] {processor.py:766} INFO - DAG(s) dict_keys(['tutorial_taskflow_api']) retrieved from /home/airflow/.local/lib/python3.7/site-packages/airflow/example_dags/tutorial_taskflow_api.py
[2023-05-22T19:57:34.066+0000] {logging_mixin.py:120} INFO - [2023-05-22T19:57:34.066+0000] {dag.py:2585} INFO - Sync 1 DAGs
[2023-05-22T19:57:34.082+0000] {logging_mixin.py:120} INFO - [2023-05-22T19:57:34.082+0000] {dag.py:3340} INFO - Setting next_dagrun for tutorial_taskflow_api to None, run_after=None
[2023-05-22T19:57:34.094+0000] {processor.py:176} INFO - Processing /home/airflow/.local/lib/python3.7/site-packages/airflow/example_dags/tutorial_taskflow_api.py took 0.079 seconds
[2023-05-22T20:18:17.640+0000] {processor.py:154} INFO - Started process (PID=3121) to work on /home/airflow/.local/lib/python3.7/site-packages/airflow/example_dags/tutorial_taskflow_api.py
[2023-05-22T20:18:17.642+0000] {processor.py:756} INFO - Processing file /home/airflow/.local/lib/python3.7/site-packages/airflow/example_dags/tutorial_taskflow_api.py for tasks to queue
[2023-05-22T20:18:17.643+0000] {logging_mixin.py:120} INFO - [2023-05-22T20:18:17.643+0000] {dagbag.py:537} INFO - Filling up the DagBag from /home/airflow/.local/lib/python3.7/site-packages/airflow/example_dags/tutorial_taskflow_api.py
[2023-05-22T20:18:17.663+0000] {processor.py:766} INFO - DAG(s) dict_keys(['tutorial_taskflow_api']) retrieved from /home/airflow/.local/lib/python3.7/site-packages/airflow/example_dags/tutorial_taskflow_api.py
[2023-05-22T20:18:17.710+0000] {logging_mixin.py:120} INFO - [2023-05-22T20:18:17.709+0000] {dag.py:2585} INFO - Sync 1 DAGs
[2023-05-22T20:18:17.739+0000] {logging_mixin.py:120} INFO - [2023-05-22T20:18:17.739+0000] {dag.py:3340} INFO - Setting next_dagrun for tutorial_taskflow_api to None, run_after=None
[2023-05-22T20:18:17.756+0000] {processor.py:176} INFO - Processing /home/airflow/.local/lib/python3.7/site-packages/airflow/example_dags/tutorial_taskflow_api.py took 0.118 seconds
[2023-05-22T20:18:48.678+0000] {processor.py:154} INFO - Started process (PID=3185) to work on /home/airflow/.local/lib/python3.7/site-packages/airflow/example_dags/tutorial_taskflow_api.py
[2023-05-22T20:18:48.679+0000] {processor.py:756} INFO - Processing file /home/airflow/.local/lib/python3.7/site-packages/airflow/example_dags/tutorial_taskflow_api.py for tasks to queue
[2023-05-22T20:18:48.680+0000] {logging_mixin.py:120} INFO - [2023-05-22T20:18:48.680+0000] {dagbag.py:537} INFO - Filling up the DagBag from /home/airflow/.local/lib/python3.7/site-packages/airflow/example_dags/tutorial_taskflow_api.py
[2023-05-22T20:18:48.695+0000] {processor.py:766} INFO - DAG(s) dict_keys(['tutorial_taskflow_api']) retrieved from /home/airflow/.local/lib/python3.7/site-packages/airflow/example_dags/tutorial_taskflow_api.py
[2023-05-22T20:18:48.724+0000] {logging_mixin.py:120} INFO - [2023-05-22T20:18:48.724+0000] {dag.py:2585} INFO - Sync 1 DAGs
[2023-05-22T20:18:48.741+0000] {logging_mixin.py:120} INFO - [2023-05-22T20:18:48.741+0000] {dag.py:3340} INFO - Setting next_dagrun for tutorial_taskflow_api to None, run_after=None
[2023-05-22T20:18:48.752+0000] {processor.py:176} INFO - Processing /home/airflow/.local/lib/python3.7/site-packages/airflow/example_dags/tutorial_taskflow_api.py took 0.077 seconds
[2023-05-22T20:19:19.537+0000] {processor.py:154} INFO - Started process (PID=3248) to work on /home/airflow/.local/lib/python3.7/site-packages/airflow/example_dags/tutorial_taskflow_api.py
[2023-05-22T20:19:19.538+0000] {processor.py:756} INFO - Processing file /home/airflow/.local/lib/python3.7/site-packages/airflow/example_dags/tutorial_taskflow_api.py for tasks to queue
[2023-05-22T20:19:19.539+0000] {logging_mixin.py:120} INFO - [2023-05-22T20:19:19.539+0000] {dagbag.py:537} INFO - Filling up the DagBag from /home/airflow/.local/lib/python3.7/site-packages/airflow/example_dags/tutorial_taskflow_api.py
[2023-05-22T20:19:19.554+0000] {processor.py:766} INFO - DAG(s) dict_keys(['tutorial_taskflow_api']) retrieved from /home/airflow/.local/lib/python3.7/site-packages/airflow/example_dags/tutorial_taskflow_api.py
[2023-05-22T20:19:19.588+0000] {logging_mixin.py:120} INFO - [2023-05-22T20:19:19.588+0000] {dag.py:2585} INFO - Sync 1 DAGs
[2023-05-22T20:19:19.605+0000] {logging_mixin.py:120} INFO - [2023-05-22T20:19:19.605+0000] {dag.py:3340} INFO - Setting next_dagrun for tutorial_taskflow_api to None, run_after=None
[2023-05-22T20:19:19.618+0000] {processor.py:176} INFO - Processing /home/airflow/.local/lib/python3.7/site-packages/airflow/example_dags/tutorial_taskflow_api.py took 0.084 seconds
[2023-05-22T20:19:50.237+0000] {processor.py:154} INFO - Started process (PID=3311) to work on /home/airflow/.local/lib/python3.7/site-packages/airflow/example_dags/tutorial_taskflow_api.py
[2023-05-22T20:19:50.238+0000] {processor.py:756} INFO - Processing file /home/airflow/.local/lib/python3.7/site-packages/airflow/example_dags/tutorial_taskflow_api.py for tasks to queue
[2023-05-22T20:19:50.239+0000] {logging_mixin.py:120} INFO - [2023-05-22T20:19:50.239+0000] {dagbag.py:537} INFO - Filling up the DagBag from /home/airflow/.local/lib/python3.7/site-packages/airflow/example_dags/tutorial_taskflow_api.py
[2023-05-22T20:19:50.255+0000] {processor.py:766} INFO - DAG(s) dict_keys(['tutorial_taskflow_api']) retrieved from /home/airflow/.local/lib/python3.7/site-packages/airflow/example_dags/tutorial_taskflow_api.py
[2023-05-22T20:19:50.285+0000] {logging_mixin.py:120} INFO - [2023-05-22T20:19:50.285+0000] {dag.py:2585} INFO - Sync 1 DAGs
[2023-05-22T20:19:50.301+0000] {logging_mixin.py:120} INFO - [2023-05-22T20:19:50.301+0000] {dag.py:3340} INFO - Setting next_dagrun for tutorial_taskflow_api to None, run_after=None
[2023-05-22T20:19:50.314+0000] {processor.py:176} INFO - Processing /home/airflow/.local/lib/python3.7/site-packages/airflow/example_dags/tutorial_taskflow_api.py took 0.079 seconds
[2023-05-22T20:20:21.170+0000] {processor.py:154} INFO - Started process (PID=3375) to work on /home/airflow/.local/lib/python3.7/site-packages/airflow/example_dags/tutorial_taskflow_api.py
[2023-05-22T20:20:21.171+0000] {processor.py:756} INFO - Processing file /home/airflow/.local/lib/python3.7/site-packages/airflow/example_dags/tutorial_taskflow_api.py for tasks to queue
[2023-05-22T20:20:21.172+0000] {logging_mixin.py:120} INFO - [2023-05-22T20:20:21.172+0000] {dagbag.py:537} INFO - Filling up the DagBag from /home/airflow/.local/lib/python3.7/site-packages/airflow/example_dags/tutorial_taskflow_api.py
[2023-05-22T20:20:21.187+0000] {processor.py:766} INFO - DAG(s) dict_keys(['tutorial_taskflow_api']) retrieved from /home/airflow/.local/lib/python3.7/site-packages/airflow/example_dags/tutorial_taskflow_api.py
[2023-05-22T20:20:21.219+0000] {logging_mixin.py:120} INFO - [2023-05-22T20:20:21.219+0000] {dag.py:2585} INFO - Sync 1 DAGs
[2023-05-22T20:20:21.235+0000] {logging_mixin.py:120} INFO - [2023-05-22T20:20:21.235+0000] {dag.py:3340} INFO - Setting next_dagrun for tutorial_taskflow_api to None, run_after=None
[2023-05-22T20:20:21.247+0000] {processor.py:176} INFO - Processing /home/airflow/.local/lib/python3.7/site-packages/airflow/example_dags/tutorial_taskflow_api.py took 0.080 seconds
[2023-05-22T20:20:51.960+0000] {processor.py:154} INFO - Started process (PID=3437) to work on /home/airflow/.local/lib/python3.7/site-packages/airflow/example_dags/tutorial_taskflow_api.py
[2023-05-22T20:20:51.961+0000] {processor.py:756} INFO - Processing file /home/airflow/.local/lib/python3.7/site-packages/airflow/example_dags/tutorial_taskflow_api.py for tasks to queue
[2023-05-22T20:20:51.962+0000] {logging_mixin.py:120} INFO - [2023-05-22T20:20:51.962+0000] {dagbag.py:537} INFO - Filling up the DagBag from /home/airflow/.local/lib/python3.7/site-packages/airflow/example_dags/tutorial_taskflow_api.py
[2023-05-22T20:20:51.979+0000] {processor.py:766} INFO - DAG(s) dict_keys(['tutorial_taskflow_api']) retrieved from /home/airflow/.local/lib/python3.7/site-packages/airflow/example_dags/tutorial_taskflow_api.py
[2023-05-22T20:20:52.035+0000] {logging_mixin.py:120} INFO - [2023-05-22T20:20:52.035+0000] {dag.py:2585} INFO - Sync 1 DAGs
[2023-05-22T20:20:52.059+0000] {logging_mixin.py:120} INFO - [2023-05-22T20:20:52.059+0000] {dag.py:3340} INFO - Setting next_dagrun for tutorial_taskflow_api to None, run_after=None
[2023-05-22T20:20:52.107+0000] {processor.py:176} INFO - Processing /home/airflow/.local/lib/python3.7/site-packages/airflow/example_dags/tutorial_taskflow_api.py took 0.151 seconds
[2023-05-22T20:21:22.898+0000] {processor.py:154} INFO - Started process (PID=3491) to work on /home/airflow/.local/lib/python3.7/site-packages/airflow/example_dags/tutorial_taskflow_api.py
[2023-05-22T20:21:22.899+0000] {processor.py:756} INFO - Processing file /home/airflow/.local/lib/python3.7/site-packages/airflow/example_dags/tutorial_taskflow_api.py for tasks to queue
[2023-05-22T20:21:22.900+0000] {logging_mixin.py:120} INFO - [2023-05-22T20:21:22.900+0000] {dagbag.py:537} INFO - Filling up the DagBag from /home/airflow/.local/lib/python3.7/site-packages/airflow/example_dags/tutorial_taskflow_api.py
[2023-05-22T20:21:22.916+0000] {processor.py:766} INFO - DAG(s) dict_keys(['tutorial_taskflow_api']) retrieved from /home/airflow/.local/lib/python3.7/site-packages/airflow/example_dags/tutorial_taskflow_api.py
[2023-05-22T20:21:22.947+0000] {logging_mixin.py:120} INFO - [2023-05-22T20:21:22.947+0000] {dag.py:2585} INFO - Sync 1 DAGs
[2023-05-22T20:21:22.963+0000] {logging_mixin.py:120} INFO - [2023-05-22T20:21:22.963+0000] {dag.py:3340} INFO - Setting next_dagrun for tutorial_taskflow_api to None, run_after=None
[2023-05-22T20:21:22.975+0000] {processor.py:176} INFO - Processing /home/airflow/.local/lib/python3.7/site-packages/airflow/example_dags/tutorial_taskflow_api.py took 0.080 seconds
[2023-05-22T20:21:53.537+0000] {processor.py:154} INFO - Started process (PID=3553) to work on /home/airflow/.local/lib/python3.7/site-packages/airflow/example_dags/tutorial_taskflow_api.py
[2023-05-22T20:21:53.538+0000] {processor.py:756} INFO - Processing file /home/airflow/.local/lib/python3.7/site-packages/airflow/example_dags/tutorial_taskflow_api.py for tasks to queue
[2023-05-22T20:21:53.539+0000] {logging_mixin.py:120} INFO - [2023-05-22T20:21:53.539+0000] {dagbag.py:537} INFO - Filling up the DagBag from /home/airflow/.local/lib/python3.7/site-packages/airflow/example_dags/tutorial_taskflow_api.py
[2023-05-22T20:21:53.553+0000] {processor.py:766} INFO - DAG(s) dict_keys(['tutorial_taskflow_api']) retrieved from /home/airflow/.local/lib/python3.7/site-packages/airflow/example_dags/tutorial_taskflow_api.py
[2023-05-22T20:21:53.583+0000] {logging_mixin.py:120} INFO - [2023-05-22T20:21:53.583+0000] {dag.py:2585} INFO - Sync 1 DAGs
[2023-05-22T20:21:53.599+0000] {logging_mixin.py:120} INFO - [2023-05-22T20:21:53.599+0000] {dag.py:3340} INFO - Setting next_dagrun for tutorial_taskflow_api to None, run_after=None
[2023-05-22T20:21:53.611+0000] {processor.py:176} INFO - Processing /home/airflow/.local/lib/python3.7/site-packages/airflow/example_dags/tutorial_taskflow_api.py took 0.077 seconds
[2023-05-22T20:22:24.280+0000] {processor.py:154} INFO - Started process (PID=3616) to work on /home/airflow/.local/lib/python3.7/site-packages/airflow/example_dags/tutorial_taskflow_api.py
[2023-05-22T20:22:24.281+0000] {processor.py:756} INFO - Processing file /home/airflow/.local/lib/python3.7/site-packages/airflow/example_dags/tutorial_taskflow_api.py for tasks to queue
[2023-05-22T20:22:24.282+0000] {logging_mixin.py:120} INFO - [2023-05-22T20:22:24.282+0000] {dagbag.py:537} INFO - Filling up the DagBag from /home/airflow/.local/lib/python3.7/site-packages/airflow/example_dags/tutorial_taskflow_api.py
[2023-05-22T20:22:24.297+0000] {processor.py:766} INFO - DAG(s) dict_keys(['tutorial_taskflow_api']) retrieved from /home/airflow/.local/lib/python3.7/site-packages/airflow/example_dags/tutorial_taskflow_api.py
[2023-05-22T20:22:24.330+0000] {logging_mixin.py:120} INFO - [2023-05-22T20:22:24.329+0000] {dag.py:2585} INFO - Sync 1 DAGs
[2023-05-22T20:22:24.348+0000] {logging_mixin.py:120} INFO - [2023-05-22T20:22:24.348+0000] {dag.py:3340} INFO - Setting next_dagrun for tutorial_taskflow_api to None, run_after=None
[2023-05-22T20:22:24.360+0000] {processor.py:176} INFO - Processing /home/airflow/.local/lib/python3.7/site-packages/airflow/example_dags/tutorial_taskflow_api.py took 0.083 seconds
[2023-05-22T20:22:54.843+0000] {processor.py:154} INFO - Started process (PID=3679) to work on /home/airflow/.local/lib/python3.7/site-packages/airflow/example_dags/tutorial_taskflow_api.py
[2023-05-22T20:22:54.844+0000] {processor.py:756} INFO - Processing file /home/airflow/.local/lib/python3.7/site-packages/airflow/example_dags/tutorial_taskflow_api.py for tasks to queue
[2023-05-22T20:22:54.845+0000] {logging_mixin.py:120} INFO - [2023-05-22T20:22:54.845+0000] {dagbag.py:537} INFO - Filling up the DagBag from /home/airflow/.local/lib/python3.7/site-packages/airflow/example_dags/tutorial_taskflow_api.py
[2023-05-22T20:22:54.860+0000] {processor.py:766} INFO - DAG(s) dict_keys(['tutorial_taskflow_api']) retrieved from /home/airflow/.local/lib/python3.7/site-packages/airflow/example_dags/tutorial_taskflow_api.py
[2023-05-22T20:22:54.891+0000] {logging_mixin.py:120} INFO - [2023-05-22T20:22:54.891+0000] {dag.py:2585} INFO - Sync 1 DAGs
[2023-05-22T20:22:54.908+0000] {logging_mixin.py:120} INFO - [2023-05-22T20:22:54.907+0000] {dag.py:3340} INFO - Setting next_dagrun for tutorial_taskflow_api to None, run_after=None
[2023-05-22T20:22:54.920+0000] {processor.py:176} INFO - Processing /home/airflow/.local/lib/python3.7/site-packages/airflow/example_dags/tutorial_taskflow_api.py took 0.080 seconds
[2023-05-22T20:23:25.878+0000] {processor.py:154} INFO - Started process (PID=3742) to work on /home/airflow/.local/lib/python3.7/site-packages/airflow/example_dags/tutorial_taskflow_api.py
[2023-05-22T20:23:25.879+0000] {processor.py:756} INFO - Processing file /home/airflow/.local/lib/python3.7/site-packages/airflow/example_dags/tutorial_taskflow_api.py for tasks to queue
[2023-05-22T20:23:25.880+0000] {logging_mixin.py:120} INFO - [2023-05-22T20:23:25.880+0000] {dagbag.py:537} INFO - Filling up the DagBag from /home/airflow/.local/lib/python3.7/site-packages/airflow/example_dags/tutorial_taskflow_api.py
[2023-05-22T20:23:25.897+0000] {processor.py:766} INFO - DAG(s) dict_keys(['tutorial_taskflow_api']) retrieved from /home/airflow/.local/lib/python3.7/site-packages/airflow/example_dags/tutorial_taskflow_api.py
[2023-05-22T20:23:25.933+0000] {logging_mixin.py:120} INFO - [2023-05-22T20:23:25.932+0000] {dag.py:2585} INFO - Sync 1 DAGs
[2023-05-22T20:23:25.948+0000] {logging_mixin.py:120} INFO - [2023-05-22T20:23:25.948+0000] {dag.py:3340} INFO - Setting next_dagrun for tutorial_taskflow_api to None, run_after=None
[2023-05-22T20:23:25.960+0000] {processor.py:176} INFO - Processing /home/airflow/.local/lib/python3.7/site-packages/airflow/example_dags/tutorial_taskflow_api.py took 0.085 seconds
[2023-05-22T20:23:56.775+0000] {processor.py:154} INFO - Started process (PID=3805) to work on /home/airflow/.local/lib/python3.7/site-packages/airflow/example_dags/tutorial_taskflow_api.py
[2023-05-22T20:23:56.777+0000] {processor.py:756} INFO - Processing file /home/airflow/.local/lib/python3.7/site-packages/airflow/example_dags/tutorial_taskflow_api.py for tasks to queue
[2023-05-22T20:23:56.778+0000] {logging_mixin.py:120} INFO - [2023-05-22T20:23:56.778+0000] {dagbag.py:537} INFO - Filling up the DagBag from /home/airflow/.local/lib/python3.7/site-packages/airflow/example_dags/tutorial_taskflow_api.py
[2023-05-22T20:23:56.795+0000] {processor.py:766} INFO - DAG(s) dict_keys(['tutorial_taskflow_api']) retrieved from /home/airflow/.local/lib/python3.7/site-packages/airflow/example_dags/tutorial_taskflow_api.py
[2023-05-22T20:23:56.830+0000] {logging_mixin.py:120} INFO - [2023-05-22T20:23:56.830+0000] {dag.py:2585} INFO - Sync 1 DAGs
[2023-05-22T20:23:56.850+0000] {logging_mixin.py:120} INFO - [2023-05-22T20:23:56.850+0000] {dag.py:3340} INFO - Setting next_dagrun for tutorial_taskflow_api to None, run_after=None
[2023-05-22T20:23:56.869+0000] {processor.py:176} INFO - Processing /home/airflow/.local/lib/python3.7/site-packages/airflow/example_dags/tutorial_taskflow_api.py took 0.097 seconds
[2023-05-22T20:24:26.966+0000] {processor.py:154} INFO - Started process (PID=3860) to work on /home/airflow/.local/lib/python3.7/site-packages/airflow/example_dags/tutorial_taskflow_api.py
[2023-05-22T20:24:26.967+0000] {processor.py:756} INFO - Processing file /home/airflow/.local/lib/python3.7/site-packages/airflow/example_dags/tutorial_taskflow_api.py for tasks to queue
[2023-05-22T20:24:26.968+0000] {logging_mixin.py:120} INFO - [2023-05-22T20:24:26.968+0000] {dagbag.py:537} INFO - Filling up the DagBag from /home/airflow/.local/lib/python3.7/site-packages/airflow/example_dags/tutorial_taskflow_api.py
[2023-05-22T20:24:26.983+0000] {processor.py:766} INFO - DAG(s) dict_keys(['tutorial_taskflow_api']) retrieved from /home/airflow/.local/lib/python3.7/site-packages/airflow/example_dags/tutorial_taskflow_api.py
[2023-05-22T20:24:27.013+0000] {logging_mixin.py:120} INFO - [2023-05-22T20:24:27.013+0000] {dag.py:2585} INFO - Sync 1 DAGs
[2023-05-22T20:24:27.031+0000] {logging_mixin.py:120} INFO - [2023-05-22T20:24:27.031+0000] {dag.py:3340} INFO - Setting next_dagrun for tutorial_taskflow_api to None, run_after=None
[2023-05-22T20:24:27.042+0000] {processor.py:176} INFO - Processing /home/airflow/.local/lib/python3.7/site-packages/airflow/example_dags/tutorial_taskflow_api.py took 0.079 seconds
[2023-05-22T20:24:57.075+0000] {processor.py:154} INFO - Started process (PID=3922) to work on /home/airflow/.local/lib/python3.7/site-packages/airflow/example_dags/tutorial_taskflow_api.py
[2023-05-22T20:24:57.076+0000] {processor.py:756} INFO - Processing file /home/airflow/.local/lib/python3.7/site-packages/airflow/example_dags/tutorial_taskflow_api.py for tasks to queue
[2023-05-22T20:24:57.077+0000] {logging_mixin.py:120} INFO - [2023-05-22T20:24:57.077+0000] {dagbag.py:537} INFO - Filling up the DagBag from /home/airflow/.local/lib/python3.7/site-packages/airflow/example_dags/tutorial_taskflow_api.py
[2023-05-22T20:24:57.093+0000] {processor.py:766} INFO - DAG(s) dict_keys(['tutorial_taskflow_api']) retrieved from /home/airflow/.local/lib/python3.7/site-packages/airflow/example_dags/tutorial_taskflow_api.py
[2023-05-22T20:24:57.124+0000] {logging_mixin.py:120} INFO - [2023-05-22T20:24:57.124+0000] {dag.py:2585} INFO - Sync 1 DAGs
[2023-05-22T20:24:57.140+0000] {logging_mixin.py:120} INFO - [2023-05-22T20:24:57.140+0000] {dag.py:3340} INFO - Setting next_dagrun for tutorial_taskflow_api to None, run_after=None
[2023-05-22T20:24:57.154+0000] {processor.py:176} INFO - Processing /home/airflow/.local/lib/python3.7/site-packages/airflow/example_dags/tutorial_taskflow_api.py took 0.082 seconds
[2023-05-22T20:25:27.876+0000] {processor.py:154} INFO - Started process (PID=3985) to work on /home/airflow/.local/lib/python3.7/site-packages/airflow/example_dags/tutorial_taskflow_api.py
[2023-05-22T20:25:27.877+0000] {processor.py:756} INFO - Processing file /home/airflow/.local/lib/python3.7/site-packages/airflow/example_dags/tutorial_taskflow_api.py for tasks to queue
[2023-05-22T20:25:27.878+0000] {logging_mixin.py:120} INFO - [2023-05-22T20:25:27.878+0000] {dagbag.py:537} INFO - Filling up the DagBag from /home/airflow/.local/lib/python3.7/site-packages/airflow/example_dags/tutorial_taskflow_api.py
[2023-05-22T20:25:27.893+0000] {processor.py:766} INFO - DAG(s) dict_keys(['tutorial_taskflow_api']) retrieved from /home/airflow/.local/lib/python3.7/site-packages/airflow/example_dags/tutorial_taskflow_api.py
[2023-05-22T20:25:27.930+0000] {logging_mixin.py:120} INFO - [2023-05-22T20:25:27.930+0000] {dag.py:2585} INFO - Sync 1 DAGs
[2023-05-22T20:25:27.946+0000] {logging_mixin.py:120} INFO - [2023-05-22T20:25:27.946+0000] {dag.py:3340} INFO - Setting next_dagrun for tutorial_taskflow_api to None, run_after=None
[2023-05-22T20:25:27.960+0000] {processor.py:176} INFO - Processing /home/airflow/.local/lib/python3.7/site-packages/airflow/example_dags/tutorial_taskflow_api.py took 0.086 seconds
[2023-05-22T20:25:58.426+0000] {processor.py:154} INFO - Started process (PID=4047) to work on /home/airflow/.local/lib/python3.7/site-packages/airflow/example_dags/tutorial_taskflow_api.py
[2023-05-22T20:25:58.428+0000] {processor.py:756} INFO - Processing file /home/airflow/.local/lib/python3.7/site-packages/airflow/example_dags/tutorial_taskflow_api.py for tasks to queue
[2023-05-22T20:25:58.428+0000] {logging_mixin.py:120} INFO - [2023-05-22T20:25:58.428+0000] {dagbag.py:537} INFO - Filling up the DagBag from /home/airflow/.local/lib/python3.7/site-packages/airflow/example_dags/tutorial_taskflow_api.py
[2023-05-22T20:25:58.443+0000] {processor.py:766} INFO - DAG(s) dict_keys(['tutorial_taskflow_api']) retrieved from /home/airflow/.local/lib/python3.7/site-packages/airflow/example_dags/tutorial_taskflow_api.py
[2023-05-22T20:25:58.472+0000] {logging_mixin.py:120} INFO - [2023-05-22T20:25:58.472+0000] {dag.py:2585} INFO - Sync 1 DAGs
[2023-05-22T20:25:58.488+0000] {logging_mixin.py:120} INFO - [2023-05-22T20:25:58.488+0000] {dag.py:3340} INFO - Setting next_dagrun for tutorial_taskflow_api to None, run_after=None
[2023-05-22T20:25:58.501+0000] {processor.py:176} INFO - Processing /home/airflow/.local/lib/python3.7/site-packages/airflow/example_dags/tutorial_taskflow_api.py took 0.078 seconds
[2023-05-22T20:26:29.094+0000] {processor.py:154} INFO - Started process (PID=4110) to work on /home/airflow/.local/lib/python3.7/site-packages/airflow/example_dags/tutorial_taskflow_api.py
[2023-05-22T20:26:29.095+0000] {processor.py:756} INFO - Processing file /home/airflow/.local/lib/python3.7/site-packages/airflow/example_dags/tutorial_taskflow_api.py for tasks to queue
[2023-05-22T20:26:29.096+0000] {logging_mixin.py:120} INFO - [2023-05-22T20:26:29.096+0000] {dagbag.py:537} INFO - Filling up the DagBag from /home/airflow/.local/lib/python3.7/site-packages/airflow/example_dags/tutorial_taskflow_api.py
[2023-05-22T20:26:29.112+0000] {processor.py:766} INFO - DAG(s) dict_keys(['tutorial_taskflow_api']) retrieved from /home/airflow/.local/lib/python3.7/site-packages/airflow/example_dags/tutorial_taskflow_api.py
[2023-05-22T20:26:29.142+0000] {logging_mixin.py:120} INFO - [2023-05-22T20:26:29.142+0000] {dag.py:2585} INFO - Sync 1 DAGs
[2023-05-22T20:26:29.159+0000] {logging_mixin.py:120} INFO - [2023-05-22T20:26:29.159+0000] {dag.py:3340} INFO - Setting next_dagrun for tutorial_taskflow_api to None, run_after=None
[2023-05-22T20:26:29.172+0000] {processor.py:176} INFO - Processing /home/airflow/.local/lib/python3.7/site-packages/airflow/example_dags/tutorial_taskflow_api.py took 0.080 seconds
[2023-05-22T20:26:59.869+0000] {processor.py:154} INFO - Started process (PID=4173) to work on /home/airflow/.local/lib/python3.7/site-packages/airflow/example_dags/tutorial_taskflow_api.py
[2023-05-22T20:26:59.870+0000] {processor.py:756} INFO - Processing file /home/airflow/.local/lib/python3.7/site-packages/airflow/example_dags/tutorial_taskflow_api.py for tasks to queue
[2023-05-22T20:26:59.871+0000] {logging_mixin.py:120} INFO - [2023-05-22T20:26:59.871+0000] {dagbag.py:537} INFO - Filling up the DagBag from /home/airflow/.local/lib/python3.7/site-packages/airflow/example_dags/tutorial_taskflow_api.py
[2023-05-22T20:26:59.887+0000] {processor.py:766} INFO - DAG(s) dict_keys(['tutorial_taskflow_api']) retrieved from /home/airflow/.local/lib/python3.7/site-packages/airflow/example_dags/tutorial_taskflow_api.py
[2023-05-22T20:26:59.918+0000] {logging_mixin.py:120} INFO - [2023-05-22T20:26:59.918+0000] {dag.py:2585} INFO - Sync 1 DAGs
[2023-05-22T20:26:59.933+0000] {logging_mixin.py:120} INFO - [2023-05-22T20:26:59.933+0000] {dag.py:3340} INFO - Setting next_dagrun for tutorial_taskflow_api to None, run_after=None
[2023-05-22T20:26:59.944+0000] {processor.py:176} INFO - Processing /home/airflow/.local/lib/python3.7/site-packages/airflow/example_dags/tutorial_taskflow_api.py took 0.078 seconds
[2023-05-22T20:27:30.433+0000] {processor.py:154} INFO - Started process (PID=4227) to work on /home/airflow/.local/lib/python3.7/site-packages/airflow/example_dags/tutorial_taskflow_api.py
[2023-05-22T20:27:30.435+0000] {processor.py:756} INFO - Processing file /home/airflow/.local/lib/python3.7/site-packages/airflow/example_dags/tutorial_taskflow_api.py for tasks to queue
[2023-05-22T20:27:30.436+0000] {logging_mixin.py:120} INFO - [2023-05-22T20:27:30.436+0000] {dagbag.py:537} INFO - Filling up the DagBag from /home/airflow/.local/lib/python3.7/site-packages/airflow/example_dags/tutorial_taskflow_api.py
[2023-05-22T20:27:30.457+0000] {processor.py:766} INFO - DAG(s) dict_keys(['tutorial_taskflow_api']) retrieved from /home/airflow/.local/lib/python3.7/site-packages/airflow/example_dags/tutorial_taskflow_api.py
[2023-05-22T20:27:30.489+0000] {logging_mixin.py:120} INFO - [2023-05-22T20:27:30.489+0000] {dag.py:2585} INFO - Sync 1 DAGs
[2023-05-22T20:27:30.507+0000] {logging_mixin.py:120} INFO - [2023-05-22T20:27:30.506+0000] {dag.py:3340} INFO - Setting next_dagrun for tutorial_taskflow_api to None, run_after=None
[2023-05-22T20:27:30.520+0000] {processor.py:176} INFO - Processing /home/airflow/.local/lib/python3.7/site-packages/airflow/example_dags/tutorial_taskflow_api.py took 0.089 seconds
[2023-05-22T20:28:00.980+0000] {processor.py:154} INFO - Started process (PID=4289) to work on /home/airflow/.local/lib/python3.7/site-packages/airflow/example_dags/tutorial_taskflow_api.py
[2023-05-22T20:28:00.981+0000] {processor.py:756} INFO - Processing file /home/airflow/.local/lib/python3.7/site-packages/airflow/example_dags/tutorial_taskflow_api.py for tasks to queue
[2023-05-22T20:28:00.983+0000] {logging_mixin.py:120} INFO - [2023-05-22T20:28:00.983+0000] {dagbag.py:537} INFO - Filling up the DagBag from /home/airflow/.local/lib/python3.7/site-packages/airflow/example_dags/tutorial_taskflow_api.py
[2023-05-22T20:28:01.000+0000] {processor.py:766} INFO - DAG(s) dict_keys(['tutorial_taskflow_api']) retrieved from /home/airflow/.local/lib/python3.7/site-packages/airflow/example_dags/tutorial_taskflow_api.py
[2023-05-22T20:28:01.038+0000] {logging_mixin.py:120} INFO - [2023-05-22T20:28:01.038+0000] {dag.py:2585} INFO - Sync 1 DAGs
[2023-05-22T20:28:01.056+0000] {logging_mixin.py:120} INFO - [2023-05-22T20:28:01.056+0000] {dag.py:3340} INFO - Setting next_dagrun for tutorial_taskflow_api to None, run_after=None
[2023-05-22T20:28:01.069+0000] {processor.py:176} INFO - Processing /home/airflow/.local/lib/python3.7/site-packages/airflow/example_dags/tutorial_taskflow_api.py took 0.091 seconds
[2023-05-22T20:28:31.960+0000] {processor.py:154} INFO - Started process (PID=4351) to work on /home/airflow/.local/lib/python3.7/site-packages/airflow/example_dags/tutorial_taskflow_api.py
[2023-05-22T20:28:31.961+0000] {processor.py:756} INFO - Processing file /home/airflow/.local/lib/python3.7/site-packages/airflow/example_dags/tutorial_taskflow_api.py for tasks to queue
[2023-05-22T20:28:31.962+0000] {logging_mixin.py:120} INFO - [2023-05-22T20:28:31.962+0000] {dagbag.py:537} INFO - Filling up the DagBag from /home/airflow/.local/lib/python3.7/site-packages/airflow/example_dags/tutorial_taskflow_api.py
[2023-05-22T20:28:31.979+0000] {processor.py:766} INFO - DAG(s) dict_keys(['tutorial_taskflow_api']) retrieved from /home/airflow/.local/lib/python3.7/site-packages/airflow/example_dags/tutorial_taskflow_api.py
[2023-05-22T20:28:32.010+0000] {logging_mixin.py:120} INFO - [2023-05-22T20:28:32.009+0000] {dag.py:2585} INFO - Sync 1 DAGs
[2023-05-22T20:28:32.031+0000] {logging_mixin.py:120} INFO - [2023-05-22T20:28:32.031+0000] {dag.py:3340} INFO - Setting next_dagrun for tutorial_taskflow_api to None, run_after=None
[2023-05-22T20:28:32.046+0000] {processor.py:176} INFO - Processing /home/airflow/.local/lib/python3.7/site-packages/airflow/example_dags/tutorial_taskflow_api.py took 0.090 seconds
[2023-05-22T20:43:49.950+0000] {processor.py:154} INFO - Started process (PID=4396) to work on /home/airflow/.local/lib/python3.7/site-packages/airflow/example_dags/tutorial_taskflow_api.py
[2023-05-22T20:43:49.952+0000] {processor.py:756} INFO - Processing file /home/airflow/.local/lib/python3.7/site-packages/airflow/example_dags/tutorial_taskflow_api.py for tasks to queue
[2023-05-22T20:43:49.953+0000] {logging_mixin.py:120} INFO - [2023-05-22T20:43:49.953+0000] {dagbag.py:537} INFO - Filling up the DagBag from /home/airflow/.local/lib/python3.7/site-packages/airflow/example_dags/tutorial_taskflow_api.py
[2023-05-22T20:43:49.968+0000] {processor.py:766} INFO - DAG(s) dict_keys(['tutorial_taskflow_api']) retrieved from /home/airflow/.local/lib/python3.7/site-packages/airflow/example_dags/tutorial_taskflow_api.py
[2023-05-22T20:43:49.998+0000] {logging_mixin.py:120} INFO - [2023-05-22T20:43:49.998+0000] {dag.py:2585} INFO - Sync 1 DAGs
[2023-05-22T20:43:50.015+0000] {logging_mixin.py:120} INFO - [2023-05-22T20:43:50.015+0000] {dag.py:3340} INFO - Setting next_dagrun for tutorial_taskflow_api to None, run_after=None
[2023-05-22T20:43:50.027+0000] {processor.py:176} INFO - Processing /home/airflow/.local/lib/python3.7/site-packages/airflow/example_dags/tutorial_taskflow_api.py took 0.079 seconds
[2023-05-22T22:05:52.648+0000] {processor.py:154} INFO - Started process (PID=4459) to work on /home/airflow/.local/lib/python3.7/site-packages/airflow/example_dags/tutorial_taskflow_api.py
[2023-05-22T22:05:52.651+0000] {processor.py:756} INFO - Processing file /home/airflow/.local/lib/python3.7/site-packages/airflow/example_dags/tutorial_taskflow_api.py for tasks to queue
[2023-05-22T22:05:52.652+0000] {logging_mixin.py:120} INFO - [2023-05-22T22:05:52.652+0000] {dagbag.py:537} INFO - Filling up the DagBag from /home/airflow/.local/lib/python3.7/site-packages/airflow/example_dags/tutorial_taskflow_api.py
[2023-05-22T22:05:52.688+0000] {processor.py:766} INFO - DAG(s) dict_keys(['tutorial_taskflow_api']) retrieved from /home/airflow/.local/lib/python3.7/site-packages/airflow/example_dags/tutorial_taskflow_api.py
[2023-05-22T22:05:52.740+0000] {logging_mixin.py:120} INFO - [2023-05-22T22:05:52.740+0000] {dag.py:2585} INFO - Sync 1 DAGs
[2023-05-22T22:05:52.765+0000] {logging_mixin.py:120} INFO - [2023-05-22T22:05:52.765+0000] {dag.py:3340} INFO - Setting next_dagrun for tutorial_taskflow_api to None, run_after=None
[2023-05-22T22:05:52.776+0000] {processor.py:176} INFO - Processing /home/airflow/.local/lib/python3.7/site-packages/airflow/example_dags/tutorial_taskflow_api.py took 0.131 seconds
[2023-05-22T23:29:36.958+0000] {processor.py:154} INFO - Started process (PID=4522) to work on /home/airflow/.local/lib/python3.7/site-packages/airflow/example_dags/tutorial_taskflow_api.py
[2023-05-22T23:29:36.961+0000] {processor.py:756} INFO - Processing file /home/airflow/.local/lib/python3.7/site-packages/airflow/example_dags/tutorial_taskflow_api.py for tasks to queue
[2023-05-22T23:29:36.962+0000] {logging_mixin.py:120} INFO - [2023-05-22T23:29:36.962+0000] {dagbag.py:537} INFO - Filling up the DagBag from /home/airflow/.local/lib/python3.7/site-packages/airflow/example_dags/tutorial_taskflow_api.py
[2023-05-22T23:29:36.979+0000] {processor.py:766} INFO - DAG(s) dict_keys(['tutorial_taskflow_api']) retrieved from /home/airflow/.local/lib/python3.7/site-packages/airflow/example_dags/tutorial_taskflow_api.py
[2023-05-22T23:29:37.019+0000] {logging_mixin.py:120} INFO - [2023-05-22T23:29:37.019+0000] {dag.py:2585} INFO - Sync 1 DAGs
[2023-05-22T23:29:37.040+0000] {logging_mixin.py:120} INFO - [2023-05-22T23:29:37.040+0000] {dag.py:3340} INFO - Setting next_dagrun for tutorial_taskflow_api to None, run_after=None
[2023-05-22T23:29:37.072+0000] {processor.py:176} INFO - Processing /home/airflow/.local/lib/python3.7/site-packages/airflow/example_dags/tutorial_taskflow_api.py took 0.117 seconds
