[2023-08-02T21:17:17.785+0000] {taskinstance.py:1165} INFO - Dependencies all met for <TaskInstance: xcom_dag.t4 manual__2023-08-02T21:17:13.139114+00:00 [queued]>
[2023-08-02T21:17:17.791+0000] {taskinstance.py:1165} INFO - Dependencies all met for <TaskInstance: xcom_dag.t4 manual__2023-08-02T21:17:13.139114+00:00 [queued]>
[2023-08-02T21:17:17.791+0000] {taskinstance.py:1362} INFO - 
--------------------------------------------------------------------------------
[2023-08-02T21:17:17.792+0000] {taskinstance.py:1363} INFO - Starting attempt 1 of 1
[2023-08-02T21:17:17.792+0000] {taskinstance.py:1364} INFO - 
--------------------------------------------------------------------------------
[2023-08-02T21:17:17.801+0000] {taskinstance.py:1383} INFO - Executing <Task(BashOperator): t4> on 2023-08-02 21:17:13.139114+00:00
[2023-08-02T21:17:17.806+0000] {standard_task_runner.py:55} INFO - Started process 207 to run task
[2023-08-02T21:17:17.809+0000] {standard_task_runner.py:82} INFO - Running: ['***', 'tasks', 'run', 'xcom_dag', 't4', 'manual__2023-08-02T21:17:13.139114+00:00', '--job-id', '353', '--raw', '--subdir', 'DAGS_FOLDER/xcom_dag.py', '--cfg-path', '/tmp/tmph4tdrmye']
[2023-08-02T21:17:17.810+0000] {standard_task_runner.py:83} INFO - Job 353: Subtask t4
[2023-08-02T21:17:17.868+0000] {task_command.py:376} INFO - Running <TaskInstance: xcom_dag.t4 manual__2023-08-02T21:17:13.139114+00:00 [running]> on host 317a5743ecab
[2023-08-02T21:17:17.917+0000] {taskinstance.py:1592} INFO - Exporting the following env vars:
AIRFLOW_CTX_DAG_OWNER=***
AIRFLOW_CTX_DAG_ID=xcom_dag
AIRFLOW_CTX_TASK_ID=t4
AIRFLOW_CTX_EXECUTION_DATE=2023-08-02T21:17:13.139114+00:00
AIRFLOW_CTX_TRY_NUMBER=1
AIRFLOW_CTX_DAG_RUN_ID=manual__2023-08-02T21:17:13.139114+00:00
[2023-08-02T21:17:17.919+0000] {subprocess.py:63} INFO - Tmp dir root location: 
 /tmp
[2023-08-02T21:17:17.919+0000] {subprocess.py:75} INFO - Running command: ['/bin/bash', '-c', "echo ''"]
[2023-08-02T21:17:17.932+0000] {subprocess.py:86} INFO - Output:
[2023-08-02T21:17:17.934+0000] {subprocess.py:93} INFO - 
[2023-08-02T21:17:17.935+0000] {subprocess.py:97} INFO - Command exited with return code 0
[2023-08-02T21:17:17.956+0000] {taskinstance.py:1406} INFO - Marking task as SUCCESS. dag_id=xcom_dag, task_id=t4, execution_date=20230802T211713, start_date=20230802T211717, end_date=20230802T211717
[2023-08-02T21:17:17.981+0000] {local_task_job.py:164} INFO - Task exited with return code 0
[2023-08-02T21:17:17.996+0000] {local_task_job.py:273} INFO - 0 downstream tasks scheduled from follow-on schedule check
