[2023-08-02T00:29:37.394+0000] {taskinstance.py:1165} INFO - Dependencies all met for <TaskInstance: group_dag.downloads.download_b scheduled__2023-08-01T00:00:00+00:00 [queued]>
[2023-08-02T00:29:37.422+0000] {taskinstance.py:1165} INFO - Dependencies all met for <TaskInstance: group_dag.downloads.download_b scheduled__2023-08-01T00:00:00+00:00 [queued]>
[2023-08-02T00:29:37.425+0000] {taskinstance.py:1362} INFO - 
--------------------------------------------------------------------------------
[2023-08-02T00:29:37.430+0000] {taskinstance.py:1363} INFO - Starting attempt 1 of 1
[2023-08-02T00:29:37.431+0000] {taskinstance.py:1364} INFO - 
--------------------------------------------------------------------------------
[2023-08-02T00:29:37.452+0000] {taskinstance.py:1383} INFO - Executing <Task(BashOperator): downloads.download_b> on 2023-08-01 00:00:00+00:00
[2023-08-02T00:29:37.475+0000] {standard_task_runner.py:55} INFO - Started process 9599 to run task
[2023-08-02T00:29:37.505+0000] {standard_task_runner.py:82} INFO - Running: ['***', 'tasks', 'run', 'group_dag', 'downloads.download_b', 'scheduled__2023-08-01T00:00:00+00:00', '--job-id', '298', '--raw', '--subdir', 'DAGS_FOLDER/group_dag.py', '--cfg-path', '/tmp/tmp76vu4shx']
[2023-08-02T00:29:37.522+0000] {standard_task_runner.py:83} INFO - Job 298: Subtask downloads.download_b
[2023-08-02T00:29:37.865+0000] {task_command.py:376} INFO - Running <TaskInstance: group_dag.downloads.download_b scheduled__2023-08-01T00:00:00+00:00 [running]> on host 45dcf9d0cab9
[2023-08-02T00:29:38.535+0000] {taskinstance.py:1592} INFO - Exporting the following env vars:
AIRFLOW_CTX_DAG_OWNER=***
AIRFLOW_CTX_DAG_ID=group_dag
AIRFLOW_CTX_TASK_ID=downloads.download_b
AIRFLOW_CTX_EXECUTION_DATE=2023-08-01T00:00:00+00:00
AIRFLOW_CTX_TRY_NUMBER=1
AIRFLOW_CTX_DAG_RUN_ID=scheduled__2023-08-01T00:00:00+00:00
[2023-08-02T00:29:38.542+0000] {subprocess.py:63} INFO - Tmp dir root location: 
 /tmp
[2023-08-02T00:29:38.546+0000] {subprocess.py:75} INFO - Running command: ['/bin/bash', '-c', 'sleep 10']
[2023-08-02T00:29:38.595+0000] {subprocess.py:86} INFO - Output:
[2023-08-02T00:29:48.619+0000] {subprocess.py:97} INFO - Command exited with return code 0
[2023-08-02T00:29:48.650+0000] {taskinstance.py:1406} INFO - Marking task as SUCCESS. dag_id=group_dag, task_id=downloads.download_b, execution_date=20230801T000000, start_date=20230802T002937, end_date=20230802T002948
[2023-08-02T00:29:48.681+0000] {local_task_job.py:164} INFO - Task exited with return code 0
[2023-08-02T00:29:48.704+0000] {local_task_job.py:273} INFO - 0 downstream tasks scheduled from follow-on schedule check
