[2023-08-01T00:12:30.008+0000] {taskinstance.py:1165} INFO - Dependencies all met for <TaskInstance: consumer.read_dataset dataset_triggered__2023-08-01T00:12:29.155470+00:00 [queued]>
[2023-08-01T00:12:30.014+0000] {taskinstance.py:1165} INFO - Dependencies all met for <TaskInstance: consumer.read_dataset dataset_triggered__2023-08-01T00:12:29.155470+00:00 [queued]>
[2023-08-01T00:12:30.014+0000] {taskinstance.py:1362} INFO - 
--------------------------------------------------------------------------------
[2023-08-01T00:12:30.015+0000] {taskinstance.py:1363} INFO - Starting attempt 1 of 1
[2023-08-01T00:12:30.015+0000] {taskinstance.py:1364} INFO - 
--------------------------------------------------------------------------------
[2023-08-01T00:12:30.026+0000] {taskinstance.py:1383} INFO - Executing <Task(_PythonDecoratedOperator): read_dataset> on 2023-08-01 00:12:29.155470+00:00
[2023-08-01T00:12:30.031+0000] {standard_task_runner.py:55} INFO - Started process 1464 to run task
[2023-08-01T00:12:30.037+0000] {standard_task_runner.py:82} INFO - Running: ['***', 'tasks', 'run', 'consumer', 'read_dataset', 'dataset_triggered__2023-08-01T00:12:29.155470+00:00', '--job-id', '267', '--raw', '--subdir', 'DAGS_FOLDER/consumer.py', '--cfg-path', '/tmp/tmpbsxyrlfq']
[2023-08-01T00:12:30.039+0000] {standard_task_runner.py:83} INFO - Job 267: Subtask read_dataset
[2023-08-01T00:12:30.104+0000] {task_command.py:376} INFO - Running <TaskInstance: consumer.read_dataset dataset_triggered__2023-08-01T00:12:29.155470+00:00 [running]> on host 10b0062b951b
[2023-08-01T00:12:30.173+0000] {taskinstance.py:1592} INFO - Exporting the following env vars:
AIRFLOW_CTX_DAG_OWNER=***
AIRFLOW_CTX_DAG_ID=consumer
AIRFLOW_CTX_TASK_ID=read_dataset
AIRFLOW_CTX_EXECUTION_DATE=2023-08-01T00:12:29.155470+00:00
AIRFLOW_CTX_TRY_NUMBER=1
AIRFLOW_CTX_DAG_RUN_ID=dataset_triggered__2023-08-01T00:12:29.155470+00:00
[2023-08-01T00:12:30.176+0000] {logging_mixin.py:120} INFO - producer updateproducer update
[2023-08-01T00:12:30.177+0000] {python.py:177} INFO - Done. Returned value was: None
[2023-08-01T00:12:30.194+0000] {taskinstance.py:1406} INFO - Marking task as SUCCESS. dag_id=consumer, task_id=read_dataset, execution_date=20230801T001229, start_date=20230801T001230, end_date=20230801T001230
[2023-08-01T00:12:30.254+0000] {local_task_job.py:164} INFO - Task exited with return code 0
[2023-08-01T00:12:30.273+0000] {local_task_job.py:273} INFO - 0 downstream tasks scheduled from follow-on schedule check
