[2023-06-05T08:57:08.098+0000] {processor.py:154} INFO - Started process (PID=83) to work on /home/airflow/.local/lib/python3.7/site-packages/airflow/example_dags/example_branch_python_dop_operator_3.py
[2023-06-05T08:57:08.101+0000] {processor.py:756} INFO - Processing file /home/airflow/.local/lib/python3.7/site-packages/airflow/example_dags/example_branch_python_dop_operator_3.py for tasks to queue
[2023-06-05T08:57:08.102+0000] {logging_mixin.py:120} INFO - [2023-06-05T08:57:08.102+0000] {dagbag.py:537} INFO - Filling up the DagBag from /home/airflow/.local/lib/python3.7/site-packages/airflow/example_dags/example_branch_python_dop_operator_3.py
[2023-06-05T08:57:08.162+0000] {processor.py:766} INFO - DAG(s) dict_keys(['example_branch_dop_operator_v3']) retrieved from /home/airflow/.local/lib/python3.7/site-packages/airflow/example_dags/example_branch_python_dop_operator_3.py
[2023-06-05T08:57:08.216+0000] {logging_mixin.py:120} INFO - [2023-06-05T08:57:08.216+0000] {dag.py:2585} INFO - Sync 1 DAGs
[2023-06-05T08:57:08.240+0000] {logging_mixin.py:120} INFO - [2023-06-05T08:57:08.240+0000] {dag.py:3340} INFO - Setting next_dagrun for example_branch_dop_operator_v3 to 2023-06-05T08:56:00+00:00, run_after=2023-06-05T08:57:00+00:00
[2023-06-05T08:57:08.251+0000] {processor.py:176} INFO - Processing /home/airflow/.local/lib/python3.7/site-packages/airflow/example_dags/example_branch_python_dop_operator_3.py took 0.156 seconds
[2023-06-05T08:57:38.616+0000] {processor.py:154} INFO - Started process (PID=149) to work on /home/airflow/.local/lib/python3.7/site-packages/airflow/example_dags/example_branch_python_dop_operator_3.py
[2023-06-05T08:57:38.617+0000] {processor.py:756} INFO - Processing file /home/airflow/.local/lib/python3.7/site-packages/airflow/example_dags/example_branch_python_dop_operator_3.py for tasks to queue
[2023-06-05T08:57:38.618+0000] {logging_mixin.py:120} INFO - [2023-06-05T08:57:38.618+0000] {dagbag.py:537} INFO - Filling up the DagBag from /home/airflow/.local/lib/python3.7/site-packages/airflow/example_dags/example_branch_python_dop_operator_3.py
[2023-06-05T08:57:38.633+0000] {processor.py:766} INFO - DAG(s) dict_keys(['example_branch_dop_operator_v3']) retrieved from /home/airflow/.local/lib/python3.7/site-packages/airflow/example_dags/example_branch_python_dop_operator_3.py
[2023-06-05T08:57:38.663+0000] {logging_mixin.py:120} INFO - [2023-06-05T08:57:38.663+0000] {dag.py:2585} INFO - Sync 1 DAGs
[2023-06-05T08:57:38.681+0000] {logging_mixin.py:120} INFO - [2023-06-05T08:57:38.681+0000] {dag.py:3340} INFO - Setting next_dagrun for example_branch_dop_operator_v3 to 2023-06-05T08:56:00+00:00, run_after=2023-06-05T08:57:00+00:00
[2023-06-05T08:57:38.692+0000] {processor.py:176} INFO - Processing /home/airflow/.local/lib/python3.7/site-packages/airflow/example_dags/example_branch_python_dop_operator_3.py took 0.079 seconds
[2023-06-05T08:58:09.070+0000] {processor.py:154} INFO - Started process (PID=205) to work on /home/airflow/.local/lib/python3.7/site-packages/airflow/example_dags/example_branch_python_dop_operator_3.py
[2023-06-05T08:58:09.071+0000] {processor.py:756} INFO - Processing file /home/airflow/.local/lib/python3.7/site-packages/airflow/example_dags/example_branch_python_dop_operator_3.py for tasks to queue
[2023-06-05T08:58:09.072+0000] {logging_mixin.py:120} INFO - [2023-06-05T08:58:09.072+0000] {dagbag.py:537} INFO - Filling up the DagBag from /home/airflow/.local/lib/python3.7/site-packages/airflow/example_dags/example_branch_python_dop_operator_3.py
[2023-06-05T08:58:09.089+0000] {processor.py:766} INFO - DAG(s) dict_keys(['example_branch_dop_operator_v3']) retrieved from /home/airflow/.local/lib/python3.7/site-packages/airflow/example_dags/example_branch_python_dop_operator_3.py
[2023-06-05T08:58:09.128+0000] {logging_mixin.py:120} INFO - [2023-06-05T08:58:09.128+0000] {dag.py:2585} INFO - Sync 1 DAGs
[2023-06-05T08:58:09.157+0000] {logging_mixin.py:120} INFO - [2023-06-05T08:58:09.157+0000] {dag.py:3340} INFO - Setting next_dagrun for example_branch_dop_operator_v3 to 2023-06-05T08:57:00+00:00, run_after=2023-06-05T08:58:00+00:00
[2023-06-05T08:58:09.176+0000] {processor.py:176} INFO - Processing /home/airflow/.local/lib/python3.7/site-packages/airflow/example_dags/example_branch_python_dop_operator_3.py took 0.109 seconds
[2023-06-05T08:58:39.752+0000] {processor.py:154} INFO - Started process (PID=269) to work on /home/airflow/.local/lib/python3.7/site-packages/airflow/example_dags/example_branch_python_dop_operator_3.py
[2023-06-05T08:58:39.762+0000] {processor.py:756} INFO - Processing file /home/airflow/.local/lib/python3.7/site-packages/airflow/example_dags/example_branch_python_dop_operator_3.py for tasks to queue
[2023-06-05T08:58:39.763+0000] {logging_mixin.py:120} INFO - [2023-06-05T08:58:39.763+0000] {dagbag.py:537} INFO - Filling up the DagBag from /home/airflow/.local/lib/python3.7/site-packages/airflow/example_dags/example_branch_python_dop_operator_3.py
[2023-06-05T08:58:39.778+0000] {processor.py:766} INFO - DAG(s) dict_keys(['example_branch_dop_operator_v3']) retrieved from /home/airflow/.local/lib/python3.7/site-packages/airflow/example_dags/example_branch_python_dop_operator_3.py
[2023-06-05T08:58:39.816+0000] {logging_mixin.py:120} INFO - [2023-06-05T08:58:39.816+0000] {dag.py:2585} INFO - Sync 1 DAGs
[2023-06-05T08:58:39.852+0000] {logging_mixin.py:120} INFO - [2023-06-05T08:58:39.852+0000] {dag.py:3340} INFO - Setting next_dagrun for example_branch_dop_operator_v3 to 2023-06-05T08:57:00+00:00, run_after=2023-06-05T08:58:00+00:00
[2023-06-05T08:58:39.866+0000] {processor.py:176} INFO - Processing /home/airflow/.local/lib/python3.7/site-packages/airflow/example_dags/example_branch_python_dop_operator_3.py took 0.118 seconds
[2023-06-05T08:59:11.111+0000] {processor.py:154} INFO - Started process (PID=333) to work on /home/airflow/.local/lib/python3.7/site-packages/airflow/example_dags/example_branch_python_dop_operator_3.py
[2023-06-05T08:59:11.113+0000] {processor.py:756} INFO - Processing file /home/airflow/.local/lib/python3.7/site-packages/airflow/example_dags/example_branch_python_dop_operator_3.py for tasks to queue
[2023-06-05T08:59:11.114+0000] {logging_mixin.py:120} INFO - [2023-06-05T08:59:11.114+0000] {dagbag.py:537} INFO - Filling up the DagBag from /home/airflow/.local/lib/python3.7/site-packages/airflow/example_dags/example_branch_python_dop_operator_3.py
[2023-06-05T08:59:11.142+0000] {processor.py:766} INFO - DAG(s) dict_keys(['example_branch_dop_operator_v3']) retrieved from /home/airflow/.local/lib/python3.7/site-packages/airflow/example_dags/example_branch_python_dop_operator_3.py
[2023-06-05T08:59:11.205+0000] {logging_mixin.py:120} INFO - [2023-06-05T08:59:11.204+0000] {dag.py:2585} INFO - Sync 1 DAGs
[2023-06-05T08:59:11.293+0000] {logging_mixin.py:120} INFO - [2023-06-05T08:59:11.293+0000] {dag.py:3340} INFO - Setting next_dagrun for example_branch_dop_operator_v3 to 2023-06-05T08:58:00+00:00, run_after=2023-06-05T08:59:00+00:00
[2023-06-05T08:59:11.339+0000] {processor.py:176} INFO - Processing /home/airflow/.local/lib/python3.7/site-packages/airflow/example_dags/example_branch_python_dop_operator_3.py took 0.232 seconds
[2023-06-05T08:59:41.955+0000] {processor.py:154} INFO - Started process (PID=395) to work on /home/airflow/.local/lib/python3.7/site-packages/airflow/example_dags/example_branch_python_dop_operator_3.py
[2023-06-05T08:59:41.959+0000] {processor.py:756} INFO - Processing file /home/airflow/.local/lib/python3.7/site-packages/airflow/example_dags/example_branch_python_dop_operator_3.py for tasks to queue
[2023-06-05T08:59:41.962+0000] {logging_mixin.py:120} INFO - [2023-06-05T08:59:41.962+0000] {dagbag.py:537} INFO - Filling up the DagBag from /home/airflow/.local/lib/python3.7/site-packages/airflow/example_dags/example_branch_python_dop_operator_3.py
[2023-06-05T08:59:41.994+0000] {processor.py:766} INFO - DAG(s) dict_keys(['example_branch_dop_operator_v3']) retrieved from /home/airflow/.local/lib/python3.7/site-packages/airflow/example_dags/example_branch_python_dop_operator_3.py
[2023-06-05T08:59:42.041+0000] {logging_mixin.py:120} INFO - [2023-06-05T08:59:42.041+0000] {dag.py:2585} INFO - Sync 1 DAGs
[2023-06-05T08:59:42.133+0000] {logging_mixin.py:120} INFO - [2023-06-05T08:59:42.133+0000] {dag.py:3340} INFO - Setting next_dagrun for example_branch_dop_operator_v3 to 2023-06-05T08:58:00+00:00, run_after=2023-06-05T08:59:00+00:00
[2023-06-05T08:59:42.168+0000] {processor.py:176} INFO - Processing /home/airflow/.local/lib/python3.7/site-packages/airflow/example_dags/example_branch_python_dop_operator_3.py took 0.217 seconds
[2023-06-05T09:00:14.133+0000] {processor.py:154} INFO - Started process (PID=458) to work on /home/airflow/.local/lib/python3.7/site-packages/airflow/example_dags/example_branch_python_dop_operator_3.py
[2023-06-05T09:00:14.137+0000] {processor.py:756} INFO - Processing file /home/airflow/.local/lib/python3.7/site-packages/airflow/example_dags/example_branch_python_dop_operator_3.py for tasks to queue
[2023-06-05T09:00:14.149+0000] {logging_mixin.py:120} INFO - [2023-06-05T09:00:14.148+0000] {dagbag.py:537} INFO - Filling up the DagBag from /home/airflow/.local/lib/python3.7/site-packages/airflow/example_dags/example_branch_python_dop_operator_3.py
[2023-06-05T09:00:14.246+0000] {processor.py:766} INFO - DAG(s) dict_keys(['example_branch_dop_operator_v3']) retrieved from /home/airflow/.local/lib/python3.7/site-packages/airflow/example_dags/example_branch_python_dop_operator_3.py
[2023-06-05T09:00:14.406+0000] {logging_mixin.py:120} INFO - [2023-06-05T09:00:14.405+0000] {dag.py:2585} INFO - Sync 1 DAGs
[2023-06-05T09:00:14.451+0000] {logging_mixin.py:120} INFO - [2023-06-05T09:00:14.451+0000] {dag.py:3340} INFO - Setting next_dagrun for example_branch_dop_operator_v3 to 2023-06-05T08:59:00+00:00, run_after=2023-06-05T09:00:00+00:00
[2023-06-05T09:00:14.511+0000] {processor.py:176} INFO - Processing /home/airflow/.local/lib/python3.7/site-packages/airflow/example_dags/example_branch_python_dop_operator_3.py took 0.389 seconds
[2023-06-05T09:00:45.219+0000] {processor.py:154} INFO - Started process (PID=513) to work on /home/airflow/.local/lib/python3.7/site-packages/airflow/example_dags/example_branch_python_dop_operator_3.py
[2023-06-05T09:00:45.220+0000] {processor.py:756} INFO - Processing file /home/airflow/.local/lib/python3.7/site-packages/airflow/example_dags/example_branch_python_dop_operator_3.py for tasks to queue
[2023-06-05T09:00:45.221+0000] {logging_mixin.py:120} INFO - [2023-06-05T09:00:45.221+0000] {dagbag.py:537} INFO - Filling up the DagBag from /home/airflow/.local/lib/python3.7/site-packages/airflow/example_dags/example_branch_python_dop_operator_3.py
[2023-06-05T09:00:45.237+0000] {processor.py:766} INFO - DAG(s) dict_keys(['example_branch_dop_operator_v3']) retrieved from /home/airflow/.local/lib/python3.7/site-packages/airflow/example_dags/example_branch_python_dop_operator_3.py
[2023-06-05T09:00:45.268+0000] {logging_mixin.py:120} INFO - [2023-06-05T09:00:45.268+0000] {dag.py:2585} INFO - Sync 1 DAGs
[2023-06-05T09:00:45.285+0000] {logging_mixin.py:120} INFO - [2023-06-05T09:00:45.285+0000] {dag.py:3340} INFO - Setting next_dagrun for example_branch_dop_operator_v3 to 2023-06-05T08:59:00+00:00, run_after=2023-06-05T09:00:00+00:00
[2023-06-05T09:00:45.298+0000] {processor.py:176} INFO - Processing /home/airflow/.local/lib/python3.7/site-packages/airflow/example_dags/example_branch_python_dop_operator_3.py took 0.081 seconds
[2023-06-05T09:01:15.886+0000] {processor.py:154} INFO - Started process (PID=576) to work on /home/airflow/.local/lib/python3.7/site-packages/airflow/example_dags/example_branch_python_dop_operator_3.py
[2023-06-05T09:01:15.889+0000] {processor.py:756} INFO - Processing file /home/airflow/.local/lib/python3.7/site-packages/airflow/example_dags/example_branch_python_dop_operator_3.py for tasks to queue
[2023-06-05T09:01:15.891+0000] {logging_mixin.py:120} INFO - [2023-06-05T09:01:15.890+0000] {dagbag.py:537} INFO - Filling up the DagBag from /home/airflow/.local/lib/python3.7/site-packages/airflow/example_dags/example_branch_python_dop_operator_3.py
[2023-06-05T09:01:15.914+0000] {processor.py:766} INFO - DAG(s) dict_keys(['example_branch_dop_operator_v3']) retrieved from /home/airflow/.local/lib/python3.7/site-packages/airflow/example_dags/example_branch_python_dop_operator_3.py
[2023-06-05T09:01:15.996+0000] {logging_mixin.py:120} INFO - [2023-06-05T09:01:15.996+0000] {dag.py:2585} INFO - Sync 1 DAGs
[2023-06-05T09:01:16.034+0000] {logging_mixin.py:120} INFO - [2023-06-05T09:01:16.034+0000] {dag.py:3340} INFO - Setting next_dagrun for example_branch_dop_operator_v3 to 2023-06-05T09:00:00+00:00, run_after=2023-06-05T09:01:00+00:00
[2023-06-05T09:01:16.052+0000] {processor.py:176} INFO - Processing /home/airflow/.local/lib/python3.7/site-packages/airflow/example_dags/example_branch_python_dop_operator_3.py took 0.169 seconds
[2023-06-05T09:01:46.854+0000] {processor.py:154} INFO - Started process (PID=639) to work on /home/airflow/.local/lib/python3.7/site-packages/airflow/example_dags/example_branch_python_dop_operator_3.py
[2023-06-05T09:01:46.858+0000] {processor.py:756} INFO - Processing file /home/airflow/.local/lib/python3.7/site-packages/airflow/example_dags/example_branch_python_dop_operator_3.py for tasks to queue
[2023-06-05T09:01:46.859+0000] {logging_mixin.py:120} INFO - [2023-06-05T09:01:46.859+0000] {dagbag.py:537} INFO - Filling up the DagBag from /home/airflow/.local/lib/python3.7/site-packages/airflow/example_dags/example_branch_python_dop_operator_3.py
[2023-06-05T09:01:46.893+0000] {processor.py:766} INFO - DAG(s) dict_keys(['example_branch_dop_operator_v3']) retrieved from /home/airflow/.local/lib/python3.7/site-packages/airflow/example_dags/example_branch_python_dop_operator_3.py
[2023-06-05T09:01:46.950+0000] {logging_mixin.py:120} INFO - [2023-06-05T09:01:46.950+0000] {dag.py:2585} INFO - Sync 1 DAGs
[2023-06-05T09:01:46.988+0000] {logging_mixin.py:120} INFO - [2023-06-05T09:01:46.988+0000] {dag.py:3340} INFO - Setting next_dagrun for example_branch_dop_operator_v3 to 2023-06-05T09:00:00+00:00, run_after=2023-06-05T09:01:00+00:00
[2023-06-05T09:01:47.020+0000] {processor.py:176} INFO - Processing /home/airflow/.local/lib/python3.7/site-packages/airflow/example_dags/example_branch_python_dop_operator_3.py took 0.170 seconds
[2023-06-05T09:02:17.128+0000] {processor.py:154} INFO - Started process (PID=703) to work on /home/airflow/.local/lib/python3.7/site-packages/airflow/example_dags/example_branch_python_dop_operator_3.py
[2023-06-05T09:02:17.130+0000] {processor.py:756} INFO - Processing file /home/airflow/.local/lib/python3.7/site-packages/airflow/example_dags/example_branch_python_dop_operator_3.py for tasks to queue
[2023-06-05T09:02:17.131+0000] {logging_mixin.py:120} INFO - [2023-06-05T09:02:17.131+0000] {dagbag.py:537} INFO - Filling up the DagBag from /home/airflow/.local/lib/python3.7/site-packages/airflow/example_dags/example_branch_python_dop_operator_3.py
[2023-06-05T09:02:17.148+0000] {processor.py:766} INFO - DAG(s) dict_keys(['example_branch_dop_operator_v3']) retrieved from /home/airflow/.local/lib/python3.7/site-packages/airflow/example_dags/example_branch_python_dop_operator_3.py
[2023-06-05T09:02:17.192+0000] {logging_mixin.py:120} INFO - [2023-06-05T09:02:17.192+0000] {dag.py:2585} INFO - Sync 1 DAGs
[2023-06-05T09:02:17.220+0000] {logging_mixin.py:120} INFO - [2023-06-05T09:02:17.219+0000] {dag.py:3340} INFO - Setting next_dagrun for example_branch_dop_operator_v3 to 2023-06-05T09:01:00+00:00, run_after=2023-06-05T09:02:00+00:00
[2023-06-05T09:02:17.237+0000] {processor.py:176} INFO - Processing /home/airflow/.local/lib/python3.7/site-packages/airflow/example_dags/example_branch_python_dop_operator_3.py took 0.112 seconds
[2023-06-05T10:02:23.216+0000] {processor.py:154} INFO - Started process (PID=748) to work on /home/airflow/.local/lib/python3.7/site-packages/airflow/example_dags/example_branch_python_dop_operator_3.py
[2023-06-05T10:02:23.217+0000] {processor.py:756} INFO - Processing file /home/airflow/.local/lib/python3.7/site-packages/airflow/example_dags/example_branch_python_dop_operator_3.py for tasks to queue
[2023-06-05T10:02:23.223+0000] {logging_mixin.py:120} INFO - [2023-06-05T10:02:23.223+0000] {dagbag.py:537} INFO - Filling up the DagBag from /home/airflow/.local/lib/python3.7/site-packages/airflow/example_dags/example_branch_python_dop_operator_3.py
[2023-06-05T10:02:23.241+0000] {processor.py:766} INFO - DAG(s) dict_keys(['example_branch_dop_operator_v3']) retrieved from /home/airflow/.local/lib/python3.7/site-packages/airflow/example_dags/example_branch_python_dop_operator_3.py
[2023-06-05T10:02:23.285+0000] {logging_mixin.py:120} INFO - [2023-06-05T10:02:23.285+0000] {dag.py:2585} INFO - Sync 1 DAGs
[2023-06-05T10:02:23.303+0000] {logging_mixin.py:120} INFO - [2023-06-05T10:02:23.303+0000] {dag.py:3340} INFO - Setting next_dagrun for example_branch_dop_operator_v3 to 2023-06-05T10:01:00+00:00, run_after=2023-06-05T10:02:00+00:00
[2023-06-05T10:02:23.319+0000] {processor.py:176} INFO - Processing /home/airflow/.local/lib/python3.7/site-packages/airflow/example_dags/example_branch_python_dop_operator_3.py took 0.106 seconds
[2023-06-05T11:26:12.494+0000] {processor.py:154} INFO - Started process (PID=803) to work on /home/airflow/.local/lib/python3.7/site-packages/airflow/example_dags/example_branch_python_dop_operator_3.py
[2023-06-05T11:26:12.495+0000] {processor.py:756} INFO - Processing file /home/airflow/.local/lib/python3.7/site-packages/airflow/example_dags/example_branch_python_dop_operator_3.py for tasks to queue
[2023-06-05T11:26:12.496+0000] {logging_mixin.py:120} INFO - [2023-06-05T11:26:12.496+0000] {dagbag.py:537} INFO - Filling up the DagBag from /home/airflow/.local/lib/python3.7/site-packages/airflow/example_dags/example_branch_python_dop_operator_3.py
[2023-06-05T11:26:12.512+0000] {processor.py:766} INFO - DAG(s) dict_keys(['example_branch_dop_operator_v3']) retrieved from /home/airflow/.local/lib/python3.7/site-packages/airflow/example_dags/example_branch_python_dop_operator_3.py
[2023-06-05T11:26:12.549+0000] {logging_mixin.py:120} INFO - [2023-06-05T11:26:12.548+0000] {dag.py:2585} INFO - Sync 1 DAGs
[2023-06-05T11:26:12.576+0000] {logging_mixin.py:120} INFO - [2023-06-05T11:26:12.576+0000] {dag.py:3340} INFO - Setting next_dagrun for example_branch_dop_operator_v3 to 2023-06-05T11:25:00+00:00, run_after=2023-06-05T11:26:00+00:00
[2023-06-05T11:26:12.603+0000] {processor.py:176} INFO - Processing /home/airflow/.local/lib/python3.7/site-packages/airflow/example_dags/example_branch_python_dop_operator_3.py took 0.112 seconds
[2023-06-05T12:47:19.566+0000] {processor.py:154} INFO - Started process (PID=867) to work on /home/airflow/.local/lib/python3.7/site-packages/airflow/example_dags/example_branch_python_dop_operator_3.py
[2023-06-05T12:47:19.567+0000] {processor.py:756} INFO - Processing file /home/airflow/.local/lib/python3.7/site-packages/airflow/example_dags/example_branch_python_dop_operator_3.py for tasks to queue
[2023-06-05T12:47:19.568+0000] {logging_mixin.py:120} INFO - [2023-06-05T12:47:19.568+0000] {dagbag.py:537} INFO - Filling up the DagBag from /home/airflow/.local/lib/python3.7/site-packages/airflow/example_dags/example_branch_python_dop_operator_3.py
[2023-06-05T12:47:19.586+0000] {processor.py:766} INFO - DAG(s) dict_keys(['example_branch_dop_operator_v3']) retrieved from /home/airflow/.local/lib/python3.7/site-packages/airflow/example_dags/example_branch_python_dop_operator_3.py
[2023-06-05T12:47:19.643+0000] {logging_mixin.py:120} INFO - [2023-06-05T12:47:19.643+0000] {dag.py:2585} INFO - Sync 1 DAGs
[2023-06-05T12:47:19.684+0000] {logging_mixin.py:120} INFO - [2023-06-05T12:47:19.684+0000] {dag.py:3340} INFO - Setting next_dagrun for example_branch_dop_operator_v3 to 2023-06-05T12:46:00+00:00, run_after=2023-06-05T12:47:00+00:00
[2023-06-05T12:47:19.708+0000] {processor.py:176} INFO - Processing /home/airflow/.local/lib/python3.7/site-packages/airflow/example_dags/example_branch_python_dop_operator_3.py took 0.145 seconds
[2023-06-05T13:45:34.607+0000] {processor.py:154} INFO - Started process (PID=930) to work on /home/airflow/.local/lib/python3.7/site-packages/airflow/example_dags/example_branch_python_dop_operator_3.py
[2023-06-05T13:45:34.609+0000] {processor.py:756} INFO - Processing file /home/airflow/.local/lib/python3.7/site-packages/airflow/example_dags/example_branch_python_dop_operator_3.py for tasks to queue
[2023-06-05T13:45:34.610+0000] {logging_mixin.py:120} INFO - [2023-06-05T13:45:34.609+0000] {dagbag.py:537} INFO - Filling up the DagBag from /home/airflow/.local/lib/python3.7/site-packages/airflow/example_dags/example_branch_python_dop_operator_3.py
[2023-06-05T13:45:34.626+0000] {processor.py:766} INFO - DAG(s) dict_keys(['example_branch_dop_operator_v3']) retrieved from /home/airflow/.local/lib/python3.7/site-packages/airflow/example_dags/example_branch_python_dop_operator_3.py
[2023-06-05T13:45:34.667+0000] {logging_mixin.py:120} INFO - [2023-06-05T13:45:34.667+0000] {dag.py:2585} INFO - Sync 1 DAGs
[2023-06-05T13:45:34.688+0000] {logging_mixin.py:120} INFO - [2023-06-05T13:45:34.687+0000] {dag.py:3340} INFO - Setting next_dagrun for example_branch_dop_operator_v3 to 2023-06-05T13:44:00+00:00, run_after=2023-06-05T13:45:00+00:00
[2023-06-05T13:45:34.701+0000] {processor.py:176} INFO - Processing /home/airflow/.local/lib/python3.7/site-packages/airflow/example_dags/example_branch_python_dop_operator_3.py took 0.096 seconds
[2023-06-05T14:52:56.834+0000] {processor.py:154} INFO - Started process (PID=993) to work on /home/airflow/.local/lib/python3.7/site-packages/airflow/example_dags/example_branch_python_dop_operator_3.py
[2023-06-05T14:52:56.838+0000] {processor.py:756} INFO - Processing file /home/airflow/.local/lib/python3.7/site-packages/airflow/example_dags/example_branch_python_dop_operator_3.py for tasks to queue
[2023-06-05T14:52:56.839+0000] {logging_mixin.py:120} INFO - [2023-06-05T14:52:56.839+0000] {dagbag.py:537} INFO - Filling up the DagBag from /home/airflow/.local/lib/python3.7/site-packages/airflow/example_dags/example_branch_python_dop_operator_3.py
[2023-06-05T14:52:56.878+0000] {processor.py:766} INFO - DAG(s) dict_keys(['example_branch_dop_operator_v3']) retrieved from /home/airflow/.local/lib/python3.7/site-packages/airflow/example_dags/example_branch_python_dop_operator_3.py
[2023-06-05T14:52:56.940+0000] {logging_mixin.py:120} INFO - [2023-06-05T14:52:56.940+0000] {dag.py:2585} INFO - Sync 1 DAGs
[2023-06-05T14:52:56.974+0000] {logging_mixin.py:120} INFO - [2023-06-05T14:52:56.973+0000] {dag.py:3340} INFO - Setting next_dagrun for example_branch_dop_operator_v3 to 2023-06-05T14:51:00+00:00, run_after=2023-06-05T14:52:00+00:00
[2023-06-05T14:52:57.005+0000] {processor.py:176} INFO - Processing /home/airflow/.local/lib/python3.7/site-packages/airflow/example_dags/example_branch_python_dop_operator_3.py took 0.174 seconds
