[2023-06-05T08:57:01.948+0000] {processor.py:154} INFO - Started process (PID=49) to work on /home/airflow/.local/lib/python3.7/site-packages/airflow/example_dags/example_external_task_marker_dag.py
[2023-06-05T08:57:01.957+0000] {processor.py:756} INFO - Processing file /home/airflow/.local/lib/python3.7/site-packages/airflow/example_dags/example_external_task_marker_dag.py for tasks to queue
[2023-06-05T08:57:01.963+0000] {logging_mixin.py:120} INFO - [2023-06-05T08:57:01.963+0000] {dagbag.py:537} INFO - Filling up the DagBag from /home/airflow/.local/lib/python3.7/site-packages/airflow/example_dags/example_external_task_marker_dag.py
[2023-06-05T08:57:02.014+0000] {processor.py:766} INFO - DAG(s) dict_keys(['example_external_task_marker_parent', 'example_external_task_marker_child']) retrieved from /home/airflow/.local/lib/python3.7/site-packages/airflow/example_dags/example_external_task_marker_dag.py
[2023-06-05T08:57:02.838+0000] {logging_mixin.py:120} INFO - [2023-06-05T08:57:02.838+0000] {dag.py:2585} INFO - Sync 2 DAGs
[2023-06-05T08:57:02.872+0000] {logging_mixin.py:120} INFO - [2023-06-05T08:57:02.872+0000] {dag.py:3340} INFO - Setting next_dagrun for example_external_task_marker_child to None, run_after=None
[2023-06-05T08:57:02.882+0000] {logging_mixin.py:120} INFO - [2023-06-05T08:57:02.882+0000] {dag.py:3340} INFO - Setting next_dagrun for example_external_task_marker_parent to None, run_after=None
[2023-06-05T08:57:02.924+0000] {processor.py:176} INFO - Processing /home/airflow/.local/lib/python3.7/site-packages/airflow/example_dags/example_external_task_marker_dag.py took 0.990 seconds
[2023-06-05T08:57:32.984+0000] {processor.py:154} INFO - Started process (PID=116) to work on /home/airflow/.local/lib/python3.7/site-packages/airflow/example_dags/example_external_task_marker_dag.py
[2023-06-05T08:57:32.985+0000] {processor.py:756} INFO - Processing file /home/airflow/.local/lib/python3.7/site-packages/airflow/example_dags/example_external_task_marker_dag.py for tasks to queue
[2023-06-05T08:57:32.986+0000] {logging_mixin.py:120} INFO - [2023-06-05T08:57:32.986+0000] {dagbag.py:537} INFO - Filling up the DagBag from /home/airflow/.local/lib/python3.7/site-packages/airflow/example_dags/example_external_task_marker_dag.py
[2023-06-05T08:57:32.997+0000] {processor.py:766} INFO - DAG(s) dict_keys(['example_external_task_marker_child', 'example_external_task_marker_parent']) retrieved from /home/airflow/.local/lib/python3.7/site-packages/airflow/example_dags/example_external_task_marker_dag.py
[2023-06-05T08:57:33.107+0000] {logging_mixin.py:120} INFO - [2023-06-05T08:57:33.107+0000] {dag.py:2585} INFO - Sync 2 DAGs
[2023-06-05T08:57:33.121+0000] {logging_mixin.py:120} INFO - [2023-06-05T08:57:33.121+0000] {dag.py:3340} INFO - Setting next_dagrun for example_external_task_marker_child to None, run_after=None
[2023-06-05T08:57:33.124+0000] {logging_mixin.py:120} INFO - [2023-06-05T08:57:33.124+0000] {dag.py:3340} INFO - Setting next_dagrun for example_external_task_marker_parent to None, run_after=None
[2023-06-05T08:57:33.134+0000] {processor.py:176} INFO - Processing /home/airflow/.local/lib/python3.7/site-packages/airflow/example_dags/example_external_task_marker_dag.py took 0.152 seconds
[2023-06-05T08:58:03.485+0000] {processor.py:154} INFO - Started process (PID=180) to work on /home/airflow/.local/lib/python3.7/site-packages/airflow/example_dags/example_external_task_marker_dag.py
[2023-06-05T08:58:03.486+0000] {processor.py:756} INFO - Processing file /home/airflow/.local/lib/python3.7/site-packages/airflow/example_dags/example_external_task_marker_dag.py for tasks to queue
[2023-06-05T08:58:03.487+0000] {logging_mixin.py:120} INFO - [2023-06-05T08:58:03.487+0000] {dagbag.py:537} INFO - Filling up the DagBag from /home/airflow/.local/lib/python3.7/site-packages/airflow/example_dags/example_external_task_marker_dag.py
[2023-06-05T08:58:03.501+0000] {processor.py:766} INFO - DAG(s) dict_keys(['example_external_task_marker_parent', 'example_external_task_marker_child']) retrieved from /home/airflow/.local/lib/python3.7/site-packages/airflow/example_dags/example_external_task_marker_dag.py
[2023-06-05T08:58:03.612+0000] {logging_mixin.py:120} INFO - [2023-06-05T08:58:03.612+0000] {dag.py:2585} INFO - Sync 2 DAGs
[2023-06-05T08:58:03.634+0000] {logging_mixin.py:120} INFO - [2023-06-05T08:58:03.634+0000] {dag.py:3340} INFO - Setting next_dagrun for example_external_task_marker_child to None, run_after=None
[2023-06-05T08:58:03.639+0000] {logging_mixin.py:120} INFO - [2023-06-05T08:58:03.638+0000] {dag.py:3340} INFO - Setting next_dagrun for example_external_task_marker_parent to None, run_after=None
[2023-06-05T08:58:03.654+0000] {processor.py:176} INFO - Processing /home/airflow/.local/lib/python3.7/site-packages/airflow/example_dags/example_external_task_marker_dag.py took 0.173 seconds
[2023-06-05T08:58:34.058+0000] {processor.py:154} INFO - Started process (PID=244) to work on /home/airflow/.local/lib/python3.7/site-packages/airflow/example_dags/example_external_task_marker_dag.py
[2023-06-05T08:58:34.060+0000] {processor.py:756} INFO - Processing file /home/airflow/.local/lib/python3.7/site-packages/airflow/example_dags/example_external_task_marker_dag.py for tasks to queue
[2023-06-05T08:58:34.060+0000] {logging_mixin.py:120} INFO - [2023-06-05T08:58:34.060+0000] {dagbag.py:537} INFO - Filling up the DagBag from /home/airflow/.local/lib/python3.7/site-packages/airflow/example_dags/example_external_task_marker_dag.py
[2023-06-05T08:58:34.070+0000] {processor.py:766} INFO - DAG(s) dict_keys(['example_external_task_marker_parent', 'example_external_task_marker_child']) retrieved from /home/airflow/.local/lib/python3.7/site-packages/airflow/example_dags/example_external_task_marker_dag.py
[2023-06-05T08:58:34.184+0000] {logging_mixin.py:120} INFO - [2023-06-05T08:58:34.184+0000] {dag.py:2585} INFO - Sync 2 DAGs
[2023-06-05T08:58:34.213+0000] {logging_mixin.py:120} INFO - [2023-06-05T08:58:34.213+0000] {dag.py:3340} INFO - Setting next_dagrun for example_external_task_marker_child to None, run_after=None
[2023-06-05T08:58:34.217+0000] {logging_mixin.py:120} INFO - [2023-06-05T08:58:34.217+0000] {dag.py:3340} INFO - Setting next_dagrun for example_external_task_marker_parent to None, run_after=None
[2023-06-05T08:58:34.244+0000] {processor.py:176} INFO - Processing /home/airflow/.local/lib/python3.7/site-packages/airflow/example_dags/example_external_task_marker_dag.py took 0.189 seconds
[2023-06-05T08:59:04.378+0000] {processor.py:154} INFO - Started process (PID=308) to work on /home/airflow/.local/lib/python3.7/site-packages/airflow/example_dags/example_external_task_marker_dag.py
[2023-06-05T08:59:04.384+0000] {processor.py:756} INFO - Processing file /home/airflow/.local/lib/python3.7/site-packages/airflow/example_dags/example_external_task_marker_dag.py for tasks to queue
[2023-06-05T08:59:04.385+0000] {logging_mixin.py:120} INFO - [2023-06-05T08:59:04.385+0000] {dagbag.py:537} INFO - Filling up the DagBag from /home/airflow/.local/lib/python3.7/site-packages/airflow/example_dags/example_external_task_marker_dag.py
[2023-06-05T08:59:04.412+0000] {processor.py:766} INFO - DAG(s) dict_keys(['example_external_task_marker_child', 'example_external_task_marker_parent']) retrieved from /home/airflow/.local/lib/python3.7/site-packages/airflow/example_dags/example_external_task_marker_dag.py
[2023-06-05T08:59:04.807+0000] {logging_mixin.py:120} INFO - [2023-06-05T08:59:04.807+0000] {dag.py:2585} INFO - Sync 2 DAGs
[2023-06-05T08:59:04.866+0000] {logging_mixin.py:120} INFO - [2023-06-05T08:59:04.866+0000] {dag.py:3340} INFO - Setting next_dagrun for example_external_task_marker_child to None, run_after=None
[2023-06-05T08:59:04.895+0000] {logging_mixin.py:120} INFO - [2023-06-05T08:59:04.892+0000] {dag.py:3340} INFO - Setting next_dagrun for example_external_task_marker_parent to None, run_after=None
[2023-06-05T08:59:05.025+0000] {processor.py:176} INFO - Processing /home/airflow/.local/lib/python3.7/site-packages/airflow/example_dags/example_external_task_marker_dag.py took 0.651 seconds
[2023-06-05T08:59:35.239+0000] {processor.py:154} INFO - Started process (PID=361) to work on /home/airflow/.local/lib/python3.7/site-packages/airflow/example_dags/example_external_task_marker_dag.py
[2023-06-05T08:59:35.241+0000] {processor.py:756} INFO - Processing file /home/airflow/.local/lib/python3.7/site-packages/airflow/example_dags/example_external_task_marker_dag.py for tasks to queue
[2023-06-05T08:59:35.241+0000] {logging_mixin.py:120} INFO - [2023-06-05T08:59:35.241+0000] {dagbag.py:537} INFO - Filling up the DagBag from /home/airflow/.local/lib/python3.7/site-packages/airflow/example_dags/example_external_task_marker_dag.py
[2023-06-05T08:59:35.253+0000] {processor.py:766} INFO - DAG(s) dict_keys(['example_external_task_marker_parent', 'example_external_task_marker_child']) retrieved from /home/airflow/.local/lib/python3.7/site-packages/airflow/example_dags/example_external_task_marker_dag.py
[2023-06-05T08:59:35.375+0000] {logging_mixin.py:120} INFO - [2023-06-05T08:59:35.375+0000] {dag.py:2585} INFO - Sync 2 DAGs
[2023-06-05T08:59:35.392+0000] {logging_mixin.py:120} INFO - [2023-06-05T08:59:35.392+0000] {dag.py:3340} INFO - Setting next_dagrun for example_external_task_marker_child to None, run_after=None
[2023-06-05T08:59:35.395+0000] {logging_mixin.py:120} INFO - [2023-06-05T08:59:35.395+0000] {dag.py:3340} INFO - Setting next_dagrun for example_external_task_marker_parent to None, run_after=None
[2023-06-05T08:59:35.425+0000] {processor.py:176} INFO - Processing /home/airflow/.local/lib/python3.7/site-packages/airflow/example_dags/example_external_task_marker_dag.py took 0.189 seconds
[2023-06-05T09:00:05.598+0000] {processor.py:154} INFO - Started process (PID=424) to work on /home/airflow/.local/lib/python3.7/site-packages/airflow/example_dags/example_external_task_marker_dag.py
[2023-06-05T09:00:05.600+0000] {processor.py:756} INFO - Processing file /home/airflow/.local/lib/python3.7/site-packages/airflow/example_dags/example_external_task_marker_dag.py for tasks to queue
[2023-06-05T09:00:05.601+0000] {logging_mixin.py:120} INFO - [2023-06-05T09:00:05.601+0000] {dagbag.py:537} INFO - Filling up the DagBag from /home/airflow/.local/lib/python3.7/site-packages/airflow/example_dags/example_external_task_marker_dag.py
[2023-06-05T09:00:05.628+0000] {processor.py:766} INFO - DAG(s) dict_keys(['example_external_task_marker_parent', 'example_external_task_marker_child']) retrieved from /home/airflow/.local/lib/python3.7/site-packages/airflow/example_dags/example_external_task_marker_dag.py
[2023-06-05T09:00:05.800+0000] {logging_mixin.py:120} INFO - [2023-06-05T09:00:05.800+0000] {dag.py:2585} INFO - Sync 2 DAGs
[2023-06-05T09:00:05.868+0000] {logging_mixin.py:120} INFO - [2023-06-05T09:00:05.868+0000] {dag.py:3340} INFO - Setting next_dagrun for example_external_task_marker_child to None, run_after=None
[2023-06-05T09:00:05.879+0000] {logging_mixin.py:120} INFO - [2023-06-05T09:00:05.879+0000] {dag.py:3340} INFO - Setting next_dagrun for example_external_task_marker_parent to None, run_after=None
[2023-06-05T09:00:05.929+0000] {processor.py:176} INFO - Processing /home/airflow/.local/lib/python3.7/site-packages/airflow/example_dags/example_external_task_marker_dag.py took 0.334 seconds
[2023-06-05T09:00:36.137+0000] {processor.py:154} INFO - Started process (PID=479) to work on /home/airflow/.local/lib/python3.7/site-packages/airflow/example_dags/example_external_task_marker_dag.py
[2023-06-05T09:00:36.141+0000] {processor.py:756} INFO - Processing file /home/airflow/.local/lib/python3.7/site-packages/airflow/example_dags/example_external_task_marker_dag.py for tasks to queue
[2023-06-05T09:00:36.144+0000] {logging_mixin.py:120} INFO - [2023-06-05T09:00:36.143+0000] {dagbag.py:537} INFO - Filling up the DagBag from /home/airflow/.local/lib/python3.7/site-packages/airflow/example_dags/example_external_task_marker_dag.py
[2023-06-05T09:00:36.161+0000] {processor.py:766} INFO - DAG(s) dict_keys(['example_external_task_marker_child', 'example_external_task_marker_parent']) retrieved from /home/airflow/.local/lib/python3.7/site-packages/airflow/example_dags/example_external_task_marker_dag.py
[2023-06-05T09:00:36.487+0000] {logging_mixin.py:120} INFO - [2023-06-05T09:00:36.487+0000] {dag.py:2585} INFO - Sync 2 DAGs
[2023-06-05T09:00:36.531+0000] {logging_mixin.py:120} INFO - [2023-06-05T09:00:36.531+0000] {dag.py:3340} INFO - Setting next_dagrun for example_external_task_marker_child to None, run_after=None
[2023-06-05T09:00:36.538+0000] {logging_mixin.py:120} INFO - [2023-06-05T09:00:36.538+0000] {dag.py:3340} INFO - Setting next_dagrun for example_external_task_marker_parent to None, run_after=None
[2023-06-05T09:00:36.557+0000] {processor.py:176} INFO - Processing /home/airflow/.local/lib/python3.7/site-packages/airflow/example_dags/example_external_task_marker_dag.py took 0.425 seconds
[2023-06-05T09:01:07.414+0000] {processor.py:154} INFO - Started process (PID=543) to work on /home/airflow/.local/lib/python3.7/site-packages/airflow/example_dags/example_external_task_marker_dag.py
[2023-06-05T09:01:07.419+0000] {processor.py:756} INFO - Processing file /home/airflow/.local/lib/python3.7/site-packages/airflow/example_dags/example_external_task_marker_dag.py for tasks to queue
[2023-06-05T09:01:07.421+0000] {logging_mixin.py:120} INFO - [2023-06-05T09:01:07.421+0000] {dagbag.py:537} INFO - Filling up the DagBag from /home/airflow/.local/lib/python3.7/site-packages/airflow/example_dags/example_external_task_marker_dag.py
[2023-06-05T09:01:07.449+0000] {processor.py:766} INFO - DAG(s) dict_keys(['example_external_task_marker_parent', 'example_external_task_marker_child']) retrieved from /home/airflow/.local/lib/python3.7/site-packages/airflow/example_dags/example_external_task_marker_dag.py
[2023-06-05T09:01:07.882+0000] {logging_mixin.py:120} INFO - [2023-06-05T09:01:07.882+0000] {dag.py:2585} INFO - Sync 2 DAGs
[2023-06-05T09:01:07.901+0000] {logging_mixin.py:120} INFO - [2023-06-05T09:01:07.901+0000] {dag.py:3340} INFO - Setting next_dagrun for example_external_task_marker_child to None, run_after=None
[2023-06-05T09:01:07.904+0000] {logging_mixin.py:120} INFO - [2023-06-05T09:01:07.904+0000] {dag.py:3340} INFO - Setting next_dagrun for example_external_task_marker_parent to None, run_after=None
[2023-06-05T09:01:07.920+0000] {processor.py:176} INFO - Processing /home/airflow/.local/lib/python3.7/site-packages/airflow/example_dags/example_external_task_marker_dag.py took 0.512 seconds
[2023-06-05T09:01:38.054+0000] {processor.py:154} INFO - Started process (PID=605) to work on /home/airflow/.local/lib/python3.7/site-packages/airflow/example_dags/example_external_task_marker_dag.py
[2023-06-05T09:01:38.055+0000] {processor.py:756} INFO - Processing file /home/airflow/.local/lib/python3.7/site-packages/airflow/example_dags/example_external_task_marker_dag.py for tasks to queue
[2023-06-05T09:01:38.056+0000] {logging_mixin.py:120} INFO - [2023-06-05T09:01:38.056+0000] {dagbag.py:537} INFO - Filling up the DagBag from /home/airflow/.local/lib/python3.7/site-packages/airflow/example_dags/example_external_task_marker_dag.py
[2023-06-05T09:01:38.115+0000] {processor.py:766} INFO - DAG(s) dict_keys(['example_external_task_marker_child', 'example_external_task_marker_parent']) retrieved from /home/airflow/.local/lib/python3.7/site-packages/airflow/example_dags/example_external_task_marker_dag.py
[2023-06-05T09:01:38.387+0000] {logging_mixin.py:120} INFO - [2023-06-05T09:01:38.387+0000] {dag.py:2585} INFO - Sync 2 DAGs
[2023-06-05T09:01:38.479+0000] {logging_mixin.py:120} INFO - [2023-06-05T09:01:38.479+0000] {dag.py:3340} INFO - Setting next_dagrun for example_external_task_marker_child to None, run_after=None
[2023-06-05T09:01:38.485+0000] {logging_mixin.py:120} INFO - [2023-06-05T09:01:38.485+0000] {dag.py:3340} INFO - Setting next_dagrun for example_external_task_marker_parent to None, run_after=None
[2023-06-05T09:01:38.515+0000] {processor.py:176} INFO - Processing /home/airflow/.local/lib/python3.7/site-packages/airflow/example_dags/example_external_task_marker_dag.py took 0.465 seconds
[2023-06-05T09:02:08.809+0000] {processor.py:154} INFO - Started process (PID=669) to work on /home/airflow/.local/lib/python3.7/site-packages/airflow/example_dags/example_external_task_marker_dag.py
[2023-06-05T09:02:08.811+0000] {processor.py:756} INFO - Processing file /home/airflow/.local/lib/python3.7/site-packages/airflow/example_dags/example_external_task_marker_dag.py for tasks to queue
[2023-06-05T09:02:08.812+0000] {logging_mixin.py:120} INFO - [2023-06-05T09:02:08.811+0000] {dagbag.py:537} INFO - Filling up the DagBag from /home/airflow/.local/lib/python3.7/site-packages/airflow/example_dags/example_external_task_marker_dag.py
[2023-06-05T09:02:08.822+0000] {processor.py:766} INFO - DAG(s) dict_keys(['example_external_task_marker_parent', 'example_external_task_marker_child']) retrieved from /home/airflow/.local/lib/python3.7/site-packages/airflow/example_dags/example_external_task_marker_dag.py
[2023-06-05T09:02:08.931+0000] {logging_mixin.py:120} INFO - [2023-06-05T09:02:08.931+0000] {dag.py:2585} INFO - Sync 2 DAGs
[2023-06-05T09:02:08.946+0000] {logging_mixin.py:120} INFO - [2023-06-05T09:02:08.946+0000] {dag.py:3340} INFO - Setting next_dagrun for example_external_task_marker_child to None, run_after=None
[2023-06-05T09:02:08.948+0000] {logging_mixin.py:120} INFO - [2023-06-05T09:02:08.948+0000] {dag.py:3340} INFO - Setting next_dagrun for example_external_task_marker_parent to None, run_after=None
[2023-06-05T09:02:08.958+0000] {processor.py:176} INFO - Processing /home/airflow/.local/lib/python3.7/site-packages/airflow/example_dags/example_external_task_marker_dag.py took 0.152 seconds
[2023-06-05T10:02:19.835+0000] {processor.py:154} INFO - Started process (PID=715) to work on /home/airflow/.local/lib/python3.7/site-packages/airflow/example_dags/example_external_task_marker_dag.py
[2023-06-05T10:02:19.836+0000] {processor.py:756} INFO - Processing file /home/airflow/.local/lib/python3.7/site-packages/airflow/example_dags/example_external_task_marker_dag.py for tasks to queue
[2023-06-05T10:02:19.838+0000] {logging_mixin.py:120} INFO - [2023-06-05T10:02:19.838+0000] {dagbag.py:537} INFO - Filling up the DagBag from /home/airflow/.local/lib/python3.7/site-packages/airflow/example_dags/example_external_task_marker_dag.py
[2023-06-05T10:02:19.867+0000] {processor.py:766} INFO - DAG(s) dict_keys(['example_external_task_marker_parent', 'example_external_task_marker_child']) retrieved from /home/airflow/.local/lib/python3.7/site-packages/airflow/example_dags/example_external_task_marker_dag.py
[2023-06-05T10:02:20.017+0000] {logging_mixin.py:120} INFO - [2023-06-05T10:02:20.017+0000] {dag.py:2585} INFO - Sync 2 DAGs
[2023-06-05T10:02:20.039+0000] {logging_mixin.py:120} INFO - [2023-06-05T10:02:20.039+0000] {dag.py:3340} INFO - Setting next_dagrun for example_external_task_marker_child to None, run_after=None
[2023-06-05T10:02:20.047+0000] {logging_mixin.py:120} INFO - [2023-06-05T10:02:20.047+0000] {dag.py:3340} INFO - Setting next_dagrun for example_external_task_marker_parent to None, run_after=None
[2023-06-05T10:02:20.066+0000] {processor.py:176} INFO - Processing /home/airflow/.local/lib/python3.7/site-packages/airflow/example_dags/example_external_task_marker_dag.py took 0.238 seconds
[2023-06-05T11:26:10.423+0000] {processor.py:154} INFO - Started process (PID=778) to work on /home/airflow/.local/lib/python3.7/site-packages/airflow/example_dags/example_external_task_marker_dag.py
[2023-06-05T11:26:10.426+0000] {processor.py:756} INFO - Processing file /home/airflow/.local/lib/python3.7/site-packages/airflow/example_dags/example_external_task_marker_dag.py for tasks to queue
[2023-06-05T11:26:10.427+0000] {logging_mixin.py:120} INFO - [2023-06-05T11:26:10.427+0000] {dagbag.py:537} INFO - Filling up the DagBag from /home/airflow/.local/lib/python3.7/site-packages/airflow/example_dags/example_external_task_marker_dag.py
[2023-06-05T11:26:10.457+0000] {processor.py:766} INFO - DAG(s) dict_keys(['example_external_task_marker_parent', 'example_external_task_marker_child']) retrieved from /home/airflow/.local/lib/python3.7/site-packages/airflow/example_dags/example_external_task_marker_dag.py
[2023-06-05T11:26:10.700+0000] {logging_mixin.py:120} INFO - [2023-06-05T11:26:10.700+0000] {dag.py:2585} INFO - Sync 2 DAGs
[2023-06-05T11:26:10.754+0000] {logging_mixin.py:120} INFO - [2023-06-05T11:26:10.753+0000] {dag.py:3340} INFO - Setting next_dagrun for example_external_task_marker_child to None, run_after=None
[2023-06-05T11:26:10.758+0000] {logging_mixin.py:120} INFO - [2023-06-05T11:26:10.758+0000] {dag.py:3340} INFO - Setting next_dagrun for example_external_task_marker_parent to None, run_after=None
[2023-06-05T11:26:10.786+0000] {processor.py:176} INFO - Processing /home/airflow/.local/lib/python3.7/site-packages/airflow/example_dags/example_external_task_marker_dag.py took 0.368 seconds
[2023-06-05T12:47:17.339+0000] {processor.py:154} INFO - Started process (PID=842) to work on /home/airflow/.local/lib/python3.7/site-packages/airflow/example_dags/example_external_task_marker_dag.py
[2023-06-05T12:47:17.345+0000] {processor.py:756} INFO - Processing file /home/airflow/.local/lib/python3.7/site-packages/airflow/example_dags/example_external_task_marker_dag.py for tasks to queue
[2023-06-05T12:47:17.348+0000] {logging_mixin.py:120} INFO - [2023-06-05T12:47:17.348+0000] {dagbag.py:537} INFO - Filling up the DagBag from /home/airflow/.local/lib/python3.7/site-packages/airflow/example_dags/example_external_task_marker_dag.py
[2023-06-05T12:47:17.408+0000] {processor.py:766} INFO - DAG(s) dict_keys(['example_external_task_marker_parent', 'example_external_task_marker_child']) retrieved from /home/airflow/.local/lib/python3.7/site-packages/airflow/example_dags/example_external_task_marker_dag.py
[2023-06-05T12:47:17.678+0000] {logging_mixin.py:120} INFO - [2023-06-05T12:47:17.678+0000] {dag.py:2585} INFO - Sync 2 DAGs
[2023-06-05T12:47:17.705+0000] {logging_mixin.py:120} INFO - [2023-06-05T12:47:17.705+0000] {dag.py:3340} INFO - Setting next_dagrun for example_external_task_marker_child to None, run_after=None
[2023-06-05T12:47:17.708+0000] {logging_mixin.py:120} INFO - [2023-06-05T12:47:17.708+0000] {dag.py:3340} INFO - Setting next_dagrun for example_external_task_marker_parent to None, run_after=None
[2023-06-05T12:47:17.727+0000] {processor.py:176} INFO - Processing /home/airflow/.local/lib/python3.7/site-packages/airflow/example_dags/example_external_task_marker_dag.py took 0.403 seconds
[2023-06-05T13:45:32.600+0000] {processor.py:154} INFO - Started process (PID=905) to work on /home/airflow/.local/lib/python3.7/site-packages/airflow/example_dags/example_external_task_marker_dag.py
[2023-06-05T13:45:32.601+0000] {processor.py:756} INFO - Processing file /home/airflow/.local/lib/python3.7/site-packages/airflow/example_dags/example_external_task_marker_dag.py for tasks to queue
[2023-06-05T13:45:32.609+0000] {logging_mixin.py:120} INFO - [2023-06-05T13:45:32.609+0000] {dagbag.py:537} INFO - Filling up the DagBag from /home/airflow/.local/lib/python3.7/site-packages/airflow/example_dags/example_external_task_marker_dag.py
[2023-06-05T13:45:32.630+0000] {processor.py:766} INFO - DAG(s) dict_keys(['example_external_task_marker_parent', 'example_external_task_marker_child']) retrieved from /home/airflow/.local/lib/python3.7/site-packages/airflow/example_dags/example_external_task_marker_dag.py
[2023-06-05T13:45:32.798+0000] {logging_mixin.py:120} INFO - [2023-06-05T13:45:32.798+0000] {dag.py:2585} INFO - Sync 2 DAGs
[2023-06-05T13:45:32.817+0000] {logging_mixin.py:120} INFO - [2023-06-05T13:45:32.817+0000] {dag.py:3340} INFO - Setting next_dagrun for example_external_task_marker_child to None, run_after=None
[2023-06-05T13:45:32.821+0000] {logging_mixin.py:120} INFO - [2023-06-05T13:45:32.821+0000] {dag.py:3340} INFO - Setting next_dagrun for example_external_task_marker_parent to None, run_after=None
[2023-06-05T13:45:32.832+0000] {processor.py:176} INFO - Processing /home/airflow/.local/lib/python3.7/site-packages/airflow/example_dags/example_external_task_marker_dag.py took 0.234 seconds
[2023-06-05T14:52:53.737+0000] {processor.py:154} INFO - Started process (PID=960) to work on /home/airflow/.local/lib/python3.7/site-packages/airflow/example_dags/example_external_task_marker_dag.py
[2023-06-05T14:52:53.741+0000] {processor.py:756} INFO - Processing file /home/airflow/.local/lib/python3.7/site-packages/airflow/example_dags/example_external_task_marker_dag.py for tasks to queue
[2023-06-05T14:52:53.744+0000] {logging_mixin.py:120} INFO - [2023-06-05T14:52:53.744+0000] {dagbag.py:537} INFO - Filling up the DagBag from /home/airflow/.local/lib/python3.7/site-packages/airflow/example_dags/example_external_task_marker_dag.py
[2023-06-05T14:52:53.799+0000] {processor.py:766} INFO - DAG(s) dict_keys(['example_external_task_marker_child', 'example_external_task_marker_parent']) retrieved from /home/airflow/.local/lib/python3.7/site-packages/airflow/example_dags/example_external_task_marker_dag.py
[2023-06-05T14:52:53.955+0000] {logging_mixin.py:120} INFO - [2023-06-05T14:52:53.955+0000] {dag.py:2585} INFO - Sync 2 DAGs
[2023-06-05T14:52:53.993+0000] {logging_mixin.py:120} INFO - [2023-06-05T14:52:53.993+0000] {dag.py:3340} INFO - Setting next_dagrun for example_external_task_marker_child to None, run_after=None
[2023-06-05T14:52:53.996+0000] {logging_mixin.py:120} INFO - [2023-06-05T14:52:53.995+0000] {dag.py:3340} INFO - Setting next_dagrun for example_external_task_marker_parent to None, run_after=None
[2023-06-05T14:52:54.025+0000] {processor.py:176} INFO - Processing /home/airflow/.local/lib/python3.7/site-packages/airflow/example_dags/example_external_task_marker_dag.py took 0.290 seconds
