[2023-06-05T08:57:07.808+0000] {processor.py:154} INFO - Started process (PID=80) to work on /home/airflow/.local/lib/python3.7/site-packages/airflow/example_dags/example_local_kubernetes_executor.py
[2023-06-05T08:57:07.809+0000] {processor.py:756} INFO - Processing file /home/airflow/.local/lib/python3.7/site-packages/airflow/example_dags/example_local_kubernetes_executor.py for tasks to queue
[2023-06-05T08:57:07.810+0000] {logging_mixin.py:120} INFO - [2023-06-05T08:57:07.810+0000] {dagbag.py:537} INFO - Filling up the DagBag from /home/airflow/.local/lib/python3.7/site-packages/airflow/example_dags/example_local_kubernetes_executor.py
[2023-06-05T08:57:07.833+0000] {processor.py:766} INFO - DAG(s) dict_keys(['example_local_kubernetes_executor']) retrieved from /home/airflow/.local/lib/python3.7/site-packages/airflow/example_dags/example_local_kubernetes_executor.py
[2023-06-05T08:57:07.868+0000] {logging_mixin.py:120} INFO - [2023-06-05T08:57:07.867+0000] {dag.py:2585} INFO - Sync 1 DAGs
[2023-06-05T08:57:07.884+0000] {logging_mixin.py:120} INFO - [2023-06-05T08:57:07.884+0000] {dag.py:3340} INFO - Setting next_dagrun for example_local_kubernetes_executor to None, run_after=None
[2023-06-05T08:57:07.898+0000] {processor.py:176} INFO - Processing /home/airflow/.local/lib/python3.7/site-packages/airflow/example_dags/example_local_kubernetes_executor.py took 0.092 seconds
[2023-06-05T08:57:38.448+0000] {processor.py:154} INFO - Started process (PID=146) to work on /home/airflow/.local/lib/python3.7/site-packages/airflow/example_dags/example_local_kubernetes_executor.py
[2023-06-05T08:57:38.450+0000] {processor.py:756} INFO - Processing file /home/airflow/.local/lib/python3.7/site-packages/airflow/example_dags/example_local_kubernetes_executor.py for tasks to queue
[2023-06-05T08:57:38.451+0000] {logging_mixin.py:120} INFO - [2023-06-05T08:57:38.451+0000] {dagbag.py:537} INFO - Filling up the DagBag from /home/airflow/.local/lib/python3.7/site-packages/airflow/example_dags/example_local_kubernetes_executor.py
[2023-06-05T08:57:38.474+0000] {processor.py:766} INFO - DAG(s) dict_keys(['example_local_kubernetes_executor']) retrieved from /home/airflow/.local/lib/python3.7/site-packages/airflow/example_dags/example_local_kubernetes_executor.py
[2023-06-05T08:57:38.527+0000] {logging_mixin.py:120} INFO - [2023-06-05T08:57:38.527+0000] {dag.py:2585} INFO - Sync 1 DAGs
[2023-06-05T08:57:38.544+0000] {logging_mixin.py:120} INFO - [2023-06-05T08:57:38.544+0000] {dag.py:3340} INFO - Setting next_dagrun for example_local_kubernetes_executor to None, run_after=None
[2023-06-05T08:57:38.558+0000] {processor.py:176} INFO - Processing /home/airflow/.local/lib/python3.7/site-packages/airflow/example_dags/example_local_kubernetes_executor.py took 0.112 seconds
[2023-06-05T08:58:08.876+0000] {processor.py:154} INFO - Started process (PID=202) to work on /home/airflow/.local/lib/python3.7/site-packages/airflow/example_dags/example_local_kubernetes_executor.py
[2023-06-05T08:58:08.877+0000] {processor.py:756} INFO - Processing file /home/airflow/.local/lib/python3.7/site-packages/airflow/example_dags/example_local_kubernetes_executor.py for tasks to queue
[2023-06-05T08:58:08.878+0000] {logging_mixin.py:120} INFO - [2023-06-05T08:58:08.878+0000] {dagbag.py:537} INFO - Filling up the DagBag from /home/airflow/.local/lib/python3.7/site-packages/airflow/example_dags/example_local_kubernetes_executor.py
[2023-06-05T08:58:08.894+0000] {processor.py:766} INFO - DAG(s) dict_keys(['example_local_kubernetes_executor']) retrieved from /home/airflow/.local/lib/python3.7/site-packages/airflow/example_dags/example_local_kubernetes_executor.py
[2023-06-05T08:58:08.922+0000] {logging_mixin.py:120} INFO - [2023-06-05T08:58:08.922+0000] {dag.py:2585} INFO - Sync 1 DAGs
[2023-06-05T08:58:08.936+0000] {logging_mixin.py:120} INFO - [2023-06-05T08:58:08.936+0000] {dag.py:3340} INFO - Setting next_dagrun for example_local_kubernetes_executor to None, run_after=None
[2023-06-05T08:58:08.947+0000] {processor.py:176} INFO - Processing /home/airflow/.local/lib/python3.7/site-packages/airflow/example_dags/example_local_kubernetes_executor.py took 0.073 seconds
[2023-06-05T08:58:39.547+0000] {processor.py:154} INFO - Started process (PID=266) to work on /home/airflow/.local/lib/python3.7/site-packages/airflow/example_dags/example_local_kubernetes_executor.py
[2023-06-05T08:58:39.548+0000] {processor.py:756} INFO - Processing file /home/airflow/.local/lib/python3.7/site-packages/airflow/example_dags/example_local_kubernetes_executor.py for tasks to queue
[2023-06-05T08:58:39.549+0000] {logging_mixin.py:120} INFO - [2023-06-05T08:58:39.548+0000] {dagbag.py:537} INFO - Filling up the DagBag from /home/airflow/.local/lib/python3.7/site-packages/airflow/example_dags/example_local_kubernetes_executor.py
[2023-06-05T08:58:39.564+0000] {processor.py:766} INFO - DAG(s) dict_keys(['example_local_kubernetes_executor']) retrieved from /home/airflow/.local/lib/python3.7/site-packages/airflow/example_dags/example_local_kubernetes_executor.py
[2023-06-05T08:58:39.589+0000] {logging_mixin.py:120} INFO - [2023-06-05T08:58:39.589+0000] {dag.py:2585} INFO - Sync 1 DAGs
[2023-06-05T08:58:39.603+0000] {logging_mixin.py:120} INFO - [2023-06-05T08:58:39.603+0000] {dag.py:3340} INFO - Setting next_dagrun for example_local_kubernetes_executor to None, run_after=None
[2023-06-05T08:58:39.614+0000] {processor.py:176} INFO - Processing /home/airflow/.local/lib/python3.7/site-packages/airflow/example_dags/example_local_kubernetes_executor.py took 0.070 seconds
[2023-06-05T08:59:10.702+0000] {processor.py:154} INFO - Started process (PID=330) to work on /home/airflow/.local/lib/python3.7/site-packages/airflow/example_dags/example_local_kubernetes_executor.py
[2023-06-05T08:59:10.703+0000] {processor.py:756} INFO - Processing file /home/airflow/.local/lib/python3.7/site-packages/airflow/example_dags/example_local_kubernetes_executor.py for tasks to queue
[2023-06-05T08:59:10.704+0000] {logging_mixin.py:120} INFO - [2023-06-05T08:59:10.704+0000] {dagbag.py:537} INFO - Filling up the DagBag from /home/airflow/.local/lib/python3.7/site-packages/airflow/example_dags/example_local_kubernetes_executor.py
[2023-06-05T08:59:10.780+0000] {processor.py:766} INFO - DAG(s) dict_keys(['example_local_kubernetes_executor']) retrieved from /home/airflow/.local/lib/python3.7/site-packages/airflow/example_dags/example_local_kubernetes_executor.py
[2023-06-05T08:59:10.851+0000] {logging_mixin.py:120} INFO - [2023-06-05T08:59:10.851+0000] {dag.py:2585} INFO - Sync 1 DAGs
[2023-06-05T08:59:10.876+0000] {logging_mixin.py:120} INFO - [2023-06-05T08:59:10.876+0000] {dag.py:3340} INFO - Setting next_dagrun for example_local_kubernetes_executor to None, run_after=None
[2023-06-05T08:59:10.910+0000] {processor.py:176} INFO - Processing /home/airflow/.local/lib/python3.7/site-packages/airflow/example_dags/example_local_kubernetes_executor.py took 0.233 seconds
[2023-06-05T08:59:41.379+0000] {processor.py:154} INFO - Started process (PID=392) to work on /home/airflow/.local/lib/python3.7/site-packages/airflow/example_dags/example_local_kubernetes_executor.py
[2023-06-05T08:59:41.382+0000] {processor.py:756} INFO - Processing file /home/airflow/.local/lib/python3.7/site-packages/airflow/example_dags/example_local_kubernetes_executor.py for tasks to queue
[2023-06-05T08:59:41.395+0000] {logging_mixin.py:120} INFO - [2023-06-05T08:59:41.395+0000] {dagbag.py:537} INFO - Filling up the DagBag from /home/airflow/.local/lib/python3.7/site-packages/airflow/example_dags/example_local_kubernetes_executor.py
[2023-06-05T08:59:41.508+0000] {processor.py:766} INFO - DAG(s) dict_keys(['example_local_kubernetes_executor']) retrieved from /home/airflow/.local/lib/python3.7/site-packages/airflow/example_dags/example_local_kubernetes_executor.py
[2023-06-05T08:59:41.638+0000] {logging_mixin.py:120} INFO - [2023-06-05T08:59:41.638+0000] {dag.py:2585} INFO - Sync 1 DAGs
[2023-06-05T08:59:41.690+0000] {logging_mixin.py:120} INFO - [2023-06-05T08:59:41.690+0000] {dag.py:3340} INFO - Setting next_dagrun for example_local_kubernetes_executor to None, run_after=None
[2023-06-05T08:59:41.775+0000] {processor.py:176} INFO - Processing /home/airflow/.local/lib/python3.7/site-packages/airflow/example_dags/example_local_kubernetes_executor.py took 0.426 seconds
[2023-06-05T09:00:13.511+0000] {processor.py:154} INFO - Started process (PID=455) to work on /home/airflow/.local/lib/python3.7/site-packages/airflow/example_dags/example_local_kubernetes_executor.py
[2023-06-05T09:00:13.514+0000] {processor.py:756} INFO - Processing file /home/airflow/.local/lib/python3.7/site-packages/airflow/example_dags/example_local_kubernetes_executor.py for tasks to queue
[2023-06-05T09:00:13.516+0000] {logging_mixin.py:120} INFO - [2023-06-05T09:00:13.515+0000] {dagbag.py:537} INFO - Filling up the DagBag from /home/airflow/.local/lib/python3.7/site-packages/airflow/example_dags/example_local_kubernetes_executor.py
[2023-06-05T09:00:13.643+0000] {processor.py:766} INFO - DAG(s) dict_keys(['example_local_kubernetes_executor']) retrieved from /home/airflow/.local/lib/python3.7/site-packages/airflow/example_dags/example_local_kubernetes_executor.py
[2023-06-05T09:00:13.821+0000] {logging_mixin.py:120} INFO - [2023-06-05T09:00:13.820+0000] {dag.py:2585} INFO - Sync 1 DAGs
[2023-06-05T09:00:13.920+0000] {logging_mixin.py:120} INFO - [2023-06-05T09:00:13.920+0000] {dag.py:3340} INFO - Setting next_dagrun for example_local_kubernetes_executor to None, run_after=None
[2023-06-05T09:00:13.969+0000] {processor.py:176} INFO - Processing /home/airflow/.local/lib/python3.7/site-packages/airflow/example_dags/example_local_kubernetes_executor.py took 0.462 seconds
[2023-06-05T09:00:45.006+0000] {processor.py:154} INFO - Started process (PID=510) to work on /home/airflow/.local/lib/python3.7/site-packages/airflow/example_dags/example_local_kubernetes_executor.py
[2023-06-05T09:00:45.010+0000] {processor.py:756} INFO - Processing file /home/airflow/.local/lib/python3.7/site-packages/airflow/example_dags/example_local_kubernetes_executor.py for tasks to queue
[2023-06-05T09:00:45.013+0000] {logging_mixin.py:120} INFO - [2023-06-05T09:00:45.012+0000] {dagbag.py:537} INFO - Filling up the DagBag from /home/airflow/.local/lib/python3.7/site-packages/airflow/example_dags/example_local_kubernetes_executor.py
[2023-06-05T09:00:45.034+0000] {processor.py:766} INFO - DAG(s) dict_keys(['example_local_kubernetes_executor']) retrieved from /home/airflow/.local/lib/python3.7/site-packages/airflow/example_dags/example_local_kubernetes_executor.py
[2023-06-05T09:00:45.068+0000] {logging_mixin.py:120} INFO - [2023-06-05T09:00:45.068+0000] {dag.py:2585} INFO - Sync 1 DAGs
[2023-06-05T09:00:45.083+0000] {logging_mixin.py:120} INFO - [2023-06-05T09:00:45.083+0000] {dag.py:3340} INFO - Setting next_dagrun for example_local_kubernetes_executor to None, run_after=None
[2023-06-05T09:00:45.095+0000] {processor.py:176} INFO - Processing /home/airflow/.local/lib/python3.7/site-packages/airflow/example_dags/example_local_kubernetes_executor.py took 0.095 seconds
[2023-06-05T09:01:15.390+0000] {processor.py:154} INFO - Started process (PID=573) to work on /home/airflow/.local/lib/python3.7/site-packages/airflow/example_dags/example_local_kubernetes_executor.py
[2023-06-05T09:01:15.394+0000] {processor.py:756} INFO - Processing file /home/airflow/.local/lib/python3.7/site-packages/airflow/example_dags/example_local_kubernetes_executor.py for tasks to queue
[2023-06-05T09:01:15.397+0000] {logging_mixin.py:120} INFO - [2023-06-05T09:01:15.396+0000] {dagbag.py:537} INFO - Filling up the DagBag from /home/airflow/.local/lib/python3.7/site-packages/airflow/example_dags/example_local_kubernetes_executor.py
[2023-06-05T09:01:15.487+0000] {processor.py:766} INFO - DAG(s) dict_keys(['example_local_kubernetes_executor']) retrieved from /home/airflow/.local/lib/python3.7/site-packages/airflow/example_dags/example_local_kubernetes_executor.py
[2023-06-05T09:01:15.567+0000] {logging_mixin.py:120} INFO - [2023-06-05T09:01:15.567+0000] {dag.py:2585} INFO - Sync 1 DAGs
[2023-06-05T09:01:15.591+0000] {logging_mixin.py:120} INFO - [2023-06-05T09:01:15.591+0000] {dag.py:3340} INFO - Setting next_dagrun for example_local_kubernetes_executor to None, run_after=None
[2023-06-05T09:01:15.650+0000] {processor.py:176} INFO - Processing /home/airflow/.local/lib/python3.7/site-packages/airflow/example_dags/example_local_kubernetes_executor.py took 0.266 seconds
[2023-06-05T09:01:46.563+0000] {processor.py:154} INFO - Started process (PID=636) to work on /home/airflow/.local/lib/python3.7/site-packages/airflow/example_dags/example_local_kubernetes_executor.py
[2023-06-05T09:01:46.568+0000] {processor.py:756} INFO - Processing file /home/airflow/.local/lib/python3.7/site-packages/airflow/example_dags/example_local_kubernetes_executor.py for tasks to queue
[2023-06-05T09:01:46.584+0000] {logging_mixin.py:120} INFO - [2023-06-05T09:01:46.584+0000] {dagbag.py:537} INFO - Filling up the DagBag from /home/airflow/.local/lib/python3.7/site-packages/airflow/example_dags/example_local_kubernetes_executor.py
[2023-06-05T09:01:46.641+0000] {processor.py:766} INFO - DAG(s) dict_keys(['example_local_kubernetes_executor']) retrieved from /home/airflow/.local/lib/python3.7/site-packages/airflow/example_dags/example_local_kubernetes_executor.py
[2023-06-05T09:01:46.754+0000] {logging_mixin.py:120} INFO - [2023-06-05T09:01:46.753+0000] {dag.py:2585} INFO - Sync 1 DAGs
[2023-06-05T09:01:46.780+0000] {logging_mixin.py:120} INFO - [2023-06-05T09:01:46.780+0000] {dag.py:3340} INFO - Setting next_dagrun for example_local_kubernetes_executor to None, run_after=None
[2023-06-05T09:01:46.812+0000] {processor.py:176} INFO - Processing /home/airflow/.local/lib/python3.7/site-packages/airflow/example_dags/example_local_kubernetes_executor.py took 0.266 seconds
[2023-06-05T09:02:16.999+0000] {processor.py:154} INFO - Started process (PID=700) to work on /home/airflow/.local/lib/python3.7/site-packages/airflow/example_dags/example_local_kubernetes_executor.py
[2023-06-05T09:02:17.001+0000] {processor.py:756} INFO - Processing file /home/airflow/.local/lib/python3.7/site-packages/airflow/example_dags/example_local_kubernetes_executor.py for tasks to queue
[2023-06-05T09:02:17.002+0000] {logging_mixin.py:120} INFO - [2023-06-05T09:02:17.002+0000] {dagbag.py:537} INFO - Filling up the DagBag from /home/airflow/.local/lib/python3.7/site-packages/airflow/example_dags/example_local_kubernetes_executor.py
[2023-06-05T09:02:17.019+0000] {processor.py:766} INFO - DAG(s) dict_keys(['example_local_kubernetes_executor']) retrieved from /home/airflow/.local/lib/python3.7/site-packages/airflow/example_dags/example_local_kubernetes_executor.py
[2023-06-05T09:02:17.055+0000] {logging_mixin.py:120} INFO - [2023-06-05T09:02:17.054+0000] {dag.py:2585} INFO - Sync 1 DAGs
[2023-06-05T09:02:17.070+0000] {logging_mixin.py:120} INFO - [2023-06-05T09:02:17.069+0000] {dag.py:3340} INFO - Setting next_dagrun for example_local_kubernetes_executor to None, run_after=None
[2023-06-05T09:02:17.088+0000] {processor.py:176} INFO - Processing /home/airflow/.local/lib/python3.7/site-packages/airflow/example_dags/example_local_kubernetes_executor.py took 0.092 seconds
[2023-06-05T10:02:22.975+0000] {processor.py:154} INFO - Started process (PID=745) to work on /home/airflow/.local/lib/python3.7/site-packages/airflow/example_dags/example_local_kubernetes_executor.py
[2023-06-05T10:02:22.980+0000] {processor.py:756} INFO - Processing file /home/airflow/.local/lib/python3.7/site-packages/airflow/example_dags/example_local_kubernetes_executor.py for tasks to queue
[2023-06-05T10:02:22.981+0000] {logging_mixin.py:120} INFO - [2023-06-05T10:02:22.981+0000] {dagbag.py:537} INFO - Filling up the DagBag from /home/airflow/.local/lib/python3.7/site-packages/airflow/example_dags/example_local_kubernetes_executor.py
[2023-06-05T10:02:23.008+0000] {processor.py:766} INFO - DAG(s) dict_keys(['example_local_kubernetes_executor']) retrieved from /home/airflow/.local/lib/python3.7/site-packages/airflow/example_dags/example_local_kubernetes_executor.py
[2023-06-05T10:02:23.049+0000] {logging_mixin.py:120} INFO - [2023-06-05T10:02:23.049+0000] {dag.py:2585} INFO - Sync 1 DAGs
[2023-06-05T10:02:23.067+0000] {logging_mixin.py:120} INFO - [2023-06-05T10:02:23.067+0000] {dag.py:3340} INFO - Setting next_dagrun for example_local_kubernetes_executor to None, run_after=None
[2023-06-05T10:02:23.079+0000] {processor.py:176} INFO - Processing /home/airflow/.local/lib/python3.7/site-packages/airflow/example_dags/example_local_kubernetes_executor.py took 0.109 seconds
[2023-06-05T11:26:12.273+0000] {processor.py:154} INFO - Started process (PID=800) to work on /home/airflow/.local/lib/python3.7/site-packages/airflow/example_dags/example_local_kubernetes_executor.py
[2023-06-05T11:26:12.275+0000] {processor.py:756} INFO - Processing file /home/airflow/.local/lib/python3.7/site-packages/airflow/example_dags/example_local_kubernetes_executor.py for tasks to queue
[2023-06-05T11:26:12.279+0000] {logging_mixin.py:120} INFO - [2023-06-05T11:26:12.279+0000] {dagbag.py:537} INFO - Filling up the DagBag from /home/airflow/.local/lib/python3.7/site-packages/airflow/example_dags/example_local_kubernetes_executor.py
[2023-06-05T11:26:12.296+0000] {processor.py:766} INFO - DAG(s) dict_keys(['example_local_kubernetes_executor']) retrieved from /home/airflow/.local/lib/python3.7/site-packages/airflow/example_dags/example_local_kubernetes_executor.py
[2023-06-05T11:26:12.333+0000] {logging_mixin.py:120} INFO - [2023-06-05T11:26:12.333+0000] {dag.py:2585} INFO - Sync 1 DAGs
[2023-06-05T11:26:12.353+0000] {logging_mixin.py:120} INFO - [2023-06-05T11:26:12.353+0000] {dag.py:3340} INFO - Setting next_dagrun for example_local_kubernetes_executor to None, run_after=None
[2023-06-05T11:26:12.372+0000] {processor.py:176} INFO - Processing /home/airflow/.local/lib/python3.7/site-packages/airflow/example_dags/example_local_kubernetes_executor.py took 0.101 seconds
[2023-06-05T12:47:19.418+0000] {processor.py:154} INFO - Started process (PID=864) to work on /home/airflow/.local/lib/python3.7/site-packages/airflow/example_dags/example_local_kubernetes_executor.py
[2023-06-05T12:47:19.420+0000] {processor.py:756} INFO - Processing file /home/airflow/.local/lib/python3.7/site-packages/airflow/example_dags/example_local_kubernetes_executor.py for tasks to queue
[2023-06-05T12:47:19.420+0000] {logging_mixin.py:120} INFO - [2023-06-05T12:47:19.420+0000] {dagbag.py:537} INFO - Filling up the DagBag from /home/airflow/.local/lib/python3.7/site-packages/airflow/example_dags/example_local_kubernetes_executor.py
[2023-06-05T12:47:19.439+0000] {processor.py:766} INFO - DAG(s) dict_keys(['example_local_kubernetes_executor']) retrieved from /home/airflow/.local/lib/python3.7/site-packages/airflow/example_dags/example_local_kubernetes_executor.py
[2023-06-05T12:47:19.471+0000] {logging_mixin.py:120} INFO - [2023-06-05T12:47:19.471+0000] {dag.py:2585} INFO - Sync 1 DAGs
[2023-06-05T12:47:19.485+0000] {logging_mixin.py:120} INFO - [2023-06-05T12:47:19.485+0000] {dag.py:3340} INFO - Setting next_dagrun for example_local_kubernetes_executor to None, run_after=None
[2023-06-05T12:47:19.498+0000] {processor.py:176} INFO - Processing /home/airflow/.local/lib/python3.7/site-packages/airflow/example_dags/example_local_kubernetes_executor.py took 0.083 seconds
[2023-06-05T13:45:34.426+0000] {processor.py:154} INFO - Started process (PID=927) to work on /home/airflow/.local/lib/python3.7/site-packages/airflow/example_dags/example_local_kubernetes_executor.py
[2023-06-05T13:45:34.427+0000] {processor.py:756} INFO - Processing file /home/airflow/.local/lib/python3.7/site-packages/airflow/example_dags/example_local_kubernetes_executor.py for tasks to queue
[2023-06-05T13:45:34.428+0000] {logging_mixin.py:120} INFO - [2023-06-05T13:45:34.428+0000] {dagbag.py:537} INFO - Filling up the DagBag from /home/airflow/.local/lib/python3.7/site-packages/airflow/example_dags/example_local_kubernetes_executor.py
[2023-06-05T13:45:34.446+0000] {processor.py:766} INFO - DAG(s) dict_keys(['example_local_kubernetes_executor']) retrieved from /home/airflow/.local/lib/python3.7/site-packages/airflow/example_dags/example_local_kubernetes_executor.py
[2023-06-05T13:45:34.477+0000] {logging_mixin.py:120} INFO - [2023-06-05T13:45:34.477+0000] {dag.py:2585} INFO - Sync 1 DAGs
[2023-06-05T13:45:34.493+0000] {logging_mixin.py:120} INFO - [2023-06-05T13:45:34.493+0000] {dag.py:3340} INFO - Setting next_dagrun for example_local_kubernetes_executor to None, run_after=None
[2023-06-05T13:45:34.506+0000] {processor.py:176} INFO - Processing /home/airflow/.local/lib/python3.7/site-packages/airflow/example_dags/example_local_kubernetes_executor.py took 0.083 seconds
[2023-06-05T14:52:56.552+0000] {processor.py:154} INFO - Started process (PID=982) to work on /home/airflow/.local/lib/python3.7/site-packages/airflow/example_dags/example_local_kubernetes_executor.py
[2023-06-05T14:52:56.553+0000] {processor.py:756} INFO - Processing file /home/airflow/.local/lib/python3.7/site-packages/airflow/example_dags/example_local_kubernetes_executor.py for tasks to queue
[2023-06-05T14:52:56.554+0000] {logging_mixin.py:120} INFO - [2023-06-05T14:52:56.554+0000] {dagbag.py:537} INFO - Filling up the DagBag from /home/airflow/.local/lib/python3.7/site-packages/airflow/example_dags/example_local_kubernetes_executor.py
[2023-06-05T14:52:56.576+0000] {processor.py:766} INFO - DAG(s) dict_keys(['example_local_kubernetes_executor']) retrieved from /home/airflow/.local/lib/python3.7/site-packages/airflow/example_dags/example_local_kubernetes_executor.py
[2023-06-05T14:52:56.623+0000] {logging_mixin.py:120} INFO - [2023-06-05T14:52:56.623+0000] {dag.py:2585} INFO - Sync 1 DAGs
[2023-06-05T14:52:56.652+0000] {logging_mixin.py:120} INFO - [2023-06-05T14:52:56.652+0000] {dag.py:3340} INFO - Setting next_dagrun for example_local_kubernetes_executor to None, run_after=None
[2023-06-05T14:52:56.666+0000] {processor.py:176} INFO - Processing /home/airflow/.local/lib/python3.7/site-packages/airflow/example_dags/example_local_kubernetes_executor.py took 0.117 seconds
