[2023-06-05T08:57:02.284+0000] {processor.py:154} INFO - Started process (PID=50) to work on /home/airflow/.local/lib/python3.7/site-packages/airflow/example_dags/example_python_operator.py
[2023-06-05T08:57:02.287+0000] {processor.py:756} INFO - Processing file /home/airflow/.local/lib/python3.7/site-packages/airflow/example_dags/example_python_operator.py for tasks to queue
[2023-06-05T08:57:02.290+0000] {logging_mixin.py:120} INFO - [2023-06-05T08:57:02.289+0000] {dagbag.py:537} INFO - Filling up the DagBag from /home/airflow/.local/lib/python3.7/site-packages/airflow/example_dags/example_python_operator.py
[2023-06-05T08:57:02.335+0000] {logging_mixin.py:120} INFO - [2023-06-05T08:57:02.331+0000] {taskmixin.py:205} WARNING - Dependency <Task(_PythonDecoratedOperator): print_the_context>, log_sql_query already registered for DAG: example_python_operator
[2023-06-05T08:57:02.336+0000] {logging_mixin.py:120} INFO - [2023-06-05T08:57:02.336+0000] {taskmixin.py:205} WARNING - Dependency <Task(_PythonDecoratedOperator): log_sql_query>, print_the_context already registered for DAG: example_python_operator
[2023-06-05T08:57:02.337+0000] {logging_mixin.py:120} INFO - [2023-06-05T08:57:02.337+0000] {taskmixin.py:205} WARNING - Dependency <Task(_PythonDecoratedOperator): print_the_context>, log_sql_query already registered for DAG: example_python_operator
[2023-06-05T08:57:02.338+0000] {logging_mixin.py:120} INFO - [2023-06-05T08:57:02.338+0000] {taskmixin.py:205} WARNING - Dependency <Task(_PythonDecoratedOperator): log_sql_query>, print_the_context already registered for DAG: example_python_operator
[2023-06-05T08:57:02.338+0000] {logging_mixin.py:120} INFO - [2023-06-05T08:57:02.338+0000] {taskmixin.py:205} WARNING - Dependency <Task(_PythonDecoratedOperator): print_the_context>, log_sql_query already registered for DAG: example_python_operator
[2023-06-05T08:57:02.339+0000] {logging_mixin.py:120} INFO - [2023-06-05T08:57:02.339+0000] {taskmixin.py:205} WARNING - Dependency <Task(_PythonDecoratedOperator): log_sql_query>, print_the_context already registered for DAG: example_python_operator
[2023-06-05T08:57:02.340+0000] {logging_mixin.py:120} INFO - [2023-06-05T08:57:02.340+0000] {taskmixin.py:205} WARNING - Dependency <Task(_PythonDecoratedOperator): print_the_context>, log_sql_query already registered for DAG: example_python_operator
[2023-06-05T08:57:02.340+0000] {logging_mixin.py:120} INFO - [2023-06-05T08:57:02.340+0000] {taskmixin.py:205} WARNING - Dependency <Task(_PythonDecoratedOperator): log_sql_query>, print_the_context already registered for DAG: example_python_operator
[2023-06-05T08:57:02.385+0000] {processor.py:766} INFO - DAG(s) dict_keys(['example_python_operator']) retrieved from /home/airflow/.local/lib/python3.7/site-packages/airflow/example_dags/example_python_operator.py
[2023-06-05T08:57:02.489+0000] {logging_mixin.py:120} INFO - [2023-06-05T08:57:02.489+0000] {dag.py:2585} INFO - Sync 1 DAGs
[2023-06-05T08:57:02.529+0000] {logging_mixin.py:120} INFO - [2023-06-05T08:57:02.529+0000] {dag.py:3340} INFO - Setting next_dagrun for example_python_operator to None, run_after=None
[2023-06-05T08:57:02.552+0000] {processor.py:176} INFO - Processing /home/airflow/.local/lib/python3.7/site-packages/airflow/example_dags/example_python_operator.py took 0.276 seconds
[2023-06-05T08:57:33.077+0000] {processor.py:154} INFO - Started process (PID=117) to work on /home/airflow/.local/lib/python3.7/site-packages/airflow/example_dags/example_python_operator.py
[2023-06-05T08:57:33.079+0000] {processor.py:756} INFO - Processing file /home/airflow/.local/lib/python3.7/site-packages/airflow/example_dags/example_python_operator.py for tasks to queue
[2023-06-05T08:57:33.080+0000] {logging_mixin.py:120} INFO - [2023-06-05T08:57:33.080+0000] {dagbag.py:537} INFO - Filling up the DagBag from /home/airflow/.local/lib/python3.7/site-packages/airflow/example_dags/example_python_operator.py
[2023-06-05T08:57:33.093+0000] {logging_mixin.py:120} INFO - [2023-06-05T08:57:33.093+0000] {taskmixin.py:205} WARNING - Dependency <Task(_PythonDecoratedOperator): print_the_context>, log_sql_query already registered for DAG: example_python_operator
[2023-06-05T08:57:33.094+0000] {logging_mixin.py:120} INFO - [2023-06-05T08:57:33.094+0000] {taskmixin.py:205} WARNING - Dependency <Task(_PythonDecoratedOperator): log_sql_query>, print_the_context already registered for DAG: example_python_operator
[2023-06-05T08:57:33.095+0000] {logging_mixin.py:120} INFO - [2023-06-05T08:57:33.095+0000] {taskmixin.py:205} WARNING - Dependency <Task(_PythonDecoratedOperator): print_the_context>, log_sql_query already registered for DAG: example_python_operator
[2023-06-05T08:57:33.095+0000] {logging_mixin.py:120} INFO - [2023-06-05T08:57:33.095+0000] {taskmixin.py:205} WARNING - Dependency <Task(_PythonDecoratedOperator): log_sql_query>, print_the_context already registered for DAG: example_python_operator
[2023-06-05T08:57:33.096+0000] {logging_mixin.py:120} INFO - [2023-06-05T08:57:33.096+0000] {taskmixin.py:205} WARNING - Dependency <Task(_PythonDecoratedOperator): print_the_context>, log_sql_query already registered for DAG: example_python_operator
[2023-06-05T08:57:33.096+0000] {logging_mixin.py:120} INFO - [2023-06-05T08:57:33.096+0000] {taskmixin.py:205} WARNING - Dependency <Task(_PythonDecoratedOperator): log_sql_query>, print_the_context already registered for DAG: example_python_operator
[2023-06-05T08:57:33.097+0000] {logging_mixin.py:120} INFO - [2023-06-05T08:57:33.097+0000] {taskmixin.py:205} WARNING - Dependency <Task(_PythonDecoratedOperator): print_the_context>, log_sql_query already registered for DAG: example_python_operator
[2023-06-05T08:57:33.098+0000] {logging_mixin.py:120} INFO - [2023-06-05T08:57:33.098+0000] {taskmixin.py:205} WARNING - Dependency <Task(_PythonDecoratedOperator): log_sql_query>, print_the_context already registered for DAG: example_python_operator
[2023-06-05T08:57:33.103+0000] {processor.py:766} INFO - DAG(s) dict_keys(['example_python_operator']) retrieved from /home/airflow/.local/lib/python3.7/site-packages/airflow/example_dags/example_python_operator.py
[2023-06-05T08:57:33.133+0000] {logging_mixin.py:120} INFO - [2023-06-05T08:57:33.133+0000] {dag.py:2585} INFO - Sync 1 DAGs
[2023-06-05T08:57:33.148+0000] {logging_mixin.py:120} INFO - [2023-06-05T08:57:33.148+0000] {dag.py:3340} INFO - Setting next_dagrun for example_python_operator to None, run_after=None
[2023-06-05T08:57:33.160+0000] {processor.py:176} INFO - Processing /home/airflow/.local/lib/python3.7/site-packages/airflow/example_dags/example_python_operator.py took 0.085 seconds
[2023-06-05T08:58:03.585+0000] {processor.py:154} INFO - Started process (PID=181) to work on /home/airflow/.local/lib/python3.7/site-packages/airflow/example_dags/example_python_operator.py
[2023-06-05T08:58:03.587+0000] {processor.py:756} INFO - Processing file /home/airflow/.local/lib/python3.7/site-packages/airflow/example_dags/example_python_operator.py for tasks to queue
[2023-06-05T08:58:03.588+0000] {logging_mixin.py:120} INFO - [2023-06-05T08:58:03.588+0000] {dagbag.py:537} INFO - Filling up the DagBag from /home/airflow/.local/lib/python3.7/site-packages/airflow/example_dags/example_python_operator.py
[2023-06-05T08:58:03.599+0000] {logging_mixin.py:120} INFO - [2023-06-05T08:58:03.599+0000] {taskmixin.py:205} WARNING - Dependency <Task(_PythonDecoratedOperator): print_the_context>, log_sql_query already registered for DAG: example_python_operator
[2023-06-05T08:58:03.599+0000] {logging_mixin.py:120} INFO - [2023-06-05T08:58:03.599+0000] {taskmixin.py:205} WARNING - Dependency <Task(_PythonDecoratedOperator): log_sql_query>, print_the_context already registered for DAG: example_python_operator
[2023-06-05T08:58:03.600+0000] {logging_mixin.py:120} INFO - [2023-06-05T08:58:03.600+0000] {taskmixin.py:205} WARNING - Dependency <Task(_PythonDecoratedOperator): print_the_context>, log_sql_query already registered for DAG: example_python_operator
[2023-06-05T08:58:03.601+0000] {logging_mixin.py:120} INFO - [2023-06-05T08:58:03.601+0000] {taskmixin.py:205} WARNING - Dependency <Task(_PythonDecoratedOperator): log_sql_query>, print_the_context already registered for DAG: example_python_operator
[2023-06-05T08:58:03.602+0000] {logging_mixin.py:120} INFO - [2023-06-05T08:58:03.602+0000] {taskmixin.py:205} WARNING - Dependency <Task(_PythonDecoratedOperator): print_the_context>, log_sql_query already registered for DAG: example_python_operator
[2023-06-05T08:58:03.602+0000] {logging_mixin.py:120} INFO - [2023-06-05T08:58:03.602+0000] {taskmixin.py:205} WARNING - Dependency <Task(_PythonDecoratedOperator): log_sql_query>, print_the_context already registered for DAG: example_python_operator
[2023-06-05T08:58:03.603+0000] {logging_mixin.py:120} INFO - [2023-06-05T08:58:03.603+0000] {taskmixin.py:205} WARNING - Dependency <Task(_PythonDecoratedOperator): print_the_context>, log_sql_query already registered for DAG: example_python_operator
[2023-06-05T08:58:03.604+0000] {logging_mixin.py:120} INFO - [2023-06-05T08:58:03.603+0000] {taskmixin.py:205} WARNING - Dependency <Task(_PythonDecoratedOperator): log_sql_query>, print_the_context already registered for DAG: example_python_operator
[2023-06-05T08:58:03.609+0000] {processor.py:766} INFO - DAG(s) dict_keys(['example_python_operator']) retrieved from /home/airflow/.local/lib/python3.7/site-packages/airflow/example_dags/example_python_operator.py
[2023-06-05T08:58:03.642+0000] {logging_mixin.py:120} INFO - [2023-06-05T08:58:03.642+0000] {dag.py:2585} INFO - Sync 1 DAGs
[2023-06-05T08:58:03.665+0000] {logging_mixin.py:120} INFO - [2023-06-05T08:58:03.665+0000] {dag.py:3340} INFO - Setting next_dagrun for example_python_operator to None, run_after=None
[2023-06-05T08:58:03.684+0000] {processor.py:176} INFO - Processing /home/airflow/.local/lib/python3.7/site-packages/airflow/example_dags/example_python_operator.py took 0.101 seconds
[2023-06-05T08:58:34.151+0000] {processor.py:154} INFO - Started process (PID=245) to work on /home/airflow/.local/lib/python3.7/site-packages/airflow/example_dags/example_python_operator.py
[2023-06-05T08:58:34.152+0000] {processor.py:756} INFO - Processing file /home/airflow/.local/lib/python3.7/site-packages/airflow/example_dags/example_python_operator.py for tasks to queue
[2023-06-05T08:58:34.153+0000] {logging_mixin.py:120} INFO - [2023-06-05T08:58:34.153+0000] {dagbag.py:537} INFO - Filling up the DagBag from /home/airflow/.local/lib/python3.7/site-packages/airflow/example_dags/example_python_operator.py
[2023-06-05T08:58:34.163+0000] {logging_mixin.py:120} INFO - [2023-06-05T08:58:34.163+0000] {taskmixin.py:205} WARNING - Dependency <Task(_PythonDecoratedOperator): print_the_context>, log_sql_query already registered for DAG: example_python_operator
[2023-06-05T08:58:34.164+0000] {logging_mixin.py:120} INFO - [2023-06-05T08:58:34.164+0000] {taskmixin.py:205} WARNING - Dependency <Task(_PythonDecoratedOperator): log_sql_query>, print_the_context already registered for DAG: example_python_operator
[2023-06-05T08:58:34.165+0000] {logging_mixin.py:120} INFO - [2023-06-05T08:58:34.165+0000] {taskmixin.py:205} WARNING - Dependency <Task(_PythonDecoratedOperator): print_the_context>, log_sql_query already registered for DAG: example_python_operator
[2023-06-05T08:58:34.166+0000] {logging_mixin.py:120} INFO - [2023-06-05T08:58:34.165+0000] {taskmixin.py:205} WARNING - Dependency <Task(_PythonDecoratedOperator): log_sql_query>, print_the_context already registered for DAG: example_python_operator
[2023-06-05T08:58:34.166+0000] {logging_mixin.py:120} INFO - [2023-06-05T08:58:34.166+0000] {taskmixin.py:205} WARNING - Dependency <Task(_PythonDecoratedOperator): print_the_context>, log_sql_query already registered for DAG: example_python_operator
[2023-06-05T08:58:34.167+0000] {logging_mixin.py:120} INFO - [2023-06-05T08:58:34.167+0000] {taskmixin.py:205} WARNING - Dependency <Task(_PythonDecoratedOperator): log_sql_query>, print_the_context already registered for DAG: example_python_operator
[2023-06-05T08:58:34.168+0000] {logging_mixin.py:120} INFO - [2023-06-05T08:58:34.168+0000] {taskmixin.py:205} WARNING - Dependency <Task(_PythonDecoratedOperator): print_the_context>, log_sql_query already registered for DAG: example_python_operator
[2023-06-05T08:58:34.169+0000] {logging_mixin.py:120} INFO - [2023-06-05T08:58:34.169+0000] {taskmixin.py:205} WARNING - Dependency <Task(_PythonDecoratedOperator): log_sql_query>, print_the_context already registered for DAG: example_python_operator
[2023-06-05T08:58:34.177+0000] {processor.py:766} INFO - DAG(s) dict_keys(['example_python_operator']) retrieved from /home/airflow/.local/lib/python3.7/site-packages/airflow/example_dags/example_python_operator.py
[2023-06-05T08:58:34.211+0000] {logging_mixin.py:120} INFO - [2023-06-05T08:58:34.211+0000] {dag.py:2585} INFO - Sync 1 DAGs
[2023-06-05T08:58:34.232+0000] {logging_mixin.py:120} INFO - [2023-06-05T08:58:34.232+0000] {dag.py:3340} INFO - Setting next_dagrun for example_python_operator to None, run_after=None
[2023-06-05T08:58:34.246+0000] {processor.py:176} INFO - Processing /home/airflow/.local/lib/python3.7/site-packages/airflow/example_dags/example_python_operator.py took 0.098 seconds
[2023-06-05T08:59:04.600+0000] {processor.py:154} INFO - Started process (PID=309) to work on /home/airflow/.local/lib/python3.7/site-packages/airflow/example_dags/example_python_operator.py
[2023-06-05T08:59:04.605+0000] {processor.py:756} INFO - Processing file /home/airflow/.local/lib/python3.7/site-packages/airflow/example_dags/example_python_operator.py for tasks to queue
[2023-06-05T08:59:04.615+0000] {logging_mixin.py:120} INFO - [2023-06-05T08:59:04.614+0000] {dagbag.py:537} INFO - Filling up the DagBag from /home/airflow/.local/lib/python3.7/site-packages/airflow/example_dags/example_python_operator.py
[2023-06-05T08:59:04.688+0000] {logging_mixin.py:120} INFO - [2023-06-05T08:59:04.688+0000] {taskmixin.py:205} WARNING - Dependency <Task(_PythonDecoratedOperator): print_the_context>, log_sql_query already registered for DAG: example_python_operator
[2023-06-05T08:59:04.689+0000] {logging_mixin.py:120} INFO - [2023-06-05T08:59:04.689+0000] {taskmixin.py:205} WARNING - Dependency <Task(_PythonDecoratedOperator): log_sql_query>, print_the_context already registered for DAG: example_python_operator
[2023-06-05T08:59:04.692+0000] {logging_mixin.py:120} INFO - [2023-06-05T08:59:04.691+0000] {taskmixin.py:205} WARNING - Dependency <Task(_PythonDecoratedOperator): print_the_context>, log_sql_query already registered for DAG: example_python_operator
[2023-06-05T08:59:04.692+0000] {logging_mixin.py:120} INFO - [2023-06-05T08:59:04.692+0000] {taskmixin.py:205} WARNING - Dependency <Task(_PythonDecoratedOperator): log_sql_query>, print_the_context already registered for DAG: example_python_operator
[2023-06-05T08:59:04.695+0000] {logging_mixin.py:120} INFO - [2023-06-05T08:59:04.694+0000] {taskmixin.py:205} WARNING - Dependency <Task(_PythonDecoratedOperator): print_the_context>, log_sql_query already registered for DAG: example_python_operator
[2023-06-05T08:59:04.695+0000] {logging_mixin.py:120} INFO - [2023-06-05T08:59:04.695+0000] {taskmixin.py:205} WARNING - Dependency <Task(_PythonDecoratedOperator): log_sql_query>, print_the_context already registered for DAG: example_python_operator
[2023-06-05T08:59:04.697+0000] {logging_mixin.py:120} INFO - [2023-06-05T08:59:04.697+0000] {taskmixin.py:205} WARNING - Dependency <Task(_PythonDecoratedOperator): print_the_context>, log_sql_query already registered for DAG: example_python_operator
[2023-06-05T08:59:04.697+0000] {logging_mixin.py:120} INFO - [2023-06-05T08:59:04.697+0000] {taskmixin.py:205} WARNING - Dependency <Task(_PythonDecoratedOperator): log_sql_query>, print_the_context already registered for DAG: example_python_operator
[2023-06-05T08:59:04.718+0000] {processor.py:766} INFO - DAG(s) dict_keys(['example_python_operator']) retrieved from /home/airflow/.local/lib/python3.7/site-packages/airflow/example_dags/example_python_operator.py
[2023-06-05T08:59:04.891+0000] {logging_mixin.py:120} INFO - [2023-06-05T08:59:04.891+0000] {dag.py:2585} INFO - Sync 1 DAGs
[2023-06-05T08:59:05.068+0000] {logging_mixin.py:120} INFO - [2023-06-05T08:59:05.067+0000] {dag.py:3340} INFO - Setting next_dagrun for example_python_operator to None, run_after=None
[2023-06-05T08:59:05.119+0000] {processor.py:176} INFO - Processing /home/airflow/.local/lib/python3.7/site-packages/airflow/example_dags/example_python_operator.py took 0.527 seconds
[2023-06-05T08:59:35.335+0000] {processor.py:154} INFO - Started process (PID=362) to work on /home/airflow/.local/lib/python3.7/site-packages/airflow/example_dags/example_python_operator.py
[2023-06-05T08:59:35.336+0000] {processor.py:756} INFO - Processing file /home/airflow/.local/lib/python3.7/site-packages/airflow/example_dags/example_python_operator.py for tasks to queue
[2023-06-05T08:59:35.337+0000] {logging_mixin.py:120} INFO - [2023-06-05T08:59:35.337+0000] {dagbag.py:537} INFO - Filling up the DagBag from /home/airflow/.local/lib/python3.7/site-packages/airflow/example_dags/example_python_operator.py
[2023-06-05T08:59:35.352+0000] {logging_mixin.py:120} INFO - [2023-06-05T08:59:35.352+0000] {taskmixin.py:205} WARNING - Dependency <Task(_PythonDecoratedOperator): print_the_context>, log_sql_query already registered for DAG: example_python_operator
[2023-06-05T08:59:35.353+0000] {logging_mixin.py:120} INFO - [2023-06-05T08:59:35.353+0000] {taskmixin.py:205} WARNING - Dependency <Task(_PythonDecoratedOperator): log_sql_query>, print_the_context already registered for DAG: example_python_operator
[2023-06-05T08:59:35.353+0000] {logging_mixin.py:120} INFO - [2023-06-05T08:59:35.353+0000] {taskmixin.py:205} WARNING - Dependency <Task(_PythonDecoratedOperator): print_the_context>, log_sql_query already registered for DAG: example_python_operator
[2023-06-05T08:59:35.354+0000] {logging_mixin.py:120} INFO - [2023-06-05T08:59:35.354+0000] {taskmixin.py:205} WARNING - Dependency <Task(_PythonDecoratedOperator): log_sql_query>, print_the_context already registered for DAG: example_python_operator
[2023-06-05T08:59:35.355+0000] {logging_mixin.py:120} INFO - [2023-06-05T08:59:35.355+0000] {taskmixin.py:205} WARNING - Dependency <Task(_PythonDecoratedOperator): print_the_context>, log_sql_query already registered for DAG: example_python_operator
[2023-06-05T08:59:35.355+0000] {logging_mixin.py:120} INFO - [2023-06-05T08:59:35.355+0000] {taskmixin.py:205} WARNING - Dependency <Task(_PythonDecoratedOperator): log_sql_query>, print_the_context already registered for DAG: example_python_operator
[2023-06-05T08:59:35.356+0000] {logging_mixin.py:120} INFO - [2023-06-05T08:59:35.356+0000] {taskmixin.py:205} WARNING - Dependency <Task(_PythonDecoratedOperator): print_the_context>, log_sql_query already registered for DAG: example_python_operator
[2023-06-05T08:59:35.356+0000] {logging_mixin.py:120} INFO - [2023-06-05T08:59:35.356+0000] {taskmixin.py:205} WARNING - Dependency <Task(_PythonDecoratedOperator): log_sql_query>, print_the_context already registered for DAG: example_python_operator
[2023-06-05T08:59:35.364+0000] {processor.py:766} INFO - DAG(s) dict_keys(['example_python_operator']) retrieved from /home/airflow/.local/lib/python3.7/site-packages/airflow/example_dags/example_python_operator.py
[2023-06-05T08:59:35.408+0000] {logging_mixin.py:120} INFO - [2023-06-05T08:59:35.408+0000] {dag.py:2585} INFO - Sync 1 DAGs
[2023-06-05T08:59:35.423+0000] {logging_mixin.py:120} INFO - [2023-06-05T08:59:35.422+0000] {dag.py:3340} INFO - Setting next_dagrun for example_python_operator to None, run_after=None
[2023-06-05T08:59:35.435+0000] {processor.py:176} INFO - Processing /home/airflow/.local/lib/python3.7/site-packages/airflow/example_dags/example_python_operator.py took 0.103 seconds
[2023-06-05T09:00:05.740+0000] {processor.py:154} INFO - Started process (PID=425) to work on /home/airflow/.local/lib/python3.7/site-packages/airflow/example_dags/example_python_operator.py
[2023-06-05T09:00:05.750+0000] {processor.py:756} INFO - Processing file /home/airflow/.local/lib/python3.7/site-packages/airflow/example_dags/example_python_operator.py for tasks to queue
[2023-06-05T09:00:05.751+0000] {logging_mixin.py:120} INFO - [2023-06-05T09:00:05.751+0000] {dagbag.py:537} INFO - Filling up the DagBag from /home/airflow/.local/lib/python3.7/site-packages/airflow/example_dags/example_python_operator.py
[2023-06-05T09:00:05.774+0000] {logging_mixin.py:120} INFO - [2023-06-05T09:00:05.774+0000] {taskmixin.py:205} WARNING - Dependency <Task(_PythonDecoratedOperator): print_the_context>, log_sql_query already registered for DAG: example_python_operator
[2023-06-05T09:00:05.775+0000] {logging_mixin.py:120} INFO - [2023-06-05T09:00:05.775+0000] {taskmixin.py:205} WARNING - Dependency <Task(_PythonDecoratedOperator): log_sql_query>, print_the_context already registered for DAG: example_python_operator
[2023-06-05T09:00:05.776+0000] {logging_mixin.py:120} INFO - [2023-06-05T09:00:05.775+0000] {taskmixin.py:205} WARNING - Dependency <Task(_PythonDecoratedOperator): print_the_context>, log_sql_query already registered for DAG: example_python_operator
[2023-06-05T09:00:05.776+0000] {logging_mixin.py:120} INFO - [2023-06-05T09:00:05.776+0000] {taskmixin.py:205} WARNING - Dependency <Task(_PythonDecoratedOperator): log_sql_query>, print_the_context already registered for DAG: example_python_operator
[2023-06-05T09:00:05.777+0000] {logging_mixin.py:120} INFO - [2023-06-05T09:00:05.777+0000] {taskmixin.py:205} WARNING - Dependency <Task(_PythonDecoratedOperator): print_the_context>, log_sql_query already registered for DAG: example_python_operator
[2023-06-05T09:00:05.777+0000] {logging_mixin.py:120} INFO - [2023-06-05T09:00:05.777+0000] {taskmixin.py:205} WARNING - Dependency <Task(_PythonDecoratedOperator): log_sql_query>, print_the_context already registered for DAG: example_python_operator
[2023-06-05T09:00:05.778+0000] {logging_mixin.py:120} INFO - [2023-06-05T09:00:05.778+0000] {taskmixin.py:205} WARNING - Dependency <Task(_PythonDecoratedOperator): print_the_context>, log_sql_query already registered for DAG: example_python_operator
[2023-06-05T09:00:05.778+0000] {logging_mixin.py:120} INFO - [2023-06-05T09:00:05.778+0000] {taskmixin.py:205} WARNING - Dependency <Task(_PythonDecoratedOperator): log_sql_query>, print_the_context already registered for DAG: example_python_operator
[2023-06-05T09:00:05.785+0000] {processor.py:766} INFO - DAG(s) dict_keys(['example_python_operator']) retrieved from /home/airflow/.local/lib/python3.7/site-packages/airflow/example_dags/example_python_operator.py
[2023-06-05T09:00:05.891+0000] {logging_mixin.py:120} INFO - [2023-06-05T09:00:05.891+0000] {dag.py:2585} INFO - Sync 1 DAGs
[2023-06-05T09:00:05.948+0000] {logging_mixin.py:120} INFO - [2023-06-05T09:00:05.948+0000] {dag.py:3340} INFO - Setting next_dagrun for example_python_operator to None, run_after=None
[2023-06-05T09:00:05.971+0000] {processor.py:176} INFO - Processing /home/airflow/.local/lib/python3.7/site-packages/airflow/example_dags/example_python_operator.py took 0.234 seconds
[2023-06-05T09:00:36.312+0000] {processor.py:154} INFO - Started process (PID=487) to work on /home/airflow/.local/lib/python3.7/site-packages/airflow/example_dags/example_python_operator.py
[2023-06-05T09:00:36.315+0000] {processor.py:756} INFO - Processing file /home/airflow/.local/lib/python3.7/site-packages/airflow/example_dags/example_python_operator.py for tasks to queue
[2023-06-05T09:00:36.316+0000] {logging_mixin.py:120} INFO - [2023-06-05T09:00:36.316+0000] {dagbag.py:537} INFO - Filling up the DagBag from /home/airflow/.local/lib/python3.7/site-packages/airflow/example_dags/example_python_operator.py
[2023-06-05T09:00:36.335+0000] {logging_mixin.py:120} INFO - [2023-06-05T09:00:36.335+0000] {taskmixin.py:205} WARNING - Dependency <Task(_PythonDecoratedOperator): print_the_context>, log_sql_query already registered for DAG: example_python_operator
[2023-06-05T09:00:36.336+0000] {logging_mixin.py:120} INFO - [2023-06-05T09:00:36.336+0000] {taskmixin.py:205} WARNING - Dependency <Task(_PythonDecoratedOperator): log_sql_query>, print_the_context already registered for DAG: example_python_operator
[2023-06-05T09:00:36.337+0000] {logging_mixin.py:120} INFO - [2023-06-05T09:00:36.337+0000] {taskmixin.py:205} WARNING - Dependency <Task(_PythonDecoratedOperator): print_the_context>, log_sql_query already registered for DAG: example_python_operator
[2023-06-05T09:00:36.338+0000] {logging_mixin.py:120} INFO - [2023-06-05T09:00:36.338+0000] {taskmixin.py:205} WARNING - Dependency <Task(_PythonDecoratedOperator): log_sql_query>, print_the_context already registered for DAG: example_python_operator
[2023-06-05T09:00:36.339+0000] {logging_mixin.py:120} INFO - [2023-06-05T09:00:36.339+0000] {taskmixin.py:205} WARNING - Dependency <Task(_PythonDecoratedOperator): print_the_context>, log_sql_query already registered for DAG: example_python_operator
[2023-06-05T09:00:36.339+0000] {logging_mixin.py:120} INFO - [2023-06-05T09:00:36.339+0000] {taskmixin.py:205} WARNING - Dependency <Task(_PythonDecoratedOperator): log_sql_query>, print_the_context already registered for DAG: example_python_operator
[2023-06-05T09:00:36.340+0000] {logging_mixin.py:120} INFO - [2023-06-05T09:00:36.340+0000] {taskmixin.py:205} WARNING - Dependency <Task(_PythonDecoratedOperator): print_the_context>, log_sql_query already registered for DAG: example_python_operator
[2023-06-05T09:00:36.344+0000] {logging_mixin.py:120} INFO - [2023-06-05T09:00:36.344+0000] {taskmixin.py:205} WARNING - Dependency <Task(_PythonDecoratedOperator): log_sql_query>, print_the_context already registered for DAG: example_python_operator
[2023-06-05T09:00:36.354+0000] {processor.py:766} INFO - DAG(s) dict_keys(['example_python_operator']) retrieved from /home/airflow/.local/lib/python3.7/site-packages/airflow/example_dags/example_python_operator.py
[2023-06-05T09:00:36.470+0000] {logging_mixin.py:120} INFO - [2023-06-05T09:00:36.468+0000] {dag.py:2585} INFO - Sync 1 DAGs
[2023-06-05T09:00:36.508+0000] {logging_mixin.py:120} INFO - [2023-06-05T09:00:36.508+0000] {dag.py:3340} INFO - Setting next_dagrun for example_python_operator to None, run_after=None
[2023-06-05T09:00:36.526+0000] {processor.py:176} INFO - Processing /home/airflow/.local/lib/python3.7/site-packages/airflow/example_dags/example_python_operator.py took 0.220 seconds
[2023-06-05T09:01:07.774+0000] {processor.py:154} INFO - Started process (PID=544) to work on /home/airflow/.local/lib/python3.7/site-packages/airflow/example_dags/example_python_operator.py
[2023-06-05T09:01:07.794+0000] {processor.py:756} INFO - Processing file /home/airflow/.local/lib/python3.7/site-packages/airflow/example_dags/example_python_operator.py for tasks to queue
[2023-06-05T09:01:07.795+0000] {logging_mixin.py:120} INFO - [2023-06-05T09:01:07.795+0000] {dagbag.py:537} INFO - Filling up the DagBag from /home/airflow/.local/lib/python3.7/site-packages/airflow/example_dags/example_python_operator.py
[2023-06-05T09:01:07.827+0000] {logging_mixin.py:120} INFO - [2023-06-05T09:01:07.827+0000] {taskmixin.py:205} WARNING - Dependency <Task(_PythonDecoratedOperator): print_the_context>, log_sql_query already registered for DAG: example_python_operator
[2023-06-05T09:01:07.828+0000] {logging_mixin.py:120} INFO - [2023-06-05T09:01:07.828+0000] {taskmixin.py:205} WARNING - Dependency <Task(_PythonDecoratedOperator): log_sql_query>, print_the_context already registered for DAG: example_python_operator
[2023-06-05T09:01:07.829+0000] {logging_mixin.py:120} INFO - [2023-06-05T09:01:07.829+0000] {taskmixin.py:205} WARNING - Dependency <Task(_PythonDecoratedOperator): print_the_context>, log_sql_query already registered for DAG: example_python_operator
[2023-06-05T09:01:07.830+0000] {logging_mixin.py:120} INFO - [2023-06-05T09:01:07.829+0000] {taskmixin.py:205} WARNING - Dependency <Task(_PythonDecoratedOperator): log_sql_query>, print_the_context already registered for DAG: example_python_operator
[2023-06-05T09:01:07.830+0000] {logging_mixin.py:120} INFO - [2023-06-05T09:01:07.830+0000] {taskmixin.py:205} WARNING - Dependency <Task(_PythonDecoratedOperator): print_the_context>, log_sql_query already registered for DAG: example_python_operator
[2023-06-05T09:01:07.831+0000] {logging_mixin.py:120} INFO - [2023-06-05T09:01:07.831+0000] {taskmixin.py:205} WARNING - Dependency <Task(_PythonDecoratedOperator): log_sql_query>, print_the_context already registered for DAG: example_python_operator
[2023-06-05T09:01:07.832+0000] {logging_mixin.py:120} INFO - [2023-06-05T09:01:07.832+0000] {taskmixin.py:205} WARNING - Dependency <Task(_PythonDecoratedOperator): print_the_context>, log_sql_query already registered for DAG: example_python_operator
[2023-06-05T09:01:07.838+0000] {logging_mixin.py:120} INFO - [2023-06-05T09:01:07.838+0000] {taskmixin.py:205} WARNING - Dependency <Task(_PythonDecoratedOperator): log_sql_query>, print_the_context already registered for DAG: example_python_operator
[2023-06-05T09:01:07.847+0000] {processor.py:766} INFO - DAG(s) dict_keys(['example_python_operator']) retrieved from /home/airflow/.local/lib/python3.7/site-packages/airflow/example_dags/example_python_operator.py
[2023-06-05T09:01:07.899+0000] {logging_mixin.py:120} INFO - [2023-06-05T09:01:07.899+0000] {dag.py:2585} INFO - Sync 1 DAGs
[2023-06-05T09:01:07.927+0000] {logging_mixin.py:120} INFO - [2023-06-05T09:01:07.927+0000] {dag.py:3340} INFO - Setting next_dagrun for example_python_operator to None, run_after=None
[2023-06-05T09:01:07.945+0000] {processor.py:176} INFO - Processing /home/airflow/.local/lib/python3.7/site-packages/airflow/example_dags/example_python_operator.py took 0.175 seconds
[2023-06-05T09:01:38.080+0000] {processor.py:154} INFO - Started process (PID=606) to work on /home/airflow/.local/lib/python3.7/site-packages/airflow/example_dags/example_python_operator.py
[2023-06-05T09:01:38.101+0000] {processor.py:756} INFO - Processing file /home/airflow/.local/lib/python3.7/site-packages/airflow/example_dags/example_python_operator.py for tasks to queue
[2023-06-05T09:01:38.115+0000] {logging_mixin.py:120} INFO - [2023-06-05T09:01:38.106+0000] {dagbag.py:537} INFO - Filling up the DagBag from /home/airflow/.local/lib/python3.7/site-packages/airflow/example_dags/example_python_operator.py
[2023-06-05T09:01:38.186+0000] {logging_mixin.py:120} INFO - [2023-06-05T09:01:38.176+0000] {taskmixin.py:205} WARNING - Dependency <Task(_PythonDecoratedOperator): print_the_context>, log_sql_query already registered for DAG: example_python_operator
[2023-06-05T09:01:38.187+0000] {logging_mixin.py:120} INFO - [2023-06-05T09:01:38.187+0000] {taskmixin.py:205} WARNING - Dependency <Task(_PythonDecoratedOperator): log_sql_query>, print_the_context already registered for DAG: example_python_operator
[2023-06-05T09:01:38.189+0000] {logging_mixin.py:120} INFO - [2023-06-05T09:01:38.189+0000] {taskmixin.py:205} WARNING - Dependency <Task(_PythonDecoratedOperator): print_the_context>, log_sql_query already registered for DAG: example_python_operator
[2023-06-05T09:01:38.197+0000] {logging_mixin.py:120} INFO - [2023-06-05T09:01:38.197+0000] {taskmixin.py:205} WARNING - Dependency <Task(_PythonDecoratedOperator): log_sql_query>, print_the_context already registered for DAG: example_python_operator
[2023-06-05T09:01:38.198+0000] {logging_mixin.py:120} INFO - [2023-06-05T09:01:38.198+0000] {taskmixin.py:205} WARNING - Dependency <Task(_PythonDecoratedOperator): print_the_context>, log_sql_query already registered for DAG: example_python_operator
[2023-06-05T09:01:38.200+0000] {logging_mixin.py:120} INFO - [2023-06-05T09:01:38.200+0000] {taskmixin.py:205} WARNING - Dependency <Task(_PythonDecoratedOperator): log_sql_query>, print_the_context already registered for DAG: example_python_operator
[2023-06-05T09:01:38.204+0000] {logging_mixin.py:120} INFO - [2023-06-05T09:01:38.203+0000] {taskmixin.py:205} WARNING - Dependency <Task(_PythonDecoratedOperator): print_the_context>, log_sql_query already registered for DAG: example_python_operator
[2023-06-05T09:01:38.205+0000] {logging_mixin.py:120} INFO - [2023-06-05T09:01:38.205+0000] {taskmixin.py:205} WARNING - Dependency <Task(_PythonDecoratedOperator): log_sql_query>, print_the_context already registered for DAG: example_python_operator
[2023-06-05T09:01:38.212+0000] {processor.py:766} INFO - DAG(s) dict_keys(['example_python_operator']) retrieved from /home/airflow/.local/lib/python3.7/site-packages/airflow/example_dags/example_python_operator.py
[2023-06-05T09:01:38.276+0000] {logging_mixin.py:120} INFO - [2023-06-05T09:01:38.276+0000] {dag.py:2585} INFO - Sync 1 DAGs
[2023-06-05T09:01:38.318+0000] {logging_mixin.py:120} INFO - [2023-06-05T09:01:38.318+0000] {dag.py:3340} INFO - Setting next_dagrun for example_python_operator to None, run_after=None
[2023-06-05T09:01:38.350+0000] {processor.py:176} INFO - Processing /home/airflow/.local/lib/python3.7/site-packages/airflow/example_dags/example_python_operator.py took 0.274 seconds
[2023-06-05T09:02:08.813+0000] {processor.py:154} INFO - Started process (PID=670) to work on /home/airflow/.local/lib/python3.7/site-packages/airflow/example_dags/example_python_operator.py
[2023-06-05T09:02:08.815+0000] {processor.py:756} INFO - Processing file /home/airflow/.local/lib/python3.7/site-packages/airflow/example_dags/example_python_operator.py for tasks to queue
[2023-06-05T09:02:08.816+0000] {logging_mixin.py:120} INFO - [2023-06-05T09:02:08.815+0000] {dagbag.py:537} INFO - Filling up the DagBag from /home/airflow/.local/lib/python3.7/site-packages/airflow/example_dags/example_python_operator.py
[2023-06-05T09:02:08.827+0000] {logging_mixin.py:120} INFO - [2023-06-05T09:02:08.827+0000] {taskmixin.py:205} WARNING - Dependency <Task(_PythonDecoratedOperator): print_the_context>, log_sql_query already registered for DAG: example_python_operator
[2023-06-05T09:02:08.827+0000] {logging_mixin.py:120} INFO - [2023-06-05T09:02:08.827+0000] {taskmixin.py:205} WARNING - Dependency <Task(_PythonDecoratedOperator): log_sql_query>, print_the_context already registered for DAG: example_python_operator
[2023-06-05T09:02:08.828+0000] {logging_mixin.py:120} INFO - [2023-06-05T09:02:08.828+0000] {taskmixin.py:205} WARNING - Dependency <Task(_PythonDecoratedOperator): print_the_context>, log_sql_query already registered for DAG: example_python_operator
[2023-06-05T09:02:08.828+0000] {logging_mixin.py:120} INFO - [2023-06-05T09:02:08.828+0000] {taskmixin.py:205} WARNING - Dependency <Task(_PythonDecoratedOperator): log_sql_query>, print_the_context already registered for DAG: example_python_operator
[2023-06-05T09:02:08.829+0000] {logging_mixin.py:120} INFO - [2023-06-05T09:02:08.829+0000] {taskmixin.py:205} WARNING - Dependency <Task(_PythonDecoratedOperator): print_the_context>, log_sql_query already registered for DAG: example_python_operator
[2023-06-05T09:02:08.830+0000] {logging_mixin.py:120} INFO - [2023-06-05T09:02:08.830+0000] {taskmixin.py:205} WARNING - Dependency <Task(_PythonDecoratedOperator): log_sql_query>, print_the_context already registered for DAG: example_python_operator
[2023-06-05T09:02:08.831+0000] {logging_mixin.py:120} INFO - [2023-06-05T09:02:08.831+0000] {taskmixin.py:205} WARNING - Dependency <Task(_PythonDecoratedOperator): print_the_context>, log_sql_query already registered for DAG: example_python_operator
[2023-06-05T09:02:08.831+0000] {logging_mixin.py:120} INFO - [2023-06-05T09:02:08.831+0000] {taskmixin.py:205} WARNING - Dependency <Task(_PythonDecoratedOperator): log_sql_query>, print_the_context already registered for DAG: example_python_operator
[2023-06-05T09:02:08.836+0000] {processor.py:766} INFO - DAG(s) dict_keys(['example_python_operator']) retrieved from /home/airflow/.local/lib/python3.7/site-packages/airflow/example_dags/example_python_operator.py
[2023-06-05T09:02:08.868+0000] {logging_mixin.py:120} INFO - [2023-06-05T09:02:08.867+0000] {dag.py:2585} INFO - Sync 1 DAGs
[2023-06-05T09:02:08.882+0000] {logging_mixin.py:120} INFO - [2023-06-05T09:02:08.882+0000] {dag.py:3340} INFO - Setting next_dagrun for example_python_operator to None, run_after=None
[2023-06-05T09:02:08.893+0000] {processor.py:176} INFO - Processing /home/airflow/.local/lib/python3.7/site-packages/airflow/example_dags/example_python_operator.py took 0.083 seconds
[2023-06-05T10:02:19.958+0000] {processor.py:154} INFO - Started process (PID=716) to work on /home/airflow/.local/lib/python3.7/site-packages/airflow/example_dags/example_python_operator.py
[2023-06-05T10:02:19.960+0000] {processor.py:756} INFO - Processing file /home/airflow/.local/lib/python3.7/site-packages/airflow/example_dags/example_python_operator.py for tasks to queue
[2023-06-05T10:02:19.960+0000] {logging_mixin.py:120} INFO - [2023-06-05T10:02:19.960+0000] {dagbag.py:537} INFO - Filling up the DagBag from /home/airflow/.local/lib/python3.7/site-packages/airflow/example_dags/example_python_operator.py
[2023-06-05T10:02:19.986+0000] {logging_mixin.py:120} INFO - [2023-06-05T10:02:19.986+0000] {taskmixin.py:205} WARNING - Dependency <Task(_PythonDecoratedOperator): print_the_context>, log_sql_query already registered for DAG: example_python_operator
[2023-06-05T10:02:19.987+0000] {logging_mixin.py:120} INFO - [2023-06-05T10:02:19.987+0000] {taskmixin.py:205} WARNING - Dependency <Task(_PythonDecoratedOperator): log_sql_query>, print_the_context already registered for DAG: example_python_operator
[2023-06-05T10:02:19.988+0000] {logging_mixin.py:120} INFO - [2023-06-05T10:02:19.988+0000] {taskmixin.py:205} WARNING - Dependency <Task(_PythonDecoratedOperator): print_the_context>, log_sql_query already registered for DAG: example_python_operator
[2023-06-05T10:02:19.988+0000] {logging_mixin.py:120} INFO - [2023-06-05T10:02:19.988+0000] {taskmixin.py:205} WARNING - Dependency <Task(_PythonDecoratedOperator): log_sql_query>, print_the_context already registered for DAG: example_python_operator
[2023-06-05T10:02:19.989+0000] {logging_mixin.py:120} INFO - [2023-06-05T10:02:19.989+0000] {taskmixin.py:205} WARNING - Dependency <Task(_PythonDecoratedOperator): print_the_context>, log_sql_query already registered for DAG: example_python_operator
[2023-06-05T10:02:19.989+0000] {logging_mixin.py:120} INFO - [2023-06-05T10:02:19.989+0000] {taskmixin.py:205} WARNING - Dependency <Task(_PythonDecoratedOperator): log_sql_query>, print_the_context already registered for DAG: example_python_operator
[2023-06-05T10:02:19.990+0000] {logging_mixin.py:120} INFO - [2023-06-05T10:02:19.990+0000] {taskmixin.py:205} WARNING - Dependency <Task(_PythonDecoratedOperator): print_the_context>, log_sql_query already registered for DAG: example_python_operator
[2023-06-05T10:02:19.991+0000] {logging_mixin.py:120} INFO - [2023-06-05T10:02:19.991+0000] {taskmixin.py:205} WARNING - Dependency <Task(_PythonDecoratedOperator): log_sql_query>, print_the_context already registered for DAG: example_python_operator
[2023-06-05T10:02:19.997+0000] {processor.py:766} INFO - DAG(s) dict_keys(['example_python_operator']) retrieved from /home/airflow/.local/lib/python3.7/site-packages/airflow/example_dags/example_python_operator.py
[2023-06-05T10:02:20.064+0000] {logging_mixin.py:120} INFO - [2023-06-05T10:02:20.064+0000] {dag.py:2585} INFO - Sync 1 DAGs
[2023-06-05T10:02:20.088+0000] {logging_mixin.py:120} INFO - [2023-06-05T10:02:20.088+0000] {dag.py:3340} INFO - Setting next_dagrun for example_python_operator to None, run_after=None
[2023-06-05T10:02:20.101+0000] {processor.py:176} INFO - Processing /home/airflow/.local/lib/python3.7/site-packages/airflow/example_dags/example_python_operator.py took 0.146 seconds
[2023-06-05T11:26:10.434+0000] {processor.py:154} INFO - Started process (PID=779) to work on /home/airflow/.local/lib/python3.7/site-packages/airflow/example_dags/example_python_operator.py
[2023-06-05T11:26:10.440+0000] {processor.py:756} INFO - Processing file /home/airflow/.local/lib/python3.7/site-packages/airflow/example_dags/example_python_operator.py for tasks to queue
[2023-06-05T11:26:10.444+0000] {logging_mixin.py:120} INFO - [2023-06-05T11:26:10.444+0000] {dagbag.py:537} INFO - Filling up the DagBag from /home/airflow/.local/lib/python3.7/site-packages/airflow/example_dags/example_python_operator.py
[2023-06-05T11:26:10.496+0000] {logging_mixin.py:120} INFO - [2023-06-05T11:26:10.496+0000] {taskmixin.py:205} WARNING - Dependency <Task(_PythonDecoratedOperator): print_the_context>, log_sql_query already registered for DAG: example_python_operator
[2023-06-05T11:26:10.497+0000] {logging_mixin.py:120} INFO - [2023-06-05T11:26:10.497+0000] {taskmixin.py:205} WARNING - Dependency <Task(_PythonDecoratedOperator): log_sql_query>, print_the_context already registered for DAG: example_python_operator
[2023-06-05T11:26:10.498+0000] {logging_mixin.py:120} INFO - [2023-06-05T11:26:10.498+0000] {taskmixin.py:205} WARNING - Dependency <Task(_PythonDecoratedOperator): print_the_context>, log_sql_query already registered for DAG: example_python_operator
[2023-06-05T11:26:10.499+0000] {logging_mixin.py:120} INFO - [2023-06-05T11:26:10.499+0000] {taskmixin.py:205} WARNING - Dependency <Task(_PythonDecoratedOperator): log_sql_query>, print_the_context already registered for DAG: example_python_operator
[2023-06-05T11:26:10.499+0000] {logging_mixin.py:120} INFO - [2023-06-05T11:26:10.499+0000] {taskmixin.py:205} WARNING - Dependency <Task(_PythonDecoratedOperator): print_the_context>, log_sql_query already registered for DAG: example_python_operator
[2023-06-05T11:26:10.500+0000] {logging_mixin.py:120} INFO - [2023-06-05T11:26:10.500+0000] {taskmixin.py:205} WARNING - Dependency <Task(_PythonDecoratedOperator): log_sql_query>, print_the_context already registered for DAG: example_python_operator
[2023-06-05T11:26:10.505+0000] {logging_mixin.py:120} INFO - [2023-06-05T11:26:10.505+0000] {taskmixin.py:205} WARNING - Dependency <Task(_PythonDecoratedOperator): print_the_context>, log_sql_query already registered for DAG: example_python_operator
[2023-06-05T11:26:10.508+0000] {logging_mixin.py:120} INFO - [2023-06-05T11:26:10.508+0000] {taskmixin.py:205} WARNING - Dependency <Task(_PythonDecoratedOperator): log_sql_query>, print_the_context already registered for DAG: example_python_operator
[2023-06-05T11:26:10.521+0000] {processor.py:766} INFO - DAG(s) dict_keys(['example_python_operator']) retrieved from /home/airflow/.local/lib/python3.7/site-packages/airflow/example_dags/example_python_operator.py
[2023-06-05T11:26:10.580+0000] {logging_mixin.py:120} INFO - [2023-06-05T11:26:10.580+0000] {dag.py:2585} INFO - Sync 1 DAGs
[2023-06-05T11:26:10.631+0000] {logging_mixin.py:120} INFO - [2023-06-05T11:26:10.631+0000] {dag.py:3340} INFO - Setting next_dagrun for example_python_operator to None, run_after=None
[2023-06-05T11:26:10.683+0000] {processor.py:176} INFO - Processing /home/airflow/.local/lib/python3.7/site-packages/airflow/example_dags/example_python_operator.py took 0.253 seconds
[2023-06-05T12:47:17.523+0000] {processor.py:154} INFO - Started process (PID=843) to work on /home/airflow/.local/lib/python3.7/site-packages/airflow/example_dags/example_python_operator.py
[2023-06-05T12:47:17.527+0000] {processor.py:756} INFO - Processing file /home/airflow/.local/lib/python3.7/site-packages/airflow/example_dags/example_python_operator.py for tasks to queue
[2023-06-05T12:47:17.528+0000] {logging_mixin.py:120} INFO - [2023-06-05T12:47:17.528+0000] {dagbag.py:537} INFO - Filling up the DagBag from /home/airflow/.local/lib/python3.7/site-packages/airflow/example_dags/example_python_operator.py
[2023-06-05T12:47:17.546+0000] {logging_mixin.py:120} INFO - [2023-06-05T12:47:17.546+0000] {taskmixin.py:205} WARNING - Dependency <Task(_PythonDecoratedOperator): print_the_context>, log_sql_query already registered for DAG: example_python_operator
[2023-06-05T12:47:17.549+0000] {logging_mixin.py:120} INFO - [2023-06-05T12:47:17.549+0000] {taskmixin.py:205} WARNING - Dependency <Task(_PythonDecoratedOperator): log_sql_query>, print_the_context already registered for DAG: example_python_operator
[2023-06-05T12:47:17.550+0000] {logging_mixin.py:120} INFO - [2023-06-05T12:47:17.550+0000] {taskmixin.py:205} WARNING - Dependency <Task(_PythonDecoratedOperator): print_the_context>, log_sql_query already registered for DAG: example_python_operator
[2023-06-05T12:47:17.551+0000] {logging_mixin.py:120} INFO - [2023-06-05T12:47:17.551+0000] {taskmixin.py:205} WARNING - Dependency <Task(_PythonDecoratedOperator): log_sql_query>, print_the_context already registered for DAG: example_python_operator
[2023-06-05T12:47:17.552+0000] {logging_mixin.py:120} INFO - [2023-06-05T12:47:17.551+0000] {taskmixin.py:205} WARNING - Dependency <Task(_PythonDecoratedOperator): print_the_context>, log_sql_query already registered for DAG: example_python_operator
[2023-06-05T12:47:17.553+0000] {logging_mixin.py:120} INFO - [2023-06-05T12:47:17.552+0000] {taskmixin.py:205} WARNING - Dependency <Task(_PythonDecoratedOperator): log_sql_query>, print_the_context already registered for DAG: example_python_operator
[2023-06-05T12:47:17.555+0000] {logging_mixin.py:120} INFO - [2023-06-05T12:47:17.555+0000] {taskmixin.py:205} WARNING - Dependency <Task(_PythonDecoratedOperator): print_the_context>, log_sql_query already registered for DAG: example_python_operator
[2023-06-05T12:47:17.556+0000] {logging_mixin.py:120} INFO - [2023-06-05T12:47:17.556+0000] {taskmixin.py:205} WARNING - Dependency <Task(_PythonDecoratedOperator): log_sql_query>, print_the_context already registered for DAG: example_python_operator
[2023-06-05T12:47:17.569+0000] {processor.py:766} INFO - DAG(s) dict_keys(['example_python_operator']) retrieved from /home/airflow/.local/lib/python3.7/site-packages/airflow/example_dags/example_python_operator.py
[2023-06-05T12:47:17.631+0000] {logging_mixin.py:120} INFO - [2023-06-05T12:47:17.631+0000] {dag.py:2585} INFO - Sync 1 DAGs
[2023-06-05T12:47:17.674+0000] {logging_mixin.py:120} INFO - [2023-06-05T12:47:17.673+0000] {dag.py:3340} INFO - Setting next_dagrun for example_python_operator to None, run_after=None
[2023-06-05T12:47:17.703+0000] {processor.py:176} INFO - Processing /home/airflow/.local/lib/python3.7/site-packages/airflow/example_dags/example_python_operator.py took 0.183 seconds
[2023-06-05T13:45:32.673+0000] {processor.py:154} INFO - Started process (PID=906) to work on /home/airflow/.local/lib/python3.7/site-packages/airflow/example_dags/example_python_operator.py
[2023-06-05T13:45:32.674+0000] {processor.py:756} INFO - Processing file /home/airflow/.local/lib/python3.7/site-packages/airflow/example_dags/example_python_operator.py for tasks to queue
[2023-06-05T13:45:32.675+0000] {logging_mixin.py:120} INFO - [2023-06-05T13:45:32.675+0000] {dagbag.py:537} INFO - Filling up the DagBag from /home/airflow/.local/lib/python3.7/site-packages/airflow/example_dags/example_python_operator.py
[2023-06-05T13:45:32.695+0000] {logging_mixin.py:120} INFO - [2023-06-05T13:45:32.694+0000] {taskmixin.py:205} WARNING - Dependency <Task(_PythonDecoratedOperator): print_the_context>, log_sql_query already registered for DAG: example_python_operator
[2023-06-05T13:45:32.695+0000] {logging_mixin.py:120} INFO - [2023-06-05T13:45:32.695+0000] {taskmixin.py:205} WARNING - Dependency <Task(_PythonDecoratedOperator): log_sql_query>, print_the_context already registered for DAG: example_python_operator
[2023-06-05T13:45:32.696+0000] {logging_mixin.py:120} INFO - [2023-06-05T13:45:32.696+0000] {taskmixin.py:205} WARNING - Dependency <Task(_PythonDecoratedOperator): print_the_context>, log_sql_query already registered for DAG: example_python_operator
[2023-06-05T13:45:32.697+0000] {logging_mixin.py:120} INFO - [2023-06-05T13:45:32.697+0000] {taskmixin.py:205} WARNING - Dependency <Task(_PythonDecoratedOperator): log_sql_query>, print_the_context already registered for DAG: example_python_operator
[2023-06-05T13:45:32.697+0000] {logging_mixin.py:120} INFO - [2023-06-05T13:45:32.697+0000] {taskmixin.py:205} WARNING - Dependency <Task(_PythonDecoratedOperator): print_the_context>, log_sql_query already registered for DAG: example_python_operator
[2023-06-05T13:45:32.698+0000] {logging_mixin.py:120} INFO - [2023-06-05T13:45:32.698+0000] {taskmixin.py:205} WARNING - Dependency <Task(_PythonDecoratedOperator): log_sql_query>, print_the_context already registered for DAG: example_python_operator
[2023-06-05T13:45:32.699+0000] {logging_mixin.py:120} INFO - [2023-06-05T13:45:32.699+0000] {taskmixin.py:205} WARNING - Dependency <Task(_PythonDecoratedOperator): print_the_context>, log_sql_query already registered for DAG: example_python_operator
[2023-06-05T13:45:32.699+0000] {logging_mixin.py:120} INFO - [2023-06-05T13:45:32.699+0000] {taskmixin.py:205} WARNING - Dependency <Task(_PythonDecoratedOperator): log_sql_query>, print_the_context already registered for DAG: example_python_operator
[2023-06-05T13:45:32.705+0000] {processor.py:766} INFO - DAG(s) dict_keys(['example_python_operator']) retrieved from /home/airflow/.local/lib/python3.7/site-packages/airflow/example_dags/example_python_operator.py
[2023-06-05T13:45:32.750+0000] {logging_mixin.py:120} INFO - [2023-06-05T13:45:32.749+0000] {dag.py:2585} INFO - Sync 1 DAGs
[2023-06-05T13:45:32.774+0000] {logging_mixin.py:120} INFO - [2023-06-05T13:45:32.774+0000] {dag.py:3340} INFO - Setting next_dagrun for example_python_operator to None, run_after=None
[2023-06-05T13:45:32.796+0000] {processor.py:176} INFO - Processing /home/airflow/.local/lib/python3.7/site-packages/airflow/example_dags/example_python_operator.py took 0.127 seconds
[2023-06-05T14:52:53.896+0000] {processor.py:154} INFO - Started process (PID=961) to work on /home/airflow/.local/lib/python3.7/site-packages/airflow/example_dags/example_python_operator.py
[2023-06-05T14:52:53.898+0000] {processor.py:756} INFO - Processing file /home/airflow/.local/lib/python3.7/site-packages/airflow/example_dags/example_python_operator.py for tasks to queue
[2023-06-05T14:52:53.899+0000] {logging_mixin.py:120} INFO - [2023-06-05T14:52:53.899+0000] {dagbag.py:537} INFO - Filling up the DagBag from /home/airflow/.local/lib/python3.7/site-packages/airflow/example_dags/example_python_operator.py
[2023-06-05T14:52:53.912+0000] {logging_mixin.py:120} INFO - [2023-06-05T14:52:53.912+0000] {taskmixin.py:205} WARNING - Dependency <Task(_PythonDecoratedOperator): print_the_context>, log_sql_query already registered for DAG: example_python_operator
[2023-06-05T14:52:53.913+0000] {logging_mixin.py:120} INFO - [2023-06-05T14:52:53.913+0000] {taskmixin.py:205} WARNING - Dependency <Task(_PythonDecoratedOperator): log_sql_query>, print_the_context already registered for DAG: example_python_operator
[2023-06-05T14:52:53.914+0000] {logging_mixin.py:120} INFO - [2023-06-05T14:52:53.914+0000] {taskmixin.py:205} WARNING - Dependency <Task(_PythonDecoratedOperator): print_the_context>, log_sql_query already registered for DAG: example_python_operator
[2023-06-05T14:52:53.914+0000] {logging_mixin.py:120} INFO - [2023-06-05T14:52:53.914+0000] {taskmixin.py:205} WARNING - Dependency <Task(_PythonDecoratedOperator): log_sql_query>, print_the_context already registered for DAG: example_python_operator
[2023-06-05T14:52:53.915+0000] {logging_mixin.py:120} INFO - [2023-06-05T14:52:53.915+0000] {taskmixin.py:205} WARNING - Dependency <Task(_PythonDecoratedOperator): print_the_context>, log_sql_query already registered for DAG: example_python_operator
[2023-06-05T14:52:53.916+0000] {logging_mixin.py:120} INFO - [2023-06-05T14:52:53.916+0000] {taskmixin.py:205} WARNING - Dependency <Task(_PythonDecoratedOperator): log_sql_query>, print_the_context already registered for DAG: example_python_operator
[2023-06-05T14:52:53.916+0000] {logging_mixin.py:120} INFO - [2023-06-05T14:52:53.916+0000] {taskmixin.py:205} WARNING - Dependency <Task(_PythonDecoratedOperator): print_the_context>, log_sql_query already registered for DAG: example_python_operator
[2023-06-05T14:52:53.917+0000] {logging_mixin.py:120} INFO - [2023-06-05T14:52:53.917+0000] {taskmixin.py:205} WARNING - Dependency <Task(_PythonDecoratedOperator): log_sql_query>, print_the_context already registered for DAG: example_python_operator
[2023-06-05T14:52:53.921+0000] {processor.py:766} INFO - DAG(s) dict_keys(['example_python_operator']) retrieved from /home/airflow/.local/lib/python3.7/site-packages/airflow/example_dags/example_python_operator.py
[2023-06-05T14:52:53.977+0000] {logging_mixin.py:120} INFO - [2023-06-05T14:52:53.977+0000] {dag.py:2585} INFO - Sync 1 DAGs
[2023-06-05T14:52:53.993+0000] {logging_mixin.py:120} INFO - [2023-06-05T14:52:53.993+0000] {dag.py:3340} INFO - Setting next_dagrun for example_python_operator to None, run_after=None
[2023-06-05T14:52:54.006+0000] {processor.py:176} INFO - Processing /home/airflow/.local/lib/python3.7/site-packages/airflow/example_dags/example_python_operator.py took 0.113 seconds
