[2023-06-05T08:57:05.697+0000] {processor.py:154} INFO - Started process (PID=69) to work on /home/airflow/.local/lib/python3.7/site-packages/airflow/example_dags/example_subdag_operator.py
[2023-06-05T08:57:05.718+0000] {processor.py:756} INFO - Processing file /home/airflow/.local/lib/python3.7/site-packages/airflow/example_dags/example_subdag_operator.py for tasks to queue
[2023-06-05T08:57:05.722+0000] {logging_mixin.py:120} INFO - [2023-06-05T08:57:05.722+0000] {dagbag.py:537} INFO - Filling up the DagBag from /home/airflow/.local/lib/python3.7/site-packages/airflow/example_dags/example_subdag_operator.py
[2023-06-05T08:57:05.789+0000] {processor.py:766} INFO - DAG(s) dict_keys(['example_subdag_operator.section-1', 'example_subdag_operator.section-2', 'example_subdag_operator']) retrieved from /home/airflow/.local/lib/python3.7/site-packages/airflow/example_dags/example_subdag_operator.py
[2023-06-05T08:57:06.340+0000] {logging_mixin.py:120} INFO - [2023-06-05T08:57:06.340+0000] {dag.py:2585} INFO - Sync 3 DAGs
[2023-06-05T08:57:06.380+0000] {logging_mixin.py:120} INFO - [2023-06-05T08:57:06.380+0000] {dag.py:3340} INFO - Setting next_dagrun for example_subdag_operator to 2022-01-01T00:00:00+00:00, run_after=2022-01-01T00:00:00+00:00
[2023-06-05T08:57:06.386+0000] {logging_mixin.py:120} INFO - [2023-06-05T08:57:06.386+0000] {dag.py:3340} INFO - Setting next_dagrun for example_subdag_operator.section-1 to None, run_after=None
[2023-06-05T08:57:06.388+0000] {logging_mixin.py:120} INFO - [2023-06-05T08:57:06.388+0000] {dag.py:3340} INFO - Setting next_dagrun for example_subdag_operator.section-2 to None, run_after=None
[2023-06-05T08:57:06.398+0000] {logging_mixin.py:120} INFO - [2023-06-05T08:57:06.397+0000] {dag.py:2585} INFO - Sync 2 DAGs
[2023-06-05T08:57:06.408+0000] {logging_mixin.py:120} INFO - [2023-06-05T08:57:06.408+0000] {dag.py:3340} INFO - Setting next_dagrun for example_subdag_operator.section-1 to None, run_after=None
[2023-06-05T08:57:06.409+0000] {logging_mixin.py:120} INFO - [2023-06-05T08:57:06.409+0000] {dag.py:3340} INFO - Setting next_dagrun for example_subdag_operator.section-2 to None, run_after=None
[2023-06-05T08:57:06.424+0000] {processor.py:176} INFO - Processing /home/airflow/.local/lib/python3.7/site-packages/airflow/example_dags/example_subdag_operator.py took 0.731 seconds
[2023-06-05T08:57:36.676+0000] {processor.py:154} INFO - Started process (PID=127) to work on /home/airflow/.local/lib/python3.7/site-packages/airflow/example_dags/example_subdag_operator.py
[2023-06-05T08:57:36.677+0000] {processor.py:756} INFO - Processing file /home/airflow/.local/lib/python3.7/site-packages/airflow/example_dags/example_subdag_operator.py for tasks to queue
[2023-06-05T08:57:36.678+0000] {logging_mixin.py:120} INFO - [2023-06-05T08:57:36.678+0000] {dagbag.py:537} INFO - Filling up the DagBag from /home/airflow/.local/lib/python3.7/site-packages/airflow/example_dags/example_subdag_operator.py
[2023-06-05T08:57:36.703+0000] {processor.py:766} INFO - DAG(s) dict_keys(['example_subdag_operator.section-1', 'example_subdag_operator.section-2', 'example_subdag_operator']) retrieved from /home/airflow/.local/lib/python3.7/site-packages/airflow/example_dags/example_subdag_operator.py
[2023-06-05T08:57:36.791+0000] {logging_mixin.py:120} INFO - [2023-06-05T08:57:36.791+0000] {dag.py:2585} INFO - Sync 3 DAGs
[2023-06-05T08:57:36.805+0000] {logging_mixin.py:120} INFO - [2023-06-05T08:57:36.805+0000] {dag.py:3340} INFO - Setting next_dagrun for example_subdag_operator to 2022-01-01T00:00:00+00:00, run_after=2022-01-01T00:00:00+00:00
[2023-06-05T08:57:36.808+0000] {logging_mixin.py:120} INFO - [2023-06-05T08:57:36.808+0000] {dag.py:3340} INFO - Setting next_dagrun for example_subdag_operator.section-1 to None, run_after=None
[2023-06-05T08:57:36.810+0000] {logging_mixin.py:120} INFO - [2023-06-05T08:57:36.810+0000] {dag.py:3340} INFO - Setting next_dagrun for example_subdag_operator.section-2 to None, run_after=None
[2023-06-05T08:57:36.815+0000] {logging_mixin.py:120} INFO - [2023-06-05T08:57:36.815+0000] {dag.py:2585} INFO - Sync 2 DAGs
[2023-06-05T08:57:36.819+0000] {logging_mixin.py:120} INFO - [2023-06-05T08:57:36.818+0000] {dag.py:3340} INFO - Setting next_dagrun for example_subdag_operator.section-1 to None, run_after=None
[2023-06-05T08:57:36.819+0000] {logging_mixin.py:120} INFO - [2023-06-05T08:57:36.819+0000] {dag.py:3340} INFO - Setting next_dagrun for example_subdag_operator.section-2 to None, run_after=None
[2023-06-05T08:57:36.827+0000] {processor.py:176} INFO - Processing /home/airflow/.local/lib/python3.7/site-packages/airflow/example_dags/example_subdag_operator.py took 0.154 seconds
[2023-06-05T08:58:07.264+0000] {processor.py:154} INFO - Started process (PID=191) to work on /home/airflow/.local/lib/python3.7/site-packages/airflow/example_dags/example_subdag_operator.py
[2023-06-05T08:58:07.265+0000] {processor.py:756} INFO - Processing file /home/airflow/.local/lib/python3.7/site-packages/airflow/example_dags/example_subdag_operator.py for tasks to queue
[2023-06-05T08:58:07.266+0000] {logging_mixin.py:120} INFO - [2023-06-05T08:58:07.266+0000] {dagbag.py:537} INFO - Filling up the DagBag from /home/airflow/.local/lib/python3.7/site-packages/airflow/example_dags/example_subdag_operator.py
[2023-06-05T08:58:07.289+0000] {processor.py:766} INFO - DAG(s) dict_keys(['example_subdag_operator.section-1', 'example_subdag_operator.section-2', 'example_subdag_operator']) retrieved from /home/airflow/.local/lib/python3.7/site-packages/airflow/example_dags/example_subdag_operator.py
[2023-06-05T08:58:07.379+0000] {logging_mixin.py:120} INFO - [2023-06-05T08:58:07.379+0000] {dag.py:2585} INFO - Sync 3 DAGs
[2023-06-05T08:58:07.393+0000] {logging_mixin.py:120} INFO - [2023-06-05T08:58:07.393+0000] {dag.py:3340} INFO - Setting next_dagrun for example_subdag_operator to 2022-01-01T00:00:00+00:00, run_after=2022-01-01T00:00:00+00:00
[2023-06-05T08:58:07.396+0000] {logging_mixin.py:120} INFO - [2023-06-05T08:58:07.396+0000] {dag.py:3340} INFO - Setting next_dagrun for example_subdag_operator.section-1 to None, run_after=None
[2023-06-05T08:58:07.397+0000] {logging_mixin.py:120} INFO - [2023-06-05T08:58:07.397+0000] {dag.py:3340} INFO - Setting next_dagrun for example_subdag_operator.section-2 to None, run_after=None
[2023-06-05T08:58:07.402+0000] {logging_mixin.py:120} INFO - [2023-06-05T08:58:07.402+0000] {dag.py:2585} INFO - Sync 2 DAGs
[2023-06-05T08:58:07.405+0000] {logging_mixin.py:120} INFO - [2023-06-05T08:58:07.405+0000] {dag.py:3340} INFO - Setting next_dagrun for example_subdag_operator.section-1 to None, run_after=None
[2023-06-05T08:58:07.406+0000] {logging_mixin.py:120} INFO - [2023-06-05T08:58:07.406+0000] {dag.py:3340} INFO - Setting next_dagrun for example_subdag_operator.section-2 to None, run_after=None
[2023-06-05T08:58:07.412+0000] {processor.py:176} INFO - Processing /home/airflow/.local/lib/python3.7/site-packages/airflow/example_dags/example_subdag_operator.py took 0.151 seconds
[2023-06-05T08:58:37.921+0000] {processor.py:154} INFO - Started process (PID=255) to work on /home/airflow/.local/lib/python3.7/site-packages/airflow/example_dags/example_subdag_operator.py
[2023-06-05T08:58:37.922+0000] {processor.py:756} INFO - Processing file /home/airflow/.local/lib/python3.7/site-packages/airflow/example_dags/example_subdag_operator.py for tasks to queue
[2023-06-05T08:58:37.923+0000] {logging_mixin.py:120} INFO - [2023-06-05T08:58:37.923+0000] {dagbag.py:537} INFO - Filling up the DagBag from /home/airflow/.local/lib/python3.7/site-packages/airflow/example_dags/example_subdag_operator.py
[2023-06-05T08:58:37.948+0000] {processor.py:766} INFO - DAG(s) dict_keys(['example_subdag_operator.section-1', 'example_subdag_operator.section-2', 'example_subdag_operator']) retrieved from /home/airflow/.local/lib/python3.7/site-packages/airflow/example_dags/example_subdag_operator.py
[2023-06-05T08:58:38.043+0000] {logging_mixin.py:120} INFO - [2023-06-05T08:58:38.043+0000] {dag.py:2585} INFO - Sync 3 DAGs
[2023-06-05T08:58:38.059+0000] {logging_mixin.py:120} INFO - [2023-06-05T08:58:38.059+0000] {dag.py:3340} INFO - Setting next_dagrun for example_subdag_operator to 2022-01-01T00:00:00+00:00, run_after=2022-01-01T00:00:00+00:00
[2023-06-05T08:58:38.062+0000] {logging_mixin.py:120} INFO - [2023-06-05T08:58:38.062+0000] {dag.py:3340} INFO - Setting next_dagrun for example_subdag_operator.section-1 to None, run_after=None
[2023-06-05T08:58:38.064+0000] {logging_mixin.py:120} INFO - [2023-06-05T08:58:38.064+0000] {dag.py:3340} INFO - Setting next_dagrun for example_subdag_operator.section-2 to None, run_after=None
[2023-06-05T08:58:38.069+0000] {logging_mixin.py:120} INFO - [2023-06-05T08:58:38.069+0000] {dag.py:2585} INFO - Sync 2 DAGs
[2023-06-05T08:58:38.073+0000] {logging_mixin.py:120} INFO - [2023-06-05T08:58:38.073+0000] {dag.py:3340} INFO - Setting next_dagrun for example_subdag_operator.section-1 to None, run_after=None
[2023-06-05T08:58:38.073+0000] {logging_mixin.py:120} INFO - [2023-06-05T08:58:38.073+0000] {dag.py:3340} INFO - Setting next_dagrun for example_subdag_operator.section-2 to None, run_after=None
[2023-06-05T08:58:38.080+0000] {processor.py:176} INFO - Processing /home/airflow/.local/lib/python3.7/site-packages/airflow/example_dags/example_subdag_operator.py took 0.162 seconds
[2023-06-05T08:59:08.341+0000] {processor.py:154} INFO - Started process (PID=319) to work on /home/airflow/.local/lib/python3.7/site-packages/airflow/example_dags/example_subdag_operator.py
[2023-06-05T08:59:08.346+0000] {processor.py:756} INFO - Processing file /home/airflow/.local/lib/python3.7/site-packages/airflow/example_dags/example_subdag_operator.py for tasks to queue
[2023-06-05T08:59:08.349+0000] {logging_mixin.py:120} INFO - [2023-06-05T08:59:08.349+0000] {dagbag.py:537} INFO - Filling up the DagBag from /home/airflow/.local/lib/python3.7/site-packages/airflow/example_dags/example_subdag_operator.py
[2023-06-05T08:59:08.394+0000] {processor.py:766} INFO - DAG(s) dict_keys(['example_subdag_operator.section-1', 'example_subdag_operator.section-2', 'example_subdag_operator']) retrieved from /home/airflow/.local/lib/python3.7/site-packages/airflow/example_dags/example_subdag_operator.py
[2023-06-05T08:59:08.548+0000] {logging_mixin.py:120} INFO - [2023-06-05T08:59:08.548+0000] {dag.py:2585} INFO - Sync 3 DAGs
[2023-06-05T08:59:08.571+0000] {logging_mixin.py:120} INFO - [2023-06-05T08:59:08.571+0000] {dag.py:3340} INFO - Setting next_dagrun for example_subdag_operator to 2022-01-01T00:00:00+00:00, run_after=2022-01-01T00:00:00+00:00
[2023-06-05T08:59:08.575+0000] {logging_mixin.py:120} INFO - [2023-06-05T08:59:08.575+0000] {dag.py:3340} INFO - Setting next_dagrun for example_subdag_operator.section-1 to None, run_after=None
[2023-06-05T08:59:08.577+0000] {logging_mixin.py:120} INFO - [2023-06-05T08:59:08.576+0000] {dag.py:3340} INFO - Setting next_dagrun for example_subdag_operator.section-2 to None, run_after=None
[2023-06-05T08:59:08.594+0000] {logging_mixin.py:120} INFO - [2023-06-05T08:59:08.594+0000] {dag.py:2585} INFO - Sync 2 DAGs
[2023-06-05T08:59:08.604+0000] {logging_mixin.py:120} INFO - [2023-06-05T08:59:08.604+0000] {dag.py:3340} INFO - Setting next_dagrun for example_subdag_operator.section-1 to None, run_after=None
[2023-06-05T08:59:08.605+0000] {logging_mixin.py:120} INFO - [2023-06-05T08:59:08.605+0000] {dag.py:3340} INFO - Setting next_dagrun for example_subdag_operator.section-2 to None, run_after=None
[2023-06-05T08:59:08.619+0000] {processor.py:176} INFO - Processing /home/airflow/.local/lib/python3.7/site-packages/airflow/example_dags/example_subdag_operator.py took 0.282 seconds
[2023-06-05T08:59:39.605+0000] {processor.py:154} INFO - Started process (PID=381) to work on /home/airflow/.local/lib/python3.7/site-packages/airflow/example_dags/example_subdag_operator.py
[2023-06-05T08:59:39.608+0000] {processor.py:756} INFO - Processing file /home/airflow/.local/lib/python3.7/site-packages/airflow/example_dags/example_subdag_operator.py for tasks to queue
[2023-06-05T08:59:39.613+0000] {logging_mixin.py:120} INFO - [2023-06-05T08:59:39.612+0000] {dagbag.py:537} INFO - Filling up the DagBag from /home/airflow/.local/lib/python3.7/site-packages/airflow/example_dags/example_subdag_operator.py
[2023-06-05T08:59:39.777+0000] {processor.py:766} INFO - DAG(s) dict_keys(['example_subdag_operator.section-1', 'example_subdag_operator.section-2', 'example_subdag_operator']) retrieved from /home/airflow/.local/lib/python3.7/site-packages/airflow/example_dags/example_subdag_operator.py
[2023-06-05T08:59:39.965+0000] {logging_mixin.py:120} INFO - [2023-06-05T08:59:39.964+0000] {dag.py:2585} INFO - Sync 3 DAGs
[2023-06-05T08:59:40.024+0000] {logging_mixin.py:120} INFO - [2023-06-05T08:59:40.024+0000] {dag.py:3340} INFO - Setting next_dagrun for example_subdag_operator to 2022-01-01T00:00:00+00:00, run_after=2022-01-01T00:00:00+00:00
[2023-06-05T08:59:40.034+0000] {logging_mixin.py:120} INFO - [2023-06-05T08:59:40.034+0000] {dag.py:3340} INFO - Setting next_dagrun for example_subdag_operator.section-1 to None, run_after=None
[2023-06-05T08:59:40.041+0000] {logging_mixin.py:120} INFO - [2023-06-05T08:59:40.041+0000] {dag.py:3340} INFO - Setting next_dagrun for example_subdag_operator.section-2 to None, run_after=None
[2023-06-05T08:59:40.054+0000] {logging_mixin.py:120} INFO - [2023-06-05T08:59:40.054+0000] {dag.py:2585} INFO - Sync 2 DAGs
[2023-06-05T08:59:40.063+0000] {logging_mixin.py:120} INFO - [2023-06-05T08:59:40.063+0000] {dag.py:3340} INFO - Setting next_dagrun for example_subdag_operator.section-1 to None, run_after=None
[2023-06-05T08:59:40.064+0000] {logging_mixin.py:120} INFO - [2023-06-05T08:59:40.064+0000] {dag.py:3340} INFO - Setting next_dagrun for example_subdag_operator.section-2 to None, run_after=None
[2023-06-05T08:59:40.081+0000] {processor.py:176} INFO - Processing /home/airflow/.local/lib/python3.7/site-packages/airflow/example_dags/example_subdag_operator.py took 0.481 seconds
[2023-06-05T09:00:10.825+0000] {processor.py:154} INFO - Started process (PID=435) to work on /home/airflow/.local/lib/python3.7/site-packages/airflow/example_dags/example_subdag_operator.py
[2023-06-05T09:00:10.827+0000] {processor.py:756} INFO - Processing file /home/airflow/.local/lib/python3.7/site-packages/airflow/example_dags/example_subdag_operator.py for tasks to queue
[2023-06-05T09:00:10.828+0000] {logging_mixin.py:120} INFO - [2023-06-05T09:00:10.828+0000] {dagbag.py:537} INFO - Filling up the DagBag from /home/airflow/.local/lib/python3.7/site-packages/airflow/example_dags/example_subdag_operator.py
[2023-06-05T09:00:10.914+0000] {processor.py:766} INFO - DAG(s) dict_keys(['example_subdag_operator.section-1', 'example_subdag_operator.section-2', 'example_subdag_operator']) retrieved from /home/airflow/.local/lib/python3.7/site-packages/airflow/example_dags/example_subdag_operator.py
[2023-06-05T09:00:11.032+0000] {logging_mixin.py:120} INFO - [2023-06-05T09:00:11.032+0000] {dag.py:2585} INFO - Sync 3 DAGs
[2023-06-05T09:00:11.056+0000] {logging_mixin.py:120} INFO - [2023-06-05T09:00:11.056+0000] {dag.py:3340} INFO - Setting next_dagrun for example_subdag_operator to 2022-01-01T00:00:00+00:00, run_after=2022-01-01T00:00:00+00:00
[2023-06-05T09:00:11.060+0000] {logging_mixin.py:120} INFO - [2023-06-05T09:00:11.060+0000] {dag.py:3340} INFO - Setting next_dagrun for example_subdag_operator.section-1 to None, run_after=None
[2023-06-05T09:00:11.063+0000] {logging_mixin.py:120} INFO - [2023-06-05T09:00:11.063+0000] {dag.py:3340} INFO - Setting next_dagrun for example_subdag_operator.section-2 to None, run_after=None
[2023-06-05T09:00:11.079+0000] {logging_mixin.py:120} INFO - [2023-06-05T09:00:11.078+0000] {dag.py:2585} INFO - Sync 2 DAGs
[2023-06-05T09:00:11.087+0000] {logging_mixin.py:120} INFO - [2023-06-05T09:00:11.087+0000] {dag.py:3340} INFO - Setting next_dagrun for example_subdag_operator.section-1 to None, run_after=None
[2023-06-05T09:00:11.089+0000] {logging_mixin.py:120} INFO - [2023-06-05T09:00:11.089+0000] {dag.py:3340} INFO - Setting next_dagrun for example_subdag_operator.section-2 to None, run_after=None
[2023-06-05T09:00:11.116+0000] {processor.py:176} INFO - Processing /home/airflow/.local/lib/python3.7/site-packages/airflow/example_dags/example_subdag_operator.py took 0.297 seconds
[2023-06-05T09:00:41.228+0000] {processor.py:154} INFO - Started process (PID=499) to work on /home/airflow/.local/lib/python3.7/site-packages/airflow/example_dags/example_subdag_operator.py
[2023-06-05T09:00:41.230+0000] {processor.py:756} INFO - Processing file /home/airflow/.local/lib/python3.7/site-packages/airflow/example_dags/example_subdag_operator.py for tasks to queue
[2023-06-05T09:00:41.232+0000] {logging_mixin.py:120} INFO - [2023-06-05T09:00:41.231+0000] {dagbag.py:537} INFO - Filling up the DagBag from /home/airflow/.local/lib/python3.7/site-packages/airflow/example_dags/example_subdag_operator.py
[2023-06-05T09:00:41.283+0000] {processor.py:766} INFO - DAG(s) dict_keys(['example_subdag_operator.section-1', 'example_subdag_operator.section-2', 'example_subdag_operator']) retrieved from /home/airflow/.local/lib/python3.7/site-packages/airflow/example_dags/example_subdag_operator.py
[2023-06-05T09:00:41.406+0000] {logging_mixin.py:120} INFO - [2023-06-05T09:00:41.406+0000] {dag.py:2585} INFO - Sync 3 DAGs
[2023-06-05T09:00:41.426+0000] {logging_mixin.py:120} INFO - [2023-06-05T09:00:41.426+0000] {dag.py:3340} INFO - Setting next_dagrun for example_subdag_operator to 2022-01-01T00:00:00+00:00, run_after=2022-01-01T00:00:00+00:00
[2023-06-05T09:00:41.430+0000] {logging_mixin.py:120} INFO - [2023-06-05T09:00:41.430+0000] {dag.py:3340} INFO - Setting next_dagrun for example_subdag_operator.section-1 to None, run_after=None
[2023-06-05T09:00:41.432+0000] {logging_mixin.py:120} INFO - [2023-06-05T09:00:41.432+0000] {dag.py:3340} INFO - Setting next_dagrun for example_subdag_operator.section-2 to None, run_after=None
[2023-06-05T09:00:41.440+0000] {logging_mixin.py:120} INFO - [2023-06-05T09:00:41.440+0000] {dag.py:2585} INFO - Sync 2 DAGs
[2023-06-05T09:00:41.445+0000] {logging_mixin.py:120} INFO - [2023-06-05T09:00:41.444+0000] {dag.py:3340} INFO - Setting next_dagrun for example_subdag_operator.section-1 to None, run_after=None
[2023-06-05T09:00:41.446+0000] {logging_mixin.py:120} INFO - [2023-06-05T09:00:41.446+0000] {dag.py:3340} INFO - Setting next_dagrun for example_subdag_operator.section-2 to None, run_after=None
[2023-06-05T09:00:41.457+0000] {processor.py:176} INFO - Processing /home/airflow/.local/lib/python3.7/site-packages/airflow/example_dags/example_subdag_operator.py took 0.235 seconds
[2023-06-05T09:01:11.577+0000] {processor.py:154} INFO - Started process (PID=562) to work on /home/airflow/.local/lib/python3.7/site-packages/airflow/example_dags/example_subdag_operator.py
[2023-06-05T09:01:11.579+0000] {processor.py:756} INFO - Processing file /home/airflow/.local/lib/python3.7/site-packages/airflow/example_dags/example_subdag_operator.py for tasks to queue
[2023-06-05T09:01:11.579+0000] {logging_mixin.py:120} INFO - [2023-06-05T09:01:11.579+0000] {dagbag.py:537} INFO - Filling up the DagBag from /home/airflow/.local/lib/python3.7/site-packages/airflow/example_dags/example_subdag_operator.py
[2023-06-05T09:01:11.611+0000] {processor.py:766} INFO - DAG(s) dict_keys(['example_subdag_operator.section-1', 'example_subdag_operator.section-2', 'example_subdag_operator']) retrieved from /home/airflow/.local/lib/python3.7/site-packages/airflow/example_dags/example_subdag_operator.py
[2023-06-05T09:01:11.724+0000] {logging_mixin.py:120} INFO - [2023-06-05T09:01:11.724+0000] {dag.py:2585} INFO - Sync 3 DAGs
[2023-06-05T09:01:11.741+0000] {logging_mixin.py:120} INFO - [2023-06-05T09:01:11.741+0000] {dag.py:3340} INFO - Setting next_dagrun for example_subdag_operator to 2022-01-01T00:00:00+00:00, run_after=2022-01-01T00:00:00+00:00
[2023-06-05T09:01:11.744+0000] {logging_mixin.py:120} INFO - [2023-06-05T09:01:11.743+0000] {dag.py:3340} INFO - Setting next_dagrun for example_subdag_operator.section-1 to None, run_after=None
[2023-06-05T09:01:11.745+0000] {logging_mixin.py:120} INFO - [2023-06-05T09:01:11.745+0000] {dag.py:3340} INFO - Setting next_dagrun for example_subdag_operator.section-2 to None, run_after=None
[2023-06-05T09:01:11.750+0000] {logging_mixin.py:120} INFO - [2023-06-05T09:01:11.749+0000] {dag.py:2585} INFO - Sync 2 DAGs
[2023-06-05T09:01:11.754+0000] {logging_mixin.py:120} INFO - [2023-06-05T09:01:11.754+0000] {dag.py:3340} INFO - Setting next_dagrun for example_subdag_operator.section-1 to None, run_after=None
[2023-06-05T09:01:11.755+0000] {logging_mixin.py:120} INFO - [2023-06-05T09:01:11.755+0000] {dag.py:3340} INFO - Setting next_dagrun for example_subdag_operator.section-2 to None, run_after=None
[2023-06-05T09:01:11.762+0000] {processor.py:176} INFO - Processing /home/airflow/.local/lib/python3.7/site-packages/airflow/example_dags/example_subdag_operator.py took 0.187 seconds
[2023-06-05T09:01:41.904+0000] {processor.py:154} INFO - Started process (PID=625) to work on /home/airflow/.local/lib/python3.7/site-packages/airflow/example_dags/example_subdag_operator.py
[2023-06-05T09:01:41.905+0000] {processor.py:756} INFO - Processing file /home/airflow/.local/lib/python3.7/site-packages/airflow/example_dags/example_subdag_operator.py for tasks to queue
[2023-06-05T09:01:41.907+0000] {logging_mixin.py:120} INFO - [2023-06-05T09:01:41.907+0000] {dagbag.py:537} INFO - Filling up the DagBag from /home/airflow/.local/lib/python3.7/site-packages/airflow/example_dags/example_subdag_operator.py
[2023-06-05T09:01:41.963+0000] {processor.py:766} INFO - DAG(s) dict_keys(['example_subdag_operator.section-1', 'example_subdag_operator.section-2', 'example_subdag_operator']) retrieved from /home/airflow/.local/lib/python3.7/site-packages/airflow/example_dags/example_subdag_operator.py
[2023-06-05T09:01:42.139+0000] {logging_mixin.py:120} INFO - [2023-06-05T09:01:42.139+0000] {dag.py:2585} INFO - Sync 3 DAGs
[2023-06-05T09:01:42.176+0000] {logging_mixin.py:120} INFO - [2023-06-05T09:01:42.175+0000] {dag.py:3340} INFO - Setting next_dagrun for example_subdag_operator to 2022-01-01T00:00:00+00:00, run_after=2022-01-01T00:00:00+00:00
[2023-06-05T09:01:42.181+0000] {logging_mixin.py:120} INFO - [2023-06-05T09:01:42.181+0000] {dag.py:3340} INFO - Setting next_dagrun for example_subdag_operator.section-1 to None, run_after=None
[2023-06-05T09:01:42.185+0000] {logging_mixin.py:120} INFO - [2023-06-05T09:01:42.185+0000] {dag.py:3340} INFO - Setting next_dagrun for example_subdag_operator.section-2 to None, run_after=None
[2023-06-05T09:01:42.205+0000] {logging_mixin.py:120} INFO - [2023-06-05T09:01:42.205+0000] {dag.py:2585} INFO - Sync 2 DAGs
[2023-06-05T09:01:42.212+0000] {logging_mixin.py:120} INFO - [2023-06-05T09:01:42.212+0000] {dag.py:3340} INFO - Setting next_dagrun for example_subdag_operator.section-1 to None, run_after=None
[2023-06-05T09:01:42.214+0000] {logging_mixin.py:120} INFO - [2023-06-05T09:01:42.213+0000] {dag.py:3340} INFO - Setting next_dagrun for example_subdag_operator.section-2 to None, run_after=None
[2023-06-05T09:01:42.312+0000] {processor.py:176} INFO - Processing /home/airflow/.local/lib/python3.7/site-packages/airflow/example_dags/example_subdag_operator.py took 0.410 seconds
[2023-06-05T09:02:12.456+0000] {processor.py:154} INFO - Started process (PID=681) to work on /home/airflow/.local/lib/python3.7/site-packages/airflow/example_dags/example_subdag_operator.py
[2023-06-05T09:02:12.458+0000] {processor.py:756} INFO - Processing file /home/airflow/.local/lib/python3.7/site-packages/airflow/example_dags/example_subdag_operator.py for tasks to queue
[2023-06-05T09:02:12.459+0000] {logging_mixin.py:120} INFO - [2023-06-05T09:02:12.459+0000] {dagbag.py:537} INFO - Filling up the DagBag from /home/airflow/.local/lib/python3.7/site-packages/airflow/example_dags/example_subdag_operator.py
[2023-06-05T09:02:12.484+0000] {processor.py:766} INFO - DAG(s) dict_keys(['example_subdag_operator.section-1', 'example_subdag_operator.section-2', 'example_subdag_operator']) retrieved from /home/airflow/.local/lib/python3.7/site-packages/airflow/example_dags/example_subdag_operator.py
[2023-06-05T09:02:12.574+0000] {logging_mixin.py:120} INFO - [2023-06-05T09:02:12.574+0000] {dag.py:2585} INFO - Sync 3 DAGs
[2023-06-05T09:02:12.588+0000] {logging_mixin.py:120} INFO - [2023-06-05T09:02:12.588+0000] {dag.py:3340} INFO - Setting next_dagrun for example_subdag_operator to 2022-01-01T00:00:00+00:00, run_after=2022-01-01T00:00:00+00:00
[2023-06-05T09:02:12.591+0000] {logging_mixin.py:120} INFO - [2023-06-05T09:02:12.590+0000] {dag.py:3340} INFO - Setting next_dagrun for example_subdag_operator.section-1 to None, run_after=None
[2023-06-05T09:02:12.592+0000] {logging_mixin.py:120} INFO - [2023-06-05T09:02:12.592+0000] {dag.py:3340} INFO - Setting next_dagrun for example_subdag_operator.section-2 to None, run_after=None
[2023-06-05T09:02:12.596+0000] {logging_mixin.py:120} INFO - [2023-06-05T09:02:12.596+0000] {dag.py:2585} INFO - Sync 2 DAGs
[2023-06-05T09:02:12.600+0000] {logging_mixin.py:120} INFO - [2023-06-05T09:02:12.600+0000] {dag.py:3340} INFO - Setting next_dagrun for example_subdag_operator.section-1 to None, run_after=None
[2023-06-05T09:02:12.600+0000] {logging_mixin.py:120} INFO - [2023-06-05T09:02:12.600+0000] {dag.py:3340} INFO - Setting next_dagrun for example_subdag_operator.section-2 to None, run_after=None
[2023-06-05T09:02:12.607+0000] {processor.py:176} INFO - Processing /home/airflow/.local/lib/python3.7/site-packages/airflow/example_dags/example_subdag_operator.py took 0.154 seconds
[2023-06-05T10:02:21.165+0000] {processor.py:154} INFO - Started process (PID=732) to work on /home/airflow/.local/lib/python3.7/site-packages/airflow/example_dags/example_subdag_operator.py
[2023-06-05T10:02:21.166+0000] {processor.py:756} INFO - Processing file /home/airflow/.local/lib/python3.7/site-packages/airflow/example_dags/example_subdag_operator.py for tasks to queue
[2023-06-05T10:02:21.167+0000] {logging_mixin.py:120} INFO - [2023-06-05T10:02:21.167+0000] {dagbag.py:537} INFO - Filling up the DagBag from /home/airflow/.local/lib/python3.7/site-packages/airflow/example_dags/example_subdag_operator.py
[2023-06-05T10:02:21.230+0000] {processor.py:766} INFO - DAG(s) dict_keys(['example_subdag_operator.section-1', 'example_subdag_operator.section-2', 'example_subdag_operator']) retrieved from /home/airflow/.local/lib/python3.7/site-packages/airflow/example_dags/example_subdag_operator.py
[2023-06-05T10:02:21.777+0000] {logging_mixin.py:120} INFO - [2023-06-05T10:02:21.777+0000] {dag.py:2585} INFO - Sync 3 DAGs
[2023-06-05T10:02:21.809+0000] {logging_mixin.py:120} INFO - [2023-06-05T10:02:21.809+0000] {dag.py:3340} INFO - Setting next_dagrun for example_subdag_operator to 2022-01-01T00:00:00+00:00, run_after=2022-01-01T00:00:00+00:00
[2023-06-05T10:02:21.818+0000] {logging_mixin.py:120} INFO - [2023-06-05T10:02:21.818+0000] {dag.py:3340} INFO - Setting next_dagrun for example_subdag_operator.section-1 to None, run_after=None
[2023-06-05T10:02:21.824+0000] {logging_mixin.py:120} INFO - [2023-06-05T10:02:21.824+0000] {dag.py:3340} INFO - Setting next_dagrun for example_subdag_operator.section-2 to None, run_after=None
[2023-06-05T10:02:21.849+0000] {logging_mixin.py:120} INFO - [2023-06-05T10:02:21.849+0000] {dag.py:2585} INFO - Sync 2 DAGs
[2023-06-05T10:02:21.860+0000] {logging_mixin.py:120} INFO - [2023-06-05T10:02:21.860+0000] {dag.py:3340} INFO - Setting next_dagrun for example_subdag_operator.section-1 to None, run_after=None
[2023-06-05T10:02:21.861+0000] {logging_mixin.py:120} INFO - [2023-06-05T10:02:21.861+0000] {dag.py:3340} INFO - Setting next_dagrun for example_subdag_operator.section-2 to None, run_after=None
[2023-06-05T10:02:21.876+0000] {processor.py:176} INFO - Processing /home/airflow/.local/lib/python3.7/site-packages/airflow/example_dags/example_subdag_operator.py took 0.728 seconds
[2023-06-05T11:26:11.539+0000] {processor.py:154} INFO - Started process (PID=789) to work on /home/airflow/.local/lib/python3.7/site-packages/airflow/example_dags/example_subdag_operator.py
[2023-06-05T11:26:11.540+0000] {processor.py:756} INFO - Processing file /home/airflow/.local/lib/python3.7/site-packages/airflow/example_dags/example_subdag_operator.py for tasks to queue
[2023-06-05T11:26:11.541+0000] {logging_mixin.py:120} INFO - [2023-06-05T11:26:11.541+0000] {dagbag.py:537} INFO - Filling up the DagBag from /home/airflow/.local/lib/python3.7/site-packages/airflow/example_dags/example_subdag_operator.py
[2023-06-05T11:26:11.572+0000] {processor.py:766} INFO - DAG(s) dict_keys(['example_subdag_operator.section-1', 'example_subdag_operator.section-2', 'example_subdag_operator']) retrieved from /home/airflow/.local/lib/python3.7/site-packages/airflow/example_dags/example_subdag_operator.py
[2023-06-05T11:26:11.672+0000] {logging_mixin.py:120} INFO - [2023-06-05T11:26:11.672+0000] {dag.py:2585} INFO - Sync 3 DAGs
[2023-06-05T11:26:11.695+0000] {logging_mixin.py:120} INFO - [2023-06-05T11:26:11.695+0000] {dag.py:3340} INFO - Setting next_dagrun for example_subdag_operator to 2022-01-01T00:00:00+00:00, run_after=2022-01-01T00:00:00+00:00
[2023-06-05T11:26:11.699+0000] {logging_mixin.py:120} INFO - [2023-06-05T11:26:11.699+0000] {dag.py:3340} INFO - Setting next_dagrun for example_subdag_operator.section-1 to None, run_after=None
[2023-06-05T11:26:11.703+0000] {logging_mixin.py:120} INFO - [2023-06-05T11:26:11.703+0000] {dag.py:3340} INFO - Setting next_dagrun for example_subdag_operator.section-2 to None, run_after=None
[2023-06-05T11:26:11.709+0000] {logging_mixin.py:120} INFO - [2023-06-05T11:26:11.709+0000] {dag.py:2585} INFO - Sync 2 DAGs
[2023-06-05T11:26:11.714+0000] {logging_mixin.py:120} INFO - [2023-06-05T11:26:11.714+0000] {dag.py:3340} INFO - Setting next_dagrun for example_subdag_operator.section-1 to None, run_after=None
[2023-06-05T11:26:11.714+0000] {logging_mixin.py:120} INFO - [2023-06-05T11:26:11.714+0000] {dag.py:3340} INFO - Setting next_dagrun for example_subdag_operator.section-2 to None, run_after=None
[2023-06-05T11:26:11.724+0000] {processor.py:176} INFO - Processing /home/airflow/.local/lib/python3.7/site-packages/airflow/example_dags/example_subdag_operator.py took 0.188 seconds
[2023-06-05T12:47:18.669+0000] {processor.py:154} INFO - Started process (PID=853) to work on /home/airflow/.local/lib/python3.7/site-packages/airflow/example_dags/example_subdag_operator.py
[2023-06-05T12:47:18.670+0000] {processor.py:756} INFO - Processing file /home/airflow/.local/lib/python3.7/site-packages/airflow/example_dags/example_subdag_operator.py for tasks to queue
[2023-06-05T12:47:18.671+0000] {logging_mixin.py:120} INFO - [2023-06-05T12:47:18.671+0000] {dagbag.py:537} INFO - Filling up the DagBag from /home/airflow/.local/lib/python3.7/site-packages/airflow/example_dags/example_subdag_operator.py
[2023-06-05T12:47:18.709+0000] {processor.py:766} INFO - DAG(s) dict_keys(['example_subdag_operator.section-1', 'example_subdag_operator.section-2', 'example_subdag_operator']) retrieved from /home/airflow/.local/lib/python3.7/site-packages/airflow/example_dags/example_subdag_operator.py
[2023-06-05T12:47:18.825+0000] {logging_mixin.py:120} INFO - [2023-06-05T12:47:18.825+0000] {dag.py:2585} INFO - Sync 3 DAGs
[2023-06-05T12:47:18.848+0000] {logging_mixin.py:120} INFO - [2023-06-05T12:47:18.848+0000] {dag.py:3340} INFO - Setting next_dagrun for example_subdag_operator to 2022-01-01T00:00:00+00:00, run_after=2022-01-01T00:00:00+00:00
[2023-06-05T12:47:18.850+0000] {logging_mixin.py:120} INFO - [2023-06-05T12:47:18.850+0000] {dag.py:3340} INFO - Setting next_dagrun for example_subdag_operator.section-1 to None, run_after=None
[2023-06-05T12:47:18.852+0000] {logging_mixin.py:120} INFO - [2023-06-05T12:47:18.851+0000] {dag.py:3340} INFO - Setting next_dagrun for example_subdag_operator.section-2 to None, run_after=None
[2023-06-05T12:47:18.857+0000] {logging_mixin.py:120} INFO - [2023-06-05T12:47:18.857+0000] {dag.py:2585} INFO - Sync 2 DAGs
[2023-06-05T12:47:18.861+0000] {logging_mixin.py:120} INFO - [2023-06-05T12:47:18.860+0000] {dag.py:3340} INFO - Setting next_dagrun for example_subdag_operator.section-1 to None, run_after=None
[2023-06-05T12:47:18.862+0000] {logging_mixin.py:120} INFO - [2023-06-05T12:47:18.861+0000] {dag.py:3340} INFO - Setting next_dagrun for example_subdag_operator.section-2 to None, run_after=None
[2023-06-05T12:47:18.868+0000] {processor.py:176} INFO - Processing /home/airflow/.local/lib/python3.7/site-packages/airflow/example_dags/example_subdag_operator.py took 0.203 seconds
[2023-06-05T13:45:33.659+0000] {processor.py:154} INFO - Started process (PID=916) to work on /home/airflow/.local/lib/python3.7/site-packages/airflow/example_dags/example_subdag_operator.py
[2023-06-05T13:45:33.660+0000] {processor.py:756} INFO - Processing file /home/airflow/.local/lib/python3.7/site-packages/airflow/example_dags/example_subdag_operator.py for tasks to queue
[2023-06-05T13:45:33.665+0000] {logging_mixin.py:120} INFO - [2023-06-05T13:45:33.665+0000] {dagbag.py:537} INFO - Filling up the DagBag from /home/airflow/.local/lib/python3.7/site-packages/airflow/example_dags/example_subdag_operator.py
[2023-06-05T13:45:33.695+0000] {processor.py:766} INFO - DAG(s) dict_keys(['example_subdag_operator.section-1', 'example_subdag_operator.section-2', 'example_subdag_operator']) retrieved from /home/airflow/.local/lib/python3.7/site-packages/airflow/example_dags/example_subdag_operator.py
[2023-06-05T13:45:33.805+0000] {logging_mixin.py:120} INFO - [2023-06-05T13:45:33.805+0000] {dag.py:2585} INFO - Sync 3 DAGs
[2023-06-05T13:45:33.824+0000] {logging_mixin.py:120} INFO - [2023-06-05T13:45:33.823+0000] {dag.py:3340} INFO - Setting next_dagrun for example_subdag_operator to 2022-01-01T00:00:00+00:00, run_after=2022-01-01T00:00:00+00:00
[2023-06-05T13:45:33.827+0000] {logging_mixin.py:120} INFO - [2023-06-05T13:45:33.827+0000] {dag.py:3340} INFO - Setting next_dagrun for example_subdag_operator.section-1 to None, run_after=None
[2023-06-05T13:45:33.828+0000] {logging_mixin.py:120} INFO - [2023-06-05T13:45:33.828+0000] {dag.py:3340} INFO - Setting next_dagrun for example_subdag_operator.section-2 to None, run_after=None
[2023-06-05T13:45:33.834+0000] {logging_mixin.py:120} INFO - [2023-06-05T13:45:33.834+0000] {dag.py:2585} INFO - Sync 2 DAGs
[2023-06-05T13:45:33.838+0000] {logging_mixin.py:120} INFO - [2023-06-05T13:45:33.838+0000] {dag.py:3340} INFO - Setting next_dagrun for example_subdag_operator.section-1 to None, run_after=None
[2023-06-05T13:45:33.841+0000] {logging_mixin.py:120} INFO - [2023-06-05T13:45:33.841+0000] {dag.py:3340} INFO - Setting next_dagrun for example_subdag_operator.section-2 to None, run_after=None
[2023-06-05T13:45:33.855+0000] {processor.py:176} INFO - Processing /home/airflow/.local/lib/python3.7/site-packages/airflow/example_dags/example_subdag_operator.py took 0.200 seconds
[2023-06-05T14:52:55.557+0000] {processor.py:154} INFO - Started process (PID=971) to work on /home/airflow/.local/lib/python3.7/site-packages/airflow/example_dags/example_subdag_operator.py
[2023-06-05T14:52:55.560+0000] {processor.py:756} INFO - Processing file /home/airflow/.local/lib/python3.7/site-packages/airflow/example_dags/example_subdag_operator.py for tasks to queue
[2023-06-05T14:52:55.562+0000] {logging_mixin.py:120} INFO - [2023-06-05T14:52:55.562+0000] {dagbag.py:537} INFO - Filling up the DagBag from /home/airflow/.local/lib/python3.7/site-packages/airflow/example_dags/example_subdag_operator.py
[2023-06-05T14:52:55.596+0000] {processor.py:766} INFO - DAG(s) dict_keys(['example_subdag_operator.section-1', 'example_subdag_operator.section-2', 'example_subdag_operator']) retrieved from /home/airflow/.local/lib/python3.7/site-packages/airflow/example_dags/example_subdag_operator.py
[2023-06-05T14:52:55.753+0000] {logging_mixin.py:120} INFO - [2023-06-05T14:52:55.753+0000] {dag.py:2585} INFO - Sync 3 DAGs
[2023-06-05T14:52:55.776+0000] {logging_mixin.py:120} INFO - [2023-06-05T14:52:55.776+0000] {dag.py:3340} INFO - Setting next_dagrun for example_subdag_operator to 2022-01-01T00:00:00+00:00, run_after=2022-01-01T00:00:00+00:00
[2023-06-05T14:52:55.779+0000] {logging_mixin.py:120} INFO - [2023-06-05T14:52:55.778+0000] {dag.py:3340} INFO - Setting next_dagrun for example_subdag_operator.section-1 to None, run_after=None
[2023-06-05T14:52:55.780+0000] {logging_mixin.py:120} INFO - [2023-06-05T14:52:55.780+0000] {dag.py:3340} INFO - Setting next_dagrun for example_subdag_operator.section-2 to None, run_after=None
[2023-06-05T14:52:55.786+0000] {logging_mixin.py:120} INFO - [2023-06-05T14:52:55.785+0000] {dag.py:2585} INFO - Sync 2 DAGs
[2023-06-05T14:52:55.789+0000] {logging_mixin.py:120} INFO - [2023-06-05T14:52:55.789+0000] {dag.py:3340} INFO - Setting next_dagrun for example_subdag_operator.section-1 to None, run_after=None
[2023-06-05T14:52:55.790+0000] {logging_mixin.py:120} INFO - [2023-06-05T14:52:55.790+0000] {dag.py:3340} INFO - Setting next_dagrun for example_subdag_operator.section-2 to None, run_after=None
[2023-06-05T14:52:55.799+0000] {processor.py:176} INFO - Processing /home/airflow/.local/lib/python3.7/site-packages/airflow/example_dags/example_subdag_operator.py took 0.245 seconds
