[2023-06-05T08:57:01.469+0000] {processor.py:154} INFO - Started process (PID=41) to work on /home/airflow/.local/lib/python3.7/site-packages/airflow/example_dags/example_branch_day_of_week_operator.py
[2023-06-05T08:57:01.477+0000] {processor.py:756} INFO - Processing file /home/airflow/.local/lib/python3.7/site-packages/airflow/example_dags/example_branch_day_of_week_operator.py for tasks to queue
[2023-06-05T08:57:01.479+0000] {logging_mixin.py:120} INFO - [2023-06-05T08:57:01.479+0000] {dagbag.py:537} INFO - Filling up the DagBag from /home/airflow/.local/lib/python3.7/site-packages/airflow/example_dags/example_branch_day_of_week_operator.py
[2023-06-05T08:57:01.517+0000] {processor.py:766} INFO - DAG(s) dict_keys(['example_weekday_branch_operator']) retrieved from /home/airflow/.local/lib/python3.7/site-packages/airflow/example_dags/example_branch_day_of_week_operator.py
[2023-06-05T08:57:01.616+0000] {logging_mixin.py:120} INFO - [2023-06-05T08:57:01.616+0000] {dag.py:2585} INFO - Sync 1 DAGs
[2023-06-05T08:57:01.658+0000] {logging_mixin.py:120} INFO - [2023-06-05T08:57:01.657+0000] {dag.py:3340} INFO - Setting next_dagrun for example_weekday_branch_operator to 2023-06-04T00:00:00+00:00, run_after=2023-06-05T00:00:00+00:00
[2023-06-05T08:57:01.751+0000] {processor.py:176} INFO - Processing /home/airflow/.local/lib/python3.7/site-packages/airflow/example_dags/example_branch_day_of_week_operator.py took 0.285 seconds
[2023-06-05T08:57:31.880+0000] {processor.py:154} INFO - Started process (PID=113) to work on /home/airflow/.local/lib/python3.7/site-packages/airflow/example_dags/example_branch_day_of_week_operator.py
[2023-06-05T08:57:31.881+0000] {processor.py:756} INFO - Processing file /home/airflow/.local/lib/python3.7/site-packages/airflow/example_dags/example_branch_day_of_week_operator.py for tasks to queue
[2023-06-05T08:57:31.882+0000] {logging_mixin.py:120} INFO - [2023-06-05T08:57:31.882+0000] {dagbag.py:537} INFO - Filling up the DagBag from /home/airflow/.local/lib/python3.7/site-packages/airflow/example_dags/example_branch_day_of_week_operator.py
[2023-06-05T08:57:31.896+0000] {processor.py:766} INFO - DAG(s) dict_keys(['example_weekday_branch_operator']) retrieved from /home/airflow/.local/lib/python3.7/site-packages/airflow/example_dags/example_branch_day_of_week_operator.py
[2023-06-05T08:57:31.925+0000] {logging_mixin.py:120} INFO - [2023-06-05T08:57:31.924+0000] {dag.py:2585} INFO - Sync 1 DAGs
[2023-06-05T08:57:31.939+0000] {logging_mixin.py:120} INFO - [2023-06-05T08:57:31.939+0000] {dag.py:3340} INFO - Setting next_dagrun for example_weekday_branch_operator to 2023-06-04T00:00:00+00:00, run_after=2023-06-05T00:00:00+00:00
[2023-06-05T08:57:31.949+0000] {processor.py:176} INFO - Processing /home/airflow/.local/lib/python3.7/site-packages/airflow/example_dags/example_branch_day_of_week_operator.py took 0.073 seconds
[2023-06-05T08:58:02.345+0000] {processor.py:154} INFO - Started process (PID=177) to work on /home/airflow/.local/lib/python3.7/site-packages/airflow/example_dags/example_branch_day_of_week_operator.py
[2023-06-05T08:58:02.347+0000] {processor.py:756} INFO - Processing file /home/airflow/.local/lib/python3.7/site-packages/airflow/example_dags/example_branch_day_of_week_operator.py for tasks to queue
[2023-06-05T08:58:02.348+0000] {logging_mixin.py:120} INFO - [2023-06-05T08:58:02.347+0000] {dagbag.py:537} INFO - Filling up the DagBag from /home/airflow/.local/lib/python3.7/site-packages/airflow/example_dags/example_branch_day_of_week_operator.py
[2023-06-05T08:58:02.359+0000] {processor.py:766} INFO - DAG(s) dict_keys(['example_weekday_branch_operator']) retrieved from /home/airflow/.local/lib/python3.7/site-packages/airflow/example_dags/example_branch_day_of_week_operator.py
[2023-06-05T08:58:02.396+0000] {logging_mixin.py:120} INFO - [2023-06-05T08:58:02.396+0000] {dag.py:2585} INFO - Sync 1 DAGs
[2023-06-05T08:58:02.413+0000] {logging_mixin.py:120} INFO - [2023-06-05T08:58:02.413+0000] {dag.py:3340} INFO - Setting next_dagrun for example_weekday_branch_operator to 2023-06-04T00:00:00+00:00, run_after=2023-06-05T00:00:00+00:00
[2023-06-05T08:58:02.427+0000] {processor.py:176} INFO - Processing /home/airflow/.local/lib/python3.7/site-packages/airflow/example_dags/example_branch_day_of_week_operator.py took 0.085 seconds
[2023-06-05T08:58:32.931+0000] {processor.py:154} INFO - Started process (PID=241) to work on /home/airflow/.local/lib/python3.7/site-packages/airflow/example_dags/example_branch_day_of_week_operator.py
[2023-06-05T08:58:32.933+0000] {processor.py:756} INFO - Processing file /home/airflow/.local/lib/python3.7/site-packages/airflow/example_dags/example_branch_day_of_week_operator.py for tasks to queue
[2023-06-05T08:58:32.936+0000] {logging_mixin.py:120} INFO - [2023-06-05T08:58:32.936+0000] {dagbag.py:537} INFO - Filling up the DagBag from /home/airflow/.local/lib/python3.7/site-packages/airflow/example_dags/example_branch_day_of_week_operator.py
[2023-06-05T08:58:32.951+0000] {processor.py:766} INFO - DAG(s) dict_keys(['example_weekday_branch_operator']) retrieved from /home/airflow/.local/lib/python3.7/site-packages/airflow/example_dags/example_branch_day_of_week_operator.py
[2023-06-05T08:58:32.995+0000] {logging_mixin.py:120} INFO - [2023-06-05T08:58:32.994+0000] {dag.py:2585} INFO - Sync 1 DAGs
[2023-06-05T08:58:33.012+0000] {logging_mixin.py:120} INFO - [2023-06-05T08:58:33.012+0000] {dag.py:3340} INFO - Setting next_dagrun for example_weekday_branch_operator to 2023-06-04T00:00:00+00:00, run_after=2023-06-05T00:00:00+00:00
[2023-06-05T08:58:33.025+0000] {processor.py:176} INFO - Processing /home/airflow/.local/lib/python3.7/site-packages/airflow/example_dags/example_branch_day_of_week_operator.py took 0.097 seconds
[2023-06-05T08:59:03.977+0000] {processor.py:154} INFO - Started process (PID=303) to work on /home/airflow/.local/lib/python3.7/site-packages/airflow/example_dags/example_branch_day_of_week_operator.py
[2023-06-05T08:59:03.978+0000] {processor.py:756} INFO - Processing file /home/airflow/.local/lib/python3.7/site-packages/airflow/example_dags/example_branch_day_of_week_operator.py for tasks to queue
[2023-06-05T08:59:03.979+0000] {logging_mixin.py:120} INFO - [2023-06-05T08:59:03.979+0000] {dagbag.py:537} INFO - Filling up the DagBag from /home/airflow/.local/lib/python3.7/site-packages/airflow/example_dags/example_branch_day_of_week_operator.py
[2023-06-05T08:59:04.009+0000] {processor.py:766} INFO - DAG(s) dict_keys(['example_weekday_branch_operator']) retrieved from /home/airflow/.local/lib/python3.7/site-packages/airflow/example_dags/example_branch_day_of_week_operator.py
[2023-06-05T08:59:04.116+0000] {logging_mixin.py:120} INFO - [2023-06-05T08:59:04.116+0000] {dag.py:2585} INFO - Sync 1 DAGs
[2023-06-05T08:59:04.175+0000] {logging_mixin.py:120} INFO - [2023-06-05T08:59:04.175+0000] {dag.py:3340} INFO - Setting next_dagrun for example_weekday_branch_operator to 2023-06-04T00:00:00+00:00, run_after=2023-06-05T00:00:00+00:00
[2023-06-05T08:59:04.211+0000] {processor.py:176} INFO - Processing /home/airflow/.local/lib/python3.7/site-packages/airflow/example_dags/example_branch_day_of_week_operator.py took 0.240 seconds
[2023-06-05T08:59:35.094+0000] {processor.py:154} INFO - Started process (PID=358) to work on /home/airflow/.local/lib/python3.7/site-packages/airflow/example_dags/example_branch_day_of_week_operator.py
[2023-06-05T08:59:35.095+0000] {processor.py:756} INFO - Processing file /home/airflow/.local/lib/python3.7/site-packages/airflow/example_dags/example_branch_day_of_week_operator.py for tasks to queue
[2023-06-05T08:59:35.096+0000] {logging_mixin.py:120} INFO - [2023-06-05T08:59:35.096+0000] {dagbag.py:537} INFO - Filling up the DagBag from /home/airflow/.local/lib/python3.7/site-packages/airflow/example_dags/example_branch_day_of_week_operator.py
[2023-06-05T08:59:35.113+0000] {processor.py:766} INFO - DAG(s) dict_keys(['example_weekday_branch_operator']) retrieved from /home/airflow/.local/lib/python3.7/site-packages/airflow/example_dags/example_branch_day_of_week_operator.py
[2023-06-05T08:59:35.170+0000] {logging_mixin.py:120} INFO - [2023-06-05T08:59:35.170+0000] {dag.py:2585} INFO - Sync 1 DAGs
[2023-06-05T08:59:35.191+0000] {logging_mixin.py:120} INFO - [2023-06-05T08:59:35.190+0000] {dag.py:3340} INFO - Setting next_dagrun for example_weekday_branch_operator to 2023-06-04T00:00:00+00:00, run_after=2023-06-05T00:00:00+00:00
[2023-06-05T08:59:35.206+0000] {processor.py:176} INFO - Processing /home/airflow/.local/lib/python3.7/site-packages/airflow/example_dags/example_branch_day_of_week_operator.py took 0.116 seconds
[2023-06-05T09:00:05.406+0000] {processor.py:154} INFO - Started process (PID=421) to work on /home/airflow/.local/lib/python3.7/site-packages/airflow/example_dags/example_branch_day_of_week_operator.py
[2023-06-05T09:00:05.408+0000] {processor.py:756} INFO - Processing file /home/airflow/.local/lib/python3.7/site-packages/airflow/example_dags/example_branch_day_of_week_operator.py for tasks to queue
[2023-06-05T09:00:05.409+0000] {logging_mixin.py:120} INFO - [2023-06-05T09:00:05.409+0000] {dagbag.py:537} INFO - Filling up the DagBag from /home/airflow/.local/lib/python3.7/site-packages/airflow/example_dags/example_branch_day_of_week_operator.py
[2023-06-05T09:00:05.432+0000] {processor.py:766} INFO - DAG(s) dict_keys(['example_weekday_branch_operator']) retrieved from /home/airflow/.local/lib/python3.7/site-packages/airflow/example_dags/example_branch_day_of_week_operator.py
[2023-06-05T09:00:05.483+0000] {logging_mixin.py:120} INFO - [2023-06-05T09:00:05.482+0000] {dag.py:2585} INFO - Sync 1 DAGs
[2023-06-05T09:00:05.508+0000] {logging_mixin.py:120} INFO - [2023-06-05T09:00:05.508+0000] {dag.py:3340} INFO - Setting next_dagrun for example_weekday_branch_operator to 2023-06-04T00:00:00+00:00, run_after=2023-06-05T00:00:00+00:00
[2023-06-05T09:00:05.528+0000] {processor.py:176} INFO - Processing /home/airflow/.local/lib/python3.7/site-packages/airflow/example_dags/example_branch_day_of_week_operator.py took 0.126 seconds
[2023-06-05T09:00:35.817+0000] {processor.py:154} INFO - Started process (PID=476) to work on /home/airflow/.local/lib/python3.7/site-packages/airflow/example_dags/example_branch_day_of_week_operator.py
[2023-06-05T09:00:35.822+0000] {processor.py:756} INFO - Processing file /home/airflow/.local/lib/python3.7/site-packages/airflow/example_dags/example_branch_day_of_week_operator.py for tasks to queue
[2023-06-05T09:00:35.824+0000] {logging_mixin.py:120} INFO - [2023-06-05T09:00:35.823+0000] {dagbag.py:537} INFO - Filling up the DagBag from /home/airflow/.local/lib/python3.7/site-packages/airflow/example_dags/example_branch_day_of_week_operator.py
[2023-06-05T09:00:35.856+0000] {processor.py:766} INFO - DAG(s) dict_keys(['example_weekday_branch_operator']) retrieved from /home/airflow/.local/lib/python3.7/site-packages/airflow/example_dags/example_branch_day_of_week_operator.py
[2023-06-05T09:00:35.988+0000] {logging_mixin.py:120} INFO - [2023-06-05T09:00:35.987+0000] {dag.py:2585} INFO - Sync 1 DAGs
[2023-06-05T09:00:36.017+0000] {logging_mixin.py:120} INFO - [2023-06-05T09:00:36.017+0000] {dag.py:3340} INFO - Setting next_dagrun for example_weekday_branch_operator to 2023-06-04T00:00:00+00:00, run_after=2023-06-05T00:00:00+00:00
[2023-06-05T09:00:36.073+0000] {processor.py:176} INFO - Processing /home/airflow/.local/lib/python3.7/site-packages/airflow/example_dags/example_branch_day_of_week_operator.py took 0.265 seconds
[2023-06-05T09:01:07.079+0000] {processor.py:154} INFO - Started process (PID=540) to work on /home/airflow/.local/lib/python3.7/site-packages/airflow/example_dags/example_branch_day_of_week_operator.py
[2023-06-05T09:01:07.086+0000] {processor.py:756} INFO - Processing file /home/airflow/.local/lib/python3.7/site-packages/airflow/example_dags/example_branch_day_of_week_operator.py for tasks to queue
[2023-06-05T09:01:07.093+0000] {logging_mixin.py:120} INFO - [2023-06-05T09:01:07.093+0000] {dagbag.py:537} INFO - Filling up the DagBag from /home/airflow/.local/lib/python3.7/site-packages/airflow/example_dags/example_branch_day_of_week_operator.py
[2023-06-05T09:01:07.190+0000] {processor.py:766} INFO - DAG(s) dict_keys(['example_weekday_branch_operator']) retrieved from /home/airflow/.local/lib/python3.7/site-packages/airflow/example_dags/example_branch_day_of_week_operator.py
[2023-06-05T09:01:07.249+0000] {logging_mixin.py:120} INFO - [2023-06-05T09:01:07.249+0000] {dag.py:2585} INFO - Sync 1 DAGs
[2023-06-05T09:01:07.320+0000] {logging_mixin.py:120} INFO - [2023-06-05T09:01:07.320+0000] {dag.py:3340} INFO - Setting next_dagrun for example_weekday_branch_operator to 2023-06-04T00:00:00+00:00, run_after=2023-06-05T00:00:00+00:00
[2023-06-05T09:01:07.351+0000] {processor.py:176} INFO - Processing /home/airflow/.local/lib/python3.7/site-packages/airflow/example_dags/example_branch_day_of_week_operator.py took 0.315 seconds
[2023-06-05T09:01:37.628+0000] {processor.py:154} INFO - Started process (PID=602) to work on /home/airflow/.local/lib/python3.7/site-packages/airflow/example_dags/example_branch_day_of_week_operator.py
[2023-06-05T09:01:37.631+0000] {processor.py:756} INFO - Processing file /home/airflow/.local/lib/python3.7/site-packages/airflow/example_dags/example_branch_day_of_week_operator.py for tasks to queue
[2023-06-05T09:01:37.633+0000] {logging_mixin.py:120} INFO - [2023-06-05T09:01:37.633+0000] {dagbag.py:537} INFO - Filling up the DagBag from /home/airflow/.local/lib/python3.7/site-packages/airflow/example_dags/example_branch_day_of_week_operator.py
[2023-06-05T09:01:37.679+0000] {processor.py:766} INFO - DAG(s) dict_keys(['example_weekday_branch_operator']) retrieved from /home/airflow/.local/lib/python3.7/site-packages/airflow/example_dags/example_branch_day_of_week_operator.py
[2023-06-05T09:01:37.749+0000] {logging_mixin.py:120} INFO - [2023-06-05T09:01:37.748+0000] {dag.py:2585} INFO - Sync 1 DAGs
[2023-06-05T09:01:37.804+0000] {logging_mixin.py:120} INFO - [2023-06-05T09:01:37.804+0000] {dag.py:3340} INFO - Setting next_dagrun for example_weekday_branch_operator to 2023-06-04T00:00:00+00:00, run_after=2023-06-05T00:00:00+00:00
[2023-06-05T09:01:37.831+0000] {processor.py:176} INFO - Processing /home/airflow/.local/lib/python3.7/site-packages/airflow/example_dags/example_branch_day_of_week_operator.py took 0.211 seconds
[2023-06-05T09:02:08.596+0000] {processor.py:154} INFO - Started process (PID=666) to work on /home/airflow/.local/lib/python3.7/site-packages/airflow/example_dags/example_branch_day_of_week_operator.py
[2023-06-05T09:02:08.598+0000] {processor.py:756} INFO - Processing file /home/airflow/.local/lib/python3.7/site-packages/airflow/example_dags/example_branch_day_of_week_operator.py for tasks to queue
[2023-06-05T09:02:08.599+0000] {logging_mixin.py:120} INFO - [2023-06-05T09:02:08.599+0000] {dagbag.py:537} INFO - Filling up the DagBag from /home/airflow/.local/lib/python3.7/site-packages/airflow/example_dags/example_branch_day_of_week_operator.py
[2023-06-05T09:02:08.621+0000] {processor.py:766} INFO - DAG(s) dict_keys(['example_weekday_branch_operator']) retrieved from /home/airflow/.local/lib/python3.7/site-packages/airflow/example_dags/example_branch_day_of_week_operator.py
[2023-06-05T09:02:08.660+0000] {logging_mixin.py:120} INFO - [2023-06-05T09:02:08.660+0000] {dag.py:2585} INFO - Sync 1 DAGs
[2023-06-05T09:02:08.676+0000] {logging_mixin.py:120} INFO - [2023-06-05T09:02:08.676+0000] {dag.py:3340} INFO - Setting next_dagrun for example_weekday_branch_operator to 2023-06-04T00:00:00+00:00, run_after=2023-06-05T00:00:00+00:00
[2023-06-05T09:02:08.687+0000] {processor.py:176} INFO - Processing /home/airflow/.local/lib/python3.7/site-packages/airflow/example_dags/example_branch_day_of_week_operator.py took 0.095 seconds
[2023-06-05T10:02:19.360+0000] {processor.py:154} INFO - Started process (PID=712) to work on /home/airflow/.local/lib/python3.7/site-packages/airflow/example_dags/example_branch_day_of_week_operator.py
[2023-06-05T10:02:19.363+0000] {processor.py:756} INFO - Processing file /home/airflow/.local/lib/python3.7/site-packages/airflow/example_dags/example_branch_day_of_week_operator.py for tasks to queue
[2023-06-05T10:02:19.365+0000] {logging_mixin.py:120} INFO - [2023-06-05T10:02:19.365+0000] {dagbag.py:537} INFO - Filling up the DagBag from /home/airflow/.local/lib/python3.7/site-packages/airflow/example_dags/example_branch_day_of_week_operator.py
[2023-06-05T10:02:19.401+0000] {processor.py:766} INFO - DAG(s) dict_keys(['example_weekday_branch_operator']) retrieved from /home/airflow/.local/lib/python3.7/site-packages/airflow/example_dags/example_branch_day_of_week_operator.py
[2023-06-05T10:02:19.530+0000] {logging_mixin.py:120} INFO - [2023-06-05T10:02:19.530+0000] {dag.py:2585} INFO - Sync 1 DAGs
[2023-06-05T10:02:19.643+0000] {logging_mixin.py:120} INFO - [2023-06-05T10:02:19.635+0000] {dag.py:3340} INFO - Setting next_dagrun for example_weekday_branch_operator to 2023-06-04T00:00:00+00:00, run_after=2023-06-05T00:00:00+00:00
[2023-06-05T10:02:19.679+0000] {processor.py:176} INFO - Processing /home/airflow/.local/lib/python3.7/site-packages/airflow/example_dags/example_branch_day_of_week_operator.py took 0.324 seconds
[2023-06-05T11:26:09.985+0000] {processor.py:154} INFO - Started process (PID=775) to work on /home/airflow/.local/lib/python3.7/site-packages/airflow/example_dags/example_branch_day_of_week_operator.py
[2023-06-05T11:26:09.986+0000] {processor.py:756} INFO - Processing file /home/airflow/.local/lib/python3.7/site-packages/airflow/example_dags/example_branch_day_of_week_operator.py for tasks to queue
[2023-06-05T11:26:09.987+0000] {logging_mixin.py:120} INFO - [2023-06-05T11:26:09.987+0000] {dagbag.py:537} INFO - Filling up the DagBag from /home/airflow/.local/lib/python3.7/site-packages/airflow/example_dags/example_branch_day_of_week_operator.py
[2023-06-05T11:26:10.013+0000] {processor.py:766} INFO - DAG(s) dict_keys(['example_weekday_branch_operator']) retrieved from /home/airflow/.local/lib/python3.7/site-packages/airflow/example_dags/example_branch_day_of_week_operator.py
[2023-06-05T11:26:10.082+0000] {logging_mixin.py:120} INFO - [2023-06-05T11:26:10.082+0000] {dag.py:2585} INFO - Sync 1 DAGs
[2023-06-05T11:26:10.163+0000] {logging_mixin.py:120} INFO - [2023-06-05T11:26:10.163+0000] {dag.py:3340} INFO - Setting next_dagrun for example_weekday_branch_operator to 2023-06-04T00:00:00+00:00, run_after=2023-06-05T00:00:00+00:00
[2023-06-05T11:26:10.183+0000] {processor.py:176} INFO - Processing /home/airflow/.local/lib/python3.7/site-packages/airflow/example_dags/example_branch_day_of_week_operator.py took 0.201 seconds
[2023-06-05T12:47:16.943+0000] {processor.py:154} INFO - Started process (PID=839) to work on /home/airflow/.local/lib/python3.7/site-packages/airflow/example_dags/example_branch_day_of_week_operator.py
[2023-06-05T12:47:16.947+0000] {processor.py:756} INFO - Processing file /home/airflow/.local/lib/python3.7/site-packages/airflow/example_dags/example_branch_day_of_week_operator.py for tasks to queue
[2023-06-05T12:47:16.948+0000] {logging_mixin.py:120} INFO - [2023-06-05T12:47:16.948+0000] {dagbag.py:537} INFO - Filling up the DagBag from /home/airflow/.local/lib/python3.7/site-packages/airflow/example_dags/example_branch_day_of_week_operator.py
[2023-06-05T12:47:16.994+0000] {processor.py:766} INFO - DAG(s) dict_keys(['example_weekday_branch_operator']) retrieved from /home/airflow/.local/lib/python3.7/site-packages/airflow/example_dags/example_branch_day_of_week_operator.py
[2023-06-05T12:47:17.088+0000] {logging_mixin.py:120} INFO - [2023-06-05T12:47:17.087+0000] {dag.py:2585} INFO - Sync 1 DAGs
[2023-06-05T12:47:17.137+0000] {logging_mixin.py:120} INFO - [2023-06-05T12:47:17.137+0000] {dag.py:3340} INFO - Setting next_dagrun for example_weekday_branch_operator to 2023-06-04T00:00:00+00:00, run_after=2023-06-05T00:00:00+00:00
[2023-06-05T12:47:17.174+0000] {processor.py:176} INFO - Processing /home/airflow/.local/lib/python3.7/site-packages/airflow/example_dags/example_branch_day_of_week_operator.py took 0.242 seconds
[2023-06-05T13:45:32.291+0000] {processor.py:154} INFO - Started process (PID=902) to work on /home/airflow/.local/lib/python3.7/site-packages/airflow/example_dags/example_branch_day_of_week_operator.py
[2023-06-05T13:45:32.293+0000] {processor.py:756} INFO - Processing file /home/airflow/.local/lib/python3.7/site-packages/airflow/example_dags/example_branch_day_of_week_operator.py for tasks to queue
[2023-06-05T13:45:32.294+0000] {logging_mixin.py:120} INFO - [2023-06-05T13:45:32.294+0000] {dagbag.py:537} INFO - Filling up the DagBag from /home/airflow/.local/lib/python3.7/site-packages/airflow/example_dags/example_branch_day_of_week_operator.py
[2023-06-05T13:45:32.330+0000] {processor.py:766} INFO - DAG(s) dict_keys(['example_weekday_branch_operator']) retrieved from /home/airflow/.local/lib/python3.7/site-packages/airflow/example_dags/example_branch_day_of_week_operator.py
[2023-06-05T13:45:32.422+0000] {logging_mixin.py:120} INFO - [2023-06-05T13:45:32.421+0000] {dag.py:2585} INFO - Sync 1 DAGs
[2023-06-05T13:45:32.456+0000] {logging_mixin.py:120} INFO - [2023-06-05T13:45:32.456+0000] {dag.py:3340} INFO - Setting next_dagrun for example_weekday_branch_operator to 2023-06-04T00:00:00+00:00, run_after=2023-06-05T00:00:00+00:00
[2023-06-05T13:45:32.492+0000] {processor.py:176} INFO - Processing /home/airflow/.local/lib/python3.7/site-packages/airflow/example_dags/example_branch_day_of_week_operator.py took 0.207 seconds
[2023-06-05T14:52:53.339+0000] {processor.py:154} INFO - Started process (PID=957) to work on /home/airflow/.local/lib/python3.7/site-packages/airflow/example_dags/example_branch_day_of_week_operator.py
[2023-06-05T14:52:53.343+0000] {processor.py:756} INFO - Processing file /home/airflow/.local/lib/python3.7/site-packages/airflow/example_dags/example_branch_day_of_week_operator.py for tasks to queue
[2023-06-05T14:52:53.345+0000] {logging_mixin.py:120} INFO - [2023-06-05T14:52:53.344+0000] {dagbag.py:537} INFO - Filling up the DagBag from /home/airflow/.local/lib/python3.7/site-packages/airflow/example_dags/example_branch_day_of_week_operator.py
[2023-06-05T14:52:53.377+0000] {processor.py:766} INFO - DAG(s) dict_keys(['example_weekday_branch_operator']) retrieved from /home/airflow/.local/lib/python3.7/site-packages/airflow/example_dags/example_branch_day_of_week_operator.py
[2023-06-05T14:52:53.477+0000] {logging_mixin.py:120} INFO - [2023-06-05T14:52:53.477+0000] {dag.py:2585} INFO - Sync 1 DAGs
[2023-06-05T14:52:53.525+0000] {logging_mixin.py:120} INFO - [2023-06-05T14:52:53.525+0000] {dag.py:3340} INFO - Setting next_dagrun for example_weekday_branch_operator to 2023-06-04T00:00:00+00:00, run_after=2023-06-05T00:00:00+00:00
[2023-06-05T14:52:53.554+0000] {processor.py:176} INFO - Processing /home/airflow/.local/lib/python3.7/site-packages/airflow/example_dags/example_branch_day_of_week_operator.py took 0.221 seconds
