[2023-06-05T08:57:07.964+0000] {processor.py:154} INFO - Started process (PID=82) to work on /home/airflow/.local/lib/python3.7/site-packages/airflow/example_dags/example_short_circuit_decorator.py
[2023-06-05T08:57:07.965+0000] {processor.py:756} INFO - Processing file /home/airflow/.local/lib/python3.7/site-packages/airflow/example_dags/example_short_circuit_decorator.py for tasks to queue
[2023-06-05T08:57:07.966+0000] {logging_mixin.py:120} INFO - [2023-06-05T08:57:07.966+0000] {dagbag.py:537} INFO - Filling up the DagBag from /home/airflow/.local/lib/python3.7/site-packages/airflow/example_dags/example_short_circuit_decorator.py
[2023-06-05T08:57:07.996+0000] {processor.py:766} INFO - DAG(s) dict_keys(['example_short_circuit_decorator']) retrieved from /home/airflow/.local/lib/python3.7/site-packages/airflow/example_dags/example_short_circuit_decorator.py
[2023-06-05T08:57:08.030+0000] {logging_mixin.py:120} INFO - [2023-06-05T08:57:08.029+0000] {dag.py:2585} INFO - Sync 1 DAGs
[2023-06-05T08:57:08.047+0000] {logging_mixin.py:120} INFO - [2023-06-05T08:57:08.047+0000] {dag.py:3340} INFO - Setting next_dagrun for example_short_circuit_decorator to 2023-06-04T08:57:08.047550+00:00, run_after=2023-06-05T08:57:08.047550+00:00
[2023-06-05T08:57:08.059+0000] {processor.py:176} INFO - Processing /home/airflow/.local/lib/python3.7/site-packages/airflow/example_dags/example_short_circuit_decorator.py took 0.098 seconds
[2023-06-05T08:57:38.588+0000] {processor.py:154} INFO - Started process (PID=148) to work on /home/airflow/.local/lib/python3.7/site-packages/airflow/example_dags/example_short_circuit_decorator.py
[2023-06-05T08:57:38.591+0000] {processor.py:756} INFO - Processing file /home/airflow/.local/lib/python3.7/site-packages/airflow/example_dags/example_short_circuit_decorator.py for tasks to queue
[2023-06-05T08:57:38.592+0000] {logging_mixin.py:120} INFO - [2023-06-05T08:57:38.592+0000] {dagbag.py:537} INFO - Filling up the DagBag from /home/airflow/.local/lib/python3.7/site-packages/airflow/example_dags/example_short_circuit_decorator.py
[2023-06-05T08:57:38.611+0000] {processor.py:766} INFO - DAG(s) dict_keys(['example_short_circuit_decorator']) retrieved from /home/airflow/.local/lib/python3.7/site-packages/airflow/example_dags/example_short_circuit_decorator.py
[2023-06-05T08:57:38.640+0000] {logging_mixin.py:120} INFO - [2023-06-05T08:57:38.640+0000] {dag.py:2585} INFO - Sync 1 DAGs
[2023-06-05T08:57:38.655+0000] {logging_mixin.py:120} INFO - [2023-06-05T08:57:38.655+0000] {dag.py:3340} INFO - Setting next_dagrun for example_short_circuit_decorator to 2023-06-04T08:57:38.654998+00:00, run_after=2023-06-05T08:57:38.654998+00:00
[2023-06-05T08:57:38.667+0000] {processor.py:176} INFO - Processing /home/airflow/.local/lib/python3.7/site-packages/airflow/example_dags/example_short_circuit_decorator.py took 0.082 seconds
[2023-06-05T08:58:09.066+0000] {processor.py:154} INFO - Started process (PID=204) to work on /home/airflow/.local/lib/python3.7/site-packages/airflow/example_dags/example_short_circuit_decorator.py
[2023-06-05T08:58:09.067+0000] {processor.py:756} INFO - Processing file /home/airflow/.local/lib/python3.7/site-packages/airflow/example_dags/example_short_circuit_decorator.py for tasks to queue
[2023-06-05T08:58:09.068+0000] {logging_mixin.py:120} INFO - [2023-06-05T08:58:09.068+0000] {dagbag.py:537} INFO - Filling up the DagBag from /home/airflow/.local/lib/python3.7/site-packages/airflow/example_dags/example_short_circuit_decorator.py
[2023-06-05T08:58:09.085+0000] {processor.py:766} INFO - DAG(s) dict_keys(['example_short_circuit_decorator']) retrieved from /home/airflow/.local/lib/python3.7/site-packages/airflow/example_dags/example_short_circuit_decorator.py
[2023-06-05T08:58:09.116+0000] {logging_mixin.py:120} INFO - [2023-06-05T08:58:09.116+0000] {dag.py:2585} INFO - Sync 1 DAGs
[2023-06-05T08:58:09.134+0000] {logging_mixin.py:120} INFO - [2023-06-05T08:58:09.134+0000] {dag.py:3340} INFO - Setting next_dagrun for example_short_circuit_decorator to 2023-06-04T08:58:09.133830+00:00, run_after=2023-06-05T08:58:09.133830+00:00
[2023-06-05T08:58:09.157+0000] {processor.py:176} INFO - Processing /home/airflow/.local/lib/python3.7/site-packages/airflow/example_dags/example_short_circuit_decorator.py took 0.094 seconds
[2023-06-05T08:58:39.750+0000] {processor.py:154} INFO - Started process (PID=268) to work on /home/airflow/.local/lib/python3.7/site-packages/airflow/example_dags/example_short_circuit_decorator.py
[2023-06-05T08:58:39.752+0000] {processor.py:756} INFO - Processing file /home/airflow/.local/lib/python3.7/site-packages/airflow/example_dags/example_short_circuit_decorator.py for tasks to queue
[2023-06-05T08:58:39.752+0000] {logging_mixin.py:120} INFO - [2023-06-05T08:58:39.752+0000] {dagbag.py:537} INFO - Filling up the DagBag from /home/airflow/.local/lib/python3.7/site-packages/airflow/example_dags/example_short_circuit_decorator.py
[2023-06-05T08:58:39.770+0000] {processor.py:766} INFO - DAG(s) dict_keys(['example_short_circuit_decorator']) retrieved from /home/airflow/.local/lib/python3.7/site-packages/airflow/example_dags/example_short_circuit_decorator.py
[2023-06-05T08:58:39.803+0000] {logging_mixin.py:120} INFO - [2023-06-05T08:58:39.803+0000] {dag.py:2585} INFO - Sync 1 DAGs
[2023-06-05T08:58:39.827+0000] {logging_mixin.py:120} INFO - [2023-06-05T08:58:39.826+0000] {dag.py:3340} INFO - Setting next_dagrun for example_short_circuit_decorator to 2023-06-04T08:58:39.826587+00:00, run_after=2023-06-05T08:58:39.826587+00:00
[2023-06-05T08:58:39.854+0000] {processor.py:176} INFO - Processing /home/airflow/.local/lib/python3.7/site-packages/airflow/example_dags/example_short_circuit_decorator.py took 0.108 seconds
[2023-06-05T08:59:10.957+0000] {processor.py:154} INFO - Started process (PID=332) to work on /home/airflow/.local/lib/python3.7/site-packages/airflow/example_dags/example_short_circuit_decorator.py
[2023-06-05T08:59:10.961+0000] {processor.py:756} INFO - Processing file /home/airflow/.local/lib/python3.7/site-packages/airflow/example_dags/example_short_circuit_decorator.py for tasks to queue
[2023-06-05T08:59:10.963+0000] {logging_mixin.py:120} INFO - [2023-06-05T08:59:10.963+0000] {dagbag.py:537} INFO - Filling up the DagBag from /home/airflow/.local/lib/python3.7/site-packages/airflow/example_dags/example_short_circuit_decorator.py
[2023-06-05T08:59:10.985+0000] {processor.py:766} INFO - DAG(s) dict_keys(['example_short_circuit_decorator']) retrieved from /home/airflow/.local/lib/python3.7/site-packages/airflow/example_dags/example_short_circuit_decorator.py
[2023-06-05T08:59:11.058+0000] {logging_mixin.py:120} INFO - [2023-06-05T08:59:11.057+0000] {dag.py:2585} INFO - Sync 1 DAGs
[2023-06-05T08:59:11.097+0000] {logging_mixin.py:120} INFO - [2023-06-05T08:59:11.096+0000] {dag.py:3340} INFO - Setting next_dagrun for example_short_circuit_decorator to 2023-06-04T08:59:11.096632+00:00, run_after=2023-06-05T08:59:11.096632+00:00
[2023-06-05T08:59:11.125+0000] {processor.py:176} INFO - Processing /home/airflow/.local/lib/python3.7/site-packages/airflow/example_dags/example_short_circuit_decorator.py took 0.171 seconds
[2023-06-05T08:59:41.827+0000] {processor.py:154} INFO - Started process (PID=394) to work on /home/airflow/.local/lib/python3.7/site-packages/airflow/example_dags/example_short_circuit_decorator.py
[2023-06-05T08:59:41.829+0000] {processor.py:756} INFO - Processing file /home/airflow/.local/lib/python3.7/site-packages/airflow/example_dags/example_short_circuit_decorator.py for tasks to queue
[2023-06-05T08:59:41.830+0000] {logging_mixin.py:120} INFO - [2023-06-05T08:59:41.830+0000] {dagbag.py:537} INFO - Filling up the DagBag from /home/airflow/.local/lib/python3.7/site-packages/airflow/example_dags/example_short_circuit_decorator.py
[2023-06-05T08:59:41.884+0000] {processor.py:766} INFO - DAG(s) dict_keys(['example_short_circuit_decorator']) retrieved from /home/airflow/.local/lib/python3.7/site-packages/airflow/example_dags/example_short_circuit_decorator.py
[2023-06-05T08:59:41.958+0000] {logging_mixin.py:120} INFO - [2023-06-05T08:59:41.958+0000] {dag.py:2585} INFO - Sync 1 DAGs
[2023-06-05T08:59:42.013+0000] {logging_mixin.py:120} INFO - [2023-06-05T08:59:42.013+0000] {dag.py:3340} INFO - Setting next_dagrun for example_short_circuit_decorator to 2023-06-04T08:59:42.012839+00:00, run_after=2023-06-05T08:59:42.012839+00:00
[2023-06-05T08:59:42.036+0000] {processor.py:176} INFO - Processing /home/airflow/.local/lib/python3.7/site-packages/airflow/example_dags/example_short_circuit_decorator.py took 0.219 seconds
[2023-06-05T09:00:14.033+0000] {processor.py:154} INFO - Started process (PID=457) to work on /home/airflow/.local/lib/python3.7/site-packages/airflow/example_dags/example_short_circuit_decorator.py
[2023-06-05T09:00:14.034+0000] {processor.py:756} INFO - Processing file /home/airflow/.local/lib/python3.7/site-packages/airflow/example_dags/example_short_circuit_decorator.py for tasks to queue
[2023-06-05T09:00:14.035+0000] {logging_mixin.py:120} INFO - [2023-06-05T09:00:14.035+0000] {dagbag.py:537} INFO - Filling up the DagBag from /home/airflow/.local/lib/python3.7/site-packages/airflow/example_dags/example_short_circuit_decorator.py
[2023-06-05T09:00:14.056+0000] {processor.py:766} INFO - DAG(s) dict_keys(['example_short_circuit_decorator']) retrieved from /home/airflow/.local/lib/python3.7/site-packages/airflow/example_dags/example_short_circuit_decorator.py
[2023-06-05T09:00:14.135+0000] {logging_mixin.py:120} INFO - [2023-06-05T09:00:14.135+0000] {dag.py:2585} INFO - Sync 1 DAGs
[2023-06-05T09:00:14.226+0000] {logging_mixin.py:120} INFO - [2023-06-05T09:00:14.226+0000] {dag.py:3340} INFO - Setting next_dagrun for example_short_circuit_decorator to 2023-06-04T09:00:14.226180+00:00, run_after=2023-06-05T09:00:14.226180+00:00
[2023-06-05T09:00:14.312+0000] {processor.py:176} INFO - Processing /home/airflow/.local/lib/python3.7/site-packages/airflow/example_dags/example_short_circuit_decorator.py took 0.283 seconds
[2023-06-05T09:00:45.120+0000] {processor.py:154} INFO - Started process (PID=512) to work on /home/airflow/.local/lib/python3.7/site-packages/airflow/example_dags/example_short_circuit_decorator.py
[2023-06-05T09:00:45.122+0000] {processor.py:756} INFO - Processing file /home/airflow/.local/lib/python3.7/site-packages/airflow/example_dags/example_short_circuit_decorator.py for tasks to queue
[2023-06-05T09:00:45.122+0000] {logging_mixin.py:120} INFO - [2023-06-05T09:00:45.122+0000] {dagbag.py:537} INFO - Filling up the DagBag from /home/airflow/.local/lib/python3.7/site-packages/airflow/example_dags/example_short_circuit_decorator.py
[2023-06-05T09:00:45.139+0000] {processor.py:766} INFO - DAG(s) dict_keys(['example_short_circuit_decorator']) retrieved from /home/airflow/.local/lib/python3.7/site-packages/airflow/example_dags/example_short_circuit_decorator.py
[2023-06-05T09:00:45.168+0000] {logging_mixin.py:120} INFO - [2023-06-05T09:00:45.168+0000] {dag.py:2585} INFO - Sync 1 DAGs
[2023-06-05T09:00:45.183+0000] {logging_mixin.py:120} INFO - [2023-06-05T09:00:45.183+0000] {dag.py:3340} INFO - Setting next_dagrun for example_short_circuit_decorator to 2023-06-04T09:00:45.183211+00:00, run_after=2023-06-05T09:00:45.183211+00:00
[2023-06-05T09:00:45.195+0000] {processor.py:176} INFO - Processing /home/airflow/.local/lib/python3.7/site-packages/airflow/example_dags/example_short_circuit_decorator.py took 0.077 seconds
[2023-06-05T09:01:15.699+0000] {processor.py:154} INFO - Started process (PID=575) to work on /home/airflow/.local/lib/python3.7/site-packages/airflow/example_dags/example_short_circuit_decorator.py
[2023-06-05T09:01:15.702+0000] {processor.py:756} INFO - Processing file /home/airflow/.local/lib/python3.7/site-packages/airflow/example_dags/example_short_circuit_decorator.py for tasks to queue
[2023-06-05T09:01:15.705+0000] {logging_mixin.py:120} INFO - [2023-06-05T09:01:15.704+0000] {dagbag.py:537} INFO - Filling up the DagBag from /home/airflow/.local/lib/python3.7/site-packages/airflow/example_dags/example_short_circuit_decorator.py
[2023-06-05T09:01:15.731+0000] {processor.py:766} INFO - DAG(s) dict_keys(['example_short_circuit_decorator']) retrieved from /home/airflow/.local/lib/python3.7/site-packages/airflow/example_dags/example_short_circuit_decorator.py
[2023-06-05T09:01:15.782+0000] {logging_mixin.py:120} INFO - [2023-06-05T09:01:15.782+0000] {dag.py:2585} INFO - Sync 1 DAGs
[2023-06-05T09:01:15.828+0000] {logging_mixin.py:120} INFO - [2023-06-05T09:01:15.828+0000] {dag.py:3340} INFO - Setting next_dagrun for example_short_circuit_decorator to 2023-06-04T09:01:15.828530+00:00, run_after=2023-06-05T09:01:15.828530+00:00
[2023-06-05T09:01:15.854+0000] {processor.py:176} INFO - Processing /home/airflow/.local/lib/python3.7/site-packages/airflow/example_dags/example_short_circuit_decorator.py took 0.158 seconds
[2023-06-05T09:01:46.781+0000] {processor.py:154} INFO - Started process (PID=638) to work on /home/airflow/.local/lib/python3.7/site-packages/airflow/example_dags/example_short_circuit_decorator.py
[2023-06-05T09:01:46.787+0000] {processor.py:756} INFO - Processing file /home/airflow/.local/lib/python3.7/site-packages/airflow/example_dags/example_short_circuit_decorator.py for tasks to queue
[2023-06-05T09:01:46.788+0000] {logging_mixin.py:120} INFO - [2023-06-05T09:01:46.788+0000] {dagbag.py:537} INFO - Filling up the DagBag from /home/airflow/.local/lib/python3.7/site-packages/airflow/example_dags/example_short_circuit_decorator.py
[2023-06-05T09:01:46.848+0000] {processor.py:766} INFO - DAG(s) dict_keys(['example_short_circuit_decorator']) retrieved from /home/airflow/.local/lib/python3.7/site-packages/airflow/example_dags/example_short_circuit_decorator.py
[2023-06-05T09:01:46.923+0000] {logging_mixin.py:120} INFO - [2023-06-05T09:01:46.922+0000] {dag.py:2585} INFO - Sync 1 DAGs
[2023-06-05T09:01:46.977+0000] {logging_mixin.py:120} INFO - [2023-06-05T09:01:46.977+0000] {dag.py:3340} INFO - Setting next_dagrun for example_short_circuit_decorator to 2023-06-04T09:01:46.977162+00:00, run_after=2023-06-05T09:01:46.977162+00:00
[2023-06-05T09:01:47.011+0000] {processor.py:176} INFO - Processing /home/airflow/.local/lib/python3.7/site-packages/airflow/example_dags/example_short_circuit_decorator.py took 0.233 seconds
[2023-06-05T09:02:17.117+0000] {processor.py:154} INFO - Started process (PID=702) to work on /home/airflow/.local/lib/python3.7/site-packages/airflow/example_dags/example_short_circuit_decorator.py
[2023-06-05T09:02:17.118+0000] {processor.py:756} INFO - Processing file /home/airflow/.local/lib/python3.7/site-packages/airflow/example_dags/example_short_circuit_decorator.py for tasks to queue
[2023-06-05T09:02:17.119+0000] {logging_mixin.py:120} INFO - [2023-06-05T09:02:17.119+0000] {dagbag.py:537} INFO - Filling up the DagBag from /home/airflow/.local/lib/python3.7/site-packages/airflow/example_dags/example_short_circuit_decorator.py
[2023-06-05T09:02:17.139+0000] {processor.py:766} INFO - DAG(s) dict_keys(['example_short_circuit_decorator']) retrieved from /home/airflow/.local/lib/python3.7/site-packages/airflow/example_dags/example_short_circuit_decorator.py
[2023-06-05T09:02:17.178+0000] {logging_mixin.py:120} INFO - [2023-06-05T09:02:17.178+0000] {dag.py:2585} INFO - Sync 1 DAGs
[2023-06-05T09:02:17.217+0000] {logging_mixin.py:120} INFO - [2023-06-05T09:02:17.217+0000] {dag.py:3340} INFO - Setting next_dagrun for example_short_circuit_decorator to 2023-06-04T09:02:17.217168+00:00, run_after=2023-06-05T09:02:17.217168+00:00
[2023-06-05T09:02:17.232+0000] {processor.py:176} INFO - Processing /home/airflow/.local/lib/python3.7/site-packages/airflow/example_dags/example_short_circuit_decorator.py took 0.117 seconds
[2023-06-05T10:02:23.109+0000] {processor.py:154} INFO - Started process (PID=747) to work on /home/airflow/.local/lib/python3.7/site-packages/airflow/example_dags/example_short_circuit_decorator.py
[2023-06-05T10:02:23.110+0000] {processor.py:756} INFO - Processing file /home/airflow/.local/lib/python3.7/site-packages/airflow/example_dags/example_short_circuit_decorator.py for tasks to queue
[2023-06-05T10:02:23.111+0000] {logging_mixin.py:120} INFO - [2023-06-05T10:02:23.111+0000] {dagbag.py:537} INFO - Filling up the DagBag from /home/airflow/.local/lib/python3.7/site-packages/airflow/example_dags/example_short_circuit_decorator.py
[2023-06-05T10:02:23.128+0000] {processor.py:766} INFO - DAG(s) dict_keys(['example_short_circuit_decorator']) retrieved from /home/airflow/.local/lib/python3.7/site-packages/airflow/example_dags/example_short_circuit_decorator.py
[2023-06-05T10:02:23.162+0000] {logging_mixin.py:120} INFO - [2023-06-05T10:02:23.161+0000] {dag.py:2585} INFO - Sync 1 DAGs
[2023-06-05T10:02:23.177+0000] {logging_mixin.py:120} INFO - [2023-06-05T10:02:23.176+0000] {dag.py:3340} INFO - Setting next_dagrun for example_short_circuit_decorator to 2023-06-04T10:02:23.176708+00:00, run_after=2023-06-05T10:02:23.176708+00:00
[2023-06-05T10:02:23.189+0000] {processor.py:176} INFO - Processing /home/airflow/.local/lib/python3.7/site-packages/airflow/example_dags/example_short_circuit_decorator.py took 0.083 seconds
[2023-06-05T11:26:12.419+0000] {processor.py:154} INFO - Started process (PID=802) to work on /home/airflow/.local/lib/python3.7/site-packages/airflow/example_dags/example_short_circuit_decorator.py
[2023-06-05T11:26:12.420+0000] {processor.py:756} INFO - Processing file /home/airflow/.local/lib/python3.7/site-packages/airflow/example_dags/example_short_circuit_decorator.py for tasks to queue
[2023-06-05T11:26:12.421+0000] {logging_mixin.py:120} INFO - [2023-06-05T11:26:12.421+0000] {dagbag.py:537} INFO - Filling up the DagBag from /home/airflow/.local/lib/python3.7/site-packages/airflow/example_dags/example_short_circuit_decorator.py
[2023-06-05T11:26:12.443+0000] {processor.py:766} INFO - DAG(s) dict_keys(['example_short_circuit_decorator']) retrieved from /home/airflow/.local/lib/python3.7/site-packages/airflow/example_dags/example_short_circuit_decorator.py
[2023-06-05T11:26:12.474+0000] {logging_mixin.py:120} INFO - [2023-06-05T11:26:12.474+0000] {dag.py:2585} INFO - Sync 1 DAGs
[2023-06-05T11:26:12.490+0000] {logging_mixin.py:120} INFO - [2023-06-05T11:26:12.490+0000] {dag.py:3340} INFO - Setting next_dagrun for example_short_circuit_decorator to 2023-06-04T11:26:12.490606+00:00, run_after=2023-06-05T11:26:12.490606+00:00
[2023-06-05T11:26:12.502+0000] {processor.py:176} INFO - Processing /home/airflow/.local/lib/python3.7/site-packages/airflow/example_dags/example_short_circuit_decorator.py took 0.086 seconds
[2023-06-05T12:47:19.527+0000] {processor.py:154} INFO - Started process (PID=866) to work on /home/airflow/.local/lib/python3.7/site-packages/airflow/example_dags/example_short_circuit_decorator.py
[2023-06-05T12:47:19.529+0000] {processor.py:756} INFO - Processing file /home/airflow/.local/lib/python3.7/site-packages/airflow/example_dags/example_short_circuit_decorator.py for tasks to queue
[2023-06-05T12:47:19.530+0000] {logging_mixin.py:120} INFO - [2023-06-05T12:47:19.530+0000] {dagbag.py:537} INFO - Filling up the DagBag from /home/airflow/.local/lib/python3.7/site-packages/airflow/example_dags/example_short_circuit_decorator.py
[2023-06-05T12:47:19.548+0000] {processor.py:766} INFO - DAG(s) dict_keys(['example_short_circuit_decorator']) retrieved from /home/airflow/.local/lib/python3.7/site-packages/airflow/example_dags/example_short_circuit_decorator.py
[2023-06-05T12:47:19.607+0000] {logging_mixin.py:120} INFO - [2023-06-05T12:47:19.606+0000] {dag.py:2585} INFO - Sync 1 DAGs
[2023-06-05T12:47:19.632+0000] {logging_mixin.py:120} INFO - [2023-06-05T12:47:19.632+0000] {dag.py:3340} INFO - Setting next_dagrun for example_short_circuit_decorator to 2023-06-04T12:47:19.632390+00:00, run_after=2023-06-05T12:47:19.632390+00:00
[2023-06-05T12:47:19.648+0000] {processor.py:176} INFO - Processing /home/airflow/.local/lib/python3.7/site-packages/airflow/example_dags/example_short_circuit_decorator.py took 0.124 seconds
[2023-06-05T13:45:34.535+0000] {processor.py:154} INFO - Started process (PID=929) to work on /home/airflow/.local/lib/python3.7/site-packages/airflow/example_dags/example_short_circuit_decorator.py
[2023-06-05T13:45:34.537+0000] {processor.py:756} INFO - Processing file /home/airflow/.local/lib/python3.7/site-packages/airflow/example_dags/example_short_circuit_decorator.py for tasks to queue
[2023-06-05T13:45:34.538+0000] {logging_mixin.py:120} INFO - [2023-06-05T13:45:34.538+0000] {dagbag.py:537} INFO - Filling up the DagBag from /home/airflow/.local/lib/python3.7/site-packages/airflow/example_dags/example_short_circuit_decorator.py
[2023-06-05T13:45:34.555+0000] {processor.py:766} INFO - DAG(s) dict_keys(['example_short_circuit_decorator']) retrieved from /home/airflow/.local/lib/python3.7/site-packages/airflow/example_dags/example_short_circuit_decorator.py
[2023-06-05T13:45:34.592+0000] {logging_mixin.py:120} INFO - [2023-06-05T13:45:34.592+0000] {dag.py:2585} INFO - Sync 1 DAGs
[2023-06-05T13:45:34.619+0000] {logging_mixin.py:120} INFO - [2023-06-05T13:45:34.619+0000] {dag.py:3340} INFO - Setting next_dagrun for example_short_circuit_decorator to 2023-06-04T13:45:34.619020+00:00, run_after=2023-06-05T13:45:34.619020+00:00
[2023-06-05T13:45:34.631+0000] {processor.py:176} INFO - Processing /home/airflow/.local/lib/python3.7/site-packages/airflow/example_dags/example_short_circuit_decorator.py took 0.099 seconds
[2023-06-05T14:52:56.698+0000] {processor.py:154} INFO - Started process (PID=991) to work on /home/airflow/.local/lib/python3.7/site-packages/airflow/example_dags/example_short_circuit_decorator.py
[2023-06-05T14:52:56.700+0000] {processor.py:756} INFO - Processing file /home/airflow/.local/lib/python3.7/site-packages/airflow/example_dags/example_short_circuit_decorator.py for tasks to queue
[2023-06-05T14:52:56.701+0000] {logging_mixin.py:120} INFO - [2023-06-05T14:52:56.700+0000] {dagbag.py:537} INFO - Filling up the DagBag from /home/airflow/.local/lib/python3.7/site-packages/airflow/example_dags/example_short_circuit_decorator.py
[2023-06-05T14:52:56.719+0000] {processor.py:766} INFO - DAG(s) dict_keys(['example_short_circuit_decorator']) retrieved from /home/airflow/.local/lib/python3.7/site-packages/airflow/example_dags/example_short_circuit_decorator.py
[2023-06-05T14:52:56.760+0000] {logging_mixin.py:120} INFO - [2023-06-05T14:52:56.760+0000] {dag.py:2585} INFO - Sync 1 DAGs
[2023-06-05T14:52:56.781+0000] {logging_mixin.py:120} INFO - [2023-06-05T14:52:56.780+0000] {dag.py:3340} INFO - Setting next_dagrun for example_short_circuit_decorator to 2023-06-04T14:52:56.780708+00:00, run_after=2023-06-05T14:52:56.780708+00:00
[2023-06-05T14:52:56.803+0000] {processor.py:176} INFO - Processing /home/airflow/.local/lib/python3.7/site-packages/airflow/example_dags/example_short_circuit_decorator.py took 0.108 seconds
