[2023-06-05T08:57:07.690+0000] {processor.py:154} INFO - Started process (PID=79) to work on /home/airflow/.local/lib/python3.7/site-packages/airflow/example_dags/example_latest_only_with_trigger.py
[2023-06-05T08:57:07.697+0000] {processor.py:756} INFO - Processing file /home/airflow/.local/lib/python3.7/site-packages/airflow/example_dags/example_latest_only_with_trigger.py for tasks to queue
[2023-06-05T08:57:07.698+0000] {logging_mixin.py:120} INFO - [2023-06-05T08:57:07.698+0000] {dagbag.py:537} INFO - Filling up the DagBag from /home/airflow/.local/lib/python3.7/site-packages/airflow/example_dags/example_latest_only_with_trigger.py
[2023-06-05T08:57:07.758+0000] {processor.py:766} INFO - DAG(s) dict_keys(['latest_only_with_trigger']) retrieved from /home/airflow/.local/lib/python3.7/site-packages/airflow/example_dags/example_latest_only_with_trigger.py
[2023-06-05T08:57:07.858+0000] {logging_mixin.py:120} INFO - [2023-06-05T08:57:07.858+0000] {dag.py:2585} INFO - Sync 1 DAGs
[2023-06-05T08:57:07.879+0000] {logging_mixin.py:120} INFO - [2023-06-05T08:57:07.879+0000] {dag.py:3340} INFO - Setting next_dagrun for latest_only_with_trigger to 2023-06-05T04:57:07.879556+00:00, run_after=2023-06-05T08:57:07.879556+00:00
[2023-06-05T08:57:07.915+0000] {processor.py:176} INFO - Processing /home/airflow/.local/lib/python3.7/site-packages/airflow/example_dags/example_latest_only_with_trigger.py took 0.228 seconds
[2023-06-05T08:57:38.345+0000] {processor.py:154} INFO - Started process (PID=145) to work on /home/airflow/.local/lib/python3.7/site-packages/airflow/example_dags/example_latest_only_with_trigger.py
[2023-06-05T08:57:38.346+0000] {processor.py:756} INFO - Processing file /home/airflow/.local/lib/python3.7/site-packages/airflow/example_dags/example_latest_only_with_trigger.py for tasks to queue
[2023-06-05T08:57:38.347+0000] {logging_mixin.py:120} INFO - [2023-06-05T08:57:38.347+0000] {dagbag.py:537} INFO - Filling up the DagBag from /home/airflow/.local/lib/python3.7/site-packages/airflow/example_dags/example_latest_only_with_trigger.py
[2023-06-05T08:57:38.359+0000] {processor.py:766} INFO - DAG(s) dict_keys(['latest_only_with_trigger']) retrieved from /home/airflow/.local/lib/python3.7/site-packages/airflow/example_dags/example_latest_only_with_trigger.py
[2023-06-05T08:57:38.400+0000] {logging_mixin.py:120} INFO - [2023-06-05T08:57:38.400+0000] {dag.py:2585} INFO - Sync 1 DAGs
[2023-06-05T08:57:38.421+0000] {logging_mixin.py:120} INFO - [2023-06-05T08:57:38.421+0000] {dag.py:3340} INFO - Setting next_dagrun for latest_only_with_trigger to 2023-06-05T04:57:38.421049+00:00, run_after=2023-06-05T08:57:38.421049+00:00
[2023-06-05T08:57:38.434+0000] {processor.py:176} INFO - Processing /home/airflow/.local/lib/python3.7/site-packages/airflow/example_dags/example_latest_only_with_trigger.py took 0.093 seconds
[2023-06-05T08:58:08.788+0000] {processor.py:154} INFO - Started process (PID=201) to work on /home/airflow/.local/lib/python3.7/site-packages/airflow/example_dags/example_latest_only_with_trigger.py
[2023-06-05T08:58:08.789+0000] {processor.py:756} INFO - Processing file /home/airflow/.local/lib/python3.7/site-packages/airflow/example_dags/example_latest_only_with_trigger.py for tasks to queue
[2023-06-05T08:58:08.790+0000] {logging_mixin.py:120} INFO - [2023-06-05T08:58:08.789+0000] {dagbag.py:537} INFO - Filling up the DagBag from /home/airflow/.local/lib/python3.7/site-packages/airflow/example_dags/example_latest_only_with_trigger.py
[2023-06-05T08:58:08.799+0000] {processor.py:766} INFO - DAG(s) dict_keys(['latest_only_with_trigger']) retrieved from /home/airflow/.local/lib/python3.7/site-packages/airflow/example_dags/example_latest_only_with_trigger.py
[2023-06-05T08:58:08.827+0000] {logging_mixin.py:120} INFO - [2023-06-05T08:58:08.827+0000] {dag.py:2585} INFO - Sync 1 DAGs
[2023-06-05T08:58:08.841+0000] {logging_mixin.py:120} INFO - [2023-06-05T08:58:08.841+0000] {dag.py:3340} INFO - Setting next_dagrun for latest_only_with_trigger to 2023-06-05T04:58:08.841582+00:00, run_after=2023-06-05T08:58:08.841582+00:00
[2023-06-05T08:58:08.853+0000] {processor.py:176} INFO - Processing /home/airflow/.local/lib/python3.7/site-packages/airflow/example_dags/example_latest_only_with_trigger.py took 0.068 seconds
[2023-06-05T08:58:39.544+0000] {processor.py:154} INFO - Started process (PID=265) to work on /home/airflow/.local/lib/python3.7/site-packages/airflow/example_dags/example_latest_only_with_trigger.py
[2023-06-05T08:58:39.545+0000] {processor.py:756} INFO - Processing file /home/airflow/.local/lib/python3.7/site-packages/airflow/example_dags/example_latest_only_with_trigger.py for tasks to queue
[2023-06-05T08:58:39.546+0000] {logging_mixin.py:120} INFO - [2023-06-05T08:58:39.546+0000] {dagbag.py:537} INFO - Filling up the DagBag from /home/airflow/.local/lib/python3.7/site-packages/airflow/example_dags/example_latest_only_with_trigger.py
[2023-06-05T08:58:39.557+0000] {processor.py:766} INFO - DAG(s) dict_keys(['latest_only_with_trigger']) retrieved from /home/airflow/.local/lib/python3.7/site-packages/airflow/example_dags/example_latest_only_with_trigger.py
[2023-06-05T08:58:39.585+0000] {logging_mixin.py:120} INFO - [2023-06-05T08:58:39.585+0000] {dag.py:2585} INFO - Sync 1 DAGs
[2023-06-05T08:58:39.599+0000] {logging_mixin.py:120} INFO - [2023-06-05T08:58:39.599+0000] {dag.py:3340} INFO - Setting next_dagrun for latest_only_with_trigger to 2023-06-05T04:58:39.599137+00:00, run_after=2023-06-05T08:58:39.599137+00:00
[2023-06-05T08:58:39.611+0000] {processor.py:176} INFO - Processing /home/airflow/.local/lib/python3.7/site-packages/airflow/example_dags/example_latest_only_with_trigger.py took 0.069 seconds
[2023-06-05T08:59:10.665+0000] {processor.py:154} INFO - Started process (PID=329) to work on /home/airflow/.local/lib/python3.7/site-packages/airflow/example_dags/example_latest_only_with_trigger.py
[2023-06-05T08:59:10.669+0000] {processor.py:756} INFO - Processing file /home/airflow/.local/lib/python3.7/site-packages/airflow/example_dags/example_latest_only_with_trigger.py for tasks to queue
[2023-06-05T08:59:10.672+0000] {logging_mixin.py:120} INFO - [2023-06-05T08:59:10.672+0000] {dagbag.py:537} INFO - Filling up the DagBag from /home/airflow/.local/lib/python3.7/site-packages/airflow/example_dags/example_latest_only_with_trigger.py
[2023-06-05T08:59:10.717+0000] {processor.py:766} INFO - DAG(s) dict_keys(['latest_only_with_trigger']) retrieved from /home/airflow/.local/lib/python3.7/site-packages/airflow/example_dags/example_latest_only_with_trigger.py
[2023-06-05T08:59:10.772+0000] {logging_mixin.py:120} INFO - [2023-06-05T08:59:10.772+0000] {dag.py:2585} INFO - Sync 1 DAGs
[2023-06-05T08:59:10.794+0000] {logging_mixin.py:120} INFO - [2023-06-05T08:59:10.794+0000] {dag.py:3340} INFO - Setting next_dagrun for latest_only_with_trigger to 2023-06-05T04:59:10.793938+00:00, run_after=2023-06-05T08:59:10.793938+00:00
[2023-06-05T08:59:10.814+0000] {processor.py:176} INFO - Processing /home/airflow/.local/lib/python3.7/site-packages/airflow/example_dags/example_latest_only_with_trigger.py took 0.152 seconds
[2023-06-05T08:59:41.105+0000] {processor.py:154} INFO - Started process (PID=391) to work on /home/airflow/.local/lib/python3.7/site-packages/airflow/example_dags/example_latest_only_with_trigger.py
[2023-06-05T08:59:41.112+0000] {processor.py:756} INFO - Processing file /home/airflow/.local/lib/python3.7/site-packages/airflow/example_dags/example_latest_only_with_trigger.py for tasks to queue
[2023-06-05T08:59:41.114+0000] {logging_mixin.py:120} INFO - [2023-06-05T08:59:41.114+0000] {dagbag.py:537} INFO - Filling up the DagBag from /home/airflow/.local/lib/python3.7/site-packages/airflow/example_dags/example_latest_only_with_trigger.py
[2023-06-05T08:59:41.179+0000] {processor.py:766} INFO - DAG(s) dict_keys(['latest_only_with_trigger']) retrieved from /home/airflow/.local/lib/python3.7/site-packages/airflow/example_dags/example_latest_only_with_trigger.py
[2023-06-05T08:59:41.355+0000] {logging_mixin.py:120} INFO - [2023-06-05T08:59:41.354+0000] {dag.py:2585} INFO - Sync 1 DAGs
[2023-06-05T08:59:41.453+0000] {logging_mixin.py:120} INFO - [2023-06-05T08:59:41.453+0000] {dag.py:3340} INFO - Setting next_dagrun for latest_only_with_trigger to 2023-06-05T04:59:41.453300+00:00, run_after=2023-06-05T08:59:41.453300+00:00
[2023-06-05T08:59:41.505+0000] {processor.py:176} INFO - Processing /home/airflow/.local/lib/python3.7/site-packages/airflow/example_dags/example_latest_only_with_trigger.py took 0.406 seconds
[2023-06-05T09:00:13.269+0000] {processor.py:154} INFO - Started process (PID=454) to work on /home/airflow/.local/lib/python3.7/site-packages/airflow/example_dags/example_latest_only_with_trigger.py
[2023-06-05T09:00:13.276+0000] {processor.py:756} INFO - Processing file /home/airflow/.local/lib/python3.7/site-packages/airflow/example_dags/example_latest_only_with_trigger.py for tasks to queue
[2023-06-05T09:00:13.284+0000] {logging_mixin.py:120} INFO - [2023-06-05T09:00:13.284+0000] {dagbag.py:537} INFO - Filling up the DagBag from /home/airflow/.local/lib/python3.7/site-packages/airflow/example_dags/example_latest_only_with_trigger.py
[2023-06-05T09:00:13.341+0000] {processor.py:766} INFO - DAG(s) dict_keys(['latest_only_with_trigger']) retrieved from /home/airflow/.local/lib/python3.7/site-packages/airflow/example_dags/example_latest_only_with_trigger.py
[2023-06-05T09:00:13.462+0000] {logging_mixin.py:120} INFO - [2023-06-05T09:00:13.462+0000] {dag.py:2585} INFO - Sync 1 DAGs
[2023-06-05T09:00:13.506+0000] {logging_mixin.py:120} INFO - [2023-06-05T09:00:13.505+0000] {dag.py:3340} INFO - Setting next_dagrun for latest_only_with_trigger to 2023-06-05T05:00:13.505514+00:00, run_after=2023-06-05T09:00:13.505514+00:00
[2023-06-05T09:00:13.537+0000] {processor.py:176} INFO - Processing /home/airflow/.local/lib/python3.7/site-packages/airflow/example_dags/example_latest_only_with_trigger.py took 0.278 seconds
[2023-06-05T09:00:43.864+0000] {processor.py:154} INFO - Started process (PID=509) to work on /home/airflow/.local/lib/python3.7/site-packages/airflow/example_dags/example_latest_only_with_trigger.py
[2023-06-05T09:00:43.866+0000] {processor.py:756} INFO - Processing file /home/airflow/.local/lib/python3.7/site-packages/airflow/example_dags/example_latest_only_with_trigger.py for tasks to queue
[2023-06-05T09:00:43.867+0000] {logging_mixin.py:120} INFO - [2023-06-05T09:00:43.867+0000] {dagbag.py:537} INFO - Filling up the DagBag from /home/airflow/.local/lib/python3.7/site-packages/airflow/example_dags/example_latest_only_with_trigger.py
[2023-06-05T09:00:43.879+0000] {processor.py:766} INFO - DAG(s) dict_keys(['latest_only_with_trigger']) retrieved from /home/airflow/.local/lib/python3.7/site-packages/airflow/example_dags/example_latest_only_with_trigger.py
[2023-06-05T09:00:43.923+0000] {logging_mixin.py:120} INFO - [2023-06-05T09:00:43.923+0000] {dag.py:2585} INFO - Sync 1 DAGs
[2023-06-05T09:00:43.939+0000] {logging_mixin.py:120} INFO - [2023-06-05T09:00:43.939+0000] {dag.py:3340} INFO - Setting next_dagrun for latest_only_with_trigger to 2023-06-05T05:00:43.938911+00:00, run_after=2023-06-05T09:00:43.938911+00:00
[2023-06-05T09:00:43.954+0000] {processor.py:176} INFO - Processing /home/airflow/.local/lib/python3.7/site-packages/airflow/example_dags/example_latest_only_with_trigger.py took 0.092 seconds
[2023-06-05T09:01:14.242+0000] {processor.py:154} INFO - Started process (PID=572) to work on /home/airflow/.local/lib/python3.7/site-packages/airflow/example_dags/example_latest_only_with_trigger.py
[2023-06-05T09:01:14.244+0000] {processor.py:756} INFO - Processing file /home/airflow/.local/lib/python3.7/site-packages/airflow/example_dags/example_latest_only_with_trigger.py for tasks to queue
[2023-06-05T09:01:14.245+0000] {logging_mixin.py:120} INFO - [2023-06-05T09:01:14.245+0000] {dagbag.py:537} INFO - Filling up the DagBag from /home/airflow/.local/lib/python3.7/site-packages/airflow/example_dags/example_latest_only_with_trigger.py
[2023-06-05T09:01:14.256+0000] {processor.py:766} INFO - DAG(s) dict_keys(['latest_only_with_trigger']) retrieved from /home/airflow/.local/lib/python3.7/site-packages/airflow/example_dags/example_latest_only_with_trigger.py
[2023-06-05T09:01:14.293+0000] {logging_mixin.py:120} INFO - [2023-06-05T09:01:14.293+0000] {dag.py:2585} INFO - Sync 1 DAGs
[2023-06-05T09:01:14.311+0000] {logging_mixin.py:120} INFO - [2023-06-05T09:01:14.311+0000] {dag.py:3340} INFO - Setting next_dagrun for latest_only_with_trigger to 2023-06-05T05:01:14.311141+00:00, run_after=2023-06-05T09:01:14.311141+00:00
[2023-06-05T09:01:14.323+0000] {processor.py:176} INFO - Processing /home/airflow/.local/lib/python3.7/site-packages/airflow/example_dags/example_latest_only_with_trigger.py took 0.084 seconds
[2023-06-05T09:01:45.316+0000] {processor.py:154} INFO - Started process (PID=635) to work on /home/airflow/.local/lib/python3.7/site-packages/airflow/example_dags/example_latest_only_with_trigger.py
[2023-06-05T09:01:45.319+0000] {processor.py:756} INFO - Processing file /home/airflow/.local/lib/python3.7/site-packages/airflow/example_dags/example_latest_only_with_trigger.py for tasks to queue
[2023-06-05T09:01:45.320+0000] {logging_mixin.py:120} INFO - [2023-06-05T09:01:45.320+0000] {dagbag.py:537} INFO - Filling up the DagBag from /home/airflow/.local/lib/python3.7/site-packages/airflow/example_dags/example_latest_only_with_trigger.py
[2023-06-05T09:01:45.362+0000] {processor.py:766} INFO - DAG(s) dict_keys(['latest_only_with_trigger']) retrieved from /home/airflow/.local/lib/python3.7/site-packages/airflow/example_dags/example_latest_only_with_trigger.py
[2023-06-05T09:01:45.423+0000] {logging_mixin.py:120} INFO - [2023-06-05T09:01:45.422+0000] {dag.py:2585} INFO - Sync 1 DAGs
[2023-06-05T09:01:45.471+0000] {logging_mixin.py:120} INFO - [2023-06-05T09:01:45.471+0000] {dag.py:3340} INFO - Setting next_dagrun for latest_only_with_trigger to 2023-06-05T05:01:45.469924+00:00, run_after=2023-06-05T09:01:45.469924+00:00
[2023-06-05T09:01:45.507+0000] {processor.py:176} INFO - Processing /home/airflow/.local/lib/python3.7/site-packages/airflow/example_dags/example_latest_only_with_trigger.py took 0.202 seconds
[2023-06-05T09:02:15.963+0000] {processor.py:154} INFO - Started process (PID=699) to work on /home/airflow/.local/lib/python3.7/site-packages/airflow/example_dags/example_latest_only_with_trigger.py
[2023-06-05T09:02:15.964+0000] {processor.py:756} INFO - Processing file /home/airflow/.local/lib/python3.7/site-packages/airflow/example_dags/example_latest_only_with_trigger.py for tasks to queue
[2023-06-05T09:02:15.965+0000] {logging_mixin.py:120} INFO - [2023-06-05T09:02:15.965+0000] {dagbag.py:537} INFO - Filling up the DagBag from /home/airflow/.local/lib/python3.7/site-packages/airflow/example_dags/example_latest_only_with_trigger.py
[2023-06-05T09:02:15.976+0000] {processor.py:766} INFO - DAG(s) dict_keys(['latest_only_with_trigger']) retrieved from /home/airflow/.local/lib/python3.7/site-packages/airflow/example_dags/example_latest_only_with_trigger.py
[2023-06-05T09:02:16.004+0000] {logging_mixin.py:120} INFO - [2023-06-05T09:02:16.004+0000] {dag.py:2585} INFO - Sync 1 DAGs
[2023-06-05T09:02:16.018+0000] {logging_mixin.py:120} INFO - [2023-06-05T09:02:16.018+0000] {dag.py:3340} INFO - Setting next_dagrun for latest_only_with_trigger to 2023-06-05T05:02:16.017969+00:00, run_after=2023-06-05T09:02:16.017969+00:00
[2023-06-05T09:02:16.028+0000] {processor.py:176} INFO - Processing /home/airflow/.local/lib/python3.7/site-packages/airflow/example_dags/example_latest_only_with_trigger.py took 0.069 seconds
[2023-06-05T10:02:22.821+0000] {processor.py:154} INFO - Started process (PID=744) to work on /home/airflow/.local/lib/python3.7/site-packages/airflow/example_dags/example_latest_only_with_trigger.py
[2023-06-05T10:02:22.824+0000] {processor.py:756} INFO - Processing file /home/airflow/.local/lib/python3.7/site-packages/airflow/example_dags/example_latest_only_with_trigger.py for tasks to queue
[2023-06-05T10:02:22.824+0000] {logging_mixin.py:120} INFO - [2023-06-05T10:02:22.824+0000] {dagbag.py:537} INFO - Filling up the DagBag from /home/airflow/.local/lib/python3.7/site-packages/airflow/example_dags/example_latest_only_with_trigger.py
[2023-06-05T10:02:22.842+0000] {processor.py:766} INFO - DAG(s) dict_keys(['latest_only_with_trigger']) retrieved from /home/airflow/.local/lib/python3.7/site-packages/airflow/example_dags/example_latest_only_with_trigger.py
[2023-06-05T10:02:22.879+0000] {logging_mixin.py:120} INFO - [2023-06-05T10:02:22.879+0000] {dag.py:2585} INFO - Sync 1 DAGs
[2023-06-05T10:02:22.900+0000] {logging_mixin.py:120} INFO - [2023-06-05T10:02:22.900+0000] {dag.py:3340} INFO - Setting next_dagrun for latest_only_with_trigger to 2023-06-05T06:02:22.899991+00:00, run_after=2023-06-05T10:02:22.899991+00:00
[2023-06-05T10:02:22.942+0000] {processor.py:176} INFO - Processing /home/airflow/.local/lib/python3.7/site-packages/airflow/example_dags/example_latest_only_with_trigger.py took 0.124 seconds
[2023-06-05T11:26:12.248+0000] {processor.py:154} INFO - Started process (PID=799) to work on /home/airflow/.local/lib/python3.7/site-packages/airflow/example_dags/example_latest_only_with_trigger.py
[2023-06-05T11:26:12.249+0000] {processor.py:756} INFO - Processing file /home/airflow/.local/lib/python3.7/site-packages/airflow/example_dags/example_latest_only_with_trigger.py for tasks to queue
[2023-06-05T11:26:12.250+0000] {logging_mixin.py:120} INFO - [2023-06-05T11:26:12.250+0000] {dagbag.py:537} INFO - Filling up the DagBag from /home/airflow/.local/lib/python3.7/site-packages/airflow/example_dags/example_latest_only_with_trigger.py
[2023-06-05T11:26:12.263+0000] {processor.py:766} INFO - DAG(s) dict_keys(['latest_only_with_trigger']) retrieved from /home/airflow/.local/lib/python3.7/site-packages/airflow/example_dags/example_latest_only_with_trigger.py
[2023-06-05T11:26:12.295+0000] {logging_mixin.py:120} INFO - [2023-06-05T11:26:12.295+0000] {dag.py:2585} INFO - Sync 1 DAGs
[2023-06-05T11:26:12.311+0000] {logging_mixin.py:120} INFO - [2023-06-05T11:26:12.311+0000] {dag.py:3340} INFO - Setting next_dagrun for latest_only_with_trigger to 2023-06-05T07:26:12.311602+00:00, run_after=2023-06-05T11:26:12.311602+00:00
[2023-06-05T11:26:12.329+0000] {processor.py:176} INFO - Processing /home/airflow/.local/lib/python3.7/site-packages/airflow/example_dags/example_latest_only_with_trigger.py took 0.084 seconds
[2023-06-05T12:47:19.329+0000] {processor.py:154} INFO - Started process (PID=863) to work on /home/airflow/.local/lib/python3.7/site-packages/airflow/example_dags/example_latest_only_with_trigger.py
[2023-06-05T12:47:19.330+0000] {processor.py:756} INFO - Processing file /home/airflow/.local/lib/python3.7/site-packages/airflow/example_dags/example_latest_only_with_trigger.py for tasks to queue
[2023-06-05T12:47:19.332+0000] {logging_mixin.py:120} INFO - [2023-06-05T12:47:19.332+0000] {dagbag.py:537} INFO - Filling up the DagBag from /home/airflow/.local/lib/python3.7/site-packages/airflow/example_dags/example_latest_only_with_trigger.py
[2023-06-05T12:47:19.344+0000] {processor.py:766} INFO - DAG(s) dict_keys(['latest_only_with_trigger']) retrieved from /home/airflow/.local/lib/python3.7/site-packages/airflow/example_dags/example_latest_only_with_trigger.py
[2023-06-05T12:47:19.378+0000] {logging_mixin.py:120} INFO - [2023-06-05T12:47:19.378+0000] {dag.py:2585} INFO - Sync 1 DAGs
[2023-06-05T12:47:19.396+0000] {logging_mixin.py:120} INFO - [2023-06-05T12:47:19.396+0000] {dag.py:3340} INFO - Setting next_dagrun for latest_only_with_trigger to 2023-06-05T08:47:19.395889+00:00, run_after=2023-06-05T12:47:19.395889+00:00
[2023-06-05T12:47:19.409+0000] {processor.py:176} INFO - Processing /home/airflow/.local/lib/python3.7/site-packages/airflow/example_dags/example_latest_only_with_trigger.py took 0.083 seconds
[2023-06-05T13:45:34.354+0000] {processor.py:154} INFO - Started process (PID=926) to work on /home/airflow/.local/lib/python3.7/site-packages/airflow/example_dags/example_latest_only_with_trigger.py
[2023-06-05T13:45:34.357+0000] {processor.py:756} INFO - Processing file /home/airflow/.local/lib/python3.7/site-packages/airflow/example_dags/example_latest_only_with_trigger.py for tasks to queue
[2023-06-05T13:45:34.358+0000] {logging_mixin.py:120} INFO - [2023-06-05T13:45:34.358+0000] {dagbag.py:537} INFO - Filling up the DagBag from /home/airflow/.local/lib/python3.7/site-packages/airflow/example_dags/example_latest_only_with_trigger.py
[2023-06-05T13:45:34.371+0000] {processor.py:766} INFO - DAG(s) dict_keys(['latest_only_with_trigger']) retrieved from /home/airflow/.local/lib/python3.7/site-packages/airflow/example_dags/example_latest_only_with_trigger.py
[2023-06-05T13:45:34.414+0000] {logging_mixin.py:120} INFO - [2023-06-05T13:45:34.414+0000] {dag.py:2585} INFO - Sync 1 DAGs
[2023-06-05T13:45:34.433+0000] {logging_mixin.py:120} INFO - [2023-06-05T13:45:34.433+0000] {dag.py:3340} INFO - Setting next_dagrun for latest_only_with_trigger to 2023-06-05T09:45:34.433211+00:00, run_after=2023-06-05T13:45:34.433211+00:00
[2023-06-05T13:45:34.444+0000] {processor.py:176} INFO - Processing /home/airflow/.local/lib/python3.7/site-packages/airflow/example_dags/example_latest_only_with_trigger.py took 0.092 seconds
[2023-06-05T14:52:56.445+0000] {processor.py:154} INFO - Started process (PID=981) to work on /home/airflow/.local/lib/python3.7/site-packages/airflow/example_dags/example_latest_only_with_trigger.py
[2023-06-05T14:52:56.447+0000] {processor.py:756} INFO - Processing file /home/airflow/.local/lib/python3.7/site-packages/airflow/example_dags/example_latest_only_with_trigger.py for tasks to queue
[2023-06-05T14:52:56.448+0000] {logging_mixin.py:120} INFO - [2023-06-05T14:52:56.448+0000] {dagbag.py:537} INFO - Filling up the DagBag from /home/airflow/.local/lib/python3.7/site-packages/airflow/example_dags/example_latest_only_with_trigger.py
[2023-06-05T14:52:56.460+0000] {processor.py:766} INFO - DAG(s) dict_keys(['latest_only_with_trigger']) retrieved from /home/airflow/.local/lib/python3.7/site-packages/airflow/example_dags/example_latest_only_with_trigger.py
[2023-06-05T14:52:56.497+0000] {logging_mixin.py:120} INFO - [2023-06-05T14:52:56.497+0000] {dag.py:2585} INFO - Sync 1 DAGs
[2023-06-05T14:52:56.512+0000] {logging_mixin.py:120} INFO - [2023-06-05T14:52:56.512+0000] {dag.py:3340} INFO - Setting next_dagrun for latest_only_with_trigger to 2023-06-05T10:52:56.512049+00:00, run_after=2023-06-05T14:52:56.512049+00:00
[2023-06-05T14:52:56.524+0000] {processor.py:176} INFO - Processing /home/airflow/.local/lib/python3.7/site-packages/airflow/example_dags/example_latest_only_with_trigger.py took 0.082 seconds
