[2023-06-05T08:57:02.636+0000] {processor.py:154} INFO - Started process (PID=51) to work on /home/airflow/.local/lib/python3.7/site-packages/airflow/example_dags/example_xcom.py
[2023-06-05T08:57:02.646+0000] {processor.py:756} INFO - Processing file /home/airflow/.local/lib/python3.7/site-packages/airflow/example_dags/example_xcom.py for tasks to queue
[2023-06-05T08:57:02.647+0000] {logging_mixin.py:120} INFO - [2023-06-05T08:57:02.647+0000] {dagbag.py:537} INFO - Filling up the DagBag from /home/airflow/.local/lib/python3.7/site-packages/airflow/example_dags/example_xcom.py
[2023-06-05T08:57:02.740+0000] {processor.py:766} INFO - DAG(s) dict_keys(['example_xcom']) retrieved from /home/airflow/.local/lib/python3.7/site-packages/airflow/example_dags/example_xcom.py
[2023-06-05T08:57:02.823+0000] {logging_mixin.py:120} INFO - [2023-06-05T08:57:02.823+0000] {dag.py:2585} INFO - Sync 1 DAGs
[2023-06-05T08:57:02.852+0000] {logging_mixin.py:120} INFO - [2023-06-05T08:57:02.852+0000] {dag.py:3340} INFO - Setting next_dagrun for example_xcom to 2021-01-01T00:00:00+00:00, run_after=2021-01-01T00:00:00+00:00
[2023-06-05T08:57:02.894+0000] {processor.py:176} INFO - Processing /home/airflow/.local/lib/python3.7/site-packages/airflow/example_dags/example_xcom.py took 0.281 seconds
[2023-06-05T08:57:33.160+0000] {processor.py:154} INFO - Started process (PID=118) to work on /home/airflow/.local/lib/python3.7/site-packages/airflow/example_dags/example_xcom.py
[2023-06-05T08:57:33.161+0000] {processor.py:756} INFO - Processing file /home/airflow/.local/lib/python3.7/site-packages/airflow/example_dags/example_xcom.py for tasks to queue
[2023-06-05T08:57:33.162+0000] {logging_mixin.py:120} INFO - [2023-06-05T08:57:33.162+0000] {dagbag.py:537} INFO - Filling up the DagBag from /home/airflow/.local/lib/python3.7/site-packages/airflow/example_dags/example_xcom.py
[2023-06-05T08:57:33.180+0000] {processor.py:766} INFO - DAG(s) dict_keys(['example_xcom']) retrieved from /home/airflow/.local/lib/python3.7/site-packages/airflow/example_dags/example_xcom.py
[2023-06-05T08:57:33.208+0000] {logging_mixin.py:120} INFO - [2023-06-05T08:57:33.207+0000] {dag.py:2585} INFO - Sync 1 DAGs
[2023-06-05T08:57:33.221+0000] {logging_mixin.py:120} INFO - [2023-06-05T08:57:33.221+0000] {dag.py:3340} INFO - Setting next_dagrun for example_xcom to 2021-01-01T00:00:00+00:00, run_after=2021-01-01T00:00:00+00:00
[2023-06-05T08:57:33.234+0000] {processor.py:176} INFO - Processing /home/airflow/.local/lib/python3.7/site-packages/airflow/example_dags/example_xcom.py took 0.076 seconds
[2023-06-05T08:58:03.680+0000] {processor.py:154} INFO - Started process (PID=182) to work on /home/airflow/.local/lib/python3.7/site-packages/airflow/example_dags/example_xcom.py
[2023-06-05T08:58:03.682+0000] {processor.py:756} INFO - Processing file /home/airflow/.local/lib/python3.7/site-packages/airflow/example_dags/example_xcom.py for tasks to queue
[2023-06-05T08:58:03.683+0000] {logging_mixin.py:120} INFO - [2023-06-05T08:58:03.683+0000] {dagbag.py:537} INFO - Filling up the DagBag from /home/airflow/.local/lib/python3.7/site-packages/airflow/example_dags/example_xcom.py
[2023-06-05T08:58:03.703+0000] {processor.py:766} INFO - DAG(s) dict_keys(['example_xcom']) retrieved from /home/airflow/.local/lib/python3.7/site-packages/airflow/example_dags/example_xcom.py
[2023-06-05T08:58:03.739+0000] {logging_mixin.py:120} INFO - [2023-06-05T08:58:03.739+0000] {dag.py:2585} INFO - Sync 1 DAGs
[2023-06-05T08:58:03.753+0000] {logging_mixin.py:120} INFO - [2023-06-05T08:58:03.753+0000] {dag.py:3340} INFO - Setting next_dagrun for example_xcom to 2021-01-01T00:00:00+00:00, run_after=2021-01-01T00:00:00+00:00
[2023-06-05T08:58:03.780+0000] {processor.py:176} INFO - Processing /home/airflow/.local/lib/python3.7/site-packages/airflow/example_dags/example_xcom.py took 0.103 seconds
[2023-06-05T08:58:34.275+0000] {processor.py:154} INFO - Started process (PID=246) to work on /home/airflow/.local/lib/python3.7/site-packages/airflow/example_dags/example_xcom.py
[2023-06-05T08:58:34.276+0000] {processor.py:756} INFO - Processing file /home/airflow/.local/lib/python3.7/site-packages/airflow/example_dags/example_xcom.py for tasks to queue
[2023-06-05T08:58:34.277+0000] {logging_mixin.py:120} INFO - [2023-06-05T08:58:34.277+0000] {dagbag.py:537} INFO - Filling up the DagBag from /home/airflow/.local/lib/python3.7/site-packages/airflow/example_dags/example_xcom.py
[2023-06-05T08:58:34.299+0000] {processor.py:766} INFO - DAG(s) dict_keys(['example_xcom']) retrieved from /home/airflow/.local/lib/python3.7/site-packages/airflow/example_dags/example_xcom.py
[2023-06-05T08:58:34.334+0000] {logging_mixin.py:120} INFO - [2023-06-05T08:58:34.334+0000] {dag.py:2585} INFO - Sync 1 DAGs
[2023-06-05T08:58:34.352+0000] {logging_mixin.py:120} INFO - [2023-06-05T08:58:34.352+0000] {dag.py:3340} INFO - Setting next_dagrun for example_xcom to 2021-01-01T00:00:00+00:00, run_after=2021-01-01T00:00:00+00:00
[2023-06-05T08:58:34.368+0000] {processor.py:176} INFO - Processing /home/airflow/.local/lib/python3.7/site-packages/airflow/example_dags/example_xcom.py took 0.097 seconds
[2023-06-05T08:59:05.079+0000] {processor.py:154} INFO - Started process (PID=310) to work on /home/airflow/.local/lib/python3.7/site-packages/airflow/example_dags/example_xcom.py
[2023-06-05T08:59:05.085+0000] {processor.py:756} INFO - Processing file /home/airflow/.local/lib/python3.7/site-packages/airflow/example_dags/example_xcom.py for tasks to queue
[2023-06-05T08:59:05.086+0000] {logging_mixin.py:120} INFO - [2023-06-05T08:59:05.086+0000] {dagbag.py:537} INFO - Filling up the DagBag from /home/airflow/.local/lib/python3.7/site-packages/airflow/example_dags/example_xcom.py
[2023-06-05T08:59:05.178+0000] {processor.py:766} INFO - DAG(s) dict_keys(['example_xcom']) retrieved from /home/airflow/.local/lib/python3.7/site-packages/airflow/example_dags/example_xcom.py
[2023-06-05T08:59:05.279+0000] {logging_mixin.py:120} INFO - [2023-06-05T08:59:05.279+0000] {dag.py:2585} INFO - Sync 1 DAGs
[2023-06-05T08:59:05.309+0000] {logging_mixin.py:120} INFO - [2023-06-05T08:59:05.307+0000] {dag.py:3340} INFO - Setting next_dagrun for example_xcom to 2021-01-01T00:00:00+00:00, run_after=2021-01-01T00:00:00+00:00
[2023-06-05T08:59:05.324+0000] {processor.py:176} INFO - Processing /home/airflow/.local/lib/python3.7/site-packages/airflow/example_dags/example_xcom.py took 0.250 seconds
[2023-06-05T08:59:35.454+0000] {processor.py:154} INFO - Started process (PID=363) to work on /home/airflow/.local/lib/python3.7/site-packages/airflow/example_dags/example_xcom.py
[2023-06-05T08:59:35.455+0000] {processor.py:756} INFO - Processing file /home/airflow/.local/lib/python3.7/site-packages/airflow/example_dags/example_xcom.py for tasks to queue
[2023-06-05T08:59:35.456+0000] {logging_mixin.py:120} INFO - [2023-06-05T08:59:35.456+0000] {dagbag.py:537} INFO - Filling up the DagBag from /home/airflow/.local/lib/python3.7/site-packages/airflow/example_dags/example_xcom.py
[2023-06-05T08:59:35.472+0000] {processor.py:766} INFO - DAG(s) dict_keys(['example_xcom']) retrieved from /home/airflow/.local/lib/python3.7/site-packages/airflow/example_dags/example_xcom.py
[2023-06-05T08:59:35.502+0000] {logging_mixin.py:120} INFO - [2023-06-05T08:59:35.502+0000] {dag.py:2585} INFO - Sync 1 DAGs
[2023-06-05T08:59:35.519+0000] {logging_mixin.py:120} INFO - [2023-06-05T08:59:35.518+0000] {dag.py:3340} INFO - Setting next_dagrun for example_xcom to 2021-01-01T00:00:00+00:00, run_after=2021-01-01T00:00:00+00:00
[2023-06-05T08:59:35.531+0000] {processor.py:176} INFO - Processing /home/airflow/.local/lib/python3.7/site-packages/airflow/example_dags/example_xcom.py took 0.079 seconds
[2023-06-05T09:00:05.977+0000] {processor.py:154} INFO - Started process (PID=426) to work on /home/airflow/.local/lib/python3.7/site-packages/airflow/example_dags/example_xcom.py
[2023-06-05T09:00:05.979+0000] {processor.py:756} INFO - Processing file /home/airflow/.local/lib/python3.7/site-packages/airflow/example_dags/example_xcom.py for tasks to queue
[2023-06-05T09:00:05.980+0000] {logging_mixin.py:120} INFO - [2023-06-05T09:00:05.980+0000] {dagbag.py:537} INFO - Filling up the DagBag from /home/airflow/.local/lib/python3.7/site-packages/airflow/example_dags/example_xcom.py
[2023-06-05T09:00:06.001+0000] {processor.py:766} INFO - DAG(s) dict_keys(['example_xcom']) retrieved from /home/airflow/.local/lib/python3.7/site-packages/airflow/example_dags/example_xcom.py
[2023-06-05T09:00:06.043+0000] {logging_mixin.py:120} INFO - [2023-06-05T09:00:06.043+0000] {dag.py:2585} INFO - Sync 1 DAGs
[2023-06-05T09:00:06.061+0000] {logging_mixin.py:120} INFO - [2023-06-05T09:00:06.060+0000] {dag.py:3340} INFO - Setting next_dagrun for example_xcom to 2021-01-01T00:00:00+00:00, run_after=2021-01-01T00:00:00+00:00
[2023-06-05T09:00:06.077+0000] {processor.py:176} INFO - Processing /home/airflow/.local/lib/python3.7/site-packages/airflow/example_dags/example_xcom.py took 0.104 seconds
[2023-06-05T09:00:36.566+0000] {processor.py:154} INFO - Started process (PID=490) to work on /home/airflow/.local/lib/python3.7/site-packages/airflow/example_dags/example_xcom.py
[2023-06-05T09:00:36.567+0000] {processor.py:756} INFO - Processing file /home/airflow/.local/lib/python3.7/site-packages/airflow/example_dags/example_xcom.py for tasks to queue
[2023-06-05T09:00:36.568+0000] {logging_mixin.py:120} INFO - [2023-06-05T09:00:36.568+0000] {dagbag.py:537} INFO - Filling up the DagBag from /home/airflow/.local/lib/python3.7/site-packages/airflow/example_dags/example_xcom.py
[2023-06-05T09:00:36.593+0000] {processor.py:766} INFO - DAG(s) dict_keys(['example_xcom']) retrieved from /home/airflow/.local/lib/python3.7/site-packages/airflow/example_dags/example_xcom.py
[2023-06-05T09:00:36.641+0000] {logging_mixin.py:120} INFO - [2023-06-05T09:00:36.641+0000] {dag.py:2585} INFO - Sync 1 DAGs
[2023-06-05T09:00:36.666+0000] {logging_mixin.py:120} INFO - [2023-06-05T09:00:36.666+0000] {dag.py:3340} INFO - Setting next_dagrun for example_xcom to 2021-01-01T00:00:00+00:00, run_after=2021-01-01T00:00:00+00:00
[2023-06-05T09:00:36.688+0000] {processor.py:176} INFO - Processing /home/airflow/.local/lib/python3.7/site-packages/airflow/example_dags/example_xcom.py took 0.125 seconds
[2023-06-05T09:01:07.960+0000] {processor.py:154} INFO - Started process (PID=545) to work on /home/airflow/.local/lib/python3.7/site-packages/airflow/example_dags/example_xcom.py
[2023-06-05T09:01:07.961+0000] {processor.py:756} INFO - Processing file /home/airflow/.local/lib/python3.7/site-packages/airflow/example_dags/example_xcom.py for tasks to queue
[2023-06-05T09:01:07.968+0000] {logging_mixin.py:120} INFO - [2023-06-05T09:01:07.968+0000] {dagbag.py:537} INFO - Filling up the DagBag from /home/airflow/.local/lib/python3.7/site-packages/airflow/example_dags/example_xcom.py
[2023-06-05T09:01:07.996+0000] {processor.py:766} INFO - DAG(s) dict_keys(['example_xcom']) retrieved from /home/airflow/.local/lib/python3.7/site-packages/airflow/example_dags/example_xcom.py
[2023-06-05T09:01:08.034+0000] {logging_mixin.py:120} INFO - [2023-06-05T09:01:08.034+0000] {dag.py:2585} INFO - Sync 1 DAGs
[2023-06-05T09:01:08.052+0000] {logging_mixin.py:120} INFO - [2023-06-05T09:01:08.052+0000] {dag.py:3340} INFO - Setting next_dagrun for example_xcom to 2021-01-01T00:00:00+00:00, run_after=2021-01-01T00:00:00+00:00
[2023-06-05T09:01:08.079+0000] {processor.py:176} INFO - Processing /home/airflow/.local/lib/python3.7/site-packages/airflow/example_dags/example_xcom.py took 0.122 seconds
[2023-06-05T09:01:38.392+0000] {processor.py:154} INFO - Started process (PID=607) to work on /home/airflow/.local/lib/python3.7/site-packages/airflow/example_dags/example_xcom.py
[2023-06-05T09:01:38.394+0000] {processor.py:756} INFO - Processing file /home/airflow/.local/lib/python3.7/site-packages/airflow/example_dags/example_xcom.py for tasks to queue
[2023-06-05T09:01:38.395+0000] {logging_mixin.py:120} INFO - [2023-06-05T09:01:38.395+0000] {dagbag.py:537} INFO - Filling up the DagBag from /home/airflow/.local/lib/python3.7/site-packages/airflow/example_dags/example_xcom.py
[2023-06-05T09:01:38.424+0000] {processor.py:766} INFO - DAG(s) dict_keys(['example_xcom']) retrieved from /home/airflow/.local/lib/python3.7/site-packages/airflow/example_dags/example_xcom.py
[2023-06-05T09:01:38.484+0000] {logging_mixin.py:120} INFO - [2023-06-05T09:01:38.483+0000] {dag.py:2585} INFO - Sync 1 DAGs
[2023-06-05T09:01:38.529+0000] {logging_mixin.py:120} INFO - [2023-06-05T09:01:38.529+0000] {dag.py:3340} INFO - Setting next_dagrun for example_xcom to 2021-01-01T00:00:00+00:00, run_after=2021-01-01T00:00:00+00:00
[2023-06-05T09:01:38.567+0000] {processor.py:176} INFO - Processing /home/airflow/.local/lib/python3.7/site-packages/airflow/example_dags/example_xcom.py took 0.182 seconds
[2023-06-05T09:02:08.920+0000] {processor.py:154} INFO - Started process (PID=671) to work on /home/airflow/.local/lib/python3.7/site-packages/airflow/example_dags/example_xcom.py
[2023-06-05T09:02:08.921+0000] {processor.py:756} INFO - Processing file /home/airflow/.local/lib/python3.7/site-packages/airflow/example_dags/example_xcom.py for tasks to queue
[2023-06-05T09:02:08.922+0000] {logging_mixin.py:120} INFO - [2023-06-05T09:02:08.922+0000] {dagbag.py:537} INFO - Filling up the DagBag from /home/airflow/.local/lib/python3.7/site-packages/airflow/example_dags/example_xcom.py
[2023-06-05T09:02:08.938+0000] {processor.py:766} INFO - DAG(s) dict_keys(['example_xcom']) retrieved from /home/airflow/.local/lib/python3.7/site-packages/airflow/example_dags/example_xcom.py
[2023-06-05T09:02:08.968+0000] {logging_mixin.py:120} INFO - [2023-06-05T09:02:08.968+0000] {dag.py:2585} INFO - Sync 1 DAGs
[2023-06-05T09:02:08.983+0000] {logging_mixin.py:120} INFO - [2023-06-05T09:02:08.983+0000] {dag.py:3340} INFO - Setting next_dagrun for example_xcom to 2021-01-01T00:00:00+00:00, run_after=2021-01-01T00:00:00+00:00
[2023-06-05T09:02:08.994+0000] {processor.py:176} INFO - Processing /home/airflow/.local/lib/python3.7/site-packages/airflow/example_dags/example_xcom.py took 0.078 seconds
[2023-06-05T10:02:20.115+0000] {processor.py:154} INFO - Started process (PID=717) to work on /home/airflow/.local/lib/python3.7/site-packages/airflow/example_dags/example_xcom.py
[2023-06-05T10:02:20.116+0000] {processor.py:756} INFO - Processing file /home/airflow/.local/lib/python3.7/site-packages/airflow/example_dags/example_xcom.py for tasks to queue
[2023-06-05T10:02:20.117+0000] {logging_mixin.py:120} INFO - [2023-06-05T10:02:20.117+0000] {dagbag.py:537} INFO - Filling up the DagBag from /home/airflow/.local/lib/python3.7/site-packages/airflow/example_dags/example_xcom.py
[2023-06-05T10:02:20.135+0000] {processor.py:766} INFO - DAG(s) dict_keys(['example_xcom']) retrieved from /home/airflow/.local/lib/python3.7/site-packages/airflow/example_dags/example_xcom.py
[2023-06-05T10:02:20.267+0000] {logging_mixin.py:120} INFO - [2023-06-05T10:02:20.267+0000] {dag.py:2585} INFO - Sync 1 DAGs
[2023-06-05T10:02:20.313+0000] {logging_mixin.py:120} INFO - [2023-06-05T10:02:20.313+0000] {dag.py:3340} INFO - Setting next_dagrun for example_xcom to 2021-01-01T00:00:00+00:00, run_after=2021-01-01T00:00:00+00:00
[2023-06-05T10:02:20.345+0000] {processor.py:176} INFO - Processing /home/airflow/.local/lib/python3.7/site-packages/airflow/example_dags/example_xcom.py took 0.233 seconds
[2023-06-05T11:26:10.756+0000] {processor.py:154} INFO - Started process (PID=780) to work on /home/airflow/.local/lib/python3.7/site-packages/airflow/example_dags/example_xcom.py
[2023-06-05T11:26:10.759+0000] {processor.py:756} INFO - Processing file /home/airflow/.local/lib/python3.7/site-packages/airflow/example_dags/example_xcom.py for tasks to queue
[2023-06-05T11:26:10.763+0000] {logging_mixin.py:120} INFO - [2023-06-05T11:26:10.763+0000] {dagbag.py:537} INFO - Filling up the DagBag from /home/airflow/.local/lib/python3.7/site-packages/airflow/example_dags/example_xcom.py
[2023-06-05T11:26:10.811+0000] {processor.py:766} INFO - DAG(s) dict_keys(['example_xcom']) retrieved from /home/airflow/.local/lib/python3.7/site-packages/airflow/example_dags/example_xcom.py
[2023-06-05T11:26:10.905+0000] {logging_mixin.py:120} INFO - [2023-06-05T11:26:10.905+0000] {dag.py:2585} INFO - Sync 1 DAGs
[2023-06-05T11:26:10.933+0000] {logging_mixin.py:120} INFO - [2023-06-05T11:26:10.933+0000] {dag.py:3340} INFO - Setting next_dagrun for example_xcom to 2021-01-01T00:00:00+00:00, run_after=2021-01-01T00:00:00+00:00
[2023-06-05T11:26:10.950+0000] {processor.py:176} INFO - Processing /home/airflow/.local/lib/python3.7/site-packages/airflow/example_dags/example_xcom.py took 0.199 seconds
[2023-06-05T12:47:17.760+0000] {processor.py:154} INFO - Started process (PID=844) to work on /home/airflow/.local/lib/python3.7/site-packages/airflow/example_dags/example_xcom.py
[2023-06-05T12:47:17.765+0000] {processor.py:756} INFO - Processing file /home/airflow/.local/lib/python3.7/site-packages/airflow/example_dags/example_xcom.py for tasks to queue
[2023-06-05T12:47:17.771+0000] {logging_mixin.py:120} INFO - [2023-06-05T12:47:17.771+0000] {dagbag.py:537} INFO - Filling up the DagBag from /home/airflow/.local/lib/python3.7/site-packages/airflow/example_dags/example_xcom.py
[2023-06-05T12:47:17.809+0000] {processor.py:766} INFO - DAG(s) dict_keys(['example_xcom']) retrieved from /home/airflow/.local/lib/python3.7/site-packages/airflow/example_dags/example_xcom.py
[2023-06-05T12:47:17.906+0000] {logging_mixin.py:120} INFO - [2023-06-05T12:47:17.906+0000] {dag.py:2585} INFO - Sync 1 DAGs
[2023-06-05T12:47:17.945+0000] {logging_mixin.py:120} INFO - [2023-06-05T12:47:17.945+0000] {dag.py:3340} INFO - Setting next_dagrun for example_xcom to 2021-01-01T00:00:00+00:00, run_after=2021-01-01T00:00:00+00:00
[2023-06-05T12:47:17.968+0000] {processor.py:176} INFO - Processing /home/airflow/.local/lib/python3.7/site-packages/airflow/example_dags/example_xcom.py took 0.211 seconds
[2023-06-05T13:45:32.842+0000] {processor.py:154} INFO - Started process (PID=907) to work on /home/airflow/.local/lib/python3.7/site-packages/airflow/example_dags/example_xcom.py
[2023-06-05T13:45:32.844+0000] {processor.py:756} INFO - Processing file /home/airflow/.local/lib/python3.7/site-packages/airflow/example_dags/example_xcom.py for tasks to queue
[2023-06-05T13:45:32.845+0000] {logging_mixin.py:120} INFO - [2023-06-05T13:45:32.845+0000] {dagbag.py:537} INFO - Filling up the DagBag from /home/airflow/.local/lib/python3.7/site-packages/airflow/example_dags/example_xcom.py
[2023-06-05T13:45:32.879+0000] {processor.py:766} INFO - DAG(s) dict_keys(['example_xcom']) retrieved from /home/airflow/.local/lib/python3.7/site-packages/airflow/example_dags/example_xcom.py
[2023-06-05T13:45:32.929+0000] {logging_mixin.py:120} INFO - [2023-06-05T13:45:32.929+0000] {dag.py:2585} INFO - Sync 1 DAGs
[2023-06-05T13:45:32.952+0000] {logging_mixin.py:120} INFO - [2023-06-05T13:45:32.952+0000] {dag.py:3340} INFO - Setting next_dagrun for example_xcom to 2021-01-01T00:00:00+00:00, run_after=2021-01-01T00:00:00+00:00
[2023-06-05T13:45:32.976+0000] {processor.py:176} INFO - Processing /home/airflow/.local/lib/python3.7/site-packages/airflow/example_dags/example_xcom.py took 0.137 seconds
[2023-06-05T14:52:54.043+0000] {processor.py:154} INFO - Started process (PID=962) to work on /home/airflow/.local/lib/python3.7/site-packages/airflow/example_dags/example_xcom.py
[2023-06-05T14:52:54.044+0000] {processor.py:756} INFO - Processing file /home/airflow/.local/lib/python3.7/site-packages/airflow/example_dags/example_xcom.py for tasks to queue
[2023-06-05T14:52:54.045+0000] {logging_mixin.py:120} INFO - [2023-06-05T14:52:54.045+0000] {dagbag.py:537} INFO - Filling up the DagBag from /home/airflow/.local/lib/python3.7/site-packages/airflow/example_dags/example_xcom.py
[2023-06-05T14:52:54.063+0000] {processor.py:766} INFO - DAG(s) dict_keys(['example_xcom']) retrieved from /home/airflow/.local/lib/python3.7/site-packages/airflow/example_dags/example_xcom.py
[2023-06-05T14:52:54.100+0000] {logging_mixin.py:120} INFO - [2023-06-05T14:52:54.100+0000] {dag.py:2585} INFO - Sync 1 DAGs
[2023-06-05T14:52:54.117+0000] {logging_mixin.py:120} INFO - [2023-06-05T14:52:54.117+0000] {dag.py:3340} INFO - Setting next_dagrun for example_xcom to 2021-01-01T00:00:00+00:00, run_after=2021-01-01T00:00:00+00:00
[2023-06-05T14:52:54.138+0000] {processor.py:176} INFO - Processing /home/airflow/.local/lib/python3.7/site-packages/airflow/example_dags/example_xcom.py took 0.098 seconds
