[2023-06-05T08:57:08.301+0000] {processor.py:154} INFO - Started process (PID=85) to work on /home/airflow/.local/lib/python3.7/site-packages/airflow/example_dags/example_datasets.py
[2023-06-05T08:57:08.302+0000] {processor.py:756} INFO - Processing file /home/airflow/.local/lib/python3.7/site-packages/airflow/example_dags/example_datasets.py for tasks to queue
[2023-06-05T08:57:08.303+0000] {logging_mixin.py:120} INFO - [2023-06-05T08:57:08.303+0000] {dagbag.py:537} INFO - Filling up the DagBag from /home/airflow/.local/lib/python3.7/site-packages/airflow/example_dags/example_datasets.py
[2023-06-05T08:57:08.323+0000] {processor.py:766} INFO - DAG(s) dict_keys(['dataset_consumes_1_and_2', 'dataset_consumes_unknown_never_scheduled', 'dataset_consumes_1', 'dataset_produces_2', 'dataset_consumes_1_never_scheduled', 'dataset_produces_1']) retrieved from /home/airflow/.local/lib/python3.7/site-packages/airflow/example_dags/example_datasets.py
[2023-06-05T08:57:08.456+0000] {logging_mixin.py:120} INFO - [2023-06-05T08:57:08.456+0000] {dag.py:2585} INFO - Sync 6 DAGs
[2023-06-05T08:57:08.471+0000] {logging_mixin.py:120} INFO - [2023-06-05T08:57:08.471+0000] {dag.py:3340} INFO - Setting next_dagrun for dataset_consumes_1 to None, run_after=None
[2023-06-05T08:57:08.474+0000] {logging_mixin.py:120} INFO - [2023-06-05T08:57:08.474+0000] {dag.py:3340} INFO - Setting next_dagrun for dataset_consumes_1_and_2 to None, run_after=None
[2023-06-05T08:57:08.476+0000] {logging_mixin.py:120} INFO - [2023-06-05T08:57:08.476+0000] {dag.py:3340} INFO - Setting next_dagrun for dataset_consumes_1_never_scheduled to None, run_after=None
[2023-06-05T08:57:08.477+0000] {logging_mixin.py:120} INFO - [2023-06-05T08:57:08.477+0000] {dag.py:3340} INFO - Setting next_dagrun for dataset_consumes_unknown_never_scheduled to None, run_after=None
[2023-06-05T08:57:08.479+0000] {logging_mixin.py:120} INFO - [2023-06-05T08:57:08.479+0000] {dag.py:3340} INFO - Setting next_dagrun for dataset_produces_1 to 2023-06-04T00:00:00+00:00, run_after=2023-06-05T00:00:00+00:00
[2023-06-05T08:57:08.483+0000] {logging_mixin.py:120} INFO - [2023-06-05T08:57:08.483+0000] {dag.py:3340} INFO - Setting next_dagrun for dataset_produces_2 to None, run_after=None
[2023-06-05T08:57:08.507+0000] {processor.py:176} INFO - Processing /home/airflow/.local/lib/python3.7/site-packages/airflow/example_dags/example_datasets.py took 0.208 seconds
[2023-06-05T08:57:38.718+0000] {processor.py:154} INFO - Started process (PID=151) to work on /home/airflow/.local/lib/python3.7/site-packages/airflow/example_dags/example_datasets.py
[2023-06-05T08:57:38.719+0000] {processor.py:756} INFO - Processing file /home/airflow/.local/lib/python3.7/site-packages/airflow/example_dags/example_datasets.py for tasks to queue
[2023-06-05T08:57:38.720+0000] {logging_mixin.py:120} INFO - [2023-06-05T08:57:38.720+0000] {dagbag.py:537} INFO - Filling up the DagBag from /home/airflow/.local/lib/python3.7/site-packages/airflow/example_dags/example_datasets.py
[2023-06-05T08:57:38.732+0000] {processor.py:766} INFO - DAG(s) dict_keys(['dataset_consumes_unknown_never_scheduled', 'dataset_consumes_1_never_scheduled', 'dataset_produces_2', 'dataset_produces_1', 'dataset_consumes_1', 'dataset_consumes_1_and_2']) retrieved from /home/airflow/.local/lib/python3.7/site-packages/airflow/example_dags/example_datasets.py
[2023-06-05T08:57:38.768+0000] {logging_mixin.py:120} INFO - [2023-06-05T08:57:38.768+0000] {dag.py:2585} INFO - Sync 6 DAGs
[2023-06-05T08:57:38.783+0000] {logging_mixin.py:120} INFO - [2023-06-05T08:57:38.783+0000] {dag.py:3340} INFO - Setting next_dagrun for dataset_consumes_1 to None, run_after=None
[2023-06-05T08:57:38.785+0000] {logging_mixin.py:120} INFO - [2023-06-05T08:57:38.785+0000] {dag.py:3340} INFO - Setting next_dagrun for dataset_consumes_1_and_2 to None, run_after=None
[2023-06-05T08:57:38.787+0000] {logging_mixin.py:120} INFO - [2023-06-05T08:57:38.787+0000] {dag.py:3340} INFO - Setting next_dagrun for dataset_consumes_1_never_scheduled to None, run_after=None
[2023-06-05T08:57:38.788+0000] {logging_mixin.py:120} INFO - [2023-06-05T08:57:38.788+0000] {dag.py:3340} INFO - Setting next_dagrun for dataset_consumes_unknown_never_scheduled to None, run_after=None
[2023-06-05T08:57:38.791+0000] {logging_mixin.py:120} INFO - [2023-06-05T08:57:38.790+0000] {dag.py:3340} INFO - Setting next_dagrun for dataset_produces_1 to 2023-06-04T00:00:00+00:00, run_after=2023-06-05T00:00:00+00:00
[2023-06-05T08:57:38.792+0000] {logging_mixin.py:120} INFO - [2023-06-05T08:57:38.792+0000] {dag.py:3340} INFO - Setting next_dagrun for dataset_produces_2 to None, run_after=None
[2023-06-05T08:57:38.808+0000] {processor.py:176} INFO - Processing /home/airflow/.local/lib/python3.7/site-packages/airflow/example_dags/example_datasets.py took 0.092 seconds
[2023-06-05T08:58:09.216+0000] {processor.py:154} INFO - Started process (PID=207) to work on /home/airflow/.local/lib/python3.7/site-packages/airflow/example_dags/example_datasets.py
[2023-06-05T08:58:09.218+0000] {processor.py:756} INFO - Processing file /home/airflow/.local/lib/python3.7/site-packages/airflow/example_dags/example_datasets.py for tasks to queue
[2023-06-05T08:58:09.219+0000] {logging_mixin.py:120} INFO - [2023-06-05T08:58:09.219+0000] {dagbag.py:537} INFO - Filling up the DagBag from /home/airflow/.local/lib/python3.7/site-packages/airflow/example_dags/example_datasets.py
[2023-06-05T08:58:09.233+0000] {processor.py:766} INFO - DAG(s) dict_keys(['dataset_produces_2', 'dataset_consumes_1_and_2', 'dataset_consumes_unknown_never_scheduled', 'dataset_consumes_1', 'dataset_produces_1', 'dataset_consumes_1_never_scheduled']) retrieved from /home/airflow/.local/lib/python3.7/site-packages/airflow/example_dags/example_datasets.py
[2023-06-05T08:58:09.279+0000] {logging_mixin.py:120} INFO - [2023-06-05T08:58:09.279+0000] {dag.py:2585} INFO - Sync 6 DAGs
[2023-06-05T08:58:09.304+0000] {logging_mixin.py:120} INFO - [2023-06-05T08:58:09.304+0000] {dag.py:3340} INFO - Setting next_dagrun for dataset_consumes_1 to None, run_after=None
[2023-06-05T08:58:09.309+0000] {logging_mixin.py:120} INFO - [2023-06-05T08:58:09.309+0000] {dag.py:3340} INFO - Setting next_dagrun for dataset_consumes_1_and_2 to None, run_after=None
[2023-06-05T08:58:09.313+0000] {logging_mixin.py:120} INFO - [2023-06-05T08:58:09.313+0000] {dag.py:3340} INFO - Setting next_dagrun for dataset_consumes_1_never_scheduled to None, run_after=None
[2023-06-05T08:58:09.315+0000] {logging_mixin.py:120} INFO - [2023-06-05T08:58:09.315+0000] {dag.py:3340} INFO - Setting next_dagrun for dataset_consumes_unknown_never_scheduled to None, run_after=None
[2023-06-05T08:58:09.317+0000] {logging_mixin.py:120} INFO - [2023-06-05T08:58:09.317+0000] {dag.py:3340} INFO - Setting next_dagrun for dataset_produces_1 to 2023-06-04T00:00:00+00:00, run_after=2023-06-05T00:00:00+00:00
[2023-06-05T08:58:09.319+0000] {logging_mixin.py:120} INFO - [2023-06-05T08:58:09.319+0000] {dag.py:3340} INFO - Setting next_dagrun for dataset_produces_2 to None, run_after=None
[2023-06-05T08:58:09.346+0000] {processor.py:176} INFO - Processing /home/airflow/.local/lib/python3.7/site-packages/airflow/example_dags/example_datasets.py took 0.135 seconds
[2023-06-05T08:58:40.039+0000] {processor.py:154} INFO - Started process (PID=271) to work on /home/airflow/.local/lib/python3.7/site-packages/airflow/example_dags/example_datasets.py
[2023-06-05T08:58:40.041+0000] {processor.py:756} INFO - Processing file /home/airflow/.local/lib/python3.7/site-packages/airflow/example_dags/example_datasets.py for tasks to queue
[2023-06-05T08:58:40.042+0000] {logging_mixin.py:120} INFO - [2023-06-05T08:58:40.042+0000] {dagbag.py:537} INFO - Filling up the DagBag from /home/airflow/.local/lib/python3.7/site-packages/airflow/example_dags/example_datasets.py
[2023-06-05T08:58:40.055+0000] {processor.py:766} INFO - DAG(s) dict_keys(['dataset_consumes_1_never_scheduled', 'dataset_consumes_unknown_never_scheduled', 'dataset_produces_2', 'dataset_produces_1', 'dataset_consumes_1_and_2', 'dataset_consumes_1']) retrieved from /home/airflow/.local/lib/python3.7/site-packages/airflow/example_dags/example_datasets.py
[2023-06-05T08:58:40.103+0000] {logging_mixin.py:120} INFO - [2023-06-05T08:58:40.103+0000] {dag.py:2585} INFO - Sync 6 DAGs
[2023-06-05T08:58:40.118+0000] {logging_mixin.py:120} INFO - [2023-06-05T08:58:40.118+0000] {dag.py:3340} INFO - Setting next_dagrun for dataset_consumes_1 to None, run_after=None
[2023-06-05T08:58:40.121+0000] {logging_mixin.py:120} INFO - [2023-06-05T08:58:40.121+0000] {dag.py:3340} INFO - Setting next_dagrun for dataset_consumes_1_and_2 to None, run_after=None
[2023-06-05T08:58:40.122+0000] {logging_mixin.py:120} INFO - [2023-06-05T08:58:40.122+0000] {dag.py:3340} INFO - Setting next_dagrun for dataset_consumes_1_never_scheduled to None, run_after=None
[2023-06-05T08:58:40.123+0000] {logging_mixin.py:120} INFO - [2023-06-05T08:58:40.123+0000] {dag.py:3340} INFO - Setting next_dagrun for dataset_consumes_unknown_never_scheduled to None, run_after=None
[2023-06-05T08:58:40.125+0000] {logging_mixin.py:120} INFO - [2023-06-05T08:58:40.125+0000] {dag.py:3340} INFO - Setting next_dagrun for dataset_produces_1 to 2023-06-04T00:00:00+00:00, run_after=2023-06-05T00:00:00+00:00
[2023-06-05T08:58:40.126+0000] {logging_mixin.py:120} INFO - [2023-06-05T08:58:40.126+0000] {dag.py:3340} INFO - Setting next_dagrun for dataset_produces_2 to None, run_after=None
[2023-06-05T08:58:40.142+0000] {processor.py:176} INFO - Processing /home/airflow/.local/lib/python3.7/site-packages/airflow/example_dags/example_datasets.py took 0.107 seconds
[2023-06-05T08:59:11.470+0000] {processor.py:154} INFO - Started process (PID=337) to work on /home/airflow/.local/lib/python3.7/site-packages/airflow/example_dags/example_datasets.py
[2023-06-05T08:59:11.473+0000] {processor.py:756} INFO - Processing file /home/airflow/.local/lib/python3.7/site-packages/airflow/example_dags/example_datasets.py for tasks to queue
[2023-06-05T08:59:11.476+0000] {logging_mixin.py:120} INFO - [2023-06-05T08:59:11.475+0000] {dagbag.py:537} INFO - Filling up the DagBag from /home/airflow/.local/lib/python3.7/site-packages/airflow/example_dags/example_datasets.py
[2023-06-05T08:59:11.492+0000] {processor.py:766} INFO - DAG(s) dict_keys(['dataset_produces_1', 'dataset_consumes_1_and_2', 'dataset_consumes_unknown_never_scheduled', 'dataset_consumes_1', 'dataset_consumes_1_never_scheduled', 'dataset_produces_2']) retrieved from /home/airflow/.local/lib/python3.7/site-packages/airflow/example_dags/example_datasets.py
[2023-06-05T08:59:11.552+0000] {logging_mixin.py:120} INFO - [2023-06-05T08:59:11.552+0000] {dag.py:2585} INFO - Sync 6 DAGs
[2023-06-05T08:59:11.574+0000] {logging_mixin.py:120} INFO - [2023-06-05T08:59:11.574+0000] {dag.py:3340} INFO - Setting next_dagrun for dataset_consumes_1 to None, run_after=None
[2023-06-05T08:59:11.578+0000] {logging_mixin.py:120} INFO - [2023-06-05T08:59:11.578+0000] {dag.py:3340} INFO - Setting next_dagrun for dataset_consumes_1_and_2 to None, run_after=None
[2023-06-05T08:59:11.580+0000] {logging_mixin.py:120} INFO - [2023-06-05T08:59:11.580+0000] {dag.py:3340} INFO - Setting next_dagrun for dataset_consumes_1_never_scheduled to None, run_after=None
[2023-06-05T08:59:11.583+0000] {logging_mixin.py:120} INFO - [2023-06-05T08:59:11.583+0000] {dag.py:3340} INFO - Setting next_dagrun for dataset_consumes_unknown_never_scheduled to None, run_after=None
[2023-06-05T08:59:11.589+0000] {logging_mixin.py:120} INFO - [2023-06-05T08:59:11.589+0000] {dag.py:3340} INFO - Setting next_dagrun for dataset_produces_1 to 2023-06-04T00:00:00+00:00, run_after=2023-06-05T00:00:00+00:00
[2023-06-05T08:59:11.591+0000] {logging_mixin.py:120} INFO - [2023-06-05T08:59:11.591+0000] {dag.py:3340} INFO - Setting next_dagrun for dataset_produces_2 to None, run_after=None
[2023-06-05T08:59:11.620+0000] {processor.py:176} INFO - Processing /home/airflow/.local/lib/python3.7/site-packages/airflow/example_dags/example_datasets.py took 0.154 seconds
[2023-06-05T08:59:42.649+0000] {processor.py:154} INFO - Started process (PID=399) to work on /home/airflow/.local/lib/python3.7/site-packages/airflow/example_dags/example_datasets.py
[2023-06-05T08:59:42.651+0000] {processor.py:756} INFO - Processing file /home/airflow/.local/lib/python3.7/site-packages/airflow/example_dags/example_datasets.py for tasks to queue
[2023-06-05T08:59:42.654+0000] {logging_mixin.py:120} INFO - [2023-06-05T08:59:42.653+0000] {dagbag.py:537} INFO - Filling up the DagBag from /home/airflow/.local/lib/python3.7/site-packages/airflow/example_dags/example_datasets.py
[2023-06-05T08:59:42.755+0000] {processor.py:766} INFO - DAG(s) dict_keys(['dataset_produces_1', 'dataset_consumes_1', 'dataset_consumes_1_never_scheduled', 'dataset_produces_2', 'dataset_consumes_unknown_never_scheduled', 'dataset_consumes_1_and_2']) retrieved from /home/airflow/.local/lib/python3.7/site-packages/airflow/example_dags/example_datasets.py
[2023-06-05T08:59:42.828+0000] {logging_mixin.py:120} INFO - [2023-06-05T08:59:42.828+0000] {dag.py:2585} INFO - Sync 6 DAGs
[2023-06-05T08:59:42.866+0000] {logging_mixin.py:120} INFO - [2023-06-05T08:59:42.866+0000] {dag.py:3340} INFO - Setting next_dagrun for dataset_consumes_1 to None, run_after=None
[2023-06-05T08:59:42.875+0000] {logging_mixin.py:120} INFO - [2023-06-05T08:59:42.874+0000] {dag.py:3340} INFO - Setting next_dagrun for dataset_consumes_1_and_2 to None, run_after=None
[2023-06-05T08:59:42.877+0000] {logging_mixin.py:120} INFO - [2023-06-05T08:59:42.876+0000] {dag.py:3340} INFO - Setting next_dagrun for dataset_consumes_1_never_scheduled to None, run_after=None
[2023-06-05T08:59:42.878+0000] {logging_mixin.py:120} INFO - [2023-06-05T08:59:42.878+0000] {dag.py:3340} INFO - Setting next_dagrun for dataset_consumes_unknown_never_scheduled to None, run_after=None
[2023-06-05T08:59:42.881+0000] {logging_mixin.py:120} INFO - [2023-06-05T08:59:42.881+0000] {dag.py:3340} INFO - Setting next_dagrun for dataset_produces_1 to 2023-06-04T00:00:00+00:00, run_after=2023-06-05T00:00:00+00:00
[2023-06-05T08:59:42.882+0000] {logging_mixin.py:120} INFO - [2023-06-05T08:59:42.882+0000] {dag.py:3340} INFO - Setting next_dagrun for dataset_produces_2 to None, run_after=None
[2023-06-05T08:59:42.925+0000] {processor.py:176} INFO - Processing /home/airflow/.local/lib/python3.7/site-packages/airflow/example_dags/example_datasets.py took 0.286 seconds
[2023-06-05T09:00:14.685+0000] {processor.py:154} INFO - Started process (PID=462) to work on /home/airflow/.local/lib/python3.7/site-packages/airflow/example_dags/example_datasets.py
[2023-06-05T09:00:14.689+0000] {processor.py:756} INFO - Processing file /home/airflow/.local/lib/python3.7/site-packages/airflow/example_dags/example_datasets.py for tasks to queue
[2023-06-05T09:00:14.690+0000] {logging_mixin.py:120} INFO - [2023-06-05T09:00:14.690+0000] {dagbag.py:537} INFO - Filling up the DagBag from /home/airflow/.local/lib/python3.7/site-packages/airflow/example_dags/example_datasets.py
[2023-06-05T09:00:14.722+0000] {processor.py:766} INFO - DAG(s) dict_keys(['dataset_consumes_unknown_never_scheduled', 'dataset_consumes_1', 'dataset_produces_1', 'dataset_consumes_1_never_scheduled', 'dataset_consumes_1_and_2', 'dataset_produces_2']) retrieved from /home/airflow/.local/lib/python3.7/site-packages/airflow/example_dags/example_datasets.py
[2023-06-05T09:00:14.833+0000] {logging_mixin.py:120} INFO - [2023-06-05T09:00:14.831+0000] {dag.py:2585} INFO - Sync 6 DAGs
[2023-06-05T09:00:14.991+0000] {logging_mixin.py:120} INFO - [2023-06-05T09:00:14.991+0000] {dag.py:3340} INFO - Setting next_dagrun for dataset_consumes_1 to None, run_after=None
[2023-06-05T09:00:15.012+0000] {logging_mixin.py:120} INFO - [2023-06-05T09:00:15.011+0000] {dag.py:3340} INFO - Setting next_dagrun for dataset_consumes_1_and_2 to None, run_after=None
[2023-06-05T09:00:15.016+0000] {logging_mixin.py:120} INFO - [2023-06-05T09:00:15.016+0000] {dag.py:3340} INFO - Setting next_dagrun for dataset_consumes_1_never_scheduled to None, run_after=None
[2023-06-05T09:00:15.020+0000] {logging_mixin.py:120} INFO - [2023-06-05T09:00:15.020+0000] {dag.py:3340} INFO - Setting next_dagrun for dataset_consumes_unknown_never_scheduled to None, run_after=None
[2023-06-05T09:00:15.023+0000] {logging_mixin.py:120} INFO - [2023-06-05T09:00:15.023+0000] {dag.py:3340} INFO - Setting next_dagrun for dataset_produces_1 to 2023-06-04T00:00:00+00:00, run_after=2023-06-05T00:00:00+00:00
[2023-06-05T09:00:15.030+0000] {logging_mixin.py:120} INFO - [2023-06-05T09:00:15.029+0000] {dag.py:3340} INFO - Setting next_dagrun for dataset_produces_2 to None, run_after=None
[2023-06-05T09:00:15.122+0000] {processor.py:176} INFO - Processing /home/airflow/.local/lib/python3.7/site-packages/airflow/example_dags/example_datasets.py took 0.442 seconds
[2023-06-05T09:00:45.324+0000] {processor.py:154} INFO - Started process (PID=517) to work on /home/airflow/.local/lib/python3.7/site-packages/airflow/example_dags/example_datasets.py
[2023-06-05T09:00:45.326+0000] {processor.py:756} INFO - Processing file /home/airflow/.local/lib/python3.7/site-packages/airflow/example_dags/example_datasets.py for tasks to queue
[2023-06-05T09:00:45.327+0000] {logging_mixin.py:120} INFO - [2023-06-05T09:00:45.327+0000] {dagbag.py:537} INFO - Filling up the DagBag from /home/airflow/.local/lib/python3.7/site-packages/airflow/example_dags/example_datasets.py
[2023-06-05T09:00:45.339+0000] {processor.py:766} INFO - DAG(s) dict_keys(['dataset_consumes_unknown_never_scheduled', 'dataset_consumes_1_and_2', 'dataset_produces_2', 'dataset_consumes_1', 'dataset_produces_1', 'dataset_consumes_1_never_scheduled']) retrieved from /home/airflow/.local/lib/python3.7/site-packages/airflow/example_dags/example_datasets.py
[2023-06-05T09:00:45.376+0000] {logging_mixin.py:120} INFO - [2023-06-05T09:00:45.376+0000] {dag.py:2585} INFO - Sync 6 DAGs
[2023-06-05T09:00:45.393+0000] {logging_mixin.py:120} INFO - [2023-06-05T09:00:45.393+0000] {dag.py:3340} INFO - Setting next_dagrun for dataset_consumes_1 to None, run_after=None
[2023-06-05T09:00:45.396+0000] {logging_mixin.py:120} INFO - [2023-06-05T09:00:45.396+0000] {dag.py:3340} INFO - Setting next_dagrun for dataset_consumes_1_and_2 to None, run_after=None
[2023-06-05T09:00:45.397+0000] {logging_mixin.py:120} INFO - [2023-06-05T09:00:45.397+0000] {dag.py:3340} INFO - Setting next_dagrun for dataset_consumes_1_never_scheduled to None, run_after=None
[2023-06-05T09:00:45.398+0000] {logging_mixin.py:120} INFO - [2023-06-05T09:00:45.398+0000] {dag.py:3340} INFO - Setting next_dagrun for dataset_consumes_unknown_never_scheduled to None, run_after=None
[2023-06-05T09:00:45.400+0000] {logging_mixin.py:120} INFO - [2023-06-05T09:00:45.400+0000] {dag.py:3340} INFO - Setting next_dagrun for dataset_produces_1 to 2023-06-04T00:00:00+00:00, run_after=2023-06-05T00:00:00+00:00
[2023-06-05T09:00:45.401+0000] {logging_mixin.py:120} INFO - [2023-06-05T09:00:45.401+0000] {dag.py:3340} INFO - Setting next_dagrun for dataset_produces_2 to None, run_after=None
[2023-06-05T09:00:45.420+0000] {processor.py:176} INFO - Processing /home/airflow/.local/lib/python3.7/site-packages/airflow/example_dags/example_datasets.py took 0.099 seconds
[2023-06-05T09:01:16.094+0000] {processor.py:154} INFO - Started process (PID=580) to work on /home/airflow/.local/lib/python3.7/site-packages/airflow/example_dags/example_datasets.py
[2023-06-05T09:01:16.096+0000] {processor.py:756} INFO - Processing file /home/airflow/.local/lib/python3.7/site-packages/airflow/example_dags/example_datasets.py for tasks to queue
[2023-06-05T09:01:16.108+0000] {logging_mixin.py:120} INFO - [2023-06-05T09:01:16.108+0000] {dagbag.py:537} INFO - Filling up the DagBag from /home/airflow/.local/lib/python3.7/site-packages/airflow/example_dags/example_datasets.py
[2023-06-05T09:01:16.133+0000] {processor.py:766} INFO - DAG(s) dict_keys(['dataset_produces_2', 'dataset_consumes_1_and_2', 'dataset_consumes_1', 'dataset_produces_1', 'dataset_consumes_1_never_scheduled', 'dataset_consumes_unknown_never_scheduled']) retrieved from /home/airflow/.local/lib/python3.7/site-packages/airflow/example_dags/example_datasets.py
[2023-06-05T09:01:16.217+0000] {logging_mixin.py:120} INFO - [2023-06-05T09:01:16.217+0000] {dag.py:2585} INFO - Sync 6 DAGs
[2023-06-05T09:01:16.240+0000] {logging_mixin.py:120} INFO - [2023-06-05T09:01:16.240+0000] {dag.py:3340} INFO - Setting next_dagrun for dataset_consumes_1 to None, run_after=None
[2023-06-05T09:01:16.244+0000] {logging_mixin.py:120} INFO - [2023-06-05T09:01:16.244+0000] {dag.py:3340} INFO - Setting next_dagrun for dataset_consumes_1_and_2 to None, run_after=None
[2023-06-05T09:01:16.246+0000] {logging_mixin.py:120} INFO - [2023-06-05T09:01:16.246+0000] {dag.py:3340} INFO - Setting next_dagrun for dataset_consumes_1_never_scheduled to None, run_after=None
[2023-06-05T09:01:16.247+0000] {logging_mixin.py:120} INFO - [2023-06-05T09:01:16.247+0000] {dag.py:3340} INFO - Setting next_dagrun for dataset_consumes_unknown_never_scheduled to None, run_after=None
[2023-06-05T09:01:16.249+0000] {logging_mixin.py:120} INFO - [2023-06-05T09:01:16.249+0000] {dag.py:3340} INFO - Setting next_dagrun for dataset_produces_1 to 2023-06-04T00:00:00+00:00, run_after=2023-06-05T00:00:00+00:00
[2023-06-05T09:01:16.251+0000] {logging_mixin.py:120} INFO - [2023-06-05T09:01:16.251+0000] {dag.py:3340} INFO - Setting next_dagrun for dataset_produces_2 to None, run_after=None
[2023-06-05T09:01:16.277+0000] {processor.py:176} INFO - Processing /home/airflow/.local/lib/python3.7/site-packages/airflow/example_dags/example_datasets.py took 0.186 seconds
[2023-06-05T09:01:47.312+0000] {processor.py:154} INFO - Started process (PID=641) to work on /home/airflow/.local/lib/python3.7/site-packages/airflow/example_dags/example_datasets.py
[2023-06-05T09:01:47.320+0000] {processor.py:756} INFO - Processing file /home/airflow/.local/lib/python3.7/site-packages/airflow/example_dags/example_datasets.py for tasks to queue
[2023-06-05T09:01:47.321+0000] {logging_mixin.py:120} INFO - [2023-06-05T09:01:47.321+0000] {dagbag.py:537} INFO - Filling up the DagBag from /home/airflow/.local/lib/python3.7/site-packages/airflow/example_dags/example_datasets.py
[2023-06-05T09:01:47.338+0000] {processor.py:766} INFO - DAG(s) dict_keys(['dataset_produces_2', 'dataset_consumes_1_and_2', 'dataset_consumes_1_never_scheduled', 'dataset_consumes_1', 'dataset_consumes_unknown_never_scheduled', 'dataset_produces_1']) retrieved from /home/airflow/.local/lib/python3.7/site-packages/airflow/example_dags/example_datasets.py
[2023-06-05T09:01:47.423+0000] {logging_mixin.py:120} INFO - [2023-06-05T09:01:47.421+0000] {dag.py:2585} INFO - Sync 6 DAGs
[2023-06-05T09:01:47.469+0000] {logging_mixin.py:120} INFO - [2023-06-05T09:01:47.468+0000] {dag.py:3340} INFO - Setting next_dagrun for dataset_consumes_1 to None, run_after=None
[2023-06-05T09:01:47.477+0000] {logging_mixin.py:120} INFO - [2023-06-05T09:01:47.477+0000] {dag.py:3340} INFO - Setting next_dagrun for dataset_consumes_1_and_2 to None, run_after=None
[2023-06-05T09:01:47.481+0000] {logging_mixin.py:120} INFO - [2023-06-05T09:01:47.480+0000] {dag.py:3340} INFO - Setting next_dagrun for dataset_consumes_1_never_scheduled to None, run_after=None
[2023-06-05T09:01:47.483+0000] {logging_mixin.py:120} INFO - [2023-06-05T09:01:47.483+0000] {dag.py:3340} INFO - Setting next_dagrun for dataset_consumes_unknown_never_scheduled to None, run_after=None
[2023-06-05T09:01:47.490+0000] {logging_mixin.py:120} INFO - [2023-06-05T09:01:47.490+0000] {dag.py:3340} INFO - Setting next_dagrun for dataset_produces_1 to 2023-06-04T00:00:00+00:00, run_after=2023-06-05T00:00:00+00:00
[2023-06-05T09:01:47.497+0000] {logging_mixin.py:120} INFO - [2023-06-05T09:01:47.497+0000] {dag.py:3340} INFO - Setting next_dagrun for dataset_produces_2 to None, run_after=None
[2023-06-05T09:01:47.534+0000] {processor.py:176} INFO - Processing /home/airflow/.local/lib/python3.7/site-packages/airflow/example_dags/example_datasets.py took 0.227 seconds
[2023-06-05T09:02:18.142+0000] {processor.py:154} INFO - Started process (PID=705) to work on /home/airflow/.local/lib/python3.7/site-packages/airflow/example_dags/example_datasets.py
[2023-06-05T09:02:18.143+0000] {processor.py:756} INFO - Processing file /home/airflow/.local/lib/python3.7/site-packages/airflow/example_dags/example_datasets.py for tasks to queue
[2023-06-05T09:02:18.144+0000] {logging_mixin.py:120} INFO - [2023-06-05T09:02:18.144+0000] {dagbag.py:537} INFO - Filling up the DagBag from /home/airflow/.local/lib/python3.7/site-packages/airflow/example_dags/example_datasets.py
[2023-06-05T09:02:18.157+0000] {processor.py:766} INFO - DAG(s) dict_keys(['dataset_produces_2', 'dataset_produces_1', 'dataset_consumes_1_and_2', 'dataset_consumes_unknown_never_scheduled', 'dataset_consumes_1', 'dataset_consumes_1_never_scheduled']) retrieved from /home/airflow/.local/lib/python3.7/site-packages/airflow/example_dags/example_datasets.py
[2023-06-05T09:02:18.195+0000] {logging_mixin.py:120} INFO - [2023-06-05T09:02:18.195+0000] {dag.py:2585} INFO - Sync 6 DAGs
[2023-06-05T09:02:18.211+0000] {logging_mixin.py:120} INFO - [2023-06-05T09:02:18.211+0000] {dag.py:3340} INFO - Setting next_dagrun for dataset_consumes_1 to None, run_after=None
[2023-06-05T09:02:18.214+0000] {logging_mixin.py:120} INFO - [2023-06-05T09:02:18.214+0000] {dag.py:3340} INFO - Setting next_dagrun for dataset_consumes_1_and_2 to None, run_after=None
[2023-06-05T09:02:18.215+0000] {logging_mixin.py:120} INFO - [2023-06-05T09:02:18.215+0000] {dag.py:3340} INFO - Setting next_dagrun for dataset_consumes_1_never_scheduled to None, run_after=None
[2023-06-05T09:02:18.221+0000] {logging_mixin.py:120} INFO - [2023-06-05T09:02:18.221+0000] {dag.py:3340} INFO - Setting next_dagrun for dataset_consumes_unknown_never_scheduled to None, run_after=None
[2023-06-05T09:02:18.222+0000] {logging_mixin.py:120} INFO - [2023-06-05T09:02:18.222+0000] {dag.py:3340} INFO - Setting next_dagrun for dataset_produces_1 to 2023-06-04T00:00:00+00:00, run_after=2023-06-05T00:00:00+00:00
[2023-06-05T09:02:18.223+0000] {logging_mixin.py:120} INFO - [2023-06-05T09:02:18.223+0000] {dag.py:3340} INFO - Setting next_dagrun for dataset_produces_2 to None, run_after=None
[2023-06-05T09:02:18.239+0000] {processor.py:176} INFO - Processing /home/airflow/.local/lib/python3.7/site-packages/airflow/example_dags/example_datasets.py took 0.100 seconds
[2023-06-05T10:02:23.347+0000] {processor.py:154} INFO - Started process (PID=750) to work on /home/airflow/.local/lib/python3.7/site-packages/airflow/example_dags/example_datasets.py
[2023-06-05T10:02:23.350+0000] {processor.py:756} INFO - Processing file /home/airflow/.local/lib/python3.7/site-packages/airflow/example_dags/example_datasets.py for tasks to queue
[2023-06-05T10:02:23.351+0000] {logging_mixin.py:120} INFO - [2023-06-05T10:02:23.351+0000] {dagbag.py:537} INFO - Filling up the DagBag from /home/airflow/.local/lib/python3.7/site-packages/airflow/example_dags/example_datasets.py
[2023-06-05T10:02:23.364+0000] {processor.py:766} INFO - DAG(s) dict_keys(['dataset_produces_1', 'dataset_produces_2', 'dataset_consumes_1_and_2', 'dataset_consumes_unknown_never_scheduled', 'dataset_consumes_1_never_scheduled', 'dataset_consumes_1']) retrieved from /home/airflow/.local/lib/python3.7/site-packages/airflow/example_dags/example_datasets.py
[2023-06-05T10:02:23.407+0000] {logging_mixin.py:120} INFO - [2023-06-05T10:02:23.407+0000] {dag.py:2585} INFO - Sync 6 DAGs
[2023-06-05T10:02:23.426+0000] {logging_mixin.py:120} INFO - [2023-06-05T10:02:23.426+0000] {dag.py:3340} INFO - Setting next_dagrun for dataset_consumes_1 to None, run_after=None
[2023-06-05T10:02:23.434+0000] {logging_mixin.py:120} INFO - [2023-06-05T10:02:23.433+0000] {dag.py:3340} INFO - Setting next_dagrun for dataset_consumes_1_and_2 to None, run_after=None
[2023-06-05T10:02:23.436+0000] {logging_mixin.py:120} INFO - [2023-06-05T10:02:23.436+0000] {dag.py:3340} INFO - Setting next_dagrun for dataset_consumes_1_never_scheduled to None, run_after=None
[2023-06-05T10:02:23.438+0000] {logging_mixin.py:120} INFO - [2023-06-05T10:02:23.438+0000] {dag.py:3340} INFO - Setting next_dagrun for dataset_consumes_unknown_never_scheduled to None, run_after=None
[2023-06-05T10:02:23.443+0000] {logging_mixin.py:120} INFO - [2023-06-05T10:02:23.443+0000] {dag.py:3340} INFO - Setting next_dagrun for dataset_produces_1 to 2023-06-04T00:00:00+00:00, run_after=2023-06-05T00:00:00+00:00
[2023-06-05T10:02:23.445+0000] {logging_mixin.py:120} INFO - [2023-06-05T10:02:23.445+0000] {dag.py:3340} INFO - Setting next_dagrun for dataset_produces_2 to None, run_after=None
[2023-06-05T10:02:23.468+0000] {processor.py:176} INFO - Processing /home/airflow/.local/lib/python3.7/site-packages/airflow/example_dags/example_datasets.py took 0.124 seconds
[2023-06-05T11:26:12.634+0000] {processor.py:154} INFO - Started process (PID=805) to work on /home/airflow/.local/lib/python3.7/site-packages/airflow/example_dags/example_datasets.py
[2023-06-05T11:26:12.636+0000] {processor.py:756} INFO - Processing file /home/airflow/.local/lib/python3.7/site-packages/airflow/example_dags/example_datasets.py for tasks to queue
[2023-06-05T11:26:12.637+0000] {logging_mixin.py:120} INFO - [2023-06-05T11:26:12.637+0000] {dagbag.py:537} INFO - Filling up the DagBag from /home/airflow/.local/lib/python3.7/site-packages/airflow/example_dags/example_datasets.py
[2023-06-05T11:26:12.650+0000] {processor.py:766} INFO - DAG(s) dict_keys(['dataset_produces_1', 'dataset_consumes_1_and_2', 'dataset_consumes_unknown_never_scheduled', 'dataset_consumes_1_never_scheduled', 'dataset_produces_2', 'dataset_consumes_1']) retrieved from /home/airflow/.local/lib/python3.7/site-packages/airflow/example_dags/example_datasets.py
[2023-06-05T11:26:12.713+0000] {logging_mixin.py:120} INFO - [2023-06-05T11:26:12.713+0000] {dag.py:2585} INFO - Sync 6 DAGs
[2023-06-05T11:26:12.735+0000] {logging_mixin.py:120} INFO - [2023-06-05T11:26:12.734+0000] {dag.py:3340} INFO - Setting next_dagrun for dataset_consumes_1 to None, run_after=None
[2023-06-05T11:26:12.740+0000] {logging_mixin.py:120} INFO - [2023-06-05T11:26:12.740+0000] {dag.py:3340} INFO - Setting next_dagrun for dataset_consumes_1_and_2 to None, run_after=None
[2023-06-05T11:26:12.745+0000] {logging_mixin.py:120} INFO - [2023-06-05T11:26:12.743+0000] {dag.py:3340} INFO - Setting next_dagrun for dataset_consumes_1_never_scheduled to None, run_after=None
[2023-06-05T11:26:12.748+0000] {logging_mixin.py:120} INFO - [2023-06-05T11:26:12.748+0000] {dag.py:3340} INFO - Setting next_dagrun for dataset_consumes_unknown_never_scheduled to None, run_after=None
[2023-06-05T11:26:12.752+0000] {logging_mixin.py:120} INFO - [2023-06-05T11:26:12.752+0000] {dag.py:3340} INFO - Setting next_dagrun for dataset_produces_1 to 2023-06-04T00:00:00+00:00, run_after=2023-06-05T00:00:00+00:00
[2023-06-05T11:26:12.755+0000] {logging_mixin.py:120} INFO - [2023-06-05T11:26:12.755+0000] {dag.py:3340} INFO - Setting next_dagrun for dataset_produces_2 to None, run_after=None
[2023-06-05T11:26:12.780+0000] {processor.py:176} INFO - Processing /home/airflow/.local/lib/python3.7/site-packages/airflow/example_dags/example_datasets.py took 0.149 seconds
[2023-06-05T12:47:19.742+0000] {processor.py:154} INFO - Started process (PID=869) to work on /home/airflow/.local/lib/python3.7/site-packages/airflow/example_dags/example_datasets.py
[2023-06-05T12:47:19.743+0000] {processor.py:756} INFO - Processing file /home/airflow/.local/lib/python3.7/site-packages/airflow/example_dags/example_datasets.py for tasks to queue
[2023-06-05T12:47:19.744+0000] {logging_mixin.py:120} INFO - [2023-06-05T12:47:19.744+0000] {dagbag.py:537} INFO - Filling up the DagBag from /home/airflow/.local/lib/python3.7/site-packages/airflow/example_dags/example_datasets.py
[2023-06-05T12:47:19.759+0000] {processor.py:766} INFO - DAG(s) dict_keys(['dataset_consumes_1', 'dataset_produces_2', 'dataset_consumes_unknown_never_scheduled', 'dataset_consumes_1_never_scheduled', 'dataset_consumes_1_and_2', 'dataset_produces_1']) retrieved from /home/airflow/.local/lib/python3.7/site-packages/airflow/example_dags/example_datasets.py
[2023-06-05T12:47:19.807+0000] {logging_mixin.py:120} INFO - [2023-06-05T12:47:19.806+0000] {dag.py:2585} INFO - Sync 6 DAGs
[2023-06-05T12:47:19.824+0000] {logging_mixin.py:120} INFO - [2023-06-05T12:47:19.824+0000] {dag.py:3340} INFO - Setting next_dagrun for dataset_consumes_1 to None, run_after=None
[2023-06-05T12:47:19.827+0000] {logging_mixin.py:120} INFO - [2023-06-05T12:47:19.827+0000] {dag.py:3340} INFO - Setting next_dagrun for dataset_consumes_1_and_2 to None, run_after=None
[2023-06-05T12:47:19.828+0000] {logging_mixin.py:120} INFO - [2023-06-05T12:47:19.828+0000] {dag.py:3340} INFO - Setting next_dagrun for dataset_consumes_1_never_scheduled to None, run_after=None
[2023-06-05T12:47:19.829+0000] {logging_mixin.py:120} INFO - [2023-06-05T12:47:19.829+0000] {dag.py:3340} INFO - Setting next_dagrun for dataset_consumes_unknown_never_scheduled to None, run_after=None
[2023-06-05T12:47:19.831+0000] {logging_mixin.py:120} INFO - [2023-06-05T12:47:19.831+0000] {dag.py:3340} INFO - Setting next_dagrun for dataset_produces_1 to 2023-06-04T00:00:00+00:00, run_after=2023-06-05T00:00:00+00:00
[2023-06-05T12:47:19.832+0000] {logging_mixin.py:120} INFO - [2023-06-05T12:47:19.832+0000] {dag.py:3340} INFO - Setting next_dagrun for dataset_produces_2 to None, run_after=None
[2023-06-05T12:47:19.849+0000] {processor.py:176} INFO - Processing /home/airflow/.local/lib/python3.7/site-packages/airflow/example_dags/example_datasets.py took 0.110 seconds
[2023-06-05T13:45:34.731+0000] {processor.py:154} INFO - Started process (PID=932) to work on /home/airflow/.local/lib/python3.7/site-packages/airflow/example_dags/example_datasets.py
[2023-06-05T13:45:34.733+0000] {processor.py:756} INFO - Processing file /home/airflow/.local/lib/python3.7/site-packages/airflow/example_dags/example_datasets.py for tasks to queue
[2023-06-05T13:45:34.734+0000] {logging_mixin.py:120} INFO - [2023-06-05T13:45:34.734+0000] {dagbag.py:537} INFO - Filling up the DagBag from /home/airflow/.local/lib/python3.7/site-packages/airflow/example_dags/example_datasets.py
[2023-06-05T13:45:34.750+0000] {processor.py:766} INFO - DAG(s) dict_keys(['dataset_produces_2', 'dataset_consumes_1', 'dataset_consumes_1_never_scheduled', 'dataset_produces_1', 'dataset_consumes_unknown_never_scheduled', 'dataset_consumes_1_and_2']) retrieved from /home/airflow/.local/lib/python3.7/site-packages/airflow/example_dags/example_datasets.py
[2023-06-05T13:45:34.798+0000] {logging_mixin.py:120} INFO - [2023-06-05T13:45:34.798+0000] {dag.py:2585} INFO - Sync 6 DAGs
[2023-06-05T13:45:34.820+0000] {logging_mixin.py:120} INFO - [2023-06-05T13:45:34.820+0000] {dag.py:3340} INFO - Setting next_dagrun for dataset_consumes_1 to None, run_after=None
[2023-06-05T13:45:34.822+0000] {logging_mixin.py:120} INFO - [2023-06-05T13:45:34.822+0000] {dag.py:3340} INFO - Setting next_dagrun for dataset_consumes_1_and_2 to None, run_after=None
[2023-06-05T13:45:34.824+0000] {logging_mixin.py:120} INFO - [2023-06-05T13:45:34.824+0000] {dag.py:3340} INFO - Setting next_dagrun for dataset_consumes_1_never_scheduled to None, run_after=None
[2023-06-05T13:45:34.825+0000] {logging_mixin.py:120} INFO - [2023-06-05T13:45:34.825+0000] {dag.py:3340} INFO - Setting next_dagrun for dataset_consumes_unknown_never_scheduled to None, run_after=None
[2023-06-05T13:45:34.827+0000] {logging_mixin.py:120} INFO - [2023-06-05T13:45:34.827+0000] {dag.py:3340} INFO - Setting next_dagrun for dataset_produces_1 to 2023-06-04T00:00:00+00:00, run_after=2023-06-05T00:00:00+00:00
[2023-06-05T13:45:34.829+0000] {logging_mixin.py:120} INFO - [2023-06-05T13:45:34.829+0000] {dag.py:3340} INFO - Setting next_dagrun for dataset_produces_2 to None, run_after=None
[2023-06-05T13:45:34.850+0000] {processor.py:176} INFO - Processing /home/airflow/.local/lib/python3.7/site-packages/airflow/example_dags/example_datasets.py took 0.121 seconds
[2023-06-05T14:52:57.035+0000] {processor.py:154} INFO - Started process (PID=996) to work on /home/airflow/.local/lib/python3.7/site-packages/airflow/example_dags/example_datasets.py
[2023-06-05T14:52:57.036+0000] {processor.py:756} INFO - Processing file /home/airflow/.local/lib/python3.7/site-packages/airflow/example_dags/example_datasets.py for tasks to queue
[2023-06-05T14:52:57.037+0000] {logging_mixin.py:120} INFO - [2023-06-05T14:52:57.037+0000] {dagbag.py:537} INFO - Filling up the DagBag from /home/airflow/.local/lib/python3.7/site-packages/airflow/example_dags/example_datasets.py
[2023-06-05T14:52:57.053+0000] {processor.py:766} INFO - DAG(s) dict_keys(['dataset_consumes_1_and_2', 'dataset_consumes_unknown_never_scheduled', 'dataset_produces_2', 'dataset_produces_1', 'dataset_consumes_1_never_scheduled', 'dataset_consumes_1']) retrieved from /home/airflow/.local/lib/python3.7/site-packages/airflow/example_dags/example_datasets.py
[2023-06-05T14:52:57.110+0000] {logging_mixin.py:120} INFO - [2023-06-05T14:52:57.110+0000] {dag.py:2585} INFO - Sync 6 DAGs
[2023-06-05T14:52:57.135+0000] {logging_mixin.py:120} INFO - [2023-06-05T14:52:57.135+0000] {dag.py:3340} INFO - Setting next_dagrun for dataset_consumes_1 to None, run_after=None
[2023-06-05T14:52:57.138+0000] {logging_mixin.py:120} INFO - [2023-06-05T14:52:57.138+0000] {dag.py:3340} INFO - Setting next_dagrun for dataset_consumes_1_and_2 to None, run_after=None
[2023-06-05T14:52:57.139+0000] {logging_mixin.py:120} INFO - [2023-06-05T14:52:57.139+0000] {dag.py:3340} INFO - Setting next_dagrun for dataset_consumes_1_never_scheduled to None, run_after=None
[2023-06-05T14:52:57.144+0000] {logging_mixin.py:120} INFO - [2023-06-05T14:52:57.144+0000] {dag.py:3340} INFO - Setting next_dagrun for dataset_consumes_unknown_never_scheduled to None, run_after=None
[2023-06-05T14:52:57.147+0000] {logging_mixin.py:120} INFO - [2023-06-05T14:52:57.147+0000] {dag.py:3340} INFO - Setting next_dagrun for dataset_produces_1 to 2023-06-04T00:00:00+00:00, run_after=2023-06-05T00:00:00+00:00
[2023-06-05T14:52:57.158+0000] {logging_mixin.py:120} INFO - [2023-06-05T14:52:57.158+0000] {dag.py:3340} INFO - Setting next_dagrun for dataset_produces_2 to None, run_after=None
[2023-06-05T14:52:57.176+0000] {processor.py:176} INFO - Processing /home/airflow/.local/lib/python3.7/site-packages/airflow/example_dags/example_datasets.py took 0.144 seconds
