[2023-06-05T08:57:03.032+0000] {processor.py:154} INFO - Started process (PID=53) to work on /home/airflow/.local/lib/python3.7/site-packages/airflow/example_dags/example_skip_dag.py
[2023-06-05T08:57:03.040+0000] {processor.py:756} INFO - Processing file /home/airflow/.local/lib/python3.7/site-packages/airflow/example_dags/example_skip_dag.py for tasks to queue
[2023-06-05T08:57:03.042+0000] {logging_mixin.py:120} INFO - [2023-06-05T08:57:03.041+0000] {dagbag.py:537} INFO - Filling up the DagBag from /home/airflow/.local/lib/python3.7/site-packages/airflow/example_dags/example_skip_dag.py
[2023-06-05T08:57:03.093+0000] {processor.py:766} INFO - DAG(s) dict_keys(['example_skip_dag']) retrieved from /home/airflow/.local/lib/python3.7/site-packages/airflow/example_dags/example_skip_dag.py
[2023-06-05T08:57:03.190+0000] {logging_mixin.py:120} INFO - [2023-06-05T08:57:03.190+0000] {dag.py:2585} INFO - Sync 1 DAGs
[2023-06-05T08:57:03.233+0000] {logging_mixin.py:120} INFO - [2023-06-05T08:57:03.233+0000] {dag.py:3340} INFO - Setting next_dagrun for example_skip_dag to 2023-06-04T08:57:03.232846+00:00, run_after=2023-06-05T08:57:03.232846+00:00
[2023-06-05T08:57:03.266+0000] {processor.py:176} INFO - Processing /home/airflow/.local/lib/python3.7/site-packages/airflow/example_dags/example_skip_dag.py took 0.254 seconds
[2023-06-05T08:57:33.355+0000] {processor.py:154} INFO - Started process (PID=120) to work on /home/airflow/.local/lib/python3.7/site-packages/airflow/example_dags/example_skip_dag.py
[2023-06-05T08:57:33.356+0000] {processor.py:756} INFO - Processing file /home/airflow/.local/lib/python3.7/site-packages/airflow/example_dags/example_skip_dag.py for tasks to queue
[2023-06-05T08:57:33.357+0000] {logging_mixin.py:120} INFO - [2023-06-05T08:57:33.357+0000] {dagbag.py:537} INFO - Filling up the DagBag from /home/airflow/.local/lib/python3.7/site-packages/airflow/example_dags/example_skip_dag.py
[2023-06-05T08:57:33.369+0000] {processor.py:766} INFO - DAG(s) dict_keys(['example_skip_dag']) retrieved from /home/airflow/.local/lib/python3.7/site-packages/airflow/example_dags/example_skip_dag.py
[2023-06-05T08:57:33.399+0000] {logging_mixin.py:120} INFO - [2023-06-05T08:57:33.399+0000] {dag.py:2585} INFO - Sync 1 DAGs
[2023-06-05T08:57:33.417+0000] {logging_mixin.py:120} INFO - [2023-06-05T08:57:33.417+0000] {dag.py:3340} INFO - Setting next_dagrun for example_skip_dag to 2023-06-04T08:57:33.417099+00:00, run_after=2023-06-05T08:57:33.417099+00:00
[2023-06-05T08:57:33.437+0000] {processor.py:176} INFO - Processing /home/airflow/.local/lib/python3.7/site-packages/airflow/example_dags/example_skip_dag.py took 0.084 seconds
[2023-06-05T08:58:03.813+0000] {processor.py:154} INFO - Started process (PID=184) to work on /home/airflow/.local/lib/python3.7/site-packages/airflow/example_dags/example_skip_dag.py
[2023-06-05T08:58:03.815+0000] {processor.py:756} INFO - Processing file /home/airflow/.local/lib/python3.7/site-packages/airflow/example_dags/example_skip_dag.py for tasks to queue
[2023-06-05T08:58:03.816+0000] {logging_mixin.py:120} INFO - [2023-06-05T08:58:03.816+0000] {dagbag.py:537} INFO - Filling up the DagBag from /home/airflow/.local/lib/python3.7/site-packages/airflow/example_dags/example_skip_dag.py
[2023-06-05T08:58:03.830+0000] {processor.py:766} INFO - DAG(s) dict_keys(['example_skip_dag']) retrieved from /home/airflow/.local/lib/python3.7/site-packages/airflow/example_dags/example_skip_dag.py
[2023-06-05T08:58:03.859+0000] {logging_mixin.py:120} INFO - [2023-06-05T08:58:03.858+0000] {dag.py:2585} INFO - Sync 1 DAGs
[2023-06-05T08:58:03.875+0000] {logging_mixin.py:120} INFO - [2023-06-05T08:58:03.874+0000] {dag.py:3340} INFO - Setting next_dagrun for example_skip_dag to 2023-06-04T08:58:03.874710+00:00, run_after=2023-06-05T08:58:03.874710+00:00
[2023-06-05T08:58:03.887+0000] {processor.py:176} INFO - Processing /home/airflow/.local/lib/python3.7/site-packages/airflow/example_dags/example_skip_dag.py took 0.077 seconds
[2023-06-05T08:58:34.398+0000] {processor.py:154} INFO - Started process (PID=248) to work on /home/airflow/.local/lib/python3.7/site-packages/airflow/example_dags/example_skip_dag.py
[2023-06-05T08:58:34.399+0000] {processor.py:756} INFO - Processing file /home/airflow/.local/lib/python3.7/site-packages/airflow/example_dags/example_skip_dag.py for tasks to queue
[2023-06-05T08:58:34.405+0000] {logging_mixin.py:120} INFO - [2023-06-05T08:58:34.405+0000] {dagbag.py:537} INFO - Filling up the DagBag from /home/airflow/.local/lib/python3.7/site-packages/airflow/example_dags/example_skip_dag.py
[2023-06-05T08:58:34.417+0000] {processor.py:766} INFO - DAG(s) dict_keys(['example_skip_dag']) retrieved from /home/airflow/.local/lib/python3.7/site-packages/airflow/example_dags/example_skip_dag.py
[2023-06-05T08:58:34.451+0000] {logging_mixin.py:120} INFO - [2023-06-05T08:58:34.451+0000] {dag.py:2585} INFO - Sync 1 DAGs
[2023-06-05T08:58:34.474+0000] {logging_mixin.py:120} INFO - [2023-06-05T08:58:34.474+0000] {dag.py:3340} INFO - Setting next_dagrun for example_skip_dag to 2023-06-04T08:58:34.472002+00:00, run_after=2023-06-05T08:58:34.472002+00:00
[2023-06-05T08:58:34.491+0000] {processor.py:176} INFO - Processing /home/airflow/.local/lib/python3.7/site-packages/airflow/example_dags/example_skip_dag.py took 0.096 seconds
[2023-06-05T08:59:05.412+0000] {processor.py:154} INFO - Started process (PID=312) to work on /home/airflow/.local/lib/python3.7/site-packages/airflow/example_dags/example_skip_dag.py
[2023-06-05T08:59:05.414+0000] {processor.py:756} INFO - Processing file /home/airflow/.local/lib/python3.7/site-packages/airflow/example_dags/example_skip_dag.py for tasks to queue
[2023-06-05T08:59:05.424+0000] {logging_mixin.py:120} INFO - [2023-06-05T08:59:05.424+0000] {dagbag.py:537} INFO - Filling up the DagBag from /home/airflow/.local/lib/python3.7/site-packages/airflow/example_dags/example_skip_dag.py
[2023-06-05T08:59:05.437+0000] {processor.py:766} INFO - DAG(s) dict_keys(['example_skip_dag']) retrieved from /home/airflow/.local/lib/python3.7/site-packages/airflow/example_dags/example_skip_dag.py
[2023-06-05T08:59:05.492+0000] {logging_mixin.py:120} INFO - [2023-06-05T08:59:05.492+0000] {dag.py:2585} INFO - Sync 1 DAGs
[2023-06-05T08:59:05.511+0000] {logging_mixin.py:120} INFO - [2023-06-05T08:59:05.511+0000] {dag.py:3340} INFO - Setting next_dagrun for example_skip_dag to 2023-06-04T08:59:05.510882+00:00, run_after=2023-06-05T08:59:05.510882+00:00
[2023-06-05T08:59:05.533+0000] {processor.py:176} INFO - Processing /home/airflow/.local/lib/python3.7/site-packages/airflow/example_dags/example_skip_dag.py took 0.124 seconds
[2023-06-05T08:59:35.672+0000] {processor.py:154} INFO - Started process (PID=365) to work on /home/airflow/.local/lib/python3.7/site-packages/airflow/example_dags/example_skip_dag.py
[2023-06-05T08:59:35.673+0000] {processor.py:756} INFO - Processing file /home/airflow/.local/lib/python3.7/site-packages/airflow/example_dags/example_skip_dag.py for tasks to queue
[2023-06-05T08:59:35.674+0000] {logging_mixin.py:120} INFO - [2023-06-05T08:59:35.674+0000] {dagbag.py:537} INFO - Filling up the DagBag from /home/airflow/.local/lib/python3.7/site-packages/airflow/example_dags/example_skip_dag.py
[2023-06-05T08:59:35.687+0000] {processor.py:766} INFO - DAG(s) dict_keys(['example_skip_dag']) retrieved from /home/airflow/.local/lib/python3.7/site-packages/airflow/example_dags/example_skip_dag.py
[2023-06-05T08:59:35.722+0000] {logging_mixin.py:120} INFO - [2023-06-05T08:59:35.722+0000] {dag.py:2585} INFO - Sync 1 DAGs
[2023-06-05T08:59:35.751+0000] {logging_mixin.py:120} INFO - [2023-06-05T08:59:35.751+0000] {dag.py:3340} INFO - Setting next_dagrun for example_skip_dag to 2023-06-04T08:59:35.750909+00:00, run_after=2023-06-05T08:59:35.750909+00:00
[2023-06-05T08:59:35.772+0000] {processor.py:176} INFO - Processing /home/airflow/.local/lib/python3.7/site-packages/airflow/example_dags/example_skip_dag.py took 0.103 seconds
[2023-06-05T09:00:06.116+0000] {processor.py:154} INFO - Started process (PID=428) to work on /home/airflow/.local/lib/python3.7/site-packages/airflow/example_dags/example_skip_dag.py
[2023-06-05T09:00:06.118+0000] {processor.py:756} INFO - Processing file /home/airflow/.local/lib/python3.7/site-packages/airflow/example_dags/example_skip_dag.py for tasks to queue
[2023-06-05T09:00:06.119+0000] {logging_mixin.py:120} INFO - [2023-06-05T09:00:06.119+0000] {dagbag.py:537} INFO - Filling up the DagBag from /home/airflow/.local/lib/python3.7/site-packages/airflow/example_dags/example_skip_dag.py
[2023-06-05T09:00:06.131+0000] {processor.py:766} INFO - DAG(s) dict_keys(['example_skip_dag']) retrieved from /home/airflow/.local/lib/python3.7/site-packages/airflow/example_dags/example_skip_dag.py
[2023-06-05T09:00:06.166+0000] {logging_mixin.py:120} INFO - [2023-06-05T09:00:06.166+0000] {dag.py:2585} INFO - Sync 1 DAGs
[2023-06-05T09:00:06.183+0000] {logging_mixin.py:120} INFO - [2023-06-05T09:00:06.183+0000] {dag.py:3340} INFO - Setting next_dagrun for example_skip_dag to 2023-06-04T09:00:06.183143+00:00, run_after=2023-06-05T09:00:06.183143+00:00
[2023-06-05T09:00:06.200+0000] {processor.py:176} INFO - Processing /home/airflow/.local/lib/python3.7/site-packages/airflow/example_dags/example_skip_dag.py took 0.088 seconds
[2023-06-05T09:00:36.746+0000] {processor.py:154} INFO - Started process (PID=492) to work on /home/airflow/.local/lib/python3.7/site-packages/airflow/example_dags/example_skip_dag.py
[2023-06-05T09:00:36.750+0000] {processor.py:756} INFO - Processing file /home/airflow/.local/lib/python3.7/site-packages/airflow/example_dags/example_skip_dag.py for tasks to queue
[2023-06-05T09:00:36.753+0000] {logging_mixin.py:120} INFO - [2023-06-05T09:00:36.753+0000] {dagbag.py:537} INFO - Filling up the DagBag from /home/airflow/.local/lib/python3.7/site-packages/airflow/example_dags/example_skip_dag.py
[2023-06-05T09:00:36.804+0000] {processor.py:766} INFO - DAG(s) dict_keys(['example_skip_dag']) retrieved from /home/airflow/.local/lib/python3.7/site-packages/airflow/example_dags/example_skip_dag.py
[2023-06-05T09:00:36.861+0000] {logging_mixin.py:120} INFO - [2023-06-05T09:00:36.861+0000] {dag.py:2585} INFO - Sync 1 DAGs
[2023-06-05T09:00:36.886+0000] {logging_mixin.py:120} INFO - [2023-06-05T09:00:36.886+0000] {dag.py:3340} INFO - Setting next_dagrun for example_skip_dag to 2023-06-04T09:00:36.886025+00:00, run_after=2023-06-05T09:00:36.886025+00:00
[2023-06-05T09:00:36.908+0000] {processor.py:176} INFO - Processing /home/airflow/.local/lib/python3.7/site-packages/airflow/example_dags/example_skip_dag.py took 0.166 seconds
[2023-06-05T09:01:08.112+0000] {processor.py:154} INFO - Started process (PID=547) to work on /home/airflow/.local/lib/python3.7/site-packages/airflow/example_dags/example_skip_dag.py
[2023-06-05T09:01:08.113+0000] {processor.py:756} INFO - Processing file /home/airflow/.local/lib/python3.7/site-packages/airflow/example_dags/example_skip_dag.py for tasks to queue
[2023-06-05T09:01:08.114+0000] {logging_mixin.py:120} INFO - [2023-06-05T09:01:08.114+0000] {dagbag.py:537} INFO - Filling up the DagBag from /home/airflow/.local/lib/python3.7/site-packages/airflow/example_dags/example_skip_dag.py
[2023-06-05T09:01:08.128+0000] {processor.py:766} INFO - DAG(s) dict_keys(['example_skip_dag']) retrieved from /home/airflow/.local/lib/python3.7/site-packages/airflow/example_dags/example_skip_dag.py
[2023-06-05T09:01:08.170+0000] {logging_mixin.py:120} INFO - [2023-06-05T09:01:08.170+0000] {dag.py:2585} INFO - Sync 1 DAGs
[2023-06-05T09:01:08.187+0000] {logging_mixin.py:120} INFO - [2023-06-05T09:01:08.187+0000] {dag.py:3340} INFO - Setting next_dagrun for example_skip_dag to 2023-06-04T09:01:08.186924+00:00, run_after=2023-06-05T09:01:08.186924+00:00
[2023-06-05T09:01:08.198+0000] {processor.py:176} INFO - Processing /home/airflow/.local/lib/python3.7/site-packages/airflow/example_dags/example_skip_dag.py took 0.089 seconds
[2023-06-05T09:01:38.623+0000] {processor.py:154} INFO - Started process (PID=609) to work on /home/airflow/.local/lib/python3.7/site-packages/airflow/example_dags/example_skip_dag.py
[2023-06-05T09:01:38.625+0000] {processor.py:756} INFO - Processing file /home/airflow/.local/lib/python3.7/site-packages/airflow/example_dags/example_skip_dag.py for tasks to queue
[2023-06-05T09:01:38.627+0000] {logging_mixin.py:120} INFO - [2023-06-05T09:01:38.627+0000] {dagbag.py:537} INFO - Filling up the DagBag from /home/airflow/.local/lib/python3.7/site-packages/airflow/example_dags/example_skip_dag.py
[2023-06-05T09:01:38.672+0000] {processor.py:766} INFO - DAG(s) dict_keys(['example_skip_dag']) retrieved from /home/airflow/.local/lib/python3.7/site-packages/airflow/example_dags/example_skip_dag.py
[2023-06-05T09:01:38.831+0000] {logging_mixin.py:120} INFO - [2023-06-05T09:01:38.831+0000] {dag.py:2585} INFO - Sync 1 DAGs
[2023-06-05T09:01:38.894+0000] {logging_mixin.py:120} INFO - [2023-06-05T09:01:38.894+0000] {dag.py:3340} INFO - Setting next_dagrun for example_skip_dag to 2023-06-04T09:01:38.893774+00:00, run_after=2023-06-05T09:01:38.893774+00:00
[2023-06-05T09:01:38.964+0000] {processor.py:176} INFO - Processing /home/airflow/.local/lib/python3.7/site-packages/airflow/example_dags/example_skip_dag.py took 0.344 seconds
[2023-06-05T09:02:09.021+0000] {processor.py:154} INFO - Started process (PID=673) to work on /home/airflow/.local/lib/python3.7/site-packages/airflow/example_dags/example_skip_dag.py
[2023-06-05T09:02:09.022+0000] {processor.py:756} INFO - Processing file /home/airflow/.local/lib/python3.7/site-packages/airflow/example_dags/example_skip_dag.py for tasks to queue
[2023-06-05T09:02:09.023+0000] {logging_mixin.py:120} INFO - [2023-06-05T09:02:09.023+0000] {dagbag.py:537} INFO - Filling up the DagBag from /home/airflow/.local/lib/python3.7/site-packages/airflow/example_dags/example_skip_dag.py
[2023-06-05T09:02:09.033+0000] {processor.py:766} INFO - DAG(s) dict_keys(['example_skip_dag']) retrieved from /home/airflow/.local/lib/python3.7/site-packages/airflow/example_dags/example_skip_dag.py
[2023-06-05T09:02:09.066+0000] {logging_mixin.py:120} INFO - [2023-06-05T09:02:09.066+0000] {dag.py:2585} INFO - Sync 1 DAGs
[2023-06-05T09:02:09.080+0000] {logging_mixin.py:120} INFO - [2023-06-05T09:02:09.080+0000] {dag.py:3340} INFO - Setting next_dagrun for example_skip_dag to 2023-06-04T09:02:09.080643+00:00, run_after=2023-06-05T09:02:09.080643+00:00
[2023-06-05T09:02:09.090+0000] {processor.py:176} INFO - Processing /home/airflow/.local/lib/python3.7/site-packages/airflow/example_dags/example_skip_dag.py took 0.072 seconds
[2023-06-05T10:02:20.397+0000] {processor.py:154} INFO - Started process (PID=719) to work on /home/airflow/.local/lib/python3.7/site-packages/airflow/example_dags/example_skip_dag.py
[2023-06-05T10:02:20.405+0000] {processor.py:756} INFO - Processing file /home/airflow/.local/lib/python3.7/site-packages/airflow/example_dags/example_skip_dag.py for tasks to queue
[2023-06-05T10:02:20.408+0000] {logging_mixin.py:120} INFO - [2023-06-05T10:02:20.407+0000] {dagbag.py:537} INFO - Filling up the DagBag from /home/airflow/.local/lib/python3.7/site-packages/airflow/example_dags/example_skip_dag.py
[2023-06-05T10:02:20.468+0000] {processor.py:766} INFO - DAG(s) dict_keys(['example_skip_dag']) retrieved from /home/airflow/.local/lib/python3.7/site-packages/airflow/example_dags/example_skip_dag.py
[2023-06-05T10:02:20.535+0000] {logging_mixin.py:120} INFO - [2023-06-05T10:02:20.535+0000] {dag.py:2585} INFO - Sync 1 DAGs
[2023-06-05T10:02:20.587+0000] {logging_mixin.py:120} INFO - [2023-06-05T10:02:20.587+0000] {dag.py:3340} INFO - Setting next_dagrun for example_skip_dag to 2023-06-04T10:02:20.586850+00:00, run_after=2023-06-05T10:02:20.586850+00:00
[2023-06-05T10:02:20.620+0000] {processor.py:176} INFO - Processing /home/airflow/.local/lib/python3.7/site-packages/airflow/example_dags/example_skip_dag.py took 0.227 seconds
[2023-06-05T11:26:10.995+0000] {processor.py:154} INFO - Started process (PID=782) to work on /home/airflow/.local/lib/python3.7/site-packages/airflow/example_dags/example_skip_dag.py
[2023-06-05T11:26:10.997+0000] {processor.py:756} INFO - Processing file /home/airflow/.local/lib/python3.7/site-packages/airflow/example_dags/example_skip_dag.py for tasks to queue
[2023-06-05T11:26:11.000+0000] {logging_mixin.py:120} INFO - [2023-06-05T11:26:11.000+0000] {dagbag.py:537} INFO - Filling up the DagBag from /home/airflow/.local/lib/python3.7/site-packages/airflow/example_dags/example_skip_dag.py
[2023-06-05T11:26:11.020+0000] {processor.py:766} INFO - DAG(s) dict_keys(['example_skip_dag']) retrieved from /home/airflow/.local/lib/python3.7/site-packages/airflow/example_dags/example_skip_dag.py
[2023-06-05T11:26:11.089+0000] {logging_mixin.py:120} INFO - [2023-06-05T11:26:11.089+0000] {dag.py:2585} INFO - Sync 1 DAGs
[2023-06-05T11:26:11.111+0000] {logging_mixin.py:120} INFO - [2023-06-05T11:26:11.111+0000] {dag.py:3340} INFO - Setting next_dagrun for example_skip_dag to 2023-06-04T11:26:11.110831+00:00, run_after=2023-06-05T11:26:11.110831+00:00
[2023-06-05T11:26:11.132+0000] {processor.py:176} INFO - Processing /home/airflow/.local/lib/python3.7/site-packages/airflow/example_dags/example_skip_dag.py took 0.140 seconds
[2023-06-05T12:47:17.936+0000] {processor.py:154} INFO - Started process (PID=846) to work on /home/airflow/.local/lib/python3.7/site-packages/airflow/example_dags/example_skip_dag.py
[2023-06-05T12:47:17.937+0000] {processor.py:756} INFO - Processing file /home/airflow/.local/lib/python3.7/site-packages/airflow/example_dags/example_skip_dag.py for tasks to queue
[2023-06-05T12:47:17.938+0000] {logging_mixin.py:120} INFO - [2023-06-05T12:47:17.938+0000] {dagbag.py:537} INFO - Filling up the DagBag from /home/airflow/.local/lib/python3.7/site-packages/airflow/example_dags/example_skip_dag.py
[2023-06-05T12:47:17.954+0000] {processor.py:766} INFO - DAG(s) dict_keys(['example_skip_dag']) retrieved from /home/airflow/.local/lib/python3.7/site-packages/airflow/example_dags/example_skip_dag.py
[2023-06-05T12:47:18.015+0000] {logging_mixin.py:120} INFO - [2023-06-05T12:47:18.015+0000] {dag.py:2585} INFO - Sync 1 DAGs
[2023-06-05T12:47:18.054+0000] {logging_mixin.py:120} INFO - [2023-06-05T12:47:18.054+0000] {dag.py:3340} INFO - Setting next_dagrun for example_skip_dag to 2023-06-04T12:47:18.054142+00:00, run_after=2023-06-05T12:47:18.054142+00:00
[2023-06-05T12:47:18.074+0000] {processor.py:176} INFO - Processing /home/airflow/.local/lib/python3.7/site-packages/airflow/example_dags/example_skip_dag.py took 0.141 seconds
[2023-06-05T13:45:33.014+0000] {processor.py:154} INFO - Started process (PID=909) to work on /home/airflow/.local/lib/python3.7/site-packages/airflow/example_dags/example_skip_dag.py
[2023-06-05T13:45:33.015+0000] {processor.py:756} INFO - Processing file /home/airflow/.local/lib/python3.7/site-packages/airflow/example_dags/example_skip_dag.py for tasks to queue
[2023-06-05T13:45:33.016+0000] {logging_mixin.py:120} INFO - [2023-06-05T13:45:33.016+0000] {dagbag.py:537} INFO - Filling up the DagBag from /home/airflow/.local/lib/python3.7/site-packages/airflow/example_dags/example_skip_dag.py
[2023-06-05T13:45:33.030+0000] {processor.py:766} INFO - DAG(s) dict_keys(['example_skip_dag']) retrieved from /home/airflow/.local/lib/python3.7/site-packages/airflow/example_dags/example_skip_dag.py
[2023-06-05T13:45:33.069+0000] {logging_mixin.py:120} INFO - [2023-06-05T13:45:33.069+0000] {dag.py:2585} INFO - Sync 1 DAGs
[2023-06-05T13:45:33.085+0000] {logging_mixin.py:120} INFO - [2023-06-05T13:45:33.085+0000] {dag.py:3340} INFO - Setting next_dagrun for example_skip_dag to 2023-06-04T13:45:33.085127+00:00, run_after=2023-06-05T13:45:33.085127+00:00
[2023-06-05T13:45:33.097+0000] {processor.py:176} INFO - Processing /home/airflow/.local/lib/python3.7/site-packages/airflow/example_dags/example_skip_dag.py took 0.087 seconds
[2023-06-05T14:52:54.172+0000] {processor.py:154} INFO - Started process (PID=964) to work on /home/airflow/.local/lib/python3.7/site-packages/airflow/example_dags/example_skip_dag.py
[2023-06-05T14:52:54.174+0000] {processor.py:756} INFO - Processing file /home/airflow/.local/lib/python3.7/site-packages/airflow/example_dags/example_skip_dag.py for tasks to queue
[2023-06-05T14:52:54.176+0000] {logging_mixin.py:120} INFO - [2023-06-05T14:52:54.176+0000] {dagbag.py:537} INFO - Filling up the DagBag from /home/airflow/.local/lib/python3.7/site-packages/airflow/example_dags/example_skip_dag.py
[2023-06-05T14:52:54.196+0000] {processor.py:766} INFO - DAG(s) dict_keys(['example_skip_dag']) retrieved from /home/airflow/.local/lib/python3.7/site-packages/airflow/example_dags/example_skip_dag.py
[2023-06-05T14:52:54.237+0000] {logging_mixin.py:120} INFO - [2023-06-05T14:52:54.237+0000] {dag.py:2585} INFO - Sync 1 DAGs
[2023-06-05T14:52:54.261+0000] {logging_mixin.py:120} INFO - [2023-06-05T14:52:54.261+0000] {dag.py:3340} INFO - Setting next_dagrun for example_skip_dag to 2023-06-04T14:52:54.261603+00:00, run_after=2023-06-05T14:52:54.261603+00:00
[2023-06-05T14:52:54.277+0000] {processor.py:176} INFO - Processing /home/airflow/.local/lib/python3.7/site-packages/airflow/example_dags/example_skip_dag.py took 0.108 seconds
