[2023-06-05T08:57:03.341+0000] {processor.py:154} INFO - Started process (PID=62) to work on /home/airflow/.local/lib/python3.7/site-packages/airflow/example_dags/example_trigger_target_dag.py
[2023-06-05T08:57:03.347+0000] {processor.py:756} INFO - Processing file /home/airflow/.local/lib/python3.7/site-packages/airflow/example_dags/example_trigger_target_dag.py for tasks to queue
[2023-06-05T08:57:03.356+0000] {logging_mixin.py:120} INFO - [2023-06-05T08:57:03.350+0000] {dagbag.py:537} INFO - Filling up the DagBag from /home/airflow/.local/lib/python3.7/site-packages/airflow/example_dags/example_trigger_target_dag.py
[2023-06-05T08:57:03.490+0000] {processor.py:766} INFO - DAG(s) dict_keys(['example_trigger_target_dag']) retrieved from /home/airflow/.local/lib/python3.7/site-packages/airflow/example_dags/example_trigger_target_dag.py
[2023-06-05T08:57:03.748+0000] {logging_mixin.py:120} INFO - [2023-06-05T08:57:03.748+0000] {dag.py:2585} INFO - Sync 1 DAGs
[2023-06-05T08:57:03.907+0000] {logging_mixin.py:120} INFO - [2023-06-05T08:57:03.907+0000] {dag.py:3340} INFO - Setting next_dagrun for example_trigger_target_dag to None, run_after=None
[2023-06-05T08:57:04.018+0000] {processor.py:176} INFO - Processing /home/airflow/.local/lib/python3.7/site-packages/airflow/example_dags/example_trigger_target_dag.py took 0.692 seconds
[2023-06-05T08:57:34.362+0000] {processor.py:154} INFO - Started process (PID=121) to work on /home/airflow/.local/lib/python3.7/site-packages/airflow/example_dags/example_trigger_target_dag.py
[2023-06-05T08:57:34.364+0000] {processor.py:756} INFO - Processing file /home/airflow/.local/lib/python3.7/site-packages/airflow/example_dags/example_trigger_target_dag.py for tasks to queue
[2023-06-05T08:57:34.365+0000] {logging_mixin.py:120} INFO - [2023-06-05T08:57:34.364+0000] {dagbag.py:537} INFO - Filling up the DagBag from /home/airflow/.local/lib/python3.7/site-packages/airflow/example_dags/example_trigger_target_dag.py
[2023-06-05T08:57:34.381+0000] {processor.py:766} INFO - DAG(s) dict_keys(['example_trigger_target_dag']) retrieved from /home/airflow/.local/lib/python3.7/site-packages/airflow/example_dags/example_trigger_target_dag.py
[2023-06-05T08:57:34.410+0000] {logging_mixin.py:120} INFO - [2023-06-05T08:57:34.410+0000] {dag.py:2585} INFO - Sync 1 DAGs
[2023-06-05T08:57:34.425+0000] {logging_mixin.py:120} INFO - [2023-06-05T08:57:34.425+0000] {dag.py:3340} INFO - Setting next_dagrun for example_trigger_target_dag to None, run_after=None
[2023-06-05T08:57:34.437+0000] {processor.py:176} INFO - Processing /home/airflow/.local/lib/python3.7/site-packages/airflow/example_dags/example_trigger_target_dag.py took 0.078 seconds
[2023-06-05T08:58:04.845+0000] {processor.py:154} INFO - Started process (PID=185) to work on /home/airflow/.local/lib/python3.7/site-packages/airflow/example_dags/example_trigger_target_dag.py
[2023-06-05T08:58:04.847+0000] {processor.py:756} INFO - Processing file /home/airflow/.local/lib/python3.7/site-packages/airflow/example_dags/example_trigger_target_dag.py for tasks to queue
[2023-06-05T08:58:04.848+0000] {logging_mixin.py:120} INFO - [2023-06-05T08:58:04.848+0000] {dagbag.py:537} INFO - Filling up the DagBag from /home/airflow/.local/lib/python3.7/site-packages/airflow/example_dags/example_trigger_target_dag.py
[2023-06-05T08:58:04.865+0000] {processor.py:766} INFO - DAG(s) dict_keys(['example_trigger_target_dag']) retrieved from /home/airflow/.local/lib/python3.7/site-packages/airflow/example_dags/example_trigger_target_dag.py
[2023-06-05T08:58:04.895+0000] {logging_mixin.py:120} INFO - [2023-06-05T08:58:04.895+0000] {dag.py:2585} INFO - Sync 1 DAGs
[2023-06-05T08:58:04.911+0000] {logging_mixin.py:120} INFO - [2023-06-05T08:58:04.911+0000] {dag.py:3340} INFO - Setting next_dagrun for example_trigger_target_dag to None, run_after=None
[2023-06-05T08:58:04.923+0000] {processor.py:176} INFO - Processing /home/airflow/.local/lib/python3.7/site-packages/airflow/example_dags/example_trigger_target_dag.py took 0.081 seconds
[2023-06-05T08:58:35.554+0000] {processor.py:154} INFO - Started process (PID=249) to work on /home/airflow/.local/lib/python3.7/site-packages/airflow/example_dags/example_trigger_target_dag.py
[2023-06-05T08:58:35.557+0000] {processor.py:756} INFO - Processing file /home/airflow/.local/lib/python3.7/site-packages/airflow/example_dags/example_trigger_target_dag.py for tasks to queue
[2023-06-05T08:58:35.558+0000] {logging_mixin.py:120} INFO - [2023-06-05T08:58:35.558+0000] {dagbag.py:537} INFO - Filling up the DagBag from /home/airflow/.local/lib/python3.7/site-packages/airflow/example_dags/example_trigger_target_dag.py
[2023-06-05T08:58:35.580+0000] {processor.py:766} INFO - DAG(s) dict_keys(['example_trigger_target_dag']) retrieved from /home/airflow/.local/lib/python3.7/site-packages/airflow/example_dags/example_trigger_target_dag.py
[2023-06-05T08:58:35.613+0000] {logging_mixin.py:120} INFO - [2023-06-05T08:58:35.613+0000] {dag.py:2585} INFO - Sync 1 DAGs
[2023-06-05T08:58:35.629+0000] {logging_mixin.py:120} INFO - [2023-06-05T08:58:35.629+0000] {dag.py:3340} INFO - Setting next_dagrun for example_trigger_target_dag to None, run_after=None
[2023-06-05T08:58:35.643+0000] {processor.py:176} INFO - Processing /home/airflow/.local/lib/python3.7/site-packages/airflow/example_dags/example_trigger_target_dag.py took 0.093 seconds
[2023-06-05T08:59:06.432+0000] {processor.py:154} INFO - Started process (PID=313) to work on /home/airflow/.local/lib/python3.7/site-packages/airflow/example_dags/example_trigger_target_dag.py
[2023-06-05T08:59:06.434+0000] {processor.py:756} INFO - Processing file /home/airflow/.local/lib/python3.7/site-packages/airflow/example_dags/example_trigger_target_dag.py for tasks to queue
[2023-06-05T08:59:06.436+0000] {logging_mixin.py:120} INFO - [2023-06-05T08:59:06.436+0000] {dagbag.py:537} INFO - Filling up the DagBag from /home/airflow/.local/lib/python3.7/site-packages/airflow/example_dags/example_trigger_target_dag.py
[2023-06-05T08:59:06.455+0000] {processor.py:766} INFO - DAG(s) dict_keys(['example_trigger_target_dag']) retrieved from /home/airflow/.local/lib/python3.7/site-packages/airflow/example_dags/example_trigger_target_dag.py
[2023-06-05T08:59:06.488+0000] {logging_mixin.py:120} INFO - [2023-06-05T08:59:06.488+0000] {dag.py:2585} INFO - Sync 1 DAGs
[2023-06-05T08:59:06.510+0000] {logging_mixin.py:120} INFO - [2023-06-05T08:59:06.510+0000] {dag.py:3340} INFO - Setting next_dagrun for example_trigger_target_dag to None, run_after=None
[2023-06-05T08:59:06.524+0000] {processor.py:176} INFO - Processing /home/airflow/.local/lib/python3.7/site-packages/airflow/example_dags/example_trigger_target_dag.py took 0.096 seconds
[2023-06-05T08:59:36.692+0000] {processor.py:154} INFO - Started process (PID=366) to work on /home/airflow/.local/lib/python3.7/site-packages/airflow/example_dags/example_trigger_target_dag.py
[2023-06-05T08:59:36.694+0000] {processor.py:756} INFO - Processing file /home/airflow/.local/lib/python3.7/site-packages/airflow/example_dags/example_trigger_target_dag.py for tasks to queue
[2023-06-05T08:59:36.695+0000] {logging_mixin.py:120} INFO - [2023-06-05T08:59:36.694+0000] {dagbag.py:537} INFO - Filling up the DagBag from /home/airflow/.local/lib/python3.7/site-packages/airflow/example_dags/example_trigger_target_dag.py
[2023-06-05T08:59:36.715+0000] {processor.py:766} INFO - DAG(s) dict_keys(['example_trigger_target_dag']) retrieved from /home/airflow/.local/lib/python3.7/site-packages/airflow/example_dags/example_trigger_target_dag.py
[2023-06-05T08:59:36.771+0000] {logging_mixin.py:120} INFO - [2023-06-05T08:59:36.771+0000] {dag.py:2585} INFO - Sync 1 DAGs
[2023-06-05T08:59:36.845+0000] {logging_mixin.py:120} INFO - [2023-06-05T08:59:36.845+0000] {dag.py:3340} INFO - Setting next_dagrun for example_trigger_target_dag to None, run_after=None
[2023-06-05T08:59:36.859+0000] {processor.py:176} INFO - Processing /home/airflow/.local/lib/python3.7/site-packages/airflow/example_dags/example_trigger_target_dag.py took 0.170 seconds
[2023-06-05T09:00:07.154+0000] {processor.py:154} INFO - Started process (PID=429) to work on /home/airflow/.local/lib/python3.7/site-packages/airflow/example_dags/example_trigger_target_dag.py
[2023-06-05T09:00:07.157+0000] {processor.py:756} INFO - Processing file /home/airflow/.local/lib/python3.7/site-packages/airflow/example_dags/example_trigger_target_dag.py for tasks to queue
[2023-06-05T09:00:07.160+0000] {logging_mixin.py:120} INFO - [2023-06-05T09:00:07.160+0000] {dagbag.py:537} INFO - Filling up the DagBag from /home/airflow/.local/lib/python3.7/site-packages/airflow/example_dags/example_trigger_target_dag.py
[2023-06-05T09:00:07.189+0000] {processor.py:766} INFO - DAG(s) dict_keys(['example_trigger_target_dag']) retrieved from /home/airflow/.local/lib/python3.7/site-packages/airflow/example_dags/example_trigger_target_dag.py
[2023-06-05T09:00:07.275+0000] {logging_mixin.py:120} INFO - [2023-06-05T09:00:07.274+0000] {dag.py:2585} INFO - Sync 1 DAGs
[2023-06-05T09:00:07.297+0000] {logging_mixin.py:120} INFO - [2023-06-05T09:00:07.297+0000] {dag.py:3340} INFO - Setting next_dagrun for example_trigger_target_dag to None, run_after=None
[2023-06-05T09:00:07.319+0000] {processor.py:176} INFO - Processing /home/airflow/.local/lib/python3.7/site-packages/airflow/example_dags/example_trigger_target_dag.py took 0.170 seconds
[2023-06-05T09:00:37.839+0000] {processor.py:154} INFO - Started process (PID=493) to work on /home/airflow/.local/lib/python3.7/site-packages/airflow/example_dags/example_trigger_target_dag.py
[2023-06-05T09:00:37.841+0000] {processor.py:756} INFO - Processing file /home/airflow/.local/lib/python3.7/site-packages/airflow/example_dags/example_trigger_target_dag.py for tasks to queue
[2023-06-05T09:00:37.842+0000] {logging_mixin.py:120} INFO - [2023-06-05T09:00:37.842+0000] {dagbag.py:537} INFO - Filling up the DagBag from /home/airflow/.local/lib/python3.7/site-packages/airflow/example_dags/example_trigger_target_dag.py
[2023-06-05T09:00:37.862+0000] {processor.py:766} INFO - DAG(s) dict_keys(['example_trigger_target_dag']) retrieved from /home/airflow/.local/lib/python3.7/site-packages/airflow/example_dags/example_trigger_target_dag.py
[2023-06-05T09:00:37.901+0000] {logging_mixin.py:120} INFO - [2023-06-05T09:00:37.901+0000] {dag.py:2585} INFO - Sync 1 DAGs
[2023-06-05T09:00:37.927+0000] {logging_mixin.py:120} INFO - [2023-06-05T09:00:37.927+0000] {dag.py:3340} INFO - Setting next_dagrun for example_trigger_target_dag to None, run_after=None
[2023-06-05T09:00:37.947+0000] {processor.py:176} INFO - Processing /home/airflow/.local/lib/python3.7/site-packages/airflow/example_dags/example_trigger_target_dag.py took 0.111 seconds
[2023-06-05T09:01:08.194+0000] {processor.py:154} INFO - Started process (PID=548) to work on /home/airflow/.local/lib/python3.7/site-packages/airflow/example_dags/example_trigger_target_dag.py
[2023-06-05T09:01:08.199+0000] {processor.py:756} INFO - Processing file /home/airflow/.local/lib/python3.7/site-packages/airflow/example_dags/example_trigger_target_dag.py for tasks to queue
[2023-06-05T09:01:08.202+0000] {logging_mixin.py:120} INFO - [2023-06-05T09:01:08.202+0000] {dagbag.py:537} INFO - Filling up the DagBag from /home/airflow/.local/lib/python3.7/site-packages/airflow/example_dags/example_trigger_target_dag.py
[2023-06-05T09:01:08.232+0000] {processor.py:766} INFO - DAG(s) dict_keys(['example_trigger_target_dag']) retrieved from /home/airflow/.local/lib/python3.7/site-packages/airflow/example_dags/example_trigger_target_dag.py
[2023-06-05T09:01:08.266+0000] {logging_mixin.py:120} INFO - [2023-06-05T09:01:08.266+0000] {dag.py:2585} INFO - Sync 1 DAGs
[2023-06-05T09:01:08.283+0000] {logging_mixin.py:120} INFO - [2023-06-05T09:01:08.283+0000] {dag.py:3340} INFO - Setting next_dagrun for example_trigger_target_dag to None, run_after=None
[2023-06-05T09:01:08.296+0000] {processor.py:176} INFO - Processing /home/airflow/.local/lib/python3.7/site-packages/airflow/example_dags/example_trigger_target_dag.py took 0.105 seconds
[2023-06-05T09:01:38.905+0000] {processor.py:154} INFO - Started process (PID=610) to work on /home/airflow/.local/lib/python3.7/site-packages/airflow/example_dags/example_trigger_target_dag.py
[2023-06-05T09:01:38.917+0000] {processor.py:756} INFO - Processing file /home/airflow/.local/lib/python3.7/site-packages/airflow/example_dags/example_trigger_target_dag.py for tasks to queue
[2023-06-05T09:01:38.918+0000] {logging_mixin.py:120} INFO - [2023-06-05T09:01:38.918+0000] {dagbag.py:537} INFO - Filling up the DagBag from /home/airflow/.local/lib/python3.7/site-packages/airflow/example_dags/example_trigger_target_dag.py
[2023-06-05T09:01:38.955+0000] {processor.py:766} INFO - DAG(s) dict_keys(['example_trigger_target_dag']) retrieved from /home/airflow/.local/lib/python3.7/site-packages/airflow/example_dags/example_trigger_target_dag.py
[2023-06-05T09:01:39.072+0000] {logging_mixin.py:120} INFO - [2023-06-05T09:01:39.071+0000] {dag.py:2585} INFO - Sync 1 DAGs
[2023-06-05T09:01:39.172+0000] {logging_mixin.py:120} INFO - [2023-06-05T09:01:39.172+0000] {dag.py:3340} INFO - Setting next_dagrun for example_trigger_target_dag to None, run_after=None
[2023-06-05T09:01:39.201+0000] {processor.py:176} INFO - Processing /home/airflow/.local/lib/python3.7/site-packages/airflow/example_dags/example_trigger_target_dag.py took 0.299 seconds
[2023-06-05T09:02:10.084+0000] {processor.py:154} INFO - Started process (PID=674) to work on /home/airflow/.local/lib/python3.7/site-packages/airflow/example_dags/example_trigger_target_dag.py
[2023-06-05T09:02:10.086+0000] {processor.py:756} INFO - Processing file /home/airflow/.local/lib/python3.7/site-packages/airflow/example_dags/example_trigger_target_dag.py for tasks to queue
[2023-06-05T09:02:10.087+0000] {logging_mixin.py:120} INFO - [2023-06-05T09:02:10.087+0000] {dagbag.py:537} INFO - Filling up the DagBag from /home/airflow/.local/lib/python3.7/site-packages/airflow/example_dags/example_trigger_target_dag.py
[2023-06-05T09:02:10.101+0000] {processor.py:766} INFO - DAG(s) dict_keys(['example_trigger_target_dag']) retrieved from /home/airflow/.local/lib/python3.7/site-packages/airflow/example_dags/example_trigger_target_dag.py
[2023-06-05T09:02:10.131+0000] {logging_mixin.py:120} INFO - [2023-06-05T09:02:10.131+0000] {dag.py:2585} INFO - Sync 1 DAGs
[2023-06-05T09:02:10.147+0000] {logging_mixin.py:120} INFO - [2023-06-05T09:02:10.147+0000] {dag.py:3340} INFO - Setting next_dagrun for example_trigger_target_dag to None, run_after=None
[2023-06-05T09:02:10.159+0000] {processor.py:176} INFO - Processing /home/airflow/.local/lib/python3.7/site-packages/airflow/example_dags/example_trigger_target_dag.py took 0.077 seconds
[2023-06-05T10:02:20.691+0000] {processor.py:154} INFO - Started process (PID=721) to work on /home/airflow/.local/lib/python3.7/site-packages/airflow/example_dags/example_trigger_target_dag.py
[2023-06-05T10:02:20.692+0000] {processor.py:756} INFO - Processing file /home/airflow/.local/lib/python3.7/site-packages/airflow/example_dags/example_trigger_target_dag.py for tasks to queue
[2023-06-05T10:02:20.693+0000] {logging_mixin.py:120} INFO - [2023-06-05T10:02:20.693+0000] {dagbag.py:537} INFO - Filling up the DagBag from /home/airflow/.local/lib/python3.7/site-packages/airflow/example_dags/example_trigger_target_dag.py
[2023-06-05T10:02:20.714+0000] {processor.py:766} INFO - DAG(s) dict_keys(['example_trigger_target_dag']) retrieved from /home/airflow/.local/lib/python3.7/site-packages/airflow/example_dags/example_trigger_target_dag.py
[2023-06-05T10:02:20.765+0000] {logging_mixin.py:120} INFO - [2023-06-05T10:02:20.764+0000] {dag.py:2585} INFO - Sync 1 DAGs
[2023-06-05T10:02:20.790+0000] {logging_mixin.py:120} INFO - [2023-06-05T10:02:20.790+0000] {dag.py:3340} INFO - Setting next_dagrun for example_trigger_target_dag to None, run_after=None
[2023-06-05T10:02:20.810+0000] {processor.py:176} INFO - Processing /home/airflow/.local/lib/python3.7/site-packages/airflow/example_dags/example_trigger_target_dag.py took 0.123 seconds
[2023-06-05T11:26:11.171+0000] {processor.py:154} INFO - Started process (PID=784) to work on /home/airflow/.local/lib/python3.7/site-packages/airflow/example_dags/example_trigger_target_dag.py
[2023-06-05T11:26:11.172+0000] {processor.py:756} INFO - Processing file /home/airflow/.local/lib/python3.7/site-packages/airflow/example_dags/example_trigger_target_dag.py for tasks to queue
[2023-06-05T11:26:11.174+0000] {logging_mixin.py:120} INFO - [2023-06-05T11:26:11.174+0000] {dagbag.py:537} INFO - Filling up the DagBag from /home/airflow/.local/lib/python3.7/site-packages/airflow/example_dags/example_trigger_target_dag.py
[2023-06-05T11:26:11.191+0000] {processor.py:766} INFO - DAG(s) dict_keys(['example_trigger_target_dag']) retrieved from /home/airflow/.local/lib/python3.7/site-packages/airflow/example_dags/example_trigger_target_dag.py
[2023-06-05T11:26:11.229+0000] {logging_mixin.py:120} INFO - [2023-06-05T11:26:11.229+0000] {dag.py:2585} INFO - Sync 1 DAGs
[2023-06-05T11:26:11.249+0000] {logging_mixin.py:120} INFO - [2023-06-05T11:26:11.249+0000] {dag.py:3340} INFO - Setting next_dagrun for example_trigger_target_dag to None, run_after=None
[2023-06-05T11:26:11.263+0000] {processor.py:176} INFO - Processing /home/airflow/.local/lib/python3.7/site-packages/airflow/example_dags/example_trigger_target_dag.py took 0.096 seconds
[2023-06-05T12:47:18.107+0000] {processor.py:154} INFO - Started process (PID=848) to work on /home/airflow/.local/lib/python3.7/site-packages/airflow/example_dags/example_trigger_target_dag.py
[2023-06-05T12:47:18.111+0000] {processor.py:756} INFO - Processing file /home/airflow/.local/lib/python3.7/site-packages/airflow/example_dags/example_trigger_target_dag.py for tasks to queue
[2023-06-05T12:47:18.112+0000] {logging_mixin.py:120} INFO - [2023-06-05T12:47:18.112+0000] {dagbag.py:537} INFO - Filling up the DagBag from /home/airflow/.local/lib/python3.7/site-packages/airflow/example_dags/example_trigger_target_dag.py
[2023-06-05T12:47:18.128+0000] {processor.py:766} INFO - DAG(s) dict_keys(['example_trigger_target_dag']) retrieved from /home/airflow/.local/lib/python3.7/site-packages/airflow/example_dags/example_trigger_target_dag.py
[2023-06-05T12:47:18.188+0000] {logging_mixin.py:120} INFO - [2023-06-05T12:47:18.188+0000] {dag.py:2585} INFO - Sync 1 DAGs
[2023-06-05T12:47:18.212+0000] {logging_mixin.py:120} INFO - [2023-06-05T12:47:18.212+0000] {dag.py:3340} INFO - Setting next_dagrun for example_trigger_target_dag to None, run_after=None
[2023-06-05T12:47:18.230+0000] {processor.py:176} INFO - Processing /home/airflow/.local/lib/python3.7/site-packages/airflow/example_dags/example_trigger_target_dag.py took 0.126 seconds
[2023-06-05T13:45:33.130+0000] {processor.py:154} INFO - Started process (PID=911) to work on /home/airflow/.local/lib/python3.7/site-packages/airflow/example_dags/example_trigger_target_dag.py
[2023-06-05T13:45:33.131+0000] {processor.py:756} INFO - Processing file /home/airflow/.local/lib/python3.7/site-packages/airflow/example_dags/example_trigger_target_dag.py for tasks to queue
[2023-06-05T13:45:33.133+0000] {logging_mixin.py:120} INFO - [2023-06-05T13:45:33.133+0000] {dagbag.py:537} INFO - Filling up the DagBag from /home/airflow/.local/lib/python3.7/site-packages/airflow/example_dags/example_trigger_target_dag.py
[2023-06-05T13:45:33.151+0000] {processor.py:766} INFO - DAG(s) dict_keys(['example_trigger_target_dag']) retrieved from /home/airflow/.local/lib/python3.7/site-packages/airflow/example_dags/example_trigger_target_dag.py
[2023-06-05T13:45:33.187+0000] {logging_mixin.py:120} INFO - [2023-06-05T13:45:33.187+0000] {dag.py:2585} INFO - Sync 1 DAGs
[2023-06-05T13:45:33.203+0000] {logging_mixin.py:120} INFO - [2023-06-05T13:45:33.203+0000] {dag.py:3340} INFO - Setting next_dagrun for example_trigger_target_dag to None, run_after=None
[2023-06-05T13:45:33.221+0000] {processor.py:176} INFO - Processing /home/airflow/.local/lib/python3.7/site-packages/airflow/example_dags/example_trigger_target_dag.py took 0.095 seconds
[2023-06-05T14:52:54.315+0000] {processor.py:154} INFO - Started process (PID=966) to work on /home/airflow/.local/lib/python3.7/site-packages/airflow/example_dags/example_trigger_target_dag.py
[2023-06-05T14:52:54.319+0000] {processor.py:756} INFO - Processing file /home/airflow/.local/lib/python3.7/site-packages/airflow/example_dags/example_trigger_target_dag.py for tasks to queue
[2023-06-05T14:52:54.322+0000] {logging_mixin.py:120} INFO - [2023-06-05T14:52:54.322+0000] {dagbag.py:537} INFO - Filling up the DagBag from /home/airflow/.local/lib/python3.7/site-packages/airflow/example_dags/example_trigger_target_dag.py
[2023-06-05T14:52:54.341+0000] {processor.py:766} INFO - DAG(s) dict_keys(['example_trigger_target_dag']) retrieved from /home/airflow/.local/lib/python3.7/site-packages/airflow/example_dags/example_trigger_target_dag.py
[2023-06-05T14:52:55.057+0000] {logging_mixin.py:120} INFO - [2023-06-05T14:52:55.056+0000] {dag.py:2585} INFO - Sync 1 DAGs
[2023-06-05T14:52:55.142+0000] {logging_mixin.py:120} INFO - [2023-06-05T14:52:55.142+0000] {dag.py:3340} INFO - Setting next_dagrun for example_trigger_target_dag to None, run_after=None
[2023-06-05T14:52:55.166+0000] {processor.py:176} INFO - Processing /home/airflow/.local/lib/python3.7/site-packages/airflow/example_dags/example_trigger_target_dag.py took 0.854 seconds
