[2023-06-05T08:57:01.214+0000] {processor.py:154} INFO - Started process (PID=39) to work on /home/airflow/.local/lib/python3.7/site-packages/airflow/example_dags/example_task_group_decorator.py
[2023-06-05T08:57:01.224+0000] {processor.py:756} INFO - Processing file /home/airflow/.local/lib/python3.7/site-packages/airflow/example_dags/example_task_group_decorator.py for tasks to queue
[2023-06-05T08:57:01.230+0000] {logging_mixin.py:120} INFO - [2023-06-05T08:57:01.228+0000] {dagbag.py:537} INFO - Filling up the DagBag from /home/airflow/.local/lib/python3.7/site-packages/airflow/example_dags/example_task_group_decorator.py
[2023-06-05T08:57:01.278+0000] {processor.py:766} INFO - DAG(s) dict_keys(['example_task_group_decorator']) retrieved from /home/airflow/.local/lib/python3.7/site-packages/airflow/example_dags/example_task_group_decorator.py
[2023-06-05T08:57:01.352+0000] {logging_mixin.py:120} INFO - [2023-06-05T08:57:01.352+0000] {dag.py:2585} INFO - Sync 1 DAGs
[2023-06-05T08:57:01.398+0000] {logging_mixin.py:120} INFO - [2023-06-05T08:57:01.397+0000] {dag.py:3340} INFO - Setting next_dagrun for example_task_group_decorator to 2023-06-04T08:57:01.397786+00:00, run_after=2023-06-05T08:57:01.397786+00:00
[2023-06-05T08:57:01.421+0000] {processor.py:176} INFO - Processing /home/airflow/.local/lib/python3.7/site-packages/airflow/example_dags/example_task_group_decorator.py took 0.217 seconds
[2023-06-05T08:57:31.774+0000] {processor.py:154} INFO - Started process (PID=111) to work on /home/airflow/.local/lib/python3.7/site-packages/airflow/example_dags/example_task_group_decorator.py
[2023-06-05T08:57:31.775+0000] {processor.py:756} INFO - Processing file /home/airflow/.local/lib/python3.7/site-packages/airflow/example_dags/example_task_group_decorator.py for tasks to queue
[2023-06-05T08:57:31.776+0000] {logging_mixin.py:120} INFO - [2023-06-05T08:57:31.776+0000] {dagbag.py:537} INFO - Filling up the DagBag from /home/airflow/.local/lib/python3.7/site-packages/airflow/example_dags/example_task_group_decorator.py
[2023-06-05T08:57:31.798+0000] {processor.py:766} INFO - DAG(s) dict_keys(['example_task_group_decorator']) retrieved from /home/airflow/.local/lib/python3.7/site-packages/airflow/example_dags/example_task_group_decorator.py
[2023-06-05T08:57:31.827+0000] {logging_mixin.py:120} INFO - [2023-06-05T08:57:31.827+0000] {dag.py:2585} INFO - Sync 1 DAGs
[2023-06-05T08:57:31.841+0000] {logging_mixin.py:120} INFO - [2023-06-05T08:57:31.841+0000] {dag.py:3340} INFO - Setting next_dagrun for example_task_group_decorator to 2023-06-04T08:57:31.841409+00:00, run_after=2023-06-05T08:57:31.841409+00:00
[2023-06-05T08:57:31.853+0000] {processor.py:176} INFO - Processing /home/airflow/.local/lib/python3.7/site-packages/airflow/example_dags/example_task_group_decorator.py took 0.081 seconds
[2023-06-05T08:58:02.215+0000] {processor.py:154} INFO - Started process (PID=175) to work on /home/airflow/.local/lib/python3.7/site-packages/airflow/example_dags/example_task_group_decorator.py
[2023-06-05T08:58:02.217+0000] {processor.py:756} INFO - Processing file /home/airflow/.local/lib/python3.7/site-packages/airflow/example_dags/example_task_group_decorator.py for tasks to queue
[2023-06-05T08:58:02.217+0000] {logging_mixin.py:120} INFO - [2023-06-05T08:58:02.217+0000] {dagbag.py:537} INFO - Filling up the DagBag from /home/airflow/.local/lib/python3.7/site-packages/airflow/example_dags/example_task_group_decorator.py
[2023-06-05T08:58:02.248+0000] {processor.py:766} INFO - DAG(s) dict_keys(['example_task_group_decorator']) retrieved from /home/airflow/.local/lib/python3.7/site-packages/airflow/example_dags/example_task_group_decorator.py
[2023-06-05T08:58:02.281+0000] {logging_mixin.py:120} INFO - [2023-06-05T08:58:02.281+0000] {dag.py:2585} INFO - Sync 1 DAGs
[2023-06-05T08:58:02.303+0000] {logging_mixin.py:120} INFO - [2023-06-05T08:58:02.303+0000] {dag.py:3340} INFO - Setting next_dagrun for example_task_group_decorator to 2023-06-04T08:58:02.303024+00:00, run_after=2023-06-05T08:58:02.303024+00:00
[2023-06-05T08:58:02.317+0000] {processor.py:176} INFO - Processing /home/airflow/.local/lib/python3.7/site-packages/airflow/example_dags/example_task_group_decorator.py took 0.104 seconds
[2023-06-05T08:58:32.802+0000] {processor.py:154} INFO - Started process (PID=239) to work on /home/airflow/.local/lib/python3.7/site-packages/airflow/example_dags/example_task_group_decorator.py
[2023-06-05T08:58:32.803+0000] {processor.py:756} INFO - Processing file /home/airflow/.local/lib/python3.7/site-packages/airflow/example_dags/example_task_group_decorator.py for tasks to queue
[2023-06-05T08:58:32.804+0000] {logging_mixin.py:120} INFO - [2023-06-05T08:58:32.804+0000] {dagbag.py:537} INFO - Filling up the DagBag from /home/airflow/.local/lib/python3.7/site-packages/airflow/example_dags/example_task_group_decorator.py
[2023-06-05T08:58:32.827+0000] {processor.py:766} INFO - DAG(s) dict_keys(['example_task_group_decorator']) retrieved from /home/airflow/.local/lib/python3.7/site-packages/airflow/example_dags/example_task_group_decorator.py
[2023-06-05T08:58:32.872+0000] {logging_mixin.py:120} INFO - [2023-06-05T08:58:32.872+0000] {dag.py:2585} INFO - Sync 1 DAGs
[2023-06-05T08:58:32.890+0000] {logging_mixin.py:120} INFO - [2023-06-05T08:58:32.889+0000] {dag.py:3340} INFO - Setting next_dagrun for example_task_group_decorator to 2023-06-04T08:58:32.889742+00:00, run_after=2023-06-05T08:58:32.889742+00:00
[2023-06-05T08:58:32.903+0000] {processor.py:176} INFO - Processing /home/airflow/.local/lib/python3.7/site-packages/airflow/example_dags/example_task_group_decorator.py took 0.105 seconds
[2023-06-05T08:59:03.597+0000] {processor.py:154} INFO - Started process (PID=294) to work on /home/airflow/.local/lib/python3.7/site-packages/airflow/example_dags/example_task_group_decorator.py
[2023-06-05T08:59:03.600+0000] {processor.py:756} INFO - Processing file /home/airflow/.local/lib/python3.7/site-packages/airflow/example_dags/example_task_group_decorator.py for tasks to queue
[2023-06-05T08:59:03.603+0000] {logging_mixin.py:120} INFO - [2023-06-05T08:59:03.603+0000] {dagbag.py:537} INFO - Filling up the DagBag from /home/airflow/.local/lib/python3.7/site-packages/airflow/example_dags/example_task_group_decorator.py
[2023-06-05T08:59:03.746+0000] {processor.py:766} INFO - DAG(s) dict_keys(['example_task_group_decorator']) retrieved from /home/airflow/.local/lib/python3.7/site-packages/airflow/example_dags/example_task_group_decorator.py
[2023-06-05T08:59:03.934+0000] {logging_mixin.py:120} INFO - [2023-06-05T08:59:03.934+0000] {dag.py:2585} INFO - Sync 1 DAGs
[2023-06-05T08:59:03.989+0000] {logging_mixin.py:120} INFO - [2023-06-05T08:59:03.989+0000] {dag.py:3340} INFO - Setting next_dagrun for example_task_group_decorator to 2023-06-04T08:59:03.989393+00:00, run_after=2023-06-05T08:59:03.989393+00:00
[2023-06-05T08:59:04.043+0000] {processor.py:176} INFO - Processing /home/airflow/.local/lib/python3.7/site-packages/airflow/example_dags/example_task_group_decorator.py took 0.457 seconds
[2023-06-05T08:59:34.088+0000] {processor.py:154} INFO - Started process (PID=357) to work on /home/airflow/.local/lib/python3.7/site-packages/airflow/example_dags/example_task_group_decorator.py
[2023-06-05T08:59:34.090+0000] {processor.py:756} INFO - Processing file /home/airflow/.local/lib/python3.7/site-packages/airflow/example_dags/example_task_group_decorator.py for tasks to queue
[2023-06-05T08:59:34.091+0000] {logging_mixin.py:120} INFO - [2023-06-05T08:59:34.091+0000] {dagbag.py:537} INFO - Filling up the DagBag from /home/airflow/.local/lib/python3.7/site-packages/airflow/example_dags/example_task_group_decorator.py
[2023-06-05T08:59:34.112+0000] {processor.py:766} INFO - DAG(s) dict_keys(['example_task_group_decorator']) retrieved from /home/airflow/.local/lib/python3.7/site-packages/airflow/example_dags/example_task_group_decorator.py
[2023-06-05T08:59:34.149+0000] {logging_mixin.py:120} INFO - [2023-06-05T08:59:34.148+0000] {dag.py:2585} INFO - Sync 1 DAGs
[2023-06-05T08:59:34.170+0000] {logging_mixin.py:120} INFO - [2023-06-05T08:59:34.170+0000] {dag.py:3340} INFO - Setting next_dagrun for example_task_group_decorator to 2023-06-04T08:59:34.170329+00:00, run_after=2023-06-05T08:59:34.170329+00:00
[2023-06-05T08:59:34.189+0000] {processor.py:176} INFO - Processing /home/airflow/.local/lib/python3.7/site-packages/airflow/example_dags/example_task_group_decorator.py took 0.104 seconds
[2023-06-05T09:00:04.241+0000] {processor.py:154} INFO - Started process (PID=419) to work on /home/airflow/.local/lib/python3.7/site-packages/airflow/example_dags/example_task_group_decorator.py
[2023-06-05T09:00:04.243+0000] {processor.py:756} INFO - Processing file /home/airflow/.local/lib/python3.7/site-packages/airflow/example_dags/example_task_group_decorator.py for tasks to queue
[2023-06-05T09:00:04.244+0000] {logging_mixin.py:120} INFO - [2023-06-05T09:00:04.244+0000] {dagbag.py:537} INFO - Filling up the DagBag from /home/airflow/.local/lib/python3.7/site-packages/airflow/example_dags/example_task_group_decorator.py
[2023-06-05T09:00:04.265+0000] {processor.py:766} INFO - DAG(s) dict_keys(['example_task_group_decorator']) retrieved from /home/airflow/.local/lib/python3.7/site-packages/airflow/example_dags/example_task_group_decorator.py
[2023-06-05T09:00:04.317+0000] {logging_mixin.py:120} INFO - [2023-06-05T09:00:04.317+0000] {dag.py:2585} INFO - Sync 1 DAGs
[2023-06-05T09:00:04.339+0000] {logging_mixin.py:120} INFO - [2023-06-05T09:00:04.339+0000] {dag.py:3340} INFO - Setting next_dagrun for example_task_group_decorator to 2023-06-04T09:00:04.338887+00:00, run_after=2023-06-05T09:00:04.338887+00:00
[2023-06-05T09:00:04.363+0000] {processor.py:176} INFO - Processing /home/airflow/.local/lib/python3.7/site-packages/airflow/example_dags/example_task_group_decorator.py took 0.124 seconds
[2023-06-05T09:00:34.587+0000] {processor.py:154} INFO - Started process (PID=474) to work on /home/airflow/.local/lib/python3.7/site-packages/airflow/example_dags/example_task_group_decorator.py
[2023-06-05T09:00:34.589+0000] {processor.py:756} INFO - Processing file /home/airflow/.local/lib/python3.7/site-packages/airflow/example_dags/example_task_group_decorator.py for tasks to queue
[2023-06-05T09:00:34.590+0000] {logging_mixin.py:120} INFO - [2023-06-05T09:00:34.590+0000] {dagbag.py:537} INFO - Filling up the DagBag from /home/airflow/.local/lib/python3.7/site-packages/airflow/example_dags/example_task_group_decorator.py
[2023-06-05T09:00:34.663+0000] {processor.py:766} INFO - DAG(s) dict_keys(['example_task_group_decorator']) retrieved from /home/airflow/.local/lib/python3.7/site-packages/airflow/example_dags/example_task_group_decorator.py
[2023-06-05T09:00:34.720+0000] {logging_mixin.py:120} INFO - [2023-06-05T09:00:34.720+0000] {dag.py:2585} INFO - Sync 1 DAGs
[2023-06-05T09:00:34.746+0000] {logging_mixin.py:120} INFO - [2023-06-05T09:00:34.746+0000] {dag.py:3340} INFO - Setting next_dagrun for example_task_group_decorator to 2023-06-04T09:00:34.745792+00:00, run_after=2023-06-05T09:00:34.745792+00:00
[2023-06-05T09:00:34.768+0000] {processor.py:176} INFO - Processing /home/airflow/.local/lib/python3.7/site-packages/airflow/example_dags/example_task_group_decorator.py took 0.188 seconds
[2023-06-05T09:01:04.834+0000] {processor.py:154} INFO - Started process (PID=538) to work on /home/airflow/.local/lib/python3.7/site-packages/airflow/example_dags/example_task_group_decorator.py
[2023-06-05T09:01:04.835+0000] {processor.py:756} INFO - Processing file /home/airflow/.local/lib/python3.7/site-packages/airflow/example_dags/example_task_group_decorator.py for tasks to queue
[2023-06-05T09:01:04.836+0000] {logging_mixin.py:120} INFO - [2023-06-05T09:01:04.836+0000] {dagbag.py:537} INFO - Filling up the DagBag from /home/airflow/.local/lib/python3.7/site-packages/airflow/example_dags/example_task_group_decorator.py
[2023-06-05T09:01:04.857+0000] {processor.py:766} INFO - DAG(s) dict_keys(['example_task_group_decorator']) retrieved from /home/airflow/.local/lib/python3.7/site-packages/airflow/example_dags/example_task_group_decorator.py
[2023-06-05T09:01:04.903+0000] {logging_mixin.py:120} INFO - [2023-06-05T09:01:04.903+0000] {dag.py:2585} INFO - Sync 1 DAGs
[2023-06-05T09:01:04.945+0000] {logging_mixin.py:120} INFO - [2023-06-05T09:01:04.945+0000] {dag.py:3340} INFO - Setting next_dagrun for example_task_group_decorator to 2023-06-04T09:01:04.945179+00:00, run_after=2023-06-05T09:01:04.945179+00:00
[2023-06-05T09:01:04.959+0000] {processor.py:176} INFO - Processing /home/airflow/.local/lib/python3.7/site-packages/airflow/example_dags/example_task_group_decorator.py took 0.128 seconds
[2023-06-05T09:01:35.493+0000] {processor.py:154} INFO - Started process (PID=600) to work on /home/airflow/.local/lib/python3.7/site-packages/airflow/example_dags/example_task_group_decorator.py
[2023-06-05T09:01:35.495+0000] {processor.py:756} INFO - Processing file /home/airflow/.local/lib/python3.7/site-packages/airflow/example_dags/example_task_group_decorator.py for tasks to queue
[2023-06-05T09:01:35.496+0000] {logging_mixin.py:120} INFO - [2023-06-05T09:01:35.496+0000] {dagbag.py:537} INFO - Filling up the DagBag from /home/airflow/.local/lib/python3.7/site-packages/airflow/example_dags/example_task_group_decorator.py
[2023-06-05T09:01:35.520+0000] {processor.py:766} INFO - DAG(s) dict_keys(['example_task_group_decorator']) retrieved from /home/airflow/.local/lib/python3.7/site-packages/airflow/example_dags/example_task_group_decorator.py
[2023-06-05T09:01:35.556+0000] {logging_mixin.py:120} INFO - [2023-06-05T09:01:35.556+0000] {dag.py:2585} INFO - Sync 1 DAGs
[2023-06-05T09:01:35.574+0000] {logging_mixin.py:120} INFO - [2023-06-05T09:01:35.573+0000] {dag.py:3340} INFO - Setting next_dagrun for example_task_group_decorator to 2023-06-04T09:01:35.573645+00:00, run_after=2023-06-05T09:01:35.573645+00:00
[2023-06-05T09:01:35.585+0000] {processor.py:176} INFO - Processing /home/airflow/.local/lib/python3.7/site-packages/airflow/example_dags/example_task_group_decorator.py took 0.095 seconds
[2023-06-05T09:02:06.365+0000] {processor.py:154} INFO - Started process (PID=664) to work on /home/airflow/.local/lib/python3.7/site-packages/airflow/example_dags/example_task_group_decorator.py
[2023-06-05T09:02:06.378+0000] {processor.py:756} INFO - Processing file /home/airflow/.local/lib/python3.7/site-packages/airflow/example_dags/example_task_group_decorator.py for tasks to queue
[2023-06-05T09:02:06.380+0000] {logging_mixin.py:120} INFO - [2023-06-05T09:02:06.380+0000] {dagbag.py:537} INFO - Filling up the DagBag from /home/airflow/.local/lib/python3.7/site-packages/airflow/example_dags/example_task_group_decorator.py
[2023-06-05T09:02:06.416+0000] {processor.py:766} INFO - DAG(s) dict_keys(['example_task_group_decorator']) retrieved from /home/airflow/.local/lib/python3.7/site-packages/airflow/example_dags/example_task_group_decorator.py
[2023-06-05T09:02:06.454+0000] {logging_mixin.py:120} INFO - [2023-06-05T09:02:06.453+0000] {dag.py:2585} INFO - Sync 1 DAGs
[2023-06-05T09:02:06.491+0000] {logging_mixin.py:120} INFO - [2023-06-05T09:02:06.490+0000] {dag.py:3340} INFO - Setting next_dagrun for example_task_group_decorator to 2023-06-04T09:02:06.490512+00:00, run_after=2023-06-05T09:02:06.490512+00:00
[2023-06-05T09:02:06.514+0000] {processor.py:176} INFO - Processing /home/airflow/.local/lib/python3.7/site-packages/airflow/example_dags/example_task_group_decorator.py took 0.152 seconds
[2023-06-05T10:02:19.002+0000] {processor.py:154} INFO - Started process (PID=710) to work on /home/airflow/.local/lib/python3.7/site-packages/airflow/example_dags/example_task_group_decorator.py
[2023-06-05T10:02:19.003+0000] {processor.py:756} INFO - Processing file /home/airflow/.local/lib/python3.7/site-packages/airflow/example_dags/example_task_group_decorator.py for tasks to queue
[2023-06-05T10:02:19.004+0000] {logging_mixin.py:120} INFO - [2023-06-05T10:02:19.004+0000] {dagbag.py:537} INFO - Filling up the DagBag from /home/airflow/.local/lib/python3.7/site-packages/airflow/example_dags/example_task_group_decorator.py
[2023-06-05T10:02:19.049+0000] {processor.py:766} INFO - DAG(s) dict_keys(['example_task_group_decorator']) retrieved from /home/airflow/.local/lib/python3.7/site-packages/airflow/example_dags/example_task_group_decorator.py
[2023-06-05T10:02:19.157+0000] {logging_mixin.py:120} INFO - [2023-06-05T10:02:19.157+0000] {dag.py:2585} INFO - Sync 1 DAGs
[2023-06-05T10:02:19.221+0000] {logging_mixin.py:120} INFO - [2023-06-05T10:02:19.221+0000] {dag.py:3340} INFO - Setting next_dagrun for example_task_group_decorator to 2023-06-04T10:02:19.220421+00:00, run_after=2023-06-05T10:02:19.220421+00:00
[2023-06-05T10:02:19.271+0000] {processor.py:176} INFO - Processing /home/airflow/.local/lib/python3.7/site-packages/airflow/example_dags/example_task_group_decorator.py took 0.277 seconds
[2023-06-05T11:26:09.798+0000] {processor.py:154} INFO - Started process (PID=773) to work on /home/airflow/.local/lib/python3.7/site-packages/airflow/example_dags/example_task_group_decorator.py
[2023-06-05T11:26:09.799+0000] {processor.py:756} INFO - Processing file /home/airflow/.local/lib/python3.7/site-packages/airflow/example_dags/example_task_group_decorator.py for tasks to queue
[2023-06-05T11:26:09.801+0000] {logging_mixin.py:120} INFO - [2023-06-05T11:26:09.801+0000] {dagbag.py:537} INFO - Filling up the DagBag from /home/airflow/.local/lib/python3.7/site-packages/airflow/example_dags/example_task_group_decorator.py
[2023-06-05T11:26:09.826+0000] {processor.py:766} INFO - DAG(s) dict_keys(['example_task_group_decorator']) retrieved from /home/airflow/.local/lib/python3.7/site-packages/airflow/example_dags/example_task_group_decorator.py
[2023-06-05T11:26:09.887+0000] {logging_mixin.py:120} INFO - [2023-06-05T11:26:09.886+0000] {dag.py:2585} INFO - Sync 1 DAGs
[2023-06-05T11:26:09.914+0000] {logging_mixin.py:120} INFO - [2023-06-05T11:26:09.914+0000] {dag.py:3340} INFO - Setting next_dagrun for example_task_group_decorator to 2023-06-04T11:26:09.914336+00:00, run_after=2023-06-05T11:26:09.914336+00:00
[2023-06-05T11:26:09.932+0000] {processor.py:176} INFO - Processing /home/airflow/.local/lib/python3.7/site-packages/airflow/example_dags/example_task_group_decorator.py took 0.137 seconds
[2023-06-05T12:47:16.723+0000] {processor.py:154} INFO - Started process (PID=837) to work on /home/airflow/.local/lib/python3.7/site-packages/airflow/example_dags/example_task_group_decorator.py
[2023-06-05T12:47:16.725+0000] {processor.py:756} INFO - Processing file /home/airflow/.local/lib/python3.7/site-packages/airflow/example_dags/example_task_group_decorator.py for tasks to queue
[2023-06-05T12:47:16.726+0000] {logging_mixin.py:120} INFO - [2023-06-05T12:47:16.726+0000] {dagbag.py:537} INFO - Filling up the DagBag from /home/airflow/.local/lib/python3.7/site-packages/airflow/example_dags/example_task_group_decorator.py
[2023-06-05T12:47:16.744+0000] {processor.py:766} INFO - DAG(s) dict_keys(['example_task_group_decorator']) retrieved from /home/airflow/.local/lib/python3.7/site-packages/airflow/example_dags/example_task_group_decorator.py
[2023-06-05T12:47:16.802+0000] {logging_mixin.py:120} INFO - [2023-06-05T12:47:16.802+0000] {dag.py:2585} INFO - Sync 1 DAGs
[2023-06-05T12:47:16.851+0000] {logging_mixin.py:120} INFO - [2023-06-05T12:47:16.851+0000] {dag.py:3340} INFO - Setting next_dagrun for example_task_group_decorator to 2023-06-04T12:47:16.850668+00:00, run_after=2023-06-05T12:47:16.850668+00:00
[2023-06-05T12:47:16.877+0000] {processor.py:176} INFO - Processing /home/airflow/.local/lib/python3.7/site-packages/airflow/example_dags/example_task_group_decorator.py took 0.157 seconds
[2023-06-05T13:45:31.847+0000] {processor.py:154} INFO - Started process (PID=898) to work on /home/airflow/.local/lib/python3.7/site-packages/airflow/example_dags/example_task_group_decorator.py
[2023-06-05T13:45:31.853+0000] {processor.py:756} INFO - Processing file /home/airflow/.local/lib/python3.7/site-packages/airflow/example_dags/example_task_group_decorator.py for tasks to queue
[2023-06-05T13:45:31.856+0000] {logging_mixin.py:120} INFO - [2023-06-05T13:45:31.856+0000] {dagbag.py:537} INFO - Filling up the DagBag from /home/airflow/.local/lib/python3.7/site-packages/airflow/example_dags/example_task_group_decorator.py
[2023-06-05T13:45:31.927+0000] {processor.py:766} INFO - DAG(s) dict_keys(['example_task_group_decorator']) retrieved from /home/airflow/.local/lib/python3.7/site-packages/airflow/example_dags/example_task_group_decorator.py
[2023-06-05T13:45:32.079+0000] {logging_mixin.py:120} INFO - [2023-06-05T13:45:32.079+0000] {dag.py:2585} INFO - Sync 1 DAGs
[2023-06-05T13:45:32.185+0000] {logging_mixin.py:120} INFO - [2023-06-05T13:45:32.185+0000] {dag.py:3340} INFO - Setting next_dagrun for example_task_group_decorator to 2023-06-04T13:45:32.185106+00:00, run_after=2023-06-05T13:45:32.185106+00:00
[2023-06-05T13:45:32.227+0000] {processor.py:176} INFO - Processing /home/airflow/.local/lib/python3.7/site-packages/airflow/example_dags/example_task_group_decorator.py took 0.390 seconds
[2023-06-05T14:52:53.091+0000] {processor.py:154} INFO - Started process (PID=955) to work on /home/airflow/.local/lib/python3.7/site-packages/airflow/example_dags/example_task_group_decorator.py
[2023-06-05T14:52:53.096+0000] {processor.py:756} INFO - Processing file /home/airflow/.local/lib/python3.7/site-packages/airflow/example_dags/example_task_group_decorator.py for tasks to queue
[2023-06-05T14:52:53.099+0000] {logging_mixin.py:120} INFO - [2023-06-05T14:52:53.099+0000] {dagbag.py:537} INFO - Filling up the DagBag from /home/airflow/.local/lib/python3.7/site-packages/airflow/example_dags/example_task_group_decorator.py
[2023-06-05T14:52:53.163+0000] {processor.py:766} INFO - DAG(s) dict_keys(['example_task_group_decorator']) retrieved from /home/airflow/.local/lib/python3.7/site-packages/airflow/example_dags/example_task_group_decorator.py
[2023-06-05T14:52:53.223+0000] {logging_mixin.py:120} INFO - [2023-06-05T14:52:53.223+0000] {dag.py:2585} INFO - Sync 1 DAGs
[2023-06-05T14:52:53.259+0000] {logging_mixin.py:120} INFO - [2023-06-05T14:52:53.259+0000] {dag.py:3340} INFO - Setting next_dagrun for example_task_group_decorator to 2023-06-04T14:52:53.258586+00:00, run_after=2023-06-05T14:52:53.258586+00:00
[2023-06-05T14:52:53.284+0000] {processor.py:176} INFO - Processing /home/airflow/.local/lib/python3.7/site-packages/airflow/example_dags/example_task_group_decorator.py took 0.199 seconds
