[2023-06-05T08:57:04.605+0000] {processor.py:154} INFO - Started process (PID=66) to work on /home/airflow/.local/lib/python3.7/site-packages/airflow/example_dags/example_branch_datetime_operator.py
[2023-06-05T08:57:04.608+0000] {processor.py:756} INFO - Processing file /home/airflow/.local/lib/python3.7/site-packages/airflow/example_dags/example_branch_datetime_operator.py for tasks to queue
[2023-06-05T08:57:04.612+0000] {logging_mixin.py:120} INFO - [2023-06-05T08:57:04.612+0000] {dagbag.py:537} INFO - Filling up the DagBag from /home/airflow/.local/lib/python3.7/site-packages/airflow/example_dags/example_branch_datetime_operator.py
[2023-06-05T08:57:04.710+0000] {processor.py:766} INFO - DAG(s) dict_keys(['example_branch_datetime_operator_2', 'example_branch_datetime_operator_3', 'example_branch_datetime_operator']) retrieved from /home/airflow/.local/lib/python3.7/site-packages/airflow/example_dags/example_branch_datetime_operator.py
[2023-06-05T08:57:04.976+0000] {logging_mixin.py:120} INFO - [2023-06-05T08:57:04.976+0000] {dag.py:2585} INFO - Sync 3 DAGs
[2023-06-05T08:57:05.061+0000] {logging_mixin.py:120} INFO - [2023-06-05T08:57:05.061+0000] {dag.py:3340} INFO - Setting next_dagrun for example_branch_datetime_operator to 2023-06-04T00:00:00+00:00, run_after=2023-06-05T00:00:00+00:00
[2023-06-05T08:57:05.079+0000] {logging_mixin.py:120} INFO - [2023-06-05T08:57:05.079+0000] {dag.py:3340} INFO - Setting next_dagrun for example_branch_datetime_operator_2 to 2023-06-04T00:00:00+00:00, run_after=2023-06-05T00:00:00+00:00
[2023-06-05T08:57:05.091+0000] {logging_mixin.py:120} INFO - [2023-06-05T08:57:05.091+0000] {dag.py:3340} INFO - Setting next_dagrun for example_branch_datetime_operator_3 to 2023-06-04T00:00:00+00:00, run_after=2023-06-05T00:00:00+00:00
[2023-06-05T08:57:05.144+0000] {processor.py:176} INFO - Processing /home/airflow/.local/lib/python3.7/site-packages/airflow/example_dags/example_branch_datetime_operator.py took 0.566 seconds
[2023-06-05T08:57:35.504+0000] {processor.py:154} INFO - Started process (PID=124) to work on /home/airflow/.local/lib/python3.7/site-packages/airflow/example_dags/example_branch_datetime_operator.py
[2023-06-05T08:57:35.505+0000] {processor.py:756} INFO - Processing file /home/airflow/.local/lib/python3.7/site-packages/airflow/example_dags/example_branch_datetime_operator.py for tasks to queue
[2023-06-05T08:57:35.506+0000] {logging_mixin.py:120} INFO - [2023-06-05T08:57:35.506+0000] {dagbag.py:537} INFO - Filling up the DagBag from /home/airflow/.local/lib/python3.7/site-packages/airflow/example_dags/example_branch_datetime_operator.py
[2023-06-05T08:57:35.519+0000] {processor.py:766} INFO - DAG(s) dict_keys(['example_branch_datetime_operator_2', 'example_branch_datetime_operator', 'example_branch_datetime_operator_3']) retrieved from /home/airflow/.local/lib/python3.7/site-packages/airflow/example_dags/example_branch_datetime_operator.py
[2023-06-05T08:57:35.549+0000] {logging_mixin.py:120} INFO - [2023-06-05T08:57:35.549+0000] {dag.py:2585} INFO - Sync 3 DAGs
[2023-06-05T08:57:35.566+0000] {logging_mixin.py:120} INFO - [2023-06-05T08:57:35.566+0000] {dag.py:3340} INFO - Setting next_dagrun for example_branch_datetime_operator to 2023-06-04T00:00:00+00:00, run_after=2023-06-05T00:00:00+00:00
[2023-06-05T08:57:35.569+0000] {logging_mixin.py:120} INFO - [2023-06-05T08:57:35.569+0000] {dag.py:3340} INFO - Setting next_dagrun for example_branch_datetime_operator_2 to 2023-06-04T00:00:00+00:00, run_after=2023-06-05T00:00:00+00:00
[2023-06-05T08:57:35.571+0000] {logging_mixin.py:120} INFO - [2023-06-05T08:57:35.571+0000] {dag.py:3340} INFO - Setting next_dagrun for example_branch_datetime_operator_3 to 2023-06-04T00:00:00+00:00, run_after=2023-06-05T00:00:00+00:00
[2023-06-05T08:57:35.581+0000] {processor.py:176} INFO - Processing /home/airflow/.local/lib/python3.7/site-packages/airflow/example_dags/example_branch_datetime_operator.py took 0.080 seconds
[2023-06-05T08:58:06.045+0000] {processor.py:154} INFO - Started process (PID=188) to work on /home/airflow/.local/lib/python3.7/site-packages/airflow/example_dags/example_branch_datetime_operator.py
[2023-06-05T08:58:06.047+0000] {processor.py:756} INFO - Processing file /home/airflow/.local/lib/python3.7/site-packages/airflow/example_dags/example_branch_datetime_operator.py for tasks to queue
[2023-06-05T08:58:06.047+0000] {logging_mixin.py:120} INFO - [2023-06-05T08:58:06.047+0000] {dagbag.py:537} INFO - Filling up the DagBag from /home/airflow/.local/lib/python3.7/site-packages/airflow/example_dags/example_branch_datetime_operator.py
[2023-06-05T08:58:06.060+0000] {processor.py:766} INFO - DAG(s) dict_keys(['example_branch_datetime_operator', 'example_branch_datetime_operator_3', 'example_branch_datetime_operator_2']) retrieved from /home/airflow/.local/lib/python3.7/site-packages/airflow/example_dags/example_branch_datetime_operator.py
[2023-06-05T08:58:06.098+0000] {logging_mixin.py:120} INFO - [2023-06-05T08:58:06.098+0000] {dag.py:2585} INFO - Sync 3 DAGs
[2023-06-05T08:58:06.114+0000] {logging_mixin.py:120} INFO - [2023-06-05T08:58:06.114+0000] {dag.py:3340} INFO - Setting next_dagrun for example_branch_datetime_operator to 2023-06-04T00:00:00+00:00, run_after=2023-06-05T00:00:00+00:00
[2023-06-05T08:58:06.117+0000] {logging_mixin.py:120} INFO - [2023-06-05T08:58:06.117+0000] {dag.py:3340} INFO - Setting next_dagrun for example_branch_datetime_operator_2 to 2023-06-04T00:00:00+00:00, run_after=2023-06-05T00:00:00+00:00
[2023-06-05T08:58:06.118+0000] {logging_mixin.py:120} INFO - [2023-06-05T08:58:06.118+0000] {dag.py:3340} INFO - Setting next_dagrun for example_branch_datetime_operator_3 to 2023-06-04T00:00:00+00:00, run_after=2023-06-05T00:00:00+00:00
[2023-06-05T08:58:06.129+0000] {processor.py:176} INFO - Processing /home/airflow/.local/lib/python3.7/site-packages/airflow/example_dags/example_branch_datetime_operator.py took 0.086 seconds
[2023-06-05T08:58:36.703+0000] {processor.py:154} INFO - Started process (PID=252) to work on /home/airflow/.local/lib/python3.7/site-packages/airflow/example_dags/example_branch_datetime_operator.py
[2023-06-05T08:58:36.704+0000] {processor.py:756} INFO - Processing file /home/airflow/.local/lib/python3.7/site-packages/airflow/example_dags/example_branch_datetime_operator.py for tasks to queue
[2023-06-05T08:58:36.705+0000] {logging_mixin.py:120} INFO - [2023-06-05T08:58:36.705+0000] {dagbag.py:537} INFO - Filling up the DagBag from /home/airflow/.local/lib/python3.7/site-packages/airflow/example_dags/example_branch_datetime_operator.py
[2023-06-05T08:58:36.716+0000] {processor.py:766} INFO - DAG(s) dict_keys(['example_branch_datetime_operator_2', 'example_branch_datetime_operator_3', 'example_branch_datetime_operator']) retrieved from /home/airflow/.local/lib/python3.7/site-packages/airflow/example_dags/example_branch_datetime_operator.py
[2023-06-05T08:58:36.754+0000] {logging_mixin.py:120} INFO - [2023-06-05T08:58:36.754+0000] {dag.py:2585} INFO - Sync 3 DAGs
[2023-06-05T08:58:36.772+0000] {logging_mixin.py:120} INFO - [2023-06-05T08:58:36.772+0000] {dag.py:3340} INFO - Setting next_dagrun for example_branch_datetime_operator to 2023-06-04T00:00:00+00:00, run_after=2023-06-05T00:00:00+00:00
[2023-06-05T08:58:36.775+0000] {logging_mixin.py:120} INFO - [2023-06-05T08:58:36.775+0000] {dag.py:3340} INFO - Setting next_dagrun for example_branch_datetime_operator_2 to 2023-06-04T00:00:00+00:00, run_after=2023-06-05T00:00:00+00:00
[2023-06-05T08:58:36.777+0000] {logging_mixin.py:120} INFO - [2023-06-05T08:58:36.777+0000] {dag.py:3340} INFO - Setting next_dagrun for example_branch_datetime_operator_3 to 2023-06-04T00:00:00+00:00, run_after=2023-06-05T00:00:00+00:00
[2023-06-05T08:58:36.787+0000] {processor.py:176} INFO - Processing /home/airflow/.local/lib/python3.7/site-packages/airflow/example_dags/example_branch_datetime_operator.py took 0.087 seconds
[2023-06-05T08:59:07.864+0000] {processor.py:154} INFO - Started process (PID=316) to work on /home/airflow/.local/lib/python3.7/site-packages/airflow/example_dags/example_branch_datetime_operator.py
[2023-06-05T08:59:07.865+0000] {processor.py:756} INFO - Processing file /home/airflow/.local/lib/python3.7/site-packages/airflow/example_dags/example_branch_datetime_operator.py for tasks to queue
[2023-06-05T08:59:07.868+0000] {logging_mixin.py:120} INFO - [2023-06-05T08:59:07.868+0000] {dagbag.py:537} INFO - Filling up the DagBag from /home/airflow/.local/lib/python3.7/site-packages/airflow/example_dags/example_branch_datetime_operator.py
[2023-06-05T08:59:07.923+0000] {processor.py:766} INFO - DAG(s) dict_keys(['example_branch_datetime_operator_2', 'example_branch_datetime_operator_3', 'example_branch_datetime_operator']) retrieved from /home/airflow/.local/lib/python3.7/site-packages/airflow/example_dags/example_branch_datetime_operator.py
[2023-06-05T08:59:08.058+0000] {logging_mixin.py:120} INFO - [2023-06-05T08:59:08.058+0000] {dag.py:2585} INFO - Sync 3 DAGs
[2023-06-05T08:59:08.094+0000] {logging_mixin.py:120} INFO - [2023-06-05T08:59:08.094+0000] {dag.py:3340} INFO - Setting next_dagrun for example_branch_datetime_operator to 2023-06-04T00:00:00+00:00, run_after=2023-06-05T00:00:00+00:00
[2023-06-05T08:59:08.101+0000] {logging_mixin.py:120} INFO - [2023-06-05T08:59:08.101+0000] {dag.py:3340} INFO - Setting next_dagrun for example_branch_datetime_operator_2 to 2023-06-04T00:00:00+00:00, run_after=2023-06-05T00:00:00+00:00
[2023-06-05T08:59:08.115+0000] {logging_mixin.py:120} INFO - [2023-06-05T08:59:08.114+0000] {dag.py:3340} INFO - Setting next_dagrun for example_branch_datetime_operator_3 to 2023-06-04T00:00:00+00:00, run_after=2023-06-05T00:00:00+00:00
[2023-06-05T08:59:08.154+0000] {processor.py:176} INFO - Processing /home/airflow/.local/lib/python3.7/site-packages/airflow/example_dags/example_branch_datetime_operator.py took 0.295 seconds
[2023-06-05T08:59:38.646+0000] {processor.py:154} INFO - Started process (PID=378) to work on /home/airflow/.local/lib/python3.7/site-packages/airflow/example_dags/example_branch_datetime_operator.py
[2023-06-05T08:59:38.650+0000] {processor.py:756} INFO - Processing file /home/airflow/.local/lib/python3.7/site-packages/airflow/example_dags/example_branch_datetime_operator.py for tasks to queue
[2023-06-05T08:59:38.655+0000] {logging_mixin.py:120} INFO - [2023-06-05T08:59:38.654+0000] {dagbag.py:537} INFO - Filling up the DagBag from /home/airflow/.local/lib/python3.7/site-packages/airflow/example_dags/example_branch_datetime_operator.py
[2023-06-05T08:59:38.689+0000] {processor.py:766} INFO - DAG(s) dict_keys(['example_branch_datetime_operator', 'example_branch_datetime_operator_2', 'example_branch_datetime_operator_3']) retrieved from /home/airflow/.local/lib/python3.7/site-packages/airflow/example_dags/example_branch_datetime_operator.py
[2023-06-05T08:59:38.850+0000] {logging_mixin.py:120} INFO - [2023-06-05T08:59:38.849+0000] {dag.py:2585} INFO - Sync 3 DAGs
[2023-06-05T08:59:38.949+0000] {logging_mixin.py:120} INFO - [2023-06-05T08:59:38.948+0000] {dag.py:3340} INFO - Setting next_dagrun for example_branch_datetime_operator to 2023-06-04T00:00:00+00:00, run_after=2023-06-05T00:00:00+00:00
[2023-06-05T08:59:38.980+0000] {logging_mixin.py:120} INFO - [2023-06-05T08:59:38.980+0000] {dag.py:3340} INFO - Setting next_dagrun for example_branch_datetime_operator_2 to 2023-06-04T00:00:00+00:00, run_after=2023-06-05T00:00:00+00:00
[2023-06-05T08:59:38.998+0000] {logging_mixin.py:120} INFO - [2023-06-05T08:59:38.998+0000] {dag.py:3340} INFO - Setting next_dagrun for example_branch_datetime_operator_3 to 2023-06-04T00:00:00+00:00, run_after=2023-06-05T00:00:00+00:00
[2023-06-05T08:59:39.081+0000] {processor.py:176} INFO - Processing /home/airflow/.local/lib/python3.7/site-packages/airflow/example_dags/example_branch_datetime_operator.py took 0.439 seconds
[2023-06-05T09:00:09.260+0000] {processor.py:154} INFO - Started process (PID=431) to work on /home/airflow/.local/lib/python3.7/site-packages/airflow/example_dags/example_branch_datetime_operator.py
[2023-06-05T09:00:09.263+0000] {processor.py:756} INFO - Processing file /home/airflow/.local/lib/python3.7/site-packages/airflow/example_dags/example_branch_datetime_operator.py for tasks to queue
[2023-06-05T09:00:09.265+0000] {logging_mixin.py:120} INFO - [2023-06-05T09:00:09.265+0000] {dagbag.py:537} INFO - Filling up the DagBag from /home/airflow/.local/lib/python3.7/site-packages/airflow/example_dags/example_branch_datetime_operator.py
[2023-06-05T09:00:09.291+0000] {processor.py:766} INFO - DAG(s) dict_keys(['example_branch_datetime_operator', 'example_branch_datetime_operator_3', 'example_branch_datetime_operator_2']) retrieved from /home/airflow/.local/lib/python3.7/site-packages/airflow/example_dags/example_branch_datetime_operator.py
[2023-06-05T09:00:09.413+0000] {logging_mixin.py:120} INFO - [2023-06-05T09:00:09.413+0000] {dag.py:2585} INFO - Sync 3 DAGs
[2023-06-05T09:00:09.453+0000] {logging_mixin.py:120} INFO - [2023-06-05T09:00:09.453+0000] {dag.py:3340} INFO - Setting next_dagrun for example_branch_datetime_operator to 2023-06-04T00:00:00+00:00, run_after=2023-06-05T00:00:00+00:00
[2023-06-05T09:00:09.472+0000] {logging_mixin.py:120} INFO - [2023-06-05T09:00:09.472+0000] {dag.py:3340} INFO - Setting next_dagrun for example_branch_datetime_operator_2 to 2023-06-04T00:00:00+00:00, run_after=2023-06-05T00:00:00+00:00
[2023-06-05T09:00:09.475+0000] {logging_mixin.py:120} INFO - [2023-06-05T09:00:09.475+0000] {dag.py:3340} INFO - Setting next_dagrun for example_branch_datetime_operator_3 to 2023-06-04T00:00:00+00:00, run_after=2023-06-05T00:00:00+00:00
[2023-06-05T09:00:09.525+0000] {processor.py:176} INFO - Processing /home/airflow/.local/lib/python3.7/site-packages/airflow/example_dags/example_branch_datetime_operator.py took 0.268 seconds
[2023-06-05T09:00:40.077+0000] {processor.py:154} INFO - Started process (PID=496) to work on /home/airflow/.local/lib/python3.7/site-packages/airflow/example_dags/example_branch_datetime_operator.py
[2023-06-05T09:00:40.078+0000] {processor.py:756} INFO - Processing file /home/airflow/.local/lib/python3.7/site-packages/airflow/example_dags/example_branch_datetime_operator.py for tasks to queue
[2023-06-05T09:00:40.080+0000] {logging_mixin.py:120} INFO - [2023-06-05T09:00:40.079+0000] {dagbag.py:537} INFO - Filling up the DagBag from /home/airflow/.local/lib/python3.7/site-packages/airflow/example_dags/example_branch_datetime_operator.py
[2023-06-05T09:00:40.094+0000] {processor.py:766} INFO - DAG(s) dict_keys(['example_branch_datetime_operator', 'example_branch_datetime_operator_2', 'example_branch_datetime_operator_3']) retrieved from /home/airflow/.local/lib/python3.7/site-packages/airflow/example_dags/example_branch_datetime_operator.py
[2023-06-05T09:00:40.136+0000] {logging_mixin.py:120} INFO - [2023-06-05T09:00:40.136+0000] {dag.py:2585} INFO - Sync 3 DAGs
[2023-06-05T09:00:40.155+0000] {logging_mixin.py:120} INFO - [2023-06-05T09:00:40.155+0000] {dag.py:3340} INFO - Setting next_dagrun for example_branch_datetime_operator to 2023-06-04T00:00:00+00:00, run_after=2023-06-05T00:00:00+00:00
[2023-06-05T09:00:40.159+0000] {logging_mixin.py:120} INFO - [2023-06-05T09:00:40.159+0000] {dag.py:3340} INFO - Setting next_dagrun for example_branch_datetime_operator_2 to 2023-06-04T00:00:00+00:00, run_after=2023-06-05T00:00:00+00:00
[2023-06-05T09:00:40.162+0000] {logging_mixin.py:120} INFO - [2023-06-05T09:00:40.162+0000] {dag.py:3340} INFO - Setting next_dagrun for example_branch_datetime_operator_3 to 2023-06-04T00:00:00+00:00, run_after=2023-06-05T00:00:00+00:00
[2023-06-05T09:00:40.175+0000] {processor.py:176} INFO - Processing /home/airflow/.local/lib/python3.7/site-packages/airflow/example_dags/example_branch_datetime_operator.py took 0.102 seconds
[2023-06-05T09:01:10.418+0000] {processor.py:154} INFO - Started process (PID=559) to work on /home/airflow/.local/lib/python3.7/site-packages/airflow/example_dags/example_branch_datetime_operator.py
[2023-06-05T09:01:10.420+0000] {processor.py:756} INFO - Processing file /home/airflow/.local/lib/python3.7/site-packages/airflow/example_dags/example_branch_datetime_operator.py for tasks to queue
[2023-06-05T09:01:10.421+0000] {logging_mixin.py:120} INFO - [2023-06-05T09:01:10.421+0000] {dagbag.py:537} INFO - Filling up the DagBag from /home/airflow/.local/lib/python3.7/site-packages/airflow/example_dags/example_branch_datetime_operator.py
[2023-06-05T09:01:10.441+0000] {processor.py:766} INFO - DAG(s) dict_keys(['example_branch_datetime_operator', 'example_branch_datetime_operator_2', 'example_branch_datetime_operator_3']) retrieved from /home/airflow/.local/lib/python3.7/site-packages/airflow/example_dags/example_branch_datetime_operator.py
[2023-06-05T09:01:10.483+0000] {logging_mixin.py:120} INFO - [2023-06-05T09:01:10.483+0000] {dag.py:2585} INFO - Sync 3 DAGs
[2023-06-05T09:01:10.513+0000] {logging_mixin.py:120} INFO - [2023-06-05T09:01:10.512+0000] {dag.py:3340} INFO - Setting next_dagrun for example_branch_datetime_operator to 2023-06-04T00:00:00+00:00, run_after=2023-06-05T00:00:00+00:00
[2023-06-05T09:01:10.516+0000] {logging_mixin.py:120} INFO - [2023-06-05T09:01:10.516+0000] {dag.py:3340} INFO - Setting next_dagrun for example_branch_datetime_operator_2 to 2023-06-04T00:00:00+00:00, run_after=2023-06-05T00:00:00+00:00
[2023-06-05T09:01:10.518+0000] {logging_mixin.py:120} INFO - [2023-06-05T09:01:10.518+0000] {dag.py:3340} INFO - Setting next_dagrun for example_branch_datetime_operator_3 to 2023-06-04T00:00:00+00:00, run_after=2023-06-05T00:00:00+00:00
[2023-06-05T09:01:10.539+0000] {processor.py:176} INFO - Processing /home/airflow/.local/lib/python3.7/site-packages/airflow/example_dags/example_branch_datetime_operator.py took 0.124 seconds
[2023-06-05T09:01:41.366+0000] {processor.py:154} INFO - Started process (PID=622) to work on /home/airflow/.local/lib/python3.7/site-packages/airflow/example_dags/example_branch_datetime_operator.py
[2023-06-05T09:01:41.367+0000] {processor.py:756} INFO - Processing file /home/airflow/.local/lib/python3.7/site-packages/airflow/example_dags/example_branch_datetime_operator.py for tasks to queue
[2023-06-05T09:01:41.368+0000] {logging_mixin.py:120} INFO - [2023-06-05T09:01:41.368+0000] {dagbag.py:537} INFO - Filling up the DagBag from /home/airflow/.local/lib/python3.7/site-packages/airflow/example_dags/example_branch_datetime_operator.py
[2023-06-05T09:01:41.383+0000] {processor.py:766} INFO - DAG(s) dict_keys(['example_branch_datetime_operator_2', 'example_branch_datetime_operator', 'example_branch_datetime_operator_3']) retrieved from /home/airflow/.local/lib/python3.7/site-packages/airflow/example_dags/example_branch_datetime_operator.py
[2023-06-05T09:01:41.429+0000] {logging_mixin.py:120} INFO - [2023-06-05T09:01:41.429+0000] {dag.py:2585} INFO - Sync 3 DAGs
[2023-06-05T09:01:41.465+0000] {logging_mixin.py:120} INFO - [2023-06-05T09:01:41.465+0000] {dag.py:3340} INFO - Setting next_dagrun for example_branch_datetime_operator to 2023-06-04T00:00:00+00:00, run_after=2023-06-05T00:00:00+00:00
[2023-06-05T09:01:41.473+0000] {logging_mixin.py:120} INFO - [2023-06-05T09:01:41.473+0000] {dag.py:3340} INFO - Setting next_dagrun for example_branch_datetime_operator_2 to 2023-06-04T00:00:00+00:00, run_after=2023-06-05T00:00:00+00:00
[2023-06-05T09:01:41.477+0000] {logging_mixin.py:120} INFO - [2023-06-05T09:01:41.477+0000] {dag.py:3340} INFO - Setting next_dagrun for example_branch_datetime_operator_3 to 2023-06-04T00:00:00+00:00, run_after=2023-06-05T00:00:00+00:00
[2023-06-05T09:01:41.510+0000] {processor.py:176} INFO - Processing /home/airflow/.local/lib/python3.7/site-packages/airflow/example_dags/example_branch_datetime_operator.py took 0.148 seconds
[2023-06-05T09:02:12.255+0000] {processor.py:154} INFO - Started process (PID=677) to work on /home/airflow/.local/lib/python3.7/site-packages/airflow/example_dags/example_branch_datetime_operator.py
[2023-06-05T09:02:12.256+0000] {processor.py:756} INFO - Processing file /home/airflow/.local/lib/python3.7/site-packages/airflow/example_dags/example_branch_datetime_operator.py for tasks to queue
[2023-06-05T09:02:12.257+0000] {logging_mixin.py:120} INFO - [2023-06-05T09:02:12.257+0000] {dagbag.py:537} INFO - Filling up the DagBag from /home/airflow/.local/lib/python3.7/site-packages/airflow/example_dags/example_branch_datetime_operator.py
[2023-06-05T09:02:12.270+0000] {processor.py:766} INFO - DAG(s) dict_keys(['example_branch_datetime_operator', 'example_branch_datetime_operator_2', 'example_branch_datetime_operator_3']) retrieved from /home/airflow/.local/lib/python3.7/site-packages/airflow/example_dags/example_branch_datetime_operator.py
[2023-06-05T09:02:12.302+0000] {logging_mixin.py:120} INFO - [2023-06-05T09:02:12.302+0000] {dag.py:2585} INFO - Sync 3 DAGs
[2023-06-05T09:02:12.318+0000] {logging_mixin.py:120} INFO - [2023-06-05T09:02:12.318+0000] {dag.py:3340} INFO - Setting next_dagrun for example_branch_datetime_operator to 2023-06-04T00:00:00+00:00, run_after=2023-06-05T00:00:00+00:00
[2023-06-05T09:02:12.321+0000] {logging_mixin.py:120} INFO - [2023-06-05T09:02:12.321+0000] {dag.py:3340} INFO - Setting next_dagrun for example_branch_datetime_operator_2 to 2023-06-04T00:00:00+00:00, run_after=2023-06-05T00:00:00+00:00
[2023-06-05T09:02:12.323+0000] {logging_mixin.py:120} INFO - [2023-06-05T09:02:12.323+0000] {dag.py:3340} INFO - Setting next_dagrun for example_branch_datetime_operator_3 to 2023-06-04T00:00:00+00:00, run_after=2023-06-05T00:00:00+00:00
[2023-06-05T09:02:12.333+0000] {processor.py:176} INFO - Processing /home/airflow/.local/lib/python3.7/site-packages/airflow/example_dags/example_branch_datetime_operator.py took 0.080 seconds
[2023-06-05T10:02:20.851+0000] {processor.py:154} INFO - Started process (PID=723) to work on /home/airflow/.local/lib/python3.7/site-packages/airflow/example_dags/example_branch_datetime_operator.py
[2023-06-05T10:02:20.853+0000] {processor.py:756} INFO - Processing file /home/airflow/.local/lib/python3.7/site-packages/airflow/example_dags/example_branch_datetime_operator.py for tasks to queue
[2023-06-05T10:02:20.854+0000] {logging_mixin.py:120} INFO - [2023-06-05T10:02:20.854+0000] {dagbag.py:537} INFO - Filling up the DagBag from /home/airflow/.local/lib/python3.7/site-packages/airflow/example_dags/example_branch_datetime_operator.py
[2023-06-05T10:02:20.889+0000] {processor.py:766} INFO - DAG(s) dict_keys(['example_branch_datetime_operator', 'example_branch_datetime_operator_2', 'example_branch_datetime_operator_3']) retrieved from /home/airflow/.local/lib/python3.7/site-packages/airflow/example_dags/example_branch_datetime_operator.py
[2023-06-05T10:02:20.943+0000] {logging_mixin.py:120} INFO - [2023-06-05T10:02:20.943+0000] {dag.py:2585} INFO - Sync 3 DAGs
[2023-06-05T10:02:20.959+0000] {logging_mixin.py:120} INFO - [2023-06-05T10:02:20.959+0000] {dag.py:3340} INFO - Setting next_dagrun for example_branch_datetime_operator to 2023-06-04T00:00:00+00:00, run_after=2023-06-05T00:00:00+00:00
[2023-06-05T10:02:20.965+0000] {logging_mixin.py:120} INFO - [2023-06-05T10:02:20.963+0000] {dag.py:3340} INFO - Setting next_dagrun for example_branch_datetime_operator_2 to 2023-06-04T00:00:00+00:00, run_after=2023-06-05T00:00:00+00:00
[2023-06-05T10:02:20.969+0000] {logging_mixin.py:120} INFO - [2023-06-05T10:02:20.969+0000] {dag.py:3340} INFO - Setting next_dagrun for example_branch_datetime_operator_3 to 2023-06-04T00:00:00+00:00, run_after=2023-06-05T00:00:00+00:00
[2023-06-05T10:02:20.980+0000] {processor.py:176} INFO - Processing /home/airflow/.local/lib/python3.7/site-packages/airflow/example_dags/example_branch_datetime_operator.py took 0.132 seconds
[2023-06-05T11:26:11.294+0000] {processor.py:154} INFO - Started process (PID=786) to work on /home/airflow/.local/lib/python3.7/site-packages/airflow/example_dags/example_branch_datetime_operator.py
[2023-06-05T11:26:11.295+0000] {processor.py:756} INFO - Processing file /home/airflow/.local/lib/python3.7/site-packages/airflow/example_dags/example_branch_datetime_operator.py for tasks to queue
[2023-06-05T11:26:11.296+0000] {logging_mixin.py:120} INFO - [2023-06-05T11:26:11.296+0000] {dagbag.py:537} INFO - Filling up the DagBag from /home/airflow/.local/lib/python3.7/site-packages/airflow/example_dags/example_branch_datetime_operator.py
[2023-06-05T11:26:11.309+0000] {processor.py:766} INFO - DAG(s) dict_keys(['example_branch_datetime_operator_2', 'example_branch_datetime_operator', 'example_branch_datetime_operator_3']) retrieved from /home/airflow/.local/lib/python3.7/site-packages/airflow/example_dags/example_branch_datetime_operator.py
[2023-06-05T11:26:11.365+0000] {logging_mixin.py:120} INFO - [2023-06-05T11:26:11.365+0000] {dag.py:2585} INFO - Sync 3 DAGs
[2023-06-05T11:26:11.384+0000] {logging_mixin.py:120} INFO - [2023-06-05T11:26:11.384+0000] {dag.py:3340} INFO - Setting next_dagrun for example_branch_datetime_operator to 2023-06-04T00:00:00+00:00, run_after=2023-06-05T00:00:00+00:00
[2023-06-05T11:26:11.388+0000] {logging_mixin.py:120} INFO - [2023-06-05T11:26:11.388+0000] {dag.py:3340} INFO - Setting next_dagrun for example_branch_datetime_operator_2 to 2023-06-04T00:00:00+00:00, run_after=2023-06-05T00:00:00+00:00
[2023-06-05T11:26:11.390+0000] {logging_mixin.py:120} INFO - [2023-06-05T11:26:11.390+0000] {dag.py:3340} INFO - Setting next_dagrun for example_branch_datetime_operator_3 to 2023-06-04T00:00:00+00:00, run_after=2023-06-05T00:00:00+00:00
[2023-06-05T11:26:11.404+0000] {processor.py:176} INFO - Processing /home/airflow/.local/lib/python3.7/site-packages/airflow/example_dags/example_branch_datetime_operator.py took 0.116 seconds
[2023-06-05T12:47:18.384+0000] {processor.py:154} INFO - Started process (PID=850) to work on /home/airflow/.local/lib/python3.7/site-packages/airflow/example_dags/example_branch_datetime_operator.py
[2023-06-05T12:47:18.386+0000] {processor.py:756} INFO - Processing file /home/airflow/.local/lib/python3.7/site-packages/airflow/example_dags/example_branch_datetime_operator.py for tasks to queue
[2023-06-05T12:47:18.387+0000] {logging_mixin.py:120} INFO - [2023-06-05T12:47:18.387+0000] {dagbag.py:537} INFO - Filling up the DagBag from /home/airflow/.local/lib/python3.7/site-packages/airflow/example_dags/example_branch_datetime_operator.py
[2023-06-05T12:47:18.406+0000] {processor.py:766} INFO - DAG(s) dict_keys(['example_branch_datetime_operator_2', 'example_branch_datetime_operator', 'example_branch_datetime_operator_3']) retrieved from /home/airflow/.local/lib/python3.7/site-packages/airflow/example_dags/example_branch_datetime_operator.py
[2023-06-05T12:47:18.469+0000] {logging_mixin.py:120} INFO - [2023-06-05T12:47:18.469+0000] {dag.py:2585} INFO - Sync 3 DAGs
[2023-06-05T12:47:18.486+0000] {logging_mixin.py:120} INFO - [2023-06-05T12:47:18.486+0000] {dag.py:3340} INFO - Setting next_dagrun for example_branch_datetime_operator to 2023-06-04T00:00:00+00:00, run_after=2023-06-05T00:00:00+00:00
[2023-06-05T12:47:18.490+0000] {logging_mixin.py:120} INFO - [2023-06-05T12:47:18.489+0000] {dag.py:3340} INFO - Setting next_dagrun for example_branch_datetime_operator_2 to 2023-06-04T00:00:00+00:00, run_after=2023-06-05T00:00:00+00:00
[2023-06-05T12:47:18.492+0000] {logging_mixin.py:120} INFO - [2023-06-05T12:47:18.492+0000] {dag.py:3340} INFO - Setting next_dagrun for example_branch_datetime_operator_3 to 2023-06-04T00:00:00+00:00, run_after=2023-06-05T00:00:00+00:00
[2023-06-05T12:47:18.504+0000] {processor.py:176} INFO - Processing /home/airflow/.local/lib/python3.7/site-packages/airflow/example_dags/example_branch_datetime_operator.py took 0.126 seconds
[2023-06-05T13:45:33.358+0000] {processor.py:154} INFO - Started process (PID=913) to work on /home/airflow/.local/lib/python3.7/site-packages/airflow/example_dags/example_branch_datetime_operator.py
[2023-06-05T13:45:33.365+0000] {processor.py:756} INFO - Processing file /home/airflow/.local/lib/python3.7/site-packages/airflow/example_dags/example_branch_datetime_operator.py for tasks to queue
[2023-06-05T13:45:33.366+0000] {logging_mixin.py:120} INFO - [2023-06-05T13:45:33.366+0000] {dagbag.py:537} INFO - Filling up the DagBag from /home/airflow/.local/lib/python3.7/site-packages/airflow/example_dags/example_branch_datetime_operator.py
[2023-06-05T13:45:33.389+0000] {processor.py:766} INFO - DAG(s) dict_keys(['example_branch_datetime_operator', 'example_branch_datetime_operator_2', 'example_branch_datetime_operator_3']) retrieved from /home/airflow/.local/lib/python3.7/site-packages/airflow/example_dags/example_branch_datetime_operator.py
[2023-06-05T13:45:33.438+0000] {logging_mixin.py:120} INFO - [2023-06-05T13:45:33.438+0000] {dag.py:2585} INFO - Sync 3 DAGs
[2023-06-05T13:45:33.462+0000] {logging_mixin.py:120} INFO - [2023-06-05T13:45:33.462+0000] {dag.py:3340} INFO - Setting next_dagrun for example_branch_datetime_operator to 2023-06-04T00:00:00+00:00, run_after=2023-06-05T00:00:00+00:00
[2023-06-05T13:45:33.466+0000] {logging_mixin.py:120} INFO - [2023-06-05T13:45:33.466+0000] {dag.py:3340} INFO - Setting next_dagrun for example_branch_datetime_operator_2 to 2023-06-04T00:00:00+00:00, run_after=2023-06-05T00:00:00+00:00
[2023-06-05T13:45:33.468+0000] {logging_mixin.py:120} INFO - [2023-06-05T13:45:33.468+0000] {dag.py:3340} INFO - Setting next_dagrun for example_branch_datetime_operator_3 to 2023-06-04T00:00:00+00:00, run_after=2023-06-05T00:00:00+00:00
[2023-06-05T13:45:33.481+0000] {processor.py:176} INFO - Processing /home/airflow/.local/lib/python3.7/site-packages/airflow/example_dags/example_branch_datetime_operator.py took 0.128 seconds
[2023-06-05T14:52:55.246+0000] {processor.py:154} INFO - Started process (PID=968) to work on /home/airflow/.local/lib/python3.7/site-packages/airflow/example_dags/example_branch_datetime_operator.py
[2023-06-05T14:52:55.251+0000] {processor.py:756} INFO - Processing file /home/airflow/.local/lib/python3.7/site-packages/airflow/example_dags/example_branch_datetime_operator.py for tasks to queue
[2023-06-05T14:52:55.253+0000] {logging_mixin.py:120} INFO - [2023-06-05T14:52:55.253+0000] {dagbag.py:537} INFO - Filling up the DagBag from /home/airflow/.local/lib/python3.7/site-packages/airflow/example_dags/example_branch_datetime_operator.py
[2023-06-05T14:52:55.269+0000] {processor.py:766} INFO - DAG(s) dict_keys(['example_branch_datetime_operator_3', 'example_branch_datetime_operator', 'example_branch_datetime_operator_2']) retrieved from /home/airflow/.local/lib/python3.7/site-packages/airflow/example_dags/example_branch_datetime_operator.py
[2023-06-05T14:52:55.313+0000] {logging_mixin.py:120} INFO - [2023-06-05T14:52:55.313+0000] {dag.py:2585} INFO - Sync 3 DAGs
[2023-06-05T14:52:55.337+0000] {logging_mixin.py:120} INFO - [2023-06-05T14:52:55.337+0000] {dag.py:3340} INFO - Setting next_dagrun for example_branch_datetime_operator to 2023-06-04T00:00:00+00:00, run_after=2023-06-05T00:00:00+00:00
[2023-06-05T14:52:55.341+0000] {logging_mixin.py:120} INFO - [2023-06-05T14:52:55.341+0000] {dag.py:3340} INFO - Setting next_dagrun for example_branch_datetime_operator_2 to 2023-06-04T00:00:00+00:00, run_after=2023-06-05T00:00:00+00:00
[2023-06-05T14:52:55.344+0000] {logging_mixin.py:120} INFO - [2023-06-05T14:52:55.344+0000] {dag.py:3340} INFO - Setting next_dagrun for example_branch_datetime_operator_3 to 2023-06-04T00:00:00+00:00, run_after=2023-06-05T00:00:00+00:00
[2023-06-05T14:52:55.362+0000] {processor.py:176} INFO - Processing /home/airflow/.local/lib/python3.7/site-packages/airflow/example_dags/example_branch_datetime_operator.py took 0.119 seconds
