[2023-06-05T08:57:01.250+0000] {processor.py:154} INFO - Started process (PID=40) to work on /home/airflow/.local/lib/python3.7/site-packages/airflow/example_dags/example_short_circuit_operator.py
[2023-06-05T08:57:01.257+0000] {processor.py:756} INFO - Processing file /home/airflow/.local/lib/python3.7/site-packages/airflow/example_dags/example_short_circuit_operator.py for tasks to queue
[2023-06-05T08:57:01.259+0000] {logging_mixin.py:120} INFO - [2023-06-05T08:57:01.259+0000] {dagbag.py:537} INFO - Filling up the DagBag from /home/airflow/.local/lib/python3.7/site-packages/airflow/example_dags/example_short_circuit_operator.py
[2023-06-05T08:57:01.300+0000] {processor.py:766} INFO - DAG(s) dict_keys(['example_short_circuit_operator']) retrieved from /home/airflow/.local/lib/python3.7/site-packages/airflow/example_dags/example_short_circuit_operator.py
[2023-06-05T08:57:01.366+0000] {logging_mixin.py:120} INFO - [2023-06-05T08:57:01.366+0000] {dag.py:2585} INFO - Sync 1 DAGs
[2023-06-05T08:57:01.399+0000] {logging_mixin.py:120} INFO - [2023-06-05T08:57:01.399+0000] {dag.py:3340} INFO - Setting next_dagrun for example_short_circuit_operator to 2023-06-04T08:57:01.399417+00:00, run_after=2023-06-05T08:57:01.399417+00:00
[2023-06-05T08:57:01.427+0000] {processor.py:176} INFO - Processing /home/airflow/.local/lib/python3.7/site-packages/airflow/example_dags/example_short_circuit_operator.py took 0.181 seconds
[2023-06-05T08:57:31.801+0000] {processor.py:154} INFO - Started process (PID=112) to work on /home/airflow/.local/lib/python3.7/site-packages/airflow/example_dags/example_short_circuit_operator.py
[2023-06-05T08:57:31.802+0000] {processor.py:756} INFO - Processing file /home/airflow/.local/lib/python3.7/site-packages/airflow/example_dags/example_short_circuit_operator.py for tasks to queue
[2023-06-05T08:57:31.803+0000] {logging_mixin.py:120} INFO - [2023-06-05T08:57:31.803+0000] {dagbag.py:537} INFO - Filling up the DagBag from /home/airflow/.local/lib/python3.7/site-packages/airflow/example_dags/example_short_circuit_operator.py
[2023-06-05T08:57:31.817+0000] {processor.py:766} INFO - DAG(s) dict_keys(['example_short_circuit_operator']) retrieved from /home/airflow/.local/lib/python3.7/site-packages/airflow/example_dags/example_short_circuit_operator.py
[2023-06-05T08:57:31.846+0000] {logging_mixin.py:120} INFO - [2023-06-05T08:57:31.846+0000] {dag.py:2585} INFO - Sync 1 DAGs
[2023-06-05T08:57:31.863+0000] {logging_mixin.py:120} INFO - [2023-06-05T08:57:31.863+0000] {dag.py:3340} INFO - Setting next_dagrun for example_short_circuit_operator to 2023-06-04T08:57:31.863222+00:00, run_after=2023-06-05T08:57:31.863222+00:00
[2023-06-05T08:57:31.876+0000] {processor.py:176} INFO - Processing /home/airflow/.local/lib/python3.7/site-packages/airflow/example_dags/example_short_circuit_operator.py took 0.078 seconds
[2023-06-05T08:58:02.243+0000] {processor.py:154} INFO - Started process (PID=176) to work on /home/airflow/.local/lib/python3.7/site-packages/airflow/example_dags/example_short_circuit_operator.py
[2023-06-05T08:58:02.244+0000] {processor.py:756} INFO - Processing file /home/airflow/.local/lib/python3.7/site-packages/airflow/example_dags/example_short_circuit_operator.py for tasks to queue
[2023-06-05T08:58:02.245+0000] {logging_mixin.py:120} INFO - [2023-06-05T08:58:02.245+0000] {dagbag.py:537} INFO - Filling up the DagBag from /home/airflow/.local/lib/python3.7/site-packages/airflow/example_dags/example_short_circuit_operator.py
[2023-06-05T08:58:02.258+0000] {processor.py:766} INFO - DAG(s) dict_keys(['example_short_circuit_operator']) retrieved from /home/airflow/.local/lib/python3.7/site-packages/airflow/example_dags/example_short_circuit_operator.py
[2023-06-05T08:58:02.292+0000] {logging_mixin.py:120} INFO - [2023-06-05T08:58:02.292+0000] {dag.py:2585} INFO - Sync 1 DAGs
[2023-06-05T08:58:02.309+0000] {logging_mixin.py:120} INFO - [2023-06-05T08:58:02.309+0000] {dag.py:3340} INFO - Setting next_dagrun for example_short_circuit_operator to 2023-06-04T08:58:02.309370+00:00, run_after=2023-06-05T08:58:02.309370+00:00
[2023-06-05T08:58:02.321+0000] {processor.py:176} INFO - Processing /home/airflow/.local/lib/python3.7/site-packages/airflow/example_dags/example_short_circuit_operator.py took 0.081 seconds
[2023-06-05T08:58:32.840+0000] {processor.py:154} INFO - Started process (PID=240) to work on /home/airflow/.local/lib/python3.7/site-packages/airflow/example_dags/example_short_circuit_operator.py
[2023-06-05T08:58:32.844+0000] {processor.py:756} INFO - Processing file /home/airflow/.local/lib/python3.7/site-packages/airflow/example_dags/example_short_circuit_operator.py for tasks to queue
[2023-06-05T08:58:32.845+0000] {logging_mixin.py:120} INFO - [2023-06-05T08:58:32.845+0000] {dagbag.py:537} INFO - Filling up the DagBag from /home/airflow/.local/lib/python3.7/site-packages/airflow/example_dags/example_short_circuit_operator.py
[2023-06-05T08:58:32.863+0000] {processor.py:766} INFO - DAG(s) dict_keys(['example_short_circuit_operator']) retrieved from /home/airflow/.local/lib/python3.7/site-packages/airflow/example_dags/example_short_circuit_operator.py
[2023-06-05T08:58:32.894+0000] {logging_mixin.py:120} INFO - [2023-06-05T08:58:32.894+0000] {dag.py:2585} INFO - Sync 1 DAGs
[2023-06-05T08:58:32.913+0000] {logging_mixin.py:120} INFO - [2023-06-05T08:58:32.913+0000] {dag.py:3340} INFO - Setting next_dagrun for example_short_circuit_operator to 2023-06-04T08:58:32.912901+00:00, run_after=2023-06-05T08:58:32.912901+00:00
[2023-06-05T08:58:32.932+0000] {processor.py:176} INFO - Processing /home/airflow/.local/lib/python3.7/site-packages/airflow/example_dags/example_short_circuit_operator.py took 0.095 seconds
[2023-06-05T08:59:03.634+0000] {processor.py:154} INFO - Started process (PID=295) to work on /home/airflow/.local/lib/python3.7/site-packages/airflow/example_dags/example_short_circuit_operator.py
[2023-06-05T08:59:03.646+0000] {processor.py:756} INFO - Processing file /home/airflow/.local/lib/python3.7/site-packages/airflow/example_dags/example_short_circuit_operator.py for tasks to queue
[2023-06-05T08:59:03.649+0000] {logging_mixin.py:120} INFO - [2023-06-05T08:59:03.649+0000] {dagbag.py:537} INFO - Filling up the DagBag from /home/airflow/.local/lib/python3.7/site-packages/airflow/example_dags/example_short_circuit_operator.py
[2023-06-05T08:59:03.671+0000] {processor.py:766} INFO - DAG(s) dict_keys(['example_short_circuit_operator']) retrieved from /home/airflow/.local/lib/python3.7/site-packages/airflow/example_dags/example_short_circuit_operator.py
[2023-06-05T08:59:03.782+0000] {logging_mixin.py:120} INFO - [2023-06-05T08:59:03.781+0000] {dag.py:2585} INFO - Sync 1 DAGs
[2023-06-05T08:59:03.847+0000] {logging_mixin.py:120} INFO - [2023-06-05T08:59:03.847+0000] {dag.py:3340} INFO - Setting next_dagrun for example_short_circuit_operator to 2023-06-04T08:59:03.847298+00:00, run_after=2023-06-05T08:59:03.847298+00:00
[2023-06-05T08:59:03.922+0000] {processor.py:176} INFO - Processing /home/airflow/.local/lib/python3.7/site-packages/airflow/example_dags/example_short_circuit_operator.py took 0.296 seconds
[2023-06-05T08:59:33.969+0000] {processor.py:154} INFO - Started process (PID=356) to work on /home/airflow/.local/lib/python3.7/site-packages/airflow/example_dags/example_short_circuit_operator.py
[2023-06-05T08:59:33.970+0000] {processor.py:756} INFO - Processing file /home/airflow/.local/lib/python3.7/site-packages/airflow/example_dags/example_short_circuit_operator.py for tasks to queue
[2023-06-05T08:59:33.972+0000] {logging_mixin.py:120} INFO - [2023-06-05T08:59:33.972+0000] {dagbag.py:537} INFO - Filling up the DagBag from /home/airflow/.local/lib/python3.7/site-packages/airflow/example_dags/example_short_circuit_operator.py
[2023-06-05T08:59:33.987+0000] {processor.py:766} INFO - DAG(s) dict_keys(['example_short_circuit_operator']) retrieved from /home/airflow/.local/lib/python3.7/site-packages/airflow/example_dags/example_short_circuit_operator.py
[2023-06-05T08:59:34.030+0000] {logging_mixin.py:120} INFO - [2023-06-05T08:59:34.030+0000] {dag.py:2585} INFO - Sync 1 DAGs
[2023-06-05T08:59:34.049+0000] {logging_mixin.py:120} INFO - [2023-06-05T08:59:34.049+0000] {dag.py:3340} INFO - Setting next_dagrun for example_short_circuit_operator to 2023-06-04T08:59:34.048827+00:00, run_after=2023-06-05T08:59:34.048827+00:00
[2023-06-05T08:59:34.062+0000] {processor.py:176} INFO - Processing /home/airflow/.local/lib/python3.7/site-packages/airflow/example_dags/example_short_circuit_operator.py took 0.098 seconds
[2023-06-05T09:00:04.316+0000] {processor.py:154} INFO - Started process (PID=420) to work on /home/airflow/.local/lib/python3.7/site-packages/airflow/example_dags/example_short_circuit_operator.py
[2023-06-05T09:00:04.318+0000] {processor.py:756} INFO - Processing file /home/airflow/.local/lib/python3.7/site-packages/airflow/example_dags/example_short_circuit_operator.py for tasks to queue
[2023-06-05T09:00:04.319+0000] {logging_mixin.py:120} INFO - [2023-06-05T09:00:04.318+0000] {dagbag.py:537} INFO - Filling up the DagBag from /home/airflow/.local/lib/python3.7/site-packages/airflow/example_dags/example_short_circuit_operator.py
[2023-06-05T09:00:04.332+0000] {processor.py:766} INFO - DAG(s) dict_keys(['example_short_circuit_operator']) retrieved from /home/airflow/.local/lib/python3.7/site-packages/airflow/example_dags/example_short_circuit_operator.py
[2023-06-05T09:00:04.391+0000] {logging_mixin.py:120} INFO - [2023-06-05T09:00:04.391+0000] {dag.py:2585} INFO - Sync 1 DAGs
[2023-06-05T09:00:04.412+0000] {logging_mixin.py:120} INFO - [2023-06-05T09:00:04.412+0000] {dag.py:3340} INFO - Setting next_dagrun for example_short_circuit_operator to 2023-06-04T09:00:04.412450+00:00, run_after=2023-06-05T09:00:04.412450+00:00
[2023-06-05T09:00:04.427+0000] {processor.py:176} INFO - Processing /home/airflow/.local/lib/python3.7/site-packages/airflow/example_dags/example_short_circuit_operator.py took 0.114 seconds
[2023-06-05T09:00:34.654+0000] {processor.py:154} INFO - Started process (PID=475) to work on /home/airflow/.local/lib/python3.7/site-packages/airflow/example_dags/example_short_circuit_operator.py
[2023-06-05T09:00:34.659+0000] {processor.py:756} INFO - Processing file /home/airflow/.local/lib/python3.7/site-packages/airflow/example_dags/example_short_circuit_operator.py for tasks to queue
[2023-06-05T09:00:34.660+0000] {logging_mixin.py:120} INFO - [2023-06-05T09:00:34.660+0000] {dagbag.py:537} INFO - Filling up the DagBag from /home/airflow/.local/lib/python3.7/site-packages/airflow/example_dags/example_short_circuit_operator.py
[2023-06-05T09:00:34.680+0000] {processor.py:766} INFO - DAG(s) dict_keys(['example_short_circuit_operator']) retrieved from /home/airflow/.local/lib/python3.7/site-packages/airflow/example_dags/example_short_circuit_operator.py
[2023-06-05T09:00:34.738+0000] {logging_mixin.py:120} INFO - [2023-06-05T09:00:34.738+0000] {dag.py:2585} INFO - Sync 1 DAGs
[2023-06-05T09:00:34.767+0000] {logging_mixin.py:120} INFO - [2023-06-05T09:00:34.767+0000] {dag.py:3340} INFO - Setting next_dagrun for example_short_circuit_operator to 2023-06-04T09:00:34.767269+00:00, run_after=2023-06-05T09:00:34.767269+00:00
[2023-06-05T09:00:34.789+0000] {processor.py:176} INFO - Processing /home/airflow/.local/lib/python3.7/site-packages/airflow/example_dags/example_short_circuit_operator.py took 0.145 seconds
[2023-06-05T09:01:04.838+0000] {processor.py:154} INFO - Started process (PID=539) to work on /home/airflow/.local/lib/python3.7/site-packages/airflow/example_dags/example_short_circuit_operator.py
[2023-06-05T09:01:04.839+0000] {processor.py:756} INFO - Processing file /home/airflow/.local/lib/python3.7/site-packages/airflow/example_dags/example_short_circuit_operator.py for tasks to queue
[2023-06-05T09:01:04.840+0000] {logging_mixin.py:120} INFO - [2023-06-05T09:01:04.840+0000] {dagbag.py:537} INFO - Filling up the DagBag from /home/airflow/.local/lib/python3.7/site-packages/airflow/example_dags/example_short_circuit_operator.py
[2023-06-05T09:01:04.855+0000] {processor.py:766} INFO - DAG(s) dict_keys(['example_short_circuit_operator']) retrieved from /home/airflow/.local/lib/python3.7/site-packages/airflow/example_dags/example_short_circuit_operator.py
[2023-06-05T09:01:04.899+0000] {logging_mixin.py:120} INFO - [2023-06-05T09:01:04.899+0000] {dag.py:2585} INFO - Sync 1 DAGs
[2023-06-05T09:01:04.933+0000] {logging_mixin.py:120} INFO - [2023-06-05T09:01:04.933+0000] {dag.py:3340} INFO - Setting next_dagrun for example_short_circuit_operator to 2023-06-04T09:01:04.932886+00:00, run_after=2023-06-05T09:01:04.932886+00:00
[2023-06-05T09:01:04.952+0000] {processor.py:176} INFO - Processing /home/airflow/.local/lib/python3.7/site-packages/airflow/example_dags/example_short_circuit_operator.py took 0.117 seconds
[2023-06-05T09:01:35.534+0000] {processor.py:154} INFO - Started process (PID=601) to work on /home/airflow/.local/lib/python3.7/site-packages/airflow/example_dags/example_short_circuit_operator.py
[2023-06-05T09:01:35.535+0000] {processor.py:756} INFO - Processing file /home/airflow/.local/lib/python3.7/site-packages/airflow/example_dags/example_short_circuit_operator.py for tasks to queue
[2023-06-05T09:01:35.536+0000] {logging_mixin.py:120} INFO - [2023-06-05T09:01:35.536+0000] {dagbag.py:537} INFO - Filling up the DagBag from /home/airflow/.local/lib/python3.7/site-packages/airflow/example_dags/example_short_circuit_operator.py
[2023-06-05T09:01:35.549+0000] {processor.py:766} INFO - DAG(s) dict_keys(['example_short_circuit_operator']) retrieved from /home/airflow/.local/lib/python3.7/site-packages/airflow/example_dags/example_short_circuit_operator.py
[2023-06-05T09:01:35.584+0000] {logging_mixin.py:120} INFO - [2023-06-05T09:01:35.584+0000] {dag.py:2585} INFO - Sync 1 DAGs
[2023-06-05T09:01:35.602+0000] {logging_mixin.py:120} INFO - [2023-06-05T09:01:35.602+0000] {dag.py:3340} INFO - Setting next_dagrun for example_short_circuit_operator to 2023-06-04T09:01:35.602270+00:00, run_after=2023-06-05T09:01:35.602270+00:00
[2023-06-05T09:01:35.614+0000] {processor.py:176} INFO - Processing /home/airflow/.local/lib/python3.7/site-packages/airflow/example_dags/example_short_circuit_operator.py took 0.083 seconds
[2023-06-05T09:02:06.416+0000] {processor.py:154} INFO - Started process (PID=665) to work on /home/airflow/.local/lib/python3.7/site-packages/airflow/example_dags/example_short_circuit_operator.py
[2023-06-05T09:02:06.417+0000] {processor.py:756} INFO - Processing file /home/airflow/.local/lib/python3.7/site-packages/airflow/example_dags/example_short_circuit_operator.py for tasks to queue
[2023-06-05T09:02:06.418+0000] {logging_mixin.py:120} INFO - [2023-06-05T09:02:06.418+0000] {dagbag.py:537} INFO - Filling up the DagBag from /home/airflow/.local/lib/python3.7/site-packages/airflow/example_dags/example_short_circuit_operator.py
[2023-06-05T09:02:06.432+0000] {processor.py:766} INFO - DAG(s) dict_keys(['example_short_circuit_operator']) retrieved from /home/airflow/.local/lib/python3.7/site-packages/airflow/example_dags/example_short_circuit_operator.py
[2023-06-05T09:02:06.490+0000] {logging_mixin.py:120} INFO - [2023-06-05T09:02:06.490+0000] {dag.py:2585} INFO - Sync 1 DAGs
[2023-06-05T09:02:06.518+0000] {logging_mixin.py:120} INFO - [2023-06-05T09:02:06.518+0000] {dag.py:3340} INFO - Setting next_dagrun for example_short_circuit_operator to 2023-06-04T09:02:06.518337+00:00, run_after=2023-06-05T09:02:06.518337+00:00
[2023-06-05T09:02:06.538+0000] {processor.py:176} INFO - Processing /home/airflow/.local/lib/python3.7/site-packages/airflow/example_dags/example_short_circuit_operator.py took 0.125 seconds
[2023-06-05T10:02:19.098+0000] {processor.py:154} INFO - Started process (PID=711) to work on /home/airflow/.local/lib/python3.7/site-packages/airflow/example_dags/example_short_circuit_operator.py
[2023-06-05T10:02:19.101+0000] {processor.py:756} INFO - Processing file /home/airflow/.local/lib/python3.7/site-packages/airflow/example_dags/example_short_circuit_operator.py for tasks to queue
[2023-06-05T10:02:19.104+0000] {logging_mixin.py:120} INFO - [2023-06-05T10:02:19.104+0000] {dagbag.py:537} INFO - Filling up the DagBag from /home/airflow/.local/lib/python3.7/site-packages/airflow/example_dags/example_short_circuit_operator.py
[2023-06-05T10:02:19.155+0000] {processor.py:766} INFO - DAG(s) dict_keys(['example_short_circuit_operator']) retrieved from /home/airflow/.local/lib/python3.7/site-packages/airflow/example_dags/example_short_circuit_operator.py
[2023-06-05T10:02:19.315+0000] {logging_mixin.py:120} INFO - [2023-06-05T10:02:19.314+0000] {dag.py:2585} INFO - Sync 1 DAGs
[2023-06-05T10:02:19.364+0000] {logging_mixin.py:120} INFO - [2023-06-05T10:02:19.364+0000] {dag.py:3340} INFO - Setting next_dagrun for example_short_circuit_operator to 2023-06-04T10:02:19.364190+00:00, run_after=2023-06-05T10:02:19.364190+00:00
[2023-06-05T10:02:19.404+0000] {processor.py:176} INFO - Processing /home/airflow/.local/lib/python3.7/site-packages/airflow/example_dags/example_short_circuit_operator.py took 0.310 seconds
[2023-06-05T11:26:09.831+0000] {processor.py:154} INFO - Started process (PID=774) to work on /home/airflow/.local/lib/python3.7/site-packages/airflow/example_dags/example_short_circuit_operator.py
[2023-06-05T11:26:09.833+0000] {processor.py:756} INFO - Processing file /home/airflow/.local/lib/python3.7/site-packages/airflow/example_dags/example_short_circuit_operator.py for tasks to queue
[2023-06-05T11:26:09.837+0000] {logging_mixin.py:120} INFO - [2023-06-05T11:26:09.837+0000] {dagbag.py:537} INFO - Filling up the DagBag from /home/airflow/.local/lib/python3.7/site-packages/airflow/example_dags/example_short_circuit_operator.py
[2023-06-05T11:26:09.858+0000] {processor.py:766} INFO - DAG(s) dict_keys(['example_short_circuit_operator']) retrieved from /home/airflow/.local/lib/python3.7/site-packages/airflow/example_dags/example_short_circuit_operator.py
[2023-06-05T11:26:09.918+0000] {logging_mixin.py:120} INFO - [2023-06-05T11:26:09.917+0000] {dag.py:2585} INFO - Sync 1 DAGs
[2023-06-05T11:26:09.942+0000] {logging_mixin.py:120} INFO - [2023-06-05T11:26:09.942+0000] {dag.py:3340} INFO - Setting next_dagrun for example_short_circuit_operator to 2023-06-04T11:26:09.942188+00:00, run_after=2023-06-05T11:26:09.942188+00:00
[2023-06-05T11:26:09.961+0000] {processor.py:176} INFO - Processing /home/airflow/.local/lib/python3.7/site-packages/airflow/example_dags/example_short_circuit_operator.py took 0.133 seconds
[2023-06-05T12:47:16.752+0000] {processor.py:154} INFO - Started process (PID=838) to work on /home/airflow/.local/lib/python3.7/site-packages/airflow/example_dags/example_short_circuit_operator.py
[2023-06-05T12:47:16.754+0000] {processor.py:756} INFO - Processing file /home/airflow/.local/lib/python3.7/site-packages/airflow/example_dags/example_short_circuit_operator.py for tasks to queue
[2023-06-05T12:47:16.754+0000] {logging_mixin.py:120} INFO - [2023-06-05T12:47:16.754+0000] {dagbag.py:537} INFO - Filling up the DagBag from /home/airflow/.local/lib/python3.7/site-packages/airflow/example_dags/example_short_circuit_operator.py
[2023-06-05T12:47:16.780+0000] {processor.py:766} INFO - DAG(s) dict_keys(['example_short_circuit_operator']) retrieved from /home/airflow/.local/lib/python3.7/site-packages/airflow/example_dags/example_short_circuit_operator.py
[2023-06-05T12:47:16.865+0000] {logging_mixin.py:120} INFO - [2023-06-05T12:47:16.865+0000] {dag.py:2585} INFO - Sync 1 DAGs
[2023-06-05T12:47:16.916+0000] {logging_mixin.py:120} INFO - [2023-06-05T12:47:16.916+0000] {dag.py:3340} INFO - Setting next_dagrun for example_short_circuit_operator to 2023-06-04T12:47:16.916454+00:00, run_after=2023-06-05T12:47:16.916454+00:00
[2023-06-05T12:47:16.957+0000] {processor.py:176} INFO - Processing /home/airflow/.local/lib/python3.7/site-packages/airflow/example_dags/example_short_circuit_operator.py took 0.207 seconds
[2023-06-05T13:45:32.044+0000] {processor.py:154} INFO - Started process (PID=901) to work on /home/airflow/.local/lib/python3.7/site-packages/airflow/example_dags/example_short_circuit_operator.py
[2023-06-05T13:45:32.048+0000] {processor.py:756} INFO - Processing file /home/airflow/.local/lib/python3.7/site-packages/airflow/example_dags/example_short_circuit_operator.py for tasks to queue
[2023-06-05T13:45:32.055+0000] {logging_mixin.py:120} INFO - [2023-06-05T13:45:32.054+0000] {dagbag.py:537} INFO - Filling up the DagBag from /home/airflow/.local/lib/python3.7/site-packages/airflow/example_dags/example_short_circuit_operator.py
[2023-06-05T13:45:32.136+0000] {processor.py:766} INFO - DAG(s) dict_keys(['example_short_circuit_operator']) retrieved from /home/airflow/.local/lib/python3.7/site-packages/airflow/example_dags/example_short_circuit_operator.py
[2023-06-05T13:45:32.243+0000] {logging_mixin.py:120} INFO - [2023-06-05T13:45:32.242+0000] {dag.py:2585} INFO - Sync 1 DAGs
[2023-06-05T13:45:32.302+0000] {logging_mixin.py:120} INFO - [2023-06-05T13:45:32.302+0000] {dag.py:3340} INFO - Setting next_dagrun for example_short_circuit_operator to 2023-06-04T13:45:32.301724+00:00, run_after=2023-06-05T13:45:32.301724+00:00
[2023-06-05T13:45:32.324+0000] {processor.py:176} INFO - Processing /home/airflow/.local/lib/python3.7/site-packages/airflow/example_dags/example_short_circuit_operator.py took 0.298 seconds
[2023-06-05T14:52:53.242+0000] {processor.py:154} INFO - Started process (PID=956) to work on /home/airflow/.local/lib/python3.7/site-packages/airflow/example_dags/example_short_circuit_operator.py
[2023-06-05T14:52:53.247+0000] {processor.py:756} INFO - Processing file /home/airflow/.local/lib/python3.7/site-packages/airflow/example_dags/example_short_circuit_operator.py for tasks to queue
[2023-06-05T14:52:53.248+0000] {logging_mixin.py:120} INFO - [2023-06-05T14:52:53.248+0000] {dagbag.py:537} INFO - Filling up the DagBag from /home/airflow/.local/lib/python3.7/site-packages/airflow/example_dags/example_short_circuit_operator.py
[2023-06-05T14:52:53.281+0000] {processor.py:766} INFO - DAG(s) dict_keys(['example_short_circuit_operator']) retrieved from /home/airflow/.local/lib/python3.7/site-packages/airflow/example_dags/example_short_circuit_operator.py
[2023-06-05T14:52:53.363+0000] {logging_mixin.py:120} INFO - [2023-06-05T14:52:53.363+0000] {dag.py:2585} INFO - Sync 1 DAGs
[2023-06-05T14:52:53.404+0000] {logging_mixin.py:120} INFO - [2023-06-05T14:52:53.404+0000] {dag.py:3340} INFO - Setting next_dagrun for example_short_circuit_operator to 2023-06-04T14:52:53.403697+00:00, run_after=2023-06-05T14:52:53.403697+00:00
[2023-06-05T14:52:53.426+0000] {processor.py:176} INFO - Processing /home/airflow/.local/lib/python3.7/site-packages/airflow/example_dags/example_short_circuit_operator.py took 0.188 seconds
