[2023-06-05T08:57:05.072+0000] {processor.py:154} INFO - Started process (PID=67) to work on /home/airflow/.local/lib/python3.7/site-packages/airflow/example_dags/example_kubernetes_executor.py
[2023-06-05T08:57:05.079+0000] {processor.py:756} INFO - Processing file /home/airflow/.local/lib/python3.7/site-packages/airflow/example_dags/example_kubernetes_executor.py for tasks to queue
[2023-06-05T08:57:05.082+0000] {logging_mixin.py:120} INFO - [2023-06-05T08:57:05.082+0000] {dagbag.py:537} INFO - Filling up the DagBag from /home/airflow/.local/lib/python3.7/site-packages/airflow/example_dags/example_kubernetes_executor.py
[2023-06-05T08:57:05.266+0000] {processor.py:766} INFO - DAG(s) dict_keys(['example_kubernetes_executor']) retrieved from /home/airflow/.local/lib/python3.7/site-packages/airflow/example_dags/example_kubernetes_executor.py
[2023-06-05T08:57:05.423+0000] {logging_mixin.py:120} INFO - [2023-06-05T08:57:05.423+0000] {dag.py:2585} INFO - Sync 1 DAGs
[2023-06-05T08:57:05.500+0000] {logging_mixin.py:120} INFO - [2023-06-05T08:57:05.500+0000] {dag.py:3340} INFO - Setting next_dagrun for example_kubernetes_executor to None, run_after=None
[2023-06-05T08:57:05.562+0000] {processor.py:176} INFO - Processing /home/airflow/.local/lib/python3.7/site-packages/airflow/example_dags/example_kubernetes_executor.py took 0.521 seconds
[2023-06-05T08:57:36.577+0000] {processor.py:154} INFO - Started process (PID=125) to work on /home/airflow/.local/lib/python3.7/site-packages/airflow/example_dags/example_kubernetes_executor.py
[2023-06-05T08:57:36.579+0000] {processor.py:756} INFO - Processing file /home/airflow/.local/lib/python3.7/site-packages/airflow/example_dags/example_kubernetes_executor.py for tasks to queue
[2023-06-05T08:57:36.581+0000] {logging_mixin.py:120} INFO - [2023-06-05T08:57:36.581+0000] {dagbag.py:537} INFO - Filling up the DagBag from /home/airflow/.local/lib/python3.7/site-packages/airflow/example_dags/example_kubernetes_executor.py
[2023-06-05T08:57:36.602+0000] {processor.py:766} INFO - DAG(s) dict_keys(['example_kubernetes_executor']) retrieved from /home/airflow/.local/lib/python3.7/site-packages/airflow/example_dags/example_kubernetes_executor.py
[2023-06-05T08:57:36.631+0000] {logging_mixin.py:120} INFO - [2023-06-05T08:57:36.630+0000] {dag.py:2585} INFO - Sync 1 DAGs
[2023-06-05T08:57:36.645+0000] {logging_mixin.py:120} INFO - [2023-06-05T08:57:36.645+0000] {dag.py:3340} INFO - Setting next_dagrun for example_kubernetes_executor to None, run_after=None
[2023-06-05T08:57:36.655+0000] {processor.py:176} INFO - Processing /home/airflow/.local/lib/python3.7/site-packages/airflow/example_dags/example_kubernetes_executor.py took 0.081 seconds
[2023-06-05T08:58:07.159+0000] {processor.py:154} INFO - Started process (PID=189) to work on /home/airflow/.local/lib/python3.7/site-packages/airflow/example_dags/example_kubernetes_executor.py
[2023-06-05T08:58:07.162+0000] {processor.py:756} INFO - Processing file /home/airflow/.local/lib/python3.7/site-packages/airflow/example_dags/example_kubernetes_executor.py for tasks to queue
[2023-06-05T08:58:07.164+0000] {logging_mixin.py:120} INFO - [2023-06-05T08:58:07.164+0000] {dagbag.py:537} INFO - Filling up the DagBag from /home/airflow/.local/lib/python3.7/site-packages/airflow/example_dags/example_kubernetes_executor.py
[2023-06-05T08:58:07.193+0000] {processor.py:766} INFO - DAG(s) dict_keys(['example_kubernetes_executor']) retrieved from /home/airflow/.local/lib/python3.7/site-packages/airflow/example_dags/example_kubernetes_executor.py
[2023-06-05T08:58:07.222+0000] {logging_mixin.py:120} INFO - [2023-06-05T08:58:07.222+0000] {dag.py:2585} INFO - Sync 1 DAGs
[2023-06-05T08:58:07.235+0000] {logging_mixin.py:120} INFO - [2023-06-05T08:58:07.235+0000] {dag.py:3340} INFO - Setting next_dagrun for example_kubernetes_executor to None, run_after=None
[2023-06-05T08:58:07.246+0000] {processor.py:176} INFO - Processing /home/airflow/.local/lib/python3.7/site-packages/airflow/example_dags/example_kubernetes_executor.py took 0.093 seconds
[2023-06-05T08:58:37.811+0000] {processor.py:154} INFO - Started process (PID=253) to work on /home/airflow/.local/lib/python3.7/site-packages/airflow/example_dags/example_kubernetes_executor.py
[2023-06-05T08:58:37.815+0000] {processor.py:756} INFO - Processing file /home/airflow/.local/lib/python3.7/site-packages/airflow/example_dags/example_kubernetes_executor.py for tasks to queue
[2023-06-05T08:58:37.816+0000] {logging_mixin.py:120} INFO - [2023-06-05T08:58:37.816+0000] {dagbag.py:537} INFO - Filling up the DagBag from /home/airflow/.local/lib/python3.7/site-packages/airflow/example_dags/example_kubernetes_executor.py
[2023-06-05T08:58:37.845+0000] {processor.py:766} INFO - DAG(s) dict_keys(['example_kubernetes_executor']) retrieved from /home/airflow/.local/lib/python3.7/site-packages/airflow/example_dags/example_kubernetes_executor.py
[2023-06-05T08:58:37.875+0000] {logging_mixin.py:120} INFO - [2023-06-05T08:58:37.875+0000] {dag.py:2585} INFO - Sync 1 DAGs
[2023-06-05T08:58:37.889+0000] {logging_mixin.py:120} INFO - [2023-06-05T08:58:37.889+0000] {dag.py:3340} INFO - Setting next_dagrun for example_kubernetes_executor to None, run_after=None
[2023-06-05T08:58:37.901+0000] {processor.py:176} INFO - Processing /home/airflow/.local/lib/python3.7/site-packages/airflow/example_dags/example_kubernetes_executor.py took 0.095 seconds
[2023-06-05T08:59:08.048+0000] {processor.py:154} INFO - Started process (PID=317) to work on /home/airflow/.local/lib/python3.7/site-packages/airflow/example_dags/example_kubernetes_executor.py
[2023-06-05T08:59:08.069+0000] {processor.py:756} INFO - Processing file /home/airflow/.local/lib/python3.7/site-packages/airflow/example_dags/example_kubernetes_executor.py for tasks to queue
[2023-06-05T08:59:08.071+0000] {logging_mixin.py:120} INFO - [2023-06-05T08:59:08.071+0000] {dagbag.py:537} INFO - Filling up the DagBag from /home/airflow/.local/lib/python3.7/site-packages/airflow/example_dags/example_kubernetes_executor.py
[2023-06-05T08:59:08.166+0000] {processor.py:766} INFO - DAG(s) dict_keys(['example_kubernetes_executor']) retrieved from /home/airflow/.local/lib/python3.7/site-packages/airflow/example_dags/example_kubernetes_executor.py
[2023-06-05T08:59:08.231+0000] {logging_mixin.py:120} INFO - [2023-06-05T08:59:08.231+0000] {dag.py:2585} INFO - Sync 1 DAGs
[2023-06-05T08:59:08.258+0000] {logging_mixin.py:120} INFO - [2023-06-05T08:59:08.258+0000] {dag.py:3340} INFO - Setting next_dagrun for example_kubernetes_executor to None, run_after=None
[2023-06-05T08:59:08.273+0000] {processor.py:176} INFO - Processing /home/airflow/.local/lib/python3.7/site-packages/airflow/example_dags/example_kubernetes_executor.py took 0.252 seconds
[2023-06-05T08:59:39.155+0000] {processor.py:154} INFO - Started process (PID=379) to work on /home/airflow/.local/lib/python3.7/site-packages/airflow/example_dags/example_kubernetes_executor.py
[2023-06-05T08:59:39.164+0000] {processor.py:756} INFO - Processing file /home/airflow/.local/lib/python3.7/site-packages/airflow/example_dags/example_kubernetes_executor.py for tasks to queue
[2023-06-05T08:59:39.170+0000] {logging_mixin.py:120} INFO - [2023-06-05T08:59:39.169+0000] {dagbag.py:537} INFO - Filling up the DagBag from /home/airflow/.local/lib/python3.7/site-packages/airflow/example_dags/example_kubernetes_executor.py
[2023-06-05T08:59:39.209+0000] {processor.py:766} INFO - DAG(s) dict_keys(['example_kubernetes_executor']) retrieved from /home/airflow/.local/lib/python3.7/site-packages/airflow/example_dags/example_kubernetes_executor.py
[2023-06-05T08:59:39.335+0000] {logging_mixin.py:120} INFO - [2023-06-05T08:59:39.335+0000] {dag.py:2585} INFO - Sync 1 DAGs
[2023-06-05T08:59:39.496+0000] {logging_mixin.py:120} INFO - [2023-06-05T08:59:39.496+0000] {dag.py:3340} INFO - Setting next_dagrun for example_kubernetes_executor to None, run_after=None
[2023-06-05T08:59:39.523+0000] {processor.py:176} INFO - Processing /home/airflow/.local/lib/python3.7/site-packages/airflow/example_dags/example_kubernetes_executor.py took 0.380 seconds
[2023-06-05T09:00:09.747+0000] {processor.py:154} INFO - Started process (PID=433) to work on /home/airflow/.local/lib/python3.7/site-packages/airflow/example_dags/example_kubernetes_executor.py
[2023-06-05T09:00:09.749+0000] {processor.py:756} INFO - Processing file /home/airflow/.local/lib/python3.7/site-packages/airflow/example_dags/example_kubernetes_executor.py for tasks to queue
[2023-06-05T09:00:09.750+0000] {logging_mixin.py:120} INFO - [2023-06-05T09:00:09.749+0000] {dagbag.py:537} INFO - Filling up the DagBag from /home/airflow/.local/lib/python3.7/site-packages/airflow/example_dags/example_kubernetes_executor.py
[2023-06-05T09:00:09.773+0000] {processor.py:766} INFO - DAG(s) dict_keys(['example_kubernetes_executor']) retrieved from /home/airflow/.local/lib/python3.7/site-packages/airflow/example_dags/example_kubernetes_executor.py
[2023-06-05T09:00:09.806+0000] {logging_mixin.py:120} INFO - [2023-06-05T09:00:09.806+0000] {dag.py:2585} INFO - Sync 1 DAGs
[2023-06-05T09:00:09.822+0000] {logging_mixin.py:120} INFO - [2023-06-05T09:00:09.822+0000] {dag.py:3340} INFO - Setting next_dagrun for example_kubernetes_executor to None, run_after=None
[2023-06-05T09:00:09.838+0000] {processor.py:176} INFO - Processing /home/airflow/.local/lib/python3.7/site-packages/airflow/example_dags/example_kubernetes_executor.py took 0.094 seconds
[2023-06-05T09:00:40.152+0000] {processor.py:154} INFO - Started process (PID=497) to work on /home/airflow/.local/lib/python3.7/site-packages/airflow/example_dags/example_kubernetes_executor.py
[2023-06-05T09:00:40.153+0000] {processor.py:756} INFO - Processing file /home/airflow/.local/lib/python3.7/site-packages/airflow/example_dags/example_kubernetes_executor.py for tasks to queue
[2023-06-05T09:00:40.154+0000] {logging_mixin.py:120} INFO - [2023-06-05T09:00:40.154+0000] {dagbag.py:537} INFO - Filling up the DagBag from /home/airflow/.local/lib/python3.7/site-packages/airflow/example_dags/example_kubernetes_executor.py
[2023-06-05T09:00:40.192+0000] {processor.py:766} INFO - DAG(s) dict_keys(['example_kubernetes_executor']) retrieved from /home/airflow/.local/lib/python3.7/site-packages/airflow/example_dags/example_kubernetes_executor.py
[2023-06-05T09:00:40.233+0000] {logging_mixin.py:120} INFO - [2023-06-05T09:00:40.233+0000] {dag.py:2585} INFO - Sync 1 DAGs
[2023-06-05T09:00:40.251+0000] {logging_mixin.py:120} INFO - [2023-06-05T09:00:40.251+0000] {dag.py:3340} INFO - Setting next_dagrun for example_kubernetes_executor to None, run_after=None
[2023-06-05T09:00:40.266+0000] {processor.py:176} INFO - Processing /home/airflow/.local/lib/python3.7/site-packages/airflow/example_dags/example_kubernetes_executor.py took 0.118 seconds
[2023-06-05T09:01:10.489+0000] {processor.py:154} INFO - Started process (PID=560) to work on /home/airflow/.local/lib/python3.7/site-packages/airflow/example_dags/example_kubernetes_executor.py
[2023-06-05T09:01:10.491+0000] {processor.py:756} INFO - Processing file /home/airflow/.local/lib/python3.7/site-packages/airflow/example_dags/example_kubernetes_executor.py for tasks to queue
[2023-06-05T09:01:10.492+0000] {logging_mixin.py:120} INFO - [2023-06-05T09:01:10.492+0000] {dagbag.py:537} INFO - Filling up the DagBag from /home/airflow/.local/lib/python3.7/site-packages/airflow/example_dags/example_kubernetes_executor.py
[2023-06-05T09:01:10.515+0000] {processor.py:766} INFO - DAG(s) dict_keys(['example_kubernetes_executor']) retrieved from /home/airflow/.local/lib/python3.7/site-packages/airflow/example_dags/example_kubernetes_executor.py
[2023-06-05T09:01:10.552+0000] {logging_mixin.py:120} INFO - [2023-06-05T09:01:10.552+0000] {dag.py:2585} INFO - Sync 1 DAGs
[2023-06-05T09:01:10.572+0000] {logging_mixin.py:120} INFO - [2023-06-05T09:01:10.572+0000] {dag.py:3340} INFO - Setting next_dagrun for example_kubernetes_executor to None, run_after=None
[2023-06-05T09:01:10.586+0000] {processor.py:176} INFO - Processing /home/airflow/.local/lib/python3.7/site-packages/airflow/example_dags/example_kubernetes_executor.py took 0.100 seconds
[2023-06-05T09:01:41.515+0000] {processor.py:154} INFO - Started process (PID=623) to work on /home/airflow/.local/lib/python3.7/site-packages/airflow/example_dags/example_kubernetes_executor.py
[2023-06-05T09:01:41.525+0000] {processor.py:756} INFO - Processing file /home/airflow/.local/lib/python3.7/site-packages/airflow/example_dags/example_kubernetes_executor.py for tasks to queue
[2023-06-05T09:01:41.528+0000] {logging_mixin.py:120} INFO - [2023-06-05T09:01:41.528+0000] {dagbag.py:537} INFO - Filling up the DagBag from /home/airflow/.local/lib/python3.7/site-packages/airflow/example_dags/example_kubernetes_executor.py
[2023-06-05T09:01:41.595+0000] {processor.py:766} INFO - DAG(s) dict_keys(['example_kubernetes_executor']) retrieved from /home/airflow/.local/lib/python3.7/site-packages/airflow/example_dags/example_kubernetes_executor.py
[2023-06-05T09:01:41.673+0000] {logging_mixin.py:120} INFO - [2023-06-05T09:01:41.672+0000] {dag.py:2585} INFO - Sync 1 DAGs
[2023-06-05T09:01:41.702+0000] {logging_mixin.py:120} INFO - [2023-06-05T09:01:41.701+0000] {dag.py:3340} INFO - Setting next_dagrun for example_kubernetes_executor to None, run_after=None
[2023-06-05T09:01:41.743+0000] {processor.py:176} INFO - Processing /home/airflow/.local/lib/python3.7/site-packages/airflow/example_dags/example_kubernetes_executor.py took 0.231 seconds
[2023-06-05T09:02:12.324+0000] {processor.py:154} INFO - Started process (PID=678) to work on /home/airflow/.local/lib/python3.7/site-packages/airflow/example_dags/example_kubernetes_executor.py
[2023-06-05T09:02:12.326+0000] {processor.py:756} INFO - Processing file /home/airflow/.local/lib/python3.7/site-packages/airflow/example_dags/example_kubernetes_executor.py for tasks to queue
[2023-06-05T09:02:12.327+0000] {logging_mixin.py:120} INFO - [2023-06-05T09:02:12.326+0000] {dagbag.py:537} INFO - Filling up the DagBag from /home/airflow/.local/lib/python3.7/site-packages/airflow/example_dags/example_kubernetes_executor.py
[2023-06-05T09:02:12.347+0000] {processor.py:766} INFO - DAG(s) dict_keys(['example_kubernetes_executor']) retrieved from /home/airflow/.local/lib/python3.7/site-packages/airflow/example_dags/example_kubernetes_executor.py
[2023-06-05T09:02:12.378+0000] {logging_mixin.py:120} INFO - [2023-06-05T09:02:12.378+0000] {dag.py:2585} INFO - Sync 1 DAGs
[2023-06-05T09:02:12.392+0000] {logging_mixin.py:120} INFO - [2023-06-05T09:02:12.392+0000] {dag.py:3340} INFO - Setting next_dagrun for example_kubernetes_executor to None, run_after=None
[2023-06-05T09:02:12.403+0000] {processor.py:176} INFO - Processing /home/airflow/.local/lib/python3.7/site-packages/airflow/example_dags/example_kubernetes_executor.py took 0.081 seconds
[2023-06-05T10:02:20.887+0000] {processor.py:154} INFO - Started process (PID=724) to work on /home/airflow/.local/lib/python3.7/site-packages/airflow/example_dags/example_kubernetes_executor.py
[2023-06-05T10:02:20.889+0000] {processor.py:756} INFO - Processing file /home/airflow/.local/lib/python3.7/site-packages/airflow/example_dags/example_kubernetes_executor.py for tasks to queue
[2023-06-05T10:02:20.890+0000] {logging_mixin.py:120} INFO - [2023-06-05T10:02:20.890+0000] {dagbag.py:537} INFO - Filling up the DagBag from /home/airflow/.local/lib/python3.7/site-packages/airflow/example_dags/example_kubernetes_executor.py
[2023-06-05T10:02:20.939+0000] {processor.py:766} INFO - DAG(s) dict_keys(['example_kubernetes_executor']) retrieved from /home/airflow/.local/lib/python3.7/site-packages/airflow/example_dags/example_kubernetes_executor.py
[2023-06-05T10:02:21.007+0000] {logging_mixin.py:120} INFO - [2023-06-05T10:02:21.007+0000] {dag.py:2585} INFO - Sync 1 DAGs
[2023-06-05T10:02:21.028+0000] {logging_mixin.py:120} INFO - [2023-06-05T10:02:21.028+0000] {dag.py:3340} INFO - Setting next_dagrun for example_kubernetes_executor to None, run_after=None
[2023-06-05T10:02:21.054+0000] {processor.py:176} INFO - Processing /home/airflow/.local/lib/python3.7/site-packages/airflow/example_dags/example_kubernetes_executor.py took 0.169 seconds
[2023-06-05T11:26:11.411+0000] {processor.py:154} INFO - Started process (PID=787) to work on /home/airflow/.local/lib/python3.7/site-packages/airflow/example_dags/example_kubernetes_executor.py
[2023-06-05T11:26:11.413+0000] {processor.py:756} INFO - Processing file /home/airflow/.local/lib/python3.7/site-packages/airflow/example_dags/example_kubernetes_executor.py for tasks to queue
[2023-06-05T11:26:11.414+0000] {logging_mixin.py:120} INFO - [2023-06-05T11:26:11.414+0000] {dagbag.py:537} INFO - Filling up the DagBag from /home/airflow/.local/lib/python3.7/site-packages/airflow/example_dags/example_kubernetes_executor.py
[2023-06-05T11:26:11.435+0000] {processor.py:766} INFO - DAG(s) dict_keys(['example_kubernetes_executor']) retrieved from /home/airflow/.local/lib/python3.7/site-packages/airflow/example_dags/example_kubernetes_executor.py
[2023-06-05T11:26:11.473+0000] {logging_mixin.py:120} INFO - [2023-06-05T11:26:11.473+0000] {dag.py:2585} INFO - Sync 1 DAGs
[2023-06-05T11:26:11.491+0000] {logging_mixin.py:120} INFO - [2023-06-05T11:26:11.490+0000] {dag.py:3340} INFO - Setting next_dagrun for example_kubernetes_executor to None, run_after=None
[2023-06-05T11:26:11.507+0000] {processor.py:176} INFO - Processing /home/airflow/.local/lib/python3.7/site-packages/airflow/example_dags/example_kubernetes_executor.py took 0.099 seconds
[2023-06-05T12:47:18.390+0000] {processor.py:154} INFO - Started process (PID=851) to work on /home/airflow/.local/lib/python3.7/site-packages/airflow/example_dags/example_kubernetes_executor.py
[2023-06-05T12:47:18.391+0000] {processor.py:756} INFO - Processing file /home/airflow/.local/lib/python3.7/site-packages/airflow/example_dags/example_kubernetes_executor.py for tasks to queue
[2023-06-05T12:47:18.392+0000] {logging_mixin.py:120} INFO - [2023-06-05T12:47:18.392+0000] {dagbag.py:537} INFO - Filling up the DagBag from /home/airflow/.local/lib/python3.7/site-packages/airflow/example_dags/example_kubernetes_executor.py
[2023-06-05T12:47:18.414+0000] {processor.py:766} INFO - DAG(s) dict_keys(['example_kubernetes_executor']) retrieved from /home/airflow/.local/lib/python3.7/site-packages/airflow/example_dags/example_kubernetes_executor.py
[2023-06-05T12:47:18.449+0000] {logging_mixin.py:120} INFO - [2023-06-05T12:47:18.449+0000] {dag.py:2585} INFO - Sync 1 DAGs
[2023-06-05T12:47:18.471+0000] {logging_mixin.py:120} INFO - [2023-06-05T12:47:18.471+0000] {dag.py:3340} INFO - Setting next_dagrun for example_kubernetes_executor to None, run_after=None
[2023-06-05T12:47:18.500+0000] {processor.py:176} INFO - Processing /home/airflow/.local/lib/python3.7/site-packages/airflow/example_dags/example_kubernetes_executor.py took 0.113 seconds
[2023-06-05T13:45:33.462+0000] {processor.py:154} INFO - Started process (PID=914) to work on /home/airflow/.local/lib/python3.7/site-packages/airflow/example_dags/example_kubernetes_executor.py
[2023-06-05T13:45:33.468+0000] {processor.py:756} INFO - Processing file /home/airflow/.local/lib/python3.7/site-packages/airflow/example_dags/example_kubernetes_executor.py for tasks to queue
[2023-06-05T13:45:33.472+0000] {logging_mixin.py:120} INFO - [2023-06-05T13:45:33.472+0000] {dagbag.py:537} INFO - Filling up the DagBag from /home/airflow/.local/lib/python3.7/site-packages/airflow/example_dags/example_kubernetes_executor.py
[2023-06-05T13:45:33.522+0000] {processor.py:766} INFO - DAG(s) dict_keys(['example_kubernetes_executor']) retrieved from /home/airflow/.local/lib/python3.7/site-packages/airflow/example_dags/example_kubernetes_executor.py
[2023-06-05T13:45:33.590+0000] {logging_mixin.py:120} INFO - [2023-06-05T13:45:33.590+0000] {dag.py:2585} INFO - Sync 1 DAGs
[2023-06-05T13:45:33.607+0000] {logging_mixin.py:120} INFO - [2023-06-05T13:45:33.607+0000] {dag.py:3340} INFO - Setting next_dagrun for example_kubernetes_executor to None, run_after=None
[2023-06-05T13:45:33.630+0000] {processor.py:176} INFO - Processing /home/airflow/.local/lib/python3.7/site-packages/airflow/example_dags/example_kubernetes_executor.py took 0.172 seconds
[2023-06-05T14:52:55.366+0000] {processor.py:154} INFO - Started process (PID=969) to work on /home/airflow/.local/lib/python3.7/site-packages/airflow/example_dags/example_kubernetes_executor.py
[2023-06-05T14:52:55.368+0000] {processor.py:756} INFO - Processing file /home/airflow/.local/lib/python3.7/site-packages/airflow/example_dags/example_kubernetes_executor.py for tasks to queue
[2023-06-05T14:52:55.369+0000] {logging_mixin.py:120} INFO - [2023-06-05T14:52:55.369+0000] {dagbag.py:537} INFO - Filling up the DagBag from /home/airflow/.local/lib/python3.7/site-packages/airflow/example_dags/example_kubernetes_executor.py
[2023-06-05T14:52:55.394+0000] {processor.py:766} INFO - DAG(s) dict_keys(['example_kubernetes_executor']) retrieved from /home/airflow/.local/lib/python3.7/site-packages/airflow/example_dags/example_kubernetes_executor.py
[2023-06-05T14:52:55.438+0000] {logging_mixin.py:120} INFO - [2023-06-05T14:52:55.438+0000] {dag.py:2585} INFO - Sync 1 DAGs
[2023-06-05T14:52:55.457+0000] {logging_mixin.py:120} INFO - [2023-06-05T14:52:55.457+0000] {dag.py:3340} INFO - Setting next_dagrun for example_kubernetes_executor to None, run_after=None
[2023-06-05T14:52:55.491+0000] {processor.py:176} INFO - Processing /home/airflow/.local/lib/python3.7/site-packages/airflow/example_dags/example_kubernetes_executor.py took 0.128 seconds
