[2023-06-05T08:57:05.271+0000] {processor.py:154} INFO - Started process (PID=68) to work on /home/airflow/.local/lib/python3.7/site-packages/airflow/example_dags/example_latest_only.py
[2023-06-05T08:57:05.274+0000] {processor.py:756} INFO - Processing file /home/airflow/.local/lib/python3.7/site-packages/airflow/example_dags/example_latest_only.py for tasks to queue
[2023-06-05T08:57:05.279+0000] {logging_mixin.py:120} INFO - [2023-06-05T08:57:05.279+0000] {dagbag.py:537} INFO - Filling up the DagBag from /home/airflow/.local/lib/python3.7/site-packages/airflow/example_dags/example_latest_only.py
[2023-06-05T08:57:05.347+0000] {processor.py:766} INFO - DAG(s) dict_keys(['latest_only']) retrieved from /home/airflow/.local/lib/python3.7/site-packages/airflow/example_dags/example_latest_only.py
[2023-06-05T08:57:05.500+0000] {logging_mixin.py:120} INFO - [2023-06-05T08:57:05.500+0000] {dag.py:2585} INFO - Sync 1 DAGs
[2023-06-05T08:57:05.578+0000] {logging_mixin.py:120} INFO - [2023-06-05T08:57:05.578+0000] {dag.py:3340} INFO - Setting next_dagrun for latest_only to 2023-06-05T04:57:05.577803+00:00, run_after=2023-06-05T08:57:05.577803+00:00
[2023-06-05T08:57:05.669+0000] {processor.py:176} INFO - Processing /home/airflow/.local/lib/python3.7/site-packages/airflow/example_dags/example_latest_only.py took 0.425 seconds
[2023-06-05T08:57:36.584+0000] {processor.py:154} INFO - Started process (PID=126) to work on /home/airflow/.local/lib/python3.7/site-packages/airflow/example_dags/example_latest_only.py
[2023-06-05T08:57:36.585+0000] {processor.py:756} INFO - Processing file /home/airflow/.local/lib/python3.7/site-packages/airflow/example_dags/example_latest_only.py for tasks to queue
[2023-06-05T08:57:36.586+0000] {logging_mixin.py:120} INFO - [2023-06-05T08:57:36.586+0000] {dagbag.py:537} INFO - Filling up the DagBag from /home/airflow/.local/lib/python3.7/site-packages/airflow/example_dags/example_latest_only.py
[2023-06-05T08:57:36.599+0000] {processor.py:766} INFO - DAG(s) dict_keys(['latest_only']) retrieved from /home/airflow/.local/lib/python3.7/site-packages/airflow/example_dags/example_latest_only.py
[2023-06-05T08:57:36.628+0000] {logging_mixin.py:120} INFO - [2023-06-05T08:57:36.628+0000] {dag.py:2585} INFO - Sync 1 DAGs
[2023-06-05T08:57:36.643+0000] {logging_mixin.py:120} INFO - [2023-06-05T08:57:36.643+0000] {dag.py:3340} INFO - Setting next_dagrun for latest_only to 2023-06-05T04:57:36.643044+00:00, run_after=2023-06-05T08:57:36.643044+00:00
[2023-06-05T08:57:36.654+0000] {processor.py:176} INFO - Processing /home/airflow/.local/lib/python3.7/site-packages/airflow/example_dags/example_latest_only.py took 0.072 seconds
[2023-06-05T08:58:07.164+0000] {processor.py:154} INFO - Started process (PID=190) to work on /home/airflow/.local/lib/python3.7/site-packages/airflow/example_dags/example_latest_only.py
[2023-06-05T08:58:07.166+0000] {processor.py:756} INFO - Processing file /home/airflow/.local/lib/python3.7/site-packages/airflow/example_dags/example_latest_only.py for tasks to queue
[2023-06-05T08:58:07.167+0000] {logging_mixin.py:120} INFO - [2023-06-05T08:58:07.167+0000] {dagbag.py:537} INFO - Filling up the DagBag from /home/airflow/.local/lib/python3.7/site-packages/airflow/example_dags/example_latest_only.py
[2023-06-05T08:58:07.184+0000] {processor.py:766} INFO - DAG(s) dict_keys(['latest_only']) retrieved from /home/airflow/.local/lib/python3.7/site-packages/airflow/example_dags/example_latest_only.py
[2023-06-05T08:58:07.216+0000] {logging_mixin.py:120} INFO - [2023-06-05T08:58:07.215+0000] {dag.py:2585} INFO - Sync 1 DAGs
[2023-06-05T08:58:07.229+0000] {logging_mixin.py:120} INFO - [2023-06-05T08:58:07.229+0000] {dag.py:3340} INFO - Setting next_dagrun for latest_only to 2023-06-05T04:58:07.229437+00:00, run_after=2023-06-05T08:58:07.229437+00:00
[2023-06-05T08:58:07.241+0000] {processor.py:176} INFO - Processing /home/airflow/.local/lib/python3.7/site-packages/airflow/example_dags/example_latest_only.py took 0.082 seconds
[2023-06-05T08:58:37.817+0000] {processor.py:154} INFO - Started process (PID=254) to work on /home/airflow/.local/lib/python3.7/site-packages/airflow/example_dags/example_latest_only.py
[2023-06-05T08:58:37.819+0000] {processor.py:756} INFO - Processing file /home/airflow/.local/lib/python3.7/site-packages/airflow/example_dags/example_latest_only.py for tasks to queue
[2023-06-05T08:58:37.821+0000] {logging_mixin.py:120} INFO - [2023-06-05T08:58:37.821+0000] {dagbag.py:537} INFO - Filling up the DagBag from /home/airflow/.local/lib/python3.7/site-packages/airflow/example_dags/example_latest_only.py
[2023-06-05T08:58:37.836+0000] {processor.py:766} INFO - DAG(s) dict_keys(['latest_only']) retrieved from /home/airflow/.local/lib/python3.7/site-packages/airflow/example_dags/example_latest_only.py
[2023-06-05T08:58:37.869+0000] {logging_mixin.py:120} INFO - [2023-06-05T08:58:37.869+0000] {dag.py:2585} INFO - Sync 1 DAGs
[2023-06-05T08:58:37.883+0000] {logging_mixin.py:120} INFO - [2023-06-05T08:58:37.883+0000] {dag.py:3340} INFO - Setting next_dagrun for latest_only to 2023-06-05T04:58:37.883303+00:00, run_after=2023-06-05T08:58:37.883303+00:00
[2023-06-05T08:58:37.895+0000] {processor.py:176} INFO - Processing /home/airflow/.local/lib/python3.7/site-packages/airflow/example_dags/example_latest_only.py took 0.082 seconds
[2023-06-05T08:59:08.241+0000] {processor.py:154} INFO - Started process (PID=318) to work on /home/airflow/.local/lib/python3.7/site-packages/airflow/example_dags/example_latest_only.py
[2023-06-05T08:59:08.249+0000] {processor.py:756} INFO - Processing file /home/airflow/.local/lib/python3.7/site-packages/airflow/example_dags/example_latest_only.py for tasks to queue
[2023-06-05T08:59:08.250+0000] {logging_mixin.py:120} INFO - [2023-06-05T08:59:08.250+0000] {dagbag.py:537} INFO - Filling up the DagBag from /home/airflow/.local/lib/python3.7/site-packages/airflow/example_dags/example_latest_only.py
[2023-06-05T08:59:08.270+0000] {processor.py:766} INFO - DAG(s) dict_keys(['latest_only']) retrieved from /home/airflow/.local/lib/python3.7/site-packages/airflow/example_dags/example_latest_only.py
[2023-06-05T08:59:08.353+0000] {logging_mixin.py:120} INFO - [2023-06-05T08:59:08.353+0000] {dag.py:2585} INFO - Sync 1 DAGs
[2023-06-05T08:59:08.378+0000] {logging_mixin.py:120} INFO - [2023-06-05T08:59:08.378+0000] {dag.py:3340} INFO - Setting next_dagrun for latest_only to 2023-06-05T04:59:08.378123+00:00, run_after=2023-06-05T08:59:08.378123+00:00
[2023-06-05T08:59:08.398+0000] {processor.py:176} INFO - Processing /home/airflow/.local/lib/python3.7/site-packages/airflow/example_dags/example_latest_only.py took 0.169 seconds
[2023-06-05T08:59:39.457+0000] {processor.py:154} INFO - Started process (PID=380) to work on /home/airflow/.local/lib/python3.7/site-packages/airflow/example_dags/example_latest_only.py
[2023-06-05T08:59:39.464+0000] {processor.py:756} INFO - Processing file /home/airflow/.local/lib/python3.7/site-packages/airflow/example_dags/example_latest_only.py for tasks to queue
[2023-06-05T08:59:39.466+0000] {logging_mixin.py:120} INFO - [2023-06-05T08:59:39.466+0000] {dagbag.py:537} INFO - Filling up the DagBag from /home/airflow/.local/lib/python3.7/site-packages/airflow/example_dags/example_latest_only.py
[2023-06-05T08:59:39.509+0000] {processor.py:766} INFO - DAG(s) dict_keys(['latest_only']) retrieved from /home/airflow/.local/lib/python3.7/site-packages/airflow/example_dags/example_latest_only.py
[2023-06-05T08:59:39.628+0000] {logging_mixin.py:120} INFO - [2023-06-05T08:59:39.628+0000] {dag.py:2585} INFO - Sync 1 DAGs
[2023-06-05T08:59:39.764+0000] {logging_mixin.py:120} INFO - [2023-06-05T08:59:39.764+0000] {dag.py:3340} INFO - Setting next_dagrun for latest_only to 2023-06-05T04:59:39.764162+00:00, run_after=2023-06-05T08:59:39.764162+00:00
[2023-06-05T08:59:39.851+0000] {processor.py:176} INFO - Processing /home/airflow/.local/lib/python3.7/site-packages/airflow/example_dags/example_latest_only.py took 0.411 seconds
[2023-06-05T09:00:10.764+0000] {processor.py:154} INFO - Started process (PID=434) to work on /home/airflow/.local/lib/python3.7/site-packages/airflow/example_dags/example_latest_only.py
[2023-06-05T09:00:10.767+0000] {processor.py:756} INFO - Processing file /home/airflow/.local/lib/python3.7/site-packages/airflow/example_dags/example_latest_only.py for tasks to queue
[2023-06-05T09:00:10.768+0000] {logging_mixin.py:120} INFO - [2023-06-05T09:00:10.768+0000] {dagbag.py:537} INFO - Filling up the DagBag from /home/airflow/.local/lib/python3.7/site-packages/airflow/example_dags/example_latest_only.py
[2023-06-05T09:00:10.790+0000] {processor.py:766} INFO - DAG(s) dict_keys(['latest_only']) retrieved from /home/airflow/.local/lib/python3.7/site-packages/airflow/example_dags/example_latest_only.py
[2023-06-05T09:00:10.864+0000] {logging_mixin.py:120} INFO - [2023-06-05T09:00:10.864+0000] {dag.py:2585} INFO - Sync 1 DAGs
[2023-06-05T09:00:10.886+0000] {logging_mixin.py:120} INFO - [2023-06-05T09:00:10.886+0000] {dag.py:3340} INFO - Setting next_dagrun for latest_only to 2023-06-05T05:00:10.885819+00:00, run_after=2023-06-05T09:00:10.885819+00:00
[2023-06-05T09:00:10.926+0000] {processor.py:176} INFO - Processing /home/airflow/.local/lib/python3.7/site-packages/airflow/example_dags/example_latest_only.py took 0.166 seconds
[2023-06-05T09:00:41.225+0000] {processor.py:154} INFO - Started process (PID=498) to work on /home/airflow/.local/lib/python3.7/site-packages/airflow/example_dags/example_latest_only.py
[2023-06-05T09:00:41.227+0000] {processor.py:756} INFO - Processing file /home/airflow/.local/lib/python3.7/site-packages/airflow/example_dags/example_latest_only.py for tasks to queue
[2023-06-05T09:00:41.230+0000] {logging_mixin.py:120} INFO - [2023-06-05T09:00:41.230+0000] {dagbag.py:537} INFO - Filling up the DagBag from /home/airflow/.local/lib/python3.7/site-packages/airflow/example_dags/example_latest_only.py
[2023-06-05T09:00:41.259+0000] {processor.py:766} INFO - DAG(s) dict_keys(['latest_only']) retrieved from /home/airflow/.local/lib/python3.7/site-packages/airflow/example_dags/example_latest_only.py
[2023-06-05T09:00:41.303+0000] {logging_mixin.py:120} INFO - [2023-06-05T09:00:41.303+0000] {dag.py:2585} INFO - Sync 1 DAGs
[2023-06-05T09:00:41.327+0000] {logging_mixin.py:120} INFO - [2023-06-05T09:00:41.327+0000] {dag.py:3340} INFO - Setting next_dagrun for latest_only to 2023-06-05T05:00:41.327322+00:00, run_after=2023-06-05T09:00:41.327322+00:00
[2023-06-05T09:00:41.346+0000] {processor.py:176} INFO - Processing /home/airflow/.local/lib/python3.7/site-packages/airflow/example_dags/example_latest_only.py took 0.126 seconds
[2023-06-05T09:01:11.573+0000] {processor.py:154} INFO - Started process (PID=561) to work on /home/airflow/.local/lib/python3.7/site-packages/airflow/example_dags/example_latest_only.py
[2023-06-05T09:01:11.575+0000] {processor.py:756} INFO - Processing file /home/airflow/.local/lib/python3.7/site-packages/airflow/example_dags/example_latest_only.py for tasks to queue
[2023-06-05T09:01:11.576+0000] {logging_mixin.py:120} INFO - [2023-06-05T09:01:11.576+0000] {dagbag.py:537} INFO - Filling up the DagBag from /home/airflow/.local/lib/python3.7/site-packages/airflow/example_dags/example_latest_only.py
[2023-06-05T09:01:11.588+0000] {processor.py:766} INFO - DAG(s) dict_keys(['latest_only']) retrieved from /home/airflow/.local/lib/python3.7/site-packages/airflow/example_dags/example_latest_only.py
[2023-06-05T09:01:11.627+0000] {logging_mixin.py:120} INFO - [2023-06-05T09:01:11.627+0000] {dag.py:2585} INFO - Sync 1 DAGs
[2023-06-05T09:01:11.649+0000] {logging_mixin.py:120} INFO - [2023-06-05T09:01:11.649+0000] {dag.py:3340} INFO - Setting next_dagrun for latest_only to 2023-06-05T05:01:11.649161+00:00, run_after=2023-06-05T09:01:11.649161+00:00
[2023-06-05T09:01:11.663+0000] {processor.py:176} INFO - Processing /home/airflow/.local/lib/python3.7/site-packages/airflow/example_dags/example_latest_only.py took 0.093 seconds
[2023-06-05T09:01:41.767+0000] {processor.py:154} INFO - Started process (PID=624) to work on /home/airflow/.local/lib/python3.7/site-packages/airflow/example_dags/example_latest_only.py
[2023-06-05T09:01:41.768+0000] {processor.py:756} INFO - Processing file /home/airflow/.local/lib/python3.7/site-packages/airflow/example_dags/example_latest_only.py for tasks to queue
[2023-06-05T09:01:41.769+0000] {logging_mixin.py:120} INFO - [2023-06-05T09:01:41.769+0000] {dagbag.py:537} INFO - Filling up the DagBag from /home/airflow/.local/lib/python3.7/site-packages/airflow/example_dags/example_latest_only.py
[2023-06-05T09:01:41.780+0000] {processor.py:766} INFO - DAG(s) dict_keys(['latest_only']) retrieved from /home/airflow/.local/lib/python3.7/site-packages/airflow/example_dags/example_latest_only.py
[2023-06-05T09:01:41.825+0000] {logging_mixin.py:120} INFO - [2023-06-05T09:01:41.825+0000] {dag.py:2585} INFO - Sync 1 DAGs
[2023-06-05T09:01:41.853+0000] {logging_mixin.py:120} INFO - [2023-06-05T09:01:41.852+0000] {dag.py:3340} INFO - Setting next_dagrun for latest_only to 2023-06-05T05:01:41.852618+00:00, run_after=2023-06-05T09:01:41.852618+00:00
[2023-06-05T09:01:41.878+0000] {processor.py:176} INFO - Processing /home/airflow/.local/lib/python3.7/site-packages/airflow/example_dags/example_latest_only.py took 0.114 seconds
[2023-06-05T09:02:12.359+0000] {processor.py:154} INFO - Started process (PID=679) to work on /home/airflow/.local/lib/python3.7/site-packages/airflow/example_dags/example_latest_only.py
[2023-06-05T09:02:12.360+0000] {processor.py:756} INFO - Processing file /home/airflow/.local/lib/python3.7/site-packages/airflow/example_dags/example_latest_only.py for tasks to queue
[2023-06-05T09:02:12.361+0000] {logging_mixin.py:120} INFO - [2023-06-05T09:02:12.361+0000] {dagbag.py:537} INFO - Filling up the DagBag from /home/airflow/.local/lib/python3.7/site-packages/airflow/example_dags/example_latest_only.py
[2023-06-05T09:02:12.372+0000] {processor.py:766} INFO - DAG(s) dict_keys(['latest_only']) retrieved from /home/airflow/.local/lib/python3.7/site-packages/airflow/example_dags/example_latest_only.py
[2023-06-05T09:02:12.402+0000] {logging_mixin.py:120} INFO - [2023-06-05T09:02:12.402+0000] {dag.py:2585} INFO - Sync 1 DAGs
[2023-06-05T09:02:12.417+0000] {logging_mixin.py:120} INFO - [2023-06-05T09:02:12.417+0000] {dag.py:3340} INFO - Setting next_dagrun for latest_only to 2023-06-05T05:02:12.417054+00:00, run_after=2023-06-05T09:02:12.417054+00:00
[2023-06-05T09:02:12.430+0000] {processor.py:176} INFO - Processing /home/airflow/.local/lib/python3.7/site-packages/airflow/example_dags/example_latest_only.py took 0.074 seconds
[2023-06-05T10:02:21.097+0000] {processor.py:154} INFO - Started process (PID=731) to work on /home/airflow/.local/lib/python3.7/site-packages/airflow/example_dags/example_latest_only.py
[2023-06-05T10:02:21.100+0000] {processor.py:756} INFO - Processing file /home/airflow/.local/lib/python3.7/site-packages/airflow/example_dags/example_latest_only.py for tasks to queue
[2023-06-05T10:02:21.103+0000] {logging_mixin.py:120} INFO - [2023-06-05T10:02:21.103+0000] {dagbag.py:537} INFO - Filling up the DagBag from /home/airflow/.local/lib/python3.7/site-packages/airflow/example_dags/example_latest_only.py
[2023-06-05T10:02:21.149+0000] {processor.py:766} INFO - DAG(s) dict_keys(['latest_only']) retrieved from /home/airflow/.local/lib/python3.7/site-packages/airflow/example_dags/example_latest_only.py
[2023-06-05T10:02:21.218+0000] {logging_mixin.py:120} INFO - [2023-06-05T10:02:21.218+0000] {dag.py:2585} INFO - Sync 1 DAGs
[2023-06-05T10:02:21.246+0000] {logging_mixin.py:120} INFO - [2023-06-05T10:02:21.246+0000] {dag.py:3340} INFO - Setting next_dagrun for latest_only to 2023-06-05T06:02:21.245980+00:00, run_after=2023-06-05T10:02:21.245980+00:00
[2023-06-05T10:02:21.285+0000] {processor.py:176} INFO - Processing /home/airflow/.local/lib/python3.7/site-packages/airflow/example_dags/example_latest_only.py took 0.191 seconds
[2023-06-05T11:26:11.441+0000] {processor.py:154} INFO - Started process (PID=788) to work on /home/airflow/.local/lib/python3.7/site-packages/airflow/example_dags/example_latest_only.py
[2023-06-05T11:26:11.443+0000] {processor.py:756} INFO - Processing file /home/airflow/.local/lib/python3.7/site-packages/airflow/example_dags/example_latest_only.py for tasks to queue
[2023-06-05T11:26:11.444+0000] {logging_mixin.py:120} INFO - [2023-06-05T11:26:11.444+0000] {dagbag.py:537} INFO - Filling up the DagBag from /home/airflow/.local/lib/python3.7/site-packages/airflow/example_dags/example_latest_only.py
[2023-06-05T11:26:11.456+0000] {processor.py:766} INFO - DAG(s) dict_keys(['latest_only']) retrieved from /home/airflow/.local/lib/python3.7/site-packages/airflow/example_dags/example_latest_only.py
[2023-06-05T11:26:11.497+0000] {logging_mixin.py:120} INFO - [2023-06-05T11:26:11.497+0000] {dag.py:2585} INFO - Sync 1 DAGs
[2023-06-05T11:26:11.513+0000] {logging_mixin.py:120} INFO - [2023-06-05T11:26:11.513+0000] {dag.py:3340} INFO - Setting next_dagrun for latest_only to 2023-06-05T07:26:11.512979+00:00, run_after=2023-06-05T11:26:11.512979+00:00
[2023-06-05T11:26:11.529+0000] {processor.py:176} INFO - Processing /home/airflow/.local/lib/python3.7/site-packages/airflow/example_dags/example_latest_only.py took 0.092 seconds
[2023-06-05T12:47:18.538+0000] {processor.py:154} INFO - Started process (PID=852) to work on /home/airflow/.local/lib/python3.7/site-packages/airflow/example_dags/example_latest_only.py
[2023-06-05T12:47:18.540+0000] {processor.py:756} INFO - Processing file /home/airflow/.local/lib/python3.7/site-packages/airflow/example_dags/example_latest_only.py for tasks to queue
[2023-06-05T12:47:18.540+0000] {logging_mixin.py:120} INFO - [2023-06-05T12:47:18.540+0000] {dagbag.py:537} INFO - Filling up the DagBag from /home/airflow/.local/lib/python3.7/site-packages/airflow/example_dags/example_latest_only.py
[2023-06-05T12:47:18.552+0000] {processor.py:766} INFO - DAG(s) dict_keys(['latest_only']) retrieved from /home/airflow/.local/lib/python3.7/site-packages/airflow/example_dags/example_latest_only.py
[2023-06-05T12:47:18.598+0000] {logging_mixin.py:120} INFO - [2023-06-05T12:47:18.598+0000] {dag.py:2585} INFO - Sync 1 DAGs
[2023-06-05T12:47:18.621+0000] {logging_mixin.py:120} INFO - [2023-06-05T12:47:18.621+0000] {dag.py:3340} INFO - Setting next_dagrun for latest_only to 2023-06-05T08:47:18.621224+00:00, run_after=2023-06-05T12:47:18.621224+00:00
[2023-06-05T12:47:18.637+0000] {processor.py:176} INFO - Processing /home/airflow/.local/lib/python3.7/site-packages/airflow/example_dags/example_latest_only.py took 0.101 seconds
[2023-06-05T13:45:33.541+0000] {processor.py:154} INFO - Started process (PID=915) to work on /home/airflow/.local/lib/python3.7/site-packages/airflow/example_dags/example_latest_only.py
[2023-06-05T13:45:33.548+0000] {processor.py:756} INFO - Processing file /home/airflow/.local/lib/python3.7/site-packages/airflow/example_dags/example_latest_only.py for tasks to queue
[2023-06-05T13:45:33.549+0000] {logging_mixin.py:120} INFO - [2023-06-05T13:45:33.549+0000] {dagbag.py:537} INFO - Filling up the DagBag from /home/airflow/.local/lib/python3.7/site-packages/airflow/example_dags/example_latest_only.py
[2023-06-05T13:45:33.566+0000] {processor.py:766} INFO - DAG(s) dict_keys(['latest_only']) retrieved from /home/airflow/.local/lib/python3.7/site-packages/airflow/example_dags/example_latest_only.py
[2023-06-05T13:45:33.607+0000] {logging_mixin.py:120} INFO - [2023-06-05T13:45:33.607+0000] {dag.py:2585} INFO - Sync 1 DAGs
[2023-06-05T13:45:33.624+0000] {logging_mixin.py:120} INFO - [2023-06-05T13:45:33.623+0000] {dag.py:3340} INFO - Setting next_dagrun for latest_only to 2023-06-05T09:45:33.623757+00:00, run_after=2023-06-05T13:45:33.623757+00:00
[2023-06-05T13:45:33.641+0000] {processor.py:176} INFO - Processing /home/airflow/.local/lib/python3.7/site-packages/airflow/example_dags/example_latest_only.py took 0.105 seconds
[2023-06-05T14:52:55.399+0000] {processor.py:154} INFO - Started process (PID=970) to work on /home/airflow/.local/lib/python3.7/site-packages/airflow/example_dags/example_latest_only.py
[2023-06-05T14:52:55.402+0000] {processor.py:756} INFO - Processing file /home/airflow/.local/lib/python3.7/site-packages/airflow/example_dags/example_latest_only.py for tasks to queue
[2023-06-05T14:52:55.404+0000] {logging_mixin.py:120} INFO - [2023-06-05T14:52:55.404+0000] {dagbag.py:537} INFO - Filling up the DagBag from /home/airflow/.local/lib/python3.7/site-packages/airflow/example_dags/example_latest_only.py
[2023-06-05T14:52:55.418+0000] {processor.py:766} INFO - DAG(s) dict_keys(['latest_only']) retrieved from /home/airflow/.local/lib/python3.7/site-packages/airflow/example_dags/example_latest_only.py
[2023-06-05T14:52:55.461+0000] {logging_mixin.py:120} INFO - [2023-06-05T14:52:55.461+0000] {dag.py:2585} INFO - Sync 1 DAGs
[2023-06-05T14:52:55.485+0000] {logging_mixin.py:120} INFO - [2023-06-05T14:52:55.485+0000] {dag.py:3340} INFO - Setting next_dagrun for latest_only to 2023-06-05T10:52:55.484715+00:00, run_after=2023-06-05T14:52:55.484715+00:00
[2023-06-05T14:52:55.504+0000] {processor.py:176} INFO - Processing /home/airflow/.local/lib/python3.7/site-packages/airflow/example_dags/example_latest_only.py took 0.110 seconds
