[2023-06-05T08:57:06.562+0000] {processor.py:154} INFO - Started process (PID=73) to work on /home/airflow/.local/lib/python3.7/site-packages/airflow/example_dags/example_bash_operator.py
[2023-06-05T08:57:06.566+0000] {processor.py:756} INFO - Processing file /home/airflow/.local/lib/python3.7/site-packages/airflow/example_dags/example_bash_operator.py for tasks to queue
[2023-06-05T08:57:06.568+0000] {logging_mixin.py:120} INFO - [2023-06-05T08:57:06.568+0000] {dagbag.py:537} INFO - Filling up the DagBag from /home/airflow/.local/lib/python3.7/site-packages/airflow/example_dags/example_bash_operator.py
[2023-06-05T08:57:06.632+0000] {processor.py:766} INFO - DAG(s) dict_keys(['example_bash_operator']) retrieved from /home/airflow/.local/lib/python3.7/site-packages/airflow/example_dags/example_bash_operator.py
[2023-06-05T08:57:06.712+0000] {logging_mixin.py:120} INFO - [2023-06-05T08:57:06.712+0000] {dag.py:2585} INFO - Sync 1 DAGs
[2023-06-05T08:57:06.735+0000] {logging_mixin.py:120} INFO - [2023-06-05T08:57:06.735+0000] {dag.py:3340} INFO - Setting next_dagrun for example_bash_operator to 2023-06-05T00:00:00+00:00, run_after=2023-06-06T00:00:00+00:00
[2023-06-05T08:57:06.760+0000] {processor.py:176} INFO - Processing /home/airflow/.local/lib/python3.7/site-packages/airflow/example_dags/example_bash_operator.py took 0.200 seconds
[2023-06-05T08:57:36.965+0000] {processor.py:154} INFO - Started process (PID=131) to work on /home/airflow/.local/lib/python3.7/site-packages/airflow/example_dags/example_bash_operator.py
[2023-06-05T08:57:36.967+0000] {processor.py:756} INFO - Processing file /home/airflow/.local/lib/python3.7/site-packages/airflow/example_dags/example_bash_operator.py for tasks to queue
[2023-06-05T08:57:36.967+0000] {logging_mixin.py:120} INFO - [2023-06-05T08:57:36.967+0000] {dagbag.py:537} INFO - Filling up the DagBag from /home/airflow/.local/lib/python3.7/site-packages/airflow/example_dags/example_bash_operator.py
[2023-06-05T08:57:36.982+0000] {processor.py:766} INFO - DAG(s) dict_keys(['example_bash_operator']) retrieved from /home/airflow/.local/lib/python3.7/site-packages/airflow/example_dags/example_bash_operator.py
[2023-06-05T08:57:37.011+0000] {logging_mixin.py:120} INFO - [2023-06-05T08:57:37.011+0000] {dag.py:2585} INFO - Sync 1 DAGs
[2023-06-05T08:57:37.027+0000] {logging_mixin.py:120} INFO - [2023-06-05T08:57:37.027+0000] {dag.py:3340} INFO - Setting next_dagrun for example_bash_operator to 2023-06-05T00:00:00+00:00, run_after=2023-06-06T00:00:00+00:00
[2023-06-05T08:57:37.038+0000] {processor.py:176} INFO - Processing /home/airflow/.local/lib/python3.7/site-packages/airflow/example_dags/example_bash_operator.py took 0.077 seconds
[2023-06-05T08:58:07.466+0000] {processor.py:154} INFO - Started process (PID=195) to work on /home/airflow/.local/lib/python3.7/site-packages/airflow/example_dags/example_bash_operator.py
[2023-06-05T08:58:07.467+0000] {processor.py:756} INFO - Processing file /home/airflow/.local/lib/python3.7/site-packages/airflow/example_dags/example_bash_operator.py for tasks to queue
[2023-06-05T08:58:07.468+0000] {logging_mixin.py:120} INFO - [2023-06-05T08:58:07.468+0000] {dagbag.py:537} INFO - Filling up the DagBag from /home/airflow/.local/lib/python3.7/site-packages/airflow/example_dags/example_bash_operator.py
[2023-06-05T08:58:07.483+0000] {processor.py:766} INFO - DAG(s) dict_keys(['example_bash_operator']) retrieved from /home/airflow/.local/lib/python3.7/site-packages/airflow/example_dags/example_bash_operator.py
[2023-06-05T08:58:07.515+0000] {logging_mixin.py:120} INFO - [2023-06-05T08:58:07.515+0000] {dag.py:2585} INFO - Sync 1 DAGs
[2023-06-05T08:58:07.535+0000] {logging_mixin.py:120} INFO - [2023-06-05T08:58:07.534+0000] {dag.py:3340} INFO - Setting next_dagrun for example_bash_operator to 2023-06-05T00:00:00+00:00, run_after=2023-06-06T00:00:00+00:00
[2023-06-05T08:58:07.546+0000] {processor.py:176} INFO - Processing /home/airflow/.local/lib/python3.7/site-packages/airflow/example_dags/example_bash_operator.py took 0.083 seconds
[2023-06-05T08:58:38.140+0000] {processor.py:154} INFO - Started process (PID=259) to work on /home/airflow/.local/lib/python3.7/site-packages/airflow/example_dags/example_bash_operator.py
[2023-06-05T08:58:38.142+0000] {processor.py:756} INFO - Processing file /home/airflow/.local/lib/python3.7/site-packages/airflow/example_dags/example_bash_operator.py for tasks to queue
[2023-06-05T08:58:38.147+0000] {logging_mixin.py:120} INFO - [2023-06-05T08:58:38.147+0000] {dagbag.py:537} INFO - Filling up the DagBag from /home/airflow/.local/lib/python3.7/site-packages/airflow/example_dags/example_bash_operator.py
[2023-06-05T08:58:38.162+0000] {processor.py:766} INFO - DAG(s) dict_keys(['example_bash_operator']) retrieved from /home/airflow/.local/lib/python3.7/site-packages/airflow/example_dags/example_bash_operator.py
[2023-06-05T08:58:38.194+0000] {logging_mixin.py:120} INFO - [2023-06-05T08:58:38.194+0000] {dag.py:2585} INFO - Sync 1 DAGs
[2023-06-05T08:58:38.210+0000] {logging_mixin.py:120} INFO - [2023-06-05T08:58:38.210+0000] {dag.py:3340} INFO - Setting next_dagrun for example_bash_operator to 2023-06-05T00:00:00+00:00, run_after=2023-06-06T00:00:00+00:00
[2023-06-05T08:58:38.222+0000] {processor.py:176} INFO - Processing /home/airflow/.local/lib/python3.7/site-packages/airflow/example_dags/example_bash_operator.py took 0.084 seconds
[2023-06-05T08:59:08.808+0000] {processor.py:154} INFO - Started process (PID=323) to work on /home/airflow/.local/lib/python3.7/site-packages/airflow/example_dags/example_bash_operator.py
[2023-06-05T08:59:08.809+0000] {processor.py:756} INFO - Processing file /home/airflow/.local/lib/python3.7/site-packages/airflow/example_dags/example_bash_operator.py for tasks to queue
[2023-06-05T08:59:08.810+0000] {logging_mixin.py:120} INFO - [2023-06-05T08:59:08.810+0000] {dagbag.py:537} INFO - Filling up the DagBag from /home/airflow/.local/lib/python3.7/site-packages/airflow/example_dags/example_bash_operator.py
[2023-06-05T08:59:08.830+0000] {processor.py:766} INFO - DAG(s) dict_keys(['example_bash_operator']) retrieved from /home/airflow/.local/lib/python3.7/site-packages/airflow/example_dags/example_bash_operator.py
[2023-06-05T08:59:08.876+0000] {logging_mixin.py:120} INFO - [2023-06-05T08:59:08.876+0000] {dag.py:2585} INFO - Sync 1 DAGs
[2023-06-05T08:59:08.917+0000] {logging_mixin.py:120} INFO - [2023-06-05T08:59:08.917+0000] {dag.py:3340} INFO - Setting next_dagrun for example_bash_operator to 2023-06-05T00:00:00+00:00, run_after=2023-06-06T00:00:00+00:00
[2023-06-05T08:59:08.937+0000] {processor.py:176} INFO - Processing /home/airflow/.local/lib/python3.7/site-packages/airflow/example_dags/example_bash_operator.py took 0.133 seconds
[2023-06-05T08:59:40.336+0000] {processor.py:154} INFO - Started process (PID=385) to work on /home/airflow/.local/lib/python3.7/site-packages/airflow/example_dags/example_bash_operator.py
[2023-06-05T08:59:40.338+0000] {processor.py:756} INFO - Processing file /home/airflow/.local/lib/python3.7/site-packages/airflow/example_dags/example_bash_operator.py for tasks to queue
[2023-06-05T08:59:40.339+0000] {logging_mixin.py:120} INFO - [2023-06-05T08:59:40.338+0000] {dagbag.py:537} INFO - Filling up the DagBag from /home/airflow/.local/lib/python3.7/site-packages/airflow/example_dags/example_bash_operator.py
[2023-06-05T08:59:40.363+0000] {processor.py:766} INFO - DAG(s) dict_keys(['example_bash_operator']) retrieved from /home/airflow/.local/lib/python3.7/site-packages/airflow/example_dags/example_bash_operator.py
[2023-06-05T08:59:40.441+0000] {logging_mixin.py:120} INFO - [2023-06-05T08:59:40.441+0000] {dag.py:2585} INFO - Sync 1 DAGs
[2023-06-05T08:59:40.478+0000] {logging_mixin.py:120} INFO - [2023-06-05T08:59:40.478+0000] {dag.py:3340} INFO - Setting next_dagrun for example_bash_operator to 2023-06-05T00:00:00+00:00, run_after=2023-06-06T00:00:00+00:00
[2023-06-05T08:59:40.518+0000] {processor.py:176} INFO - Processing /home/airflow/.local/lib/python3.7/site-packages/airflow/example_dags/example_bash_operator.py took 0.185 seconds
[2023-06-05T09:00:11.694+0000] {processor.py:154} INFO - Started process (PID=439) to work on /home/airflow/.local/lib/python3.7/site-packages/airflow/example_dags/example_bash_operator.py
[2023-06-05T09:00:11.706+0000] {processor.py:756} INFO - Processing file /home/airflow/.local/lib/python3.7/site-packages/airflow/example_dags/example_bash_operator.py for tasks to queue
[2023-06-05T09:00:11.709+0000] {logging_mixin.py:120} INFO - [2023-06-05T09:00:11.709+0000] {dagbag.py:537} INFO - Filling up the DagBag from /home/airflow/.local/lib/python3.7/site-packages/airflow/example_dags/example_bash_operator.py
[2023-06-05T09:00:11.844+0000] {processor.py:766} INFO - DAG(s) dict_keys(['example_bash_operator']) retrieved from /home/airflow/.local/lib/python3.7/site-packages/airflow/example_dags/example_bash_operator.py
[2023-06-05T09:00:11.921+0000] {logging_mixin.py:120} INFO - [2023-06-05T09:00:11.921+0000] {dag.py:2585} INFO - Sync 1 DAGs
[2023-06-05T09:00:11.968+0000] {logging_mixin.py:120} INFO - [2023-06-05T09:00:11.968+0000] {dag.py:3340} INFO - Setting next_dagrun for example_bash_operator to 2023-06-05T00:00:00+00:00, run_after=2023-06-06T00:00:00+00:00
[2023-06-05T09:00:12.159+0000] {processor.py:176} INFO - Processing /home/airflow/.local/lib/python3.7/site-packages/airflow/example_dags/example_bash_operator.py took 0.468 seconds
[2023-06-05T09:00:42.618+0000] {processor.py:154} INFO - Started process (PID=503) to work on /home/airflow/.local/lib/python3.7/site-packages/airflow/example_dags/example_bash_operator.py
[2023-06-05T09:00:42.619+0000] {processor.py:756} INFO - Processing file /home/airflow/.local/lib/python3.7/site-packages/airflow/example_dags/example_bash_operator.py for tasks to queue
[2023-06-05T09:00:42.620+0000] {logging_mixin.py:120} INFO - [2023-06-05T09:00:42.620+0000] {dagbag.py:537} INFO - Filling up the DagBag from /home/airflow/.local/lib/python3.7/site-packages/airflow/example_dags/example_bash_operator.py
[2023-06-05T09:00:42.636+0000] {processor.py:766} INFO - DAG(s) dict_keys(['example_bash_operator']) retrieved from /home/airflow/.local/lib/python3.7/site-packages/airflow/example_dags/example_bash_operator.py
[2023-06-05T09:00:42.667+0000] {logging_mixin.py:120} INFO - [2023-06-05T09:00:42.667+0000] {dag.py:2585} INFO - Sync 1 DAGs
[2023-06-05T09:00:42.683+0000] {logging_mixin.py:120} INFO - [2023-06-05T09:00:42.683+0000] {dag.py:3340} INFO - Setting next_dagrun for example_bash_operator to 2023-06-05T00:00:00+00:00, run_after=2023-06-06T00:00:00+00:00
[2023-06-05T09:00:42.694+0000] {processor.py:176} INFO - Processing /home/airflow/.local/lib/python3.7/site-packages/airflow/example_dags/example_bash_operator.py took 0.080 seconds
[2023-06-05T09:01:12.913+0000] {processor.py:154} INFO - Started process (PID=566) to work on /home/airflow/.local/lib/python3.7/site-packages/airflow/example_dags/example_bash_operator.py
[2023-06-05T09:01:12.915+0000] {processor.py:756} INFO - Processing file /home/airflow/.local/lib/python3.7/site-packages/airflow/example_dags/example_bash_operator.py for tasks to queue
[2023-06-05T09:01:12.916+0000] {logging_mixin.py:120} INFO - [2023-06-05T09:01:12.915+0000] {dagbag.py:537} INFO - Filling up the DagBag from /home/airflow/.local/lib/python3.7/site-packages/airflow/example_dags/example_bash_operator.py
[2023-06-05T09:01:12.941+0000] {processor.py:766} INFO - DAG(s) dict_keys(['example_bash_operator']) retrieved from /home/airflow/.local/lib/python3.7/site-packages/airflow/example_dags/example_bash_operator.py
[2023-06-05T09:01:12.998+0000] {logging_mixin.py:120} INFO - [2023-06-05T09:01:12.998+0000] {dag.py:2585} INFO - Sync 1 DAGs
[2023-06-05T09:01:13.017+0000] {logging_mixin.py:120} INFO - [2023-06-05T09:01:13.017+0000] {dag.py:3340} INFO - Setting next_dagrun for example_bash_operator to 2023-06-05T00:00:00+00:00, run_after=2023-06-06T00:00:00+00:00
[2023-06-05T09:01:13.032+0000] {processor.py:176} INFO - Processing /home/airflow/.local/lib/python3.7/site-packages/airflow/example_dags/example_bash_operator.py took 0.123 seconds
[2023-06-05T09:01:43.787+0000] {processor.py:154} INFO - Started process (PID=629) to work on /home/airflow/.local/lib/python3.7/site-packages/airflow/example_dags/example_bash_operator.py
[2023-06-05T09:01:43.810+0000] {processor.py:756} INFO - Processing file /home/airflow/.local/lib/python3.7/site-packages/airflow/example_dags/example_bash_operator.py for tasks to queue
[2023-06-05T09:01:43.829+0000] {logging_mixin.py:120} INFO - [2023-06-05T09:01:43.828+0000] {dagbag.py:537} INFO - Filling up the DagBag from /home/airflow/.local/lib/python3.7/site-packages/airflow/example_dags/example_bash_operator.py
[2023-06-05T09:01:44.228+0000] {processor.py:766} INFO - DAG(s) dict_keys(['example_bash_operator']) retrieved from /home/airflow/.local/lib/python3.7/site-packages/airflow/example_dags/example_bash_operator.py
[2023-06-05T09:01:44.712+0000] {logging_mixin.py:120} INFO - [2023-06-05T09:01:44.696+0000] {dag.py:2585} INFO - Sync 1 DAGs
[2023-06-05T09:01:44.836+0000] {logging_mixin.py:120} INFO - [2023-06-05T09:01:44.836+0000] {dag.py:3340} INFO - Setting next_dagrun for example_bash_operator to 2023-06-05T00:00:00+00:00, run_after=2023-06-06T00:00:00+00:00
[2023-06-05T09:01:44.888+0000] {processor.py:176} INFO - Processing /home/airflow/.local/lib/python3.7/site-packages/airflow/example_dags/example_bash_operator.py took 1.106 seconds
[2023-06-05T09:02:15.658+0000] {processor.py:154} INFO - Started process (PID=693) to work on /home/airflow/.local/lib/python3.7/site-packages/airflow/example_dags/example_bash_operator.py
[2023-06-05T09:02:15.660+0000] {processor.py:756} INFO - Processing file /home/airflow/.local/lib/python3.7/site-packages/airflow/example_dags/example_bash_operator.py for tasks to queue
[2023-06-05T09:02:15.661+0000] {logging_mixin.py:120} INFO - [2023-06-05T09:02:15.661+0000] {dagbag.py:537} INFO - Filling up the DagBag from /home/airflow/.local/lib/python3.7/site-packages/airflow/example_dags/example_bash_operator.py
[2023-06-05T09:02:15.681+0000] {processor.py:766} INFO - DAG(s) dict_keys(['example_bash_operator']) retrieved from /home/airflow/.local/lib/python3.7/site-packages/airflow/example_dags/example_bash_operator.py
[2023-06-05T09:02:15.715+0000] {logging_mixin.py:120} INFO - [2023-06-05T09:02:15.715+0000] {dag.py:2585} INFO - Sync 1 DAGs
[2023-06-05T09:02:15.731+0000] {logging_mixin.py:120} INFO - [2023-06-05T09:02:15.731+0000] {dag.py:3340} INFO - Setting next_dagrun for example_bash_operator to 2023-06-05T00:00:00+00:00, run_after=2023-06-06T00:00:00+00:00
[2023-06-05T09:02:15.745+0000] {processor.py:176} INFO - Processing /home/airflow/.local/lib/python3.7/site-packages/airflow/example_dags/example_bash_operator.py took 0.090 seconds
[2023-06-05T10:02:22.174+0000] {processor.py:154} INFO - Started process (PID=738) to work on /home/airflow/.local/lib/python3.7/site-packages/airflow/example_dags/example_bash_operator.py
[2023-06-05T10:02:22.182+0000] {processor.py:756} INFO - Processing file /home/airflow/.local/lib/python3.7/site-packages/airflow/example_dags/example_bash_operator.py for tasks to queue
[2023-06-05T10:02:22.184+0000] {logging_mixin.py:120} INFO - [2023-06-05T10:02:22.183+0000] {dagbag.py:537} INFO - Filling up the DagBag from /home/airflow/.local/lib/python3.7/site-packages/airflow/example_dags/example_bash_operator.py
[2023-06-05T10:02:22.215+0000] {processor.py:766} INFO - DAG(s) dict_keys(['example_bash_operator']) retrieved from /home/airflow/.local/lib/python3.7/site-packages/airflow/example_dags/example_bash_operator.py
[2023-06-05T10:02:22.281+0000] {logging_mixin.py:120} INFO - [2023-06-05T10:02:22.281+0000] {dag.py:2585} INFO - Sync 1 DAGs
[2023-06-05T10:02:22.312+0000] {logging_mixin.py:120} INFO - [2023-06-05T10:02:22.312+0000] {dag.py:3340} INFO - Setting next_dagrun for example_bash_operator to 2023-06-05T00:00:00+00:00, run_after=2023-06-06T00:00:00+00:00
[2023-06-05T10:02:22.325+0000] {processor.py:176} INFO - Processing /home/airflow/.local/lib/python3.7/site-packages/airflow/example_dags/example_bash_operator.py took 0.157 seconds
[2023-06-05T11:26:11.864+0000] {processor.py:154} INFO - Started process (PID=793) to work on /home/airflow/.local/lib/python3.7/site-packages/airflow/example_dags/example_bash_operator.py
[2023-06-05T11:26:11.867+0000] {processor.py:756} INFO - Processing file /home/airflow/.local/lib/python3.7/site-packages/airflow/example_dags/example_bash_operator.py for tasks to queue
[2023-06-05T11:26:11.868+0000] {logging_mixin.py:120} INFO - [2023-06-05T11:26:11.868+0000] {dagbag.py:537} INFO - Filling up the DagBag from /home/airflow/.local/lib/python3.7/site-packages/airflow/example_dags/example_bash_operator.py
[2023-06-05T11:26:11.886+0000] {processor.py:766} INFO - DAG(s) dict_keys(['example_bash_operator']) retrieved from /home/airflow/.local/lib/python3.7/site-packages/airflow/example_dags/example_bash_operator.py
[2023-06-05T11:26:11.944+0000] {logging_mixin.py:120} INFO - [2023-06-05T11:26:11.943+0000] {dag.py:2585} INFO - Sync 1 DAGs
[2023-06-05T11:26:11.971+0000] {logging_mixin.py:120} INFO - [2023-06-05T11:26:11.971+0000] {dag.py:3340} INFO - Setting next_dagrun for example_bash_operator to 2023-06-05T00:00:00+00:00, run_after=2023-06-06T00:00:00+00:00
[2023-06-05T11:26:11.986+0000] {processor.py:176} INFO - Processing /home/airflow/.local/lib/python3.7/site-packages/airflow/example_dags/example_bash_operator.py took 0.124 seconds
[2023-06-05T12:47:18.942+0000] {processor.py:154} INFO - Started process (PID=857) to work on /home/airflow/.local/lib/python3.7/site-packages/airflow/example_dags/example_bash_operator.py
[2023-06-05T12:47:18.945+0000] {processor.py:756} INFO - Processing file /home/airflow/.local/lib/python3.7/site-packages/airflow/example_dags/example_bash_operator.py for tasks to queue
[2023-06-05T12:47:18.946+0000] {logging_mixin.py:120} INFO - [2023-06-05T12:47:18.946+0000] {dagbag.py:537} INFO - Filling up the DagBag from /home/airflow/.local/lib/python3.7/site-packages/airflow/example_dags/example_bash_operator.py
[2023-06-05T12:47:18.967+0000] {processor.py:766} INFO - DAG(s) dict_keys(['example_bash_operator']) retrieved from /home/airflow/.local/lib/python3.7/site-packages/airflow/example_dags/example_bash_operator.py
[2023-06-05T12:47:19.017+0000] {logging_mixin.py:120} INFO - [2023-06-05T12:47:19.017+0000] {dag.py:2585} INFO - Sync 1 DAGs
[2023-06-05T12:47:19.050+0000] {logging_mixin.py:120} INFO - [2023-06-05T12:47:19.050+0000] {dag.py:3340} INFO - Setting next_dagrun for example_bash_operator to 2023-06-05T00:00:00+00:00, run_after=2023-06-06T00:00:00+00:00
[2023-06-05T12:47:19.063+0000] {processor.py:176} INFO - Processing /home/airflow/.local/lib/python3.7/site-packages/airflow/example_dags/example_bash_operator.py took 0.126 seconds
[2023-06-05T13:45:33.954+0000] {processor.py:154} INFO - Started process (PID=920) to work on /home/airflow/.local/lib/python3.7/site-packages/airflow/example_dags/example_bash_operator.py
[2023-06-05T13:45:33.959+0000] {processor.py:756} INFO - Processing file /home/airflow/.local/lib/python3.7/site-packages/airflow/example_dags/example_bash_operator.py for tasks to queue
[2023-06-05T13:45:33.960+0000] {logging_mixin.py:120} INFO - [2023-06-05T13:45:33.960+0000] {dagbag.py:537} INFO - Filling up the DagBag from /home/airflow/.local/lib/python3.7/site-packages/airflow/example_dags/example_bash_operator.py
[2023-06-05T13:45:33.993+0000] {processor.py:766} INFO - DAG(s) dict_keys(['example_bash_operator']) retrieved from /home/airflow/.local/lib/python3.7/site-packages/airflow/example_dags/example_bash_operator.py
[2023-06-05T13:45:34.035+0000] {logging_mixin.py:120} INFO - [2023-06-05T13:45:34.035+0000] {dag.py:2585} INFO - Sync 1 DAGs
[2023-06-05T13:45:34.064+0000] {logging_mixin.py:120} INFO - [2023-06-05T13:45:34.064+0000] {dag.py:3340} INFO - Setting next_dagrun for example_bash_operator to 2023-06-05T00:00:00+00:00, run_after=2023-06-06T00:00:00+00:00
[2023-06-05T13:45:34.081+0000] {processor.py:176} INFO - Processing /home/airflow/.local/lib/python3.7/site-packages/airflow/example_dags/example_bash_operator.py took 0.130 seconds
[2023-06-05T14:52:56.066+0000] {processor.py:154} INFO - Started process (PID=975) to work on /home/airflow/.local/lib/python3.7/site-packages/airflow/example_dags/example_bash_operator.py
[2023-06-05T14:52:56.069+0000] {processor.py:756} INFO - Processing file /home/airflow/.local/lib/python3.7/site-packages/airflow/example_dags/example_bash_operator.py for tasks to queue
[2023-06-05T14:52:56.069+0000] {logging_mixin.py:120} INFO - [2023-06-05T14:52:56.069+0000] {dagbag.py:537} INFO - Filling up the DagBag from /home/airflow/.local/lib/python3.7/site-packages/airflow/example_dags/example_bash_operator.py
[2023-06-05T14:52:56.087+0000] {processor.py:766} INFO - DAG(s) dict_keys(['example_bash_operator']) retrieved from /home/airflow/.local/lib/python3.7/site-packages/airflow/example_dags/example_bash_operator.py
[2023-06-05T14:52:56.126+0000] {logging_mixin.py:120} INFO - [2023-06-05T14:52:56.126+0000] {dag.py:2585} INFO - Sync 1 DAGs
[2023-06-05T14:52:56.144+0000] {logging_mixin.py:120} INFO - [2023-06-05T14:52:56.144+0000] {dag.py:3340} INFO - Setting next_dagrun for example_bash_operator to 2023-06-05T00:00:00+00:00, run_after=2023-06-06T00:00:00+00:00
[2023-06-05T14:52:56.169+0000] {processor.py:176} INFO - Processing /home/airflow/.local/lib/python3.7/site-packages/airflow/example_dags/example_bash_operator.py took 0.106 seconds
