[2023-06-05T08:57:06.328+0000] {processor.py:154} INFO - Started process (PID=71) to work on /home/airflow/.local/lib/python3.7/site-packages/airflow/example_dags/example_complex.py
[2023-06-05T08:57:06.330+0000] {processor.py:756} INFO - Processing file /home/airflow/.local/lib/python3.7/site-packages/airflow/example_dags/example_complex.py for tasks to queue
[2023-06-05T08:57:06.331+0000] {logging_mixin.py:120} INFO - [2023-06-05T08:57:06.331+0000] {dagbag.py:537} INFO - Filling up the DagBag from /home/airflow/.local/lib/python3.7/site-packages/airflow/example_dags/example_complex.py
[2023-06-05T08:57:06.362+0000] {logging_mixin.py:120} INFO - [2023-06-05T08:57:06.362+0000] {taskmixin.py:205} WARNING - Dependency <Task(BashOperator): create_entry_group>, delete_entry_group already registered for DAG: example_complex
[2023-06-05T08:57:06.363+0000] {logging_mixin.py:120} INFO - [2023-06-05T08:57:06.363+0000] {taskmixin.py:205} WARNING - Dependency <Task(BashOperator): delete_entry_group>, create_entry_group already registered for DAG: example_complex
[2023-06-05T08:57:06.364+0000] {logging_mixin.py:120} INFO - [2023-06-05T08:57:06.364+0000] {taskmixin.py:205} WARNING - Dependency <Task(BashOperator): create_entry_gcs>, delete_entry already registered for DAG: example_complex
[2023-06-05T08:57:06.364+0000] {logging_mixin.py:120} INFO - [2023-06-05T08:57:06.364+0000] {taskmixin.py:205} WARNING - Dependency <Task(BashOperator): delete_entry>, create_entry_gcs already registered for DAG: example_complex
[2023-06-05T08:57:06.365+0000] {logging_mixin.py:120} INFO - [2023-06-05T08:57:06.365+0000] {taskmixin.py:205} WARNING - Dependency <Task(BashOperator): create_tag>, delete_tag already registered for DAG: example_complex
[2023-06-05T08:57:06.366+0000] {logging_mixin.py:120} INFO - [2023-06-05T08:57:06.366+0000] {taskmixin.py:205} WARNING - Dependency <Task(BashOperator): delete_tag>, create_tag already registered for DAG: example_complex
[2023-06-05T08:57:06.379+0000] {processor.py:766} INFO - DAG(s) dict_keys(['example_complex']) retrieved from /home/airflow/.local/lib/python3.7/site-packages/airflow/example_dags/example_complex.py
[2023-06-05T08:57:06.448+0000] {logging_mixin.py:120} INFO - [2023-06-05T08:57:06.447+0000] {dag.py:2585} INFO - Sync 1 DAGs
[2023-06-05T08:57:06.494+0000] {logging_mixin.py:120} INFO - [2023-06-05T08:57:06.493+0000] {dag.py:3340} INFO - Setting next_dagrun for example_complex to None, run_after=None
[2023-06-05T08:57:06.518+0000] {processor.py:176} INFO - Processing /home/airflow/.local/lib/python3.7/site-packages/airflow/example_dags/example_complex.py took 0.194 seconds
[2023-06-05T08:57:36.857+0000] {processor.py:154} INFO - Started process (PID=129) to work on /home/airflow/.local/lib/python3.7/site-packages/airflow/example_dags/example_complex.py
[2023-06-05T08:57:36.859+0000] {processor.py:756} INFO - Processing file /home/airflow/.local/lib/python3.7/site-packages/airflow/example_dags/example_complex.py for tasks to queue
[2023-06-05T08:57:36.859+0000] {logging_mixin.py:120} INFO - [2023-06-05T08:57:36.859+0000] {dagbag.py:537} INFO - Filling up the DagBag from /home/airflow/.local/lib/python3.7/site-packages/airflow/example_dags/example_complex.py
[2023-06-05T08:57:36.869+0000] {logging_mixin.py:120} INFO - [2023-06-05T08:57:36.869+0000] {taskmixin.py:205} WARNING - Dependency <Task(BashOperator): create_entry_group>, delete_entry_group already registered for DAG: example_complex
[2023-06-05T08:57:36.869+0000] {logging_mixin.py:120} INFO - [2023-06-05T08:57:36.869+0000] {taskmixin.py:205} WARNING - Dependency <Task(BashOperator): delete_entry_group>, create_entry_group already registered for DAG: example_complex
[2023-06-05T08:57:36.870+0000] {logging_mixin.py:120} INFO - [2023-06-05T08:57:36.870+0000] {taskmixin.py:205} WARNING - Dependency <Task(BashOperator): create_entry_gcs>, delete_entry already registered for DAG: example_complex
[2023-06-05T08:57:36.870+0000] {logging_mixin.py:120} INFO - [2023-06-05T08:57:36.870+0000] {taskmixin.py:205} WARNING - Dependency <Task(BashOperator): delete_entry>, create_entry_gcs already registered for DAG: example_complex
[2023-06-05T08:57:36.871+0000] {logging_mixin.py:120} INFO - [2023-06-05T08:57:36.871+0000] {taskmixin.py:205} WARNING - Dependency <Task(BashOperator): create_tag>, delete_tag already registered for DAG: example_complex
[2023-06-05T08:57:36.872+0000] {logging_mixin.py:120} INFO - [2023-06-05T08:57:36.872+0000] {taskmixin.py:205} WARNING - Dependency <Task(BashOperator): delete_tag>, create_tag already registered for DAG: example_complex
[2023-06-05T08:57:36.877+0000] {processor.py:766} INFO - DAG(s) dict_keys(['example_complex']) retrieved from /home/airflow/.local/lib/python3.7/site-packages/airflow/example_dags/example_complex.py
[2023-06-05T08:57:36.908+0000] {logging_mixin.py:120} INFO - [2023-06-05T08:57:36.908+0000] {dag.py:2585} INFO - Sync 1 DAGs
[2023-06-05T08:57:36.923+0000] {logging_mixin.py:120} INFO - [2023-06-05T08:57:36.923+0000] {dag.py:3340} INFO - Setting next_dagrun for example_complex to None, run_after=None
[2023-06-05T08:57:36.938+0000] {processor.py:176} INFO - Processing /home/airflow/.local/lib/python3.7/site-packages/airflow/example_dags/example_complex.py took 0.083 seconds
[2023-06-05T08:58:07.365+0000] {processor.py:154} INFO - Started process (PID=193) to work on /home/airflow/.local/lib/python3.7/site-packages/airflow/example_dags/example_complex.py
[2023-06-05T08:58:07.366+0000] {processor.py:756} INFO - Processing file /home/airflow/.local/lib/python3.7/site-packages/airflow/example_dags/example_complex.py for tasks to queue
[2023-06-05T08:58:07.367+0000] {logging_mixin.py:120} INFO - [2023-06-05T08:58:07.367+0000] {dagbag.py:537} INFO - Filling up the DagBag from /home/airflow/.local/lib/python3.7/site-packages/airflow/example_dags/example_complex.py
[2023-06-05T08:58:07.374+0000] {logging_mixin.py:120} INFO - [2023-06-05T08:58:07.374+0000] {taskmixin.py:205} WARNING - Dependency <Task(BashOperator): create_entry_group>, delete_entry_group already registered for DAG: example_complex
[2023-06-05T08:58:07.375+0000] {logging_mixin.py:120} INFO - [2023-06-05T08:58:07.375+0000] {taskmixin.py:205} WARNING - Dependency <Task(BashOperator): delete_entry_group>, create_entry_group already registered for DAG: example_complex
[2023-06-05T08:58:07.375+0000] {logging_mixin.py:120} INFO - [2023-06-05T08:58:07.375+0000] {taskmixin.py:205} WARNING - Dependency <Task(BashOperator): create_entry_gcs>, delete_entry already registered for DAG: example_complex
[2023-06-05T08:58:07.376+0000] {logging_mixin.py:120} INFO - [2023-06-05T08:58:07.376+0000] {taskmixin.py:205} WARNING - Dependency <Task(BashOperator): delete_entry>, create_entry_gcs already registered for DAG: example_complex
[2023-06-05T08:58:07.377+0000] {logging_mixin.py:120} INFO - [2023-06-05T08:58:07.377+0000] {taskmixin.py:205} WARNING - Dependency <Task(BashOperator): create_tag>, delete_tag already registered for DAG: example_complex
[2023-06-05T08:58:07.377+0000] {logging_mixin.py:120} INFO - [2023-06-05T08:58:07.377+0000] {taskmixin.py:205} WARNING - Dependency <Task(BashOperator): delete_tag>, create_tag already registered for DAG: example_complex
[2023-06-05T08:58:07.382+0000] {processor.py:766} INFO - DAG(s) dict_keys(['example_complex']) retrieved from /home/airflow/.local/lib/python3.7/site-packages/airflow/example_dags/example_complex.py
[2023-06-05T08:58:07.414+0000] {logging_mixin.py:120} INFO - [2023-06-05T08:58:07.414+0000] {dag.py:2585} INFO - Sync 1 DAGs
[2023-06-05T08:58:07.429+0000] {logging_mixin.py:120} INFO - [2023-06-05T08:58:07.429+0000] {dag.py:3340} INFO - Setting next_dagrun for example_complex to None, run_after=None
[2023-06-05T08:58:07.441+0000] {processor.py:176} INFO - Processing /home/airflow/.local/lib/python3.7/site-packages/airflow/example_dags/example_complex.py took 0.079 seconds
[2023-06-05T08:58:38.031+0000] {processor.py:154} INFO - Started process (PID=257) to work on /home/airflow/.local/lib/python3.7/site-packages/airflow/example_dags/example_complex.py
[2023-06-05T08:58:38.033+0000] {processor.py:756} INFO - Processing file /home/airflow/.local/lib/python3.7/site-packages/airflow/example_dags/example_complex.py for tasks to queue
[2023-06-05T08:58:38.034+0000] {logging_mixin.py:120} INFO - [2023-06-05T08:58:38.034+0000] {dagbag.py:537} INFO - Filling up the DagBag from /home/airflow/.local/lib/python3.7/site-packages/airflow/example_dags/example_complex.py
[2023-06-05T08:58:38.042+0000] {logging_mixin.py:120} INFO - [2023-06-05T08:58:38.042+0000] {taskmixin.py:205} WARNING - Dependency <Task(BashOperator): create_entry_group>, delete_entry_group already registered for DAG: example_complex
[2023-06-05T08:58:38.043+0000] {logging_mixin.py:120} INFO - [2023-06-05T08:58:38.042+0000] {taskmixin.py:205} WARNING - Dependency <Task(BashOperator): delete_entry_group>, create_entry_group already registered for DAG: example_complex
[2023-06-05T08:58:38.043+0000] {logging_mixin.py:120} INFO - [2023-06-05T08:58:38.043+0000] {taskmixin.py:205} WARNING - Dependency <Task(BashOperator): create_entry_gcs>, delete_entry already registered for DAG: example_complex
[2023-06-05T08:58:38.049+0000] {logging_mixin.py:120} INFO - [2023-06-05T08:58:38.049+0000] {taskmixin.py:205} WARNING - Dependency <Task(BashOperator): delete_entry>, create_entry_gcs already registered for DAG: example_complex
[2023-06-05T08:58:38.050+0000] {logging_mixin.py:120} INFO - [2023-06-05T08:58:38.050+0000] {taskmixin.py:205} WARNING - Dependency <Task(BashOperator): create_tag>, delete_tag already registered for DAG: example_complex
[2023-06-05T08:58:38.050+0000] {logging_mixin.py:120} INFO - [2023-06-05T08:58:38.050+0000] {taskmixin.py:205} WARNING - Dependency <Task(BashOperator): delete_tag>, create_tag already registered for DAG: example_complex
[2023-06-05T08:58:38.056+0000] {processor.py:766} INFO - DAG(s) dict_keys(['example_complex']) retrieved from /home/airflow/.local/lib/python3.7/site-packages/airflow/example_dags/example_complex.py
[2023-06-05T08:58:38.090+0000] {logging_mixin.py:120} INFO - [2023-06-05T08:58:38.089+0000] {dag.py:2585} INFO - Sync 1 DAGs
[2023-06-05T08:58:38.105+0000] {logging_mixin.py:120} INFO - [2023-06-05T08:58:38.105+0000] {dag.py:3340} INFO - Setting next_dagrun for example_complex to None, run_after=None
[2023-06-05T08:58:38.116+0000] {processor.py:176} INFO - Processing /home/airflow/.local/lib/python3.7/site-packages/airflow/example_dags/example_complex.py took 0.087 seconds
[2023-06-05T08:59:08.629+0000] {processor.py:154} INFO - Started process (PID=321) to work on /home/airflow/.local/lib/python3.7/site-packages/airflow/example_dags/example_complex.py
[2023-06-05T08:59:08.632+0000] {processor.py:756} INFO - Processing file /home/airflow/.local/lib/python3.7/site-packages/airflow/example_dags/example_complex.py for tasks to queue
[2023-06-05T08:59:08.634+0000] {logging_mixin.py:120} INFO - [2023-06-05T08:59:08.634+0000] {dagbag.py:537} INFO - Filling up the DagBag from /home/airflow/.local/lib/python3.7/site-packages/airflow/example_dags/example_complex.py
[2023-06-05T08:59:08.644+0000] {logging_mixin.py:120} INFO - [2023-06-05T08:59:08.644+0000] {taskmixin.py:205} WARNING - Dependency <Task(BashOperator): create_entry_group>, delete_entry_group already registered for DAG: example_complex
[2023-06-05T08:59:08.645+0000] {logging_mixin.py:120} INFO - [2023-06-05T08:59:08.645+0000] {taskmixin.py:205} WARNING - Dependency <Task(BashOperator): delete_entry_group>, create_entry_group already registered for DAG: example_complex
[2023-06-05T08:59:08.646+0000] {logging_mixin.py:120} INFO - [2023-06-05T08:59:08.646+0000] {taskmixin.py:205} WARNING - Dependency <Task(BashOperator): create_entry_gcs>, delete_entry already registered for DAG: example_complex
[2023-06-05T08:59:08.646+0000] {logging_mixin.py:120} INFO - [2023-06-05T08:59:08.646+0000] {taskmixin.py:205} WARNING - Dependency <Task(BashOperator): delete_entry>, create_entry_gcs already registered for DAG: example_complex
[2023-06-05T08:59:08.647+0000] {logging_mixin.py:120} INFO - [2023-06-05T08:59:08.647+0000] {taskmixin.py:205} WARNING - Dependency <Task(BashOperator): create_tag>, delete_tag already registered for DAG: example_complex
[2023-06-05T08:59:08.649+0000] {logging_mixin.py:120} INFO - [2023-06-05T08:59:08.649+0000] {taskmixin.py:205} WARNING - Dependency <Task(BashOperator): delete_tag>, create_tag already registered for DAG: example_complex
[2023-06-05T08:59:08.657+0000] {processor.py:766} INFO - DAG(s) dict_keys(['example_complex']) retrieved from /home/airflow/.local/lib/python3.7/site-packages/airflow/example_dags/example_complex.py
[2023-06-05T08:59:08.714+0000] {logging_mixin.py:120} INFO - [2023-06-05T08:59:08.713+0000] {dag.py:2585} INFO - Sync 1 DAGs
[2023-06-05T08:59:08.749+0000] {logging_mixin.py:120} INFO - [2023-06-05T08:59:08.749+0000] {dag.py:3340} INFO - Setting next_dagrun for example_complex to None, run_after=None
[2023-06-05T08:59:08.768+0000] {processor.py:176} INFO - Processing /home/airflow/.local/lib/python3.7/site-packages/airflow/example_dags/example_complex.py took 0.143 seconds
[2023-06-05T08:59:40.108+0000] {processor.py:154} INFO - Started process (PID=383) to work on /home/airflow/.local/lib/python3.7/site-packages/airflow/example_dags/example_complex.py
[2023-06-05T08:59:40.113+0000] {processor.py:756} INFO - Processing file /home/airflow/.local/lib/python3.7/site-packages/airflow/example_dags/example_complex.py for tasks to queue
[2023-06-05T08:59:40.119+0000] {logging_mixin.py:120} INFO - [2023-06-05T08:59:40.118+0000] {dagbag.py:537} INFO - Filling up the DagBag from /home/airflow/.local/lib/python3.7/site-packages/airflow/example_dags/example_complex.py
[2023-06-05T08:59:40.130+0000] {logging_mixin.py:120} INFO - [2023-06-05T08:59:40.130+0000] {taskmixin.py:205} WARNING - Dependency <Task(BashOperator): create_entry_group>, delete_entry_group already registered for DAG: example_complex
[2023-06-05T08:59:40.134+0000] {logging_mixin.py:120} INFO - [2023-06-05T08:59:40.134+0000] {taskmixin.py:205} WARNING - Dependency <Task(BashOperator): delete_entry_group>, create_entry_group already registered for DAG: example_complex
[2023-06-05T08:59:40.142+0000] {logging_mixin.py:120} INFO - [2023-06-05T08:59:40.141+0000] {taskmixin.py:205} WARNING - Dependency <Task(BashOperator): create_entry_gcs>, delete_entry already registered for DAG: example_complex
[2023-06-05T08:59:40.142+0000] {logging_mixin.py:120} INFO - [2023-06-05T08:59:40.142+0000] {taskmixin.py:205} WARNING - Dependency <Task(BashOperator): delete_entry>, create_entry_gcs already registered for DAG: example_complex
[2023-06-05T08:59:40.143+0000] {logging_mixin.py:120} INFO - [2023-06-05T08:59:40.143+0000] {taskmixin.py:205} WARNING - Dependency <Task(BashOperator): create_tag>, delete_tag already registered for DAG: example_complex
[2023-06-05T08:59:40.146+0000] {logging_mixin.py:120} INFO - [2023-06-05T08:59:40.146+0000] {taskmixin.py:205} WARNING - Dependency <Task(BashOperator): delete_tag>, create_tag already registered for DAG: example_complex
[2023-06-05T08:59:40.157+0000] {processor.py:766} INFO - DAG(s) dict_keys(['example_complex']) retrieved from /home/airflow/.local/lib/python3.7/site-packages/airflow/example_dags/example_complex.py
[2023-06-05T08:59:40.219+0000] {logging_mixin.py:120} INFO - [2023-06-05T08:59:40.219+0000] {dag.py:2585} INFO - Sync 1 DAGs
[2023-06-05T08:59:40.261+0000] {logging_mixin.py:120} INFO - [2023-06-05T08:59:40.260+0000] {dag.py:3340} INFO - Setting next_dagrun for example_complex to None, run_after=None
[2023-06-05T08:59:40.293+0000] {processor.py:176} INFO - Processing /home/airflow/.local/lib/python3.7/site-packages/airflow/example_dags/example_complex.py took 0.187 seconds
[2023-06-05T09:00:11.205+0000] {processor.py:154} INFO - Started process (PID=437) to work on /home/airflow/.local/lib/python3.7/site-packages/airflow/example_dags/example_complex.py
[2023-06-05T09:00:11.216+0000] {processor.py:756} INFO - Processing file /home/airflow/.local/lib/python3.7/site-packages/airflow/example_dags/example_complex.py for tasks to queue
[2023-06-05T09:00:11.217+0000] {logging_mixin.py:120} INFO - [2023-06-05T09:00:11.217+0000] {dagbag.py:537} INFO - Filling up the DagBag from /home/airflow/.local/lib/python3.7/site-packages/airflow/example_dags/example_complex.py
[2023-06-05T09:00:11.257+0000] {logging_mixin.py:120} INFO - [2023-06-05T09:00:11.257+0000] {taskmixin.py:205} WARNING - Dependency <Task(BashOperator): create_entry_group>, delete_entry_group already registered for DAG: example_complex
[2023-06-05T09:00:11.259+0000] {logging_mixin.py:120} INFO - [2023-06-05T09:00:11.259+0000] {taskmixin.py:205} WARNING - Dependency <Task(BashOperator): delete_entry_group>, create_entry_group already registered for DAG: example_complex
[2023-06-05T09:00:11.261+0000] {logging_mixin.py:120} INFO - [2023-06-05T09:00:11.261+0000] {taskmixin.py:205} WARNING - Dependency <Task(BashOperator): create_entry_gcs>, delete_entry already registered for DAG: example_complex
[2023-06-05T09:00:11.262+0000] {logging_mixin.py:120} INFO - [2023-06-05T09:00:11.262+0000] {taskmixin.py:205} WARNING - Dependency <Task(BashOperator): delete_entry>, create_entry_gcs already registered for DAG: example_complex
[2023-06-05T09:00:11.262+0000] {logging_mixin.py:120} INFO - [2023-06-05T09:00:11.262+0000] {taskmixin.py:205} WARNING - Dependency <Task(BashOperator): create_tag>, delete_tag already registered for DAG: example_complex
[2023-06-05T09:00:11.266+0000] {logging_mixin.py:120} INFO - [2023-06-05T09:00:11.265+0000] {taskmixin.py:205} WARNING - Dependency <Task(BashOperator): delete_tag>, create_tag already registered for DAG: example_complex
[2023-06-05T09:00:11.284+0000] {processor.py:766} INFO - DAG(s) dict_keys(['example_complex']) retrieved from /home/airflow/.local/lib/python3.7/site-packages/airflow/example_dags/example_complex.py
[2023-06-05T09:00:11.401+0000] {logging_mixin.py:120} INFO - [2023-06-05T09:00:11.401+0000] {dag.py:2585} INFO - Sync 1 DAGs
[2023-06-05T09:00:11.509+0000] {logging_mixin.py:120} INFO - [2023-06-05T09:00:11.509+0000] {dag.py:3340} INFO - Setting next_dagrun for example_complex to None, run_after=None
[2023-06-05T09:00:11.629+0000] {processor.py:176} INFO - Processing /home/airflow/.local/lib/python3.7/site-packages/airflow/example_dags/example_complex.py took 0.432 seconds
[2023-06-05T09:00:42.504+0000] {processor.py:154} INFO - Started process (PID=501) to work on /home/airflow/.local/lib/python3.7/site-packages/airflow/example_dags/example_complex.py
[2023-06-05T09:00:42.506+0000] {processor.py:756} INFO - Processing file /home/airflow/.local/lib/python3.7/site-packages/airflow/example_dags/example_complex.py for tasks to queue
[2023-06-05T09:00:42.507+0000] {logging_mixin.py:120} INFO - [2023-06-05T09:00:42.507+0000] {dagbag.py:537} INFO - Filling up the DagBag from /home/airflow/.local/lib/python3.7/site-packages/airflow/example_dags/example_complex.py
[2023-06-05T09:00:42.516+0000] {logging_mixin.py:120} INFO - [2023-06-05T09:00:42.516+0000] {taskmixin.py:205} WARNING - Dependency <Task(BashOperator): create_entry_group>, delete_entry_group already registered for DAG: example_complex
[2023-06-05T09:00:42.517+0000] {logging_mixin.py:120} INFO - [2023-06-05T09:00:42.517+0000] {taskmixin.py:205} WARNING - Dependency <Task(BashOperator): delete_entry_group>, create_entry_group already registered for DAG: example_complex
[2023-06-05T09:00:42.517+0000] {logging_mixin.py:120} INFO - [2023-06-05T09:00:42.517+0000] {taskmixin.py:205} WARNING - Dependency <Task(BashOperator): create_entry_gcs>, delete_entry already registered for DAG: example_complex
[2023-06-05T09:00:42.518+0000] {logging_mixin.py:120} INFO - [2023-06-05T09:00:42.518+0000] {taskmixin.py:205} WARNING - Dependency <Task(BashOperator): delete_entry>, create_entry_gcs already registered for DAG: example_complex
[2023-06-05T09:00:42.518+0000] {logging_mixin.py:120} INFO - [2023-06-05T09:00:42.518+0000] {taskmixin.py:205} WARNING - Dependency <Task(BashOperator): create_tag>, delete_tag already registered for DAG: example_complex
[2023-06-05T09:00:42.519+0000] {logging_mixin.py:120} INFO - [2023-06-05T09:00:42.519+0000] {taskmixin.py:205} WARNING - Dependency <Task(BashOperator): delete_tag>, create_tag already registered for DAG: example_complex
[2023-06-05T09:00:42.525+0000] {processor.py:766} INFO - DAG(s) dict_keys(['example_complex']) retrieved from /home/airflow/.local/lib/python3.7/site-packages/airflow/example_dags/example_complex.py
[2023-06-05T09:00:42.561+0000] {logging_mixin.py:120} INFO - [2023-06-05T09:00:42.561+0000] {dag.py:2585} INFO - Sync 1 DAGs
[2023-06-05T09:00:42.576+0000] {logging_mixin.py:120} INFO - [2023-06-05T09:00:42.576+0000] {dag.py:3340} INFO - Setting next_dagrun for example_complex to None, run_after=None
[2023-06-05T09:00:42.588+0000] {processor.py:176} INFO - Processing /home/airflow/.local/lib/python3.7/site-packages/airflow/example_dags/example_complex.py took 0.089 seconds
[2023-06-05T09:01:12.794+0000] {processor.py:154} INFO - Started process (PID=564) to work on /home/airflow/.local/lib/python3.7/site-packages/airflow/example_dags/example_complex.py
[2023-06-05T09:01:12.796+0000] {processor.py:756} INFO - Processing file /home/airflow/.local/lib/python3.7/site-packages/airflow/example_dags/example_complex.py for tasks to queue
[2023-06-05T09:01:12.797+0000] {logging_mixin.py:120} INFO - [2023-06-05T09:01:12.797+0000] {dagbag.py:537} INFO - Filling up the DagBag from /home/airflow/.local/lib/python3.7/site-packages/airflow/example_dags/example_complex.py
[2023-06-05T09:01:12.807+0000] {logging_mixin.py:120} INFO - [2023-06-05T09:01:12.807+0000] {taskmixin.py:205} WARNING - Dependency <Task(BashOperator): create_entry_group>, delete_entry_group already registered for DAG: example_complex
[2023-06-05T09:01:12.808+0000] {logging_mixin.py:120} INFO - [2023-06-05T09:01:12.807+0000] {taskmixin.py:205} WARNING - Dependency <Task(BashOperator): delete_entry_group>, create_entry_group already registered for DAG: example_complex
[2023-06-05T09:01:12.808+0000] {logging_mixin.py:120} INFO - [2023-06-05T09:01:12.808+0000] {taskmixin.py:205} WARNING - Dependency <Task(BashOperator): create_entry_gcs>, delete_entry already registered for DAG: example_complex
[2023-06-05T09:01:12.808+0000] {logging_mixin.py:120} INFO - [2023-06-05T09:01:12.808+0000] {taskmixin.py:205} WARNING - Dependency <Task(BashOperator): delete_entry>, create_entry_gcs already registered for DAG: example_complex
[2023-06-05T09:01:12.809+0000] {logging_mixin.py:120} INFO - [2023-06-05T09:01:12.809+0000] {taskmixin.py:205} WARNING - Dependency <Task(BashOperator): create_tag>, delete_tag already registered for DAG: example_complex
[2023-06-05T09:01:12.809+0000] {logging_mixin.py:120} INFO - [2023-06-05T09:01:12.809+0000] {taskmixin.py:205} WARNING - Dependency <Task(BashOperator): delete_tag>, create_tag already registered for DAG: example_complex
[2023-06-05T09:01:12.815+0000] {processor.py:766} INFO - DAG(s) dict_keys(['example_complex']) retrieved from /home/airflow/.local/lib/python3.7/site-packages/airflow/example_dags/example_complex.py
[2023-06-05T09:01:12.855+0000] {logging_mixin.py:120} INFO - [2023-06-05T09:01:12.855+0000] {dag.py:2585} INFO - Sync 1 DAGs
[2023-06-05T09:01:12.873+0000] {logging_mixin.py:120} INFO - [2023-06-05T09:01:12.873+0000] {dag.py:3340} INFO - Setting next_dagrun for example_complex to None, run_after=None
[2023-06-05T09:01:12.887+0000] {processor.py:176} INFO - Processing /home/airflow/.local/lib/python3.7/site-packages/airflow/example_dags/example_complex.py took 0.096 seconds
[2023-06-05T09:01:43.226+0000] {processor.py:154} INFO - Started process (PID=627) to work on /home/airflow/.local/lib/python3.7/site-packages/airflow/example_dags/example_complex.py
[2023-06-05T09:01:43.233+0000] {processor.py:756} INFO - Processing file /home/airflow/.local/lib/python3.7/site-packages/airflow/example_dags/example_complex.py for tasks to queue
[2023-06-05T09:01:43.254+0000] {logging_mixin.py:120} INFO - [2023-06-05T09:01:43.254+0000] {dagbag.py:537} INFO - Filling up the DagBag from /home/airflow/.local/lib/python3.7/site-packages/airflow/example_dags/example_complex.py
[2023-06-05T09:01:43.404+0000] {logging_mixin.py:120} INFO - [2023-06-05T09:01:43.404+0000] {taskmixin.py:205} WARNING - Dependency <Task(BashOperator): create_entry_group>, delete_entry_group already registered for DAG: example_complex
[2023-06-05T09:01:43.417+0000] {logging_mixin.py:120} INFO - [2023-06-05T09:01:43.417+0000] {taskmixin.py:205} WARNING - Dependency <Task(BashOperator): delete_entry_group>, create_entry_group already registered for DAG: example_complex
[2023-06-05T09:01:43.421+0000] {logging_mixin.py:120} INFO - [2023-06-05T09:01:43.421+0000] {taskmixin.py:205} WARNING - Dependency <Task(BashOperator): create_entry_gcs>, delete_entry already registered for DAG: example_complex
[2023-06-05T09:01:43.425+0000] {logging_mixin.py:120} INFO - [2023-06-05T09:01:43.424+0000] {taskmixin.py:205} WARNING - Dependency <Task(BashOperator): delete_entry>, create_entry_gcs already registered for DAG: example_complex
[2023-06-05T09:01:43.426+0000] {logging_mixin.py:120} INFO - [2023-06-05T09:01:43.426+0000] {taskmixin.py:205} WARNING - Dependency <Task(BashOperator): create_tag>, delete_tag already registered for DAG: example_complex
[2023-06-05T09:01:43.431+0000] {logging_mixin.py:120} INFO - [2023-06-05T09:01:43.431+0000] {taskmixin.py:205} WARNING - Dependency <Task(BashOperator): delete_tag>, create_tag already registered for DAG: example_complex
[2023-06-05T09:01:43.443+0000] {processor.py:766} INFO - DAG(s) dict_keys(['example_complex']) retrieved from /home/airflow/.local/lib/python3.7/site-packages/airflow/example_dags/example_complex.py
[2023-06-05T09:01:43.631+0000] {logging_mixin.py:120} INFO - [2023-06-05T09:01:43.631+0000] {dag.py:2585} INFO - Sync 1 DAGs
[2023-06-05T09:01:43.685+0000] {logging_mixin.py:120} INFO - [2023-06-05T09:01:43.685+0000] {dag.py:3340} INFO - Setting next_dagrun for example_complex to None, run_after=None
[2023-06-05T09:01:43.713+0000] {processor.py:176} INFO - Processing /home/airflow/.local/lib/python3.7/site-packages/airflow/example_dags/example_complex.py took 0.527 seconds
[2023-06-05T09:02:14.532+0000] {processor.py:154} INFO - Started process (PID=691) to work on /home/airflow/.local/lib/python3.7/site-packages/airflow/example_dags/example_complex.py
[2023-06-05T09:02:14.533+0000] {processor.py:756} INFO - Processing file /home/airflow/.local/lib/python3.7/site-packages/airflow/example_dags/example_complex.py for tasks to queue
[2023-06-05T09:02:14.534+0000] {logging_mixin.py:120} INFO - [2023-06-05T09:02:14.534+0000] {dagbag.py:537} INFO - Filling up the DagBag from /home/airflow/.local/lib/python3.7/site-packages/airflow/example_dags/example_complex.py
[2023-06-05T09:02:14.542+0000] {logging_mixin.py:120} INFO - [2023-06-05T09:02:14.542+0000] {taskmixin.py:205} WARNING - Dependency <Task(BashOperator): create_entry_group>, delete_entry_group already registered for DAG: example_complex
[2023-06-05T09:02:14.543+0000] {logging_mixin.py:120} INFO - [2023-06-05T09:02:14.543+0000] {taskmixin.py:205} WARNING - Dependency <Task(BashOperator): delete_entry_group>, create_entry_group already registered for DAG: example_complex
[2023-06-05T09:02:14.543+0000] {logging_mixin.py:120} INFO - [2023-06-05T09:02:14.543+0000] {taskmixin.py:205} WARNING - Dependency <Task(BashOperator): create_entry_gcs>, delete_entry already registered for DAG: example_complex
[2023-06-05T09:02:14.544+0000] {logging_mixin.py:120} INFO - [2023-06-05T09:02:14.544+0000] {taskmixin.py:205} WARNING - Dependency <Task(BashOperator): delete_entry>, create_entry_gcs already registered for DAG: example_complex
[2023-06-05T09:02:14.544+0000] {logging_mixin.py:120} INFO - [2023-06-05T09:02:14.544+0000] {taskmixin.py:205} WARNING - Dependency <Task(BashOperator): create_tag>, delete_tag already registered for DAG: example_complex
[2023-06-05T09:02:14.545+0000] {logging_mixin.py:120} INFO - [2023-06-05T09:02:14.545+0000] {taskmixin.py:205} WARNING - Dependency <Task(BashOperator): delete_tag>, create_tag already registered for DAG: example_complex
[2023-06-05T09:02:14.550+0000] {processor.py:766} INFO - DAG(s) dict_keys(['example_complex']) retrieved from /home/airflow/.local/lib/python3.7/site-packages/airflow/example_dags/example_complex.py
[2023-06-05T09:02:14.592+0000] {logging_mixin.py:120} INFO - [2023-06-05T09:02:14.591+0000] {dag.py:2585} INFO - Sync 1 DAGs
[2023-06-05T09:02:14.606+0000] {logging_mixin.py:120} INFO - [2023-06-05T09:02:14.606+0000] {dag.py:3340} INFO - Setting next_dagrun for example_complex to None, run_after=None
[2023-06-05T09:02:14.618+0000] {processor.py:176} INFO - Processing /home/airflow/.local/lib/python3.7/site-packages/airflow/example_dags/example_complex.py took 0.089 seconds
[2023-06-05T10:02:22.005+0000] {processor.py:154} INFO - Started process (PID=736) to work on /home/airflow/.local/lib/python3.7/site-packages/airflow/example_dags/example_complex.py
[2023-06-05T10:02:22.007+0000] {processor.py:756} INFO - Processing file /home/airflow/.local/lib/python3.7/site-packages/airflow/example_dags/example_complex.py for tasks to queue
[2023-06-05T10:02:22.008+0000] {logging_mixin.py:120} INFO - [2023-06-05T10:02:22.008+0000] {dagbag.py:537} INFO - Filling up the DagBag from /home/airflow/.local/lib/python3.7/site-packages/airflow/example_dags/example_complex.py
[2023-06-05T10:02:22.017+0000] {logging_mixin.py:120} INFO - [2023-06-05T10:02:22.017+0000] {taskmixin.py:205} WARNING - Dependency <Task(BashOperator): create_entry_group>, delete_entry_group already registered for DAG: example_complex
[2023-06-05T10:02:22.031+0000] {logging_mixin.py:120} INFO - [2023-06-05T10:02:22.030+0000] {taskmixin.py:205} WARNING - Dependency <Task(BashOperator): delete_entry_group>, create_entry_group already registered for DAG: example_complex
[2023-06-05T10:02:22.031+0000] {logging_mixin.py:120} INFO - [2023-06-05T10:02:22.031+0000] {taskmixin.py:205} WARNING - Dependency <Task(BashOperator): create_entry_gcs>, delete_entry already registered for DAG: example_complex
[2023-06-05T10:02:22.032+0000] {logging_mixin.py:120} INFO - [2023-06-05T10:02:22.032+0000] {taskmixin.py:205} WARNING - Dependency <Task(BashOperator): delete_entry>, create_entry_gcs already registered for DAG: example_complex
[2023-06-05T10:02:22.032+0000] {logging_mixin.py:120} INFO - [2023-06-05T10:02:22.032+0000] {taskmixin.py:205} WARNING - Dependency <Task(BashOperator): create_tag>, delete_tag already registered for DAG: example_complex
[2023-06-05T10:02:22.033+0000] {logging_mixin.py:120} INFO - [2023-06-05T10:02:22.033+0000] {taskmixin.py:205} WARNING - Dependency <Task(BashOperator): delete_tag>, create_tag already registered for DAG: example_complex
[2023-06-05T10:02:22.040+0000] {processor.py:766} INFO - DAG(s) dict_keys(['example_complex']) retrieved from /home/airflow/.local/lib/python3.7/site-packages/airflow/example_dags/example_complex.py
[2023-06-05T10:02:22.088+0000] {logging_mixin.py:120} INFO - [2023-06-05T10:02:22.087+0000] {dag.py:2585} INFO - Sync 1 DAGs
[2023-06-05T10:02:22.113+0000] {logging_mixin.py:120} INFO - [2023-06-05T10:02:22.113+0000] {dag.py:3340} INFO - Setting next_dagrun for example_complex to None, run_after=None
[2023-06-05T10:02:22.134+0000] {processor.py:176} INFO - Processing /home/airflow/.local/lib/python3.7/site-packages/airflow/example_dags/example_complex.py took 0.133 seconds
[2023-06-05T11:26:11.702+0000] {processor.py:154} INFO - Started process (PID=791) to work on /home/airflow/.local/lib/python3.7/site-packages/airflow/example_dags/example_complex.py
[2023-06-05T11:26:11.704+0000] {processor.py:756} INFO - Processing file /home/airflow/.local/lib/python3.7/site-packages/airflow/example_dags/example_complex.py for tasks to queue
[2023-06-05T11:26:11.709+0000] {logging_mixin.py:120} INFO - [2023-06-05T11:26:11.709+0000] {dagbag.py:537} INFO - Filling up the DagBag from /home/airflow/.local/lib/python3.7/site-packages/airflow/example_dags/example_complex.py
[2023-06-05T11:26:11.720+0000] {logging_mixin.py:120} INFO - [2023-06-05T11:26:11.720+0000] {taskmixin.py:205} WARNING - Dependency <Task(BashOperator): create_entry_group>, delete_entry_group already registered for DAG: example_complex
[2023-06-05T11:26:11.721+0000] {logging_mixin.py:120} INFO - [2023-06-05T11:26:11.721+0000] {taskmixin.py:205} WARNING - Dependency <Task(BashOperator): delete_entry_group>, create_entry_group already registered for DAG: example_complex
[2023-06-05T11:26:11.722+0000] {logging_mixin.py:120} INFO - [2023-06-05T11:26:11.722+0000] {taskmixin.py:205} WARNING - Dependency <Task(BashOperator): create_entry_gcs>, delete_entry already registered for DAG: example_complex
[2023-06-05T11:26:11.722+0000] {logging_mixin.py:120} INFO - [2023-06-05T11:26:11.722+0000] {taskmixin.py:205} WARNING - Dependency <Task(BashOperator): delete_entry>, create_entry_gcs already registered for DAG: example_complex
[2023-06-05T11:26:11.723+0000] {logging_mixin.py:120} INFO - [2023-06-05T11:26:11.723+0000] {taskmixin.py:205} WARNING - Dependency <Task(BashOperator): create_tag>, delete_tag already registered for DAG: example_complex
[2023-06-05T11:26:11.723+0000] {logging_mixin.py:120} INFO - [2023-06-05T11:26:11.723+0000] {taskmixin.py:205} WARNING - Dependency <Task(BashOperator): delete_tag>, create_tag already registered for DAG: example_complex
[2023-06-05T11:26:11.730+0000] {processor.py:766} INFO - DAG(s) dict_keys(['example_complex']) retrieved from /home/airflow/.local/lib/python3.7/site-packages/airflow/example_dags/example_complex.py
[2023-06-05T11:26:11.773+0000] {logging_mixin.py:120} INFO - [2023-06-05T11:26:11.773+0000] {dag.py:2585} INFO - Sync 1 DAGs
[2023-06-05T11:26:11.792+0000] {logging_mixin.py:120} INFO - [2023-06-05T11:26:11.792+0000] {dag.py:3340} INFO - Setting next_dagrun for example_complex to None, run_after=None
[2023-06-05T11:26:11.816+0000] {processor.py:176} INFO - Processing /home/airflow/.local/lib/python3.7/site-packages/airflow/example_dags/example_complex.py took 0.116 seconds
[2023-06-05T12:47:18.798+0000] {processor.py:154} INFO - Started process (PID=855) to work on /home/airflow/.local/lib/python3.7/site-packages/airflow/example_dags/example_complex.py
[2023-06-05T12:47:18.800+0000] {processor.py:756} INFO - Processing file /home/airflow/.local/lib/python3.7/site-packages/airflow/example_dags/example_complex.py for tasks to queue
[2023-06-05T12:47:18.801+0000] {logging_mixin.py:120} INFO - [2023-06-05T12:47:18.801+0000] {dagbag.py:537} INFO - Filling up the DagBag from /home/airflow/.local/lib/python3.7/site-packages/airflow/example_dags/example_complex.py
[2023-06-05T12:47:18.812+0000] {logging_mixin.py:120} INFO - [2023-06-05T12:47:18.812+0000] {taskmixin.py:205} WARNING - Dependency <Task(BashOperator): create_entry_group>, delete_entry_group already registered for DAG: example_complex
[2023-06-05T12:47:18.813+0000] {logging_mixin.py:120} INFO - [2023-06-05T12:47:18.813+0000] {taskmixin.py:205} WARNING - Dependency <Task(BashOperator): delete_entry_group>, create_entry_group already registered for DAG: example_complex
[2023-06-05T12:47:18.813+0000] {logging_mixin.py:120} INFO - [2023-06-05T12:47:18.813+0000] {taskmixin.py:205} WARNING - Dependency <Task(BashOperator): create_entry_gcs>, delete_entry already registered for DAG: example_complex
[2023-06-05T12:47:18.814+0000] {logging_mixin.py:120} INFO - [2023-06-05T12:47:18.814+0000] {taskmixin.py:205} WARNING - Dependency <Task(BashOperator): delete_entry>, create_entry_gcs already registered for DAG: example_complex
[2023-06-05T12:47:18.815+0000] {logging_mixin.py:120} INFO - [2023-06-05T12:47:18.815+0000] {taskmixin.py:205} WARNING - Dependency <Task(BashOperator): create_tag>, delete_tag already registered for DAG: example_complex
[2023-06-05T12:47:18.815+0000] {logging_mixin.py:120} INFO - [2023-06-05T12:47:18.815+0000] {taskmixin.py:205} WARNING - Dependency <Task(BashOperator): delete_tag>, create_tag already registered for DAG: example_complex
[2023-06-05T12:47:18.822+0000] {processor.py:766} INFO - DAG(s) dict_keys(['example_complex']) retrieved from /home/airflow/.local/lib/python3.7/site-packages/airflow/example_dags/example_complex.py
[2023-06-05T12:47:18.865+0000] {logging_mixin.py:120} INFO - [2023-06-05T12:47:18.864+0000] {dag.py:2585} INFO - Sync 1 DAGs
[2023-06-05T12:47:18.885+0000] {logging_mixin.py:120} INFO - [2023-06-05T12:47:18.885+0000] {dag.py:3340} INFO - Setting next_dagrun for example_complex to None, run_after=None
[2023-06-05T12:47:18.900+0000] {processor.py:176} INFO - Processing /home/airflow/.local/lib/python3.7/site-packages/airflow/example_dags/example_complex.py took 0.106 seconds
[2023-06-05T13:45:33.805+0000] {processor.py:154} INFO - Started process (PID=918) to work on /home/airflow/.local/lib/python3.7/site-packages/airflow/example_dags/example_complex.py
[2023-06-05T13:45:33.807+0000] {processor.py:756} INFO - Processing file /home/airflow/.local/lib/python3.7/site-packages/airflow/example_dags/example_complex.py for tasks to queue
[2023-06-05T13:45:33.807+0000] {logging_mixin.py:120} INFO - [2023-06-05T13:45:33.807+0000] {dagbag.py:537} INFO - Filling up the DagBag from /home/airflow/.local/lib/python3.7/site-packages/airflow/example_dags/example_complex.py
[2023-06-05T13:45:33.818+0000] {logging_mixin.py:120} INFO - [2023-06-05T13:45:33.818+0000] {taskmixin.py:205} WARNING - Dependency <Task(BashOperator): create_entry_group>, delete_entry_group already registered for DAG: example_complex
[2023-06-05T13:45:33.819+0000] {logging_mixin.py:120} INFO - [2023-06-05T13:45:33.819+0000] {taskmixin.py:205} WARNING - Dependency <Task(BashOperator): delete_entry_group>, create_entry_group already registered for DAG: example_complex
[2023-06-05T13:45:33.820+0000] {logging_mixin.py:120} INFO - [2023-06-05T13:45:33.820+0000] {taskmixin.py:205} WARNING - Dependency <Task(BashOperator): create_entry_gcs>, delete_entry already registered for DAG: example_complex
[2023-06-05T13:45:33.820+0000] {logging_mixin.py:120} INFO - [2023-06-05T13:45:33.820+0000] {taskmixin.py:205} WARNING - Dependency <Task(BashOperator): delete_entry>, create_entry_gcs already registered for DAG: example_complex
[2023-06-05T13:45:33.821+0000] {logging_mixin.py:120} INFO - [2023-06-05T13:45:33.821+0000] {taskmixin.py:205} WARNING - Dependency <Task(BashOperator): create_tag>, delete_tag already registered for DAG: example_complex
[2023-06-05T13:45:33.822+0000] {logging_mixin.py:120} INFO - [2023-06-05T13:45:33.822+0000] {taskmixin.py:205} WARNING - Dependency <Task(BashOperator): delete_tag>, create_tag already registered for DAG: example_complex
[2023-06-05T13:45:33.829+0000] {processor.py:766} INFO - DAG(s) dict_keys(['example_complex']) retrieved from /home/airflow/.local/lib/python3.7/site-packages/airflow/example_dags/example_complex.py
[2023-06-05T13:45:33.872+0000] {logging_mixin.py:120} INFO - [2023-06-05T13:45:33.872+0000] {dag.py:2585} INFO - Sync 1 DAGs
[2023-06-05T13:45:33.897+0000] {logging_mixin.py:120} INFO - [2023-06-05T13:45:33.896+0000] {dag.py:3340} INFO - Setting next_dagrun for example_complex to None, run_after=None
[2023-06-05T13:45:33.912+0000] {processor.py:176} INFO - Processing /home/airflow/.local/lib/python3.7/site-packages/airflow/example_dags/example_complex.py took 0.110 seconds
[2023-06-05T14:52:55.833+0000] {processor.py:154} INFO - Started process (PID=973) to work on /home/airflow/.local/lib/python3.7/site-packages/airflow/example_dags/example_complex.py
[2023-06-05T14:52:55.834+0000] {processor.py:756} INFO - Processing file /home/airflow/.local/lib/python3.7/site-packages/airflow/example_dags/example_complex.py for tasks to queue
[2023-06-05T14:52:55.835+0000] {logging_mixin.py:120} INFO - [2023-06-05T14:52:55.835+0000] {dagbag.py:537} INFO - Filling up the DagBag from /home/airflow/.local/lib/python3.7/site-packages/airflow/example_dags/example_complex.py
[2023-06-05T14:52:55.844+0000] {logging_mixin.py:120} INFO - [2023-06-05T14:52:55.844+0000] {taskmixin.py:205} WARNING - Dependency <Task(BashOperator): create_entry_group>, delete_entry_group already registered for DAG: example_complex
[2023-06-05T14:52:55.844+0000] {logging_mixin.py:120} INFO - [2023-06-05T14:52:55.844+0000] {taskmixin.py:205} WARNING - Dependency <Task(BashOperator): delete_entry_group>, create_entry_group already registered for DAG: example_complex
[2023-06-05T14:52:55.845+0000] {logging_mixin.py:120} INFO - [2023-06-05T14:52:55.845+0000] {taskmixin.py:205} WARNING - Dependency <Task(BashOperator): create_entry_gcs>, delete_entry already registered for DAG: example_complex
[2023-06-05T14:52:55.845+0000] {logging_mixin.py:120} INFO - [2023-06-05T14:52:55.845+0000] {taskmixin.py:205} WARNING - Dependency <Task(BashOperator): delete_entry>, create_entry_gcs already registered for DAG: example_complex
[2023-06-05T14:52:55.846+0000] {logging_mixin.py:120} INFO - [2023-06-05T14:52:55.846+0000] {taskmixin.py:205} WARNING - Dependency <Task(BashOperator): create_tag>, delete_tag already registered for DAG: example_complex
[2023-06-05T14:52:55.846+0000] {logging_mixin.py:120} INFO - [2023-06-05T14:52:55.846+0000] {taskmixin.py:205} WARNING - Dependency <Task(BashOperator): delete_tag>, create_tag already registered for DAG: example_complex
[2023-06-05T14:52:55.852+0000] {processor.py:766} INFO - DAG(s) dict_keys(['example_complex']) retrieved from /home/airflow/.local/lib/python3.7/site-packages/airflow/example_dags/example_complex.py
[2023-06-05T14:52:55.894+0000] {logging_mixin.py:120} INFO - [2023-06-05T14:52:55.894+0000] {dag.py:2585} INFO - Sync 1 DAGs
[2023-06-05T14:52:55.914+0000] {logging_mixin.py:120} INFO - [2023-06-05T14:52:55.914+0000] {dag.py:3340} INFO - Setting next_dagrun for example_complex to None, run_after=None
[2023-06-05T14:52:55.926+0000] {processor.py:176} INFO - Processing /home/airflow/.local/lib/python3.7/site-packages/airflow/example_dags/example_complex.py took 0.097 seconds
