[2023-06-05T08:57:02.953+0000] {processor.py:154} INFO - Started process (PID=52) to work on /home/airflow/.local/lib/python3.7/site-packages/airflow/example_dags/tutorial.py
[2023-06-05T08:57:02.957+0000] {processor.py:756} INFO - Processing file /home/airflow/.local/lib/python3.7/site-packages/airflow/example_dags/tutorial.py for tasks to queue
[2023-06-05T08:57:02.958+0000] {logging_mixin.py:120} INFO - [2023-06-05T08:57:02.958+0000] {dagbag.py:537} INFO - Filling up the DagBag from /home/airflow/.local/lib/python3.7/site-packages/airflow/example_dags/tutorial.py
[2023-06-05T08:57:03.003+0000] {processor.py:766} INFO - DAG(s) dict_keys(['tutorial']) retrieved from /home/airflow/.local/lib/python3.7/site-packages/airflow/example_dags/tutorial.py
[2023-06-05T08:57:03.112+0000] {logging_mixin.py:120} INFO - [2023-06-05T08:57:03.112+0000] {dag.py:2585} INFO - Sync 1 DAGs
[2023-06-05T08:57:03.131+0000] {logging_mixin.py:120} INFO - [2023-06-05T08:57:03.131+0000] {dag.py:3340} INFO - Setting next_dagrun for tutorial to 2023-06-04T08:57:03.130985+00:00, run_after=2023-06-05T08:57:03.130985+00:00
[2023-06-05T08:57:03.150+0000] {processor.py:176} INFO - Processing /home/airflow/.local/lib/python3.7/site-packages/airflow/example_dags/tutorial.py took 0.200 seconds
[2023-06-05T08:57:33.260+0000] {processor.py:154} INFO - Started process (PID=119) to work on /home/airflow/.local/lib/python3.7/site-packages/airflow/example_dags/tutorial.py
[2023-06-05T08:57:33.262+0000] {processor.py:756} INFO - Processing file /home/airflow/.local/lib/python3.7/site-packages/airflow/example_dags/tutorial.py for tasks to queue
[2023-06-05T08:57:33.263+0000] {logging_mixin.py:120} INFO - [2023-06-05T08:57:33.262+0000] {dagbag.py:537} INFO - Filling up the DagBag from /home/airflow/.local/lib/python3.7/site-packages/airflow/example_dags/tutorial.py
[2023-06-05T08:57:33.275+0000] {processor.py:766} INFO - DAG(s) dict_keys(['tutorial']) retrieved from /home/airflow/.local/lib/python3.7/site-packages/airflow/example_dags/tutorial.py
[2023-06-05T08:57:33.307+0000] {logging_mixin.py:120} INFO - [2023-06-05T08:57:33.307+0000] {dag.py:2585} INFO - Sync 1 DAGs
[2023-06-05T08:57:33.322+0000] {logging_mixin.py:120} INFO - [2023-06-05T08:57:33.321+0000] {dag.py:3340} INFO - Setting next_dagrun for tutorial to 2023-06-04T08:57:33.321792+00:00, run_after=2023-06-05T08:57:33.321792+00:00
[2023-06-05T08:57:33.333+0000] {processor.py:176} INFO - Processing /home/airflow/.local/lib/python3.7/site-packages/airflow/example_dags/tutorial.py took 0.075 seconds
[2023-06-05T08:58:03.712+0000] {processor.py:154} INFO - Started process (PID=183) to work on /home/airflow/.local/lib/python3.7/site-packages/airflow/example_dags/tutorial.py
[2023-06-05T08:58:03.713+0000] {processor.py:756} INFO - Processing file /home/airflow/.local/lib/python3.7/site-packages/airflow/example_dags/tutorial.py for tasks to queue
[2023-06-05T08:58:03.715+0000] {logging_mixin.py:120} INFO - [2023-06-05T08:58:03.715+0000] {dagbag.py:537} INFO - Filling up the DagBag from /home/airflow/.local/lib/python3.7/site-packages/airflow/example_dags/tutorial.py
[2023-06-05T08:58:03.727+0000] {processor.py:766} INFO - DAG(s) dict_keys(['tutorial']) retrieved from /home/airflow/.local/lib/python3.7/site-packages/airflow/example_dags/tutorial.py
[2023-06-05T08:58:03.762+0000] {logging_mixin.py:120} INFO - [2023-06-05T08:58:03.762+0000] {dag.py:2585} INFO - Sync 1 DAGs
[2023-06-05T08:58:03.786+0000] {logging_mixin.py:120} INFO - [2023-06-05T08:58:03.786+0000] {dag.py:3340} INFO - Setting next_dagrun for tutorial to 2023-06-04T08:58:03.785790+00:00, run_after=2023-06-05T08:58:03.785790+00:00
[2023-06-05T08:58:03.810+0000] {processor.py:176} INFO - Processing /home/airflow/.local/lib/python3.7/site-packages/airflow/example_dags/tutorial.py took 0.101 seconds
[2023-06-05T08:58:34.393+0000] {processor.py:154} INFO - Started process (PID=247) to work on /home/airflow/.local/lib/python3.7/site-packages/airflow/example_dags/tutorial.py
[2023-06-05T08:58:34.395+0000] {processor.py:756} INFO - Processing file /home/airflow/.local/lib/python3.7/site-packages/airflow/example_dags/tutorial.py for tasks to queue
[2023-06-05T08:58:34.396+0000] {logging_mixin.py:120} INFO - [2023-06-05T08:58:34.396+0000] {dagbag.py:537} INFO - Filling up the DagBag from /home/airflow/.local/lib/python3.7/site-packages/airflow/example_dags/tutorial.py
[2023-06-05T08:58:34.412+0000] {processor.py:766} INFO - DAG(s) dict_keys(['tutorial']) retrieved from /home/airflow/.local/lib/python3.7/site-packages/airflow/example_dags/tutorial.py
[2023-06-05T08:58:34.462+0000] {logging_mixin.py:120} INFO - [2023-06-05T08:58:34.462+0000] {dag.py:2585} INFO - Sync 1 DAGs
[2023-06-05T08:58:34.481+0000] {logging_mixin.py:120} INFO - [2023-06-05T08:58:34.481+0000] {dag.py:3340} INFO - Setting next_dagrun for tutorial to 2023-06-04T08:58:34.481363+00:00, run_after=2023-06-05T08:58:34.481363+00:00
[2023-06-05T08:58:34.501+0000] {processor.py:176} INFO - Processing /home/airflow/.local/lib/python3.7/site-packages/airflow/example_dags/tutorial.py took 0.110 seconds
[2023-06-05T08:59:05.237+0000] {processor.py:154} INFO - Started process (PID=311) to work on /home/airflow/.local/lib/python3.7/site-packages/airflow/example_dags/tutorial.py
[2023-06-05T08:59:05.239+0000] {processor.py:756} INFO - Processing file /home/airflow/.local/lib/python3.7/site-packages/airflow/example_dags/tutorial.py for tasks to queue
[2023-06-05T08:59:05.241+0000] {logging_mixin.py:120} INFO - [2023-06-05T08:59:05.241+0000] {dagbag.py:537} INFO - Filling up the DagBag from /home/airflow/.local/lib/python3.7/site-packages/airflow/example_dags/tutorial.py
[2023-06-05T08:59:05.258+0000] {processor.py:766} INFO - DAG(s) dict_keys(['tutorial']) retrieved from /home/airflow/.local/lib/python3.7/site-packages/airflow/example_dags/tutorial.py
[2023-06-05T08:59:05.296+0000] {logging_mixin.py:120} INFO - [2023-06-05T08:59:05.296+0000] {dag.py:2585} INFO - Sync 1 DAGs
[2023-06-05T08:59:05.343+0000] {logging_mixin.py:120} INFO - [2023-06-05T08:59:05.342+0000] {dag.py:3340} INFO - Setting next_dagrun for tutorial to 2023-06-04T08:59:05.332423+00:00, run_after=2023-06-05T08:59:05.332423+00:00
[2023-06-05T08:59:05.372+0000] {processor.py:176} INFO - Processing /home/airflow/.local/lib/python3.7/site-packages/airflow/example_dags/tutorial.py took 0.148 seconds
[2023-06-05T08:59:35.558+0000] {processor.py:154} INFO - Started process (PID=364) to work on /home/airflow/.local/lib/python3.7/site-packages/airflow/example_dags/tutorial.py
[2023-06-05T08:59:35.561+0000] {processor.py:756} INFO - Processing file /home/airflow/.local/lib/python3.7/site-packages/airflow/example_dags/tutorial.py for tasks to queue
[2023-06-05T08:59:35.562+0000] {logging_mixin.py:120} INFO - [2023-06-05T08:59:35.561+0000] {dagbag.py:537} INFO - Filling up the DagBag from /home/airflow/.local/lib/python3.7/site-packages/airflow/example_dags/tutorial.py
[2023-06-05T08:59:35.574+0000] {processor.py:766} INFO - DAG(s) dict_keys(['tutorial']) retrieved from /home/airflow/.local/lib/python3.7/site-packages/airflow/example_dags/tutorial.py
[2023-06-05T08:59:35.606+0000] {logging_mixin.py:120} INFO - [2023-06-05T08:59:35.606+0000] {dag.py:2585} INFO - Sync 1 DAGs
[2023-06-05T08:59:35.628+0000] {logging_mixin.py:120} INFO - [2023-06-05T08:59:35.627+0000] {dag.py:3340} INFO - Setting next_dagrun for tutorial to 2023-06-04T08:59:35.627700+00:00, run_after=2023-06-05T08:59:35.627700+00:00
[2023-06-05T08:59:35.644+0000] {processor.py:176} INFO - Processing /home/airflow/.local/lib/python3.7/site-packages/airflow/example_dags/tutorial.py took 0.090 seconds
[2023-06-05T09:00:06.006+0000] {processor.py:154} INFO - Started process (PID=427) to work on /home/airflow/.local/lib/python3.7/site-packages/airflow/example_dags/tutorial.py
[2023-06-05T09:00:06.008+0000] {processor.py:756} INFO - Processing file /home/airflow/.local/lib/python3.7/site-packages/airflow/example_dags/tutorial.py for tasks to queue
[2023-06-05T09:00:06.009+0000] {logging_mixin.py:120} INFO - [2023-06-05T09:00:06.009+0000] {dagbag.py:537} INFO - Filling up the DagBag from /home/airflow/.local/lib/python3.7/site-packages/airflow/example_dags/tutorial.py
[2023-06-05T09:00:06.023+0000] {processor.py:766} INFO - DAG(s) dict_keys(['tutorial']) retrieved from /home/airflow/.local/lib/python3.7/site-packages/airflow/example_dags/tutorial.py
[2023-06-05T09:00:06.069+0000] {logging_mixin.py:120} INFO - [2023-06-05T09:00:06.068+0000] {dag.py:2585} INFO - Sync 1 DAGs
[2023-06-05T09:00:06.088+0000] {logging_mixin.py:120} INFO - [2023-06-05T09:00:06.088+0000] {dag.py:3340} INFO - Setting next_dagrun for tutorial to 2023-06-04T09:00:06.088169+00:00, run_after=2023-06-05T09:00:06.088169+00:00
[2023-06-05T09:00:06.105+0000] {processor.py:176} INFO - Processing /home/airflow/.local/lib/python3.7/site-packages/airflow/example_dags/tutorial.py took 0.103 seconds
[2023-06-05T09:00:36.627+0000] {processor.py:154} INFO - Started process (PID=491) to work on /home/airflow/.local/lib/python3.7/site-packages/airflow/example_dags/tutorial.py
[2023-06-05T09:00:36.629+0000] {processor.py:756} INFO - Processing file /home/airflow/.local/lib/python3.7/site-packages/airflow/example_dags/tutorial.py for tasks to queue
[2023-06-05T09:00:36.631+0000] {logging_mixin.py:120} INFO - [2023-06-05T09:00:36.631+0000] {dagbag.py:537} INFO - Filling up the DagBag from /home/airflow/.local/lib/python3.7/site-packages/airflow/example_dags/tutorial.py
[2023-06-05T09:00:36.666+0000] {processor.py:766} INFO - DAG(s) dict_keys(['tutorial']) retrieved from /home/airflow/.local/lib/python3.7/site-packages/airflow/example_dags/tutorial.py
[2023-06-05T09:00:36.737+0000] {logging_mixin.py:120} INFO - [2023-06-05T09:00:36.737+0000] {dag.py:2585} INFO - Sync 1 DAGs
[2023-06-05T09:00:36.771+0000] {logging_mixin.py:120} INFO - [2023-06-05T09:00:36.771+0000] {dag.py:3340} INFO - Setting next_dagrun for tutorial to 2023-06-04T09:00:36.770770+00:00, run_after=2023-06-05T09:00:36.770770+00:00
[2023-06-05T09:00:36.800+0000] {processor.py:176} INFO - Processing /home/airflow/.local/lib/python3.7/site-packages/airflow/example_dags/tutorial.py took 0.179 seconds
[2023-06-05T09:01:08.007+0000] {processor.py:154} INFO - Started process (PID=546) to work on /home/airflow/.local/lib/python3.7/site-packages/airflow/example_dags/tutorial.py
[2023-06-05T09:01:08.011+0000] {processor.py:756} INFO - Processing file /home/airflow/.local/lib/python3.7/site-packages/airflow/example_dags/tutorial.py for tasks to queue
[2023-06-05T09:01:08.012+0000] {logging_mixin.py:120} INFO - [2023-06-05T09:01:08.012+0000] {dagbag.py:537} INFO - Filling up the DagBag from /home/airflow/.local/lib/python3.7/site-packages/airflow/example_dags/tutorial.py
[2023-06-05T09:01:08.034+0000] {processor.py:766} INFO - DAG(s) dict_keys(['tutorial']) retrieved from /home/airflow/.local/lib/python3.7/site-packages/airflow/example_dags/tutorial.py
[2023-06-05T09:01:08.085+0000] {logging_mixin.py:120} INFO - [2023-06-05T09:01:08.085+0000] {dag.py:2585} INFO - Sync 1 DAGs
[2023-06-05T09:01:08.112+0000] {logging_mixin.py:120} INFO - [2023-06-05T09:01:08.112+0000] {dag.py:3340} INFO - Setting next_dagrun for tutorial to 2023-06-04T09:01:08.112163+00:00, run_after=2023-06-05T09:01:08.112163+00:00
[2023-06-05T09:01:08.139+0000] {processor.py:176} INFO - Processing /home/airflow/.local/lib/python3.7/site-packages/airflow/example_dags/tutorial.py took 0.135 seconds
[2023-06-05T09:01:38.576+0000] {processor.py:154} INFO - Started process (PID=608) to work on /home/airflow/.local/lib/python3.7/site-packages/airflow/example_dags/tutorial.py
[2023-06-05T09:01:38.583+0000] {processor.py:756} INFO - Processing file /home/airflow/.local/lib/python3.7/site-packages/airflow/example_dags/tutorial.py for tasks to queue
[2023-06-05T09:01:38.589+0000] {logging_mixin.py:120} INFO - [2023-06-05T09:01:38.589+0000] {dagbag.py:537} INFO - Filling up the DagBag from /home/airflow/.local/lib/python3.7/site-packages/airflow/example_dags/tutorial.py
[2023-06-05T09:01:38.628+0000] {processor.py:766} INFO - DAG(s) dict_keys(['tutorial']) retrieved from /home/airflow/.local/lib/python3.7/site-packages/airflow/example_dags/tutorial.py
[2023-06-05T09:01:38.773+0000] {logging_mixin.py:120} INFO - [2023-06-05T09:01:38.773+0000] {dag.py:2585} INFO - Sync 1 DAGs
[2023-06-05T09:01:38.825+0000] {logging_mixin.py:120} INFO - [2023-06-05T09:01:38.825+0000] {dag.py:3340} INFO - Setting next_dagrun for tutorial to 2023-06-04T09:01:38.824933+00:00, run_after=2023-06-05T09:01:38.824933+00:00
[2023-06-05T09:01:38.843+0000] {processor.py:176} INFO - Processing /home/airflow/.local/lib/python3.7/site-packages/airflow/example_dags/tutorial.py took 0.277 seconds
[2023-06-05T09:02:08.984+0000] {processor.py:154} INFO - Started process (PID=672) to work on /home/airflow/.local/lib/python3.7/site-packages/airflow/example_dags/tutorial.py
[2023-06-05T09:02:08.985+0000] {processor.py:756} INFO - Processing file /home/airflow/.local/lib/python3.7/site-packages/airflow/example_dags/tutorial.py for tasks to queue
[2023-06-05T09:02:08.986+0000] {logging_mixin.py:120} INFO - [2023-06-05T09:02:08.986+0000] {dagbag.py:537} INFO - Filling up the DagBag from /home/airflow/.local/lib/python3.7/site-packages/airflow/example_dags/tutorial.py
[2023-06-05T09:02:08.997+0000] {processor.py:766} INFO - DAG(s) dict_keys(['tutorial']) retrieved from /home/airflow/.local/lib/python3.7/site-packages/airflow/example_dags/tutorial.py
[2023-06-05T09:02:09.027+0000] {logging_mixin.py:120} INFO - [2023-06-05T09:02:09.027+0000] {dag.py:2585} INFO - Sync 1 DAGs
[2023-06-05T09:02:09.040+0000] {logging_mixin.py:120} INFO - [2023-06-05T09:02:09.040+0000] {dag.py:3340} INFO - Setting next_dagrun for tutorial to 2023-06-04T09:02:09.040392+00:00, run_after=2023-06-05T09:02:09.040392+00:00
[2023-06-05T09:02:09.051+0000] {processor.py:176} INFO - Processing /home/airflow/.local/lib/python3.7/site-packages/airflow/example_dags/tutorial.py took 0.071 seconds
[2023-06-05T10:02:20.153+0000] {processor.py:154} INFO - Started process (PID=718) to work on /home/airflow/.local/lib/python3.7/site-packages/airflow/example_dags/tutorial.py
[2023-06-05T10:02:20.155+0000] {processor.py:756} INFO - Processing file /home/airflow/.local/lib/python3.7/site-packages/airflow/example_dags/tutorial.py for tasks to queue
[2023-06-05T10:02:20.156+0000] {logging_mixin.py:120} INFO - [2023-06-05T10:02:20.156+0000] {dagbag.py:537} INFO - Filling up the DagBag from /home/airflow/.local/lib/python3.7/site-packages/airflow/example_dags/tutorial.py
[2023-06-05T10:02:20.183+0000] {processor.py:766} INFO - DAG(s) dict_keys(['tutorial']) retrieved from /home/airflow/.local/lib/python3.7/site-packages/airflow/example_dags/tutorial.py
[2023-06-05T10:02:20.291+0000] {logging_mixin.py:120} INFO - [2023-06-05T10:02:20.291+0000] {dag.py:2585} INFO - Sync 1 DAGs
[2023-06-05T10:02:20.334+0000] {logging_mixin.py:120} INFO - [2023-06-05T10:02:20.334+0000] {dag.py:3340} INFO - Setting next_dagrun for tutorial to 2023-06-04T10:02:20.334056+00:00, run_after=2023-06-05T10:02:20.334056+00:00
[2023-06-05T10:02:20.370+0000] {processor.py:176} INFO - Processing /home/airflow/.local/lib/python3.7/site-packages/airflow/example_dags/tutorial.py took 0.224 seconds
[2023-06-05T11:26:10.870+0000] {processor.py:154} INFO - Started process (PID=781) to work on /home/airflow/.local/lib/python3.7/site-packages/airflow/example_dags/tutorial.py
[2023-06-05T11:26:10.875+0000] {processor.py:756} INFO - Processing file /home/airflow/.local/lib/python3.7/site-packages/airflow/example_dags/tutorial.py for tasks to queue
[2023-06-05T11:26:10.876+0000] {logging_mixin.py:120} INFO - [2023-06-05T11:26:10.876+0000] {dagbag.py:537} INFO - Filling up the DagBag from /home/airflow/.local/lib/python3.7/site-packages/airflow/example_dags/tutorial.py
[2023-06-05T11:26:10.914+0000] {processor.py:766} INFO - DAG(s) dict_keys(['tutorial']) retrieved from /home/airflow/.local/lib/python3.7/site-packages/airflow/example_dags/tutorial.py
[2023-06-05T11:26:10.973+0000] {logging_mixin.py:120} INFO - [2023-06-05T11:26:10.973+0000] {dag.py:2585} INFO - Sync 1 DAGs
[2023-06-05T11:26:10.990+0000] {logging_mixin.py:120} INFO - [2023-06-05T11:26:10.990+0000] {dag.py:3340} INFO - Setting next_dagrun for tutorial to 2023-06-04T11:26:10.990431+00:00, run_after=2023-06-05T11:26:10.990431+00:00
[2023-06-05T11:26:11.004+0000] {processor.py:176} INFO - Processing /home/airflow/.local/lib/python3.7/site-packages/airflow/example_dags/tutorial.py took 0.149 seconds
[2023-06-05T12:47:17.780+0000] {processor.py:154} INFO - Started process (PID=845) to work on /home/airflow/.local/lib/python3.7/site-packages/airflow/example_dags/tutorial.py
[2023-06-05T12:47:17.782+0000] {processor.py:756} INFO - Processing file /home/airflow/.local/lib/python3.7/site-packages/airflow/example_dags/tutorial.py for tasks to queue
[2023-06-05T12:47:17.783+0000] {logging_mixin.py:120} INFO - [2023-06-05T12:47:17.783+0000] {dagbag.py:537} INFO - Filling up the DagBag from /home/airflow/.local/lib/python3.7/site-packages/airflow/example_dags/tutorial.py
[2023-06-05T12:47:17.804+0000] {processor.py:766} INFO - DAG(s) dict_keys(['tutorial']) retrieved from /home/airflow/.local/lib/python3.7/site-packages/airflow/example_dags/tutorial.py
[2023-06-05T12:47:17.855+0000] {logging_mixin.py:120} INFO - [2023-06-05T12:47:17.855+0000] {dag.py:2585} INFO - Sync 1 DAGs
[2023-06-05T12:47:17.881+0000] {logging_mixin.py:120} INFO - [2023-06-05T12:47:17.881+0000] {dag.py:3340} INFO - Setting next_dagrun for tutorial to 2023-06-04T12:47:17.881590+00:00, run_after=2023-06-05T12:47:17.881590+00:00
[2023-06-05T12:47:17.901+0000] {processor.py:176} INFO - Processing /home/airflow/.local/lib/python3.7/site-packages/airflow/example_dags/tutorial.py took 0.123 seconds
[2023-06-05T13:45:32.883+0000] {processor.py:154} INFO - Started process (PID=908) to work on /home/airflow/.local/lib/python3.7/site-packages/airflow/example_dags/tutorial.py
[2023-06-05T13:45:32.884+0000] {processor.py:756} INFO - Processing file /home/airflow/.local/lib/python3.7/site-packages/airflow/example_dags/tutorial.py for tasks to queue
[2023-06-05T13:45:32.885+0000] {logging_mixin.py:120} INFO - [2023-06-05T13:45:32.885+0000] {dagbag.py:537} INFO - Filling up the DagBag from /home/airflow/.local/lib/python3.7/site-packages/airflow/example_dags/tutorial.py
[2023-06-05T13:45:32.907+0000] {processor.py:766} INFO - DAG(s) dict_keys(['tutorial']) retrieved from /home/airflow/.local/lib/python3.7/site-packages/airflow/example_dags/tutorial.py
[2023-06-05T13:45:32.956+0000] {logging_mixin.py:120} INFO - [2023-06-05T13:45:32.956+0000] {dag.py:2585} INFO - Sync 1 DAGs
[2023-06-05T13:45:32.974+0000] {logging_mixin.py:120} INFO - [2023-06-05T13:45:32.974+0000] {dag.py:3340} INFO - Setting next_dagrun for tutorial to 2023-06-04T13:45:32.973806+00:00, run_after=2023-06-05T13:45:32.973806+00:00
[2023-06-05T13:45:32.986+0000] {processor.py:176} INFO - Processing /home/airflow/.local/lib/python3.7/site-packages/airflow/example_dags/tutorial.py took 0.106 seconds
[2023-06-05T14:52:54.071+0000] {processor.py:154} INFO - Started process (PID=963) to work on /home/airflow/.local/lib/python3.7/site-packages/airflow/example_dags/tutorial.py
[2023-06-05T14:52:54.074+0000] {processor.py:756} INFO - Processing file /home/airflow/.local/lib/python3.7/site-packages/airflow/example_dags/tutorial.py for tasks to queue
[2023-06-05T14:52:54.075+0000] {logging_mixin.py:120} INFO - [2023-06-05T14:52:54.075+0000] {dagbag.py:537} INFO - Filling up the DagBag from /home/airflow/.local/lib/python3.7/site-packages/airflow/example_dags/tutorial.py
[2023-06-05T14:52:54.092+0000] {processor.py:766} INFO - DAG(s) dict_keys(['tutorial']) retrieved from /home/airflow/.local/lib/python3.7/site-packages/airflow/example_dags/tutorial.py
[2023-06-05T14:52:54.148+0000] {logging_mixin.py:120} INFO - [2023-06-05T14:52:54.148+0000] {dag.py:2585} INFO - Sync 1 DAGs
[2023-06-05T14:52:54.169+0000] {logging_mixin.py:120} INFO - [2023-06-05T14:52:54.169+0000] {dag.py:3340} INFO - Setting next_dagrun for tutorial to 2023-06-04T14:52:54.169199+00:00, run_after=2023-06-05T14:52:54.169199+00:00
[2023-06-05T14:52:54.188+0000] {processor.py:176} INFO - Processing /home/airflow/.local/lib/python3.7/site-packages/airflow/example_dags/tutorial.py took 0.120 seconds
