[2023-08-02T00:30:01.660+0000] {taskinstance.py:1165} INFO - Dependencies all met for <TaskInstance: group_dag.transforms.transform_a scheduled__2023-08-01T00:00:00+00:00 [queued]>
[2023-08-02T00:30:01.668+0000] {taskinstance.py:1165} INFO - Dependencies all met for <TaskInstance: group_dag.transforms.transform_a scheduled__2023-08-01T00:00:00+00:00 [queued]>
[2023-08-02T00:30:01.668+0000] {taskinstance.py:1362} INFO - 
--------------------------------------------------------------------------------
[2023-08-02T00:30:01.669+0000] {taskinstance.py:1363} INFO - Starting attempt 1 of 1
[2023-08-02T00:30:01.669+0000] {taskinstance.py:1364} INFO - 
--------------------------------------------------------------------------------
[2023-08-02T00:30:01.681+0000] {taskinstance.py:1383} INFO - Executing <Task(BashOperator): transforms.transform_a> on 2023-08-01 00:00:00+00:00
[2023-08-02T00:30:01.686+0000] {standard_task_runner.py:55} INFO - Started process 9657 to run task
[2023-08-02T00:30:01.691+0000] {standard_task_runner.py:82} INFO - Running: ['***', 'tasks', 'run', 'group_dag', 'transforms.transform_a', 'scheduled__2023-08-01T00:00:00+00:00', '--job-id', '313', '--raw', '--subdir', 'DAGS_FOLDER/group_dag.py', '--cfg-path', '/tmp/tmp8w_wtxkz']
[2023-08-02T00:30:01.693+0000] {standard_task_runner.py:83} INFO - Job 313: Subtask transforms.transform_a
[2023-08-02T00:30:01.777+0000] {task_command.py:376} INFO - Running <TaskInstance: group_dag.transforms.transform_a scheduled__2023-08-01T00:00:00+00:00 [running]> on host 45dcf9d0cab9
[2023-08-02T00:30:01.845+0000] {taskinstance.py:1592} INFO - Exporting the following env vars:
AIRFLOW_CTX_DAG_OWNER=***
AIRFLOW_CTX_DAG_ID=group_dag
AIRFLOW_CTX_TASK_ID=transforms.transform_a
AIRFLOW_CTX_EXECUTION_DATE=2023-08-01T00:00:00+00:00
AIRFLOW_CTX_TRY_NUMBER=1
AIRFLOW_CTX_DAG_RUN_ID=scheduled__2023-08-01T00:00:00+00:00
[2023-08-02T00:30:01.847+0000] {subprocess.py:63} INFO - Tmp dir root location: 
 /tmp
[2023-08-02T00:30:01.848+0000] {subprocess.py:75} INFO - Running command: ['/bin/bash', '-c', 'sleep 10']
[2023-08-02T00:30:01.859+0000] {subprocess.py:86} INFO - Output:
[2023-08-02T01:50:38.203+0000] {subprocess.py:97} INFO - Command exited with return code 0
[2023-08-02T01:50:38.328+0000] {taskinstance.py:1406} INFO - Marking task as SUCCESS. dag_id=group_dag, task_id=transforms.transform_a, execution_date=20230801T000000, start_date=20230802T003001, end_date=20230802T015038
[2023-08-02T01:50:38.384+0000] {local_task_job.py:164} INFO - Task exited with return code 0
[2023-08-02T01:50:38.420+0000] {local_task_job.py:273} INFO - 0 downstream tasks scheduled from follow-on schedule check
