[2023-08-02T00:29:37.374+0000] {taskinstance.py:1165} INFO - Dependencies all met for <TaskInstance: group_dag.downloads.download_c scheduled__2023-08-01T00:00:00+00:00 [queued]>
[2023-08-02T00:29:37.399+0000] {taskinstance.py:1165} INFO - Dependencies all met for <TaskInstance: group_dag.downloads.download_c scheduled__2023-08-01T00:00:00+00:00 [queued]>
[2023-08-02T00:29:37.400+0000] {taskinstance.py:1362} INFO - 
--------------------------------------------------------------------------------
[2023-08-02T00:29:37.400+0000] {taskinstance.py:1363} INFO - Starting attempt 1 of 1
[2023-08-02T00:29:37.400+0000] {taskinstance.py:1364} INFO - 
--------------------------------------------------------------------------------
[2023-08-02T00:29:37.444+0000] {taskinstance.py:1383} INFO - Executing <Task(BashOperator): downloads.download_c> on 2023-08-01 00:00:00+00:00
[2023-08-02T00:29:37.468+0000] {standard_task_runner.py:55} INFO - Started process 9598 to run task
[2023-08-02T00:29:37.503+0000] {standard_task_runner.py:82} INFO - Running: ['***', 'tasks', 'run', 'group_dag', 'downloads.download_c', 'scheduled__2023-08-01T00:00:00+00:00', '--job-id', '297', '--raw', '--subdir', 'DAGS_FOLDER/group_dag.py', '--cfg-path', '/tmp/tmpm14z_4h2']
[2023-08-02T00:29:37.512+0000] {standard_task_runner.py:83} INFO - Job 297: Subtask downloads.download_c
[2023-08-02T00:29:37.716+0000] {task_command.py:376} INFO - Running <TaskInstance: group_dag.downloads.download_c scheduled__2023-08-01T00:00:00+00:00 [running]> on host 45dcf9d0cab9
[2023-08-02T00:29:38.435+0000] {taskinstance.py:1592} INFO - Exporting the following env vars:
AIRFLOW_CTX_DAG_OWNER=***
AIRFLOW_CTX_DAG_ID=group_dag
AIRFLOW_CTX_TASK_ID=downloads.download_c
AIRFLOW_CTX_EXECUTION_DATE=2023-08-01T00:00:00+00:00
AIRFLOW_CTX_TRY_NUMBER=1
AIRFLOW_CTX_DAG_RUN_ID=scheduled__2023-08-01T00:00:00+00:00
[2023-08-02T00:29:38.446+0000] {subprocess.py:63} INFO - Tmp dir root location: 
 /tmp
[2023-08-02T00:29:38.454+0000] {subprocess.py:75} INFO - Running command: ['/bin/bash', '-c', 'sleep 10']
[2023-08-02T00:29:38.519+0000] {subprocess.py:86} INFO - Output:
[2023-08-02T00:29:48.559+0000] {subprocess.py:97} INFO - Command exited with return code 0
[2023-08-02T00:29:48.589+0000] {taskinstance.py:1406} INFO - Marking task as SUCCESS. dag_id=group_dag, task_id=downloads.download_c, execution_date=20230801T000000, start_date=20230802T002937, end_date=20230802T002948
[2023-08-02T00:29:48.617+0000] {local_task_job.py:164} INFO - Task exited with return code 0
[2023-08-02T00:29:48.639+0000] {local_task_job.py:273} INFO - 0 downstream tasks scheduled from follow-on schedule check
