[2023-08-01T00:12:30.209+0000] {taskinstance.py:1165} INFO - Dependencies all met for <TaskInstance: user_processing.is_api_available scheduled__2023-07-31T00:00:00+00:00 [queued]>
[2023-08-01T00:12:30.217+0000] {taskinstance.py:1165} INFO - Dependencies all met for <TaskInstance: user_processing.is_api_available scheduled__2023-07-31T00:00:00+00:00 [queued]>
[2023-08-01T00:12:30.217+0000] {taskinstance.py:1362} INFO - 
--------------------------------------------------------------------------------
[2023-08-01T00:12:30.218+0000] {taskinstance.py:1363} INFO - Starting attempt 1 of 1
[2023-08-01T00:12:30.218+0000] {taskinstance.py:1364} INFO - 
--------------------------------------------------------------------------------
[2023-08-01T00:12:30.228+0000] {taskinstance.py:1383} INFO - Executing <Task(HttpSensor): is_api_available> on 2023-07-31 00:00:00+00:00
[2023-08-01T00:12:30.233+0000] {standard_task_runner.py:55} INFO - Started process 1465 to run task
[2023-08-01T00:12:30.239+0000] {standard_task_runner.py:82} INFO - Running: ['***', 'tasks', 'run', 'user_processing', 'is_api_available', 'scheduled__2023-07-31T00:00:00+00:00', '--job-id', '268', '--raw', '--subdir', 'DAGS_FOLDER/user_processing.py', '--cfg-path', '/tmp/tmpxi7nelj0']
[2023-08-01T00:12:30.241+0000] {standard_task_runner.py:83} INFO - Job 268: Subtask is_api_available
[2023-08-01T00:12:30.320+0000] {task_command.py:376} INFO - Running <TaskInstance: user_processing.is_api_available scheduled__2023-07-31T00:00:00+00:00 [running]> on host 10b0062b951b
[2023-08-01T00:12:30.374+0000] {taskinstance.py:1592} INFO - Exporting the following env vars:
AIRFLOW_CTX_DAG_OWNER=***
AIRFLOW_CTX_DAG_ID=user_processing
AIRFLOW_CTX_TASK_ID=is_api_available
AIRFLOW_CTX_EXECUTION_DATE=2023-07-31T00:00:00+00:00
AIRFLOW_CTX_TRY_NUMBER=1
AIRFLOW_CTX_DAG_RUN_ID=scheduled__2023-07-31T00:00:00+00:00
[2023-08-01T00:12:30.375+0000] {http.py:120} INFO - Poking: api/
[2023-08-01T00:12:30.385+0000] {base.py:71} INFO - Using connection ID 'user_api' for task execution.
[2023-08-01T00:12:30.387+0000] {http.py:148} INFO - Sending 'GET' to url: https://randomuser.me/api/
[2023-08-01T00:12:30.775+0000] {base.py:213} INFO - Success criteria met. Exiting.
[2023-08-01T00:12:30.784+0000] {taskinstance.py:1406} INFO - Marking task as SUCCESS. dag_id=user_processing, task_id=is_api_available, execution_date=20230731T000000, start_date=20230801T001230, end_date=20230801T001230
[2023-08-01T00:12:30.809+0000] {local_task_job.py:164} INFO - Task exited with return code 0
[2023-08-01T00:12:30.836+0000] {local_task_job.py:273} INFO - 1 downstream tasks scheduled from follow-on schedule check
