[2023-06-29T07:55:56.958+0000] {processor.py:154} INFO - Started process (PID=73) to work on /home/airflow/.local/lib/python3.7/site-packages/airflow/example_dags/example_complex.py
[2023-06-29T07:55:56.962+0000] {processor.py:756} INFO - Processing file /home/airflow/.local/lib/python3.7/site-packages/airflow/example_dags/example_complex.py for tasks to queue
[2023-06-29T07:55:56.966+0000] {logging_mixin.py:120} INFO - [2023-06-29T07:55:56.965+0000] {dagbag.py:537} INFO - Filling up the DagBag from /home/airflow/.local/lib/python3.7/site-packages/airflow/example_dags/example_complex.py
[2023-06-29T07:55:57.001+0000] {logging_mixin.py:120} INFO - [2023-06-29T07:55:57.001+0000] {taskmixin.py:205} WARNING - Dependency <Task(BashOperator): create_entry_group>, delete_entry_group already registered for DAG: example_complex
[2023-06-29T07:55:57.002+0000] {logging_mixin.py:120} INFO - [2023-06-29T07:55:57.002+0000] {taskmixin.py:205} WARNING - Dependency <Task(BashOperator): delete_entry_group>, create_entry_group already registered for DAG: example_complex
[2023-06-29T07:55:57.003+0000] {logging_mixin.py:120} INFO - [2023-06-29T07:55:57.003+0000] {taskmixin.py:205} WARNING - Dependency <Task(BashOperator): create_entry_gcs>, delete_entry already registered for DAG: example_complex
[2023-06-29T07:55:57.003+0000] {logging_mixin.py:120} INFO - [2023-06-29T07:55:57.003+0000] {taskmixin.py:205} WARNING - Dependency <Task(BashOperator): delete_entry>, create_entry_gcs already registered for DAG: example_complex
[2023-06-29T07:55:57.004+0000] {logging_mixin.py:120} INFO - [2023-06-29T07:55:57.004+0000] {taskmixin.py:205} WARNING - Dependency <Task(BashOperator): create_tag>, delete_tag already registered for DAG: example_complex
[2023-06-29T07:55:57.004+0000] {logging_mixin.py:120} INFO - [2023-06-29T07:55:57.004+0000] {taskmixin.py:205} WARNING - Dependency <Task(BashOperator): delete_tag>, create_tag already registered for DAG: example_complex
[2023-06-29T07:55:57.013+0000] {processor.py:766} INFO - DAG(s) dict_keys(['example_complex']) retrieved from /home/airflow/.local/lib/python3.7/site-packages/airflow/example_dags/example_complex.py
[2023-06-29T07:55:57.102+0000] {logging_mixin.py:120} INFO - [2023-06-29T07:55:57.102+0000] {dag.py:2585} INFO - Sync 1 DAGs
[2023-06-29T07:55:57.132+0000] {logging_mixin.py:120} INFO - [2023-06-29T07:55:57.132+0000] {dag.py:3340} INFO - Setting next_dagrun for example_complex to None, run_after=None
[2023-06-29T07:55:57.155+0000] {processor.py:176} INFO - Processing /home/airflow/.local/lib/python3.7/site-packages/airflow/example_dags/example_complex.py took 0.207 seconds
[2023-06-29T07:56:27.563+0000] {processor.py:154} INFO - Started process (PID=128) to work on /home/airflow/.local/lib/python3.7/site-packages/airflow/example_dags/example_complex.py
[2023-06-29T07:56:27.564+0000] {processor.py:756} INFO - Processing file /home/airflow/.local/lib/python3.7/site-packages/airflow/example_dags/example_complex.py for tasks to queue
[2023-06-29T07:56:27.565+0000] {logging_mixin.py:120} INFO - [2023-06-29T07:56:27.565+0000] {dagbag.py:537} INFO - Filling up the DagBag from /home/airflow/.local/lib/python3.7/site-packages/airflow/example_dags/example_complex.py
[2023-06-29T07:56:27.571+0000] {logging_mixin.py:120} INFO - [2023-06-29T07:56:27.571+0000] {taskmixin.py:205} WARNING - Dependency <Task(BashOperator): create_entry_group>, delete_entry_group already registered for DAG: example_complex
[2023-06-29T07:56:27.572+0000] {logging_mixin.py:120} INFO - [2023-06-29T07:56:27.572+0000] {taskmixin.py:205} WARNING - Dependency <Task(BashOperator): delete_entry_group>, create_entry_group already registered for DAG: example_complex
[2023-06-29T07:56:27.573+0000] {logging_mixin.py:120} INFO - [2023-06-29T07:56:27.573+0000] {taskmixin.py:205} WARNING - Dependency <Task(BashOperator): create_entry_gcs>, delete_entry already registered for DAG: example_complex
[2023-06-29T07:56:27.573+0000] {logging_mixin.py:120} INFO - [2023-06-29T07:56:27.573+0000] {taskmixin.py:205} WARNING - Dependency <Task(BashOperator): delete_entry>, create_entry_gcs already registered for DAG: example_complex
[2023-06-29T07:56:27.574+0000] {logging_mixin.py:120} INFO - [2023-06-29T07:56:27.574+0000] {taskmixin.py:205} WARNING - Dependency <Task(BashOperator): create_tag>, delete_tag already registered for DAG: example_complex
[2023-06-29T07:56:27.575+0000] {logging_mixin.py:120} INFO - [2023-06-29T07:56:27.575+0000] {taskmixin.py:205} WARNING - Dependency <Task(BashOperator): delete_tag>, create_tag already registered for DAG: example_complex
[2023-06-29T07:56:27.580+0000] {processor.py:766} INFO - DAG(s) dict_keys(['example_complex']) retrieved from /home/airflow/.local/lib/python3.7/site-packages/airflow/example_dags/example_complex.py
[2023-06-29T07:56:27.612+0000] {logging_mixin.py:120} INFO - [2023-06-29T07:56:27.612+0000] {dag.py:2585} INFO - Sync 1 DAGs
[2023-06-29T07:56:27.628+0000] {logging_mixin.py:120} INFO - [2023-06-29T07:56:27.628+0000] {dag.py:3340} INFO - Setting next_dagrun for example_complex to None, run_after=None
[2023-06-29T07:56:27.639+0000] {processor.py:176} INFO - Processing /home/airflow/.local/lib/python3.7/site-packages/airflow/example_dags/example_complex.py took 0.078 seconds
