[2023-06-29T07:55:53.931+0000] {processor.py:154} INFO - Started process (PID=52) to work on /home/airflow/.local/lib/python3.7/site-packages/airflow/example_dags/example_python_operator.py
[2023-06-29T07:55:53.940+0000] {processor.py:756} INFO - Processing file /home/airflow/.local/lib/python3.7/site-packages/airflow/example_dags/example_python_operator.py for tasks to queue
[2023-06-29T07:55:53.948+0000] {logging_mixin.py:120} INFO - [2023-06-29T07:55:53.948+0000] {dagbag.py:537} INFO - Filling up the DagBag from /home/airflow/.local/lib/python3.7/site-packages/airflow/example_dags/example_python_operator.py
[2023-06-29T07:55:54.025+0000] {logging_mixin.py:120} INFO - [2023-06-29T07:55:54.025+0000] {taskmixin.py:205} WARNING - Dependency <Task(_PythonDecoratedOperator): print_the_context>, log_sql_query already registered for DAG: example_python_operator
[2023-06-29T07:55:54.030+0000] {logging_mixin.py:120} INFO - [2023-06-29T07:55:54.030+0000] {taskmixin.py:205} WARNING - Dependency <Task(_PythonDecoratedOperator): log_sql_query>, print_the_context already registered for DAG: example_python_operator
[2023-06-29T07:55:54.032+0000] {logging_mixin.py:120} INFO - [2023-06-29T07:55:54.032+0000] {taskmixin.py:205} WARNING - Dependency <Task(_PythonDecoratedOperator): print_the_context>, log_sql_query already registered for DAG: example_python_operator
[2023-06-29T07:55:54.032+0000] {logging_mixin.py:120} INFO - [2023-06-29T07:55:54.032+0000] {taskmixin.py:205} WARNING - Dependency <Task(_PythonDecoratedOperator): log_sql_query>, print_the_context already registered for DAG: example_python_operator
[2023-06-29T07:55:54.033+0000] {logging_mixin.py:120} INFO - [2023-06-29T07:55:54.033+0000] {taskmixin.py:205} WARNING - Dependency <Task(_PythonDecoratedOperator): print_the_context>, log_sql_query already registered for DAG: example_python_operator
[2023-06-29T07:55:54.033+0000] {logging_mixin.py:120} INFO - [2023-06-29T07:55:54.033+0000] {taskmixin.py:205} WARNING - Dependency <Task(_PythonDecoratedOperator): log_sql_query>, print_the_context already registered for DAG: example_python_operator
[2023-06-29T07:55:54.034+0000] {logging_mixin.py:120} INFO - [2023-06-29T07:55:54.034+0000] {taskmixin.py:205} WARNING - Dependency <Task(_PythonDecoratedOperator): print_the_context>, log_sql_query already registered for DAG: example_python_operator
[2023-06-29T07:55:54.035+0000] {logging_mixin.py:120} INFO - [2023-06-29T07:55:54.035+0000] {taskmixin.py:205} WARNING - Dependency <Task(_PythonDecoratedOperator): log_sql_query>, print_the_context already registered for DAG: example_python_operator
[2023-06-29T07:55:54.052+0000] {processor.py:766} INFO - DAG(s) dict_keys(['example_python_operator']) retrieved from /home/airflow/.local/lib/python3.7/site-packages/airflow/example_dags/example_python_operator.py
[2023-06-29T07:55:54.110+0000] {logging_mixin.py:120} INFO - [2023-06-29T07:55:54.110+0000] {dag.py:2585} INFO - Sync 1 DAGs
[2023-06-29T07:55:54.206+0000] {logging_mixin.py:120} INFO - [2023-06-29T07:55:54.206+0000] {dag.py:3340} INFO - Setting next_dagrun for example_python_operator to None, run_after=None
[2023-06-29T07:55:54.287+0000] {processor.py:176} INFO - Processing /home/airflow/.local/lib/python3.7/site-packages/airflow/example_dags/example_python_operator.py took 0.361 seconds
[2023-06-29T07:56:24.719+0000] {processor.py:154} INFO - Started process (PID=116) to work on /home/airflow/.local/lib/python3.7/site-packages/airflow/example_dags/example_python_operator.py
[2023-06-29T07:56:24.720+0000] {processor.py:756} INFO - Processing file /home/airflow/.local/lib/python3.7/site-packages/airflow/example_dags/example_python_operator.py for tasks to queue
[2023-06-29T07:56:24.721+0000] {logging_mixin.py:120} INFO - [2023-06-29T07:56:24.721+0000] {dagbag.py:537} INFO - Filling up the DagBag from /home/airflow/.local/lib/python3.7/site-packages/airflow/example_dags/example_python_operator.py
[2023-06-29T07:56:24.733+0000] {logging_mixin.py:120} INFO - [2023-06-29T07:56:24.733+0000] {taskmixin.py:205} WARNING - Dependency <Task(_PythonDecoratedOperator): print_the_context>, log_sql_query already registered for DAG: example_python_operator
[2023-06-29T07:56:24.735+0000] {logging_mixin.py:120} INFO - [2023-06-29T07:56:24.734+0000] {taskmixin.py:205} WARNING - Dependency <Task(_PythonDecoratedOperator): log_sql_query>, print_the_context already registered for DAG: example_python_operator
[2023-06-29T07:56:24.735+0000] {logging_mixin.py:120} INFO - [2023-06-29T07:56:24.735+0000] {taskmixin.py:205} WARNING - Dependency <Task(_PythonDecoratedOperator): print_the_context>, log_sql_query already registered for DAG: example_python_operator
[2023-06-29T07:56:24.736+0000] {logging_mixin.py:120} INFO - [2023-06-29T07:56:24.736+0000] {taskmixin.py:205} WARNING - Dependency <Task(_PythonDecoratedOperator): log_sql_query>, print_the_context already registered for DAG: example_python_operator
[2023-06-29T07:56:24.737+0000] {logging_mixin.py:120} INFO - [2023-06-29T07:56:24.737+0000] {taskmixin.py:205} WARNING - Dependency <Task(_PythonDecoratedOperator): print_the_context>, log_sql_query already registered for DAG: example_python_operator
[2023-06-29T07:56:24.737+0000] {logging_mixin.py:120} INFO - [2023-06-29T07:56:24.737+0000] {taskmixin.py:205} WARNING - Dependency <Task(_PythonDecoratedOperator): log_sql_query>, print_the_context already registered for DAG: example_python_operator
[2023-06-29T07:56:24.738+0000] {logging_mixin.py:120} INFO - [2023-06-29T07:56:24.738+0000] {taskmixin.py:205} WARNING - Dependency <Task(_PythonDecoratedOperator): print_the_context>, log_sql_query already registered for DAG: example_python_operator
[2023-06-29T07:56:24.738+0000] {logging_mixin.py:120} INFO - [2023-06-29T07:56:24.738+0000] {taskmixin.py:205} WARNING - Dependency <Task(_PythonDecoratedOperator): log_sql_query>, print_the_context already registered for DAG: example_python_operator
[2023-06-29T07:56:24.743+0000] {processor.py:766} INFO - DAG(s) dict_keys(['example_python_operator']) retrieved from /home/airflow/.local/lib/python3.7/site-packages/airflow/example_dags/example_python_operator.py
[2023-06-29T07:56:24.771+0000] {logging_mixin.py:120} INFO - [2023-06-29T07:56:24.770+0000] {dag.py:2585} INFO - Sync 1 DAGs
[2023-06-29T07:56:24.786+0000] {logging_mixin.py:120} INFO - [2023-06-29T07:56:24.786+0000] {dag.py:3340} INFO - Setting next_dagrun for example_python_operator to None, run_after=None
[2023-06-29T07:56:24.797+0000] {processor.py:176} INFO - Processing /home/airflow/.local/lib/python3.7/site-packages/airflow/example_dags/example_python_operator.py took 0.080 seconds
