[2023-06-29T07:55:57.973+0000] {processor.py:154} INFO - Started process (PID=86) to work on /home/airflow/.local/lib/python3.7/site-packages/airflow/example_dags/example_datasets.py
[2023-06-29T07:55:57.974+0000] {processor.py:756} INFO - Processing file /home/airflow/.local/lib/python3.7/site-packages/airflow/example_dags/example_datasets.py for tasks to queue
[2023-06-29T07:55:57.975+0000] {logging_mixin.py:120} INFO - [2023-06-29T07:55:57.975+0000] {dagbag.py:537} INFO - Filling up the DagBag from /home/airflow/.local/lib/python3.7/site-packages/airflow/example_dags/example_datasets.py
[2023-06-29T07:55:57.989+0000] {processor.py:766} INFO - DAG(s) dict_keys(['dataset_consumes_1_never_scheduled', 'dataset_consumes_1_and_2', 'dataset_consumes_1', 'dataset_produces_2', 'dataset_produces_1', 'dataset_consumes_unknown_never_scheduled']) retrieved from /home/airflow/.local/lib/python3.7/site-packages/airflow/example_dags/example_datasets.py
[2023-06-29T07:55:58.055+0000] {logging_mixin.py:120} INFO - [2023-06-29T07:55:58.055+0000] {dag.py:2585} INFO - Sync 6 DAGs
[2023-06-29T07:55:58.072+0000] {logging_mixin.py:120} INFO - [2023-06-29T07:55:58.071+0000] {dag.py:3340} INFO - Setting next_dagrun for dataset_consumes_1 to None, run_after=None
[2023-06-29T07:55:58.074+0000] {logging_mixin.py:120} INFO - [2023-06-29T07:55:58.074+0000] {dag.py:3340} INFO - Setting next_dagrun for dataset_consumes_1_and_2 to None, run_after=None
[2023-06-29T07:55:58.075+0000] {logging_mixin.py:120} INFO - [2023-06-29T07:55:58.074+0000] {dag.py:3340} INFO - Setting next_dagrun for dataset_consumes_1_never_scheduled to None, run_after=None
[2023-06-29T07:55:58.075+0000] {logging_mixin.py:120} INFO - [2023-06-29T07:55:58.075+0000] {dag.py:3340} INFO - Setting next_dagrun for dataset_consumes_unknown_never_scheduled to None, run_after=None
[2023-06-29T07:55:58.077+0000] {logging_mixin.py:120} INFO - [2023-06-29T07:55:58.077+0000] {dag.py:3340} INFO - Setting next_dagrun for dataset_produces_1 to 2023-06-28T00:00:00+00:00, run_after=2023-06-29T00:00:00+00:00
[2023-06-29T07:55:58.078+0000] {logging_mixin.py:120} INFO - [2023-06-29T07:55:58.078+0000] {dag.py:3340} INFO - Setting next_dagrun for dataset_produces_2 to None, run_after=None
[2023-06-29T07:55:58.096+0000] {processor.py:176} INFO - Processing /home/airflow/.local/lib/python3.7/site-packages/airflow/example_dags/example_datasets.py took 0.126 seconds
[2023-06-29T07:56:28.357+0000] {processor.py:154} INFO - Started process (PID=149) to work on /home/airflow/.local/lib/python3.7/site-packages/airflow/example_dags/example_datasets.py
[2023-06-29T07:56:28.361+0000] {processor.py:756} INFO - Processing file /home/airflow/.local/lib/python3.7/site-packages/airflow/example_dags/example_datasets.py for tasks to queue
[2023-06-29T07:56:28.362+0000] {logging_mixin.py:120} INFO - [2023-06-29T07:56:28.362+0000] {dagbag.py:537} INFO - Filling up the DagBag from /home/airflow/.local/lib/python3.7/site-packages/airflow/example_dags/example_datasets.py
[2023-06-29T07:56:28.380+0000] {processor.py:766} INFO - DAG(s) dict_keys(['dataset_consumes_1_and_2', 'dataset_consumes_1', 'dataset_produces_1', 'dataset_produces_2', 'dataset_consumes_1_never_scheduled', 'dataset_consumes_unknown_never_scheduled']) retrieved from /home/airflow/.local/lib/python3.7/site-packages/airflow/example_dags/example_datasets.py
[2023-06-29T07:56:28.456+0000] {logging_mixin.py:120} INFO - [2023-06-29T07:56:28.456+0000] {dag.py:2585} INFO - Sync 6 DAGs
[2023-06-29T07:56:28.473+0000] {logging_mixin.py:120} INFO - [2023-06-29T07:56:28.473+0000] {dag.py:3340} INFO - Setting next_dagrun for dataset_consumes_1 to None, run_after=None
[2023-06-29T07:56:28.476+0000] {logging_mixin.py:120} INFO - [2023-06-29T07:56:28.476+0000] {dag.py:3340} INFO - Setting next_dagrun for dataset_consumes_1_and_2 to None, run_after=None
[2023-06-29T07:56:28.478+0000] {logging_mixin.py:120} INFO - [2023-06-29T07:56:28.478+0000] {dag.py:3340} INFO - Setting next_dagrun for dataset_consumes_1_never_scheduled to None, run_after=None
[2023-06-29T07:56:28.479+0000] {logging_mixin.py:120} INFO - [2023-06-29T07:56:28.479+0000] {dag.py:3340} INFO - Setting next_dagrun for dataset_consumes_unknown_never_scheduled to None, run_after=None
[2023-06-29T07:56:28.481+0000] {logging_mixin.py:120} INFO - [2023-06-29T07:56:28.481+0000] {dag.py:3340} INFO - Setting next_dagrun for dataset_produces_1 to 2023-06-28T00:00:00+00:00, run_after=2023-06-29T00:00:00+00:00
[2023-06-29T07:56:28.482+0000] {logging_mixin.py:120} INFO - [2023-06-29T07:56:28.482+0000] {dag.py:3340} INFO - Setting next_dagrun for dataset_produces_2 to None, run_after=None
[2023-06-29T07:56:28.496+0000] {processor.py:176} INFO - Processing /home/airflow/.local/lib/python3.7/site-packages/airflow/example_dags/example_datasets.py took 0.144 seconds
