[2023-06-29T07:55:56.445+0000] {processor.py:154} INFO - Started process (PID=71) to work on /home/airflow/.local/lib/python3.7/site-packages/airflow/example_dags/example_subdag_operator.py
[2023-06-29T07:55:56.447+0000] {processor.py:756} INFO - Processing file /home/airflow/.local/lib/python3.7/site-packages/airflow/example_dags/example_subdag_operator.py for tasks to queue
[2023-06-29T07:55:56.454+0000] {logging_mixin.py:120} INFO - [2023-06-29T07:55:56.454+0000] {dagbag.py:537} INFO - Filling up the DagBag from /home/airflow/.local/lib/python3.7/site-packages/airflow/example_dags/example_subdag_operator.py
[2023-06-29T07:55:56.523+0000] {processor.py:766} INFO - DAG(s) dict_keys(['example_subdag_operator.section-1', 'example_subdag_operator.section-2', 'example_subdag_operator']) retrieved from /home/airflow/.local/lib/python3.7/site-packages/airflow/example_dags/example_subdag_operator.py
[2023-06-29T07:55:56.887+0000] {logging_mixin.py:120} INFO - [2023-06-29T07:55:56.887+0000] {dag.py:2585} INFO - Sync 3 DAGs
[2023-06-29T07:55:56.925+0000] {logging_mixin.py:120} INFO - [2023-06-29T07:55:56.925+0000] {dag.py:3340} INFO - Setting next_dagrun for example_subdag_operator to 2022-01-01T00:00:00+00:00, run_after=2022-01-01T00:00:00+00:00
[2023-06-29T07:55:56.928+0000] {logging_mixin.py:120} INFO - [2023-06-29T07:55:56.928+0000] {dag.py:3340} INFO - Setting next_dagrun for example_subdag_operator.section-1 to None, run_after=None
[2023-06-29T07:55:56.930+0000] {logging_mixin.py:120} INFO - [2023-06-29T07:55:56.929+0000] {dag.py:3340} INFO - Setting next_dagrun for example_subdag_operator.section-2 to None, run_after=None
[2023-06-29T07:55:56.941+0000] {logging_mixin.py:120} INFO - [2023-06-29T07:55:56.941+0000] {dag.py:2585} INFO - Sync 2 DAGs
[2023-06-29T07:55:56.947+0000] {logging_mixin.py:120} INFO - [2023-06-29T07:55:56.947+0000] {dag.py:3340} INFO - Setting next_dagrun for example_subdag_operator.section-1 to None, run_after=None
[2023-06-29T07:55:56.948+0000] {logging_mixin.py:120} INFO - [2023-06-29T07:55:56.948+0000] {dag.py:3340} INFO - Setting next_dagrun for example_subdag_operator.section-2 to None, run_after=None
[2023-06-29T07:55:56.985+0000] {processor.py:176} INFO - Processing /home/airflow/.local/lib/python3.7/site-packages/airflow/example_dags/example_subdag_operator.py took 0.545 seconds
[2023-06-29T07:56:27.462+0000] {processor.py:154} INFO - Started process (PID=126) to work on /home/airflow/.local/lib/python3.7/site-packages/airflow/example_dags/example_subdag_operator.py
[2023-06-29T07:56:27.463+0000] {processor.py:756} INFO - Processing file /home/airflow/.local/lib/python3.7/site-packages/airflow/example_dags/example_subdag_operator.py for tasks to queue
[2023-06-29T07:56:27.464+0000] {logging_mixin.py:120} INFO - [2023-06-29T07:56:27.464+0000] {dagbag.py:537} INFO - Filling up the DagBag from /home/airflow/.local/lib/python3.7/site-packages/airflow/example_dags/example_subdag_operator.py
[2023-06-29T07:56:27.487+0000] {processor.py:766} INFO - DAG(s) dict_keys(['example_subdag_operator.section-1', 'example_subdag_operator.section-2', 'example_subdag_operator']) retrieved from /home/airflow/.local/lib/python3.7/site-packages/airflow/example_dags/example_subdag_operator.py
[2023-06-29T07:56:27.572+0000] {logging_mixin.py:120} INFO - [2023-06-29T07:56:27.572+0000] {dag.py:2585} INFO - Sync 3 DAGs
[2023-06-29T07:56:27.585+0000] {logging_mixin.py:120} INFO - [2023-06-29T07:56:27.585+0000] {dag.py:3340} INFO - Setting next_dagrun for example_subdag_operator to 2022-01-01T00:00:00+00:00, run_after=2022-01-01T00:00:00+00:00
[2023-06-29T07:56:27.587+0000] {logging_mixin.py:120} INFO - [2023-06-29T07:56:27.587+0000] {dag.py:3340} INFO - Setting next_dagrun for example_subdag_operator.section-1 to None, run_after=None
[2023-06-29T07:56:27.589+0000] {logging_mixin.py:120} INFO - [2023-06-29T07:56:27.589+0000] {dag.py:3340} INFO - Setting next_dagrun for example_subdag_operator.section-2 to None, run_after=None
[2023-06-29T07:56:27.593+0000] {logging_mixin.py:120} INFO - [2023-06-29T07:56:27.593+0000] {dag.py:2585} INFO - Sync 2 DAGs
[2023-06-29T07:56:27.597+0000] {logging_mixin.py:120} INFO - [2023-06-29T07:56:27.597+0000] {dag.py:3340} INFO - Setting next_dagrun for example_subdag_operator.section-1 to None, run_after=None
[2023-06-29T07:56:27.598+0000] {logging_mixin.py:120} INFO - [2023-06-29T07:56:27.598+0000] {dag.py:3340} INFO - Setting next_dagrun for example_subdag_operator.section-2 to None, run_after=None
[2023-06-29T07:56:27.604+0000] {processor.py:176} INFO - Processing /home/airflow/.local/lib/python3.7/site-packages/airflow/example_dags/example_subdag_operator.py took 0.146 seconds
