[2023-08-01T11:08:51.181+0000] {taskinstance.py:1165} INFO - Dependencies all met for <TaskInstance: group_dag.downloads.download_b scheduled__2023-07-31T00:00:00+00:00 [queued]>
[2023-08-01T11:08:51.203+0000] {taskinstance.py:1165} INFO - Dependencies all met for <TaskInstance: group_dag.downloads.download_b scheduled__2023-07-31T00:00:00+00:00 [queued]>
[2023-08-01T11:08:51.204+0000] {taskinstance.py:1362} INFO - 
--------------------------------------------------------------------------------
[2023-08-01T11:08:51.204+0000] {taskinstance.py:1363} INFO - Starting attempt 1 of 1
[2023-08-01T11:08:51.205+0000] {taskinstance.py:1364} INFO - 
--------------------------------------------------------------------------------
[2023-08-01T11:08:51.219+0000] {taskinstance.py:1383} INFO - Executing <Task(BashOperator): download_b> on 2023-07-31 00:00:00+00:00
[2023-08-01T11:08:51.225+0000] {standard_task_runner.py:55} INFO - Started process 318 to run task
[2023-08-01T11:08:51.255+0000] {standard_task_runner.py:82} INFO - Running: ['***', 'tasks', 'run', 'group_dag.downloads', 'download_b', 'scheduled__2023-07-31T00:00:00+00:00', '--job-id', '281', '--raw', '--subdir', 'DAGS_FOLDER/group_dag.py', '--cfg-path', '/tmp/tmplh7340aa']
[2023-08-01T11:08:51.260+0000] {standard_task_runner.py:83} INFO - Job 281: Subtask download_b
[2023-08-01T11:08:51.383+0000] {task_command.py:376} INFO - Running <TaskInstance: group_dag.downloads.download_b scheduled__2023-07-31T00:00:00+00:00 [running]> on host 45dcf9d0cab9
[2023-08-01T11:08:51.438+0000] {taskinstance.py:1592} INFO - Exporting the following env vars:
AIRFLOW_CTX_DAG_OWNER=***
AIRFLOW_CTX_DAG_ID=group_dag.downloads
AIRFLOW_CTX_TASK_ID=download_b
AIRFLOW_CTX_EXECUTION_DATE=2023-07-31T00:00:00+00:00
AIRFLOW_CTX_TRY_NUMBER=1
AIRFLOW_CTX_DAG_RUN_ID=scheduled__2023-07-31T00:00:00+00:00
[2023-08-01T11:08:51.439+0000] {subprocess.py:63} INFO - Tmp dir root location: 
 /tmp
[2023-08-01T11:08:51.440+0000] {subprocess.py:75} INFO - Running command: ['/bin/bash', '-c', 'sleep 10']
[2023-08-01T11:08:51.453+0000] {subprocess.py:86} INFO - Output:
[2023-08-01T11:09:01.456+0000] {subprocess.py:97} INFO - Command exited with return code 0
[2023-08-01T11:09:01.496+0000] {taskinstance.py:1406} INFO - Marking task as SUCCESS. dag_id=group_dag.downloads, task_id=download_b, execution_date=20230731T000000, start_date=20230801T110851, end_date=20230801T110901
[2023-08-01T11:09:01.552+0000] {local_task_job.py:164} INFO - Task exited with return code 0
[2023-08-01T11:09:01.572+0000] {local_task_job.py:273} INFO - 0 downstream tasks scheduled from follow-on schedule check
