[2023-08-02T08:18:35.174+0000] {taskinstance.py:1165} INFO - Dependencies all met for <TaskInstance: xcom_dag.t3 scheduled__2023-08-01T00:00:00+00:00 [queued]>
[2023-08-02T08:18:35.180+0000] {taskinstance.py:1165} INFO - Dependencies all met for <TaskInstance: xcom_dag.t3 scheduled__2023-08-01T00:00:00+00:00 [queued]>
[2023-08-02T08:18:35.181+0000] {taskinstance.py:1362} INFO - 
--------------------------------------------------------------------------------
[2023-08-02T08:18:35.181+0000] {taskinstance.py:1363} INFO - Starting attempt 1 of 1
[2023-08-02T08:18:35.182+0000] {taskinstance.py:1364} INFO - 
--------------------------------------------------------------------------------
[2023-08-02T08:18:35.189+0000] {taskinstance.py:1383} INFO - Executing <Task(BashOperator): t3> on 2023-08-01 00:00:00+00:00
[2023-08-02T08:18:35.194+0000] {standard_task_runner.py:55} INFO - Started process 13952 to run task
[2023-08-02T08:18:35.198+0000] {standard_task_runner.py:82} INFO - Running: ['***', 'tasks', 'run', 'xcom_dag', 't3', 'scheduled__2023-08-01T00:00:00+00:00', '--job-id', '324', '--raw', '--subdir', 'DAGS_FOLDER/xcom_dag.py', '--cfg-path', '/tmp/tmp87f0nzr5']
[2023-08-02T08:18:35.199+0000] {standard_task_runner.py:83} INFO - Job 324: Subtask t3
[2023-08-02T08:18:35.247+0000] {task_command.py:376} INFO - Running <TaskInstance: xcom_dag.t3 scheduled__2023-08-01T00:00:00+00:00 [running]> on host 45dcf9d0cab9
[2023-08-02T08:18:35.294+0000] {taskinstance.py:1592} INFO - Exporting the following env vars:
AIRFLOW_CTX_DAG_OWNER=***
AIRFLOW_CTX_DAG_ID=xcom_dag
AIRFLOW_CTX_TASK_ID=t3
AIRFLOW_CTX_EXECUTION_DATE=2023-08-01T00:00:00+00:00
AIRFLOW_CTX_TRY_NUMBER=1
AIRFLOW_CTX_DAG_RUN_ID=scheduled__2023-08-01T00:00:00+00:00
[2023-08-02T08:18:35.295+0000] {subprocess.py:63} INFO - Tmp dir root location: 
 /tmp
[2023-08-02T08:18:35.296+0000] {subprocess.py:75} INFO - Running command: ['/bin/bash', '-c', "echo ''"]
[2023-08-02T08:18:35.308+0000] {subprocess.py:86} INFO - Output:
[2023-08-02T08:18:35.310+0000] {subprocess.py:93} INFO - 
[2023-08-02T08:18:35.311+0000] {subprocess.py:97} INFO - Command exited with return code 0
[2023-08-02T08:18:35.332+0000] {taskinstance.py:1406} INFO - Marking task as SUCCESS. dag_id=xcom_dag, task_id=t3, execution_date=20230801T000000, start_date=20230802T081835, end_date=20230802T081835
[2023-08-02T08:18:35.370+0000] {local_task_job.py:164} INFO - Task exited with return code 0
[2023-08-02T08:18:35.385+0000] {local_task_job.py:273} INFO - 0 downstream tasks scheduled from follow-on schedule check
