[2023-06-18T14:36:39.421+0000] {processor.py:154} INFO - Started process (PID=70) to work on /home/airflow/.local/lib/python3.7/site-packages/airflow/example_dags/example_subdag_operator.py
[2023-06-18T14:36:39.441+0000] {processor.py:756} INFO - Processing file /home/airflow/.local/lib/python3.7/site-packages/airflow/example_dags/example_subdag_operator.py for tasks to queue
[2023-06-18T14:36:39.443+0000] {logging_mixin.py:120} INFO - [2023-06-18T14:36:39.443+0000] {dagbag.py:537} INFO - Filling up the DagBag from /home/airflow/.local/lib/python3.7/site-packages/airflow/example_dags/example_subdag_operator.py
[2023-06-18T14:36:39.621+0000] {processor.py:766} INFO - DAG(s) dict_keys(['example_subdag_operator.section-1', 'example_subdag_operator.section-2', 'example_subdag_operator']) retrieved from /home/airflow/.local/lib/python3.7/site-packages/airflow/example_dags/example_subdag_operator.py
[2023-06-18T14:36:39.971+0000] {logging_mixin.py:120} INFO - [2023-06-18T14:36:39.971+0000] {dag.py:2585} INFO - Sync 3 DAGs
[2023-06-18T14:36:40.032+0000] {logging_mixin.py:120} INFO - [2023-06-18T14:36:40.032+0000] {dag.py:3340} INFO - Setting next_dagrun for example_subdag_operator to 2022-01-01T00:00:00+00:00, run_after=2022-01-01T00:00:00+00:00
[2023-06-18T14:36:40.044+0000] {logging_mixin.py:120} INFO - [2023-06-18T14:36:40.044+0000] {dag.py:3340} INFO - Setting next_dagrun for example_subdag_operator.section-1 to None, run_after=None
[2023-06-18T14:36:40.055+0000] {logging_mixin.py:120} INFO - [2023-06-18T14:36:40.055+0000] {dag.py:3340} INFO - Setting next_dagrun for example_subdag_operator.section-2 to None, run_after=None
[2023-06-18T14:36:40.066+0000] {logging_mixin.py:120} INFO - [2023-06-18T14:36:40.066+0000] {dag.py:2585} INFO - Sync 2 DAGs
[2023-06-18T14:36:40.081+0000] {logging_mixin.py:120} INFO - [2023-06-18T14:36:40.080+0000] {dag.py:3340} INFO - Setting next_dagrun for example_subdag_operator.section-1 to None, run_after=None
[2023-06-18T14:36:40.090+0000] {logging_mixin.py:120} INFO - [2023-06-18T14:36:40.090+0000] {dag.py:3340} INFO - Setting next_dagrun for example_subdag_operator.section-2 to None, run_after=None
[2023-06-18T14:36:40.108+0000] {processor.py:176} INFO - Processing /home/airflow/.local/lib/python3.7/site-packages/airflow/example_dags/example_subdag_operator.py took 0.709 seconds
[2023-06-18T14:37:11.085+0000] {processor.py:154} INFO - Started process (PID=129) to work on /home/airflow/.local/lib/python3.7/site-packages/airflow/example_dags/example_subdag_operator.py
[2023-06-18T14:37:11.087+0000] {processor.py:756} INFO - Processing file /home/airflow/.local/lib/python3.7/site-packages/airflow/example_dags/example_subdag_operator.py for tasks to queue
[2023-06-18T14:37:11.089+0000] {logging_mixin.py:120} INFO - [2023-06-18T14:37:11.089+0000] {dagbag.py:537} INFO - Filling up the DagBag from /home/airflow/.local/lib/python3.7/site-packages/airflow/example_dags/example_subdag_operator.py
[2023-06-18T14:37:11.120+0000] {processor.py:766} INFO - DAG(s) dict_keys(['example_subdag_operator.section-1', 'example_subdag_operator.section-2', 'example_subdag_operator']) retrieved from /home/airflow/.local/lib/python3.7/site-packages/airflow/example_dags/example_subdag_operator.py
[2023-06-18T14:37:11.208+0000] {logging_mixin.py:120} INFO - [2023-06-18T14:37:11.208+0000] {dag.py:2585} INFO - Sync 3 DAGs
[2023-06-18T14:37:11.222+0000] {logging_mixin.py:120} INFO - [2023-06-18T14:37:11.222+0000] {dag.py:3340} INFO - Setting next_dagrun for example_subdag_operator to 2022-01-01T00:00:00+00:00, run_after=2022-01-01T00:00:00+00:00
[2023-06-18T14:37:11.225+0000] {logging_mixin.py:120} INFO - [2023-06-18T14:37:11.225+0000] {dag.py:3340} INFO - Setting next_dagrun for example_subdag_operator.section-1 to None, run_after=None
[2023-06-18T14:37:11.226+0000] {logging_mixin.py:120} INFO - [2023-06-18T14:37:11.226+0000] {dag.py:3340} INFO - Setting next_dagrun for example_subdag_operator.section-2 to None, run_after=None
[2023-06-18T14:37:11.230+0000] {logging_mixin.py:120} INFO - [2023-06-18T14:37:11.230+0000] {dag.py:2585} INFO - Sync 2 DAGs
[2023-06-18T14:37:11.233+0000] {logging_mixin.py:120} INFO - [2023-06-18T14:37:11.233+0000] {dag.py:3340} INFO - Setting next_dagrun for example_subdag_operator.section-1 to None, run_after=None
[2023-06-18T14:37:11.234+0000] {logging_mixin.py:120} INFO - [2023-06-18T14:37:11.234+0000] {dag.py:3340} INFO - Setting next_dagrun for example_subdag_operator.section-2 to None, run_after=None
[2023-06-18T14:37:11.240+0000] {processor.py:176} INFO - Processing /home/airflow/.local/lib/python3.7/site-packages/airflow/example_dags/example_subdag_operator.py took 0.160 seconds
