[2023-06-18T14:36:41.765+0000] {processor.py:154} INFO - Started process (PID=85) to work on /home/airflow/.local/lib/python3.7/site-packages/airflow/example_dags/example_datasets.py
[2023-06-18T14:36:41.766+0000] {processor.py:756} INFO - Processing file /home/airflow/.local/lib/python3.7/site-packages/airflow/example_dags/example_datasets.py for tasks to queue
[2023-06-18T14:36:41.767+0000] {logging_mixin.py:120} INFO - [2023-06-18T14:36:41.767+0000] {dagbag.py:537} INFO - Filling up the DagBag from /home/airflow/.local/lib/python3.7/site-packages/airflow/example_dags/example_datasets.py
[2023-06-18T14:36:41.790+0000] {processor.py:766} INFO - DAG(s) dict_keys(['dataset_consumes_1_never_scheduled', 'dataset_consumes_unknown_never_scheduled', 'dataset_produces_2', 'dataset_consumes_1', 'dataset_produces_1', 'dataset_consumes_1_and_2']) retrieved from /home/airflow/.local/lib/python3.7/site-packages/airflow/example_dags/example_datasets.py
[2023-06-18T14:36:41.903+0000] {logging_mixin.py:120} INFO - [2023-06-18T14:36:41.903+0000] {dag.py:2585} INFO - Sync 6 DAGs
[2023-06-18T14:36:41.924+0000] {logging_mixin.py:120} INFO - [2023-06-18T14:36:41.924+0000] {dag.py:3340} INFO - Setting next_dagrun for dataset_consumes_1 to None, run_after=None
[2023-06-18T14:36:41.926+0000] {logging_mixin.py:120} INFO - [2023-06-18T14:36:41.926+0000] {dag.py:3340} INFO - Setting next_dagrun for dataset_consumes_1_and_2 to None, run_after=None
[2023-06-18T14:36:41.927+0000] {logging_mixin.py:120} INFO - [2023-06-18T14:36:41.927+0000] {dag.py:3340} INFO - Setting next_dagrun for dataset_consumes_1_never_scheduled to None, run_after=None
[2023-06-18T14:36:41.929+0000] {logging_mixin.py:120} INFO - [2023-06-18T14:36:41.929+0000] {dag.py:3340} INFO - Setting next_dagrun for dataset_consumes_unknown_never_scheduled to None, run_after=None
[2023-06-18T14:36:41.935+0000] {logging_mixin.py:120} INFO - [2023-06-18T14:36:41.935+0000] {dag.py:3340} INFO - Setting next_dagrun for dataset_produces_1 to 2023-06-17T00:00:00+00:00, run_after=2023-06-18T00:00:00+00:00
[2023-06-18T14:36:41.936+0000] {logging_mixin.py:120} INFO - [2023-06-18T14:36:41.936+0000] {dag.py:3340} INFO - Setting next_dagrun for dataset_produces_2 to None, run_after=None
[2023-06-18T14:36:41.983+0000] {processor.py:176} INFO - Processing /home/airflow/.local/lib/python3.7/site-packages/airflow/example_dags/example_datasets.py took 0.220 seconds
[2023-06-18T14:37:12.039+0000] {processor.py:154} INFO - Started process (PID=144) to work on /home/airflow/.local/lib/python3.7/site-packages/airflow/example_dags/example_datasets.py
[2023-06-18T14:37:12.041+0000] {processor.py:756} INFO - Processing file /home/airflow/.local/lib/python3.7/site-packages/airflow/example_dags/example_datasets.py for tasks to queue
[2023-06-18T14:37:12.046+0000] {logging_mixin.py:120} INFO - [2023-06-18T14:37:12.045+0000] {dagbag.py:537} INFO - Filling up the DagBag from /home/airflow/.local/lib/python3.7/site-packages/airflow/example_dags/example_datasets.py
[2023-06-18T14:37:12.066+0000] {processor.py:766} INFO - DAG(s) dict_keys(['dataset_consumes_1_and_2', 'dataset_produces_2', 'dataset_produces_1', 'dataset_consumes_1_never_scheduled', 'dataset_consumes_unknown_never_scheduled', 'dataset_consumes_1']) retrieved from /home/airflow/.local/lib/python3.7/site-packages/airflow/example_dags/example_datasets.py
[2023-06-18T14:37:12.125+0000] {logging_mixin.py:120} INFO - [2023-06-18T14:37:12.125+0000] {dag.py:2585} INFO - Sync 6 DAGs
[2023-06-18T14:37:12.141+0000] {logging_mixin.py:120} INFO - [2023-06-18T14:37:12.141+0000] {dag.py:3340} INFO - Setting next_dagrun for dataset_consumes_1 to None, run_after=None
[2023-06-18T14:37:12.144+0000] {logging_mixin.py:120} INFO - [2023-06-18T14:37:12.144+0000] {dag.py:3340} INFO - Setting next_dagrun for dataset_consumes_1_and_2 to None, run_after=None
[2023-06-18T14:37:12.145+0000] {logging_mixin.py:120} INFO - [2023-06-18T14:37:12.145+0000] {dag.py:3340} INFO - Setting next_dagrun for dataset_consumes_1_never_scheduled to None, run_after=None
[2023-06-18T14:37:12.146+0000] {logging_mixin.py:120} INFO - [2023-06-18T14:37:12.146+0000] {dag.py:3340} INFO - Setting next_dagrun for dataset_consumes_unknown_never_scheduled to None, run_after=None
[2023-06-18T14:37:12.148+0000] {logging_mixin.py:120} INFO - [2023-06-18T14:37:12.148+0000] {dag.py:3340} INFO - Setting next_dagrun for dataset_produces_1 to 2023-06-17T00:00:00+00:00, run_after=2023-06-18T00:00:00+00:00
[2023-06-18T14:37:12.149+0000] {logging_mixin.py:120} INFO - [2023-06-18T14:37:12.149+0000] {dag.py:3340} INFO - Setting next_dagrun for dataset_produces_2 to None, run_after=None
[2023-06-18T14:37:12.165+0000] {processor.py:176} INFO - Processing /home/airflow/.local/lib/python3.7/site-packages/airflow/example_dags/example_datasets.py took 0.130 seconds
