[2023-06-18T14:36:37.183+0000] {processor.py:154} INFO - Started process (PID=52) to work on /home/airflow/.local/lib/python3.7/site-packages/airflow/example_dags/example_python_operator.py
[2023-06-18T14:36:37.184+0000] {processor.py:756} INFO - Processing file /home/airflow/.local/lib/python3.7/site-packages/airflow/example_dags/example_python_operator.py for tasks to queue
[2023-06-18T14:36:37.186+0000] {logging_mixin.py:120} INFO - [2023-06-18T14:36:37.186+0000] {dagbag.py:537} INFO - Filling up the DagBag from /home/airflow/.local/lib/python3.7/site-packages/airflow/example_dags/example_python_operator.py
[2023-06-18T14:36:37.203+0000] {logging_mixin.py:120} INFO - [2023-06-18T14:36:37.203+0000] {taskmixin.py:205} WARNING - Dependency <Task(_PythonDecoratedOperator): print_the_context>, log_sql_query already registered for DAG: example_python_operator
[2023-06-18T14:36:37.204+0000] {logging_mixin.py:120} INFO - [2023-06-18T14:36:37.203+0000] {taskmixin.py:205} WARNING - Dependency <Task(_PythonDecoratedOperator): log_sql_query>, print_the_context already registered for DAG: example_python_operator
[2023-06-18T14:36:37.205+0000] {logging_mixin.py:120} INFO - [2023-06-18T14:36:37.205+0000] {taskmixin.py:205} WARNING - Dependency <Task(_PythonDecoratedOperator): print_the_context>, log_sql_query already registered for DAG: example_python_operator
[2023-06-18T14:36:37.205+0000] {logging_mixin.py:120} INFO - [2023-06-18T14:36:37.205+0000] {taskmixin.py:205} WARNING - Dependency <Task(_PythonDecoratedOperator): log_sql_query>, print_the_context already registered for DAG: example_python_operator
[2023-06-18T14:36:37.206+0000] {logging_mixin.py:120} INFO - [2023-06-18T14:36:37.206+0000] {taskmixin.py:205} WARNING - Dependency <Task(_PythonDecoratedOperator): print_the_context>, log_sql_query already registered for DAG: example_python_operator
[2023-06-18T14:36:37.207+0000] {logging_mixin.py:120} INFO - [2023-06-18T14:36:37.207+0000] {taskmixin.py:205} WARNING - Dependency <Task(_PythonDecoratedOperator): log_sql_query>, print_the_context already registered for DAG: example_python_operator
[2023-06-18T14:36:37.208+0000] {logging_mixin.py:120} INFO - [2023-06-18T14:36:37.208+0000] {taskmixin.py:205} WARNING - Dependency <Task(_PythonDecoratedOperator): print_the_context>, log_sql_query already registered for DAG: example_python_operator
[2023-06-18T14:36:37.209+0000] {logging_mixin.py:120} INFO - [2023-06-18T14:36:37.209+0000] {taskmixin.py:205} WARNING - Dependency <Task(_PythonDecoratedOperator): log_sql_query>, print_the_context already registered for DAG: example_python_operator
[2023-06-18T14:36:37.218+0000] {processor.py:766} INFO - DAG(s) dict_keys(['example_python_operator']) retrieved from /home/airflow/.local/lib/python3.7/site-packages/airflow/example_dags/example_python_operator.py
[2023-06-18T14:36:37.299+0000] {logging_mixin.py:120} INFO - [2023-06-18T14:36:37.299+0000] {dag.py:2585} INFO - Sync 1 DAGs
[2023-06-18T14:36:37.332+0000] {logging_mixin.py:120} INFO - [2023-06-18T14:36:37.332+0000] {dag.py:3340} INFO - Setting next_dagrun for example_python_operator to None, run_after=None
[2023-06-18T14:36:37.390+0000] {processor.py:176} INFO - Processing /home/airflow/.local/lib/python3.7/site-packages/airflow/example_dags/example_python_operator.py took 0.209 seconds
[2023-06-18T14:37:07.565+0000] {processor.py:154} INFO - Started process (PID=118) to work on /home/airflow/.local/lib/python3.7/site-packages/airflow/example_dags/example_python_operator.py
[2023-06-18T14:37:07.566+0000] {processor.py:756} INFO - Processing file /home/airflow/.local/lib/python3.7/site-packages/airflow/example_dags/example_python_operator.py for tasks to queue
[2023-06-18T14:37:07.567+0000] {logging_mixin.py:120} INFO - [2023-06-18T14:37:07.567+0000] {dagbag.py:537} INFO - Filling up the DagBag from /home/airflow/.local/lib/python3.7/site-packages/airflow/example_dags/example_python_operator.py
[2023-06-18T14:37:07.579+0000] {logging_mixin.py:120} INFO - [2023-06-18T14:37:07.579+0000] {taskmixin.py:205} WARNING - Dependency <Task(_PythonDecoratedOperator): print_the_context>, log_sql_query already registered for DAG: example_python_operator
[2023-06-18T14:37:07.580+0000] {logging_mixin.py:120} INFO - [2023-06-18T14:37:07.580+0000] {taskmixin.py:205} WARNING - Dependency <Task(_PythonDecoratedOperator): log_sql_query>, print_the_context already registered for DAG: example_python_operator
[2023-06-18T14:37:07.581+0000] {logging_mixin.py:120} INFO - [2023-06-18T14:37:07.581+0000] {taskmixin.py:205} WARNING - Dependency <Task(_PythonDecoratedOperator): print_the_context>, log_sql_query already registered for DAG: example_python_operator
[2023-06-18T14:37:07.582+0000] {logging_mixin.py:120} INFO - [2023-06-18T14:37:07.581+0000] {taskmixin.py:205} WARNING - Dependency <Task(_PythonDecoratedOperator): log_sql_query>, print_the_context already registered for DAG: example_python_operator
[2023-06-18T14:37:07.582+0000] {logging_mixin.py:120} INFO - [2023-06-18T14:37:07.582+0000] {taskmixin.py:205} WARNING - Dependency <Task(_PythonDecoratedOperator): print_the_context>, log_sql_query already registered for DAG: example_python_operator
[2023-06-18T14:37:07.583+0000] {logging_mixin.py:120} INFO - [2023-06-18T14:37:07.583+0000] {taskmixin.py:205} WARNING - Dependency <Task(_PythonDecoratedOperator): log_sql_query>, print_the_context already registered for DAG: example_python_operator
[2023-06-18T14:37:07.583+0000] {logging_mixin.py:120} INFO - [2023-06-18T14:37:07.583+0000] {taskmixin.py:205} WARNING - Dependency <Task(_PythonDecoratedOperator): print_the_context>, log_sql_query already registered for DAG: example_python_operator
[2023-06-18T14:37:07.584+0000] {logging_mixin.py:120} INFO - [2023-06-18T14:37:07.584+0000] {taskmixin.py:205} WARNING - Dependency <Task(_PythonDecoratedOperator): log_sql_query>, print_the_context already registered for DAG: example_python_operator
[2023-06-18T14:37:07.589+0000] {processor.py:766} INFO - DAG(s) dict_keys(['example_python_operator']) retrieved from /home/airflow/.local/lib/python3.7/site-packages/airflow/example_dags/example_python_operator.py
[2023-06-18T14:37:07.620+0000] {logging_mixin.py:120} INFO - [2023-06-18T14:37:07.620+0000] {dag.py:2585} INFO - Sync 1 DAGs
[2023-06-18T14:37:07.635+0000] {logging_mixin.py:120} INFO - [2023-06-18T14:37:07.635+0000] {dag.py:3340} INFO - Setting next_dagrun for example_python_operator to None, run_after=None
[2023-06-18T14:37:07.645+0000] {processor.py:176} INFO - Processing /home/airflow/.local/lib/python3.7/site-packages/airflow/example_dags/example_python_operator.py took 0.083 seconds
